# BLASTN 2.13.0+
# Query: IGR_0 0:409
# Database: B._wiedmannii_NZ_CP032365.1.fasta
# Fields: query acc.ver, subject acc.ver, % identity, alignment length, mismatches, gap opens, q. start, q. end, s. start, s. end, evalue, bit score
# 1 hits found
IGR_0	NZ_CP032365.1	74.074	162	30	11	65	221	5448017	5448171	2.04e-08	56.5
# BLASTN 2.13.0+
# Query: IGR_13 15794:15914
# Database: B._wiedmannii_NZ_CP032365.1.fasta
# 0 hits found
# BLASTN 2.13.0+
# Query: IGR_29 29705:29771
# Database: B._wiedmannii_NZ_CP032365.1.fasta
# 0 hits found
# BLASTN 2.13.0+
# Query: IGR_46 45138:45632
# Database: B._wiedmannii_NZ_CP032365.1.fasta
# 0 hits found
# BLASTN 2.13.0+
# Query: IGR_58 58698:58782
# Database: B._wiedmannii_NZ_CP032365.1.fasta
# 0 hits found
# BLASTN 2.13.0+
# Query: IGR_65 68137:68215
# Database: B._wiedmannii_NZ_CP032365.1.fasta
# 0 hits found
# BLASTN 2.13.0+
# Query: IGR_73 76886:76983
# Database: B._wiedmannii_NZ_CP032365.1.fasta
# 0 hits found
# BLASTN 2.13.0+
# Query: IGR_81 88635:88726
# Database: B._wiedmannii_NZ_CP032365.1.fasta
# 0 hits found
# BLASTN 2.13.0+
# Query: IGR_107 116537:116599
# Database: B._wiedmannii_NZ_CP032365.1.fasta
# 0 hits found
# BLASTN 2.13.0+
# Query: IGR_118 125500:125561
# Database: B._wiedmannii_NZ_CP032365.1.fasta
# 0 hits found
# BLASTN 2.13.0+
# Query: IGR_125 135127:135363
# Database: B._wiedmannii_NZ_CP032365.1.fasta
# Fields: query acc.ver, subject acc.ver, % identity, alignment length, mismatches, gap opens, q. start, q. end, s. start, s. end, evalue, bit score
# 1 hits found
IGR_125	NZ_CP032365.1	82.639	144	20	4	96	236	126184	126325	1.10e-28	122
# BLASTN 2.13.0+
# Query: IGR_152 149875:149952
# Database: B._wiedmannii_NZ_CP032365.1.fasta
# 0 hits found
# BLASTN 2.13.0+
# Query: IGR_171 165902:165958
# Database: B._wiedmannii_NZ_CP032365.1.fasta
# 0 hits found
# BLASTN 2.13.0+
# Query: IGR_189 189733:189789
# Database: B._wiedmannii_NZ_CP032365.1.fasta
# 0 hits found
# BLASTN 2.13.0+
# Query: IGR_206 202266:202546
# Database: B._wiedmannii_NZ_CP032365.1.fasta
# 0 hits found
# BLASTN 2.13.0+
# Query: IGR_212 210514:210571
# Database: B._wiedmannii_NZ_CP032365.1.fasta
# 0 hits found
# BLASTN 2.13.0+
# Query: IGR_219 217632:217696
# Database: B._wiedmannii_NZ_CP032365.1.fasta
# 0 hits found
# BLASTN 2.13.0+
# Query: IGR_227 224932:225063
# Database: B._wiedmannii_NZ_CP032365.1.fasta
# 0 hits found
# BLASTN 2.13.0+
# Query: IGR_238 235873:235964
# Database: B._wiedmannii_NZ_CP032365.1.fasta
# 0 hits found
# BLASTN 2.13.0+
# Query: IGR_246 247548:247743
# Database: B._wiedmannii_NZ_CP032365.1.fasta
# 0 hits found
# BLASTN 2.13.0+
# Query: IGR_258 261535:261655
# Database: B._wiedmannii_NZ_CP032365.1.fasta
# 0 hits found
# BLASTN 2.13.0+
# Query: IGR_267 273167:273236
# Database: B._wiedmannii_NZ_CP032365.1.fasta
# 0 hits found
# BLASTN 2.13.0+
# Query: IGR_277 282155:282468
# Database: B._wiedmannii_NZ_CP032365.1.fasta
# 0 hits found
# BLASTN 2.13.0+
# Query: IGR_287 292042:292204
# Database: B._wiedmannii_NZ_CP032365.1.fasta
# 0 hits found
# BLASTN 2.13.0+
# Query: IGR_300 304307:304429
# Database: B._wiedmannii_NZ_CP032365.1.fasta
# 0 hits found
# BLASTN 2.13.0+
# Query: IGR_315 320723:321012
# Database: B._wiedmannii_NZ_CP032365.1.fasta
# 0 hits found
# BLASTN 2.13.0+
# Query: IGR_324 333979:334091
# Database: B._wiedmannii_NZ_CP032365.1.fasta
# 0 hits found
# BLASTN 2.13.0+
# Query: IGR_329 338158:338287
# Database: B._wiedmannii_NZ_CP032365.1.fasta
# 0 hits found
# BLASTN 2.13.0+
# Query: IGR_335 343494:343577
# Database: B._wiedmannii_NZ_CP032365.1.fasta
# 0 hits found
# BLASTN 2.13.0+
# Query: IGR_347 358181:358302
# Database: B._wiedmannii_NZ_CP032365.1.fasta
# 0 hits found
# BLASTN 2.13.0+
# Query: IGR_355 368858:369019
# Database: B._wiedmannii_NZ_CP032365.1.fasta
# 0 hits found
# BLASTN 2.13.0+
# Query: IGR_365 376394:376967
# Database: B._wiedmannii_NZ_CP032365.1.fasta
# 0 hits found
# BLASTN 2.13.0+
# Query: IGR_374 408135:408239
# Database: B._wiedmannii_NZ_CP032365.1.fasta
# 0 hits found
# BLASTN 2.13.0+
# Query: IGR_383 417713:417992
# Database: B._wiedmannii_NZ_CP032365.1.fasta
# 0 hits found
# BLASTN 2.13.0+
# Query: IGR_392 430274:430355
# Database: B._wiedmannii_NZ_CP032365.1.fasta
# 0 hits found
# BLASTN 2.13.0+
# Query: IGR_402 441464:441570
# Database: B._wiedmannii_NZ_CP032365.1.fasta
# 0 hits found
# BLASTN 2.13.0+
# Query: IGR_415 454592:454651
# Database: B._wiedmannii_NZ_CP032365.1.fasta
# 0 hits found
# BLASTN 2.13.0+
# Query: IGR_425 462367:462430
# Database: B._wiedmannii_NZ_CP032365.1.fasta
# 0 hits found
# BLASTN 2.13.0+
# Query: IGR_435 473088:473173
# Database: B._wiedmannii_NZ_CP032365.1.fasta
# 0 hits found
# BLASTN 2.13.0+
# Query: IGR_441 476493:476557
# Database: B._wiedmannii_NZ_CP032365.1.fasta
# 0 hits found
# BLASTN 2.13.0+
# Query: IGR_452 492911:492988
# Database: B._wiedmannii_NZ_CP032365.1.fasta
# 0 hits found
# BLASTN 2.13.0+
# Query: IGR_459 500045:500165
# Database: B._wiedmannii_NZ_CP032365.1.fasta
# 0 hits found
# BLASTN 2.13.0+
# Query: IGR_468 508073:508247
# Database: B._wiedmannii_NZ_CP032365.1.fasta
# 0 hits found
# BLASTN 2.13.0+
# Query: IGR_476 518541:518656
# Database: B._wiedmannii_NZ_CP032365.1.fasta
# 0 hits found
# BLASTN 2.13.0+
# Query: IGR_488 528581:528703
# Database: B._wiedmannii_NZ_CP032365.1.fasta
# 0 hits found
# BLASTN 2.13.0+
# Query: IGR_500 532642:532757
# Database: B._wiedmannii_NZ_CP032365.1.fasta
# 0 hits found
# BLASTN 2.13.0+
# Query: IGR_513 546966:547305
# Database: B._wiedmannii_NZ_CP032365.1.fasta
# 0 hits found
# BLASTN 2.13.0+
# Query: IGR_520 554475:554668
# Database: B._wiedmannii_NZ_CP032365.1.fasta
# 0 hits found
# BLASTN 2.13.0+
# Query: IGR_529 561416:561513
# Database: B._wiedmannii_NZ_CP032365.1.fasta
# 0 hits found
# BLASTN 2.13.0+
# Query: IGR_534 567503:567661
# Database: B._wiedmannii_NZ_CP032365.1.fasta
# 0 hits found
# BLASTN 2.13.0+
# Query: IGR_540 573399:573451
# Database: B._wiedmannii_NZ_CP032365.1.fasta
# 0 hits found
# BLASTN 2.13.0+
# Query: IGR_545 576802:576945
# Database: B._wiedmannii_NZ_CP032365.1.fasta
# 0 hits found
# BLASTN 2.13.0+
# Query: IGR_554 583456:583588
# Database: B._wiedmannii_NZ_CP032365.1.fasta
# 0 hits found
# BLASTN 2.13.0+
# Query: IGR_559 587476:587743
# Database: B._wiedmannii_NZ_CP032365.1.fasta
# 0 hits found
# BLASTN 2.13.0+
# Query: IGR_565 596002:596477
# Database: B._wiedmannii_NZ_CP032365.1.fasta
# 0 hits found
# BLASTN 2.13.0+
# Query: IGR_571 600105:600228
# Database: B._wiedmannii_NZ_CP032365.1.fasta
# 0 hits found
# BLASTN 2.13.0+
# Query: IGR_581 608764:608932
# Database: B._wiedmannii_NZ_CP032365.1.fasta
# 0 hits found
# BLASTN 2.13.0+
# Query: IGR_590 620031:620096
# Database: B._wiedmannii_NZ_CP032365.1.fasta
# 0 hits found
# BLASTN 2.13.0+
# Query: IGR_598 626446:626621
# Database: B._wiedmannii_NZ_CP032365.1.fasta
# 0 hits found
# BLASTN 2.13.0+
# Query: IGR_616 646456:646581
# Database: B._wiedmannii_NZ_CP032365.1.fasta
# 0 hits found
# BLASTN 2.13.0+
# Query: IGR_627 653812:654070
# Database: B._wiedmannii_NZ_CP032365.1.fasta
# 0 hits found
# BLASTN 2.13.0+
# Query: IGR_638 663936:664318
# Database: B._wiedmannii_NZ_CP032365.1.fasta
# 0 hits found
# BLASTN 2.13.0+
# Query: IGR_647 675857:676441
# Database: B._wiedmannii_NZ_CP032365.1.fasta
# 0 hits found
# BLASTN 2.13.0+
# Query: IGR_1710 1896013:1896423
# Database: B._wiedmannii_NZ_CP032365.1.fasta
# 0 hits found
# BLASTN 2.13.0+
# Query: IGR_655 683364:683461
# Database: B._wiedmannii_NZ_CP032365.1.fasta
# 0 hits found
# BLASTN 2.13.0+
# Query: IGR_667 698289:698368
# Database: B._wiedmannii_NZ_CP032365.1.fasta
# 0 hits found
# BLASTN 2.13.0+
# Query: IGR_675 713535:713663
# Database: B._wiedmannii_NZ_CP032365.1.fasta
# 0 hits found
# BLASTN 2.13.0+
# Query: IGR_690 732823:732954
# Database: B._wiedmannii_NZ_CP032365.1.fasta
# 0 hits found
# BLASTN 2.13.0+
# Query: IGR_698 746566:746632
# Database: B._wiedmannii_NZ_CP032365.1.fasta
# 0 hits found
# BLASTN 2.13.0+
# Query: IGR_705 753702:753816
# Database: B._wiedmannii_NZ_CP032365.1.fasta
# 0 hits found
# BLASTN 2.13.0+
# Query: IGR_712 761558:761661
# Database: B._wiedmannii_NZ_CP032365.1.fasta
# 0 hits found
# BLASTN 2.13.0+
# Query: IGR_723 781037:781091
# Database: B._wiedmannii_NZ_CP032365.1.fasta
# 0 hits found
# BLASTN 2.13.0+
# Query: IGR_733 790155:790317
# Database: B._wiedmannii_NZ_CP032365.1.fasta
# 0 hits found
# BLASTN 2.13.0+
# Query: IGR_748 811446:811568
# Database: B._wiedmannii_NZ_CP032365.1.fasta
# 0 hits found
# BLASTN 2.13.0+
# Query: IGR_757 820531:820866
# Database: B._wiedmannii_NZ_CP032365.1.fasta
# 0 hits found
# BLASTN 2.13.0+
# Query: IGR_765 830818:830944
# Database: B._wiedmannii_NZ_CP032365.1.fasta
# 0 hits found
# BLASTN 2.13.0+
# Query: IGR_772 838920:839076
# Database: B._wiedmannii_NZ_CP032365.1.fasta
# 0 hits found
# BLASTN 2.13.0+
# Query: IGR_779 844645:844769
# Database: B._wiedmannii_NZ_CP032365.1.fasta
# 0 hits found
# BLASTN 2.13.0+
# Query: IGR_794 865037:865204
# Database: B._wiedmannii_NZ_CP032365.1.fasta
# 0 hits found
# BLASTN 2.13.0+
# Query: IGR_802 872306:872424
# Database: B._wiedmannii_NZ_CP032365.1.fasta
# 0 hits found
# BLASTN 2.13.0+
# Query: IGR_816 886681:886774
# Database: B._wiedmannii_NZ_CP032365.1.fasta
# 0 hits found
# BLASTN 2.13.0+
# Query: IGR_831 905672:905815
# Database: B._wiedmannii_NZ_CP032365.1.fasta
# 0 hits found
# BLASTN 2.13.0+
# Query: IGR_840 916606:916777
# Database: B._wiedmannii_NZ_CP032365.1.fasta
# 0 hits found
# BLASTN 2.13.0+
# Query: IGR_847 924578:924632
# Database: B._wiedmannii_NZ_CP032365.1.fasta
# 0 hits found
# BLASTN 2.13.0+
# Query: IGR_854 929321:929405
# Database: B._wiedmannii_NZ_CP032365.1.fasta
# 0 hits found
# BLASTN 2.13.0+
# Query: IGR_860 937831:937899
# Database: B._wiedmannii_NZ_CP032365.1.fasta
# 0 hits found
# BLASTN 2.13.0+
# Query: IGR_869 945312:945519
# Database: B._wiedmannii_NZ_CP032365.1.fasta
# 0 hits found
# BLASTN 2.13.0+
# Query: IGR_894 955762:955894
# Database: B._wiedmannii_NZ_CP032365.1.fasta
# 0 hits found
# BLASTN 2.13.0+
# Query: IGR_905 966871:967064
# Database: B._wiedmannii_NZ_CP032365.1.fasta
# 0 hits found
# BLASTN 2.13.0+
# Query: IGR_914 976409:976568
# Database: B._wiedmannii_NZ_CP032365.1.fasta
# 0 hits found
# BLASTN 2.13.0+
# Query: IGR_932 996532:996642
# Database: B._wiedmannii_NZ_CP032365.1.fasta
# 0 hits found
# BLASTN 2.13.0+
# Query: IGR_945 1011226:1011426
# Database: B._wiedmannii_NZ_CP032365.1.fasta
# 0 hits found
# BLASTN 2.13.0+
# Query: IGR_952 1020002:1020072
# Database: B._wiedmannii_NZ_CP032365.1.fasta
# 0 hits found
# BLASTN 2.13.0+
# Query: IGR_960 1030068:1030264
# Database: B._wiedmannii_NZ_CP032365.1.fasta
# 0 hits found
# BLASTN 2.13.0+
# Query: IGR_967 1038419:1038652
# Database: B._wiedmannii_NZ_CP032365.1.fasta
# 0 hits found
# BLASTN 2.13.0+
# Query: IGR_975 1045198:1045317
# Database: B._wiedmannii_NZ_CP032365.1.fasta
# 0 hits found
# BLASTN 2.13.0+
# Query: IGR_985 1057568:1057679
# Database: B._wiedmannii_NZ_CP032365.1.fasta
# 0 hits found
# BLASTN 2.13.0+
# Query: IGR_994 1068968:1069041
# Database: B._wiedmannii_NZ_CP032365.1.fasta
# 0 hits found
# BLASTN 2.13.0+
# Query: IGR_1002 1074251:1074380
# Database: B._wiedmannii_NZ_CP032365.1.fasta
# 0 hits found
# BLASTN 2.13.0+
# Query: IGR_1010 1082804:1082869
# Database: B._wiedmannii_NZ_CP032365.1.fasta
# 0 hits found
# BLASTN 2.13.0+
# Query: IGR_1017 1090330:1090400
# Database: B._wiedmannii_NZ_CP032365.1.fasta
# 0 hits found
# BLASTN 2.13.0+
# Query: IGR_1026 1100154:1100218
# Database: B._wiedmannii_NZ_CP032365.1.fasta
# 0 hits found
# BLASTN 2.13.0+
# Query: IGR_1035 1109317:1109387
# Database: B._wiedmannii_NZ_CP032365.1.fasta
# 0 hits found
# BLASTN 2.13.0+
# Query: IGR_1041 1116816:1117108
# Database: B._wiedmannii_NZ_CP032365.1.fasta
# 0 hits found
# BLASTN 2.13.0+
# Query: IGR_1049 1124361:1124437
# Database: B._wiedmannii_NZ_CP032365.1.fasta
# 0 hits found
# BLASTN 2.13.0+
# Query: IGR_1056 1133384:1133497
# Database: B._wiedmannii_NZ_CP032365.1.fasta
# 0 hits found
# BLASTN 2.13.0+
# Query: IGR_1067 1151020:1151165
# Database: B._wiedmannii_NZ_CP032365.1.fasta
# 0 hits found
# BLASTN 2.13.0+
# Query: IGR_1074 1159690:1159921
# Database: B._wiedmannii_NZ_CP032365.1.fasta
# 0 hits found
# BLASTN 2.13.0+
# Query: IGR_1085 1171642:1171754
# Database: B._wiedmannii_NZ_CP032365.1.fasta
# 0 hits found
# BLASTN 2.13.0+
# Query: IGR_1092 1178667:1178756
# Database: B._wiedmannii_NZ_CP032365.1.fasta
# 0 hits found
# BLASTN 2.13.0+
# Query: IGR_1097 1184479:1184656
# Database: B._wiedmannii_NZ_CP032365.1.fasta
# 0 hits found
# BLASTN 2.13.0+
# Query: IGR_1104 1190233:1190489
# Database: B._wiedmannii_NZ_CP032365.1.fasta
# 0 hits found
# BLASTN 2.13.0+
# Query: IGR_1113 1204420:1204505
# Database: B._wiedmannii_NZ_CP032365.1.fasta
# 0 hits found
# BLASTN 2.13.0+
# Query: IGR_1120 1208057:1208221
# Database: B._wiedmannii_NZ_CP032365.1.fasta
# 0 hits found
# BLASTN 2.13.0+
# Query: IGR_1127 1217121:1217325
# Database: B._wiedmannii_NZ_CP032365.1.fasta
# 0 hits found
# BLASTN 2.13.0+
# Query: IGR_1139 1228791:1228960
# Database: B._wiedmannii_NZ_CP032365.1.fasta
# 0 hits found
# BLASTN 2.13.0+
# Query: IGR_1147 1236484:1236608
# Database: B._wiedmannii_NZ_CP032365.1.fasta
# 0 hits found
# BLASTN 2.13.0+
# Query: IGR_1154 1242370:1242448
# Database: B._wiedmannii_NZ_CP032365.1.fasta
# 0 hits found
# BLASTN 2.13.0+
# Query: IGR_1163 1252017:1252176
# Database: B._wiedmannii_NZ_CP032365.1.fasta
# 0 hits found
# BLASTN 2.13.0+
# Query: IGR_1173 1258136:1258303
# Database: B._wiedmannii_NZ_CP032365.1.fasta
# 0 hits found
# BLASTN 2.13.0+
# Query: IGR_1179 1264931:1265056
# Database: B._wiedmannii_NZ_CP032365.1.fasta
# 0 hits found
# BLASTN 2.13.0+
# Query: IGR_1187 1268592:1268828
# Database: B._wiedmannii_NZ_CP032365.1.fasta
# 0 hits found
# BLASTN 2.13.0+
# Query: IGR_1195 1277457:1277685
# Database: B._wiedmannii_NZ_CP032365.1.fasta
# 0 hits found
# BLASTN 2.13.0+
# Query: IGR_1203 1283336:1283462
# Database: B._wiedmannii_NZ_CP032365.1.fasta
# 0 hits found
# BLASTN 2.13.0+
# Query: IGR_1210 1290953:1291343
# Database: B._wiedmannii_NZ_CP032365.1.fasta
# 0 hits found
# BLASTN 2.13.0+
# Query: IGR_1220 1301871:1301938
# Database: B._wiedmannii_NZ_CP032365.1.fasta
# 0 hits found
# BLASTN 2.13.0+
# Query: IGR_1229 1314304:1314452
# Database: B._wiedmannii_NZ_CP032365.1.fasta
# 0 hits found
# BLASTN 2.13.0+
# Query: IGR_1238 1321670:1321847
# Database: B._wiedmannii_NZ_CP032365.1.fasta
# 0 hits found
# BLASTN 2.13.0+
# Query: IGR_1257 1346678:1346730
# Database: B._wiedmannii_NZ_CP032365.1.fasta
# 0 hits found
# BLASTN 2.13.0+
# Query: IGR_1280 1371875:1372034
# Database: B._wiedmannii_NZ_CP032365.1.fasta
# 0 hits found
# BLASTN 2.13.0+
# Query: IGR_1287 1377172:1377242
# Database: B._wiedmannii_NZ_CP032365.1.fasta
# 0 hits found
# BLASTN 2.13.0+
# Query: IGR_1303 1391851:1391952
# Database: B._wiedmannii_NZ_CP032365.1.fasta
# 0 hits found
# BLASTN 2.13.0+
# Query: IGR_1310 1397743:1397937
# Database: B._wiedmannii_NZ_CP032365.1.fasta
# 0 hits found
# BLASTN 2.13.0+
# Query: IGR_1321 1409731:1409911
# Database: B._wiedmannii_NZ_CP032365.1.fasta
# 0 hits found
# BLASTN 2.13.0+
# Query: IGR_1332 1421923:1422012
# Database: B._wiedmannii_NZ_CP032365.1.fasta
# 0 hits found
# BLASTN 2.13.0+
# Query: IGR_1342 1430481:1430683
# Database: B._wiedmannii_NZ_CP032365.1.fasta
# 0 hits found
# BLASTN 2.13.0+
# Query: IGR_1353 1442703:1442871
# Database: B._wiedmannii_NZ_CP032365.1.fasta
# 0 hits found
# BLASTN 2.13.0+
# Query: IGR_1359 1447847:1448012
# Database: B._wiedmannii_NZ_CP032365.1.fasta
# 0 hits found
# BLASTN 2.13.0+
# Query: IGR_1369 1459286:1459383
# Database: B._wiedmannii_NZ_CP032365.1.fasta
# 0 hits found
# BLASTN 2.13.0+
# Query: IGR_1376 1467411:1467747
# Database: B._wiedmannii_NZ_CP032365.1.fasta
# 0 hits found
# BLASTN 2.13.0+
# Query: IGR_1386 1478836:1479136
# Database: B._wiedmannii_NZ_CP032365.1.fasta
# 0 hits found
# BLASTN 2.13.0+
# Query: IGR_1392 1484356:1484465
# Database: B._wiedmannii_NZ_CP032365.1.fasta
# 0 hits found
# BLASTN 2.13.0+
# Query: IGR_1402 1492024:1492260
# Database: B._wiedmannii_NZ_CP032365.1.fasta
# 0 hits found
# BLASTN 2.13.0+
# Query: IGR_1411 1503472:1503581
# Database: B._wiedmannii_NZ_CP032365.1.fasta
# 0 hits found
# BLASTN 2.13.0+
# Query: IGR_1423 1517581:1517864
# Database: B._wiedmannii_NZ_CP032365.1.fasta
# 0 hits found
# BLASTN 2.13.0+
# Query: IGR_1433 1527067:1527230
# Database: B._wiedmannii_NZ_CP032365.1.fasta
# 0 hits found
# BLASTN 2.13.0+
# Query: IGR_1443 1536873:1537112
# Database: B._wiedmannii_NZ_CP032365.1.fasta
# 0 hits found
# BLASTN 2.13.0+
# Query: IGR_1452 1547959:1548015
# Database: B._wiedmannii_NZ_CP032365.1.fasta
# 0 hits found
# BLASTN 2.13.0+
# Query: IGR_1458 1552314:1552411
# Database: B._wiedmannii_NZ_CP032365.1.fasta
# 0 hits found
# BLASTN 2.13.0+
# Query: IGR_1469 1566295:1566378
# Database: B._wiedmannii_NZ_CP032365.1.fasta
# 0 hits found
# BLASTN 2.13.0+
# Query: IGR_1478 1571800:1571980
# Database: B._wiedmannii_NZ_CP032365.1.fasta
# 0 hits found
# BLASTN 2.13.0+
# Query: IGR_1488 1580552:1580621
# Database: B._wiedmannii_NZ_CP032365.1.fasta
# 0 hits found
# BLASTN 2.13.0+
# Query: IGR_1502 1598980:1599282
# Database: B._wiedmannii_NZ_CP032365.1.fasta
# 0 hits found
# BLASTN 2.13.0+
# Query: IGR_1509 1608836:1608918
# Database: B._wiedmannii_NZ_CP032365.1.fasta
# 0 hits found
# BLASTN 2.13.0+
# Query: IGR_1515 1613015:1613077
# Database: B._wiedmannii_NZ_CP032365.1.fasta
# 0 hits found
# BLASTN 2.13.0+
# Query: IGR_1531 1633962:1634060
# Database: B._wiedmannii_NZ_CP032365.1.fasta
# 0 hits found
# BLASTN 2.13.0+
# Query: IGR_1547 1655374:1655445
# Database: B._wiedmannii_NZ_CP032365.1.fasta
# 0 hits found
# BLASTN 2.13.0+
# Query: IGR_1561 1671651:1671827
# Database: B._wiedmannii_NZ_CP032365.1.fasta
# Fields: query acc.ver, subject acc.ver, % identity, alignment length, mismatches, gap opens, q. start, q. end, s. start, s. end, evalue, bit score
# 1 hits found
IGR_1561	NZ_CP032365.1	78.082	73	15	1	93	165	3869364	3869293	1.77e-05	45.4
# BLASTN 2.13.0+
# Query: IGR_1574 1683473:1683660
# Database: B._wiedmannii_NZ_CP032365.1.fasta
# 0 hits found
# BLASTN 2.13.0+
# Query: IGR_1602 1717789:1717932
# Database: B._wiedmannii_NZ_CP032365.1.fasta
# 0 hits found
# BLASTN 2.13.0+
# Query: IGR_1626 1744181:1744366
# Database: B._wiedmannii_NZ_CP032365.1.fasta
# 0 hits found
# BLASTN 2.13.0+
# Query: IGR_1636 1756857:1757036
# Database: B._wiedmannii_NZ_CP032365.1.fasta
# 0 hits found
# BLASTN 2.13.0+
# Query: IGR_1645 1767034:1767309
# Database: B._wiedmannii_NZ_CP032365.1.fasta
# 0 hits found
# BLASTN 2.13.0+
# Query: IGR_1657 1781073:1781227
# Database: B._wiedmannii_NZ_CP032365.1.fasta
# 0 hits found
# BLASTN 2.13.0+
# Query: IGR_1662 1788407:1788468
# Database: B._wiedmannii_NZ_CP032365.1.fasta
# 0 hits found
# BLASTN 2.13.0+
# Query: IGR_1672 1861273:1861383
# Database: B._wiedmannii_NZ_CP032365.1.fasta
# 0 hits found
# BLASTN 2.13.0+
# Query: IGR_1678 1865375:1865511
# Database: B._wiedmannii_NZ_CP032365.1.fasta
# 0 hits found
# BLASTN 2.13.0+
# Query: IGR_1684 1868374:1868616
# Database: B._wiedmannii_NZ_CP032365.1.fasta
# 0 hits found
# BLASTN 2.13.0+
# Query: IGR_1692 1878366:1878424
# Database: B._wiedmannii_NZ_CP032365.1.fasta
# 0 hits found
# BLASTN 2.13.0+
# Query: IGR_1697 1881970:1882039
# Database: B._wiedmannii_NZ_CP032365.1.fasta
# 0 hits found
# BLASTN 2.13.0+
# Query: IGR_1702 1885640:1885752
# Database: B._wiedmannii_NZ_CP032365.1.fasta
# 0 hits found
# BLASTN 2.13.0+
# Query: IGR_1709 1894895:1895377
# Database: B._wiedmannii_NZ_CP032365.1.fasta
# 0 hits found
# BLASTN 2.13.0+
# Query: IGR_1715 1901377:1901611
# Database: B._wiedmannii_NZ_CP032365.1.fasta
# 0 hits found
# BLASTN 2.13.0+
# Query: IGR_1723 1905558:1905636
# Database: B._wiedmannii_NZ_CP032365.1.fasta
# 0 hits found
# BLASTN 2.13.0+
# Query: IGR_1733 1916545:1916662
# Database: B._wiedmannii_NZ_CP032365.1.fasta
# 0 hits found
# BLASTN 2.13.0+
# Query: IGR_1741 1922463:1922548
# Database: B._wiedmannii_NZ_CP032365.1.fasta
# Fields: query acc.ver, subject acc.ver, % identity, alignment length, mismatches, gap opens, q. start, q. end, s. start, s. end, evalue, bit score
# 1 hits found
IGR_1741	NZ_CP032365.1	92.105	38	3	0	44	81	3618726	3618689	1.23e-08	54.7
# BLASTN 2.13.0+
# Query: IGR_1745 1924392:1924470
# Database: B._wiedmannii_NZ_CP032365.1.fasta
# 0 hits found
# BLASTN 2.13.0+
# Query: IGR_1755 1930698:1930833
# Database: B._wiedmannii_NZ_CP032365.1.fasta
# 0 hits found
# BLASTN 2.13.0+
# Query: IGR_1765 1942124:1942191
# Database: B._wiedmannii_NZ_CP032365.1.fasta
# 0 hits found
# BLASTN 2.13.0+
# Query: IGR_1770 1947595:1947667
# Database: B._wiedmannii_NZ_CP032365.1.fasta
# 0 hits found
# BLASTN 2.13.0+
# Query: IGR_1781 1959559:1959694
# Database: B._wiedmannii_NZ_CP032365.1.fasta
# 0 hits found
# BLASTN 2.13.0+
# Query: IGR_1792 2003348:2003400
# Database: B._wiedmannii_NZ_CP032365.1.fasta
# 0 hits found
# BLASTN 2.13.0+
# Query: IGR_1799 2014632:2014778
# Database: B._wiedmannii_NZ_CP032365.1.fasta
# 0 hits found
# BLASTN 2.13.0+
# Query: IGR_1804 2019726:2019796
# Database: B._wiedmannii_NZ_CP032365.1.fasta
# 0 hits found
# BLASTN 2.13.0+
# Query: IGR_1810 2025251:2025399
# Database: B._wiedmannii_NZ_CP032365.1.fasta
# 0 hits found
# BLASTN 2.13.0+
# Query: IGR_1817 2031114:2031438
# Database: B._wiedmannii_NZ_CP032365.1.fasta
# 0 hits found
# BLASTN 2.13.0+
# Query: IGR_1822 2036722:2037062
# Database: B._wiedmannii_NZ_CP032365.1.fasta
# 0 hits found
# BLASTN 2.13.0+
# Query: IGR_1829 2041827:2041927
# Database: B._wiedmannii_NZ_CP032365.1.fasta
# 0 hits found
# BLASTN 2.13.0+
# Query: IGR_1834 2045828:2045928
# Database: B._wiedmannii_NZ_CP032365.1.fasta
# 0 hits found
# BLASTN 2.13.0+
# Query: IGR_1840 2050585:2050688
# Database: B._wiedmannii_NZ_CP032365.1.fasta
# 0 hits found
# BLASTN 2.13.0+
# Query: IGR_1852 2060692:2060816
# Database: B._wiedmannii_NZ_CP032365.1.fasta
# 0 hits found
# BLASTN 2.13.0+
# Query: IGR_1847 2057579:2057800
# Database: B._wiedmannii_NZ_CP032365.1.fasta
# 0 hits found
# BLASTN 2.13.0+
# Query: IGR_2002 2191555:2191625
# Database: B._wiedmannii_NZ_CP032365.1.fasta
# 0 hits found
# BLASTN 2.13.0+
# Query: IGR_1857 2064833:2065041
# Database: B._wiedmannii_NZ_CP032365.1.fasta
# 0 hits found
# BLASTN 2.13.0+
# Query: IGR_2093 2271982:2272155
# Database: B._wiedmannii_NZ_CP032365.1.fasta
# 0 hits found
# BLASTN 2.13.0+
# Query: IGR_1866 2075779:2076205
# Database: B._wiedmannii_NZ_CP032365.1.fasta
# 0 hits found
# BLASTN 2.13.0+
# Query: IGR_1873 2082454:2082530
# Database: B._wiedmannii_NZ_CP032365.1.fasta
# 0 hits found
# BLASTN 2.13.0+
# Query: IGR_1879 2086606:2086742
# Database: B._wiedmannii_NZ_CP032365.1.fasta
# 0 hits found
# BLASTN 2.13.0+
# Query: IGR_1888 2096111:2096349
# Database: B._wiedmannii_NZ_CP032365.1.fasta
# 0 hits found
# BLASTN 2.13.0+
# Query: IGR_1896 2100350:2100579
# Database: B._wiedmannii_NZ_CP032365.1.fasta
# 0 hits found
# BLASTN 2.13.0+
# Query: IGR_1907 2118268:2118503
# Database: B._wiedmannii_NZ_CP032365.1.fasta
# 0 hits found
# BLASTN 2.13.0+
# Query: IGR_1915 2124765:2124849
# Database: B._wiedmannii_NZ_CP032365.1.fasta
# 0 hits found
# BLASTN 2.13.0+
# Query: IGR_1923 2133302:2133454
# Database: B._wiedmannii_NZ_CP032365.1.fasta
# 0 hits found
# BLASTN 2.13.0+
# Query: IGR_1930 2137524:2137601
# Database: B._wiedmannii_NZ_CP032365.1.fasta
# 0 hits found
# BLASTN 2.13.0+
# Query: IGR_1938 2148101:2148165
# Database: B._wiedmannii_NZ_CP032365.1.fasta
# 0 hits found
# BLASTN 2.13.0+
# Query: IGR_1945 2152852:2152926
# Database: B._wiedmannii_NZ_CP032365.1.fasta
# 0 hits found
# BLASTN 2.13.0+
# Query: IGR_1956 2157110:2157340
# Database: B._wiedmannii_NZ_CP032365.1.fasta
# 0 hits found
# BLASTN 2.13.0+
# Query: IGR_1978 2170242:2170308
# Database: B._wiedmannii_NZ_CP032365.1.fasta
# 0 hits found
# BLASTN 2.13.0+
# Query: IGR_2053 2221387:2222339
# Database: B._wiedmannii_NZ_CP032365.1.fasta
# 0 hits found
# BLASTN 2.13.0+
# Query: IGR_1996 2186811:2186984
# Database: B._wiedmannii_NZ_CP032365.1.fasta
# 0 hits found
# BLASTN 2.13.0+
# Query: IGR_2025 2202999:2203110
# Database: B._wiedmannii_NZ_CP032365.1.fasta
# 0 hits found
# BLASTN 2.13.0+
# Query: IGR_2033 2208528:2208589
# Database: B._wiedmannii_NZ_CP032365.1.fasta
# 0 hits found
# BLASTN 2.13.0+
# Query: IGR_2035 2210154:2210330
# Database: B._wiedmannii_NZ_CP032365.1.fasta
# 0 hits found
# BLASTN 2.13.0+
# Query: IGR_2048 2217639:2217966
# Database: B._wiedmannii_NZ_CP032365.1.fasta
# 0 hits found
# BLASTN 2.13.0+
# Query: cutIGR_2061124 2061854
# Database: B._wiedmannii_NZ_CP032365.1.fasta
# 0 hits found
# BLASTN 2.13.0+
# Query: IGR_1963 2161086:2162107
# Database: B._wiedmannii_NZ_CP032365.1.fasta
# 0 hits found
# BLASTN 2.13.0+
# Query: IGR_1970 2167509:2167569
# Database: B._wiedmannii_NZ_CP032365.1.fasta
# 0 hits found
# BLASTN 2.13.0+
# Query: IGR_1994 2185421:2185503
# Database: B._wiedmannii_NZ_CP032365.1.fasta
# 0 hits found
# BLASTN 2.13.0+
# Query: IGR_2001 2191279:2191333
# Database: B._wiedmannii_NZ_CP032365.1.fasta
# 0 hits found
# BLASTN 2.13.0+
# Query: IGR_2011 2196264:2196388
# Database: B._wiedmannii_NZ_CP032365.1.fasta
# 0 hits found
# BLASTN 2.13.0+
# Query: IGR_2024 2202716:2202804
# Database: B._wiedmannii_NZ_CP032365.1.fasta
# 0 hits found
# BLASTN 2.13.0+
# Query: IGR_2041 2212496:2212566
# Database: B._wiedmannii_NZ_CP032365.1.fasta
# 0 hits found
# BLASTN 2.13.0+
# Query: IGR_2052 2220946:2221060
# Database: B._wiedmannii_NZ_CP032365.1.fasta
# 0 hits found
# BLASTN 2.13.0+
# Query: IGR_2079 2248335:2248416
# Database: B._wiedmannii_NZ_CP032365.1.fasta
# 0 hits found
# BLASTN 2.13.0+
# Query: IGR_2089 2265169:2265224
# Database: B._wiedmannii_NZ_CP032365.1.fasta
# 0 hits found
# BLASTN 2.13.0+
# Query: IGR_2099 2275136:2275199
# Database: B._wiedmannii_NZ_CP032365.1.fasta
# 0 hits found
# BLASTN 2.13.0+
# Query: IGR_2109 2282956:2283135
# Database: B._wiedmannii_NZ_CP032365.1.fasta
# 0 hits found
# BLASTN 2.13.0+
# Query: IGR_2122 2292683:2292768
# Database: B._wiedmannii_NZ_CP032365.1.fasta
# 0 hits found
# BLASTN 2.13.0+
# Query: IGR_2136 2306283:2306513
# Database: B._wiedmannii_NZ_CP032365.1.fasta
# 0 hits found
# BLASTN 2.13.0+
# Query: IGR_2146 2312132:2312206
# Database: B._wiedmannii_NZ_CP032365.1.fasta
# 0 hits found
# BLASTN 2.13.0+
# Query: IGR_2153 2320213:2320354
# Database: B._wiedmannii_NZ_CP032365.1.fasta
# 0 hits found
# BLASTN 2.13.0+
# Query: IGR_2166 2332075:2332152
# Database: B._wiedmannii_NZ_CP032365.1.fasta
# 0 hits found
# BLASTN 2.13.0+
# Query: IGR_2174 2338394:2338581
# Database: B._wiedmannii_NZ_CP032365.1.fasta
# 0 hits found
# BLASTN 2.13.0+
# Query: IGR_2195 2360490:2360629
# Database: B._wiedmannii_NZ_CP032365.1.fasta
# 0 hits found
# BLASTN 2.13.0+
# Query: IGR_2203 2366275:2366346
# Database: B._wiedmannii_NZ_CP032365.1.fasta
# 0 hits found
# BLASTN 2.13.0+
# Query: IGR_2222 2391516:2391669
# Database: B._wiedmannii_NZ_CP032365.1.fasta
# 0 hits found
# BLASTN 2.13.0+
# Query: IGR_2235 2404090:2404248
# Database: B._wiedmannii_NZ_CP032365.1.fasta
# 0 hits found
# BLASTN 2.13.0+
# Query: IGR_2239 2409463:2409728
# Database: B._wiedmannii_NZ_CP032365.1.fasta
# 0 hits found
# BLASTN 2.13.0+
# Query: IGR_2247 2421343:2421437
# Database: B._wiedmannii_NZ_CP032365.1.fasta
# 0 hits found
# BLASTN 2.13.0+
# Query: IGR_2254 2427779:2427891
# Database: B._wiedmannii_NZ_CP032365.1.fasta
# 0 hits found
# BLASTN 2.13.0+
# Query: IGR_2263 2434346:2434754
# Database: B._wiedmannii_NZ_CP032365.1.fasta
# 0 hits found
# BLASTN 2.13.0+
# Query: IGR_2275 2444998:2445093
# Database: B._wiedmannii_NZ_CP032365.1.fasta
# 0 hits found
# BLASTN 2.13.0+
# Query: IGR_2287 2456808:2456989
# Database: B._wiedmannii_NZ_CP032365.1.fasta
# 0 hits found
# BLASTN 2.13.0+
# Query: IGR_2296 2464041:2464226
# Database: B._wiedmannii_NZ_CP032365.1.fasta
# 0 hits found
# BLASTN 2.13.0+
# Query: IGR_2303 2472746:2472879
# Database: B._wiedmannii_NZ_CP032365.1.fasta
# 0 hits found
# BLASTN 2.13.0+
# Query: IGR_2312 2482159:2482268
# Database: B._wiedmannii_NZ_CP032365.1.fasta
# 0 hits found
# BLASTN 2.13.0+
# Query: IGR_2321 2491948:2492028
# Database: B._wiedmannii_NZ_CP032365.1.fasta
# 0 hits found
# BLASTN 2.13.0+
# Query: IGR_2334 2506867:2507019
# Database: B._wiedmannii_NZ_CP032365.1.fasta
# 0 hits found
# BLASTN 2.13.0+
# Query: IGR_2347 2518826:2519101
# Database: B._wiedmannii_NZ_CP032365.1.fasta
# 0 hits found
# BLASTN 2.13.0+
# Query: IGR_2367 2540824:2541050
# Database: B._wiedmannii_NZ_CP032365.1.fasta
# 0 hits found
# BLASTN 2.13.0+
# Query: IGR_2377 2552263:2552445
# Database: B._wiedmannii_NZ_CP032365.1.fasta
# 0 hits found
# BLASTN 2.13.0+
# Query: IGR_2383 2556066:2556136
# Database: B._wiedmannii_NZ_CP032365.1.fasta
# 0 hits found
# BLASTN 2.13.0+
# Query: IGR_2390 2562913:2562965
# Database: B._wiedmannii_NZ_CP032365.1.fasta
# 0 hits found
# BLASTN 2.13.0+
# Query: IGR_2395 2565558:2565714
# Database: B._wiedmannii_NZ_CP032365.1.fasta
# 0 hits found
# BLASTN 2.13.0+
# Query: IGR_2404 2573693:2573759
# Database: B._wiedmannii_NZ_CP032365.1.fasta
# 0 hits found
# BLASTN 2.13.0+
# Query: IGR_2413 2583921:2584034
# Database: B._wiedmannii_NZ_CP032365.1.fasta
# 0 hits found
# BLASTN 2.13.0+
# Query: IGR_2419 2589000:2589122
# Database: B._wiedmannii_NZ_CP032365.1.fasta
# 0 hits found
# BLASTN 2.13.0+
# Query: IGR_2428 2596412:2596534
# Database: B._wiedmannii_NZ_CP032365.1.fasta
# 0 hits found
# BLASTN 2.13.0+
# Query: IGR_2440 2609893:2610040
# Database: B._wiedmannii_NZ_CP032365.1.fasta
# 0 hits found
# BLASTN 2.13.0+
# Query: IGR_2455 2626042:2626111
# Database: B._wiedmannii_NZ_CP032365.1.fasta
# 0 hits found
# BLASTN 2.13.0+
# Query: IGR_2462 2634442:2634504
# Database: B._wiedmannii_NZ_CP032365.1.fasta
# 0 hits found
# BLASTN 2.13.0+
# Query: IGR_2476 2647112:2647404
# Database: B._wiedmannii_NZ_CP032365.1.fasta
# 0 hits found
# BLASTN 2.13.0+
# Query: IGR_2483 2652797:2652992
# Database: B._wiedmannii_NZ_CP032365.1.fasta
# 0 hits found
# BLASTN 2.13.0+
# Query: IGR_2489 2658770:2659212
# Database: B._wiedmannii_NZ_CP032365.1.fasta
# 0 hits found
# BLASTN 2.13.0+
# Query: IGR_2563 2730226:2730559
# Database: B._wiedmannii_NZ_CP032365.1.fasta
# 0 hits found
# BLASTN 2.13.0+
# Query: IGR_2498 2666796:2666883
# Database: B._wiedmannii_NZ_CP032365.1.fasta
# 0 hits found
# BLASTN 2.13.0+
# Query: IGR_2520 2692851:2692932
# Database: B._wiedmannii_NZ_CP032365.1.fasta
# 0 hits found
# BLASTN 2.13.0+
# Query: IGR_2525 2698242:2698315
# Database: B._wiedmannii_NZ_CP032365.1.fasta
# 0 hits found
# BLASTN 2.13.0+
# Query: IGR_2530 2700569:2700837
# Database: B._wiedmannii_NZ_CP032365.1.fasta
# 0 hits found
# BLASTN 2.13.0+
# Query: IGR_2537 2708699:2708942
# Database: B._wiedmannii_NZ_CP032365.1.fasta
# 0 hits found
# BLASTN 2.13.0+
# Query: IGR_2542 2713134:2713319
# Database: B._wiedmannii_NZ_CP032365.1.fasta
# 0 hits found
# BLASTN 2.13.0+
# Query: IGR_2550 2716856:2716972
# Database: B._wiedmannii_NZ_CP032365.1.fasta
# 0 hits found
# BLASTN 2.13.0+
# Query: IGR_2557 2723804:2723891
# Database: B._wiedmannii_NZ_CP032365.1.fasta
# 0 hits found
# BLASTN 2.13.0+
# Query: IGR_2567 2733543:2733771
# Database: B._wiedmannii_NZ_CP032365.1.fasta
# 0 hits found
# BLASTN 2.13.0+
# Query: IGR_2576 2741294:2741356
# Database: B._wiedmannii_NZ_CP032365.1.fasta
# 0 hits found
# BLASTN 2.13.0+
# Query: IGR_2580 2745479:2745593
# Database: B._wiedmannii_NZ_CP032365.1.fasta
# 0 hits found
# BLASTN 2.13.0+
# Query: IGR_2585 2750475:2750882
# Database: B._wiedmannii_NZ_CP032365.1.fasta
# 0 hits found
# BLASTN 2.13.0+
# Query: IGR_2594 2755119:2755381
# Database: B._wiedmannii_NZ_CP032365.1.fasta
# 0 hits found
# BLASTN 2.13.0+
# Query: IGR_2599 2760152:2760232
# Database: B._wiedmannii_NZ_CP032365.1.fasta
# 0 hits found
# BLASTN 2.13.0+
# Query: IGR_2608 2771207:2771317
# Database: B._wiedmannii_NZ_CP032365.1.fasta
# 0 hits found
# BLASTN 2.13.0+
# Query: IGR_2614 2778419:2778607
# Database: B._wiedmannii_NZ_CP032365.1.fasta
# 0 hits found
# BLASTN 2.13.0+
# Query: IGR_2627 2789621:2789685
# Database: B._wiedmannii_NZ_CP032365.1.fasta
# 0 hits found
# BLASTN 2.13.0+
# Query: IGR_2640 2802202:2802357
# Database: B._wiedmannii_NZ_CP032365.1.fasta
# 0 hits found
# BLASTN 2.13.0+
# Query: IGR_2655 2814691:2814742
# Database: B._wiedmannii_NZ_CP032365.1.fasta
# 0 hits found
# BLASTN 2.13.0+
# Query: IGR_2664 2825779:2825845
# Database: B._wiedmannii_NZ_CP032365.1.fasta
# 0 hits found
# BLASTN 2.13.0+
# Query: IGR_2671 2832367:2832423
# Database: B._wiedmannii_NZ_CP032365.1.fasta
# 0 hits found
# BLASTN 2.13.0+
# Query: IGR_2681 2840925:2841009
# Database: B._wiedmannii_NZ_CP032365.1.fasta
# 0 hits found
# BLASTN 2.13.0+
# Query: IGR_2691 2852600:2852660
# Database: B._wiedmannii_NZ_CP032365.1.fasta
# 0 hits found
# BLASTN 2.13.0+
# Query: IGR_2705 2863141:2863293
# Database: B._wiedmannii_NZ_CP032365.1.fasta
# 0 hits found
# BLASTN 2.13.0+
# Query: IGR_2719 2882790:2882970
# Database: B._wiedmannii_NZ_CP032365.1.fasta
# 0 hits found
# BLASTN 2.13.0+
# Query: IGR_2731 2898747:2898930
# Database: B._wiedmannii_NZ_CP032365.1.fasta
# 0 hits found
# BLASTN 2.13.0+
# Query: IGR_2744 2908737:2909029
# Database: B._wiedmannii_NZ_CP032365.1.fasta
# 0 hits found
# BLASTN 2.13.0+
# Query: IGR_2755 2918541:2918645
# Database: B._wiedmannii_NZ_CP032365.1.fasta
# 0 hits found
# BLASTN 2.13.0+
# Query: IGR_2767 2931907:2931975
# Database: B._wiedmannii_NZ_CP032365.1.fasta
# 0 hits found
# BLASTN 2.13.0+
# Query: IGR_2780 2951306:2951489
# Database: B._wiedmannii_NZ_CP032365.1.fasta
# 0 hits found
# BLASTN 2.13.0+
# Query: IGR_2793 2961479:2961585
# Database: B._wiedmannii_NZ_CP032365.1.fasta
# 0 hits found
# BLASTN 2.13.0+
# Query: IGR_2805 2972163:2972328
# Database: B._wiedmannii_NZ_CP032365.1.fasta
# 0 hits found
# BLASTN 2.13.0+
# Query: IGR_2819 2994616:2994755
# Database: B._wiedmannii_NZ_CP032365.1.fasta
# 0 hits found
# BLASTN 2.13.0+
# Query: IGR_2833 3008785:3008937
# Database: B._wiedmannii_NZ_CP032365.1.fasta
# 0 hits found
# BLASTN 2.13.0+
# Query: IGR_2841 3018199:3018308
# Database: B._wiedmannii_NZ_CP032365.1.fasta
# 0 hits found
# BLASTN 2.13.0+
# Query: IGR_2851 3028102:3028296
# Database: B._wiedmannii_NZ_CP032365.1.fasta
# 0 hits found
# BLASTN 2.13.0+
# Query: IGR_2861 3039931:3040091
# Database: B._wiedmannii_NZ_CP032365.1.fasta
# 0 hits found
# BLASTN 2.13.0+
# Query: IGR_2870 3049475:3049724
# Database: B._wiedmannii_NZ_CP032365.1.fasta
# 0 hits found
# BLASTN 2.13.0+
# Query: IGR_2878 3056796:3056848
# Database: B._wiedmannii_NZ_CP032365.1.fasta
# 0 hits found
# BLASTN 2.13.0+
# Query: IGR_2889 3068811:3068907
# Database: B._wiedmannii_NZ_CP032365.1.fasta
# 0 hits found
# BLASTN 2.13.0+
# Query: IGR_2895 3076629:3076817
# Database: B._wiedmannii_NZ_CP032365.1.fasta
# 0 hits found
# BLASTN 2.13.0+
# Query: IGR_2906 3090413:3090481
# Database: B._wiedmannii_NZ_CP032365.1.fasta
# 0 hits found
# BLASTN 2.13.0+
# Query: IGR_2916 3105805:3106209
# Database: B._wiedmannii_NZ_CP032365.1.fasta
# 0 hits found
# BLASTN 2.13.0+
# Query: IGR_2935 3131394:3131445
# Database: B._wiedmannii_NZ_CP032365.1.fasta
# 0 hits found
# BLASTN 2.13.0+
# Query: IGR_2943 3137968:3138096
# Database: B._wiedmannii_NZ_CP032365.1.fasta
# 0 hits found
# BLASTN 2.13.0+
# Query: IGR_2951 3145958:3146237
# Database: B._wiedmannii_NZ_CP032365.1.fasta
# 0 hits found
# BLASTN 2.13.0+
# Query: IGR_2961 3161894:3162083
# Database: B._wiedmannii_NZ_CP032365.1.fasta
# 0 hits found
# BLASTN 2.13.0+
# Query: IGR_3004 3190725:3190833
# Database: B._wiedmannii_NZ_CP032365.1.fasta
# 0 hits found
# BLASTN 2.13.0+
# Query: IGR_3015 3201803:3201859
# Database: B._wiedmannii_NZ_CP032365.1.fasta
# 0 hits found
# BLASTN 2.13.0+
# Query: IGR_3019 3210268:3210444
# Database: B._wiedmannii_NZ_CP032365.1.fasta
# 0 hits found
# BLASTN 2.13.0+
# Query: IGR_3028 3220241:3220300
# Database: B._wiedmannii_NZ_CP032365.1.fasta
# 0 hits found
# BLASTN 2.13.0+
# Query: IGR_3042 3232429:3232639
# Database: B._wiedmannii_NZ_CP032365.1.fasta
# 0 hits found
# BLASTN 2.13.0+
# Query: IGR_3052 3246367:3246597
# Database: B._wiedmannii_NZ_CP032365.1.fasta
# 0 hits found
# BLASTN 2.13.0+
# Query: IGR_3064 3261937:3262008
# Database: B._wiedmannii_NZ_CP032365.1.fasta
# 0 hits found
# BLASTN 2.13.0+
# Query: IGR_3070 3265208:3265405
# Database: B._wiedmannii_NZ_CP032365.1.fasta
# 0 hits found
# BLASTN 2.13.0+
# Query: IGR_3078 3279461:3279572
# Database: B._wiedmannii_NZ_CP032365.1.fasta
# 0 hits found
# BLASTN 2.13.0+
# Query: IGR_3092 3299240:3299343
# Database: B._wiedmannii_NZ_CP032365.1.fasta
# 0 hits found
# BLASTN 2.13.0+
# Query: IGR_3097 3302763:3303041
# Database: B._wiedmannii_NZ_CP032365.1.fasta
# 0 hits found
# BLASTN 2.13.0+
# Query: IGR_3108 3312736:3312843
# Database: B._wiedmannii_NZ_CP032365.1.fasta
# 0 hits found
# BLASTN 2.13.0+
# Query: IGR_3116 3321220:3321454
# Database: B._wiedmannii_NZ_CP032365.1.fasta
# Fields: query acc.ver, subject acc.ver, % identity, alignment length, mismatches, gap opens, q. start, q. end, s. start, s. end, evalue, bit score
# 1 hits found
IGR_3116	NZ_CP032365.1	87.500	40	4	1	116	154	657351	657390	2.43e-05	45.4
# BLASTN 2.13.0+
# Query: IGR_3124 3328587:3328761
# Database: B._wiedmannii_NZ_CP032365.1.fasta
# 0 hits found
# BLASTN 2.13.0+
# Query: IGR_3134 3344031:3344112
# Database: B._wiedmannii_NZ_CP032365.1.fasta
# 0 hits found
# BLASTN 2.13.0+
# Query: IGR_3143 3352686:3352788
# Database: B._wiedmannii_NZ_CP032365.1.fasta
# Fields: query acc.ver, subject acc.ver, % identity, alignment length, mismatches, gap opens, q. start, q. end, s. start, s. end, evalue, bit score
# 1 hits found
IGR_3143	NZ_CP032365.1	81.250	64	5	6	3	63	2659691	2659750	9.36e-06	45.4
# BLASTN 2.13.0+
# Query: IGR_3151 3361111:3361304
# Database: B._wiedmannii_NZ_CP032365.1.fasta
# 0 hits found
# BLASTN 2.13.0+
# Query: IGR_3159 3366506:3366572
# Database: B._wiedmannii_NZ_CP032365.1.fasta
# 0 hits found
# BLASTN 2.13.0+
# Query: IGR_3167 3374333:3374491
# Database: B._wiedmannii_NZ_CP032365.1.fasta
# 0 hits found
# BLASTN 2.13.0+
# Query: IGR_3177 3383475:3383564
# Database: B._wiedmannii_NZ_CP032365.1.fasta
# 0 hits found
# BLASTN 2.13.0+
# Query: IGR_3189 3398930:3399091
# Database: B._wiedmannii_NZ_CP032365.1.fasta
# 0 hits found
# BLASTN 2.13.0+
# Query: IGR_3196 3409066:3409218
# Database: B._wiedmannii_NZ_CP032365.1.fasta
# 0 hits found
# BLASTN 2.13.0+
# Query: IGR_3207 3421348:3421464
# Database: B._wiedmannii_NZ_CP032365.1.fasta
# 0 hits found
# BLASTN 2.13.0+
# Query: IGR_3213 3427579:3427801
# Database: B._wiedmannii_NZ_CP032365.1.fasta
# 0 hits found
# BLASTN 2.13.0+
# Query: IGR_3229 3449621:3449731
# Database: B._wiedmannii_NZ_CP032365.1.fasta
# 0 hits found
# BLASTN 2.13.0+
# Query: IGR_3235 3455323:3455471
# Database: B._wiedmannii_NZ_CP032365.1.fasta
# 0 hits found
# BLASTN 2.13.0+
# Query: IGR_3249 3467326:3467545
# Database: B._wiedmannii_NZ_CP032365.1.fasta
# 0 hits found
# BLASTN 2.13.0+
# Query: IGR_3267 3487817:3487973
# Database: B._wiedmannii_NZ_CP032365.1.fasta
# 0 hits found
# BLASTN 2.13.0+
# Query: IGR_3278 3499257:3499540
# Database: B._wiedmannii_NZ_CP032365.1.fasta
# 0 hits found
# BLASTN 2.13.0+
# Query: IGR_3289 3513808:3513886
# Database: B._wiedmannii_NZ_CP032365.1.fasta
# 0 hits found
# BLASTN 2.13.0+
# Query: IGR_3302 3533144:3533195
# Database: B._wiedmannii_NZ_CP032365.1.fasta
# 0 hits found
# BLASTN 2.13.0+
# Query: IGR_3311 3544286:3544641
# Database: B._wiedmannii_NZ_CP032365.1.fasta
# 0 hits found
# BLASTN 2.13.0+
# Query: IGR_3321 3559515:3559631
# Database: B._wiedmannii_NZ_CP032365.1.fasta
# 0 hits found
# BLASTN 2.13.0+
# Query: IGR_3337 3577619:3577744
# Database: B._wiedmannii_NZ_CP032365.1.fasta
# 0 hits found
# BLASTN 2.13.0+
# Query: IGR_3349 3595174:3595355
# Database: B._wiedmannii_NZ_CP032365.1.fasta
# 0 hits found
# BLASTN 2.13.0+
# Query: IGR_3366 3615346:3615792
# Database: B._wiedmannii_NZ_CP032365.1.fasta
# 0 hits found
# BLASTN 2.13.0+
# Query: IGR_3376 3628240:3628309
# Database: B._wiedmannii_NZ_CP032365.1.fasta
# 0 hits found
# BLASTN 2.13.0+
# Query: IGR_3390 3641051:3641124
# Database: B._wiedmannii_NZ_CP032365.1.fasta
# 0 hits found
# BLASTN 2.13.0+
# Query: IGR_3397 3649730:3649874
# Database: B._wiedmannii_NZ_CP032365.1.fasta
# 0 hits found
# BLASTN 2.13.0+
# Query: IGR_3407 3663097:3663280
# Database: B._wiedmannii_NZ_CP032365.1.fasta
# 0 hits found
# BLASTN 2.13.0+
# Query: IGR_3412 3669911:3670034
# Database: B._wiedmannii_NZ_CP032365.1.fasta
# 0 hits found
# BLASTN 2.13.0+
# Query: IGR_3424 3688547:3688811
# Database: B._wiedmannii_NZ_CP032365.1.fasta
# 0 hits found
# BLASTN 2.13.0+
# Query: IGR_3442 3708699:3708798
# Database: B._wiedmannii_NZ_CP032365.1.fasta
# 0 hits found
# BLASTN 2.13.0+
# Query: IGR_3446 3713945:3714001
# Database: B._wiedmannii_NZ_CP032365.1.fasta
# 0 hits found
# BLASTN 2.13.0+
# Query: IGR_3450 3717805:3717998
# Database: B._wiedmannii_NZ_CP032365.1.fasta
# 0 hits found
# BLASTN 2.13.0+
# Query: IGR_3464 3730810:3731004
# Database: B._wiedmannii_NZ_CP032365.1.fasta
# 0 hits found
# BLASTN 2.13.0+
# Query: IGR_3472 3741007:3741181
# Database: B._wiedmannii_NZ_CP032365.1.fasta
# 0 hits found
# BLASTN 2.13.0+
# Query: IGR_3483 3748827:3749051
# Database: B._wiedmannii_NZ_CP032365.1.fasta
# Fields: query acc.ver, subject acc.ver, % identity, alignment length, mismatches, gap opens, q. start, q. end, s. start, s. end, evalue, bit score
# 1 hits found
IGR_3483	NZ_CP032365.1	88.636	44	4	1	6	48	5237950	5237993	1.38e-07	52.8
# BLASTN 2.13.0+
# Query: IGR_3491 3758366:3758546
# Database: B._wiedmannii_NZ_CP032365.1.fasta
# 0 hits found
# BLASTN 2.13.0+
# Query: IGR_3502 3769108:3769288
# Database: B._wiedmannii_NZ_CP032365.1.fasta
# 0 hits found
# BLASTN 2.13.0+
# Query: IGR_3510 3774561:3774654
# Database: B._wiedmannii_NZ_CP032365.1.fasta
# 0 hits found
# BLASTN 2.13.0+
# Query: IGR_3517 3780392:3780561
# Database: B._wiedmannii_NZ_CP032365.1.fasta
# 0 hits found
# BLASTN 2.13.0+
# Query: IGR_3532 3792890:3792968
# Database: B._wiedmannii_NZ_CP032365.1.fasta
# 0 hits found
# BLASTN 2.13.0+
# Query: IGR_3537 3796157:3796216
# Database: B._wiedmannii_NZ_CP032365.1.fasta
# 0 hits found
# BLASTN 2.13.0+
# Query: IGR_3545 3803281:3803399
# Database: B._wiedmannii_NZ_CP032365.1.fasta
# Fields: query acc.ver, subject acc.ver, % identity, alignment length, mismatches, gap opens, q. start, q. end, s. start, s. end, evalue, bit score
# 1 hits found
IGR_3545	NZ_CP032365.1	87.179	39	4	1	7	45	5282924	5282961	4.02e-05	43.6
# BLASTN 2.13.0+
# Query: IGR_3556 3816499:3816653
# Database: B._wiedmannii_NZ_CP032365.1.fasta
# 0 hits found
# BLASTN 2.13.0+
# Query: IGR_3564 3829945:3830140
# Database: B._wiedmannii_NZ_CP032365.1.fasta
# 0 hits found
# BLASTN 2.13.0+
# Query: IGR_3575 3845771:3846000
# Database: B._wiedmannii_NZ_CP032365.1.fasta
# 0 hits found
# BLASTN 2.13.0+
# Query: IGR_3585 3856172:3856225
# Database: B._wiedmannii_NZ_CP032365.1.fasta
# 0 hits found
# BLASTN 2.13.0+
# Query: IGR_3592 3861222:3861436
# Database: B._wiedmannii_NZ_CP032365.1.fasta
# 0 hits found
# BLASTN 2.13.0+
# Query: IGR_3604 3875570:3875779
# Database: B._wiedmannii_NZ_CP032365.1.fasta
# 0 hits found
# BLASTN 2.13.0+
# Query: IGR_3617 3894401:3894462
# Database: B._wiedmannii_NZ_CP032365.1.fasta
# 0 hits found
# BLASTN 2.13.0+
# Query: IGR_3626 3902116:3902209
# Database: B._wiedmannii_NZ_CP032365.1.fasta
# 0 hits found
# BLASTN 2.13.0+
# Query: IGR_3639 3918261:3918776
# Database: B._wiedmannii_NZ_CP032365.1.fasta
# 0 hits found
# BLASTN 2.13.0+
# Query: IGR_3645 3923477:3923919
# Database: B._wiedmannii_NZ_CP032365.1.fasta
# 0 hits found
# BLASTN 2.13.0+
# Query: IGR_3658 3939641:3939868
# Database: B._wiedmannii_NZ_CP032365.1.fasta
# 0 hits found
# BLASTN 2.13.0+
# Query: IGR_3666 3948399:3948554
# Database: B._wiedmannii_NZ_CP032365.1.fasta
# 0 hits found
# BLASTN 2.13.0+
# Query: IGR_3678 3961874:3962002
# Database: B._wiedmannii_NZ_CP032365.1.fasta
# 0 hits found
# BLASTN 2.13.0+
# Query: IGR_3684 3970848:3971059
# Database: B._wiedmannii_NZ_CP032365.1.fasta
# 0 hits found
# BLASTN 2.13.0+
# Query: IGR_3693 3986244:3986427
# Database: B._wiedmannii_NZ_CP032365.1.fasta
# 0 hits found
# BLASTN 2.13.0+
# Query: IGR_3700 3992593:3992670
# Database: B._wiedmannii_NZ_CP032365.1.fasta
# 0 hits found
# BLASTN 2.13.0+
# Query: IGR_3708 3999272:3999349
# Database: B._wiedmannii_NZ_CP032365.1.fasta
# 0 hits found
# BLASTN 2.13.0+
# Query: IGR_3723 4014475:4014681
# Database: B._wiedmannii_NZ_CP032365.1.fasta
# 0 hits found
# BLASTN 2.13.0+
# Query: IGR_3733 4021306:4021428
# Database: B._wiedmannii_NZ_CP032365.1.fasta
# 0 hits found
# BLASTN 2.13.0+
# Query: IGR_3739 4032243:4032345
# Database: B._wiedmannii_NZ_CP032365.1.fasta
# 0 hits found
# BLASTN 2.13.0+
# Query: IGR_3750 4047462:4047537
# Database: B._wiedmannii_NZ_CP032365.1.fasta
# 0 hits found
# BLASTN 2.13.0+
# Query: IGR_3756 4054281:4054353
# Database: B._wiedmannii_NZ_CP032365.1.fasta
# 0 hits found
# BLASTN 2.13.0+
# Query: IGR_3769 4067005:4067182
# Database: B._wiedmannii_NZ_CP032365.1.fasta
# 0 hits found
# BLASTN 2.13.0+
# Query: IGR_3789 4091309:4091476
# Database: B._wiedmannii_NZ_CP032365.1.fasta
# 0 hits found
# BLASTN 2.13.0+
# Query: IGR_3795 4096907:4096996
# Database: B._wiedmannii_NZ_CP032365.1.fasta
# 0 hits found
# BLASTN 2.13.0+
# Query: IGR_3805 4107927:4108057
# Database: B._wiedmannii_NZ_CP032365.1.fasta
# 0 hits found
# BLASTN 2.13.0+
# Query: IGR_3810 4113221:4113416
# Database: B._wiedmannii_NZ_CP032365.1.fasta
# 0 hits found
# BLASTN 2.13.0+
# Query: IGR_3823 4127647:4128118
# Database: B._wiedmannii_NZ_CP032365.1.fasta
# 0 hits found
# BLASTN 2.13.0+
# Query: IGR_3829 4137024:4137086
# Database: B._wiedmannii_NZ_CP032365.1.fasta
# 0 hits found
# BLASTN 2.13.0+
# Query: IGR_3838 4144078:4144300
# Database: B._wiedmannii_NZ_CP032365.1.fasta
# 0 hits found
# BLASTN 2.13.0+
# Query: IGR_3847 4154971:4155052
# Database: B._wiedmannii_NZ_CP032365.1.fasta
# 0 hits found
# BLASTN 2.13.0+
# Query: IGR_3854 4159456:4159576
# Database: B._wiedmannii_NZ_CP032365.1.fasta
# 0 hits found
# BLASTN 2.13.0+
# Query: IGR_3862 4167999:4168203
# Database: B._wiedmannii_NZ_CP032365.1.fasta
# 0 hits found
# BLASTN 2.13.0+
# Query: IGR_3872 4177688:4177755
# Database: B._wiedmannii_NZ_CP032365.1.fasta
# 0 hits found
# BLASTN 2.13.0+
# Query: IGR_3879 4183298:4183444
# Database: B._wiedmannii_NZ_CP032365.1.fasta
# 0 hits found
# BLASTN 2.13.0+
# Query: IGR_3883 4186448:4186607
# Database: B._wiedmannii_NZ_CP032365.1.fasta
# 0 hits found
# BLASTN 2.13.0+
# Query: IGR_3892 4196730:4196785
# Database: B._wiedmannii_NZ_CP032365.1.fasta
# 0 hits found
# BLASTN 2.13.0+
# Query: IGR_3901 4204440:4204899
# Database: B._wiedmannii_NZ_CP032365.1.fasta
# 0 hits found
# BLASTN 2.13.0+
# Query: cutIGR_1855 1938
# Database: B._wiedmannii_NZ_CP032365.1.fasta
# Fields: query acc.ver, subject acc.ver, % identity, alignment length, mismatches, gap opens, q. start, q. end, s. start, s. end, evalue, bit score
# 1 hits found
cutIGR_1855	NZ_CP032365.1	86.047	43	6	0	1	43	1431	1473	2.00e-06	47.3
# BLASTN 2.13.0+
# Query: cutIGR_17445 17533
# Database: B._wiedmannii_NZ_CP032365.1.fasta
# 0 hits found
# BLASTN 2.13.0+
# Query: cutIGR_26750 26813
# Database: B._wiedmannii_NZ_CP032365.1.fasta
# 0 hits found
# BLASTN 2.13.0+
# Query: cutIGR_51548 51679
# Database: B._wiedmannii_NZ_CP032365.1.fasta
# 0 hits found
# BLASTN 2.13.0+
# Query: cutIGR_55729 55865
# Database: B._wiedmannii_NZ_CP032365.1.fasta
# 0 hits found
# BLASTN 2.13.0+
# Query: cutIGR_70395 70537
# Database: B._wiedmannii_NZ_CP032365.1.fasta
# 0 hits found
# BLASTN 2.13.0+
# Query: cutIGR_121673 121754
# Database: B._wiedmannii_NZ_CP032365.1.fasta
# 0 hits found
# BLASTN 2.13.0+
# Query: cutIGR_155975 156108
# Database: B._wiedmannii_NZ_CP032365.1.fasta
# 0 hits found
# BLASTN 2.13.0+
# Query: cutIGR_196088 196212
# Database: B._wiedmannii_NZ_CP032365.1.fasta
# 0 hits found
# BLASTN 2.13.0+
# Query: cutIGR_211777 211858
# Database: B._wiedmannii_NZ_CP032365.1.fasta
# 0 hits found
# BLASTN 2.13.0+
# Query: cutIGR_235472 235624
# Database: B._wiedmannii_NZ_CP032365.1.fasta
# 0 hits found
# BLASTN 2.13.0+
# Query: cutIGR_254762 254858
# Database: B._wiedmannii_NZ_CP032365.1.fasta
# 0 hits found
# BLASTN 2.13.0+
# Query: cutIGR_282941 283002
# Database: B._wiedmannii_NZ_CP032365.1.fasta
# 0 hits found
# BLASTN 2.13.0+
# Query: cutIGR_329661 329773
# Database: B._wiedmannii_NZ_CP032365.1.fasta
# 0 hits found
# BLASTN 2.13.0+
# Query: cutIGR_369716 369772
# Database: B._wiedmannii_NZ_CP032365.1.fasta
# 0 hits found
# BLASTN 2.13.0+
# Query: cutIGR_428726 428830
# Database: B._wiedmannii_NZ_CP032365.1.fasta
# 0 hits found
# BLASTN 2.13.0+
# Query: cutIGR_449577 449723
# Database: B._wiedmannii_NZ_CP032365.1.fasta
# 0 hits found
# BLASTN 2.13.0+
# Query: cutIGR_469263 469425
# Database: B._wiedmannii_NZ_CP032365.1.fasta
# 0 hits found
# BLASTN 2.13.0+
# Query: cutIGR_491043 491099
# Database: B._wiedmannii_NZ_CP032365.1.fasta
# 0 hits found
# BLASTN 2.13.0+
# Query: cutIGR_505074 505151
# Database: B._wiedmannii_NZ_CP032365.1.fasta
# 0 hits found
# BLASTN 2.13.0+
# Query: cutIGR_548635 548709
# Database: B._wiedmannii_NZ_CP032365.1.fasta
# 0 hits found
# BLASTN 2.13.0+
# Query: cutIGR_560697 561179
# Database: B._wiedmannii_NZ_CP032365.1.fasta
# 0 hits found
# BLASTN 2.13.0+
# Query: cutIGR_575562 575622
# Database: B._wiedmannii_NZ_CP032365.1.fasta
# 0 hits found
# BLASTN 2.13.0+
# Query: cutIGR_591975 592186
# Database: B._wiedmannii_NZ_CP032365.1.fasta
# 0 hits found
# BLASTN 2.13.0+
# Query: cutIGR_616608 616671
# Database: B._wiedmannii_NZ_CP032365.1.fasta
# 0 hits found
# BLASTN 2.13.0+
# Query: cutIGR_663027 663243
# Database: B._wiedmannii_NZ_CP032365.1.fasta
# 0 hits found
# BLASTN 2.13.0+
# Query: cutIGR_688078 688183
# Database: B._wiedmannii_NZ_CP032365.1.fasta
# 0 hits found
# BLASTN 2.13.0+
# Query: cutIGR_724881 724986
# Database: B._wiedmannii_NZ_CP032365.1.fasta
# 0 hits found
# BLASTN 2.13.0+
# Query: cutIGR_753179 753264
# Database: B._wiedmannii_NZ_CP032365.1.fasta
# 0 hits found
# BLASTN 2.13.0+
# Query: cutIGR_809463 809556
# Database: B._wiedmannii_NZ_CP032365.1.fasta
# 0 hits found
# BLASTN 2.13.0+
# Query: cutIGR_822433 822902
# Database: B._wiedmannii_NZ_CP032365.1.fasta
# 0 hits found
# BLASTN 2.13.0+
# Query: cutIGR_854314 854411
# Database: B._wiedmannii_NZ_CP032365.1.fasta
# 0 hits found
# BLASTN 2.13.0+
# Query: cutIGR_875811 876425
# Database: B._wiedmannii_NZ_CP032365.1.fasta
# 0 hits found
# BLASTN 2.13.0+
# Query: cutIGR_893837 893903
# Database: B._wiedmannii_NZ_CP032365.1.fasta
# 0 hits found
# BLASTN 2.13.0+
# Query: cutIGR_922552 922617
# Database: B._wiedmannii_NZ_CP032365.1.fasta
# 0 hits found
# BLASTN 2.13.0+
# Query: cutIGR_951395 951456
# Database: B._wiedmannii_NZ_CP032365.1.fasta
# 0 hits found
# BLASTN 2.13.0+
# Query: cutIGR_984465 984538
# Database: B._wiedmannii_NZ_CP032365.1.fasta
# 0 hits found
# BLASTN 2.13.0+
# Query: cutIGR_1002322 1002380
# Database: B._wiedmannii_NZ_CP032365.1.fasta
# 0 hits found
# BLASTN 2.13.0+
# Query: cutIGR_1024798 1024864
# Database: B._wiedmannii_NZ_CP032365.1.fasta
# 0 hits found
# BLASTN 2.13.0+
# Query: cutIGR_1056216 1056495
# Database: B._wiedmannii_NZ_CP032365.1.fasta
# 0 hits found
# BLASTN 2.13.0+
# Query: cutIGR_1071791 1072041
# Database: B._wiedmannii_NZ_CP032365.1.fasta
# 0 hits found
# BLASTN 2.13.0+
# Query: cutIGR_1097849 1098062
# Database: B._wiedmannii_NZ_CP032365.1.fasta
# 0 hits found
# BLASTN 2.13.0+
# Query: cutIGR_1125011 1125122
# Database: B._wiedmannii_NZ_CP032365.1.fasta
# 0 hits found
# BLASTN 2.13.0+
# Query: cutIGR_1192621 1192857
# Database: B._wiedmannii_NZ_CP032365.1.fasta
# 0 hits found
# BLASTN 2.13.0+
# Query: cutIGR_1250504 1250611
# Database: B._wiedmannii_NZ_CP032365.1.fasta
# 0 hits found
# BLASTN 2.13.0+
# Query: cutIGR_1283044 1283111
# Database: B._wiedmannii_NZ_CP032365.1.fasta
# 0 hits found
# BLASTN 2.13.0+
# Query: cutIGR_1315770 1315868
# Database: B._wiedmannii_NZ_CP032365.1.fasta
# 0 hits found
# BLASTN 2.13.0+
# Query: cutIGR_1360311 1360400
# Database: B._wiedmannii_NZ_CP032365.1.fasta
# 0 hits found
# BLASTN 2.13.0+
# Query: cutIGR_1385608 1385663
# Database: B._wiedmannii_NZ_CP032365.1.fasta
# 0 hits found
# BLASTN 2.13.0+
# Query: cutIGR_1415952 1416066
# Database: B._wiedmannii_NZ_CP032365.1.fasta
# 0 hits found
# BLASTN 2.13.0+
# Query: cutIGR_1441788 1441985
# Database: B._wiedmannii_NZ_CP032365.1.fasta
# 0 hits found
# BLASTN 2.13.0+
# Query: cutIGR_1454843 1455063
# Database: B._wiedmannii_NZ_CP032365.1.fasta
# 0 hits found
# BLASTN 2.13.0+
# Query: cutIGR_1476442 1476501
# Database: B._wiedmannii_NZ_CP032365.1.fasta
# 0 hits found
# BLASTN 2.13.0+
# Query: cutIGR_1507341 1507577
# Database: B._wiedmannii_NZ_CP032365.1.fasta
# 0 hits found
# BLASTN 2.13.0+
# Query: cutIGR_1527938 1528325
# Database: B._wiedmannii_NZ_CP032365.1.fasta
# 0 hits found
# BLASTN 2.13.0+
# Query: cutIGR_1557687 1557985
# Database: B._wiedmannii_NZ_CP032365.1.fasta
# 0 hits found
# BLASTN 2.13.0+
# Query: cutIGR_1576036 1576128
# Database: B._wiedmannii_NZ_CP032365.1.fasta
# 0 hits found
# BLASTN 2.13.0+
# Query: cutIGR_1606461 1606559
# Database: B._wiedmannii_NZ_CP032365.1.fasta
# 0 hits found
# BLASTN 2.13.0+
# Query: cutIGR_1665628 1665709
# Database: B._wiedmannii_NZ_CP032365.1.fasta
# 0 hits found
# BLASTN 2.13.0+
# Query: cutIGR_1690949 1691277
# Database: B._wiedmannii_NZ_CP032365.1.fasta
# 0 hits found
# BLASTN 2.13.0+
# Query: cutIGR_1749320 1749417
# Database: B._wiedmannii_NZ_CP032365.1.fasta
# 0 hits found
# BLASTN 2.13.0+
# Query: cutIGR_1765765 1765858
# Database: B._wiedmannii_NZ_CP032365.1.fasta
# 0 hits found
# BLASTN 2.13.0+
# Query: cutIGR_1780282 1780403
# Database: B._wiedmannii_NZ_CP032365.1.fasta
# 0 hits found
# BLASTN 2.13.0+
# Query: cutIGR_1903087 1903180
# Database: B._wiedmannii_NZ_CP032365.1.fasta
# 0 hits found
# BLASTN 2.13.0+
# Query: cutIGR_1925421 1925589
# Database: B._wiedmannii_NZ_CP032365.1.fasta
# 0 hits found
# BLASTN 2.13.0+
# Query: cutIGR_2000826 2000901
# Database: B._wiedmannii_NZ_CP032365.1.fasta
# 0 hits found
# BLASTN 2.13.0+
# Query: cutIGR_2029313 2029365
# Database: B._wiedmannii_NZ_CP032365.1.fasta
# 0 hits found
# BLASTN 2.13.0+
# Query: cutIGR_2049549 2049949
# Database: B._wiedmannii_NZ_CP032365.1.fasta
# 0 hits found
# BLASTN 2.13.0+
# Query: cutIGR_2055240 2055816
# Database: B._wiedmannii_NZ_CP032365.1.fasta
# Fields: query acc.ver, subject acc.ver, % identity, alignment length, mismatches, gap opens, q. start, q. end, s. start, s. end, evalue, bit score
# 1 hits found
cutIGR_2055240	NZ_CP032365.1	81.481	54	10	0	223	276	847	794	6.32e-05	45.4
# BLASTN 2.13.0+
# Query: cutIGR_2089281 2089395
# Database: B._wiedmannii_NZ_CP032365.1.fasta
# 0 hits found
# BLASTN 2.13.0+
# Query: cutIGR_2096976 2097074
# Database: B._wiedmannii_NZ_CP032365.1.fasta
# 0 hits found
# BLASTN 2.13.0+
# Query: cutIGR_2126938 2127245
# Database: B._wiedmannii_NZ_CP032365.1.fasta
# 0 hits found
# BLASTN 2.13.0+
# Query: cutIGR_2215339 2215459
# Database: B._wiedmannii_NZ_CP032365.1.fasta
# 0 hits found
# BLASTN 2.13.0+
# Query: cutIGR_2225856 2226175
# Database: B._wiedmannii_NZ_CP032365.1.fasta
# 0 hits found
# BLASTN 2.13.0+
# Query: cutIGR_2269793 2269928
# Database: B._wiedmannii_NZ_CP032365.1.fasta
# 0 hits found
# BLASTN 2.13.0+
# Query: cutIGR_2283769 2283857
# Database: B._wiedmannii_NZ_CP032365.1.fasta
# 0 hits found
# BLASTN 2.13.0+
# Query: cutIGR_2316110 2316232
# Database: B._wiedmannii_NZ_CP032365.1.fasta
# 0 hits found
# BLASTN 2.13.0+
# Query: cutIGR_2352466 2352541
# Database: B._wiedmannii_NZ_CP032365.1.fasta
# 0 hits found
# BLASTN 2.13.0+
# Query: cutIGR_2381117 2381173
# Database: B._wiedmannii_NZ_CP032365.1.fasta
# 0 hits found
# BLASTN 2.13.0+
# Query: cutIGR_2387673 2387795
# Database: B._wiedmannii_NZ_CP032365.1.fasta
# 0 hits found
# BLASTN 2.13.0+
# Query: cutIGR_2395989 2396044
# Database: B._wiedmannii_NZ_CP032365.1.fasta
# 0 hits found
# BLASTN 2.13.0+
# Query: cutIGR_2413473 2413551
# Database: B._wiedmannii_NZ_CP032365.1.fasta
# 0 hits found
# BLASTN 2.13.0+
# Query: cutIGR_2435224 2435301
# Database: B._wiedmannii_NZ_CP032365.1.fasta
# 0 hits found
# BLASTN 2.13.0+
# Query: cutIGR_2454206 2454270
# Database: B._wiedmannii_NZ_CP032365.1.fasta
# 0 hits found
# BLASTN 2.13.0+
# Query: cutIGR_2492796 2493016
# Database: B._wiedmannii_NZ_CP032365.1.fasta
# Fields: query acc.ver, subject acc.ver, % identity, alignment length, mismatches, gap opens, q. start, q. end, s. start, s. end, evalue, bit score
# 1 hits found
cutIGR_2492796	NZ_CP032365.1	81.356	59	5	5	39	95	4161302	4161356	8.17e-05	43.6
# BLASTN 2.13.0+
# Query: cutIGR_2522773 2522829
# Database: B._wiedmannii_NZ_CP032365.1.fasta
# 0 hits found
# BLASTN 2.13.0+
# Query: cutIGR_2543314 2543390
# Database: B._wiedmannii_NZ_CP032365.1.fasta
# 0 hits found
# BLASTN 2.13.0+
# Query: cutIGR_2599885 2600169
# Database: B._wiedmannii_NZ_CP032365.1.fasta
# 0 hits found
# BLASTN 2.13.0+
# Query: cutIGR_2648651 2648842
# Database: B._wiedmannii_NZ_CP032365.1.fasta
# 0 hits found
# BLASTN 2.13.0+
# Query: cutIGR_2722644 2722707
# Database: B._wiedmannii_NZ_CP032365.1.fasta
# 0 hits found
# BLASTN 2.13.0+
# Query: cutIGR_2749581 2749659
# Database: B._wiedmannii_NZ_CP032365.1.fasta
# 0 hits found
# BLASTN 2.13.0+
# Query: cutIGR_2780399 2780524
# Database: B._wiedmannii_NZ_CP032365.1.fasta
# 0 hits found
# BLASTN 2.13.0+
# Query: cutIGR_2826742 2826843
# Database: B._wiedmannii_NZ_CP032365.1.fasta
# 0 hits found
# BLASTN 2.13.0+
# Query: cutIGR_2857626 2857713
# Database: B._wiedmannii_NZ_CP032365.1.fasta
# 0 hits found
# BLASTN 2.13.0+
# Query: cutIGR_2886043 2886237
# Database: B._wiedmannii_NZ_CP032365.1.fasta
# 0 hits found
# BLASTN 2.13.0+
# Query: cutIGR_2903102 2903165
# Database: B._wiedmannii_NZ_CP032365.1.fasta
# Fields: query acc.ver, subject acc.ver, % identity, alignment length, mismatches, gap opens, q. start, q. end, s. start, s. end, evalue, bit score
# 1 hits found
cutIGR_2903102	NZ_CP032365.1	100.000	24	0	0	20	43	4499349	4499372	5.02e-06	45.4
# BLASTN 2.13.0+
# Query: cutIGR_2938178 2938285
# Database: B._wiedmannii_NZ_CP032365.1.fasta
# 0 hits found
# BLASTN 2.13.0+
# Query: cutIGR_2966139 2966332
# Database: B._wiedmannii_NZ_CP032365.1.fasta
# 0 hits found
# BLASTN 2.13.0+
# Query: cutIGR_2978522 2978674
# Database: B._wiedmannii_NZ_CP032365.1.fasta
# 0 hits found
# BLASTN 2.13.0+
# Query: cutIGR_3014344 3014446
# Database: B._wiedmannii_NZ_CP032365.1.fasta
# 0 hits found
# BLASTN 2.13.0+
# Query: cutIGR_3059401 3059499
# Database: B._wiedmannii_NZ_CP032365.1.fasta
# 0 hits found
# BLASTN 2.13.0+
# Query: cutIGR_3102512 3102570
# Database: B._wiedmannii_NZ_CP032365.1.fasta
# 0 hits found
# BLASTN 2.13.0+
# Query: cutIGR_3119410 3119513
# Database: B._wiedmannii_NZ_CP032365.1.fasta
# Fields: query acc.ver, subject acc.ver, % identity, alignment length, mismatches, gap opens, q. start, q. end, s. start, s. end, evalue, bit score
# 1 hits found
cutIGR_3119410	NZ_CP032365.1	85.417	48	4	3	36	83	4095425	4095469	2.63e-06	47.3
# BLASTN 2.13.0+
# Query: cutIGR_3129027 3129129
# Database: B._wiedmannii_NZ_CP032365.1.fasta
# 0 hits found
# BLASTN 2.13.0+
# Query: cutIGR_3187356 3187502
# Database: B._wiedmannii_NZ_CP032365.1.fasta
# 0 hits found
# BLASTN 2.13.0+
# Query: cutIGR_3222083 3222139
# Database: B._wiedmannii_NZ_CP032365.1.fasta
# 0 hits found
# BLASTN 2.13.0+
# Query: cutIGR_3239511 3239929
# Database: B._wiedmannii_NZ_CP032365.1.fasta
# 0 hits found
# BLASTN 2.13.0+
# Query: cutIGR_3276766 3276954
# Database: B._wiedmannii_NZ_CP032365.1.fasta
# 0 hits found
# BLASTN 2.13.0+
# Query: cutIGR_3296270 3296360
# Database: B._wiedmannii_NZ_CP032365.1.fasta
# 0 hits found
# BLASTN 2.13.0+
# Query: cutIGR_3352096 3352234
# Database: B._wiedmannii_NZ_CP032365.1.fasta
# 0 hits found
# BLASTN 2.13.0+
# Query: cutIGR_3400360 3400470
# Database: B._wiedmannii_NZ_CP032365.1.fasta
# 0 hits found
# BLASTN 2.13.0+
# Query: cutIGR_3434156 3434282
# Database: B._wiedmannii_NZ_CP032365.1.fasta
# 0 hits found
# BLASTN 2.13.0+
# Query: cutIGR_3448132 3448213
# Database: B._wiedmannii_NZ_CP032365.1.fasta
# 0 hits found
# BLASTN 2.13.0+
# Query: cutIGR_3473300 3473371
# Database: B._wiedmannii_NZ_CP032365.1.fasta
# 0 hits found
# BLASTN 2.13.0+
# Query: cutIGR_3508518 3508612
# Database: B._wiedmannii_NZ_CP032365.1.fasta
# 0 hits found
# BLASTN 2.13.0+
# Query: cutIGR_3535939 3536011
# Database: B._wiedmannii_NZ_CP032365.1.fasta
# 0 hits found
# BLASTN 2.13.0+
# Query: cutIGR_3573134 3573206
# Database: B._wiedmannii_NZ_CP032365.1.fasta
# 0 hits found
# BLASTN 2.13.0+
# Query: cutIGR_3609221 3609333
# Database: B._wiedmannii_NZ_CP032365.1.fasta
# 0 hits found
# BLASTN 2.13.0+
# Query: cutIGR_3625507 3625681
# Database: B._wiedmannii_NZ_CP032365.1.fasta
# 0 hits found
# BLASTN 2.13.0+
# Query: cutIGR_3643558 3643611
# Database: B._wiedmannii_NZ_CP032365.1.fasta
# 0 hits found
# BLASTN 2.13.0+
# Query: cutIGR_3687468 3687548
# Database: B._wiedmannii_NZ_CP032365.1.fasta
# 0 hits found
# BLASTN 2.13.0+
# Query: cutIGR_3729296 3729431
# Database: B._wiedmannii_NZ_CP032365.1.fasta
# 0 hits found
# BLASTN 2.13.0+
# Query: cutIGR_3753752 3753880
# Database: B._wiedmannii_NZ_CP032365.1.fasta
# 0 hits found
# BLASTN 2.13.0+
# Query: cutIGR_3770865 3770948
# Database: B._wiedmannii_NZ_CP032365.1.fasta
# 0 hits found
# BLASTN 2.13.0+
# Query: cutIGR_3786457 3786536
# Database: B._wiedmannii_NZ_CP032365.1.fasta
# 0 hits found
# BLASTN 2.13.0+
# Query: cutIGR_3802166 3802332
# Database: B._wiedmannii_NZ_CP032365.1.fasta
# 0 hits found
# BLASTN 2.13.0+
# Query: cutIGR_3812300 3812390
# Database: B._wiedmannii_NZ_CP032365.1.fasta
# 0 hits found
# BLASTN 2.13.0+
# Query: cutIGR_3851893 3852045
# Database: B._wiedmannii_NZ_CP032365.1.fasta
# 0 hits found
# BLASTN 2.13.0+
# Query: cutIGR_3867410 3867492
# Database: B._wiedmannii_NZ_CP032365.1.fasta
# 0 hits found
# BLASTN 2.13.0+
# Query: cutIGR_3930550 3930650
# Database: B._wiedmannii_NZ_CP032365.1.fasta
# 0 hits found
# BLASTN 2.13.0+
# Query: cutIGR_3950584 3950671
# Database: B._wiedmannii_NZ_CP032365.1.fasta
# 0 hits found
# BLASTN 2.13.0+
# Query: cutIGR_3996352 3996526
# Database: B._wiedmannii_NZ_CP032365.1.fasta
# 0 hits found
# BLASTN 2.13.0+
# Query: cutIGR_4011684 4011788
# Database: B._wiedmannii_NZ_CP032365.1.fasta
# 0 hits found
# BLASTN 2.13.0+
# Query: cutIGR_4063529 4063639
# Database: B._wiedmannii_NZ_CP032365.1.fasta
# 0 hits found
# BLASTN 2.13.0+
# Query: cutIGR_4086595 4086801
# Database: B._wiedmannii_NZ_CP032365.1.fasta
# 0 hits found
# BLASTN 2.13.0+
# Query: cutIGR_4130044 4130299
# Database: B._wiedmannii_NZ_CP032365.1.fasta
# 0 hits found
# BLASTN 2.13.0+
# Query: cutIGR_4155209 4155382
# Database: B._wiedmannii_NZ_CP032365.1.fasta
# 0 hits found
# BLASTN 2.13.0+
# Query: cutIGR_4189742 4189795
# Database: B._wiedmannii_NZ_CP032365.1.fasta
# 0 hits found
# BLAST processed 543 queries
