# BLASTN 2.13.0+
# Query: dnaA,dnaN
# Database: B._amyloliquefaciens_NZ_CP072120.1.fasta
# 0 hits found
# BLASTN 2.13.0+
# Query: rrnO-16S,trnO-Ile,trnO-Ala,rrnO-23S,rrnO-5S
# Database: B._amyloliquefaciens_NZ_CP072120.1.fasta
# 0 hits found
# BLASTN 2.13.0+
# Query: yaaD,yaaE
# Database: B._amyloliquefaciens_NZ_CP072120.1.fasta
# Fields: query acc.ver, subject acc.ver, % identity, alignment length, mismatches, gap opens, q. start, q. end, s. start, s. end, evalue, bit score
# 1 hits found
yaaD,yaaE	NZ_CP072120.1	94.340	53	2	1	1	52	1833170	1833222	7.69e-17	80.5
# BLASTN 2.13.0+
# Query: metS
# Database: B._amyloliquefaciens_NZ_CP072120.1.fasta
# Fields: query acc.ver, subject acc.ver, % identity, alignment length, mismatches, gap opens, q. start, q. end, s. start, s. end, evalue, bit score
# 1 hits found
metS	NZ_CP072120.1	92.308	52	4	0	1	52	1861140	1861191	3.58e-15	75.0
# BLASTN 2.13.0+
# Query: veg
# Database: B._amyloliquefaciens_NZ_CP072120.1.fasta
# Fields: query acc.ver, subject acc.ver, % identity, alignment length, mismatches, gap opens, q. start, q. end, s. start, s. end, evalue, bit score
# 1 hits found
veg	NZ_CP072120.1	97.561	41	1	0	1	41	1866524	1866564	3.51e-14	71.3
# BLASTN 2.13.0+
# Query: spoVG
# Database: B._amyloliquefaciens_NZ_CP072120.1.fasta
# Fields: query acc.ver, subject acc.ver, % identity, alignment length, mismatches, gap opens, q. start, q. end, s. start, s. end, evalue, bit score
# 1 hits found
spoVG	NZ_CP072120.1	88.525	61	4	3	4	62	1869683	1869742	6.03e-14	71.3
# BLASTN 2.13.0+
# Query: yabM,yabN,yabO,yabP,yabQ,divIC,yabR
# Database: B._amyloliquefaciens_NZ_CP072120.1.fasta
# 0 hits found
# BLASTN 2.13.0+
# Query: ybaK,cwlD
# Database: B._amyloliquefaciens_NZ_CP072120.1.fasta
# Fields: query acc.ver, subject acc.ver, % identity, alignment length, mismatches, gap opens, q. start, q. end, s. start, s. end, evalue, bit score
# 1 hits found
ybaK,cwlD	NZ_CP072120.1	93.103	29	1	1	1	29	1970921	1970948	2.42e-05	41.7
# BLASTN 2.13.0+
# Query: adaA,adaB
# Database: B._amyloliquefaciens_NZ_CP072120.1.fasta
# 0 hits found
# BLASTN 2.13.0+
# Query: ybdO
# Database: B._amyloliquefaciens_NZ_CP072120.1.fasta
# 0 hits found
# BLASTN 2.13.0+
# Query: glpT,glpQ
# Database: B._amyloliquefaciens_NZ_CP072120.1.fasta
# 0 hits found
# BLASTN 2.13.0+
# Query: ybgE
# Database: B._amyloliquefaciens_NZ_CP072120.1.fasta
# 0 hits found
# BLASTN 2.13.0+
# Query: cwlJ
# Database: B._amyloliquefaciens_NZ_CP072120.1.fasta
# 0 hits found
# BLASTN 2.13.0+
# Query: natA,natB
# Database: B._amyloliquefaciens_NZ_CP072120.1.fasta
# 0 hits found
# BLASTN 2.13.0+
# Query: ldh,lctP
# Database: B._amyloliquefaciens_NZ_CP072120.1.fasta
# Fields: query acc.ver, subject acc.ver, % identity, alignment length, mismatches, gap opens, q. start, q. end, s. start, s. end, evalue, bit score
# 1 hits found
ldh,lctP	NZ_CP072120.1	87.805	41	2	2	1	38	2111626	2111666	2.29e-06	45.4
# BLASTN 2.13.0+
# Query: mdr
# Database: B._amyloliquefaciens_NZ_CP072120.1.fasta
# Fields: query acc.ver, subject acc.ver, % identity, alignment length, mismatches, gap opens, q. start, q. end, s. start, s. end, evalue, bit score
# 1 hits found
mdr	NZ_CP072120.1	84.783	46	3	4	1	43	2111663	2111619	8.25e-06	43.6
# BLASTN 2.13.0+
# Query: nasB,nasC,nasD,nasE,nasF
# Database: B._amyloliquefaciens_NZ_CP072120.1.fasta
# 0 hits found
# BLASTN 2.13.0+
# Query: yckE
# Database: B._amyloliquefaciens_NZ_CP072120.1.fasta
# 0 hits found
# BLASTN 2.13.0+
# Query: ycxA
# Database: B._amyloliquefaciens_NZ_CP072120.1.fasta
# 0 hits found
# BLASTN 2.13.0+
# Query: ycxC,ycxB
# Database: B._amyloliquefaciens_NZ_CP072120.1.fasta
# 0 hits found
# BLASTN 2.13.0+
# Query: yclE
# Database: B._amyloliquefaciens_NZ_CP072120.1.fasta
# 0 hits found
# BLASTN 2.13.0+
# Query: ycnC,ycnB
# Database: B._amyloliquefaciens_NZ_CP072120.1.fasta
# 0 hits found
# BLASTN 2.13.0+
# Query: ycnL
# Database: B._amyloliquefaciens_NZ_CP072120.1.fasta
# 0 hits found
# BLASTN 2.13.0+
# Query: ycsD
# Database: B._amyloliquefaciens_NZ_CP072120.1.fasta
# 0 hits found
# BLASTN 2.13.0+
# Query: mtlR
# Database: B._amyloliquefaciens_NZ_CP072120.1.fasta
# 0 hits found
# BLASTN 2.13.0+
# Query: gsiB
# Database: B._amyloliquefaciens_NZ_CP072120.1.fasta
# Fields: query acc.ver, subject acc.ver, % identity, alignment length, mismatches, gap opens, q. start, q. end, s. start, s. end, evalue, bit score
# 1 hits found
gsiB	NZ_CP072120.1	92.308	39	2	1	2	39	2279881	2279919	3.95e-09	54.7
# BLASTN 2.13.0+
# Query: phoB,ydhF
# Database: B._amyloliquefaciens_NZ_CP072120.1.fasta
# 0 hits found
# BLASTN 2.13.0+
# Query: ydiO,ydiP
# Database: B._amyloliquefaciens_NZ_CP072120.1.fasta
# 0 hits found
# BLASTN 2.13.0+
# Query: ydjK
# Database: B._amyloliquefaciens_NZ_CP072120.1.fasta
# 0 hits found
# BLASTN 2.13.0+
# Query: yfnI
# Database: B._amyloliquefaciens_NZ_CP072120.1.fasta
# 0 hits found
# BLASTN 2.13.0+
# Query: yfnB
# Database: B._amyloliquefaciens_NZ_CP072120.1.fasta
# 0 hits found
# BLASTN 2.13.0+
# Query: yfmT,yfmS
# Database: B._amyloliquefaciens_NZ_CP072120.1.fasta
# 0 hits found
# BLASTN 2.13.0+
# Query: yfmM
# Database: B._amyloliquefaciens_NZ_CP072120.1.fasta
# 0 hits found
# BLASTN 2.13.0+
# Query: yfmG
# Database: B._amyloliquefaciens_NZ_CP072120.1.fasta
# Fields: query acc.ver, subject acc.ver, % identity, alignment length, mismatches, gap opens, q. start, q. end, s. start, s. end, evalue, bit score
# 1 hits found
yfmG	NZ_CP072120.1	89.744	39	4	0	3	41	2065949	2065911	6.03e-08	51.0
# BLASTN 2.13.0+
# Query: citM,yflN
# Database: B._amyloliquefaciens_NZ_CP072120.1.fasta
# 0 hits found
# BLASTN 2.13.0+
# Query: treP,treA,treR
# Database: B._amyloliquefaciens_NZ_CP072120.1.fasta
# 0 hits found
# BLASTN 2.13.0+
# Query: yfkJ,yfkI,yfkH
# Database: B._amyloliquefaciens_NZ_CP072120.1.fasta
# 0 hits found
# BLASTN 2.13.0+
# Query: yfkF
# Database: B._amyloliquefaciens_NZ_CP072120.1.fasta
# 0 hits found
# BLASTN 2.13.0+
# Query: yfjS
# Database: B._amyloliquefaciens_NZ_CP072120.1.fasta
# 0 hits found
# BLASTN 2.13.0+
# Query: yfjR
# Database: B._amyloliquefaciens_NZ_CP072120.1.fasta
# 0 hits found
# BLASTN 2.13.0+
# Query: yfjP,yfjO
# Database: B._amyloliquefaciens_NZ_CP072120.1.fasta
# Fields: query acc.ver, subject acc.ver, % identity, alignment length, mismatches, gap opens, q. start, q. end, s. start, s. end, evalue, bit score
# 1 hits found
yfjP,yfjO	NZ_CP072120.1	94.340	53	2	1	1	53	2625030	2625081	1.00e-16	80.5
# BLASTN 2.13.0+
# Query: acoA,acoB,acoC,acoL
# Database: B._amyloliquefaciens_NZ_CP072120.1.fasta
# 0 hits found
# BLASTN 2.13.0+
# Query: malA,yfiA,malP
# Database: B._amyloliquefaciens_NZ_CP072120.1.fasta
# 0 hits found
# BLASTN 2.13.0+
# Query: yfiD,yfiE
# Database: B._amyloliquefaciens_NZ_CP072120.1.fasta
# 0 hits found
# BLASTN 2.13.0+
# Query: lipB
# Database: B._amyloliquefaciens_NZ_CP072120.1.fasta
# 0 hits found
# BLASTN 2.13.0+
# Query: yfiW,yfiX
# Database: B._amyloliquefaciens_NZ_CP072120.1.fasta
# 0 hits found
# BLASTN 2.13.0+
# Query: yfhF,yfhE,yfhD
# Database: B._amyloliquefaciens_NZ_CP072120.1.fasta
# 0 hits found
# BLASTN 2.13.0+
# Query: yfhI
# Database: B._amyloliquefaciens_NZ_CP072120.1.fasta
# 0 hits found
# BLASTN 2.13.0+
# Query: yfhP
# Database: B._amyloliquefaciens_NZ_CP072120.1.fasta
# Fields: query acc.ver, subject acc.ver, % identity, alignment length, mismatches, gap opens, q. start, q. end, s. start, s. end, evalue, bit score
# 1 hits found
yfhP	NZ_CP072120.1	88.095	42	4	1	1	41	2673022	2672981	1.71e-07	49.1
# BLASTN 2.13.0+
# Query: yfhS
# Database: B._amyloliquefaciens_NZ_CP072120.1.fasta
# 0 hits found
# BLASTN 2.13.0+
# Query: yhdG
# Database: B._amyloliquefaciens_NZ_CP072120.1.fasta
# 0 hits found
# BLASTN 2.13.0+
# Query: yhdN,yhdO
# Database: B._amyloliquefaciens_NZ_CP072120.1.fasta
# 0 hits found
# BLASTN 2.13.0+
# Query: pbpF
# Database: B._amyloliquefaciens_NZ_CP072120.1.fasta
# Fields: query acc.ver, subject acc.ver, % identity, alignment length, mismatches, gap opens, q. start, q. end, s. start, s. end, evalue, bit score
# 1 hits found
pbpF	NZ_CP072120.1	89.189	37	2	1	9	43	2828785	2828821	2.55e-06	45.4
# BLASTN 2.13.0+
# Query: med,comZ
# Database: B._amyloliquefaciens_NZ_CP072120.1.fasta
# Fields: query acc.ver, subject acc.ver, % identity, alignment length, mismatches, gap opens, q. start, q. end, s. start, s. end, evalue, bit score
# 1 hits found
med,comZ	NZ_CP072120.1	90.476	42	1	3	1	40	2926410	2926450	1.12e-08	52.8
# BLASTN 2.13.0+
# Query: yjbC,yjbD
# Database: B._amyloliquefaciens_NZ_CP072120.1.fasta
# 0 hits found
# BLASTN 2.13.0+
# Query: cotV,cotW,cotX
# Database: B._amyloliquefaciens_NZ_CP072120.1.fasta
# Fields: query acc.ver, subject acc.ver, % identity, alignment length, mismatches, gap opens, q. start, q. end, s. start, s. end, evalue, bit score
# 1 hits found
cotV,cotW,cotX	NZ_CP072120.1	97.436	39	1	0	2	40	2968890	2968852	4.17e-13	67.6
# BLASTN 2.13.0+
# Query: yjfB
# Database: B._amyloliquefaciens_NZ_CP072120.1.fasta
# 0 hits found
# BLASTN 2.13.0+
# Query: dppA,dppB,dppC,dppD,dppE
# Database: B._amyloliquefaciens_NZ_CP072120.1.fasta
# 0 hits found
# BLASTN 2.13.0+
# Query: ykzB,ykoL
# Database: B._amyloliquefaciens_NZ_CP072120.1.fasta
# 0 hits found
# BLASTN 2.13.0+
# Query: motA,motB
# Database: B._amyloliquefaciens_NZ_CP072120.1.fasta
# 0 hits found
# BLASTN 2.13.0+
# Query: ptsG,ptsH,ptsI
# Database: B._amyloliquefaciens_NZ_CP072120.1.fasta
# 0 hits found
# BLASTN 2.13.0+
# Query: kinA
# Database: B._amyloliquefaciens_NZ_CP072120.1.fasta
# 0 hits found
# BLASTN 2.13.0+
# Query: sipT
# Database: B._amyloliquefaciens_NZ_CP072120.1.fasta
# 0 hits found
# BLASTN 2.13.0+
# Query: ctaA
# Database: B._amyloliquefaciens_NZ_CP072120.1.fasta
# 0 hits found
# BLASTN 2.13.0+
# Query: spoIIGA,sigE,sigG
# Database: B._amyloliquefaciens_NZ_CP072120.1.fasta
# 0 hits found
# BLASTN 2.13.0+
# Query: cysH,cysP,sat,cysC,ylnD,ylnE,ylnF
# Database: B._amyloliquefaciens_NZ_CP072120.1.fasta
# 0 hits found
# BLASTN 2.13.0+
# Query: ylqB
# Database: B._amyloliquefaciens_NZ_CP072120.1.fasta
# 0 hits found
# BLASTN 2.13.0+
# Query: yneA,yneB,ynzC
# Database: B._amyloliquefaciens_NZ_CP072120.1.fasta
# Fields: query acc.ver, subject acc.ver, % identity, alignment length, mismatches, gap opens, q. start, q. end, s. start, s. end, evalue, bit score
# 1 hits found
yneA,yneB,ynzC	NZ_CP072120.1	86.842	38	4	1	9	46	3664872	3664908	3.19e-05	41.7
# BLASTN 2.13.0+
# Query: alsT
# Database: B._amyloliquefaciens_NZ_CP072120.1.fasta
# 0 hits found
# BLASTN 2.13.0+
# Query: gltA,gltB
# Database: B._amyloliquefaciens_NZ_CP072120.1.fasta
# 0 hits found
# BLASTN 2.13.0+
# Query: yoaN
# Database: B._amyloliquefaciens_NZ_CP072120.1.fasta
# 0 hits found
# BLASTN 2.13.0+
# Query: xynA
# Database: B._amyloliquefaciens_NZ_CP072120.1.fasta
# 0 hits found
# BLASTN 2.13.0+
# Query: des
# Database: B._amyloliquefaciens_NZ_CP072120.1.fasta
# 0 hits found
# BLASTN 2.13.0+
# Query: yocK
# Database: B._amyloliquefaciens_NZ_CP072120.1.fasta
# 0 hits found
# BLASTN 2.13.0+
# Query: sspC
# Database: B._amyloliquefaciens_NZ_CP072120.1.fasta
# 0 hits found
# BLASTN 2.13.0+
# Query: ilvD
# Database: B._amyloliquefaciens_NZ_CP072120.1.fasta
# Fields: query acc.ver, subject acc.ver, % identity, alignment length, mismatches, gap opens, q. start, q. end, s. start, s. end, evalue, bit score
# 1 hits found
ilvD	NZ_CP072120.1	88.889	81	7	2	2	82	3979281	3979203	4.05e-22	99.0
# BLASTN 2.13.0+
# Query: cotD
# Database: B._amyloliquefaciens_NZ_CP072120.1.fasta
# Fields: query acc.ver, subject acc.ver, % identity, alignment length, mismatches, gap opens, q. start, q. end, s. start, s. end, evalue, bit score
# 1 hits found
cotD	NZ_CP072120.1	90.000	40	1	3	3	40	33375	33337	1.45e-07	49.1
# BLASTN 2.13.0+
# Query: ypjB
# Database: B._amyloliquefaciens_NZ_CP072120.1.fasta
# 0 hits found
# BLASTN 2.13.0+
# Query: trpE,trpD,trpC,trpF,trpB,trpA,hisC,tyrA,aroE
# Database: B._amyloliquefaciens_NZ_CP072120.1.fasta
# 0 hits found
# BLASTN 2.13.0+
# Query: sigX,rsiX
# Database: B._amyloliquefaciens_NZ_CP072120.1.fasta
# Fields: query acc.ver, subject acc.ver, % identity, alignment length, mismatches, gap opens, q. start, q. end, s. start, s. end, evalue, bit score
# 1 hits found
sigX,rsiX	NZ_CP072120.1	100.000	20	0	0	15	34	530297	530278	2.56e-04	38.1
# BLASTN 2.13.0+
# Query: ypuD
# Database: B._amyloliquefaciens_NZ_CP072120.1.fasta
# 0 hits found
# BLASTN 2.13.0+
# Query: drm,punA
# Database: B._amyloliquefaciens_NZ_CP072120.1.fasta
# 0 hits found
# BLASTN 2.13.0+
# Query: yqjP,yqjQ,dsdA,coaA,yqjT
# Database: B._amyloliquefaciens_NZ_CP072120.1.fasta
# 0 hits found
# BLASTN 2.13.0+
# Query: yqjH,yqjI
# Database: B._amyloliquefaciens_NZ_CP072120.1.fasta
# 0 hits found
# BLASTN 2.13.0+
# Query: yqiW
# Database: B._amyloliquefaciens_NZ_CP072120.1.fasta
# 0 hits found
# BLASTN 2.13.0+
# Query: spo0A
# Database: B._amyloliquefaciens_NZ_CP072120.1.fasta
# 0 hits found
# BLASTN 2.13.0+
# Query: gcvT,gcvPA,gcvPB
# Database: B._amyloliquefaciens_NZ_CP072120.1.fasta
# 0 hits found
# BLASTN 2.13.0+
# Query: yqxD,dnaG,sigA
# Database: B._amyloliquefaciens_NZ_CP072120.1.fasta
# Fields: query acc.ver, subject acc.ver, % identity, alignment length, mismatches, gap opens, q. start, q. end, s. start, s. end, evalue, bit score
# 1 hits found
yqxD,dnaG,sigA	NZ_CP072120.1	87.879	33	3	1	4	36	365153	365122	4.12e-04	38.1
# BLASTN 2.13.0+
# Query: comER
# Database: B._amyloliquefaciens_NZ_CP072120.1.fasta
# Fields: query acc.ver, subject acc.ver, % identity, alignment length, mismatches, gap opens, q. start, q. end, s. start, s. end, evalue, bit score
# 1 hits found
comER	NZ_CP072120.1	87.879	33	3	1	1	32	407014	406982	3.41e-04	38.1
# BLASTN 2.13.0+
# Query: azlB,azlC,azlD,brnQ,yrdK
# Database: B._amyloliquefaciens_NZ_CP072120.1.fasta
# 0 hits found
# BLASTN 2.13.0+
# Query: glnQ,glnH,glnM,glnP
# Database: B._amyloliquefaciens_NZ_CP072120.1.fasta
# 0 hits found
# BLASTN 2.13.0+
# Query: yrbD
# Database: B._amyloliquefaciens_NZ_CP072120.1.fasta
# 0 hits found
# BLASTN 2.13.0+
# Query: spoIVFA,spoIVFB
# Database: B._amyloliquefaciens_NZ_CP072120.1.fasta
# Fields: query acc.ver, subject acc.ver, % identity, alignment length, mismatches, gap opens, q. start, q. end, s. start, s. end, evalue, bit score
# 1 hits found
spoIVFA,spoIVFB	NZ_CP072120.1	82.222	45	6	2	9	52	516946	516903	4.69e-04	38.1
# BLASTN 2.13.0+
# Query: comC
# Database: B._amyloliquefaciens_NZ_CP072120.1.fasta
# Fields: query acc.ver, subject acc.ver, % identity, alignment length, mismatches, gap opens, q. start, q. end, s. start, s. end, evalue, bit score
# 1 hits found
comC	NZ_CP072120.1	93.333	45	3	0	1	45	525344	525300	4.90e-13	67.6
# BLASTN 2.13.0+
# Query: hemA,hemX,hemC,hemD,hemB,hemL
# Database: B._amyloliquefaciens_NZ_CP072120.1.fasta
# 0 hits found
# BLASTN 2.13.0+
# Query: ilvB,ilvH,ilvC,leuA,leuB,leuC,leuD
# Database: B._amyloliquefaciens_NZ_CP072120.1.fasta
# Fields: query acc.ver, subject acc.ver, % identity, alignment length, mismatches, gap opens, q. start, q. end, s. start, s. end, evalue, bit score
# 1 hits found
ilvB,ilvH,ilvC,leuA,leuB,leuC,leuD	NZ_CP072120.1	87.179	39	4	1	1	38	550048	550010	7.64e-06	43.6
# BLASTN 2.13.0+
# Query: araA,araB,araD,araL,araM,araN,araP,araQ,abfA
# Database: B._amyloliquefaciens_NZ_CP072120.1.fasta
# 0 hits found
# BLASTN 2.13.0+
# Query: gapB,speD
# Database: B._amyloliquefaciens_NZ_CP072120.1.fasta
# Fields: query acc.ver, subject acc.ver, % identity, alignment length, mismatches, gap opens, q. start, q. end, s. start, s. end, evalue, bit score
# 1 hits found
gapB,speD	NZ_CP072120.1	87.037	54	5	2	3	55	635981	635929	1.43e-10	60.2
# BLASTN 2.13.0+
# Query: pfkA,pyk,ytzA
# Database: B._amyloliquefaciens_NZ_CP072120.1.fasta
# 0 hits found
# BLASTN 2.13.0+
# Query: bioW,bioA,bioF,bioD,bioB,bioI,ytbQ
# Database: B._amyloliquefaciens_NZ_CP072120.1.fasta
# 0 hits found
# BLASTN 2.13.0+
# Query: asnB,ytnA
# Database: B._amyloliquefaciens_NZ_CP072120.1.fasta
# 0 hits found
# BLASTN 2.13.0+
# Query: luxS
# Database: B._amyloliquefaciens_NZ_CP072120.1.fasta
# 0 hits found
# BLASTN 2.13.0+
# Query: pgi,yugM,yugN
# Database: B._amyloliquefaciens_NZ_CP072120.1.fasta
# Fields: query acc.ver, subject acc.ver, % identity, alignment length, mismatches, gap opens, q. start, q. end, s. start, s. end, evalue, bit score
# 1 hits found
pgi,yugM,yugN	NZ_CP072120.1	89.474	38	4	0	6	43	856793	856756	1.71e-07	49.1
# BLASTN 2.13.0+
# Query: comA,yuxO
# Database: B._amyloliquefaciens_NZ_CP072120.1.fasta
# Fields: query acc.ver, subject acc.ver, % identity, alignment length, mismatches, gap opens, q. start, q. end, s. start, s. end, evalue, bit score
# 1 hits found
comA,yuxO	NZ_CP072120.1	84.783	46	6	1	3	47	889549	889504	2.46e-06	45.4
# BLASTN 2.13.0+
# Query: yuxH
# Database: B._amyloliquefaciens_NZ_CP072120.1.fasta
# Fields: query acc.ver, subject acc.ver, % identity, alignment length, mismatches, gap opens, q. start, q. end, s. start, s. end, evalue, bit score
# 1 hits found
yuxH	NZ_CP072120.1	95.833	24	0	1	21	44	894718	894696	3.70e-04	38.1
# BLASTN 2.13.0+
# Query: pucR,pucJ,pucK,pucL,pucM
# Database: B._amyloliquefaciens_NZ_CP072120.1.fasta
# 0 hits found
# BLASTN 2.13.0+
# Query: yurR,yurQ,yurP,yurO,yurN,yurM,yurL
# Database: B._amyloliquefaciens_NZ_CP072120.1.fasta
# Fields: query acc.ver, subject acc.ver, % identity, alignment length, mismatches, gap opens, q. start, q. end, s. start, s. end, evalue, bit score
# 1 hits found
yurR,yurQ,yurP,yurO,yurN,yurM,yurL	NZ_CP072120.1	91.111	45	4	0	1	45	978498	978454	2.28e-11	62.1
# BLASTN 2.13.0+
# Query: cggR,gapA,pgk,tpiA,pgm,eno
# Database: B._amyloliquefaciens_NZ_CP072120.1.fasta
# 0 hits found
# BLASTN 2.13.0+
# Query: araR
# Database: B._amyloliquefaciens_NZ_CP072120.1.fasta
# 0 hits found
# BLASTN 2.13.0+
# Query: pbpE,racX
# Database: B._amyloliquefaciens_NZ_CP072120.1.fasta
# 0 hits found
# BLASTN 2.13.0+
# Query: clpP
# Database: B._amyloliquefaciens_NZ_CP072120.1.fasta
# Fields: query acc.ver, subject acc.ver, % identity, alignment length, mismatches, gap opens, q. start, q. end, s. start, s. end, evalue, bit score
# 1 hits found
clpP	NZ_CP072120.1	94.286	35	1	1	4	37	1197055	1197089	1.42e-08	52.8
# BLASTN 2.13.0+
# Query: csbA
# Database: B._amyloliquefaciens_NZ_CP072120.1.fasta
# Fields: query acc.ver, subject acc.ver, % identity, alignment length, mismatches, gap opens, q. start, q. end, s. start, s. end, evalue, bit score
# 1 hits found
csbA	NZ_CP072120.1	88.889	45	5	0	1	45	1244787	1244743	1.06e-09	56.5
# BLASTN 2.13.0+
# Query: hag
# Database: B._amyloliquefaciens_NZ_CP072120.1.fasta
# 0 hits found
# BLASTN 2.13.0+
# Query: lytA,lytB,lytC
# Database: B._amyloliquefaciens_NZ_CP072120.1.fasta
# 0 hits found
# BLASTN 2.13.0+
# Query: mbl,flhO,flhP
# Database: B._amyloliquefaciens_NZ_CP072120.1.fasta
# Fields: query acc.ver, subject acc.ver, % identity, alignment length, mismatches, gap opens, q. start, q. end, s. start, s. end, evalue, bit score
# 1 hits found
mbl,flhO,flhP	NZ_CP072120.1	90.000	70	5	2	6	75	1374507	1374440	2.21e-19	89.8
# BLASTN 2.13.0+
# Query: ureA,ureB,ureC
# Database: B._amyloliquefaciens_NZ_CP072120.1.fasta
# 0 hits found
# BLASTN 2.13.0+
# Query: ywlF,ywlG
# Database: B._amyloliquefaciens_NZ_CP072120.1.fasta
# 0 hits found
# BLASTN 2.13.0+
# Query: yweA
# Database: B._amyloliquefaciens_NZ_CP072120.1.fasta
# 0 hits found
# BLASTN 2.13.0+
# Query: sacX,sacY
# Database: B._amyloliquefaciens_NZ_CP072120.1.fasta
# 0 hits found
# BLASTN 2.13.0+
# Query: gspA
# Database: B._amyloliquefaciens_NZ_CP072120.1.fasta
# 0 hits found
# BLASTN 2.13.0+
# Query: sigY,yxlC,yxlD,yxlE,yxlF,yxlG
# Database: B._amyloliquefaciens_NZ_CP072120.1.fasta
# 0 hits found
# BLASTN 2.13.0+
# Query: yxkJ
# Database: B._amyloliquefaciens_NZ_CP072120.1.fasta
# 0 hits found
# BLASTN 2.13.0+
# Query: yxjC,scoA,scoB,yxjF
# Database: B._amyloliquefaciens_NZ_CP072120.1.fasta
# 0 hits found
# BLASTN 2.13.0+
# Query: yxjA
# Database: B._amyloliquefaciens_NZ_CP072120.1.fasta
# 0 hits found
# BLASTN 2.13.0+
# Query: yxiT
# Database: B._amyloliquefaciens_NZ_CP072120.1.fasta
# 0 hits found
# BLASTN 2.13.0+
# Query: wapA,yxxG
# Database: B._amyloliquefaciens_NZ_CP072120.1.fasta
# 0 hits found
# BLASTN 2.13.0+
# Query: yxeF,yxeG,yxeH
# Database: B._amyloliquefaciens_NZ_CP072120.1.fasta
# 0 hits found
# BLASTN 2.13.0+
# Query: yxdJ,yxdK
# Database: B._amyloliquefaciens_NZ_CP072120.1.fasta
# Fields: query acc.ver, subject acc.ver, % identity, alignment length, mismatches, gap opens, q. start, q. end, s. start, s. end, evalue, bit score
# 1 hits found
yxdJ,yxdK	NZ_CP072120.1	98.039	51	1	0	1	51	1668816	1668766	1.32e-19	89.8
# BLASTN 2.13.0+
# Query: yxbB,yxbA,yxnB,asnH,yxaM
# Database: B._amyloliquefaciens_NZ_CP072120.1.fasta
# 0 hits found
# BLASTN 2.13.0+
# Query: yxaA,yxaB
# Database: B._amyloliquefaciens_NZ_CP072120.1.fasta
# 0 hits found
# BLASTN 2.13.0+
# Query: ahpC,ahpF
# Database: B._amyloliquefaciens_NZ_CP072120.1.fasta
# 0 hits found
# BLASTN 2.13.0+
# Query: yydF,yydG,yydH,yydI,yydJ
# Database: B._amyloliquefaciens_NZ_CP072120.1.fasta
# 0 hits found
# BLASTN 2.13.0+
# Query: yycN
# Database: B._amyloliquefaciens_NZ_CP072120.1.fasta
# 0 hits found
# BLASTN 2.13.0+
# Query: yycF,yycG,yycH,yycI,yycJ,yyxA
# Database: B._amyloliquefaciens_NZ_CP072120.1.fasta
# 0 hits found
# BLASTN 2.13.0+
# Query: yycC,yycB
# Database: B._amyloliquefaciens_NZ_CP072120.1.fasta
# 0 hits found
# BLASTN 2.13.0+
# Query: yybH,yybI
# Database: B._amyloliquefaciens_NZ_CP072120.1.fasta
# 0 hits found
# BLASTN 2.13.0+
# Query: yyaO
# Database: B._amyloliquefaciens_NZ_CP072120.1.fasta
# 0 hits found
# BLASTN 2.13.0+
# Query: thdF,gidA,gidB,yyaA
# Database: B._amyloliquefaciens_NZ_CP072120.1.fasta
# 0 hits found
# BLAST processed 138 queries
