# BLASTN 2.13.0+
# Query: dnaA,dnaN
# Database: B._cereus_NZ_CP017060.1.fasta
# 0 hits found
# BLASTN 2.13.0+
# Query: rrnO-16S,trnO-Ile,trnO-Ala,rrnO-23S,rrnO-5S
# Database: B._cereus_NZ_CP017060.1.fasta
# 0 hits found
# BLASTN 2.13.0+
# Query: yaaD,yaaE
# Database: B._cereus_NZ_CP017060.1.fasta
# Fields: query acc.ver, subject acc.ver, % identity, alignment length, mismatches, gap opens, q. start, q. end, s. start, s. end, evalue, bit score
# 1 hits found
yaaD,yaaE	NZ_CP017060.1	85.714	49	4	3	1	47	3226694	3226647	2.87e-07	49.1
# BLASTN 2.13.0+
# Query: metS
# Database: B._cereus_NZ_CP017060.1.fasta
# 0 hits found
# BLASTN 2.13.0+
# Query: veg
# Database: B._cereus_NZ_CP017060.1.fasta
# 0 hits found
# BLASTN 2.13.0+
# Query: spoVG
# Database: B._cereus_NZ_CP017060.1.fasta
# 0 hits found
# BLASTN 2.13.0+
# Query: yabM,yabN,yabO,yabP,yabQ,divIC,yabR
# Database: B._cereus_NZ_CP017060.1.fasta
# 0 hits found
# BLASTN 2.13.0+
# Query: ybaK,cwlD
# Database: B._cereus_NZ_CP017060.1.fasta
# 0 hits found
# BLASTN 2.13.0+
# Query: adaA,adaB
# Database: B._cereus_NZ_CP017060.1.fasta
# Fields: query acc.ver, subject acc.ver, % identity, alignment length, mismatches, gap opens, q. start, q. end, s. start, s. end, evalue, bit score
# 1 hits found
adaA,adaB	NZ_CP017060.1	79.012	81	16	1	1	80	3046679	3046599	1.12e-08	54.7
# BLASTN 2.13.0+
# Query: ybdO
# Database: B._cereus_NZ_CP017060.1.fasta
# Fields: query acc.ver, subject acc.ver, % identity, alignment length, mismatches, gap opens, q. start, q. end, s. start, s. end, evalue, bit score
# 1 hits found
ybdO	NZ_CP017060.1	90.625	32	1	2	6	36	3055236	3055266	3.78e-05	41.7
# BLASTN 2.13.0+
# Query: glpT,glpQ
# Database: B._cereus_NZ_CP017060.1.fasta
# 0 hits found
# BLASTN 2.13.0+
# Query: ybgE
# Database: B._cereus_NZ_CP017060.1.fasta
# 0 hits found
# BLASTN 2.13.0+
# Query: cwlJ
# Database: B._cereus_NZ_CP017060.1.fasta
# 0 hits found
# BLASTN 2.13.0+
# Query: natA,natB
# Database: B._cereus_NZ_CP017060.1.fasta
# 0 hits found
# BLASTN 2.13.0+
# Query: ldh,lctP
# Database: B._cereus_NZ_CP017060.1.fasta
# 0 hits found
# BLASTN 2.13.0+
# Query: mdr
# Database: B._cereus_NZ_CP017060.1.fasta
# 0 hits found
# BLASTN 2.13.0+
# Query: nasB,nasC,nasD,nasE,nasF
# Database: B._cereus_NZ_CP017060.1.fasta
# 0 hits found
# BLASTN 2.13.0+
# Query: yckE
# Database: B._cereus_NZ_CP017060.1.fasta
# 0 hits found
# BLASTN 2.13.0+
# Query: ycxA
# Database: B._cereus_NZ_CP017060.1.fasta
# 0 hits found
# BLASTN 2.13.0+
# Query: ycxC,ycxB
# Database: B._cereus_NZ_CP017060.1.fasta
# 0 hits found
# BLASTN 2.13.0+
# Query: yclE
# Database: B._cereus_NZ_CP017060.1.fasta
# 0 hits found
# BLASTN 2.13.0+
# Query: ycnC,ycnB
# Database: B._cereus_NZ_CP017060.1.fasta
# 0 hits found
# BLASTN 2.13.0+
# Query: ycnL
# Database: B._cereus_NZ_CP017060.1.fasta
# 0 hits found
# BLASTN 2.13.0+
# Query: ycsD
# Database: B._cereus_NZ_CP017060.1.fasta
# 0 hits found
# BLASTN 2.13.0+
# Query: mtlR
# Database: B._cereus_NZ_CP017060.1.fasta
# 0 hits found
# BLASTN 2.13.0+
# Query: gsiB
# Database: B._cereus_NZ_CP017060.1.fasta
# 0 hits found
# BLASTN 2.13.0+
# Query: phoB,ydhF
# Database: B._cereus_NZ_CP017060.1.fasta
# 0 hits found
# BLASTN 2.13.0+
# Query: ydiO,ydiP
# Database: B._cereus_NZ_CP017060.1.fasta
# 0 hits found
# BLASTN 2.13.0+
# Query: ydjK
# Database: B._cereus_NZ_CP017060.1.fasta
# 0 hits found
# BLASTN 2.13.0+
# Query: yfnI
# Database: B._cereus_NZ_CP017060.1.fasta
# 0 hits found
# BLASTN 2.13.0+
# Query: yfnB
# Database: B._cereus_NZ_CP017060.1.fasta
# 0 hits found
# BLASTN 2.13.0+
# Query: yfmT,yfmS
# Database: B._cereus_NZ_CP017060.1.fasta
# 0 hits found
# BLASTN 2.13.0+
# Query: yfmM
# Database: B._cereus_NZ_CP017060.1.fasta
# 0 hits found
# BLASTN 2.13.0+
# Query: yfmG
# Database: B._cereus_NZ_CP017060.1.fasta
# 0 hits found
# BLASTN 2.13.0+
# Query: citM,yflN
# Database: B._cereus_NZ_CP017060.1.fasta
# 0 hits found
# BLASTN 2.13.0+
# Query: treP,treA,treR
# Database: B._cereus_NZ_CP017060.1.fasta
# 0 hits found
# BLASTN 2.13.0+
# Query: yfkJ,yfkI,yfkH
# Database: B._cereus_NZ_CP017060.1.fasta
# 0 hits found
# BLASTN 2.13.0+
# Query: yfkF
# Database: B._cereus_NZ_CP017060.1.fasta
# 0 hits found
# BLASTN 2.13.0+
# Query: yfjS
# Database: B._cereus_NZ_CP017060.1.fasta
# 0 hits found
# BLASTN 2.13.0+
# Query: yfjR
# Database: B._cereus_NZ_CP017060.1.fasta
# 0 hits found
# BLASTN 2.13.0+
# Query: yfjP,yfjO
# Database: B._cereus_NZ_CP017060.1.fasta
# 0 hits found
# BLASTN 2.13.0+
# Query: acoA,acoB,acoC,acoL
# Database: B._cereus_NZ_CP017060.1.fasta
# 0 hits found
# BLASTN 2.13.0+
# Query: malA,yfiA,malP
# Database: B._cereus_NZ_CP017060.1.fasta
# 0 hits found
# BLASTN 2.13.0+
# Query: yfiD,yfiE
# Database: B._cereus_NZ_CP017060.1.fasta
# 0 hits found
# BLASTN 2.13.0+
# Query: lipB
# Database: B._cereus_NZ_CP017060.1.fasta
# 0 hits found
# BLASTN 2.13.0+
# Query: yfiW,yfiX
# Database: B._cereus_NZ_CP017060.1.fasta
# 0 hits found
# BLASTN 2.13.0+
# Query: yfhF,yfhE,yfhD
# Database: B._cereus_NZ_CP017060.1.fasta
# 0 hits found
# BLASTN 2.13.0+
# Query: yfhI
# Database: B._cereus_NZ_CP017060.1.fasta
# 0 hits found
# BLASTN 2.13.0+
# Query: yfhP
# Database: B._cereus_NZ_CP017060.1.fasta
# 0 hits found
# BLASTN 2.13.0+
# Query: yfhS
# Database: B._cereus_NZ_CP017060.1.fasta
# 0 hits found
# BLASTN 2.13.0+
# Query: yhdG
# Database: B._cereus_NZ_CP017060.1.fasta
# 0 hits found
# BLASTN 2.13.0+
# Query: yhdN,yhdO
# Database: B._cereus_NZ_CP017060.1.fasta
# 0 hits found
# BLASTN 2.13.0+
# Query: pbpF
# Database: B._cereus_NZ_CP017060.1.fasta
# 0 hits found
# BLASTN 2.13.0+
# Query: med,comZ
# Database: B._cereus_NZ_CP017060.1.fasta
# 0 hits found
# BLASTN 2.13.0+
# Query: yjbC,yjbD
# Database: B._cereus_NZ_CP017060.1.fasta
# 0 hits found
# BLASTN 2.13.0+
# Query: cotV,cotW,cotX
# Database: B._cereus_NZ_CP017060.1.fasta
# 0 hits found
# BLASTN 2.13.0+
# Query: yjfB
# Database: B._cereus_NZ_CP017060.1.fasta
# 0 hits found
# BLASTN 2.13.0+
# Query: dppA,dppB,dppC,dppD,dppE
# Database: B._cereus_NZ_CP017060.1.fasta
# 0 hits found
# BLASTN 2.13.0+
# Query: ykzB,ykoL
# Database: B._cereus_NZ_CP017060.1.fasta
# 0 hits found
# BLASTN 2.13.0+
# Query: motA,motB
# Database: B._cereus_NZ_CP017060.1.fasta
# 0 hits found
# BLASTN 2.13.0+
# Query: ptsG,ptsH,ptsI
# Database: B._cereus_NZ_CP017060.1.fasta
# 0 hits found
# BLASTN 2.13.0+
# Query: kinA
# Database: B._cereus_NZ_CP017060.1.fasta
# 0 hits found
# BLASTN 2.13.0+
# Query: sipT
# Database: B._cereus_NZ_CP017060.1.fasta
# 0 hits found
# BLASTN 2.13.0+
# Query: ctaA
# Database: B._cereus_NZ_CP017060.1.fasta
# 0 hits found
# BLASTN 2.13.0+
# Query: spoIIGA,sigE,sigG
# Database: B._cereus_NZ_CP017060.1.fasta
# 0 hits found
# BLASTN 2.13.0+
# Query: cysH,cysP,sat,cysC,ylnD,ylnE,ylnF
# Database: B._cereus_NZ_CP017060.1.fasta
# 0 hits found
# BLASTN 2.13.0+
# Query: ylqB
# Database: B._cereus_NZ_CP017060.1.fasta
# 0 hits found
# BLASTN 2.13.0+
# Query: yneA,yneB,ynzC
# Database: B._cereus_NZ_CP017060.1.fasta
# 0 hits found
# BLASTN 2.13.0+
# Query: alsT
# Database: B._cereus_NZ_CP017060.1.fasta
# 0 hits found
# BLASTN 2.13.0+
# Query: gltA,gltB
# Database: B._cereus_NZ_CP017060.1.fasta
# 0 hits found
# BLASTN 2.13.0+
# Query: yoaN
# Database: B._cereus_NZ_CP017060.1.fasta
# 0 hits found
# BLASTN 2.13.0+
# Query: xynA
# Database: B._cereus_NZ_CP017060.1.fasta
# 0 hits found
# BLASTN 2.13.0+
# Query: des
# Database: B._cereus_NZ_CP017060.1.fasta
# 0 hits found
# BLASTN 2.13.0+
# Query: yocK
# Database: B._cereus_NZ_CP017060.1.fasta
# 0 hits found
# BLASTN 2.13.0+
# Query: sspC
# Database: B._cereus_NZ_CP017060.1.fasta
# Fields: query acc.ver, subject acc.ver, % identity, alignment length, mismatches, gap opens, q. start, q. end, s. start, s. end, evalue, bit score
# 1 hits found
sspC	NZ_CP017060.1	88.235	34	1	3	6	39	3081709	3081679	4.33e-04	38.1
# BLASTN 2.13.0+
# Query: ilvD
# Database: B._cereus_NZ_CP017060.1.fasta
# 0 hits found
# BLASTN 2.13.0+
# Query: cotD
# Database: B._cereus_NZ_CP017060.1.fasta
# 0 hits found
# BLASTN 2.13.0+
# Query: ypjB
# Database: B._cereus_NZ_CP017060.1.fasta
# 0 hits found
# BLASTN 2.13.0+
# Query: trpE,trpD,trpC,trpF,trpB,trpA,hisC,tyrA,aroE
# Database: B._cereus_NZ_CP017060.1.fasta
# 0 hits found
# BLASTN 2.13.0+
# Query: sigX,rsiX
# Database: B._cereus_NZ_CP017060.1.fasta
# 0 hits found
# BLASTN 2.13.0+
# Query: ypuD
# Database: B._cereus_NZ_CP017060.1.fasta
# 0 hits found
# BLASTN 2.13.0+
# Query: drm,punA
# Database: B._cereus_NZ_CP017060.1.fasta
# 0 hits found
# BLASTN 2.13.0+
# Query: yqjP,yqjQ,dsdA,coaA,yqjT
# Database: B._cereus_NZ_CP017060.1.fasta
# 0 hits found
# BLASTN 2.13.0+
# Query: yqjH,yqjI
# Database: B._cereus_NZ_CP017060.1.fasta
# 0 hits found
# BLASTN 2.13.0+
# Query: yqiW
# Database: B._cereus_NZ_CP017060.1.fasta
# 0 hits found
# BLASTN 2.13.0+
# Query: spo0A
# Database: B._cereus_NZ_CP017060.1.fasta
# 0 hits found
# BLASTN 2.13.0+
# Query: gcvT,gcvPA,gcvPB
# Database: B._cereus_NZ_CP017060.1.fasta
# 0 hits found
# BLASTN 2.13.0+
# Query: yqxD,dnaG,sigA
# Database: B._cereus_NZ_CP017060.1.fasta
# 0 hits found
# BLASTN 2.13.0+
# Query: comER
# Database: B._cereus_NZ_CP017060.1.fasta
# 0 hits found
# BLASTN 2.13.0+
# Query: azlB,azlC,azlD,brnQ,yrdK
# Database: B._cereus_NZ_CP017060.1.fasta
# 0 hits found
# BLASTN 2.13.0+
# Query: glnQ,glnH,glnM,glnP
# Database: B._cereus_NZ_CP017060.1.fasta
# 0 hits found
# BLASTN 2.13.0+
# Query: yrbD
# Database: B._cereus_NZ_CP017060.1.fasta
# 0 hits found
# BLASTN 2.13.0+
# Query: spoIVFA,spoIVFB
# Database: B._cereus_NZ_CP017060.1.fasta
# 0 hits found
# BLASTN 2.13.0+
# Query: comC
# Database: B._cereus_NZ_CP017060.1.fasta
# 0 hits found
# BLASTN 2.13.0+
# Query: hemA,hemX,hemC,hemD,hemB,hemL
# Database: B._cereus_NZ_CP017060.1.fasta
# 0 hits found
# BLASTN 2.13.0+
# Query: ilvB,ilvH,ilvC,leuA,leuB,leuC,leuD
# Database: B._cereus_NZ_CP017060.1.fasta
# 0 hits found
# BLASTN 2.13.0+
# Query: araA,araB,araD,araL,araM,araN,araP,araQ,abfA
# Database: B._cereus_NZ_CP017060.1.fasta
# 0 hits found
# BLASTN 2.13.0+
# Query: gapB,speD
# Database: B._cereus_NZ_CP017060.1.fasta
# 0 hits found
# BLASTN 2.13.0+
# Query: pfkA,pyk,ytzA
# Database: B._cereus_NZ_CP017060.1.fasta
# 0 hits found
# BLASTN 2.13.0+
# Query: bioW,bioA,bioF,bioD,bioB,bioI,ytbQ
# Database: B._cereus_NZ_CP017060.1.fasta
# 0 hits found
# BLASTN 2.13.0+
# Query: asnB,ytnA
# Database: B._cereus_NZ_CP017060.1.fasta
# 0 hits found
# BLASTN 2.13.0+
# Query: luxS
# Database: B._cereus_NZ_CP017060.1.fasta
# 0 hits found
# BLASTN 2.13.0+
# Query: pgi,yugM,yugN
# Database: B._cereus_NZ_CP017060.1.fasta
# 0 hits found
# BLASTN 2.13.0+
# Query: comA,yuxO
# Database: B._cereus_NZ_CP017060.1.fasta
# 0 hits found
# BLASTN 2.13.0+
# Query: yuxH
# Database: B._cereus_NZ_CP017060.1.fasta
# 0 hits found
# BLASTN 2.13.0+
# Query: pucR,pucJ,pucK,pucL,pucM
# Database: B._cereus_NZ_CP017060.1.fasta
# Fields: query acc.ver, subject acc.ver, % identity, alignment length, mismatches, gap opens, q. start, q. end, s. start, s. end, evalue, bit score
# 1 hits found
pucR,pucJ,pucK,pucL,pucM	NZ_CP017060.1	90.000	30	1	1	3	32	4013404	4013377	3.95e-04	38.1
# BLASTN 2.13.0+
# Query: yurR,yurQ,yurP,yurO,yurN,yurM,yurL
# Database: B._cereus_NZ_CP017060.1.fasta
# 0 hits found
# BLASTN 2.13.0+
# Query: cggR,gapA,pgk,tpiA,pgm,eno
# Database: B._cereus_NZ_CP017060.1.fasta
# 0 hits found
# BLASTN 2.13.0+
# Query: araR
# Database: B._cereus_NZ_CP017060.1.fasta
# 0 hits found
# BLASTN 2.13.0+
# Query: pbpE,racX
# Database: B._cereus_NZ_CP017060.1.fasta
# 0 hits found
# BLASTN 2.13.0+
# Query: clpP
# Database: B._cereus_NZ_CP017060.1.fasta
# 0 hits found
# BLASTN 2.13.0+
# Query: csbA
# Database: B._cereus_NZ_CP017060.1.fasta
# 0 hits found
# BLASTN 2.13.0+
# Query: hag
# Database: B._cereus_NZ_CP017060.1.fasta
# 0 hits found
# BLASTN 2.13.0+
# Query: lytA,lytB,lytC
# Database: B._cereus_NZ_CP017060.1.fasta
# 0 hits found
# BLASTN 2.13.0+
# Query: mbl,flhO,flhP
# Database: B._cereus_NZ_CP017060.1.fasta
# 0 hits found
# BLASTN 2.13.0+
# Query: ureA,ureB,ureC
# Database: B._cereus_NZ_CP017060.1.fasta
# 0 hits found
# BLASTN 2.13.0+
# Query: ywlF,ywlG
# Database: B._cereus_NZ_CP017060.1.fasta
# 0 hits found
# BLASTN 2.13.0+
# Query: yweA
# Database: B._cereus_NZ_CP017060.1.fasta
# 0 hits found
# BLASTN 2.13.0+
# Query: sacX,sacY
# Database: B._cereus_NZ_CP017060.1.fasta
# 0 hits found
# BLASTN 2.13.0+
# Query: gspA
# Database: B._cereus_NZ_CP017060.1.fasta
# 0 hits found
# BLASTN 2.13.0+
# Query: sigY,yxlC,yxlD,yxlE,yxlF,yxlG
# Database: B._cereus_NZ_CP017060.1.fasta
# 0 hits found
# BLASTN 2.13.0+
# Query: yxkJ
# Database: B._cereus_NZ_CP017060.1.fasta
# 0 hits found
# BLASTN 2.13.0+
# Query: yxjC,scoA,scoB,yxjF
# Database: B._cereus_NZ_CP017060.1.fasta
# 0 hits found
# BLASTN 2.13.0+
# Query: yxjA
# Database: B._cereus_NZ_CP017060.1.fasta
# 0 hits found
# BLASTN 2.13.0+
# Query: yxiT
# Database: B._cereus_NZ_CP017060.1.fasta
# 0 hits found
# BLASTN 2.13.0+
# Query: wapA,yxxG
# Database: B._cereus_NZ_CP017060.1.fasta
# 0 hits found
# BLASTN 2.13.0+
# Query: yxeF,yxeG,yxeH
# Database: B._cereus_NZ_CP017060.1.fasta
# 0 hits found
# BLASTN 2.13.0+
# Query: yxdJ,yxdK
# Database: B._cereus_NZ_CP017060.1.fasta
# 0 hits found
# BLASTN 2.13.0+
# Query: yxbB,yxbA,yxnB,asnH,yxaM
# Database: B._cereus_NZ_CP017060.1.fasta
# 0 hits found
# BLASTN 2.13.0+
# Query: yxaA,yxaB
# Database: B._cereus_NZ_CP017060.1.fasta
# 0 hits found
# BLASTN 2.13.0+
# Query: ahpC,ahpF
# Database: B._cereus_NZ_CP017060.1.fasta
# 0 hits found
# BLASTN 2.13.0+
# Query: yydF,yydG,yydH,yydI,yydJ
# Database: B._cereus_NZ_CP017060.1.fasta
# 0 hits found
# BLASTN 2.13.0+
# Query: yycN
# Database: B._cereus_NZ_CP017060.1.fasta
# 0 hits found
# BLASTN 2.13.0+
# Query: yycF,yycG,yycH,yycI,yycJ,yyxA
# Database: B._cereus_NZ_CP017060.1.fasta
# 0 hits found
# BLASTN 2.13.0+
# Query: yycC,yycB
# Database: B._cereus_NZ_CP017060.1.fasta
# 0 hits found
# BLASTN 2.13.0+
# Query: yybH,yybI
# Database: B._cereus_NZ_CP017060.1.fasta
# Fields: query acc.ver, subject acc.ver, % identity, alignment length, mismatches, gap opens, q. start, q. end, s. start, s. end, evalue, bit score
# 1 hits found
yybH,yybI	NZ_CP017060.1	90.000	30	2	1	1	29	2527827	2527798	4.51e-04	38.1
# BLASTN 2.13.0+
# Query: yyaO
# Database: B._cereus_NZ_CP017060.1.fasta
# 0 hits found
# BLASTN 2.13.0+
# Query: thdF,gidA,gidB,yyaA
# Database: B._cereus_NZ_CP017060.1.fasta
# 0 hits found
# BLAST processed 138 queries
