# BLASTN 2.13.0+
# Query: dnaA,dnaN
# Database: B._tequilensis_NZ_CP048852.1.fasta
# Fields: query acc.ver, subject acc.ver, % identity, alignment length, mismatches, gap opens, q. start, q. end, s. start, s. end, evalue, bit score
# 1 hits found
dnaA,dnaN	NZ_CP048852.1	97.222	36	0	1	1	35	2674	2709	6.61e-11	60.2
# BLASTN 2.13.0+
# Query: rrnO-16S,trnO-Ile,trnO-Ala,rrnO-23S,rrnO-5S
# Database: B._tequilensis_NZ_CP048852.1.fasta
# Fields: query acc.ver, subject acc.ver, % identity, alignment length, mismatches, gap opens, q. start, q. end, s. start, s. end, evalue, bit score
# 1 hits found
rrnO-16S,trnO-Ile,trnO-Ala,rrnO-23S,rrnO-5S	NZ_CP048852.1	97.059	34	1	0	3	36	14478	14511	2.27e-10	58.4
# BLASTN 2.13.0+
# Query: yaaD,yaaE
# Database: B._tequilensis_NZ_CP048852.1.fasta
# Fields: query acc.ver, subject acc.ver, % identity, alignment length, mismatches, gap opens, q. start, q. end, s. start, s. end, evalue, bit score
# 1 hits found
yaaD,yaaE	NZ_CP048852.1	96.226	53	1	1	1	52	20466	20518	1.63e-18	86.1
# BLASTN 2.13.0+
# Query: metS
# Database: B._tequilensis_NZ_CP048852.1.fasta
# Fields: query acc.ver, subject acc.ver, % identity, alignment length, mismatches, gap opens, q. start, q. end, s. start, s. end, evalue, bit score
# 1 hits found
metS	NZ_CP048852.1	100.000	52	0	0	1	52	47312	47363	7.55e-22	97.1
# BLASTN 2.13.0+
# Query: veg
# Database: B._tequilensis_NZ_CP048852.1.fasta
# Fields: query acc.ver, subject acc.ver, % identity, alignment length, mismatches, gap opens, q. start, q. end, s. start, s. end, evalue, bit score
# 1 hits found
veg	NZ_CP048852.1	100.000	41	0	0	1	41	52899	52939	7.45e-16	76.8
# BLASTN 2.13.0+
# Query: spoVG
# Database: B._tequilensis_NZ_CP048852.1.fasta
# Fields: query acc.ver, subject acc.ver, % identity, alignment length, mismatches, gap opens, q. start, q. end, s. start, s. end, evalue, bit score
# 1 hits found
spoVG	NZ_CP048852.1	95.161	62	3	0	1	62	56053	56114	2.74e-22	99.0
# BLASTN 2.13.0+
# Query: yabM,yabN,yabO,yabP,yabQ,divIC,yabR
# Database: B._tequilensis_NZ_CP048852.1.fasta
# Fields: query acc.ver, subject acc.ver, % identity, alignment length, mismatches, gap opens, q. start, q. end, s. start, s. end, evalue, bit score
# 1 hits found
yabM,yabN,yabO,yabP,yabQ,divIC,yabR	NZ_CP048852.1	95.652	46	0	1	1	44	69917	69962	1.00e-14	73.1
# BLASTN 2.13.0+
# Query: ybaK,cwlD
# Database: B._tequilensis_NZ_CP048852.1.fasta
# Fields: query acc.ver, subject acc.ver, % identity, alignment length, mismatches, gap opens, q. start, q. end, s. start, s. end, evalue, bit score
# 1 hits found
ybaK,cwlD	NZ_CP048852.1	92.308	39	3	0	1	39	157257	157295	8.54e-10	56.5
# BLASTN 2.13.0+
# Query: adaA,adaB
# Database: B._tequilensis_NZ_CP048852.1.fasta
# Fields: query acc.ver, subject acc.ver, % identity, alignment length, mismatches, gap opens, q. start, q. end, s. start, s. end, evalue, bit score
# 1 hits found
adaA,adaB	NZ_CP048852.1	86.585	82	7	4	1	80	201434	201513	8.40e-19	87.9
# BLASTN 2.13.0+
# Query: ybdO
# Database: B._tequilensis_NZ_CP048852.1.fasta
# Fields: query acc.ver, subject acc.ver, % identity, alignment length, mismatches, gap opens, q. start, q. end, s. start, s. end, evalue, bit score
# 1 hits found
ybdO	NZ_CP048852.1	88.889	36	4	0	1	36	220365	220400	2.27e-06	45.4
# BLASTN 2.13.0+
# Query: glpT,glpQ
# Database: B._tequilensis_NZ_CP048852.1.fasta
# 0 hits found
# BLASTN 2.13.0+
# Query: ybgE
# Database: B._tequilensis_NZ_CP048852.1.fasta
# Fields: query acc.ver, subject acc.ver, % identity, alignment length, mismatches, gap opens, q. start, q. end, s. start, s. end, evalue, bit score
# 1 hits found
ybgE	NZ_CP048852.1	97.222	36	1	0	1	36	251819	251854	2.00e-11	62.1
# BLASTN 2.13.0+
# Query: cwlJ
# Database: B._tequilensis_NZ_CP048852.1.fasta
# Fields: query acc.ver, subject acc.ver, % identity, alignment length, mismatches, gap opens, q. start, q. end, s. start, s. end, evalue, bit score
# 1 hits found
cwlJ	NZ_CP048852.1	97.500	40	1	0	1	40	266967	267006	1.15e-13	69.4
# BLASTN 2.13.0+
# Query: natA,natB
# Database: B._tequilensis_NZ_CP048852.1.fasta
# Fields: query acc.ver, subject acc.ver, % identity, alignment length, mismatches, gap opens, q. start, q. end, s. start, s. end, evalue, bit score
# 1 hits found
natA,natB	NZ_CP048852.1	100.000	37	0	0	3	39	282379	282415	1.05e-13	69.4
# BLASTN 2.13.0+
# Query: ldh,lctP
# Database: B._tequilensis_NZ_CP048852.1.fasta
# Fields: query acc.ver, subject acc.ver, % identity, alignment length, mismatches, gap opens, q. start, q. end, s. start, s. end, evalue, bit score
# 1 hits found
ldh,lctP	NZ_CP048852.1	94.872	39	1	1	1	39	316223	316186	8.11e-11	60.2
# BLASTN 2.13.0+
# Query: mdr
# Database: B._tequilensis_NZ_CP048852.1.fasta
# Fields: query acc.ver, subject acc.ver, % identity, alignment length, mismatches, gap opens, q. start, q. end, s. start, s. end, evalue, bit score
# 1 hits found
mdr	NZ_CP048852.1	90.909	44	2	2	1	44	316223	316182	2.92e-10	58.4
# BLASTN 2.13.0+
# Query: nasB,nasC,nasD,nasE,nasF
# Database: B._tequilensis_NZ_CP048852.1.fasta
# Fields: query acc.ver, subject acc.ver, % identity, alignment length, mismatches, gap opens, q. start, q. end, s. start, s. end, evalue, bit score
# 1 hits found
nasB,nasC,nasD,nasE,nasF	NZ_CP048852.1	94.737	38	1	1	5	42	338295	338259	2.59e-10	58.4
# BLASTN 2.13.0+
# Query: yckE
# Database: B._tequilensis_NZ_CP048852.1.fasta
# Fields: query acc.ver, subject acc.ver, % identity, alignment length, mismatches, gap opens, q. start, q. end, s. start, s. end, evalue, bit score
# 1 hits found
yckE	NZ_CP048852.1	93.333	45	3	0	1	45	354631	354675	4.84e-13	67.6
# BLASTN 2.13.0+
# Query: ycxA
# Database: B._tequilensis_NZ_CP048852.1.fasta
# 0 hits found
# BLASTN 2.13.0+
# Query: ycxC,ycxB
# Database: B._tequilensis_NZ_CP048852.1.fasta
# 0 hits found
# BLASTN 2.13.0+
# Query: yclE
# Database: B._tequilensis_NZ_CP048852.1.fasta
# 0 hits found
# BLASTN 2.13.0+
# Query: ycnC,ycnB
# Database: B._tequilensis_NZ_CP048852.1.fasta
# Fields: query acc.ver, subject acc.ver, % identity, alignment length, mismatches, gap opens, q. start, q. end, s. start, s. end, evalue, bit score
# 1 hits found
ycnC,ycnB	NZ_CP048852.1	93.478	46	2	1	1	45	412118	412073	4.84e-13	67.6
# BLASTN 2.13.0+
# Query: ycnL
# Database: B._tequilensis_NZ_CP048852.1.fasta
# Fields: query acc.ver, subject acc.ver, % identity, alignment length, mismatches, gap opens, q. start, q. end, s. start, s. end, evalue, bit score
# 1 hits found
ycnL	NZ_CP048852.1	97.500	40	1	0	1	40	425625	425664	1.10e-13	69.4
# BLASTN 2.13.0+
# Query: ycsD
# Database: B._tequilensis_NZ_CP048852.1.fasta
# Fields: query acc.ver, subject acc.ver, % identity, alignment length, mismatches, gap opens, q. start, q. end, s. start, s. end, evalue, bit score
# 1 hits found
ycsD	NZ_CP048852.1	87.037	54	4	2	1	51	431776	431829	3.56e-10	58.4
# BLASTN 2.13.0+
# Query: mtlR
# Database: B._tequilensis_NZ_CP048852.1.fasta
# Fields: query acc.ver, subject acc.ver, % identity, alignment length, mismatches, gap opens, q. start, q. end, s. start, s. end, evalue, bit score
# 1 hits found
mtlR	NZ_CP048852.1	88.636	44	5	0	1	44	445260	445303	3.63e-09	54.7
# BLASTN 2.13.0+
# Query: gsiB
# Database: B._tequilensis_NZ_CP048852.1.fasta
# Fields: query acc.ver, subject acc.ver, % identity, alignment length, mismatches, gap opens, q. start, q. end, s. start, s. end, evalue, bit score
# 1 hits found
gsiB	NZ_CP048852.1	97.222	36	1	0	1	36	471025	471060	2.34e-11	62.1
# BLASTN 2.13.0+
# Query: phoB,ydhF
# Database: B._tequilensis_NZ_CP048852.1.fasta
# 0 hits found
# BLASTN 2.13.0+
# Query: ydiO,ydiP
# Database: B._tequilensis_NZ_CP048852.1.fasta
# 0 hits found
# BLASTN 2.13.0+
# Query: ydjK
# Database: B._tequilensis_NZ_CP048852.1.fasta
# Fields: query acc.ver, subject acc.ver, % identity, alignment length, mismatches, gap opens, q. start, q. end, s. start, s. end, evalue, bit score
# 1 hits found
ydjK	NZ_CP048852.1	90.323	31	3	0	1	31	640307	640337	2.17e-05	41.7
# BLASTN 2.13.0+
# Query: yfnI
# Database: B._tequilensis_NZ_CP048852.1.fasta
# Fields: query acc.ver, subject acc.ver, % identity, alignment length, mismatches, gap opens, q. start, q. end, s. start, s. end, evalue, bit score
# 1 hits found
yfnI	NZ_CP048852.1	98.077	52	1	0	3	54	735699	735750	4.05e-20	91.6
# BLASTN 2.13.0+
# Query: yfnB
# Database: B._tequilensis_NZ_CP048852.1.fasta
# Fields: query acc.ver, subject acc.ver, % identity, alignment length, mismatches, gap opens, q. start, q. end, s. start, s. end, evalue, bit score
# 1 hits found
yfnB	NZ_CP048852.1	90.000	50	3	2	1	49	742134	742086	7.43e-12	63.9
# BLASTN 2.13.0+
# Query: yfmT,yfmS
# Database: B._tequilensis_NZ_CP048852.1.fasta
# Fields: query acc.ver, subject acc.ver, % identity, alignment length, mismatches, gap opens, q. start, q. end, s. start, s. end, evalue, bit score
# 1 hits found
yfmT,yfmS	NZ_CP048852.1	92.308	39	2	1	6	44	747068	747105	3.63e-09	54.7
# BLASTN 2.13.0+
# Query: yfmM
# Database: B._tequilensis_NZ_CP048852.1.fasta
# Fields: query acc.ver, subject acc.ver, % identity, alignment length, mismatches, gap opens, q. start, q. end, s. start, s. end, evalue, bit score
# 1 hits found
yfmM	NZ_CP048852.1	92.500	40	3	0	1	40	752264	752225	2.38e-10	58.4
# BLASTN 2.13.0+
# Query: yfmG
# Database: B._tequilensis_NZ_CP048852.1.fasta
# Fields: query acc.ver, subject acc.ver, % identity, alignment length, mismatches, gap opens, q. start, q. end, s. start, s. end, evalue, bit score
# 1 hits found
yfmG	NZ_CP048852.1	92.500	40	3	0	1	40	804310	804349	3.56e-10	58.4
# BLASTN 2.13.0+
# Query: citM,yflN
# Database: B._tequilensis_NZ_CP048852.1.fasta
# 0 hits found
# BLASTN 2.13.0+
# Query: treP,treA,treR
# Database: B._tequilensis_NZ_CP048852.1.fasta
# Fields: query acc.ver, subject acc.ver, % identity, alignment length, mismatches, gap opens, q. start, q. end, s. start, s. end, evalue, bit score
# 1 hits found
treP,treA,treR	NZ_CP048852.1	97.619	42	1	0	1	42	788203	788244	9.26e-15	73.1
# BLASTN 2.13.0+
# Query: yfkJ,yfkI,yfkH
# Database: B._tequilensis_NZ_CP048852.1.fasta
# Fields: query acc.ver, subject acc.ver, % identity, alignment length, mismatches, gap opens, q. start, q. end, s. start, s. end, evalue, bit score
# 1 hits found
yfkJ,yfkI,yfkH	NZ_CP048852.1	88.372	43	5	0	1	43	797756	797798	1.36e-08	52.8
# BLASTN 2.13.0+
# Query: yfkF
# Database: B._tequilensis_NZ_CP048852.1.fasta
# Fields: query acc.ver, subject acc.ver, % identity, alignment length, mismatches, gap opens, q. start, q. end, s. start, s. end, evalue, bit score
# 1 hits found
yfkF	NZ_CP048852.1	90.698	43	4	0	1	43	797790	797748	2.92e-10	58.4
# BLASTN 2.13.0+
# Query: yfjS
# Database: B._tequilensis_NZ_CP048852.1.fasta
# 0 hits found
# BLASTN 2.13.0+
# Query: yfjR
# Database: B._tequilensis_NZ_CP048852.1.fasta
# 0 hits found
# BLASTN 2.13.0+
# Query: yfjP,yfjO
# Database: B._tequilensis_NZ_CP048852.1.fasta
# Fields: query acc.ver, subject acc.ver, % identity, alignment length, mismatches, gap opens, q. start, q. end, s. start, s. end, evalue, bit score
# 1 hits found
yfjP,yfjO	NZ_CP048852.1	83.607	61	10	0	1	61	812116	812176	4.64e-10	58.4
# BLASTN 2.13.0+
# Query: acoA,acoB,acoC,acoL
# Database: B._tequilensis_NZ_CP048852.1.fasta
# Fields: query acc.ver, subject acc.ver, % identity, alignment length, mismatches, gap opens, q. start, q. end, s. start, s. end, evalue, bit score
# 1 hits found
acoA,acoB,acoC,acoL	NZ_CP048852.1	87.500	48	5	1	1	47	819730	819777	4.05e-09	54.7
# BLASTN 2.13.0+
# Query: malA,yfiA,malP
# Database: B._tequilensis_NZ_CP048852.1.fasta
# Fields: query acc.ver, subject acc.ver, % identity, alignment length, mismatches, gap opens, q. start, q. end, s. start, s. end, evalue, bit score
# 1 hits found
malA,yfiA,malP	NZ_CP048852.1	97.059	34	1	0	5	38	832859	832892	2.16e-10	58.4
# BLASTN 2.13.0+
# Query: yfiD,yfiE
# Database: B._tequilensis_NZ_CP048852.1.fasta
# Fields: query acc.ver, subject acc.ver, % identity, alignment length, mismatches, gap opens, q. start, q. end, s. start, s. end, evalue, bit score
# 1 hits found
yfiD,yfiE	NZ_CP048852.1	89.474	38	4	0	1	38	837924	837961	1.95e-07	49.1
# BLASTN 2.13.0+
# Query: lipB
# Database: B._tequilensis_NZ_CP048852.1.fasta
# 0 hits found
# BLASTN 2.13.0+
# Query: yfiW,yfiX
# Database: B._tequilensis_NZ_CP048852.1.fasta
# Fields: query acc.ver, subject acc.ver, % identity, alignment length, mismatches, gap opens, q. start, q. end, s. start, s. end, evalue, bit score
# 1 hits found
yfiW,yfiX	NZ_CP048852.1	93.182	44	2	1	1	44	853590	853632	6.03e-12	63.9
# BLASTN 2.13.0+
# Query: yfhF,yfhE,yfhD
# Database: B._tequilensis_NZ_CP048852.1.fasta
# Fields: query acc.ver, subject acc.ver, % identity, alignment length, mismatches, gap opens, q. start, q. end, s. start, s. end, evalue, bit score
# 1 hits found
yfhF,yfhE,yfhD	NZ_CP048852.1	95.556	45	2	0	1	45	858455	858411	1.12e-14	73.1
# BLASTN 2.13.0+
# Query: yfhI
# Database: B._tequilensis_NZ_CP048852.1.fasta
# Fields: query acc.ver, subject acc.ver, % identity, alignment length, mismatches, gap opens, q. start, q. end, s. start, s. end, evalue, bit score
# 1 hits found
yfhI	NZ_CP048852.1	95.122	41	2	0	1	41	862332	862372	1.48e-12	65.8
# BLASTN 2.13.0+
# Query: yfhP
# Database: B._tequilensis_NZ_CP048852.1.fasta
# Fields: query acc.ver, subject acc.ver, % identity, alignment length, mismatches, gap opens, q. start, q. end, s. start, s. end, evalue, bit score
# 1 hits found
yfhP	NZ_CP048852.1	91.111	45	3	1	1	44	868735	868691	7.81e-11	60.2
# BLASTN 2.13.0+
# Query: yfhS
# Database: B._tequilensis_NZ_CP048852.1.fasta
# Fields: query acc.ver, subject acc.ver, % identity, alignment length, mismatches, gap opens, q. start, q. end, s. start, s. end, evalue, bit score
# 1 hits found
yfhS	NZ_CP048852.1	94.595	37	2	0	2	38	870782	870746	2.16e-10	58.4
# BLASTN 2.13.0+
# Query: yhdG
# Database: B._tequilensis_NZ_CP048852.1.fasta
# Fields: query acc.ver, subject acc.ver, % identity, alignment length, mismatches, gap opens, q. start, q. end, s. start, s. end, evalue, bit score
# 1 hits found
yhdG	NZ_CP048852.1	86.047	43	5	1	1	42	955684	955726	2.19e-06	45.4
# BLASTN 2.13.0+
# Query: yhdN,yhdO
# Database: B._tequilensis_NZ_CP048852.1.fasta
# 0 hits found
# BLASTN 2.13.0+
# Query: pbpF
# Database: B._tequilensis_NZ_CP048852.1.fasta
# Fields: query acc.ver, subject acc.ver, % identity, alignment length, mismatches, gap opens, q. start, q. end, s. start, s. end, evalue, bit score
# 1 hits found
pbpF	NZ_CP048852.1	95.652	46	2	0	3	48	1018242	1018287	3.22e-15	75.0
# BLASTN 2.13.0+
# Query: med,comZ
# Database: B._tequilensis_NZ_CP048852.1.fasta
# Fields: query acc.ver, subject acc.ver, % identity, alignment length, mismatches, gap opens, q. start, q. end, s. start, s. end, evalue, bit score
# 1 hits found
med,comZ	NZ_CP048852.1	97.500	40	1	0	1	40	1134123	1134162	1.10e-13	69.4
# BLASTN 2.13.0+
# Query: yjbC,yjbD
# Database: B._tequilensis_NZ_CP048852.1.fasta
# Fields: query acc.ver, subject acc.ver, % identity, alignment length, mismatches, gap opens, q. start, q. end, s. start, s. end, evalue, bit score
# 1 hits found
yjbC,yjbD	NZ_CP048852.1	96.774	31	1	0	1	31	1154423	1154453	1.21e-08	52.8
# BLASTN 2.13.0+
# Query: cotV,cotW,cotX
# Database: B._tequilensis_NZ_CP048852.1.fasta
# Fields: query acc.ver, subject acc.ver, % identity, alignment length, mismatches, gap opens, q. start, q. end, s. start, s. end, evalue, bit score
# 1 hits found
cotV,cotW,cotX	NZ_CP048852.1	97.436	39	1	0	3	41	1177080	1177042	4.13e-13	67.6
# BLASTN 2.13.0+
# Query: yjfB
# Database: B._tequilensis_NZ_CP048852.1.fasta
# Fields: query acc.ver, subject acc.ver, % identity, alignment length, mismatches, gap opens, q. start, q. end, s. start, s. end, evalue, bit score
# 1 hits found
yjfB	NZ_CP048852.1	94.118	51	3	0	1	51	1212805	1212755	2.74e-16	78.7
# BLASTN 2.13.0+
# Query: dppA,dppB,dppC,dppD,dppE
# Database: B._tequilensis_NZ_CP048852.1.fasta
# Fields: query acc.ver, subject acc.ver, % identity, alignment length, mismatches, gap opens, q. start, q. end, s. start, s. end, evalue, bit score
# 1 hits found
dppA,dppB,dppC,dppD,dppE	NZ_CP048852.1	97.778	45	1	0	4	48	1279500	1279544	2.49e-16	78.7
# BLASTN 2.13.0+
# Query: ykzB,ykoL
# Database: B._tequilensis_NZ_CP048852.1.fasta
# Fields: query acc.ver, subject acc.ver, % identity, alignment length, mismatches, gap opens, q. start, q. end, s. start, s. end, evalue, bit score
# 1 hits found
ykzB,ykoL	NZ_CP048852.1	95.349	43	1	1	1	43	1310333	1310374	5.02e-13	67.6
# BLASTN 2.13.0+
# Query: motA,motB
# Database: B._tequilensis_NZ_CP048852.1.fasta
# Fields: query acc.ver, subject acc.ver, % identity, alignment length, mismatches, gap opens, q. start, q. end, s. start, s. end, evalue, bit score
# 1 hits found
motA,motB	NZ_CP048852.1	95.745	47	1	1	1	47	1345762	1345717	3.11e-15	75.0
# BLASTN 2.13.0+
# Query: ptsG,ptsH,ptsI
# Database: B._tequilensis_NZ_CP048852.1.fasta
# Fields: query acc.ver, subject acc.ver, % identity, alignment length, mismatches, gap opens, q. start, q. end, s. start, s. end, evalue, bit score
# 1 hits found
ptsG,ptsH,ptsI	NZ_CP048852.1	97.619	42	1	0	1	42	1370205	1370246	1.00e-14	73.1
# BLASTN 2.13.0+
# Query: kinA
# Database: B._tequilensis_NZ_CP048852.1.fasta
# Fields: query acc.ver, subject acc.ver, % identity, alignment length, mismatches, gap opens, q. start, q. end, s. start, s. end, evalue, bit score
# 1 hits found
kinA	NZ_CP048852.1	97.619	42	0	1	1	42	1380495	1380535	3.47e-14	71.3
# BLASTN 2.13.0+
# Query: sipT
# Database: B._tequilensis_NZ_CP048852.1.fasta
# Fields: query acc.ver, subject acc.ver, % identity, alignment length, mismatches, gap opens, q. start, q. end, s. start, s. end, evalue, bit score
# 1 hits found
sipT	NZ_CP048852.1	91.837	49	2	2	1	47	1417198	1417246	5.20e-13	67.6
# BLASTN 2.13.0+
# Query: ctaA
# Database: B._tequilensis_NZ_CP048852.1.fasta
# Fields: query acc.ver, subject acc.ver, % identity, alignment length, mismatches, gap opens, q. start, q. end, s. start, s. end, evalue, bit score
# 1 hits found
ctaA	NZ_CP048852.1	86.667	45	5	1	1	45	1465488	1465445	2.27e-07	49.1
# BLASTN 2.13.0+
# Query: spoIIGA,sigE,sigG
# Database: B._tequilensis_NZ_CP048852.1.fasta
# Fields: query acc.ver, subject acc.ver, % identity, alignment length, mismatches, gap opens, q. start, q. end, s. start, s. end, evalue, bit score
# 1 hits found
spoIIGA,sigE,sigG	NZ_CP048852.1	93.478	46	3	0	1	46	1513818	1513863	1.50e-13	69.4
# BLASTN 2.13.0+
# Query: cysH,cysP,sat,cysC,ylnD,ylnE,ylnF
# Database: B._tequilensis_NZ_CP048852.1.fasta
# Fields: query acc.ver, subject acc.ver, % identity, alignment length, mismatches, gap opens, q. start, q. end, s. start, s. end, evalue, bit score
# 1 hits found
cysH,cysP,sat,cysC,ylnD,ylnE,ylnF	NZ_CP048852.1	91.111	45	2	2	1	44	1543484	1543527	7.81e-11	60.2
# BLASTN 2.13.0+
# Query: ylqB
# Database: B._tequilensis_NZ_CP048852.1.fasta
# 0 hits found
# BLASTN 2.13.0+
# Query: yneA,yneB,ynzC
# Database: B._tequilensis_NZ_CP048852.1.fasta
# Fields: query acc.ver, subject acc.ver, % identity, alignment length, mismatches, gap opens, q. start, q. end, s. start, s. end, evalue, bit score
# 1 hits found
yneA,yneB,ynzC	NZ_CP048852.1	97.872	47	1	0	1	47	1881775	1881821	1.86e-17	82.4
# BLASTN 2.13.0+
# Query: alsT
# Database: B._tequilensis_NZ_CP048852.1.fasta
# Fields: query acc.ver, subject acc.ver, % identity, alignment length, mismatches, gap opens, q. start, q. end, s. start, s. end, evalue, bit score
# 1 hits found
alsT	NZ_CP048852.1	91.111	45	4	0	1	45	1902303	1902347	2.25e-11	62.1
# BLASTN 2.13.0+
# Query: gltA,gltB
# Database: B._tequilensis_NZ_CP048852.1.fasta
# Fields: query acc.ver, subject acc.ver, % identity, alignment length, mismatches, gap opens, q. start, q. end, s. start, s. end, evalue, bit score
# 1 hits found
gltA,gltB	NZ_CP048852.1	90.000	40	4	0	1	40	2022168	2022129	1.11e-08	52.8
# BLASTN 2.13.0+
# Query: yoaN
# Database: B._tequilensis_NZ_CP048852.1.fasta
# Fields: query acc.ver, subject acc.ver, % identity, alignment length, mismatches, gap opens, q. start, q. end, s. start, s. end, evalue, bit score
# 1 hits found
yoaN	NZ_CP048852.1	89.130	46	2	2	1	43	2053666	2053621	3.49e-09	54.7
# BLASTN 2.13.0+
# Query: xynA
# Database: B._tequilensis_NZ_CP048852.1.fasta
# 0 hits found
# BLASTN 2.13.0+
# Query: des
# Database: B._tequilensis_NZ_CP048852.1.fasta
# Fields: query acc.ver, subject acc.ver, % identity, alignment length, mismatches, gap opens, q. start, q. end, s. start, s. end, evalue, bit score
# 1 hits found
des	NZ_CP048852.1	96.000	50	2	0	1	50	2105728	2105777	2.05e-17	82.4
# BLASTN 2.13.0+
# Query: yocK
# Database: B._tequilensis_NZ_CP048852.1.fasta
# Fields: query acc.ver, subject acc.ver, % identity, alignment length, mismatches, gap opens, q. start, q. end, s. start, s. end, evalue, bit score
# 1 hits found
yocK	NZ_CP048852.1	97.872	47	1	0	3	49	2112183	2112137	1.99e-17	82.4
# BLASTN 2.13.0+
# Query: sspC
# Database: B._tequilensis_NZ_CP048852.1.fasta
# 0 hits found
# BLASTN 2.13.0+
# Query: ilvD
# Database: B._tequilensis_NZ_CP048852.1.fasta
# Fields: query acc.ver, subject acc.ver, % identity, alignment length, mismatches, gap opens, q. start, q. end, s. start, s. end, evalue, bit score
# 1 hits found
ilvD	NZ_CP048852.1	98.780	82	1	0	1	82	2177853	2177772	1.41e-36	147
# BLASTN 2.13.0+
# Query: cotD
# Database: B._tequilensis_NZ_CP048852.1.fasta
# Fields: query acc.ver, subject acc.ver, % identity, alignment length, mismatches, gap opens, q. start, q. end, s. start, s. end, evalue, bit score
# 1 hits found
cotD	NZ_CP048852.1	85.366	41	3	3	3	40	2204868	2204828	8.60e-05	39.9
# BLASTN 2.13.0+
# Query: ypjB
# Database: B._tequilensis_NZ_CP048852.1.fasta
# Fields: query acc.ver, subject acc.ver, % identity, alignment length, mismatches, gap opens, q. start, q. end, s. start, s. end, evalue, bit score
# 1 hits found
ypjB	NZ_CP048852.1	96.970	33	0	1	1	33	2233643	2233612	2.65e-09	54.7
# BLASTN 2.13.0+
# Query: trpE,trpD,trpC,trpF,trpB,trpA,hisC,tyrA,aroE
# Database: B._tequilensis_NZ_CP048852.1.fasta
# Fields: query acc.ver, subject acc.ver, % identity, alignment length, mismatches, gap opens, q. start, q. end, s. start, s. end, evalue, bit score
# 1 hits found
trpE,trpD,trpC,trpF,trpB,trpA,hisC,tyrA,aroE	NZ_CP048852.1	89.744	39	3	1	1	39	2240060	2240023	1.49e-07	49.1
# BLASTN 2.13.0+
# Query: sigX,rsiX
# Database: B._tequilensis_NZ_CP048852.1.fasta
# Fields: query acc.ver, subject acc.ver, % identity, alignment length, mismatches, gap opens, q. start, q. end, s. start, s. end, evalue, bit score
# 1 hits found
sigX,rsiX	NZ_CP048852.1	91.176	34	3	0	1	34	2285772	2285739	4.21e-07	47.3
# BLASTN 2.13.0+
# Query: ypuD
# Database: B._tequilensis_NZ_CP048852.1.fasta
# Fields: query acc.ver, subject acc.ver, % identity, alignment length, mismatches, gap opens, q. start, q. end, s. start, s. end, evalue, bit score
# 1 hits found
ypuD	NZ_CP048852.1	97.727	44	1	0	4	47	2303936	2303893	8.65e-16	76.8
# BLASTN 2.13.0+
# Query: drm,punA
# Database: B._tequilensis_NZ_CP048852.1.fasta
# Fields: query acc.ver, subject acc.ver, % identity, alignment length, mismatches, gap opens, q. start, q. end, s. start, s. end, evalue, bit score
# 1 hits found
drm,punA	NZ_CP048852.1	94.000	50	2	1	1	50	2319323	2319275	3.43e-15	75.0
# BLASTN 2.13.0+
# Query: yqjP,yqjQ,dsdA,coaA,yqjT
# Database: B._tequilensis_NZ_CP048852.1.fasta
# Fields: query acc.ver, subject acc.ver, % identity, alignment length, mismatches, gap opens, q. start, q. end, s. start, s. end, evalue, bit score
# 1 hits found
yqjP,yqjQ,dsdA,coaA,yqjT	NZ_CP048852.1	84.211	38	6	0	6	43	2340993	2340956	3.52e-04	38.1
# BLASTN 2.13.0+
# Query: yqjH,yqjI
# Database: B._tequilensis_NZ_CP048852.1.fasta
# 0 hits found
# BLASTN 2.13.0+
# Query: yqiW
# Database: B._tequilensis_NZ_CP048852.1.fasta
# 0 hits found
# BLASTN 2.13.0+
# Query: spo0A
# Database: B._tequilensis_NZ_CP048852.1.fasta
# Fields: query acc.ver, subject acc.ver, % identity, alignment length, mismatches, gap opens, q. start, q. end, s. start, s. end, evalue, bit score
# 1 hits found
spo0A	NZ_CP048852.1	95.000	60	3	0	4	63	2390962	2390903	4.12e-21	95.3
# BLASTN 2.13.0+
# Query: gcvT,gcvPA,gcvPB
# Database: B._tequilensis_NZ_CP048852.1.fasta
# Fields: query acc.ver, subject acc.ver, % identity, alignment length, mismatches, gap opens, q. start, q. end, s. start, s. end, evalue, bit score
# 1 hits found
gcvT,gcvPA,gcvPB	NZ_CP048852.1	96.552	29	1	0	1	29	2418328	2418356	1.49e-07	49.1
# BLASTN 2.13.0+
# Query: yqxD,dnaG,sigA
# Database: B._tequilensis_NZ_CP048852.1.fasta
# Fields: query acc.ver, subject acc.ver, % identity, alignment length, mismatches, gap opens, q. start, q. end, s. start, s. end, evalue, bit score
# 1 hits found
yqxD,dnaG,sigA	NZ_CP048852.1	95.455	44	2	0	1	44	2472315	2472272	4.02e-14	71.3
# BLASTN 2.13.0+
# Query: comER
# Database: B._tequilensis_NZ_CP048852.1.fasta
# Fields: query acc.ver, subject acc.ver, % identity, alignment length, mismatches, gap opens, q. start, q. end, s. start, s. end, evalue, bit score
# 1 hits found
comER	NZ_CP048852.1	95.238	42	2	0	1	42	2514184	2514225	4.31e-13	67.6
# BLASTN 2.13.0+
# Query: azlB,azlC,azlD,brnQ,yrdK
# Database: B._tequilensis_NZ_CP048852.1.fasta
# 0 hits found
# BLASTN 2.13.0+
# Query: glnQ,glnH,glnM,glnP
# Database: B._tequilensis_NZ_CP048852.1.fasta
# Fields: query acc.ver, subject acc.ver, % identity, alignment length, mismatches, gap opens, q. start, q. end, s. start, s. end, evalue, bit score
# 1 hits found
glnQ,glnH,glnM,glnP	NZ_CP048852.1	88.095	42	4	1	2	42	2620558	2620599	1.56e-07	49.1
# BLASTN 2.13.0+
# Query: yrbD
# Database: B._tequilensis_NZ_CP048852.1.fasta
# Fields: query acc.ver, subject acc.ver, % identity, alignment length, mismatches, gap opens, q. start, q. end, s. start, s. end, evalue, bit score
# 1 hits found
yrbD	NZ_CP048852.1	92.308	39	3	0	2	40	2658359	2658397	1.05e-09	56.5
# BLASTN 2.13.0+
# Query: spoIVFA,spoIVFB
# Database: B._tequilensis_NZ_CP048852.1.fasta
# Fields: query acc.ver, subject acc.ver, % identity, alignment length, mismatches, gap opens, q. start, q. end, s. start, s. end, evalue, bit score
# 1 hits found
spoIVFA,spoIVFB	NZ_CP048852.1	94.231	52	3	0	1	52	2671228	2671177	7.61e-17	80.5
# BLASTN 2.13.0+
# Query: comC
# Database: B._tequilensis_NZ_CP048852.1.fasta
# Fields: query acc.ver, subject acc.ver, % identity, alignment length, mismatches, gap opens, q. start, q. end, s. start, s. end, evalue, bit score
# 1 hits found
comC	NZ_CP048852.1	93.333	45	3	0	1	45	2679652	2679608	4.84e-13	67.6
# BLASTN 2.13.0+
# Query: hemA,hemX,hemC,hemD,hemB,hemL
# Database: B._tequilensis_NZ_CP048852.1.fasta
# Fields: query acc.ver, subject acc.ver, % identity, alignment length, mismatches, gap opens, q. start, q. end, s. start, s. end, evalue, bit score
# 1 hits found
hemA,hemX,hemC,hemD,hemB,hemL	NZ_CP048852.1	87.500	48	3	3	2	46	2688154	2688107	1.41e-08	52.8
# BLASTN 2.13.0+
# Query: ilvB,ilvH,ilvC,leuA,leuB,leuC,leuD
# Database: B._tequilensis_NZ_CP048852.1.fasta
# Fields: query acc.ver, subject acc.ver, % identity, alignment length, mismatches, gap opens, q. start, q. end, s. start, s. end, evalue, bit score
# 1 hits found
ilvB,ilvH,ilvC,leuA,leuB,leuC,leuD	NZ_CP048852.1	93.023	43	2	1	1	43	2704222	2704181	2.09e-11	62.1
# BLASTN 2.13.0+
# Query: araA,araB,araD,araL,araM,araN,araP,araQ,abfA
# Database: B._tequilensis_NZ_CP048852.1.fasta
# 0 hits found
# BLASTN 2.13.0+
# Query: gapB,speD
# Database: B._tequilensis_NZ_CP048852.1.fasta
# Fields: query acc.ver, subject acc.ver, % identity, alignment length, mismatches, gap opens, q. start, q. end, s. start, s. end, evalue, bit score
# 1 hits found
gapB,speD	NZ_CP048852.1	98.485	66	1	0	1	66	2783576	2783511	8.26e-28	117
# BLASTN 2.13.0+
# Query: pfkA,pyk,ytzA
# Database: B._tequilensis_NZ_CP048852.1.fasta
# Fields: query acc.ver, subject acc.ver, % identity, alignment length, mismatches, gap opens, q. start, q. end, s. start, s. end, evalue, bit score
# 1 hits found
pfkA,pyk,ytzA	NZ_CP048852.1	86.364	44	5	1	3	46	2801473	2801431	6.54e-07	47.3
# BLASTN 2.13.0+
# Query: bioW,bioA,bioF,bioD,bioB,bioI,ytbQ
# Database: B._tequilensis_NZ_CP048852.1.fasta
# 0 hits found
# BLASTN 2.13.0+
# Query: asnB,ytnA
# Database: B._tequilensis_NZ_CP048852.1.fasta
# Fields: query acc.ver, subject acc.ver, % identity, alignment length, mismatches, gap opens, q. start, q. end, s. start, s. end, evalue, bit score
# 1 hits found
asnB,ytnA	NZ_CP048852.1	94.286	35	2	0	1	35	2929545	2929511	2.65e-09	54.7
# BLASTN 2.13.0+
# Query: luxS
# Database: B._tequilensis_NZ_CP048852.1.fasta
# Fields: query acc.ver, subject acc.ver, % identity, alignment length, mismatches, gap opens, q. start, q. end, s. start, s. end, evalue, bit score
# 1 hits found
luxS	NZ_CP048852.1	93.878	49	2	1	1	48	2942789	2942741	1.16e-14	73.1
# BLASTN 2.13.0+
# Query: pgi,yugM,yugN
# Database: B._tequilensis_NZ_CP048852.1.fasta
# Fields: query acc.ver, subject acc.ver, % identity, alignment length, mismatches, gap opens, q. start, q. end, s. start, s. end, evalue, bit score
# 1 hits found
pgi,yugM,yugN	NZ_CP048852.1	93.182	44	3	0	1	44	3018622	3018579	1.68e-12	65.8
# BLASTN 2.13.0+
# Query: comA,yuxO
# Database: B._tequilensis_NZ_CP048852.1.fasta
# Fields: query acc.ver, subject acc.ver, % identity, alignment length, mismatches, gap opens, q. start, q. end, s. start, s. end, evalue, bit score
# 1 hits found
comA,yuxO	NZ_CP048852.1	93.617	47	2	1	1	47	3046396	3046351	1.45e-13	69.4
# BLASTN 2.13.0+
# Query: yuxH
# Database: B._tequilensis_NZ_CP048852.1.fasta
# Fields: query acc.ver, subject acc.ver, % identity, alignment length, mismatches, gap opens, q. start, q. end, s. start, s. end, evalue, bit score
# 1 hits found
yuxH	NZ_CP048852.1	90.909	44	4	0	1	44	3051648	3051605	7.81e-11	60.2
# BLASTN 2.13.0+
# Query: pucR,pucJ,pucK,pucL,pucM
# Database: B._tequilensis_NZ_CP048852.1.fasta
# Fields: query acc.ver, subject acc.ver, % identity, alignment length, mismatches, gap opens, q. start, q. end, s. start, s. end, evalue, bit score
# 1 hits found
pucR,pucJ,pucK,pucL,pucM	NZ_CP048852.1	96.774	31	0	1	3	32	3129883	3129853	3.79e-08	51.0
# BLASTN 2.13.0+
# Query: yurR,yurQ,yurP,yurO,yurN,yurM,yurL
# Database: B._tequilensis_NZ_CP048852.1.fasta
# Fields: query acc.ver, subject acc.ver, % identity, alignment length, mismatches, gap opens, q. start, q. end, s. start, s. end, evalue, bit score
# 1 hits found
yurR,yurQ,yurP,yurO,yurN,yurM,yurL	NZ_CP048852.1	97.778	45	1	0	1	45	3149149	3149105	2.24e-16	78.7
# BLASTN 2.13.0+
# Query: cggR,gapA,pgk,tpiA,pgm,eno
# Database: B._tequilensis_NZ_CP048852.1.fasta
# Fields: query acc.ver, subject acc.ver, % identity, alignment length, mismatches, gap opens, q. start, q. end, s. start, s. end, evalue, bit score
# 1 hits found
cggR,gapA,pgk,tpiA,pgm,eno	NZ_CP048852.1	86.111	36	3	2	4	39	3297865	3297832	3.66e-04	38.1
# BLASTN 2.13.0+
# Query: araR
# Database: B._tequilensis_NZ_CP048852.1.fasta
# Fields: query acc.ver, subject acc.ver, % identity, alignment length, mismatches, gap opens, q. start, q. end, s. start, s. end, evalue, bit score
# 1 hits found
araR	NZ_CP048852.1	97.959	49	1	0	1	49	3308076	3308124	1.54e-18	86.1
# BLASTN 2.13.0+
# Query: pbpE,racX
# Database: B._tequilensis_NZ_CP048852.1.fasta
# Fields: query acc.ver, subject acc.ver, % identity, alignment length, mismatches, gap opens, q. start, q. end, s. start, s. end, evalue, bit score
# 1 hits found
pbpE,racX	NZ_CP048852.1	90.476	42	2	2	5	46	3354872	3354833	3.91e-09	54.7
# BLASTN 2.13.0+
# Query: clpP
# Database: B._tequilensis_NZ_CP048852.1.fasta
# Fields: query acc.ver, subject acc.ver, % identity, alignment length, mismatches, gap opens, q. start, q. end, s. start, s. end, evalue, bit score
# 1 hits found
clpP	NZ_CP048852.1	90.698	43	3	1	1	43	3367343	3367384	1.09e-09	56.5
# BLASTN 2.13.0+
# Query: csbA
# Database: B._tequilensis_NZ_CP048852.1.fasta
# Fields: query acc.ver, subject acc.ver, % identity, alignment length, mismatches, gap opens, q. start, q. end, s. start, s. end, evalue, bit score
# 1 hits found
csbA	NZ_CP048852.1	89.130	46	3	2	1	45	3434627	3434583	1.05e-09	56.5
# BLASTN 2.13.0+
# Query: hag
# Database: B._tequilensis_NZ_CP048852.1.fasta
# Fields: query acc.ver, subject acc.ver, % identity, alignment length, mismatches, gap opens, q. start, q. end, s. start, s. end, evalue, bit score
# 1 hits found
hag	NZ_CP048852.1	90.000	40	2	2	1	39	3456279	3456241	4.16e-08	51.0
# BLASTN 2.13.0+
# Query: lytA,lytB,lytC
# Database: B._tequilensis_NZ_CP048852.1.fasta
# Fields: query acc.ver, subject acc.ver, % identity, alignment length, mismatches, gap opens, q. start, q. end, s. start, s. end, evalue, bit score
# 1 hits found
lytA,lytB,lytC	NZ_CP048852.1	97.674	43	1	0	6	48	3480432	3480390	3.22e-15	75.0
# BLASTN 2.13.0+
# Query: mbl,flhO,flhP
# Database: B._tequilensis_NZ_CP048852.1.fasta
# Fields: query acc.ver, subject acc.ver, % identity, alignment length, mismatches, gap opens, q. start, q. end, s. start, s. end, evalue, bit score
# 1 hits found
mbl,flhO,flhP	NZ_CP048852.1	98.649	74	0	1	2	75	3566448	3566376	1.29e-31	130
# BLASTN 2.13.0+
# Query: ureA,ureB,ureC
# Database: B._tequilensis_NZ_CP048852.1.fasta
# Fields: query acc.ver, subject acc.ver, % identity, alignment length, mismatches, gap opens, q. start, q. end, s. start, s. end, evalue, bit score
# 1 hits found
ureA,ureB,ureC	NZ_CP048852.1	92.683	41	2	1	1	41	3595431	3595392	2.48e-10	58.4
# BLASTN 2.13.0+
# Query: ywlF,ywlG
# Database: B._tequilensis_NZ_CP048852.1.fasta
# Fields: query acc.ver, subject acc.ver, % identity, alignment length, mismatches, gap opens, q. start, q. end, s. start, s. end, evalue, bit score
# 1 hits found
ywlF,ywlG	NZ_CP048852.1	97.222	36	1	0	1	36	3623342	3623307	1.50e-11	62.1
# BLASTN 2.13.0+
# Query: yweA
# Database: B._tequilensis_NZ_CP048852.1.fasta
# Fields: query acc.ver, subject acc.ver, % identity, alignment length, mismatches, gap opens, q. start, q. end, s. start, s. end, evalue, bit score
# 1 hits found
yweA	NZ_CP048852.1	88.235	34	3	1	5	38	3709523	3709491	9.78e-05	39.9
# BLASTN 2.13.0+
# Query: sacX,sacY
# Database: B._tequilensis_NZ_CP048852.1.fasta
# Fields: query acc.ver, subject acc.ver, % identity, alignment length, mismatches, gap opens, q. start, q. end, s. start, s. end, evalue, bit score
# 1 hits found
sacX,sacY	NZ_CP048852.1	94.872	39	1	1	1	39	3766468	3766431	7.51e-11	60.2
# BLASTN 2.13.0+
# Query: gspA
# Database: B._tequilensis_NZ_CP048852.1.fasta
# Fields: query acc.ver, subject acc.ver, % identity, alignment length, mismatches, gap opens, q. start, q. end, s. start, s. end, evalue, bit score
# 1 hits found
gspA	NZ_CP048852.1	97.059	34	1	0	1	34	3766436	3766469	2.70e-10	58.4
# BLASTN 2.13.0+
# Query: sigY,yxlC,yxlD,yxlE,yxlF,yxlG
# Database: B._tequilensis_NZ_CP048852.1.fasta
# 0 hits found
# BLASTN 2.13.0+
# Query: yxkJ
# Database: B._tequilensis_NZ_CP048852.1.fasta
# Fields: query acc.ver, subject acc.ver, % identity, alignment length, mismatches, gap opens, q. start, q. end, s. start, s. end, evalue, bit score
# 1 hits found
yxkJ	NZ_CP048852.1	94.000	50	2	1	1	50	3802466	3802514	3.43e-15	75.0
# BLASTN 2.13.0+
# Query: yxjC,scoA,scoB,yxjF
# Database: B._tequilensis_NZ_CP048852.1.fasta
# Fields: query acc.ver, subject acc.ver, % identity, alignment length, mismatches, gap opens, q. start, q. end, s. start, s. end, evalue, bit score
# 1 hits found
yxjC,scoA,scoB,yxjF	NZ_CP048852.1	90.000	50	5	0	1	50	3820552	3820503	2.06e-12	65.8
# BLASTN 2.13.0+
# Query: yxjA
# Database: B._tequilensis_NZ_CP048852.1.fasta
# Fields: query acc.ver, subject acc.ver, % identity, alignment length, mismatches, gap opens, q. start, q. end, s. start, s. end, evalue, bit score
# 1 hits found
yxjA	NZ_CP048852.1	85.106	47	6	1	3	48	3826986	3827032	7.01e-07	47.3
# BLASTN 2.13.0+
# Query: yxiT
# Database: B._tequilensis_NZ_CP048852.1.fasta
# Fields: query acc.ver, subject acc.ver, % identity, alignment length, mismatches, gap opens, q. start, q. end, s. start, s. end, evalue, bit score
# 1 hits found
yxiT	NZ_CP048852.1	84.483	58	8	1	1	57	3827029	3826972	1.48e-09	56.5
# BLASTN 2.13.0+
# Query: wapA,yxxG
# Database: B._tequilensis_NZ_CP048852.1.fasta
# 0 hits found
# BLASTN 2.13.0+
# Query: yxeF,yxeG,yxeH
# Database: B._tequilensis_NZ_CP048852.1.fasta
# 0 hits found
# BLASTN 2.13.0+
# Query: yxdJ,yxdK
# Database: B._tequilensis_NZ_CP048852.1.fasta
# 0 hits found
# BLASTN 2.13.0+
# Query: yxbB,yxbA,yxnB,asnH,yxaM
# Database: B._tequilensis_NZ_CP048852.1.fasta
# 0 hits found
# BLASTN 2.13.0+
# Query: yxaA,yxaB
# Database: B._tequilensis_NZ_CP048852.1.fasta
# Fields: query acc.ver, subject acc.ver, % identity, alignment length, mismatches, gap opens, q. start, q. end, s. start, s. end, evalue, bit score
# 1 hits found
yxaA,yxaB	NZ_CP048852.1	90.698	43	4	0	1	43	3912434	3912392	2.70e-10	58.4
# BLASTN 2.13.0+
# Query: ahpC,ahpF
# Database: B._tequilensis_NZ_CP048852.1.fasta
# Fields: query acc.ver, subject acc.ver, % identity, alignment length, mismatches, gap opens, q. start, q. end, s. start, s. end, evalue, bit score
# 1 hits found
ahpC,ahpF	NZ_CP048852.1	89.583	48	5	0	1	48	3925562	3925609	2.84e-11	62.1
# BLASTN 2.13.0+
# Query: yydF,yydG,yydH,yydI,yydJ
# Database: B._tequilensis_NZ_CP048852.1.fasta
# 0 hits found
# BLASTN 2.13.0+
# Query: yycN
# Database: B._tequilensis_NZ_CP048852.1.fasta
# 0 hits found
# BLASTN 2.13.0+
# Query: yycF,yycG,yycH,yycI,yycJ,yyxA
# Database: B._tequilensis_NZ_CP048852.1.fasta
# Fields: query acc.ver, subject acc.ver, % identity, alignment length, mismatches, gap opens, q. start, q. end, s. start, s. end, evalue, bit score
# 1 hits found
yycF,yycG,yycH,yycI,yycJ,yyxA	NZ_CP048852.1	90.909	33	3	0	1	33	3944274	3944242	2.19e-06	45.4
# BLASTN 2.13.0+
# Query: yycC,yycB
# Database: B._tequilensis_NZ_CP048852.1.fasta
# 0 hits found
# BLASTN 2.13.0+
# Query: yybH,yybI
# Database: B._tequilensis_NZ_CP048852.1.fasta
# 0 hits found
# BLASTN 2.13.0+
# Query: yyaO
# Database: B._tequilensis_NZ_CP048852.1.fasta
# 0 hits found
# BLASTN 2.13.0+
# Query: thdF,gidA,gidB,yyaA
# Database: B._tequilensis_NZ_CP048852.1.fasta
# Fields: query acc.ver, subject acc.ver, % identity, alignment length, mismatches, gap opens, q. start, q. end, s. start, s. end, evalue, bit score
# 1 hits found
thdF,gidA,gidB,yyaA	NZ_CP048852.1	91.429	35	3	0	4	38	4004247	4004213	1.62e-07	49.1
# BLAST processed 138 queries
