# BLASTN 2.13.0+
# Query: dnaA,dnaN
# Database: B._velezensis_NZ_CP009679.1.fasta
# 0 hits found
# BLASTN 2.13.0+
# Query: rrnO-16S,trnO-Ile,trnO-Ala,rrnO-23S,rrnO-5S
# Database: B._velezensis_NZ_CP009679.1.fasta
# 0 hits found
# BLASTN 2.13.0+
# Query: yaaD,yaaE
# Database: B._velezensis_NZ_CP009679.1.fasta
# Fields: query acc.ver, subject acc.ver, % identity, alignment length, mismatches, gap opens, q. start, q. end, s. start, s. end, evalue, bit score
# 1 hits found
yaaD,yaaE	NZ_CP009679.1	94.340	53	2	1	1	52	20757	20809	7.59e-17	80.5
# BLASTN 2.13.0+
# Query: metS
# Database: B._velezensis_NZ_CP009679.1.fasta
# Fields: query acc.ver, subject acc.ver, % identity, alignment length, mismatches, gap opens, q. start, q. end, s. start, s. end, evalue, bit score
# 1 hits found
metS	NZ_CP009679.1	92.308	52	4	0	1	52	48729	48780	3.53e-15	75.0
# BLASTN 2.13.0+
# Query: veg
# Database: B._velezensis_NZ_CP009679.1.fasta
# Fields: query acc.ver, subject acc.ver, % identity, alignment length, mismatches, gap opens, q. start, q. end, s. start, s. end, evalue, bit score
# 1 hits found
veg	NZ_CP009679.1	97.561	41	1	0	1	41	54113	54153	3.46e-14	71.3
# BLASTN 2.13.0+
# Query: spoVG
# Database: B._velezensis_NZ_CP009679.1.fasta
# Fields: query acc.ver, subject acc.ver, % identity, alignment length, mismatches, gap opens, q. start, q. end, s. start, s. end, evalue, bit score
# 1 hits found
spoVG	NZ_CP009679.1	88.525	61	4	3	4	62	57272	57331	5.95e-14	71.3
# BLASTN 2.13.0+
# Query: yabM,yabN,yabO,yabP,yabQ,divIC,yabR
# Database: B._velezensis_NZ_CP009679.1.fasta
# 0 hits found
# BLASTN 2.13.0+
# Query: ybaK,cwlD
# Database: B._velezensis_NZ_CP009679.1.fasta
# Fields: query acc.ver, subject acc.ver, % identity, alignment length, mismatches, gap opens, q. start, q. end, s. start, s. end, evalue, bit score
# 1 hits found
ybaK,cwlD	NZ_CP009679.1	93.103	29	1	1	1	29	152720	152747	2.39e-05	41.7
# BLASTN 2.13.0+
# Query: adaA,adaB
# Database: B._velezensis_NZ_CP009679.1.fasta
# 0 hits found
# BLASTN 2.13.0+
# Query: ybdO
# Database: B._velezensis_NZ_CP009679.1.fasta
# 0 hits found
# BLASTN 2.13.0+
# Query: glpT,glpQ
# Database: B._velezensis_NZ_CP009679.1.fasta
# 0 hits found
# BLASTN 2.13.0+
# Query: ybgE
# Database: B._velezensis_NZ_CP009679.1.fasta
# 0 hits found
# BLASTN 2.13.0+
# Query: cwlJ
# Database: B._velezensis_NZ_CP009679.1.fasta
# 0 hits found
# BLASTN 2.13.0+
# Query: natA,natB
# Database: B._velezensis_NZ_CP009679.1.fasta
# 0 hits found
# BLASTN 2.13.0+
# Query: ldh,lctP
# Database: B._velezensis_NZ_CP009679.1.fasta
# Fields: query acc.ver, subject acc.ver, % identity, alignment length, mismatches, gap opens, q. start, q. end, s. start, s. end, evalue, bit score
# 1 hits found
ldh,lctP	NZ_CP009679.1	87.805	41	2	2	1	38	282536	282576	2.27e-06	45.4
# BLASTN 2.13.0+
# Query: mdr
# Database: B._velezensis_NZ_CP009679.1.fasta
# Fields: query acc.ver, subject acc.ver, % identity, alignment length, mismatches, gap opens, q. start, q. end, s. start, s. end, evalue, bit score
# 1 hits found
mdr	NZ_CP009679.1	84.783	46	3	4	1	43	282573	282529	8.15e-06	43.6
# BLASTN 2.13.0+
# Query: nasB,nasC,nasD,nasE,nasF
# Database: B._velezensis_NZ_CP009679.1.fasta
# 0 hits found
# BLASTN 2.13.0+
# Query: yckE
# Database: B._velezensis_NZ_CP009679.1.fasta
# 0 hits found
# BLASTN 2.13.0+
# Query: ycxA
# Database: B._velezensis_NZ_CP009679.1.fasta
# 0 hits found
# BLASTN 2.13.0+
# Query: ycxC,ycxB
# Database: B._velezensis_NZ_CP009679.1.fasta
# 0 hits found
# BLASTN 2.13.0+
# Query: yclE
# Database: B._velezensis_NZ_CP009679.1.fasta
# 0 hits found
# BLASTN 2.13.0+
# Query: ycnC,ycnB
# Database: B._velezensis_NZ_CP009679.1.fasta
# 0 hits found
# BLASTN 2.13.0+
# Query: ycnL
# Database: B._velezensis_NZ_CP009679.1.fasta
# 0 hits found
# BLASTN 2.13.0+
# Query: ycsD
# Database: B._velezensis_NZ_CP009679.1.fasta
# 0 hits found
# BLASTN 2.13.0+
# Query: mtlR
# Database: B._velezensis_NZ_CP009679.1.fasta
# 0 hits found
# BLASTN 2.13.0+
# Query: gsiB
# Database: B._velezensis_NZ_CP009679.1.fasta
# Fields: query acc.ver, subject acc.ver, % identity, alignment length, mismatches, gap opens, q. start, q. end, s. start, s. end, evalue, bit score
# 1 hits found
gsiB	NZ_CP009679.1	92.308	39	2	1	2	39	448005	448043	3.90e-09	54.7
# BLASTN 2.13.0+
# Query: phoB,ydhF
# Database: B._velezensis_NZ_CP009679.1.fasta
# 0 hits found
# BLASTN 2.13.0+
# Query: ydiO,ydiP
# Database: B._velezensis_NZ_CP009679.1.fasta
# 0 hits found
# BLASTN 2.13.0+
# Query: ydjK
# Database: B._velezensis_NZ_CP009679.1.fasta
# 0 hits found
# BLASTN 2.13.0+
# Query: yfnI
# Database: B._velezensis_NZ_CP009679.1.fasta
# 0 hits found
# BLASTN 2.13.0+
# Query: yfnB
# Database: B._velezensis_NZ_CP009679.1.fasta
# 0 hits found
# BLASTN 2.13.0+
# Query: yfmT,yfmS
# Database: B._velezensis_NZ_CP009679.1.fasta
# 0 hits found
# BLASTN 2.13.0+
# Query: yfmM
# Database: B._velezensis_NZ_CP009679.1.fasta
# 0 hits found
# BLASTN 2.13.0+
# Query: yfmG
# Database: B._velezensis_NZ_CP009679.1.fasta
# 0 hits found
# BLASTN 2.13.0+
# Query: citM,yflN
# Database: B._velezensis_NZ_CP009679.1.fasta
# 0 hits found
# BLASTN 2.13.0+
# Query: treP,treA,treR
# Database: B._velezensis_NZ_CP009679.1.fasta
# 0 hits found
# BLASTN 2.13.0+
# Query: yfkJ,yfkI,yfkH
# Database: B._velezensis_NZ_CP009679.1.fasta
# 0 hits found
# BLASTN 2.13.0+
# Query: yfkF
# Database: B._velezensis_NZ_CP009679.1.fasta
# 0 hits found
# BLASTN 2.13.0+
# Query: yfjS
# Database: B._velezensis_NZ_CP009679.1.fasta
# 0 hits found
# BLASTN 2.13.0+
# Query: yfjR
# Database: B._velezensis_NZ_CP009679.1.fasta
# 0 hits found
# BLASTN 2.13.0+
# Query: yfjP,yfjO
# Database: B._velezensis_NZ_CP009679.1.fasta
# Fields: query acc.ver, subject acc.ver, % identity, alignment length, mismatches, gap opens, q. start, q. end, s. start, s. end, evalue, bit score
# 1 hits found
yfjP,yfjO	NZ_CP009679.1	94.340	53	1	2	1	53	806398	806448	9.89e-17	80.5
# BLASTN 2.13.0+
# Query: acoA,acoB,acoC,acoL
# Database: B._velezensis_NZ_CP009679.1.fasta
# 0 hits found
# BLASTN 2.13.0+
# Query: malA,yfiA,malP
# Database: B._velezensis_NZ_CP009679.1.fasta
# 0 hits found
# BLASTN 2.13.0+
# Query: yfiD,yfiE
# Database: B._velezensis_NZ_CP009679.1.fasta
# 0 hits found
# BLASTN 2.13.0+
# Query: lipB
# Database: B._velezensis_NZ_CP009679.1.fasta
# 0 hits found
# BLASTN 2.13.0+
# Query: yfiW,yfiX
# Database: B._velezensis_NZ_CP009679.1.fasta
# 0 hits found
# BLASTN 2.13.0+
# Query: yfhF,yfhE,yfhD
# Database: B._velezensis_NZ_CP009679.1.fasta
# 0 hits found
# BLASTN 2.13.0+
# Query: yfhI
# Database: B._velezensis_NZ_CP009679.1.fasta
# 0 hits found
# BLASTN 2.13.0+
# Query: yfhP
# Database: B._velezensis_NZ_CP009679.1.fasta
# Fields: query acc.ver, subject acc.ver, % identity, alignment length, mismatches, gap opens, q. start, q. end, s. start, s. end, evalue, bit score
# 1 hits found
yfhP	NZ_CP009679.1	88.095	42	4	1	1	41	851431	851390	1.69e-07	49.1
# BLASTN 2.13.0+
# Query: yfhS
# Database: B._velezensis_NZ_CP009679.1.fasta
# 0 hits found
# BLASTN 2.13.0+
# Query: yhdG
# Database: B._velezensis_NZ_CP009679.1.fasta
# 0 hits found
# BLASTN 2.13.0+
# Query: yhdN,yhdO
# Database: B._velezensis_NZ_CP009679.1.fasta
# 0 hits found
# BLASTN 2.13.0+
# Query: pbpF
# Database: B._velezensis_NZ_CP009679.1.fasta
# Fields: query acc.ver, subject acc.ver, % identity, alignment length, mismatches, gap opens, q. start, q. end, s. start, s. end, evalue, bit score
# 1 hits found
pbpF	NZ_CP009679.1	89.189	37	2	1	9	43	1006075	1006111	2.52e-06	45.4
# BLASTN 2.13.0+
# Query: med,comZ
# Database: B._velezensis_NZ_CP009679.1.fasta
# Fields: query acc.ver, subject acc.ver, % identity, alignment length, mismatches, gap opens, q. start, q. end, s. start, s. end, evalue, bit score
# 1 hits found
med,comZ	NZ_CP009679.1	90.476	42	1	3	1	40	1103619	1103659	1.10e-08	52.8
# BLASTN 2.13.0+
# Query: yjbC,yjbD
# Database: B._velezensis_NZ_CP009679.1.fasta
# 0 hits found
# BLASTN 2.13.0+
# Query: cotV,cotW,cotX
# Database: B._velezensis_NZ_CP009679.1.fasta
# Fields: query acc.ver, subject acc.ver, % identity, alignment length, mismatches, gap opens, q. start, q. end, s. start, s. end, evalue, bit score
# 1 hits found
cotV,cotW,cotX	NZ_CP009679.1	97.436	39	1	0	2	40	1146089	1146051	4.12e-13	67.6
# BLASTN 2.13.0+
# Query: yjfB
# Database: B._velezensis_NZ_CP009679.1.fasta
# 0 hits found
# BLASTN 2.13.0+
# Query: dppA,dppB,dppC,dppD,dppE
# Database: B._velezensis_NZ_CP009679.1.fasta
# 0 hits found
# BLASTN 2.13.0+
# Query: ykzB,ykoL
# Database: B._velezensis_NZ_CP009679.1.fasta
# 0 hits found
# BLASTN 2.13.0+
# Query: motA,motB
# Database: B._velezensis_NZ_CP009679.1.fasta
# 0 hits found
# BLASTN 2.13.0+
# Query: ptsG,ptsH,ptsI
# Database: B._velezensis_NZ_CP009679.1.fasta
# 0 hits found
# BLASTN 2.13.0+
# Query: kinA
# Database: B._velezensis_NZ_CP009679.1.fasta
# 0 hits found
# BLASTN 2.13.0+
# Query: sipT
# Database: B._velezensis_NZ_CP009679.1.fasta
# 0 hits found
# BLASTN 2.13.0+
# Query: ctaA
# Database: B._velezensis_NZ_CP009679.1.fasta
# 0 hits found
# BLASTN 2.13.0+
# Query: spoIIGA,sigE,sigG
# Database: B._velezensis_NZ_CP009679.1.fasta
# 0 hits found
# BLASTN 2.13.0+
# Query: cysH,cysP,sat,cysC,ylnD,ylnE,ylnF
# Database: B._velezensis_NZ_CP009679.1.fasta
# 0 hits found
# BLASTN 2.13.0+
# Query: ylqB
# Database: B._velezensis_NZ_CP009679.1.fasta
# 0 hits found
# BLASTN 2.13.0+
# Query: yneA,yneB,ynzC
# Database: B._velezensis_NZ_CP009679.1.fasta
# Fields: query acc.ver, subject acc.ver, % identity, alignment length, mismatches, gap opens, q. start, q. end, s. start, s. end, evalue, bit score
# 1 hits found
yneA,yneB,ynzC	NZ_CP009679.1	86.842	38	4	1	9	46	1851708	1851744	3.15e-05	41.7
# BLASTN 2.13.0+
# Query: alsT
# Database: B._velezensis_NZ_CP009679.1.fasta
# 0 hits found
# BLASTN 2.13.0+
# Query: gltA,gltB
# Database: B._velezensis_NZ_CP009679.1.fasta
# 0 hits found
# BLASTN 2.13.0+
# Query: yoaN
# Database: B._velezensis_NZ_CP009679.1.fasta
# 0 hits found
# BLASTN 2.13.0+
# Query: xynA
# Database: B._velezensis_NZ_CP009679.1.fasta
# 0 hits found
# BLASTN 2.13.0+
# Query: des
# Database: B._velezensis_NZ_CP009679.1.fasta
# 0 hits found
# BLASTN 2.13.0+
# Query: yocK
# Database: B._velezensis_NZ_CP009679.1.fasta
# 0 hits found
# BLASTN 2.13.0+
# Query: sspC
# Database: B._velezensis_NZ_CP009679.1.fasta
# 0 hits found
# BLASTN 2.13.0+
# Query: ilvD
# Database: B._velezensis_NZ_CP009679.1.fasta
# Fields: query acc.ver, subject acc.ver, % identity, alignment length, mismatches, gap opens, q. start, q. end, s. start, s. end, evalue, bit score
# 1 hits found
ilvD	NZ_CP009679.1	88.889	81	7	2	2	82	2139950	2139872	4.00e-22	99.0
# BLASTN 2.13.0+
# Query: cotD
# Database: B._velezensis_NZ_CP009679.1.fasta
# Fields: query acc.ver, subject acc.ver, % identity, alignment length, mismatches, gap opens, q. start, q. end, s. start, s. end, evalue, bit score
# 1 hits found
cotD	NZ_CP009679.1	90.000	40	1	3	3	40	2169964	2169926	1.43e-07	49.1
# BLASTN 2.13.0+
# Query: ypjB
# Database: B._velezensis_NZ_CP009679.1.fasta
# 0 hits found
# BLASTN 2.13.0+
# Query: trpE,trpD,trpC,trpF,trpB,trpA,hisC,tyrA,aroE
# Database: B._velezensis_NZ_CP009679.1.fasta
# 0 hits found
# BLASTN 2.13.0+
# Query: sigX,rsiX
# Database: B._velezensis_NZ_CP009679.1.fasta
# Fields: query acc.ver, subject acc.ver, % identity, alignment length, mismatches, gap opens, q. start, q. end, s. start, s. end, evalue, bit score
# 1 hits found
sigX,rsiX	NZ_CP009679.1	100.000	20	0	0	15	34	2681675	2681656	2.53e-04	38.1
# BLASTN 2.13.0+
# Query: ypuD
# Database: B._velezensis_NZ_CP009679.1.fasta
# 0 hits found
# BLASTN 2.13.0+
# Query: drm,punA
# Database: B._velezensis_NZ_CP009679.1.fasta
# 0 hits found
# BLASTN 2.13.0+
# Query: yqjP,yqjQ,dsdA,coaA,yqjT
# Database: B._velezensis_NZ_CP009679.1.fasta
# 0 hits found
# BLASTN 2.13.0+
# Query: yqjH,yqjI
# Database: B._velezensis_NZ_CP009679.1.fasta
# 0 hits found
# BLASTN 2.13.0+
# Query: yqiW
# Database: B._velezensis_NZ_CP009679.1.fasta
# 0 hits found
# BLASTN 2.13.0+
# Query: spo0A
# Database: B._velezensis_NZ_CP009679.1.fasta
# 0 hits found
# BLASTN 2.13.0+
# Query: gcvT,gcvPA,gcvPB
# Database: B._velezensis_NZ_CP009679.1.fasta
# 0 hits found
# BLASTN 2.13.0+
# Query: yqxD,dnaG,sigA
# Database: B._velezensis_NZ_CP009679.1.fasta
# Fields: query acc.ver, subject acc.ver, % identity, alignment length, mismatches, gap opens, q. start, q. end, s. start, s. end, evalue, bit score
# 1 hits found
yqxD,dnaG,sigA	NZ_CP009679.1	87.879	33	3	1	4	36	2500480	2500449	4.07e-04	38.1
# BLASTN 2.13.0+
# Query: comER
# Database: B._velezensis_NZ_CP009679.1.fasta
# Fields: query acc.ver, subject acc.ver, % identity, alignment length, mismatches, gap opens, q. start, q. end, s. start, s. end, evalue, bit score
# 1 hits found
comER	NZ_CP009679.1	87.879	33	3	1	1	32	2542342	2542310	3.37e-04	38.1
# BLASTN 2.13.0+
# Query: azlB,azlC,azlD,brnQ,yrdK
# Database: B._velezensis_NZ_CP009679.1.fasta
# 0 hits found
# BLASTN 2.13.0+
# Query: glnQ,glnH,glnM,glnP
# Database: B._velezensis_NZ_CP009679.1.fasta
# 0 hits found
# BLASTN 2.13.0+
# Query: yrbD
# Database: B._velezensis_NZ_CP009679.1.fasta
# 0 hits found
# BLASTN 2.13.0+
# Query: spoIVFA,spoIVFB
# Database: B._velezensis_NZ_CP009679.1.fasta
# Fields: query acc.ver, subject acc.ver, % identity, alignment length, mismatches, gap opens, q. start, q. end, s. start, s. end, evalue, bit score
# 1 hits found
spoIVFA,spoIVFB	NZ_CP009679.1	82.222	45	6	2	9	52	2668323	2668280	4.63e-04	38.1
# BLASTN 2.13.0+
# Query: comC
# Database: B._velezensis_NZ_CP009679.1.fasta
# Fields: query acc.ver, subject acc.ver, % identity, alignment length, mismatches, gap opens, q. start, q. end, s. start, s. end, evalue, bit score
# 1 hits found
comC	NZ_CP009679.1	97.297	37	1	0	1	37	2676721	2676685	6.26e-12	63.9
# BLASTN 2.13.0+
# Query: hemA,hemX,hemC,hemD,hemB,hemL
# Database: B._velezensis_NZ_CP009679.1.fasta
# 0 hits found
# BLASTN 2.13.0+
# Query: ilvB,ilvH,ilvC,leuA,leuB,leuC,leuD
# Database: B._velezensis_NZ_CP009679.1.fasta
# Fields: query acc.ver, subject acc.ver, % identity, alignment length, mismatches, gap opens, q. start, q. end, s. start, s. end, evalue, bit score
# 1 hits found
ilvB,ilvH,ilvC,leuA,leuB,leuC,leuD	NZ_CP009679.1	87.179	39	4	1	1	38	2701378	2701340	7.55e-06	43.6
# BLASTN 2.13.0+
# Query: araA,araB,araD,araL,araM,araN,araP,araQ,abfA
# Database: B._velezensis_NZ_CP009679.1.fasta
# 0 hits found
# BLASTN 2.13.0+
# Query: gapB,speD
# Database: B._velezensis_NZ_CP009679.1.fasta
# Fields: query acc.ver, subject acc.ver, % identity, alignment length, mismatches, gap opens, q. start, q. end, s. start, s. end, evalue, bit score
# 1 hits found
gapB,speD	NZ_CP009679.1	87.037	54	5	2	3	55	2785739	2785687	1.41e-10	60.2
# BLASTN 2.13.0+
# Query: pfkA,pyk,ytzA
# Database: B._velezensis_NZ_CP009679.1.fasta
# 0 hits found
# BLASTN 2.13.0+
# Query: bioW,bioA,bioF,bioD,bioB,bioI,ytbQ
# Database: B._velezensis_NZ_CP009679.1.fasta
# 0 hits found
# BLASTN 2.13.0+
# Query: asnB,ytnA
# Database: B._velezensis_NZ_CP009679.1.fasta
# 0 hits found
# BLASTN 2.13.0+
# Query: luxS
# Database: B._velezensis_NZ_CP009679.1.fasta
# 0 hits found
# BLASTN 2.13.0+
# Query: pgi,yugM,yugN
# Database: B._velezensis_NZ_CP009679.1.fasta
# Fields: query acc.ver, subject acc.ver, % identity, alignment length, mismatches, gap opens, q. start, q. end, s. start, s. end, evalue, bit score
# 1 hits found
pgi,yugM,yugN	NZ_CP009679.1	89.474	38	4	0	6	43	3003795	3003758	1.69e-07	49.1
# BLASTN 2.13.0+
# Query: comA,yuxO
# Database: B._velezensis_NZ_CP009679.1.fasta
# Fields: query acc.ver, subject acc.ver, % identity, alignment length, mismatches, gap opens, q. start, q. end, s. start, s. end, evalue, bit score
# 1 hits found
comA,yuxO	NZ_CP009679.1	84.783	46	6	1	3	47	3036475	3036430	2.43e-06	45.4
# BLASTN 2.13.0+
# Query: yuxH
# Database: B._velezensis_NZ_CP009679.1.fasta
# Fields: query acc.ver, subject acc.ver, % identity, alignment length, mismatches, gap opens, q. start, q. end, s. start, s. end, evalue, bit score
# 1 hits found
yuxH	NZ_CP009679.1	95.833	24	0	1	21	44	3041650	3041628	3.65e-04	38.1
# BLASTN 2.13.0+
# Query: pucR,pucJ,pucK,pucL,pucM
# Database: B._velezensis_NZ_CP009679.1.fasta
# 0 hits found
# BLASTN 2.13.0+
# Query: yurR,yurQ,yurP,yurO,yurN,yurM,yurL
# Database: B._velezensis_NZ_CP009679.1.fasta
# Fields: query acc.ver, subject acc.ver, % identity, alignment length, mismatches, gap opens, q. start, q. end, s. start, s. end, evalue, bit score
# 1 hits found
yurR,yurQ,yurP,yurO,yurN,yurM,yurL	NZ_CP009679.1	91.111	45	4	0	1	45	3127175	3127131	2.25e-11	62.1
# BLASTN 2.13.0+
# Query: cggR,gapA,pgk,tpiA,pgm,eno
# Database: B._velezensis_NZ_CP009679.1.fasta
# 0 hits found
# BLASTN 2.13.0+
# Query: araR
# Database: B._velezensis_NZ_CP009679.1.fasta
# 0 hits found
# BLASTN 2.13.0+
# Query: pbpE,racX
# Database: B._velezensis_NZ_CP009679.1.fasta
# 0 hits found
# BLASTN 2.13.0+
# Query: clpP
# Database: B._velezensis_NZ_CP009679.1.fasta
# Fields: query acc.ver, subject acc.ver, % identity, alignment length, mismatches, gap opens, q. start, q. end, s. start, s. end, evalue, bit score
# 1 hits found
clpP	NZ_CP009679.1	92.105	38	2	1	4	40	3342556	3342593	1.40e-08	52.8
# BLASTN 2.13.0+
# Query: csbA
# Database: B._velezensis_NZ_CP009679.1.fasta
# Fields: query acc.ver, subject acc.ver, % identity, alignment length, mismatches, gap opens, q. start, q. end, s. start, s. end, evalue, bit score
# 1 hits found
csbA	NZ_CP009679.1	88.889	45	5	0	1	45	3399044	3399000	1.05e-09	56.5
# BLASTN 2.13.0+
# Query: hag
# Database: B._velezensis_NZ_CP009679.1.fasta
# 0 hits found
# BLASTN 2.13.0+
# Query: lytA,lytB,lytC
# Database: B._velezensis_NZ_CP009679.1.fasta
# 0 hits found
# BLASTN 2.13.0+
# Query: mbl,flhO,flhP
# Database: B._velezensis_NZ_CP009679.1.fasta
# Fields: query acc.ver, subject acc.ver, % identity, alignment length, mismatches, gap opens, q. start, q. end, s. start, s. end, evalue, bit score
# 1 hits found
mbl,flhO,flhP	NZ_CP009679.1	90.000	70	5	2	6	75	3560626	3560559	2.18e-19	89.8
# BLASTN 2.13.0+
# Query: ureA,ureB,ureC
# Database: B._velezensis_NZ_CP009679.1.fasta
# 0 hits found
# BLASTN 2.13.0+
# Query: ywlF,ywlG
# Database: B._velezensis_NZ_CP009679.1.fasta
# 0 hits found
# BLASTN 2.13.0+
# Query: yweA
# Database: B._velezensis_NZ_CP009679.1.fasta
# 0 hits found
# BLASTN 2.13.0+
# Query: sacX,sacY
# Database: B._velezensis_NZ_CP009679.1.fasta
# 0 hits found
# BLASTN 2.13.0+
# Query: gspA
# Database: B._velezensis_NZ_CP009679.1.fasta
# 0 hits found
# BLASTN 2.13.0+
# Query: sigY,yxlC,yxlD,yxlE,yxlF,yxlG
# Database: B._velezensis_NZ_CP009679.1.fasta
# 0 hits found
# BLASTN 2.13.0+
# Query: yxkJ
# Database: B._velezensis_NZ_CP009679.1.fasta
# 0 hits found
# BLASTN 2.13.0+
# Query: yxjC,scoA,scoB,yxjF
# Database: B._velezensis_NZ_CP009679.1.fasta
# 0 hits found
# BLASTN 2.13.0+
# Query: yxjA
# Database: B._velezensis_NZ_CP009679.1.fasta
# 0 hits found
# BLASTN 2.13.0+
# Query: yxiT
# Database: B._velezensis_NZ_CP009679.1.fasta
# 0 hits found
# BLASTN 2.13.0+
# Query: wapA,yxxG
# Database: B._velezensis_NZ_CP009679.1.fasta
# 0 hits found
# BLASTN 2.13.0+
# Query: yxeF,yxeG,yxeH
# Database: B._velezensis_NZ_CP009679.1.fasta
# 0 hits found
# BLASTN 2.13.0+
# Query: yxdJ,yxdK
# Database: B._velezensis_NZ_CP009679.1.fasta
# Fields: query acc.ver, subject acc.ver, % identity, alignment length, mismatches, gap opens, q. start, q. end, s. start, s. end, evalue, bit score
# 1 hits found
yxdJ,yxdK	NZ_CP009679.1	96.078	51	2	0	1	51	3851425	3851375	6.05e-18	84.2
# BLASTN 2.13.0+
# Query: yxbB,yxbA,yxnB,asnH,yxaM
# Database: B._velezensis_NZ_CP009679.1.fasta
# 0 hits found
# BLASTN 2.13.0+
# Query: yxaA,yxaB
# Database: B._velezensis_NZ_CP009679.1.fasta
# 0 hits found
# BLASTN 2.13.0+
# Query: ahpC,ahpF
# Database: B._velezensis_NZ_CP009679.1.fasta
# 0 hits found
# BLASTN 2.13.0+
# Query: yydF,yydG,yydH,yydI,yydJ
# Database: B._velezensis_NZ_CP009679.1.fasta
# 0 hits found
# BLASTN 2.13.0+
# Query: yycN
# Database: B._velezensis_NZ_CP009679.1.fasta
# 0 hits found
# BLASTN 2.13.0+
# Query: yycF,yycG,yycH,yycI,yycJ,yyxA
# Database: B._velezensis_NZ_CP009679.1.fasta
# 0 hits found
# BLASTN 2.13.0+
# Query: yycC,yycB
# Database: B._velezensis_NZ_CP009679.1.fasta
# 0 hits found
# BLASTN 2.13.0+
# Query: yybH,yybI
# Database: B._velezensis_NZ_CP009679.1.fasta
# 0 hits found
# BLASTN 2.13.0+
# Query: yyaO
# Database: B._velezensis_NZ_CP009679.1.fasta
# 0 hits found
# BLASTN 2.13.0+
# Query: thdF,gidA,gidB,yyaA
# Database: B._velezensis_NZ_CP009679.1.fasta
# 0 hits found
# BLAST processed 138 queries
