# BLASTN 2.13.0+
# Query: X60293.1/246-293 slurp/ecgetrf.pl?CH03783 DE:[Terminator cysB]+
# Database: B._agrestis_NZ_AP023184.1.fasta
# 0 hits found
# BLASTN 2.13.0+
# Query: ECK120010828+
# Database: B._agrestis_NZ_AP023184.1.fasta
# Fields: query acc.ver, subject acc.ver, % identity, alignment length, mismatches, gap opens, q. start, q. end, s. start, s. end, evalue, bit score
# 1 hits found
ECK120010828+	NZ_AP023184.1	84.615	39	6	0	2	40	2162290	2162328	4.90e-04	39.9
# BLASTN 2.13.0+
# Query: X15237.1/1846-1870 slurp/ecgetrf.pl?CH03787 DE:[pot. stem-loop structure]+
# Database: B._agrestis_NZ_AP023184.1.fasta
# 0 hits found
# BLASTN 2.13.0+
# Query: ECK120029528-R+
# Database: B._agrestis_NZ_AP023184.1.fasta
# 0 hits found
# BLASTN 2.13.0+
# Query: ECK120029528-
# Database: B._agrestis_NZ_AP023184.1.fasta
# 0 hits found
# BLASTN 2.13.0+
# Query: X17333.1/1415-1439 slurp/ecgetrf.pl?CH03793 DE:[put. bidirectional transcriptional terminator]-
# Database: B._agrestis_NZ_AP023184.1.fasta
# 0 hits found
# BLASTN 2.13.0+
# Query: X06091.1/1417-1440 slurp/ecgetrf.pl?CH03791 DE:[pot. stem-loop structure; pot. transcription terminator]-
# Database: B._agrestis_NZ_AP023184.1.fasta
# Fields: query acc.ver, subject acc.ver, % identity, alignment length, mismatches, gap opens, q. start, q. end, s. start, s. end, evalue, bit score
# 1 hits found
X06091.1/1417-1440	NZ_AP023184.1	83.019	106	14	4	1	104	1820755	1820652	2.83e-20	93.5
# BLASTN 2.13.0+
# Query: X68192.1/1637-1678 slurp/ecgetrf.pl?CH03795 DE:[terminator II]-
# Database: B._agrestis_NZ_AP023184.1.fasta
# 0 hits found
# BLASTN 2.13.0+
# Query: M87625.1/2270-2297 slurp/ecgetrf.pl?CH03800 DE:[termination sequence]+
# Database: B._agrestis_NZ_AP023184.1.fasta
# 0 hits found
# BLASTN 2.13.0+
# Query: M87049.1/68404-68432 slurp/ecgetrf.pl?CH03923 DE:[terminator-like sequence]+
# Database: B._agrestis_NZ_AP023184.1.fasta
# 0 hits found
# BLASTN 2.13.0+
# Query: X61919.1/257-295 slurp/ecgetrf.pl?CH03803 DE:[crp divergent RNA transcription terminator]-
# Database: B._agrestis_NZ_AP023184.1.fasta
# Fields: query acc.ver, subject acc.ver, % identity, alignment length, mismatches, gap opens, q. start, q. end, s. start, s. end, evalue, bit score
# 1 hits found
X61919.1/257-295	NZ_AP023184.1	84.783	92	14	0	26	117	373310	373219	3.34e-20	93.5
# BLASTN 2.13.0+
# Query: X01653.1/3207-3232 slurp/ecgetrf.pl?CH03805 DE:[pot. stem-loop structure]+
# Database: B._agrestis_NZ_AP023184.1.fasta
# 0 hits found
# BLASTN 2.13.0+
# Query: X05629.1/80-111 slurp/ecgetrf.pl?CH03808 DE:[Terminator deoT]+
# Database: B._agrestis_NZ_AP023184.1.fasta
# 0 hits found
# BLASTN 2.13.0+
# Query: U14003.1/312468-312496 slurp/ecgetrf.pl?CH05099+
# Database: B._agrestis_NZ_AP023184.1.fasta
# 0 hits found
# BLASTN 2.13.0+
# Query: X00547.1/1104-1134 slurp/ecgetrf.pl?CH03811 DE:[Pot. transcription terminator]-
# Database: B._agrestis_NZ_AP023184.1.fasta
# 0 hits found
# BLASTN 2.13.0+
# Query: M84991.1/1269-1309 slurp/ecgetrf.pl?CH03814 DE:[Terminatorfor fatty acid biosynthesis operon]+
# Database: B._agrestis_NZ_AP023184.1.fasta
# Fields: query acc.ver, subject acc.ver, % identity, alignment length, mismatches, gap opens, q. start, q. end, s. start, s. end, evalue, bit score
# 1 hits found
M84991.1/1269-1309	NZ_AP023184.1	94.167	120	7	0	1	120	2756331	2756212	1.94e-47	183
# BLASTN 2.13.0+
# Query: X08087.1/907-941 slurp/ecgetrf.pl?CH03816 DE:[Pot. stem-loop structure; pot. transcription terminator]+
# Database: B._agrestis_NZ_AP023184.1.fasta
# 0 hits found
# BLASTN 2.13.0+
# Query: ECK120048898+
# Database: B._agrestis_NZ_AP023184.1.fasta
# 0 hits found
# BLASTN 2.13.0+
# Query: X63666.1/1540-1567 slurp/ecgetrf.pl?CH03819 DE:[Putative termination signal]+
# Database: B._agrestis_NZ_AP023184.1.fasta
# 0 hits found
# BLASTN 2.13.0+
# Query: X04065.1/1578-1619 slurp/ecgetrf.pl?CH03822 DE:[Stem-loop structure; pot. transcription terminator]-
# Database: B._agrestis_NZ_AP023184.1.fasta
# 0 hits found
# BLASTN 2.13.0+
# Query: X06744.1/2831-2858 slurp/ecgetrf.pl?CH03831 DE:[Put. stem loop structure]-
# Database: B._agrestis_NZ_AP023184.1.fasta
# 0 hits found
# BLASTN 2.13.0+
# Query: X04864.1/495-528 slurp/ecgetrf.pl?CH03835 DE:[Put. transcription terminator]+
# Database: B._agrestis_NZ_AP023184.1.fasta
# 0 hits found
# BLASTN 2.13.0+
# Query: X67700.1/988-1010 slurp/ecgetrf.pl?CH03840 DE:[ORF1 terminator]+
# Database: B._agrestis_NZ_AP023184.1.fasta
# 0 hits found
# BLASTN 2.13.0+
# Query: L12044.1/1999-2037 slurp/ecgetrf.pl?CH03848 DE:[Terminator kch]-
# Database: B._agrestis_NZ_AP023184.1.fasta
# 0 hits found
# BLASTN 2.13.0+
# Query: X14135.1/195-222 slurp/ecgetrf.pl?CH03860 DE:[Pot. stem loop structure]-
# Database: B._agrestis_NZ_AP023184.1.fasta
# Fields: query acc.ver, subject acc.ver, % identity, alignment length, mismatches, gap opens, q. start, q. end, s. start, s. end, evalue, bit score
# 1 hits found
X14135.1/195-222	NZ_AP023184.1	82.456	57	10	0	1	57	3175336	3175280	1.81e-07	51.0
# BLASTN 2.13.0+
# Query: X57402.1/1077-1106 slurp/ecgetrf.pl?CH03864 DE:[Terminator dapA, nlpB]-
# Database: B._agrestis_NZ_AP023184.1.fasta
# Fields: query acc.ver, subject acc.ver, % identity, alignment length, mismatches, gap opens, q. start, q. end, s. start, s. end, evalue, bit score
# 1 hits found
X57402.1/1077-1106	NZ_AP023184.1	78.723	94	17	3	18	110	1217341	1217250	3.08e-10	60.2
# BLASTN 2.13.0+
# Query: ECK120010784-
# Database: B._agrestis_NZ_AP023184.1.fasta
# Fields: query acc.ver, subject acc.ver, % identity, alignment length, mismatches, gap opens, q. start, q. end, s. start, s. end, evalue, bit score
# 1 hits found
ECK120010784-	NZ_AP023184.1	78.431	102	19	3	20	120	1217341	1217242	2.69e-11	63.9
# BLASTN 2.13.0+
# Query: X08035.1/2423-2452 slurp/ecgetrf.pl?CH03870 DE:[pot.stem-loop structure]-
# Database: B._agrestis_NZ_AP023184.1.fasta
# Fields: query acc.ver, subject acc.ver, % identity, alignment length, mismatches, gap opens, q. start, q. end, s. start, s. end, evalue, bit score
# 1 hits found
X08035.1/2423-2452	NZ_AP023184.1	84.444	45	6	1	41	84	2947862	2947818	3.10e-05	43.6
# BLASTN 2.13.0+
# Query: D90227.1/10944-10985 slurp/ecgetrf.pl?CH03874 DE:[pot. terminator 1]-
# Database: B._agrestis_NZ_AP023184.1.fasta
# Fields: query acc.ver, subject acc.ver, % identity, alignment length, mismatches, gap opens, q. start, q. end, s. start, s. end, evalue, bit score
# 1 hits found
D90227.1/10944-10985	NZ_AP023184.1	89.744	39	4	0	47	85	3322993	3323031	2.10e-07	51.0
# BLASTN 2.13.0+
# Query: ECK120035132-R+
# Database: B._agrestis_NZ_AP023184.1.fasta
# Fields: query acc.ver, subject acc.ver, % identity, alignment length, mismatches, gap opens, q. start, q. end, s. start, s. end, evalue, bit score
# 1 hits found
ECK120035132-R+	NZ_AP023184.1	89.744	39	4	0	51	89	3322993	3323031	2.12e-07	51.0
# BLASTN 2.13.0+
# Query: ECK120035132-
# Database: B._agrestis_NZ_AP023184.1.fasta
# Fields: query acc.ver, subject acc.ver, % identity, alignment length, mismatches, gap opens, q. start, q. end, s. start, s. end, evalue, bit score
# 1 hits found
ECK120035132-	NZ_AP023184.1	89.744	39	4	0	51	89	3322993	3323031	2.12e-07	51.0
# BLASTN 2.13.0+
# Query: M94104.1/1639-1668 slurp/ecgetrf.pl?CH03879 DE:[putative termination signal]-
# Database: B._agrestis_NZ_AP023184.1.fasta
# 0 hits found
# BLASTN 2.13.0+
# Query: L10328.1/55847-55820 slurp/ecgetrf.pl?CH03906 DE:[putative termination signal]-
# Database: B._agrestis_NZ_AP023184.1.fasta
# 0 hits found
# BLASTN 2.13.0+
# Query: X04469.1/1953-1977 slurp/ecgetrf.pl?CH03882 DE:[pot. transcription terminator]-
# Database: B._agrestis_NZ_AP023184.1.fasta
# Fields: query acc.ver, subject acc.ver, % identity, alignment length, mismatches, gap opens, q. start, q. end, s. start, s. end, evalue, bit score
# 1 hits found
X04469.1/1953-1977	NZ_AP023184.1	91.228	57	5	0	1	57	2787093	2787037	8.02e-16	78.7
# BLASTN 2.13.0+
# Query: X52363.1/127-157 slurp/ecgetrf.pl?CH03887 DE:[rrfG transcription terminator]+
# Database: B._agrestis_NZ_AP023184.1.fasta
# Fields: query acc.ver, subject acc.ver, % identity, alignment length, mismatches, gap opens, q. start, q. end, s. start, s. end, evalue, bit score
# 1 hits found
X52363.1/127-157	NZ_AP023184.1	90.000	70	7	0	1	70	421077	421146	1.10e-19	91.6
# BLASTN 2.13.0+
# Query: L19201.1/2459-2489 slurp/ecgetrf.pl?CH03932 DE:[putative termination signal]+
# Database: B._agrestis_NZ_AP023184.1.fasta
# Fields: query acc.ver, subject acc.ver, % identity, alignment length, mismatches, gap opens, q. start, q. end, s. start, s. end, evalue, bit score
# 1 hits found
L19201.1/2459-2489	NZ_AP023184.1	89.394	66	7	0	1	66	421081	421146	1.84e-17	84.2
# BLASTN 2.13.0+
# Query: ECK120051382-
# Database: B._agrestis_NZ_AP023184.1.fasta
# Fields: query acc.ver, subject acc.ver, % identity, alignment length, mismatches, gap opens, q. start, q. end, s. start, s. end, evalue, bit score
# 1 hits found
ECK120051382-	NZ_AP023184.1	85.106	94	11	3	51	144	421150	421060	4.18e-20	93.5
# BLASTN 2.13.0+
# Query: BBa_B0010-
# Database: B._agrestis_NZ_AP023184.1.fasta
# Fields: query acc.ver, subject acc.ver, % identity, alignment length, mismatches, gap opens, q. start, q. end, s. start, s. end, evalue, bit score
# 1 hits found
BBa_B0010-	NZ_AP023184.1	85.263	95	11	3	66	160	421150	421059	1.31e-20	95.3
# BLASTN 2.13.0+
# Query: L19201.1/2282-2328 slurp/ecgetrf.pl?CH03931 DE:[putative termination signal]-
# Database: B._agrestis_NZ_AP023184.1.fasta
# Fields: query acc.ver, subject acc.ver, % identity, alignment length, mismatches, gap opens, q. start, q. end, s. start, s. end, evalue, bit score
# 1 hits found
L19201.1/2282-2328	NZ_AP023184.1	83.750	80	10	3	46	125	421150	421074	4.70e-14	73.1
# BLASTN 2.13.0+
# Query: L10328.1/5220-5193 slurp/ecgetrf.pl?CH03902 DE:[putative termination signal]-
# Database: B._agrestis_NZ_AP023184.1.fasta
# Fields: query acc.ver, subject acc.ver, % identity, alignment length, mismatches, gap opens, q. start, q. end, s. start, s. end, evalue, bit score
# 1 hits found
L10328.1/5220-5193	NZ_AP023184.1	80.303	66	8	4	43	106	4460416	4460478	8.42e-06	45.4
# BLASTN 2.13.0+
# Query: ECK120035133-
# Database: B._agrestis_NZ_AP023184.1.fasta
# Fields: query acc.ver, subject acc.ver, % identity, alignment length, mismatches, gap opens, q. start, q. end, s. start, s. end, evalue, bit score
# 1 hits found
ECK120035133-	NZ_AP023184.1	80.000	75	10	4	47	119	4460416	4460487	2.10e-07	51.0
# BLASTN 2.13.0+
# Query: L10328.1/43056-43083 slurp/ecgetrf.pl?CH03904 DE:[putative termination signal]+
# Database: B._agrestis_NZ_AP023184.1.fasta
# Fields: query acc.ver, subject acc.ver, % identity, alignment length, mismatches, gap opens, q. start, q. end, s. start, s. end, evalue, bit score
# 1 hits found
L10328.1/43056-43083	NZ_AP023184.1	78.873	71	12	2	5	72	30631	30561	8.42e-06	45.4
# BLASTN 2.13.0+
# Query: ECK120035136+
# Database: B._agrestis_NZ_AP023184.1.fasta
# Fields: query acc.ver, subject acc.ver, % identity, alignment length, mismatches, gap opens, q. start, q. end, s. start, s. end, evalue, bit score
# 1 hits found
ECK120035136+	NZ_AP023184.1	78.873	71	12	2	15	82	30631	30561	1.03e-05	45.4
# BLASTN 2.13.0+
# Query: L10328.1/43151-43173 slurp/ecgetrf.pl?CH03905 DE:[putative termination signal]+
# Database: B._agrestis_NZ_AP023184.1.fasta
# Fields: query acc.ver, subject acc.ver, % identity, alignment length, mismatches, gap opens, q. start, q. end, s. start, s. end, evalue, bit score
# 1 hits found
L10328.1/43151-43173	NZ_AP023184.1	90.625	32	2	1	1	31	4121040	4121071	1.03e-04	41.7
# BLASTN 2.13.0+
# Query: L10328.1/126639-126661 slurp/ecgetrf.pl?CH03910 DE:[putative termination signal]+
# Database: B._agrestis_NZ_AP023184.1.fasta
# 0 hits found
# BLASTN 2.13.0+
# Query: M87049.1/13395-13431 slurp/ecgetrf.pl?CH03915 DE:[terminator-like sequence]+
# Database: B._agrestis_NZ_AP023184.1.fasta
# 0 hits found
# BLASTN 2.13.0+
# Query: M87049.1/33826-33862 slurp/ecgetrf.pl?CH03918 DE:[terminator-like sequence]+
# Database: B._agrestis_NZ_AP023184.1.fasta
# 0 hits found
# BLASTN 2.13.0+
# Query: M87049.1/39715-39749 slurp/ecgetrf.pl?CH03920 DE:[terminator-like sequence]+
# Database: B._agrestis_NZ_AP023184.1.fasta
# Fields: query acc.ver, subject acc.ver, % identity, alignment length, mismatches, gap opens, q. start, q. end, s. start, s. end, evalue, bit score
# 1 hits found
M87049.1/39715-39749	NZ_AP023184.1	94.000	50	1	2	1	49	4330498	4330450	1.16e-14	75.0
# BLASTN 2.13.0+
# Query: M87049.1/70279-70299 slurp/ecgetrf.pl?CH03924 DE:[terminator-like sequence]+
# Database: B._agrestis_NZ_AP023184.1.fasta
# Fields: query acc.ver, subject acc.ver, % identity, alignment length, mismatches, gap opens, q. start, q. end, s. start, s. end, evalue, bit score
# 1 hits found
M87049.1/70279-70299	NZ_AP023184.1	87.879	33	4	0	67	99	4299163	4299131	3.61e-04	39.9
# BLASTN 2.13.0+
# Query: X13002.1/1005-1031 slurp/ecgetrf.pl?CH03927 DE:[pot. stem-loop structure; pot. transcription terminator]+
# Database: B._agrestis_NZ_AP023184.1.fasta
# 0 hits found
# BLASTN 2.13.0+
# Query: Z23096.1/446-494 slurp/ecgetrf.pl?CH03930 DE:[Terminator Similar to gene dicF of E.coli dicABC]-
# Database: B._agrestis_NZ_AP023184.1.fasta
# 0 hits found
# BLASTN 2.13.0+
# Query: L19201.1/12884-12927 slurp/ecgetrf.pl?CH03935 DE:[putative termination signal]+
# Database: B._agrestis_NZ_AP023184.1.fasta
# Fields: query acc.ver, subject acc.ver, % identity, alignment length, mismatches, gap opens, q. start, q. end, s. start, s. end, evalue, bit score
# 1 hits found
L19201.1/12884-12927	NZ_AP023184.1	85.470	117	16	1	7	123	4497004	4496889	1.61e-28	121
# BLASTN 2.13.0+
# Query: ECK120010799+
# Database: B._agrestis_NZ_AP023184.1.fasta
# Fields: query acc.ver, subject acc.ver, % identity, alignment length, mismatches, gap opens, q. start, q. end, s. start, s. end, evalue, bit score
# 1 hits found
ECK120010799+	NZ_AP023184.1	85.470	117	16	1	20	136	4497004	4496889	1.85e-28	121
# BLASTN 2.13.0+
# Query: L19201.1/63111-63151 slurp/ecgetrf.pl?CH03938 DE:[putative termination signal]+
# Database: B._agrestis_NZ_AP023184.1.fasta
# 0 hits found
# BLASTN 2.13.0+
# Query: L19201.1/71476-71507 slurp/ecgetrf.pl?CH03941 DE:[putative termination signal]+
# Database: B._agrestis_NZ_AP023184.1.fasta
# 0 hits found
# BLASTN 2.13.0+
# Query: L19201.1/82018-81996 slurp/ecgetrf.pl?CH03944 DE:[putative termination signal]-
# Database: B._agrestis_NZ_AP023184.1.fasta
# 0 hits found
# BLASTN 2.13.0+
# Query: ECK120010852-R+
# Database: B._agrestis_NZ_AP023184.1.fasta
# Fields: query acc.ver, subject acc.ver, % identity, alignment length, mismatches, gap opens, q. start, q. end, s. start, s. end, evalue, bit score
# 1 hits found
ECK120010852-R+	NZ_AP023184.1	86.667	45	5	1	75	118	4413493	4413449	7.25e-07	49.1
# BLASTN 2.13.0+
# Query: ECK120010852-
# Database: B._agrestis_NZ_AP023184.1.fasta
# Fields: query acc.ver, subject acc.ver, % identity, alignment length, mismatches, gap opens, q. start, q. end, s. start, s. end, evalue, bit score
# 1 hits found
ECK120010852-	NZ_AP023184.1	86.667	45	5	1	75	118	4413493	4413449	7.25e-07	49.1
# BLASTN 2.13.0+
# Query: U14003.1/28964-28938 slurp/ecgetrf.pl?CH05080-
# Database: B._agrestis_NZ_AP023184.1.fasta
# 0 hits found
# BLASTN 2.13.0+
# Query: U14003.1/28964-28938 slurp/ecgetrf.pl?CH05080-
# Database: B._agrestis_NZ_AP023184.1.fasta
# 0 hits found
# BLASTN 2.13.0+
# Query: seq10161 slurp/ecgetrf.pl?CH05080.1-
# Database: B._agrestis_NZ_AP023184.1.fasta
# 0 hits found
# BLASTN 2.13.0+
# Query: seq10161 slurp/ecgetrf.pl?CH05080.1-
# Database: B._agrestis_NZ_AP023184.1.fasta
# 0 hits found
# BLASTN 2.13.0+
# Query: seq10161 slurp/ecgetrf.pl?CH05080.1-
# Database: B._agrestis_NZ_AP023184.1.fasta
# 0 hits found
# BLASTN 2.13.0+
# Query: seq10161 slurp/ecgetrf.pl?CH05080.1-
# Database: B._agrestis_NZ_AP023184.1.fasta
# 0 hits found
# BLASTN 2.13.0+
# Query: U14003.1/53366-53342 slurp/ecgetrf.pl?CH05082+
# Database: B._agrestis_NZ_AP023184.1.fasta
# Fields: query acc.ver, subject acc.ver, % identity, alignment length, mismatches, gap opens, q. start, q. end, s. start, s. end, evalue, bit score
# 1 hits found
U14003.1/53366-53342	NZ_AP023184.1	96.875	32	1	0	1	32	4061380	4061411	1.35e-08	54.7
# BLASTN 2.13.0+
# Query: U14003.1/69815-69791 slurp/ecgetrf.pl?CH05086-
# Database: B._agrestis_NZ_AP023184.1.fasta
# 0 hits found
# BLASTN 2.13.0+
# Query: ECK120010861-R+
# Database: B._agrestis_NZ_AP023184.1.fasta
# 0 hits found
# BLASTN 2.13.0+
# Query: frd_ampC-
# Database: B._agrestis_NZ_AP023184.1.fasta
# 0 hits found
# BLASTN 2.13.0+
# Query: U14003.1/117410-117437 slurp/ecgetrf.pl?CH05089+
# Database: B._agrestis_NZ_AP023184.1.fasta
# 0 hits found
# BLASTN 2.13.0+
# Query: U14003.1/161794-161766 slurp/ecgetrf.pl?CH05091-
# Database: B._agrestis_NZ_AP023184.1.fasta
# 0 hits found
# BLASTN 2.13.0+
# Query: J01636.1/1170-1210 slurp/ecgetrf.pl?CH05936 DE:[terminator overlapping CAP site]-
# Database: B._agrestis_NZ_AP023184.1.fasta
# 0 hits found
# BLASTN 2.13.0+
# Query: ECK120033737+
# Database: B._agrestis_NZ_AP023184.1.fasta
# Fields: query acc.ver, subject acc.ver, % identity, alignment length, mismatches, gap opens, q. start, q. end, s. start, s. end, evalue, bit score
# 1 hits found
ECK120033737+	NZ_AP023184.1	85.507	138	14	6	3	136	646969	647104	4.95e-34	139
# BLASTN 2.13.0+
# Query: ECK120034435-
# Database: B._agrestis_NZ_AP023184.1.fasta
# Fields: query acc.ver, subject acc.ver, % identity, alignment length, mismatches, gap opens, q. start, q. end, s. start, s. end, evalue, bit score
# 1 hits found
ECK120034435-	NZ_AP023184.1	96.154	52	2	0	86	137	514994	514943	6.60e-18	86.1
# BLASTN 2.13.0+
# Query: ECK120034435-R+
# Database: B._agrestis_NZ_AP023184.1.fasta
# Fields: query acc.ver, subject acc.ver, % identity, alignment length, mismatches, gap opens, q. start, q. end, s. start, s. end, evalue, bit score
# 1 hits found
ECK120034435-R+	NZ_AP023184.1	96.154	52	2	0	86	137	514994	514943	6.60e-18	86.1
# BLASTN 2.13.0+
# Query: ECK120010818-
# Database: B._agrestis_NZ_AP023184.1.fasta
# Fields: query acc.ver, subject acc.ver, % identity, alignment length, mismatches, gap opens, q. start, q. end, s. start, s. end, evalue, bit score
# 1 hits found
ECK120010818-	NZ_AP023184.1	93.548	31	2	0	43	73	4080291	4080321	3.03e-06	47.3
# BLASTN 2.13.0+
# Query: ECK120010794-R+
# Database: B._agrestis_NZ_AP023184.1.fasta
# Fields: query acc.ver, subject acc.ver, % identity, alignment length, mismatches, gap opens, q. start, q. end, s. start, s. end, evalue, bit score
# 1 hits found
ECK120010794-R+	NZ_AP023184.1	93.548	31	2	0	40	70	4080291	4080321	2.50e-06	47.3
# BLASTN 2.13.0+
# Query: ECK120010793-R+
# Database: B._agrestis_NZ_AP023184.1.fasta
# Fields: query acc.ver, subject acc.ver, % identity, alignment length, mismatches, gap opens, q. start, q. end, s. start, s. end, evalue, bit score
# 1 hits found
ECK120010793-R+	NZ_AP023184.1	93.548	31	2	0	40	70	4080291	4080321	2.50e-06	47.3
# BLASTN 2.13.0+
# Query: ECK120010793-
# Database: B._agrestis_NZ_AP023184.1.fasta
# Fields: query acc.ver, subject acc.ver, % identity, alignment length, mismatches, gap opens, q. start, q. end, s. start, s. end, evalue, bit score
# 1 hits found
ECK120010793-	NZ_AP023184.1	93.548	31	2	0	40	70	4080291	4080321	2.50e-06	47.3
# BLASTN 2.13.0+
# Query: ECK120010869+
# Database: B._agrestis_NZ_AP023184.1.fasta
# Fields: query acc.ver, subject acc.ver, % identity, alignment length, mismatches, gap opens, q. start, q. end, s. start, s. end, evalue, bit score
# 1 hits found
ECK120010869+	NZ_AP023184.1	100.000	30	0	0	47	76	1432805	1432776	4.20e-09	56.5
# BLASTN 2.13.0+
# Query: ECK120030221-R-
# Database: B._agrestis_NZ_AP023184.1.fasta
# Fields: query acc.ver, subject acc.ver, % identity, alignment length, mismatches, gap opens, q. start, q. end, s. start, s. end, evalue, bit score
# 1 hits found
ECK120030221-R-	NZ_AP023184.1	100.000	21	0	0	50	70	985965	985985	4.27e-04	39.9
# BLASTN 2.13.0+
# Query: ECK120030221+
# Database: B._agrestis_NZ_AP023184.1.fasta
# Fields: query acc.ver, subject acc.ver, % identity, alignment length, mismatches, gap opens, q. start, q. end, s. start, s. end, evalue, bit score
# 1 hits found
ECK120030221+	NZ_AP023184.1	100.000	21	0	0	50	70	985965	985985	4.27e-04	39.9
# BLASTN 2.13.0+
# Query: ECK120010832-R+
# Database: B._agrestis_NZ_AP023184.1.fasta
# Fields: query acc.ver, subject acc.ver, % identity, alignment length, mismatches, gap opens, q. start, q. end, s. start, s. end, evalue, bit score
# 1 hits found
ECK120010832-R+	NZ_AP023184.1	81.690	71	12	1	46	115	2547834	2547764	1.17e-09	58.4
# BLASTN 2.13.0+
# Query: ECK120010832-
# Database: B._agrestis_NZ_AP023184.1.fasta
# Fields: query acc.ver, subject acc.ver, % identity, alignment length, mismatches, gap opens, q. start, q. end, s. start, s. end, evalue, bit score
# 1 hits found
ECK120010832-	NZ_AP023184.1	81.690	71	12	1	46	115	2547834	2547764	1.17e-09	58.4
# BLASTN 2.13.0+
# Query: ECK120051401-
# Database: B._agrestis_NZ_AP023184.1.fasta
# Fields: query acc.ver, subject acc.ver, % identity, alignment length, mismatches, gap opens, q. start, q. end, s. start, s. end, evalue, bit score
# 1 hits found
ECK120051401-	NZ_AP023184.1	94.444	90	5	0	1	90	1410696	1410785	4.56e-34	139
# BLASTN 2.13.0+
# Query: tonB_P14-
# Database: B._agrestis_NZ_AP023184.1.fasta
# 0 hits found
# BLASTN 2.13.0+
# Query: ECK120010792+
# Database: B._agrestis_NZ_AP023184.1.fasta
# 0 hits found
# BLASTN 2.13.0+
# Query: tonB+
# Database: B._agrestis_NZ_AP023184.1.fasta
# 0 hits found
# BLASTN 2.13.0+
# Query: pyrBI-
# Database: B._agrestis_NZ_AP023184.1.fasta
# Fields: query acc.ver, subject acc.ver, % identity, alignment length, mismatches, gap opens, q. start, q. end, s. start, s. end, evalue, bit score
# 1 hits found
pyrBI-	NZ_AP023184.1	77.982	109	11	11	1	98	549471	549577	3.93e-09	56.5
# BLASTN 2.13.0+
# Query: ilvBN+
# Database: B._agrestis_NZ_AP023184.1.fasta
# Fields: query acc.ver, subject acc.ver, % identity, alignment length, mismatches, gap opens, q. start, q. end, s. start, s. end, evalue, bit score
# 1 hits found
ilvBN+	NZ_AP023184.1	88.732	71	3	4	10	77	4359177	4359109	7.00e-17	82.4
# BLASTN 2.13.0+
# Query: ECK120010797+
# Database: B._agrestis_NZ_AP023184.1.fasta
# Fields: query acc.ver, subject acc.ver, % identity, alignment length, mismatches, gap opens, q. start, q. end, s. start, s. end, evalue, bit score
# 1 hits found
ECK120010797+	NZ_AP023184.1	90.000	30	3	0	2	31	1253975	1253946	4.36e-04	39.9
# BLASTN 2.13.0+
# Query: ECK120015452+
# Database: B._agrestis_NZ_AP023184.1.fasta
# 0 hits found
# BLASTN 2.13.0+
# Query: ECK120010815-
# Database: B._agrestis_NZ_AP023184.1.fasta
# 0 hits found
# BLASTN 2.13.0+
# Query: ECK120010815-R+
# Database: B._agrestis_NZ_AP023184.1.fasta
# 0 hits found
# BLASTN 2.13.0+
# Query: ECK120051385-
# Database: B._agrestis_NZ_AP023184.1.fasta
# Fields: query acc.ver, subject acc.ver, % identity, alignment length, mismatches, gap opens, q. start, q. end, s. start, s. end, evalue, bit score
# 1 hits found
ECK120051385-	NZ_AP023184.1	83.951	81	10	3	39	116	1140990	1140910	1.33e-14	75.0
# BLASTN 2.13.0+
# Query: ECK120010846+
# Database: B._agrestis_NZ_AP023184.1.fasta
# 0 hits found
# BLASTN 2.13.0+
# Query: ECK120010853+
# Database: B._agrestis_NZ_AP023184.1.fasta
# 0 hits found
# BLASTN 2.13.0+
# Query: ECK120010825-
# Database: B._agrestis_NZ_AP023184.1.fasta
# 0 hits found
# BLASTN 2.13.0+
# Query: ECK120010825-R+
# Database: B._agrestis_NZ_AP023184.1.fasta
# 0 hits found
# BLASTN 2.13.0+
# Query: ECK120010833-
# Database: B._agrestis_NZ_AP023184.1.fasta
# 0 hits found
# BLASTN 2.13.0+
# Query: ECK120010833-R+
# Database: B._agrestis_NZ_AP023184.1.fasta
# 0 hits found
# BLASTN 2.13.0+
# Query: ECK120011170-
# Database: B._agrestis_NZ_AP023184.1.fasta
# Fields: query acc.ver, subject acc.ver, % identity, alignment length, mismatches, gap opens, q. start, q. end, s. start, s. end, evalue, bit score
# 1 hits found
ECK120011170-	NZ_AP023184.1	90.323	31	2	1	46	75	40778	40748	4.41e-04	39.9
# BLASTN 2.13.0+
# Query: ECK120011170-R+
# Database: B._agrestis_NZ_AP023184.1.fasta
# Fields: query acc.ver, subject acc.ver, % identity, alignment length, mismatches, gap opens, q. start, q. end, s. start, s. end, evalue, bit score
# 1 hits found
ECK120011170-R+	NZ_AP023184.1	90.323	31	2	1	46	75	40778	40748	4.41e-04	39.9
# BLASTN 2.13.0+
# Query: ECK120010866-R+
# Database: B._agrestis_NZ_AP023184.1.fasta
# 0 hits found
# BLASTN 2.13.0+
# Query: ECK120010866-
# Database: B._agrestis_NZ_AP023184.1.fasta
# 0 hits found
# BLASTN 2.13.0+
# Query: ECK120034551+
# Database: B._agrestis_NZ_AP023184.1.fasta
# 0 hits found
# BLASTN 2.13.0+
# Query: ECK120020525-
# Database: B._agrestis_NZ_AP023184.1.fasta
# Fields: query acc.ver, subject acc.ver, % identity, alignment length, mismatches, gap opens, q. start, q. end, s. start, s. end, evalue, bit score
# 1 hits found
ECK120020525-	NZ_AP023184.1	90.179	112	9	2	1	111	515324	515214	8.80e-36	145
# BLASTN 2.13.0+
# Query: ECK120020525-R+
# Database: B._agrestis_NZ_AP023184.1.fasta
# Fields: query acc.ver, subject acc.ver, % identity, alignment length, mismatches, gap opens, q. start, q. end, s. start, s. end, evalue, bit score
# 1 hits found
ECK120020525-R+	NZ_AP023184.1	90.179	112	9	2	1	111	515324	515214	8.80e-36	145
# BLASTN 2.13.0+
# Query: nusA_infB-
# Database: B._agrestis_NZ_AP023184.1.fasta
# Fields: query acc.ver, subject acc.ver, % identity, alignment length, mismatches, gap opens, q. start, q. end, s. start, s. end, evalue, bit score
# 1 hits found
nusA_infB-	NZ_AP023184.1	92.857	140	9	1	1	139	515362	515223	6.65e-53	202
# BLASTN 2.13.0+
# Query: ECK120020526-R+
# Database: B._agrestis_NZ_AP023184.1.fasta
# Fields: query acc.ver, subject acc.ver, % identity, alignment length, mismatches, gap opens, q. start, q. end, s. start, s. end, evalue, bit score
# 1 hits found
ECK120020526-R+	NZ_AP023184.1	94.690	113	6	0	1	113	515365	515253	3.02e-45	176
# BLASTN 2.13.0+
# Query: ECK120020526-
# Database: B._agrestis_NZ_AP023184.1.fasta
# Fields: query acc.ver, subject acc.ver, % identity, alignment length, mismatches, gap opens, q. start, q. end, s. start, s. end, evalue, bit score
# 1 hits found
ECK120020526-	NZ_AP023184.1	94.690	113	6	0	1	113	515365	515253	3.02e-45	176
# BLASTN 2.13.0+
# Query: ECK120034436+
# Database: B._agrestis_NZ_AP023184.1.fasta
# 0 hits found
# BLASTN 2.13.0+
# Query: ECK120021270-
# Database: B._agrestis_NZ_AP023184.1.fasta
# Fields: query acc.ver, subject acc.ver, % identity, alignment length, mismatches, gap opens, q. start, q. end, s. start, s. end, evalue, bit score
# 1 hits found
ECK120021270-	NZ_AP023184.1	87.671	73	9	0	41	113	2631539	2631611	5.64e-18	86.1
# BLASTN 2.13.0+
# Query: ECK120021270-R+
# Database: B._agrestis_NZ_AP023184.1.fasta
# Fields: query acc.ver, subject acc.ver, % identity, alignment length, mismatches, gap opens, q. start, q. end, s. start, s. end, evalue, bit score
# 1 hits found
ECK120021270-R+	NZ_AP023184.1	87.671	73	9	0	41	113	2631539	2631611	5.64e-18	86.1
# BLASTN 2.13.0+
# Query: ECK125095454+
# Database: B._agrestis_NZ_AP023184.1.fasta
# Fields: query acc.ver, subject acc.ver, % identity, alignment length, mismatches, gap opens, q. start, q. end, s. start, s. end, evalue, bit score
# 1 hits found
ECK125095454+	NZ_AP023184.1	83.562	73	10	1	3	75	3658045	3657975	2.00e-12	67.6
# BLASTN 2.13.0+
# Query: ECK120010874-
# Database: B._agrestis_NZ_AP023184.1.fasta
# Fields: query acc.ver, subject acc.ver, % identity, alignment length, mismatches, gap opens, q. start, q. end, s. start, s. end, evalue, bit score
# 1 hits found
ECK120010874-	NZ_AP023184.1	88.333	120	12	2	1	119	396390	396272	3.27e-35	143
# BLASTN 2.13.0+
# Query: ECK120010874-R+
# Database: B._agrestis_NZ_AP023184.1.fasta
# Fields: query acc.ver, subject acc.ver, % identity, alignment length, mismatches, gap opens, q. start, q. end, s. start, s. end, evalue, bit score
# 1 hits found
ECK120010874-R+	NZ_AP023184.1	88.333	120	12	2	1	119	396390	396272	3.27e-35	143
# BLASTN 2.13.0+
# Query: ECK120010796-
# Database: B._agrestis_NZ_AP023184.1.fasta
# Fields: query acc.ver, subject acc.ver, % identity, alignment length, mismatches, gap opens, q. start, q. end, s. start, s. end, evalue, bit score
# 1 hits found
ECK120010796-	NZ_AP023184.1	91.667	84	6	1	42	124	966319	966236	7.62e-27	115
# BLASTN 2.13.0+
# Query: ECK120010796-R+
# Database: B._agrestis_NZ_AP023184.1.fasta
# Fields: query acc.ver, subject acc.ver, % identity, alignment length, mismatches, gap opens, q. start, q. end, s. start, s. end, evalue, bit score
# 1 hits found
ECK120010796-R+	NZ_AP023184.1	91.667	84	6	1	42	124	966319	966236	7.62e-27	115
# BLASTN 2.13.0+
# Query: ECK120030218+
# Database: B._agrestis_NZ_AP023184.1.fasta
# 0 hits found
# BLASTN 2.13.0+
# Query: ECK120020528-
# Database: B._agrestis_NZ_AP023184.1.fasta
# 0 hits found
# BLASTN 2.13.0+
# Query: ECK120020528-R+
# Database: B._agrestis_NZ_AP023184.1.fasta
# 0 hits found
# BLASTN 2.13.0+
# Query: ECK120033265+
# Database: B._agrestis_NZ_AP023184.1.fasta
# 0 hits found
# BLASTN 2.13.0+
# Query: ECK120010834+
# Database: B._agrestis_NZ_AP023184.1.fasta
# Fields: query acc.ver, subject acc.ver, % identity, alignment length, mismatches, gap opens, q. start, q. end, s. start, s. end, evalue, bit score
# 1 hits found
ECK120010834+	NZ_AP023184.1	92.000	75	3	3	24	96	3846863	3846936	6.21e-23	102
# BLASTN 2.13.0+
# Query: trp-
# Database: B._agrestis_NZ_AP023184.1.fasta
# Fields: query acc.ver, subject acc.ver, % identity, alignment length, mismatches, gap opens, q. start, q. end, s. start, s. end, evalue, bit score
# 1 hits found
trp-	NZ_AP023184.1	87.013	77	5	5	3	77	2152389	2152462	6.42e-17	82.4
# BLASTN 2.13.0+
# Query: ECK120010841-
# Database: B._agrestis_NZ_AP023184.1.fasta
# 0 hits found
# BLASTN 2.13.0+
# Query: ECK120010841-R+
# Database: B._agrestis_NZ_AP023184.1.fasta
# 0 hits found
# BLASTN 2.13.0+
# Query: ECK120030673+
# Database: B._agrestis_NZ_AP023184.1.fasta
# 0 hits found
# BLASTN 2.13.0+
# Query: ECK120029530-
# Database: B._agrestis_NZ_AP023184.1.fasta
# 0 hits found
# BLASTN 2.13.0+
# Query: ECK120029530-R+
# Database: B._agrestis_NZ_AP023184.1.fasta
# 0 hits found
# BLASTN 2.13.0+
# Query: ECK125095455-
# Database: B._agrestis_NZ_AP023184.1.fasta
# Fields: query acc.ver, subject acc.ver, % identity, alignment length, mismatches, gap opens, q. start, q. end, s. start, s. end, evalue, bit score
# 1 hits found
ECK125095455-	NZ_AP023184.1	75.269	93	19	4	51	141	508295	508205	1.50e-04	41.7
# BLASTN 2.13.0+
# Query: ECK120048902+
# Database: B._agrestis_NZ_AP023184.1.fasta
# Fields: query acc.ver, subject acc.ver, % identity, alignment length, mismatches, gap opens, q. start, q. end, s. start, s. end, evalue, bit score
# 1 hits found
ECK120048902+	NZ_AP023184.1	75.926	108	26	0	1	108	1256936	1256829	4.24e-09	56.5
# BLASTN 2.13.0+
# Query: ECK120010827-
# Database: B._agrestis_NZ_AP023184.1.fasta
# 0 hits found
# BLASTN 2.13.0+
# Query: ECK120010791-
# Database: B._agrestis_NZ_AP023184.1.fasta
# 0 hits found
# BLASTN 2.13.0+
# Query: ECK120010791-R+
# Database: B._agrestis_NZ_AP023184.1.fasta
# 0 hits found
# BLASTN 2.13.0+
# Query: ECK120048897-
# Database: B._agrestis_NZ_AP023184.1.fasta
# 0 hits found
# BLASTN 2.13.0+
# Query: ECK120048897-R+
# Database: B._agrestis_NZ_AP023184.1.fasta
# 0 hits found
# BLASTN 2.13.0+
# Query: ECK120010803-
# Database: B._agrestis_NZ_AP023184.1.fasta
# 0 hits found
# BLASTN 2.13.0+
# Query: ECK120010803-R+
# Database: B._agrestis_NZ_AP023184.1.fasta
# 0 hits found
# BLASTN 2.13.0+
# Query: pheST-
# Database: B._agrestis_NZ_AP023184.1.fasta
# Fields: query acc.ver, subject acc.ver, % identity, alignment length, mismatches, gap opens, q. start, q. end, s. start, s. end, evalue, bit score
# 1 hits found
pheST-	NZ_AP023184.1	86.667	60	6	2	43	101	2631380	2631438	6.32e-12	65.8
# BLASTN 2.13.0+
# Query: ECK120021269-R+
# Database: B._agrestis_NZ_AP023184.1.fasta
# Fields: query acc.ver, subject acc.ver, % identity, alignment length, mismatches, gap opens, q. start, q. end, s. start, s. end, evalue, bit score
# 1 hits found
ECK120021269-R+	NZ_AP023184.1	84.000	75	8	4	44	116	2631380	2631452	5.45e-13	69.4
# BLASTN 2.13.0+
# Query: ECK120015957-
# Database: B._agrestis_NZ_AP023184.1.fasta
# Fields: query acc.ver, subject acc.ver, % identity, alignment length, mismatches, gap opens, q. start, q. end, s. start, s. end, evalue, bit score
# 1 hits found
ECK120015957-	NZ_AP023184.1	84.615	39	6	0	9	47	540791	540829	4.23e-04	39.9
# BLASTN 2.13.0+
# Query: ECK120015448+
# Database: B._agrestis_NZ_AP023184.1.fasta
# Fields: query acc.ver, subject acc.ver, % identity, alignment length, mismatches, gap opens, q. start, q. end, s. start, s. end, evalue, bit score
# 1 hits found
ECK120015448+	NZ_AP023184.1	96.154	26	0	1	107	132	1433376	1433400	1.40e-04	41.7
# BLASTN 2.13.0+
# Query: ECK120010816-
# Database: B._agrestis_NZ_AP023184.1.fasta
# 0 hits found
# BLASTN 2.13.0+
# Query: ECK120010845-
# Database: B._agrestis_NZ_AP023184.1.fasta
# 0 hits found
# BLASTN 2.13.0+
# Query: ECK120030220+
# Database: B._agrestis_NZ_AP023184.1.fasta
# 0 hits found
# BLASTN 2.13.0+
# Query: ECK120033264-
# Database: B._agrestis_NZ_AP023184.1.fasta
# Fields: query acc.ver, subject acc.ver, % identity, alignment length, mismatches, gap opens, q. start, q. end, s. start, s. end, evalue, bit score
# 1 hits found
ECK120033264-	NZ_AP023184.1	86.232	138	18	1	41	177	3321404	3321541	1.61e-36	148
# BLASTN 2.13.0+
# Query: ECK120010779+
# Database: B._agrestis_NZ_AP023184.1.fasta
# 0 hits found
# BLASTN 2.13.0+
# Query: ECK120010779-R-
# Database: B._agrestis_NZ_AP023184.1.fasta
# 0 hits found
# BLASTN 2.13.0+
# Query: ECK120015456-
# Database: B._agrestis_NZ_AP023184.1.fasta
# Fields: query acc.ver, subject acc.ver, % identity, alignment length, mismatches, gap opens, q. start, q. end, s. start, s. end, evalue, bit score
# 1 hits found
ECK120015456-	NZ_AP023184.1	86.957	69	7	2	52	120	764111	764045	3.39e-15	76.8
# BLASTN 2.13.0+
# Query: ECK120015456-R+
# Database: B._agrestis_NZ_AP023184.1.fasta
# Fields: query acc.ver, subject acc.ver, % identity, alignment length, mismatches, gap opens, q. start, q. end, s. start, s. end, evalue, bit score
# 1 hits found
ECK120015456-R+	NZ_AP023184.1	86.957	69	7	2	52	120	764111	764045	3.39e-15	76.8
# BLASTN 2.13.0+
# Query: ECK120035135-
# Database: B._agrestis_NZ_AP023184.1.fasta
# 0 hits found
# BLASTN 2.13.0+
# Query: ECK120035135-R+
# Database: B._agrestis_NZ_AP023184.1.fasta
# 0 hits found
# BLASTN 2.13.0+
# Query: ECK120034954+
# Database: B._agrestis_NZ_AP023184.1.fasta
# Fields: query acc.ver, subject acc.ver, % identity, alignment length, mismatches, gap opens, q. start, q. end, s. start, s. end, evalue, bit score
# 1 hits found
ECK120034954+	NZ_AP023184.1	92.683	123	9	0	1	123	4344144	4344022	9.31e-46	178
# BLASTN 2.13.0+
# Query: ECK120010801+
# Database: B._agrestis_NZ_AP023184.1.fasta
# 0 hits found
# BLASTN 2.13.0+
# Query: ECK120034948+
# Database: B._agrestis_NZ_AP023184.1.fasta
# 0 hits found
# BLASTN 2.13.0+
# Query: ECK125109868-
# Database: B._agrestis_NZ_AP023184.1.fasta
# 0 hits found
# BLASTN 2.13.0+
# Query: ECK120034949+
# Database: B._agrestis_NZ_AP023184.1.fasta
# 0 hits found
# BLASTN 2.13.0+
# Query: ECK120015443-
# Database: B._agrestis_NZ_AP023184.1.fasta
# Fields: query acc.ver, subject acc.ver, % identity, alignment length, mismatches, gap opens, q. start, q. end, s. start, s. end, evalue, bit score
# 1 hits found
ECK120015443-	NZ_AP023184.1	83.929	56	9	0	62	117	777296	777241	1.54e-08	54.7
# BLASTN 2.13.0+
# Query: ECK120015443-R+
# Database: B._agrestis_NZ_AP023184.1.fasta
# Fields: query acc.ver, subject acc.ver, % identity, alignment length, mismatches, gap opens, q. start, q. end, s. start, s. end, evalue, bit score
# 1 hits found
ECK120015443-R+	NZ_AP023184.1	83.929	56	9	0	62	117	777296	777241	1.54e-08	54.7
# BLASTN 2.13.0+
# Query: ECK120010839+
# Database: B._agrestis_NZ_AP023184.1.fasta
# Fields: query acc.ver, subject acc.ver, % identity, alignment length, mismatches, gap opens, q. start, q. end, s. start, s. end, evalue, bit score
# 1 hits found
ECK120010839+	NZ_AP023184.1	96.000	25	1	0	7	31	741254	741230	1.29e-04	41.7
# BLASTN 2.13.0+
# Query: ECK120010838+
# Database: B._agrestis_NZ_AP023184.1.fasta
# Fields: query acc.ver, subject acc.ver, % identity, alignment length, mismatches, gap opens, q. start, q. end, s. start, s. end, evalue, bit score
# 1 hits found
ECK120010838+	NZ_AP023184.1	88.571	35	4	0	78	112	741195	741161	3.48e-05	43.6
# BLASTN 2.13.0+
# Query: ECK120026312-
# Database: B._agrestis_NZ_AP023184.1.fasta
# 0 hits found
# BLASTN 2.13.0+
# Query: ECK120026312-R+
# Database: B._agrestis_NZ_AP023184.1.fasta
# 0 hits found
# BLASTN 2.13.0+
# Query: ECK120030801-
# Database: B._agrestis_NZ_AP023184.1.fasta
# Fields: query acc.ver, subject acc.ver, % identity, alignment length, mismatches, gap opens, q. start, q. end, s. start, s. end, evalue, bit score
# 1 hits found
ECK120030801-	NZ_AP023184.1	96.154	26	1	0	103	128	4373817	4373792	3.72e-05	43.6
# BLASTN 2.13.0+
# Query: ECK120030801-R+
# Database: B._agrestis_NZ_AP023184.1.fasta
# Fields: query acc.ver, subject acc.ver, % identity, alignment length, mismatches, gap opens, q. start, q. end, s. start, s. end, evalue, bit score
# 1 hits found
ECK120030801-R+	NZ_AP023184.1	96.154	26	1	0	103	128	4373817	4373792	3.72e-05	43.6
# BLASTN 2.13.0+
# Query: ECK120030800+
# Database: B._agrestis_NZ_AP023184.1.fasta
# Fields: query acc.ver, subject acc.ver, % identity, alignment length, mismatches, gap opens, q. start, q. end, s. start, s. end, evalue, bit score
# 1 hits found
ECK120030800+	NZ_AP023184.1	98.214	56	1	0	69	124	2761148	2761093	7.60e-22	99.0
# BLASTN 2.13.0+
# Query: ECK120048900+
# Database: B._agrestis_NZ_AP023184.1.fasta
# 0 hits found
# BLASTN 2.13.0+
# Query: ECK125109869-
# Database: B._agrestis_NZ_AP023184.1.fasta
# Fields: query acc.ver, subject acc.ver, % identity, alignment length, mismatches, gap opens, q. start, q. end, s. start, s. end, evalue, bit score
# 1 hits found
ECK125109869-	NZ_AP023184.1	88.889	36	4	0	1	36	4459591	4459626	9.95e-06	45.4
# BLASTN 2.13.0+
# Query: ECK120020527+
# Database: B._agrestis_NZ_AP023184.1.fasta
# 0 hits found
# BLASTN 2.13.0+
# Query: ECK120027917-
# Database: B._agrestis_NZ_AP023184.1.fasta
# 0 hits found
# BLASTN 2.13.0+
# Query: ECK120027917-R+
# Database: B._agrestis_NZ_AP023184.1.fasta
# 0 hits found
# BLASTN 2.13.0+
# Query: ECK120010835-R+
# Database: B._agrestis_NZ_AP023184.1.fasta
# 0 hits found
# BLASTN 2.13.0+
# Query: ECK120015447-R+
# Database: B._agrestis_NZ_AP023184.1.fasta
# 0 hits found
# BLASTN 2.13.0+
# Query: ECK120010786-R+
# Database: B._agrestis_NZ_AP023184.1.fasta
# 0 hits found
# BLAST processed 174 queries
