# BLASTN 2.13.0+
# Query: X60293.1/246-293 slurp/ecgetrf.pl?CH03783 DE:[Terminator cysB]+
# Database: E._albertii_NZ_CP070290.1.fasta
# Fields: query acc.ver, subject acc.ver, % identity, alignment length, mismatches, gap opens, q. start, q. end, s. start, s. end, evalue, bit score
# 1 hits found
X60293.1/246-293	NZ_CP070290.1	85.106	47	7	0	1	47	2471155	2471109	7.93e-07	49.1
# BLASTN 2.13.0+
# Query: ECK120010828+
# Database: E._albertii_NZ_CP070290.1.fasta
# Fields: query acc.ver, subject acc.ver, % identity, alignment length, mismatches, gap opens, q. start, q. end, s. start, s. end, evalue, bit score
# 1 hits found
ECK120010828+	NZ_CP070290.1	87.037	54	7	0	2	55	2471162	2471109	1.04e-10	62.1
# BLASTN 2.13.0+
# Query: X15237.1/1846-1870 slurp/ecgetrf.pl?CH03787 DE:[pot. stem-loop structure]+
# Database: E._albertii_NZ_CP070290.1.fasta
# Fields: query acc.ver, subject acc.ver, % identity, alignment length, mismatches, gap opens, q. start, q. end, s. start, s. end, evalue, bit score
# 1 hits found
X15237.1/1846-1870	NZ_CP070290.1	87.736	106	10	3	1	105	3647630	3647527	1.30e-28	121
# BLASTN 2.13.0+
# Query: ECK120029528-R+
# Database: E._albertii_NZ_CP070290.1.fasta
# Fields: query acc.ver, subject acc.ver, % identity, alignment length, mismatches, gap opens, q. start, q. end, s. start, s. end, evalue, bit score
# 1 hits found
ECK120029528-R+	NZ_CP070290.1	88.889	126	11	3	1	125	3647640	3647517	5.71e-38	152
# BLASTN 2.13.0+
# Query: ECK120029528-
# Database: E._albertii_NZ_CP070290.1.fasta
# Fields: query acc.ver, subject acc.ver, % identity, alignment length, mismatches, gap opens, q. start, q. end, s. start, s. end, evalue, bit score
# 1 hits found
ECK120029528-	NZ_CP070290.1	88.889	126	11	3	1	125	3647640	3647517	5.71e-38	152
# BLASTN 2.13.0+
# Query: X17333.1/1415-1439 slurp/ecgetrf.pl?CH03793 DE:[put. bidirectional transcriptional terminator]-
# Database: E._albertii_NZ_CP070290.1.fasta
# Fields: query acc.ver, subject acc.ver, % identity, alignment length, mismatches, gap opens, q. start, q. end, s. start, s. end, evalue, bit score
# 1 hits found
X17333.1/1415-1439	NZ_CP070290.1	87.736	106	10	3	1	105	3647630	3647527	1.30e-28	121
# BLASTN 2.13.0+
# Query: X06091.1/1417-1440 slurp/ecgetrf.pl?CH03791 DE:[pot. stem-loop structure; pot. transcription terminator]-
# Database: E._albertii_NZ_CP070290.1.fasta
# Fields: query acc.ver, subject acc.ver, % identity, alignment length, mismatches, gap opens, q. start, q. end, s. start, s. end, evalue, bit score
# 1 hits found
X06091.1/1417-1440	NZ_CP070290.1	92.308	104	8	0	1	104	1938633	1938530	5.91e-37	148
# BLASTN 2.13.0+
# Query: X68192.1/1637-1678 slurp/ecgetrf.pl?CH03795 DE:[terminator II]-
# Database: E._albertii_NZ_CP070290.1.fasta
# Fields: query acc.ver, subject acc.ver, % identity, alignment length, mismatches, gap opens, q. start, q. end, s. start, s. end, evalue, bit score
# 1 hits found
X68192.1/1637-1678	NZ_CP070290.1	88.596	114	12	1	6	119	2814349	2814237	1.55e-33	137
# BLASTN 2.13.0+
# Query: M87625.1/2270-2297 slurp/ecgetrf.pl?CH03800 DE:[termination sequence]+
# Database: E._albertii_NZ_CP070290.1.fasta
# Fields: query acc.ver, subject acc.ver, % identity, alignment length, mismatches, gap opens, q. start, q. end, s. start, s. end, evalue, bit score
# 1 hits found
M87625.1/2270-2297	NZ_CP070290.1	90.909	66	4	2	43	108	4407959	4407896	1.37e-18	87.9
# BLASTN 2.13.0+
# Query: M87049.1/68404-68432 slurp/ecgetrf.pl?CH03923 DE:[terminator-like sequence]+
# Database: E._albertii_NZ_CP070290.1.fasta
# Fields: query acc.ver, subject acc.ver, % identity, alignment length, mismatches, gap opens, q. start, q. end, s. start, s. end, evalue, bit score
# 1 hits found
M87049.1/68404-68432	NZ_CP070290.1	90.909	66	4	2	43	108	4407959	4407896	1.37e-18	87.9
# BLASTN 2.13.0+
# Query: X61919.1/257-295 slurp/ecgetrf.pl?CH03803 DE:[crp divergent RNA transcription terminator]-
# Database: E._albertii_NZ_CP070290.1.fasta
# Fields: query acc.ver, subject acc.ver, % identity, alignment length, mismatches, gap opens, q. start, q. end, s. start, s. end, evalue, bit score
# 1 hits found
X61919.1/257-295	NZ_CP070290.1	92.308	117	9	0	1	117	411361	411245	1.92e-42	167
# BLASTN 2.13.0+
# Query: X01653.1/3207-3232 slurp/ecgetrf.pl?CH03805 DE:[pot. stem-loop structure]+
# Database: E._albertii_NZ_CP070290.1.fasta
# Fields: query acc.ver, subject acc.ver, % identity, alignment length, mismatches, gap opens, q. start, q. end, s. start, s. end, evalue, bit score
# 1 hits found
X01653.1/3207-3232	NZ_CP070290.1	88.119	101	12	0	6	106	4430966	4430866	1.32e-28	121
# BLASTN 2.13.0+
# Query: X05629.1/80-111 slurp/ecgetrf.pl?CH03808 DE:[Terminator deoT]+
# Database: E._albertii_NZ_CP070290.1.fasta
# Fields: query acc.ver, subject acc.ver, % identity, alignment length, mismatches, gap opens, q. start, q. end, s. start, s. end, evalue, bit score
# 1 hits found
X05629.1/80-111	NZ_CP070290.1	91.667	72	6	0	1	72	3787589	3787518	1.84e-22	100
# BLASTN 2.13.0+
# Query: U14003.1/312468-312496 slurp/ecgetrf.pl?CH05099+
# Database: E._albertii_NZ_CP070290.1.fasta
# Fields: query acc.ver, subject acc.ver, % identity, alignment length, mismatches, gap opens, q. start, q. end, s. start, s. end, evalue, bit score
# 1 hits found
U14003.1/312468-312496	NZ_CP070290.1	91.429	70	6	0	1	70	3787587	3787518	2.30e-21	97.1
# BLASTN 2.13.0+
# Query: X00547.1/1104-1134 slurp/ecgetrf.pl?CH03811 DE:[Pot. transcription terminator]-
# Database: E._albertii_NZ_CP070290.1.fasta
# Fields: query acc.ver, subject acc.ver, % identity, alignment length, mismatches, gap opens, q. start, q. end, s. start, s. end, evalue, bit score
# 1 hits found
X00547.1/1104-1134	NZ_CP070290.1	87.500	112	13	1	1	111	2782090	2781979	8.35e-31	128
# BLASTN 2.13.0+
# Query: M84991.1/1269-1309 slurp/ecgetrf.pl?CH03814 DE:[Terminatorfor fatty acid biosynthesis operon]+
# Database: E._albertii_NZ_CP070290.1.fasta
# Fields: query acc.ver, subject acc.ver, % identity, alignment length, mismatches, gap opens, q. start, q. end, s. start, s. end, evalue, bit score
# 1 hits found
M84991.1/1269-1309	NZ_CP070290.1	97.521	121	2	1	1	120	2654354	2654234	4.12e-54	206
# BLASTN 2.13.0+
# Query: X08087.1/907-941 slurp/ecgetrf.pl?CH03816 DE:[Pot. stem-loop structure; pot. transcription terminator]+
# Database: E._albertii_NZ_CP070290.1.fasta
# Fields: query acc.ver, subject acc.ver, % identity, alignment length, mismatches, gap opens, q. start, q. end, s. start, s. end, evalue, bit score
# 1 hits found
X08087.1/907-941	NZ_CP070290.1	95.918	49	1	1	66	114	2587105	2587058	8.90e-16	78.7
# BLASTN 2.13.0+
# Query: ECK120048898+
# Database: E._albertii_NZ_CP070290.1.fasta
# Fields: query acc.ver, subject acc.ver, % identity, alignment length, mismatches, gap opens, q. start, q. end, s. start, s. end, evalue, bit score
# 1 hits found
ECK120048898+	NZ_CP070290.1	95.745	47	1	1	76	122	2587105	2587060	1.24e-14	75.0
# BLASTN 2.13.0+
# Query: X63666.1/1540-1567 slurp/ecgetrf.pl?CH03819 DE:[Putative termination signal]+
# Database: E._albertii_NZ_CP070290.1.fasta
# Fields: query acc.ver, subject acc.ver, % identity, alignment length, mismatches, gap opens, q. start, q. end, s. start, s. end, evalue, bit score
# 1 hits found
X63666.1/1540-1567	NZ_CP070290.1	98.148	108	2	0	1	108	446739	446632	3.65e-49	189
# BLASTN 2.13.0+
# Query: X04065.1/1578-1619 slurp/ecgetrf.pl?CH03822 DE:[Stem-loop structure; pot. transcription terminator]-
# Database: E._albertii_NZ_CP070290.1.fasta
# Fields: query acc.ver, subject acc.ver, % identity, alignment length, mismatches, gap opens, q. start, q. end, s. start, s. end, evalue, bit score
# 1 hits found
X04065.1/1578-1619	NZ_CP070290.1	90.984	122	11	0	1	122	2225923	2225802	7.13e-42	165
# BLASTN 2.13.0+
# Query: X06744.1/2831-2858 slurp/ecgetrf.pl?CH03831 DE:[Put. stem loop structure]-
# Database: E._albertii_NZ_CP070290.1.fasta
# Fields: query acc.ver, subject acc.ver, % identity, alignment length, mismatches, gap opens, q. start, q. end, s. start, s. end, evalue, bit score
# 1 hits found
X06744.1/2831-2858	NZ_CP070290.1	95.327	107	5	0	2	108	1564622	1564516	1.32e-43	171
# BLASTN 2.13.0+
# Query: X04864.1/495-528 slurp/ecgetrf.pl?CH03835 DE:[Put. transcription terminator]+
# Database: E._albertii_NZ_CP070290.1.fasta
# Fields: query acc.ver, subject acc.ver, % identity, alignment length, mismatches, gap opens, q. start, q. end, s. start, s. end, evalue, bit score
# 1 hits found
X04864.1/495-528	NZ_CP070290.1	89.474	114	11	1	1	114	2837602	2837490	3.08e-35	143
# BLASTN 2.13.0+
# Query: X67700.1/988-1010 slurp/ecgetrf.pl?CH03840 DE:[ORF1 terminator]+
# Database: E._albertii_NZ_CP070290.1.fasta
# Fields: query acc.ver, subject acc.ver, % identity, alignment length, mismatches, gap opens, q. start, q. end, s. start, s. end, evalue, bit score
# 1 hits found
X67700.1/988-1010	NZ_CP070290.1	93.651	63	2	2	41	103	3758933	3758873	2.78e-20	93.5
# BLASTN 2.13.0+
# Query: L12044.1/1999-2037 slurp/ecgetrf.pl?CH03848 DE:[Terminator kch]-
# Database: E._albertii_NZ_CP070290.1.fasta
# Fields: query acc.ver, subject acc.ver, % identity, alignment length, mismatches, gap opens, q. start, q. end, s. start, s. end, evalue, bit score
# 1 hits found
L12044.1/1999-2037	NZ_CP070290.1	87.500	80	10	0	1	80	2496609	2496530	3.31e-20	93.5
# BLASTN 2.13.0+
# Query: X14135.1/195-222 slurp/ecgetrf.pl?CH03860 DE:[Pot. stem loop structure]-
# Database: E._albertii_NZ_CP070290.1.fasta
# Fields: query acc.ver, subject acc.ver, % identity, alignment length, mismatches, gap opens, q. start, q. end, s. start, s. end, evalue, bit score
# 1 hits found
X14135.1/195-222	NZ_CP070290.1	94.444	108	6	0	1	108	3130555	3130448	1.71e-42	167
# BLASTN 2.13.0+
# Query: X57402.1/1077-1106 slurp/ecgetrf.pl?CH03864 DE:[Terminator dapA, nlpB]-
# Database: E._albertii_NZ_CP070290.1.fasta
# Fields: query acc.ver, subject acc.ver, % identity, alignment length, mismatches, gap opens, q. start, q. end, s. start, s. end, evalue, bit score
# 1 hits found
X57402.1/1077-1106	NZ_CP070290.1	90.909	110	10	0	1	110	1301812	1301703	6.34e-37	148
# BLASTN 2.13.0+
# Query: ECK120010784-
# Database: E._albertii_NZ_CP070290.1.fasta
# Fields: query acc.ver, subject acc.ver, % identity, alignment length, mismatches, gap opens, q. start, q. end, s. start, s. end, evalue, bit score
# 1 hits found
ECK120010784-	NZ_CP070290.1	91.803	122	10	0	1	122	1301814	1301693	1.53e-43	171
# BLASTN 2.13.0+
# Query: X08035.1/2423-2452 slurp/ecgetrf.pl?CH03870 DE:[pot.stem-loop structure]-
# Database: E._albertii_NZ_CP070290.1.fasta
# Fields: query acc.ver, subject acc.ver, % identity, alignment length, mismatches, gap opens, q. start, q. end, s. start, s. end, evalue, bit score
# 1 hits found
X08035.1/2423-2452	NZ_CP070290.1	96.364	110	4	0	1	110	2849076	2848967	6.25e-47	182
# BLASTN 2.13.0+
# Query: D90227.1/10944-10985 slurp/ecgetrf.pl?CH03874 DE:[pot. terminator 1]-
# Database: E._albertii_NZ_CP070290.1.fasta
# Fields: query acc.ver, subject acc.ver, % identity, alignment length, mismatches, gap opens, q. start, q. end, s. start, s. end, evalue, bit score
# 1 hits found
D90227.1/10944-10985	NZ_CP070290.1	92.308	52	4	0	30	81	3208699	3208750	1.24e-14	75.0
# BLASTN 2.13.0+
# Query: ECK120035132-R+
# Database: E._albertii_NZ_CP070290.1.fasta
# Fields: query acc.ver, subject acc.ver, % identity, alignment length, mismatches, gap opens, q. start, q. end, s. start, s. end, evalue, bit score
# 1 hits found
ECK120035132-R+	NZ_CP070290.1	92.308	52	4	0	34	85	3208699	3208750	1.25e-14	75.0
# BLASTN 2.13.0+
# Query: ECK120035132-
# Database: E._albertii_NZ_CP070290.1.fasta
# Fields: query acc.ver, subject acc.ver, % identity, alignment length, mismatches, gap opens, q. start, q. end, s. start, s. end, evalue, bit score
# 1 hits found
ECK120035132-	NZ_CP070290.1	92.308	52	4	0	34	85	3208699	3208750	1.25e-14	75.0
# BLASTN 2.13.0+
# Query: M94104.1/1639-1668 slurp/ecgetrf.pl?CH03879 DE:[putative termination signal]-
# Database: E._albertii_NZ_CP070290.1.fasta
# Fields: query acc.ver, subject acc.ver, % identity, alignment length, mismatches, gap opens, q. start, q. end, s. start, s. end, evalue, bit score
# 1 hits found
M94104.1/1639-1668	NZ_CP070290.1	86.364	110	14	1	1	110	17342	17234	4.97e-28	119
# BLASTN 2.13.0+
# Query: L10328.1/55847-55820 slurp/ecgetrf.pl?CH03906 DE:[putative termination signal]-
# Database: E._albertii_NZ_CP070290.1.fasta
# Fields: query acc.ver, subject acc.ver, % identity, alignment length, mismatches, gap opens, q. start, q. end, s. start, s. end, evalue, bit score
# 1 hits found
L10328.1/55847-55820	NZ_CP070290.1	88.000	100	11	1	9	108	17332	17234	1.75e-27	117
# BLASTN 2.13.0+
# Query: X04469.1/1953-1977 slurp/ecgetrf.pl?CH03882 DE:[pot. transcription terminator]-
# Database: E._albertii_NZ_CP070290.1.fasta
# Fields: query acc.ver, subject acc.ver, % identity, alignment length, mismatches, gap opens, q. start, q. end, s. start, s. end, evalue, bit score
# 1 hits found
X04469.1/1953-1977	NZ_CP070290.1	94.340	106	4	2	1	105	2684001	2683897	7.69e-41	161
# BLASTN 2.13.0+
# Query: X52363.1/127-157 slurp/ecgetrf.pl?CH03887 DE:[rrfG transcription terminator]+
# Database: E._albertii_NZ_CP070290.1.fasta
# Fields: query acc.ver, subject acc.ver, % identity, alignment length, mismatches, gap opens, q. start, q. end, s. start, s. end, evalue, bit score
# 1 hits found
X52363.1/127-157	NZ_CP070290.1	89.189	111	11	1	1	111	1171399	1171508	1.39e-33	137
# BLASTN 2.13.0+
# Query: L19201.1/2459-2489 slurp/ecgetrf.pl?CH03932 DE:[putative termination signal]+
# Database: E._albertii_NZ_CP070290.1.fasta
# Fields: query acc.ver, subject acc.ver, % identity, alignment length, mismatches, gap opens, q. start, q. end, s. start, s. end, evalue, bit score
# 1 hits found
L19201.1/2459-2489	NZ_CP070290.1	88.785	107	11	1	1	107	1171403	1171508	2.32e-31	130
# BLASTN 2.13.0+
# Query: ECK120051382-
# Database: E._albertii_NZ_CP070290.1.fasta
# Fields: query acc.ver, subject acc.ver, % identity, alignment length, mismatches, gap opens, q. start, q. end, s. start, s. end, evalue, bit score
# 1 hits found
ECK120051382-	NZ_CP070290.1	87.356	87	11	0	58	144	4211034	4211120	2.48e-22	100
# BLASTN 2.13.0+
# Query: BBa_B0010-
# Database: E._albertii_NZ_CP070290.1.fasta
# Fields: query acc.ver, subject acc.ver, % identity, alignment length, mismatches, gap opens, q. start, q. end, s. start, s. end, evalue, bit score
# 1 hits found
BBa_B0010-	NZ_CP070290.1	87.500	88	11	0	73	160	4211034	4211121	7.78e-23	102
# BLASTN 2.13.0+
# Query: L19201.1/2282-2328 slurp/ecgetrf.pl?CH03931 DE:[putative termination signal]-
# Database: E._albertii_NZ_CP070290.1.fasta
# Fields: query acc.ver, subject acc.ver, % identity, alignment length, mismatches, gap opens, q. start, q. end, s. start, s. end, evalue, bit score
# 1 hits found
L19201.1/2282-2328	NZ_CP070290.1	87.500	72	9	0	53	124	4211034	4211105	2.15e-17	84.2
# BLASTN 2.13.0+
# Query: L10328.1/5220-5193 slurp/ecgetrf.pl?CH03902 DE:[putative termination signal]-
# Database: E._albertii_NZ_CP070290.1.fasta
# Fields: query acc.ver, subject acc.ver, % identity, alignment length, mismatches, gap opens, q. start, q. end, s. start, s. end, evalue, bit score
# 1 hits found
L10328.1/5220-5193	NZ_CP070290.1	98.148	108	2	0	1	108	81334	81227	3.65e-49	189
# BLASTN 2.13.0+
# Query: ECK120035133-
# Database: E._albertii_NZ_CP070290.1.fasta
# Fields: query acc.ver, subject acc.ver, % identity, alignment length, mismatches, gap opens, q. start, q. end, s. start, s. end, evalue, bit score
# 1 hits found
ECK120035133-	NZ_CP070290.1	98.361	122	2	0	1	122	81338	81217	6.98e-57	215
# BLASTN 2.13.0+
# Query: L10328.1/43056-43083 slurp/ecgetrf.pl?CH03904 DE:[putative termination signal]+
# Database: E._albertii_NZ_CP070290.1.fasta
# 0 hits found
# BLASTN 2.13.0+
# Query: ECK120035136+
# Database: E._albertii_NZ_CP070290.1.fasta
# Fields: query acc.ver, subject acc.ver, % identity, alignment length, mismatches, gap opens, q. start, q. end, s. start, s. end, evalue, bit score
# 1 hits found
ECK120035136+	NZ_CP070290.1	96.552	29	1	0	100	128	3024520	3024492	7.93e-07	49.1
# BLASTN 2.13.0+
# Query: L10328.1/43151-43173 slurp/ecgetrf.pl?CH03905 DE:[putative termination signal]+
# Database: E._albertii_NZ_CP070290.1.fasta
# Fields: query acc.ver, subject acc.ver, % identity, alignment length, mismatches, gap opens, q. start, q. end, s. start, s. end, evalue, bit score
# 1 hits found
L10328.1/43151-43173	NZ_CP070290.1	100.000	41	0	0	40	80	26386	26346	2.80e-15	76.8
# BLASTN 2.13.0+
# Query: L10328.1/126639-126661 slurp/ecgetrf.pl?CH03910 DE:[putative termination signal]+
# Database: E._albertii_NZ_CP070290.1.fasta
# Fields: query acc.ver, subject acc.ver, % identity, alignment length, mismatches, gap opens, q. start, q. end, s. start, s. end, evalue, bit score
# 1 hits found
L10328.1/126639-126661	NZ_CP070290.1	95.146	103	5	0	1	103	4489548	4489446	2.09e-41	163
# BLASTN 2.13.0+
# Query: M87049.1/13395-13431 slurp/ecgetrf.pl?CH03915 DE:[terminator-like sequence]+
# Database: E._albertii_NZ_CP070290.1.fasta
# 0 hits found
# BLASTN 2.13.0+
# Query: M87049.1/33826-33862 slurp/ecgetrf.pl?CH03918 DE:[terminator-like sequence]+
# Database: E._albertii_NZ_CP070290.1.fasta
# Fields: query acc.ver, subject acc.ver, % identity, alignment length, mismatches, gap opens, q. start, q. end, s. start, s. end, evalue, bit score
# 1 hits found
M87049.1/33826-33862	NZ_CP070290.1	84.615	117	14	4	1	116	4443957	4443844	2.47e-26	113
# BLASTN 2.13.0+
# Query: M87049.1/39715-39749 slurp/ecgetrf.pl?CH03920 DE:[terminator-like sequence]+
# Database: E._albertii_NZ_CP070290.1.fasta
# Fields: query acc.ver, subject acc.ver, % identity, alignment length, mismatches, gap opens, q. start, q. end, s. start, s. end, evalue, bit score
# 1 hits found
M87049.1/39715-39749	NZ_CP070290.1	88.696	115	12	1	1	114	4438075	4437961	4.03e-34	139
# BLASTN 2.13.0+
# Query: M87049.1/70279-70299 slurp/ecgetrf.pl?CH03924 DE:[terminator-like sequence]+
# Database: E._albertii_NZ_CP070290.1.fasta
# Fields: query acc.ver, subject acc.ver, % identity, alignment length, mismatches, gap opens, q. start, q. end, s. start, s. end, evalue, bit score
# 1 hits found
M87049.1/70279-70299	NZ_CP070290.1	96.040	101	4	0	1	101	4406113	4406013	5.66e-42	165
# BLASTN 2.13.0+
# Query: X13002.1/1005-1031 slurp/ecgetrf.pl?CH03927 DE:[pot. stem-loop structure; pot. transcription terminator]+
# Database: E._albertii_NZ_CP070290.1.fasta
# Fields: query acc.ver, subject acc.ver, % identity, alignment length, mismatches, gap opens, q. start, q. end, s. start, s. end, evalue, bit score
# 1 hits found
X13002.1/1005-1031	NZ_CP070290.1	83.333	108	16	2	1	107	2090266	2090160	6.26e-22	99.0
# BLASTN 2.13.0+
# Query: Z23096.1/446-494 slurp/ecgetrf.pl?CH03930 DE:[Terminator Similar to gene dicF of E.coli dicABC]-
# Database: E._albertii_NZ_CP070290.1.fasta
# Fields: query acc.ver, subject acc.ver, % identity, alignment length, mismatches, gap opens, q. start, q. end, s. start, s. end, evalue, bit score
# 1 hits found
Z23096.1/446-494	NZ_CP070290.1	96.154	26	0	1	92	117	2149491	2149515	1.34e-04	41.7
# BLASTN 2.13.0+
# Query: L19201.1/12884-12927 slurp/ecgetrf.pl?CH03935 DE:[putative termination signal]+
# Database: E._albertii_NZ_CP070290.1.fasta
# Fields: query acc.ver, subject acc.ver, % identity, alignment length, mismatches, gap opens, q. start, q. end, s. start, s. end, evalue, bit score
# 1 hits found
L19201.1/12884-12927	NZ_CP070290.1	98.387	124	2	0	1	124	4372186	4372063	5.50e-58	219
# BLASTN 2.13.0+
# Query: ECK120010799+
# Database: E._albertii_NZ_CP070290.1.fasta
# Fields: query acc.ver, subject acc.ver, % identity, alignment length, mismatches, gap opens, q. start, q. end, s. start, s. end, evalue, bit score
# 1 hits found
ECK120010799+	NZ_CP070290.1	98.571	140	2	0	1	140	4372199	4372060	8.10e-67	248
# BLASTN 2.13.0+
# Query: L19201.1/63111-63151 slurp/ecgetrf.pl?CH03938 DE:[putative termination signal]+
# Database: E._albertii_NZ_CP070290.1.fasta
# 0 hits found
# BLASTN 2.13.0+
# Query: L19201.1/71476-71507 slurp/ecgetrf.pl?CH03941 DE:[putative termination signal]+
# Database: E._albertii_NZ_CP070290.1.fasta
# Fields: query acc.ver, subject acc.ver, % identity, alignment length, mismatches, gap opens, q. start, q. end, s. start, s. end, evalue, bit score
# 1 hits found
L19201.1/71476-71507	NZ_CP070290.1	84.906	106	14	2	7	112	4323409	4323306	3.95e-24	106
# BLASTN 2.13.0+
# Query: L19201.1/82018-81996 slurp/ecgetrf.pl?CH03944 DE:[putative termination signal]-
# Database: E._albertii_NZ_CP070290.1.fasta
# Fields: query acc.ver, subject acc.ver, % identity, alignment length, mismatches, gap opens, q. start, q. end, s. start, s. end, evalue, bit score
# 1 hits found
L19201.1/82018-81996	NZ_CP070290.1	99.029	103	1	0	1	103	4306370	4306268	4.45e-48	185
# BLASTN 2.13.0+
# Query: ECK120010852-R+
# Database: E._albertii_NZ_CP070290.1.fasta
# Fields: query acc.ver, subject acc.ver, % identity, alignment length, mismatches, gap opens, q. start, q. end, s. start, s. end, evalue, bit score
# 1 hits found
ECK120010852-R+	NZ_CP070290.1	99.153	118	1	0	1	118	4306375	4306258	2.41e-56	213
# BLASTN 2.13.0+
# Query: ECK120010852-
# Database: E._albertii_NZ_CP070290.1.fasta
# Fields: query acc.ver, subject acc.ver, % identity, alignment length, mismatches, gap opens, q. start, q. end, s. start, s. end, evalue, bit score
# 1 hits found
ECK120010852-	NZ_CP070290.1	99.153	118	1	0	1	118	4306375	4306258	2.41e-56	213
# BLASTN 2.13.0+
# Query: U14003.1/28964-28938 slurp/ecgetrf.pl?CH05080-
# Database: E._albertii_NZ_CP070290.1.fasta
# Fields: query acc.ver, subject acc.ver, % identity, alignment length, mismatches, gap opens, q. start, q. end, s. start, s. end, evalue, bit score
# 1 hits found
U14003.1/28964-28938	NZ_CP070290.1	96.386	83	3	0	25	107	4077343	4077261	1.33e-33	137
# BLASTN 2.13.0+
# Query: U14003.1/28964-28938 slurp/ecgetrf.pl?CH05080-
# Database: E._albertii_NZ_CP070290.1.fasta
# Fields: query acc.ver, subject acc.ver, % identity, alignment length, mismatches, gap opens, q. start, q. end, s. start, s. end, evalue, bit score
# 1 hits found
U14003.1/28964-28938	NZ_CP070290.1	96.386	83	3	0	25	107	4077343	4077261	1.33e-33	137
# BLASTN 2.13.0+
# Query: seq10161 slurp/ecgetrf.pl?CH05080.1-
# Database: E._albertii_NZ_CP070290.1.fasta
# Fields: query acc.ver, subject acc.ver, % identity, alignment length, mismatches, gap opens, q. start, q. end, s. start, s. end, evalue, bit score
# 1 hits found
seq10161	NZ_CP070290.1	96.386	83	3	0	25	107	4077343	4077261	1.33e-33	137
# BLASTN 2.13.0+
# Query: seq10161 slurp/ecgetrf.pl?CH05080.1-
# Database: E._albertii_NZ_CP070290.1.fasta
# Fields: query acc.ver, subject acc.ver, % identity, alignment length, mismatches, gap opens, q. start, q. end, s. start, s. end, evalue, bit score
# 1 hits found
seq10161	NZ_CP070290.1	96.386	83	3	0	25	107	4077343	4077261	1.33e-33	137
# BLASTN 2.13.0+
# Query: seq10161 slurp/ecgetrf.pl?CH05080.1-
# Database: E._albertii_NZ_CP070290.1.fasta
# Fields: query acc.ver, subject acc.ver, % identity, alignment length, mismatches, gap opens, q. start, q. end, s. start, s. end, evalue, bit score
# 1 hits found
seq10161	NZ_CP070290.1	96.386	83	3	0	25	107	4077343	4077261	1.33e-33	137
# BLASTN 2.13.0+
# Query: seq10161 slurp/ecgetrf.pl?CH05080.1-
# Database: E._albertii_NZ_CP070290.1.fasta
# Fields: query acc.ver, subject acc.ver, % identity, alignment length, mismatches, gap opens, q. start, q. end, s. start, s. end, evalue, bit score
# 1 hits found
seq10161	NZ_CP070290.1	96.386	83	3	0	25	107	4077343	4077261	1.33e-33	137
# BLASTN 2.13.0+
# Query: U14003.1/53366-53342 slurp/ecgetrf.pl?CH05082+
# Database: E._albertii_NZ_CP070290.1.fasta
# Fields: query acc.ver, subject acc.ver, % identity, alignment length, mismatches, gap opens, q. start, q. end, s. start, s. end, evalue, bit score
# 1 hits found
U14003.1/53366-53342	NZ_CP070290.1	100.000	74	0	0	1	74	810330	810257	1.30e-33	137
# BLASTN 2.13.0+
# Query: U14003.1/69815-69791 slurp/ecgetrf.pl?CH05086-
# Database: E._albertii_NZ_CP070290.1.fasta
# Fields: query acc.ver, subject acc.ver, % identity, alignment length, mismatches, gap opens, q. start, q. end, s. start, s. end, evalue, bit score
# 1 hits found
U14003.1/69815-69791	NZ_CP070290.1	93.137	102	7	0	1	102	4009061	4008960	1.66e-37	150
# BLASTN 2.13.0+
# Query: ECK120010861-R+
# Database: E._albertii_NZ_CP070290.1.fasta
# Fields: query acc.ver, subject acc.ver, % identity, alignment length, mismatches, gap opens, q. start, q. end, s. start, s. end, evalue, bit score
# 1 hits found
ECK120010861-R+	NZ_CP070290.1	92.500	120	9	0	3	122	4009066	4008947	4.26e-44	172
# BLASTN 2.13.0+
# Query: frd_ampC-
# Database: E._albertii_NZ_CP070290.1.fasta
# Fields: query acc.ver, subject acc.ver, % identity, alignment length, mismatches, gap opens, q. start, q. end, s. start, s. end, evalue, bit score
# 1 hits found
frd_ampC-	NZ_CP070290.1	93.396	106	7	0	1	106	4009065	4008960	1.04e-39	158
# BLASTN 2.13.0+
# Query: U14003.1/117410-117437 slurp/ecgetrf.pl?CH05089+
# Database: E._albertii_NZ_CP070290.1.fasta
# Fields: query acc.ver, subject acc.ver, % identity, alignment length, mismatches, gap opens, q. start, q. end, s. start, s. end, evalue, bit score
# 1 hits found
U14003.1/117410-117437	NZ_CP070290.1	93.243	74	3	2	1	73	3964958	3964886	1.05e-24	108
# BLASTN 2.13.0+
# Query: U14003.1/161794-161766 slurp/ecgetrf.pl?CH05091-
# Database: E._albertii_NZ_CP070290.1.fasta
# Fields: query acc.ver, subject acc.ver, % identity, alignment length, mismatches, gap opens, q. start, q. end, s. start, s. end, evalue, bit score
# 1 hits found
U14003.1/161794-161766	NZ_CP070290.1	98.165	109	2	0	1	109	3908756	3908648	1.03e-49	191
# BLASTN 2.13.0+
# Query: J01636.1/1170-1210 slurp/ecgetrf.pl?CH05936 DE:[terminator overlapping CAP site]-
# Database: E._albertii_NZ_CP070290.1.fasta
# 0 hits found
# BLASTN 2.13.0+
# Query: ECK120033737+
# Database: E._albertii_NZ_CP070290.1.fasta
# Fields: query acc.ver, subject acc.ver, % identity, alignment length, mismatches, gap opens, q. start, q. end, s. start, s. end, evalue, bit score
# 1 hits found
ECK120033737+	NZ_CP070290.1	98.519	135	1	1	3	136	3768782	3768648	1.69e-63	237
# BLASTN 2.13.0+
# Query: ECK120034435-
# Database: E._albertii_NZ_CP070290.1.fasta
# Fields: query acc.ver, subject acc.ver, % identity, alignment length, mismatches, gap opens, q. start, q. end, s. start, s. end, evalue, bit score
# 1 hits found
ECK120034435-	NZ_CP070290.1	98.837	86	1	0	52	137	552261	552176	1.77e-38	154
# BLASTN 2.13.0+
# Query: ECK120034435-R+
# Database: E._albertii_NZ_CP070290.1.fasta
# Fields: query acc.ver, subject acc.ver, % identity, alignment length, mismatches, gap opens, q. start, q. end, s. start, s. end, evalue, bit score
# 1 hits found
ECK120034435-R+	NZ_CP070290.1	98.837	86	1	0	52	137	552261	552176	1.77e-38	154
# BLASTN 2.13.0+
# Query: ECK120010818-
# Database: E._albertii_NZ_CP070290.1.fasta
# Fields: query acc.ver, subject acc.ver, % identity, alignment length, mismatches, gap opens, q. start, q. end, s. start, s. end, evalue, bit score
# 1 hits found
ECK120010818-	NZ_CP070290.1	82.278	79	3	7	41	110	600975	600899	1.39e-09	58.4
# BLASTN 2.13.0+
# Query: ECK120010794-R+
# Database: E._albertii_NZ_CP070290.1.fasta
# Fields: query acc.ver, subject acc.ver, % identity, alignment length, mismatches, gap opens, q. start, q. end, s. start, s. end, evalue, bit score
# 1 hits found
ECK120010794-R+	NZ_CP070290.1	82.278	79	3	7	38	107	600975	600899	1.15e-09	58.4
# BLASTN 2.13.0+
# Query: ECK120010793-R+
# Database: E._albertii_NZ_CP070290.1.fasta
# Fields: query acc.ver, subject acc.ver, % identity, alignment length, mismatches, gap opens, q. start, q. end, s. start, s. end, evalue, bit score
# 1 hits found
ECK120010793-R+	NZ_CP070290.1	82.278	79	3	7	38	107	600975	600899	1.15e-09	58.4
# BLASTN 2.13.0+
# Query: ECK120010793-
# Database: E._albertii_NZ_CP070290.1.fasta
# Fields: query acc.ver, subject acc.ver, % identity, alignment length, mismatches, gap opens, q. start, q. end, s. start, s. end, evalue, bit score
# 1 hits found
ECK120010793-	NZ_CP070290.1	82.278	79	3	7	38	107	600975	600899	1.15e-09	58.4
# BLASTN 2.13.0+
# Query: ECK120010869+
# Database: E._albertii_NZ_CP070290.1.fasta
# Fields: query acc.ver, subject acc.ver, % identity, alignment length, mismatches, gap opens, q. start, q. end, s. start, s. end, evalue, bit score
# 1 hits found
ECK120010869+	NZ_CP070290.1	98.701	77	1	0	1	77	4233853	4233777	1.45e-33	137
# BLASTN 2.13.0+
# Query: ECK120030221-R-
# Database: E._albertii_NZ_CP070290.1.fasta
# Fields: query acc.ver, subject acc.ver, % identity, alignment length, mismatches, gap opens, q. start, q. end, s. start, s. end, evalue, bit score
# 1 hits found
ECK120030221-R-	NZ_CP070290.1	100.000	21	0	0	50	70	506041	506061	4.24e-04	39.9
# BLASTN 2.13.0+
# Query: ECK120030221+
# Database: E._albertii_NZ_CP070290.1.fasta
# Fields: query acc.ver, subject acc.ver, % identity, alignment length, mismatches, gap opens, q. start, q. end, s. start, s. end, evalue, bit score
# 1 hits found
ECK120030221+	NZ_CP070290.1	100.000	21	0	0	50	70	506041	506061	4.24e-04	39.9
# BLASTN 2.13.0+
# Query: ECK120010832-R+
# Database: E._albertii_NZ_CP070290.1.fasta
# Fields: query acc.ver, subject acc.ver, % identity, alignment length, mismatches, gap opens, q. start, q. end, s. start, s. end, evalue, bit score
# 1 hits found
ECK120010832-R+	NZ_CP070290.1	98.261	115	2	0	1	115	2558708	2558594	5.06e-53	202
# BLASTN 2.13.0+
# Query: ECK120010832-
# Database: E._albertii_NZ_CP070290.1.fasta
# Fields: query acc.ver, subject acc.ver, % identity, alignment length, mismatches, gap opens, q. start, q. end, s. start, s. end, evalue, bit score
# 1 hits found
ECK120010832-	NZ_CP070290.1	98.261	115	2	0	1	115	2558708	2558594	5.06e-53	202
# BLASTN 2.13.0+
# Query: ECK120051401-
# Database: E._albertii_NZ_CP070290.1.fasta
# Fields: query acc.ver, subject acc.ver, % identity, alignment length, mismatches, gap opens, q. start, q. end, s. start, s. end, evalue, bit score
# 1 hits found
ECK120051401-	NZ_CP070290.1	98.780	82	1	0	1	82	1371974	1371893	2.71e-36	147
# BLASTN 2.13.0+
# Query: tonB_P14-
# Database: E._albertii_NZ_CP070290.1.fasta
# 0 hits found
# BLASTN 2.13.0+
# Query: ECK120010792+
# Database: E._albertii_NZ_CP070290.1.fasta
# 0 hits found
# BLASTN 2.13.0+
# Query: tonB+
# Database: E._albertii_NZ_CP070290.1.fasta
# 0 hits found
# BLASTN 2.13.0+
# Query: pyrBI-
# Database: E._albertii_NZ_CP070290.1.fasta
# Fields: query acc.ver, subject acc.ver, % identity, alignment length, mismatches, gap opens, q. start, q. end, s. start, s. end, evalue, bit score
# 1 hits found
pyrBI-	NZ_CP070290.1	96.330	109	3	1	1	109	3907276	3907169	7.99e-46	178
# BLASTN 2.13.0+
# Query: ilvBN+
# Database: E._albertii_NZ_CP070290.1.fasta
# Fields: query acc.ver, subject acc.ver, % identity, alignment length, mismatches, gap opens, q. start, q. end, s. start, s. end, evalue, bit score
# 1 hits found
ilvBN+	NZ_CP070290.1	99.138	116	1	0	1	116	4476265	4476150	3.06e-55	209
# BLASTN 2.13.0+
# Query: ECK120010797+
# Database: E._albertii_NZ_CP070290.1.fasta
# Fields: query acc.ver, subject acc.ver, % identity, alignment length, mismatches, gap opens, q. start, q. end, s. start, s. end, evalue, bit score
# 1 hits found
ECK120010797+	NZ_CP070290.1	94.068	118	7	0	1	118	1356145	1356028	2.45e-46	180
# BLASTN 2.13.0+
# Query: ECK120015452+
# Database: E._albertii_NZ_CP070290.1.fasta
# Fields: query acc.ver, subject acc.ver, % identity, alignment length, mismatches, gap opens, q. start, q. end, s. start, s. end, evalue, bit score
# 1 hits found
ECK120015452+	NZ_CP070290.1	86.486	74	10	0	51	124	3127093	3127020	7.75e-17	82.4
# BLASTN 2.13.0+
# Query: ECK120010815-
# Database: E._albertii_NZ_CP070290.1.fasta
# Fields: query acc.ver, subject acc.ver, % identity, alignment length, mismatches, gap opens, q. start, q. end, s. start, s. end, evalue, bit score
# 1 hits found
ECK120010815-	NZ_CP070290.1	86.614	127	17	0	1	127	2302597	2302471	1.26e-34	141
# BLASTN 2.13.0+
# Query: ECK120010815-R+
# Database: E._albertii_NZ_CP070290.1.fasta
# Fields: query acc.ver, subject acc.ver, % identity, alignment length, mismatches, gap opens, q. start, q. end, s. start, s. end, evalue, bit score
# 1 hits found
ECK120010815-R+	NZ_CP070290.1	86.614	127	17	0	1	127	2302597	2302471	1.26e-34	141
# BLASTN 2.13.0+
# Query: ECK120051385-
# Database: E._albertii_NZ_CP070290.1.fasta
# Fields: query acc.ver, subject acc.ver, % identity, alignment length, mismatches, gap opens, q. start, q. end, s. start, s. end, evalue, bit score
# 1 hits found
ECK120051385-	NZ_CP070290.1	94.574	129	7	0	1	129	1217860	1217732	2.09e-52	200
# BLASTN 2.13.0+
# Query: ECK120010846+
# Database: E._albertii_NZ_CP070290.1.fasta
# Fields: query acc.ver, subject acc.ver, % identity, alignment length, mismatches, gap opens, q. start, q. end, s. start, s. end, evalue, bit score
# 1 hits found
ECK120010846+	NZ_CP070290.1	85.366	123	17	1	1	122	258099	257977	3.36e-30	126
# BLASTN 2.13.0+
# Query: ECK120010853+
# Database: E._albertii_NZ_CP070290.1.fasta
# Fields: query acc.ver, subject acc.ver, % identity, alignment length, mismatches, gap opens, q. start, q. end, s. start, s. end, evalue, bit score
# 1 hits found
ECK120010853+	NZ_CP070290.1	92.593	81	5	1	53	132	3299549	3299469	8.00e-27	115
# BLASTN 2.13.0+
# Query: ECK120010825-
# Database: E._albertii_NZ_CP070290.1.fasta
# Fields: query acc.ver, subject acc.ver, % identity, alignment length, mismatches, gap opens, q. start, q. end, s. start, s. end, evalue, bit score
# 1 hits found
ECK120010825-	NZ_CP070290.1	86.747	83	11	0	45	127	2459763	2459681	3.58e-20	93.5
# BLASTN 2.13.0+
# Query: ECK120010825-R+
# Database: E._albertii_NZ_CP070290.1.fasta
# Fields: query acc.ver, subject acc.ver, % identity, alignment length, mismatches, gap opens, q. start, q. end, s. start, s. end, evalue, bit score
# 1 hits found
ECK120010825-R+	NZ_CP070290.1	86.747	83	11	0	45	127	2459763	2459681	3.58e-20	93.5
# BLASTN 2.13.0+
# Query: ECK120010833-
# Database: E._albertii_NZ_CP070290.1.fasta
# Fields: query acc.ver, subject acc.ver, % identity, alignment length, mismatches, gap opens, q. start, q. end, s. start, s. end, evalue, bit score
# 1 hits found
ECK120010833-	NZ_CP070290.1	93.893	131	7	1	1	131	1924219	1924090	2.75e-51	196
# BLASTN 2.13.0+
# Query: ECK120010833-R+
# Database: E._albertii_NZ_CP070290.1.fasta
# Fields: query acc.ver, subject acc.ver, % identity, alignment length, mismatches, gap opens, q. start, q. end, s. start, s. end, evalue, bit score
# 1 hits found
ECK120010833-R+	NZ_CP070290.1	93.893	131	7	1	1	131	1924219	1924090	2.75e-51	196
# BLASTN 2.13.0+
# Query: ECK120011170-
# Database: E._albertii_NZ_CP070290.1.fasta
# Fields: query acc.ver, subject acc.ver, % identity, alignment length, mismatches, gap opens, q. start, q. end, s. start, s. end, evalue, bit score
# 1 hits found
ECK120011170-	NZ_CP070290.1	89.167	120	8	2	4	118	3123022	3122903	9.02e-36	145
# BLASTN 2.13.0+
# Query: ECK120011170-R+
# Database: E._albertii_NZ_CP070290.1.fasta
# Fields: query acc.ver, subject acc.ver, % identity, alignment length, mismatches, gap opens, q. start, q. end, s. start, s. end, evalue, bit score
# 1 hits found
ECK120011170-R+	NZ_CP070290.1	89.167	120	8	2	4	118	3123022	3122903	9.02e-36	145
# BLASTN 2.13.0+
# Query: ECK120010866-R+
# Database: E._albertii_NZ_CP070290.1.fasta
# Fields: query acc.ver, subject acc.ver, % identity, alignment length, mismatches, gap opens, q. start, q. end, s. start, s. end, evalue, bit score
# 1 hits found
ECK120010866-R+	NZ_CP070290.1	88.506	87	9	1	32	117	3123038	3122952	1.50e-23	104
# BLASTN 2.13.0+
# Query: ECK120010866-
# Database: E._albertii_NZ_CP070290.1.fasta
# Fields: query acc.ver, subject acc.ver, % identity, alignment length, mismatches, gap opens, q. start, q. end, s. start, s. end, evalue, bit score
# 1 hits found
ECK120010866-	NZ_CP070290.1	88.506	87	9	1	32	117	3123038	3122952	1.50e-23	104
# BLASTN 2.13.0+
# Query: ECK120034551+
# Database: E._albertii_NZ_CP070290.1.fasta
# Fields: query acc.ver, subject acc.ver, % identity, alignment length, mismatches, gap opens, q. start, q. end, s. start, s. end, evalue, bit score
# 1 hits found
ECK120034551+	NZ_CP070290.1	92.537	134	9	1	1	133	3473221	3473088	1.30e-49	191
# BLASTN 2.13.0+
# Query: ECK120020525-
# Database: E._albertii_NZ_CP070290.1.fasta
# Fields: query acc.ver, subject acc.ver, % identity, alignment length, mismatches, gap opens, q. start, q. end, s. start, s. end, evalue, bit score
# 1 hits found
ECK120020525-	NZ_CP070290.1	100.000	116	0	0	1	116	555078	554963	6.57e-57	215
# BLASTN 2.13.0+
# Query: ECK120020525-R+
# Database: E._albertii_NZ_CP070290.1.fasta
# Fields: query acc.ver, subject acc.ver, % identity, alignment length, mismatches, gap opens, q. start, q. end, s. start, s. end, evalue, bit score
# 1 hits found
ECK120020525-R+	NZ_CP070290.1	100.000	116	0	0	1	116	555078	554963	6.57e-57	215
# BLASTN 2.13.0+
# Query: nusA_infB-
# Database: E._albertii_NZ_CP070290.1.fasta
# Fields: query acc.ver, subject acc.ver, % identity, alignment length, mismatches, gap opens, q. start, q. end, s. start, s. end, evalue, bit score
# 1 hits found
nusA_infB-	NZ_CP070290.1	100.000	144	0	0	1	144	555116	554973	2.31e-72	267
# BLASTN 2.13.0+
# Query: ECK120020526-R+
# Database: E._albertii_NZ_CP070290.1.fasta
# Fields: query acc.ver, subject acc.ver, % identity, alignment length, mismatches, gap opens, q. start, q. end, s. start, s. end, evalue, bit score
# 1 hits found
ECK120020526-R+	NZ_CP070290.1	100.000	113	0	0	1	113	555119	555007	2.96e-55	209
# BLASTN 2.13.0+
# Query: ECK120020526-
# Database: E._albertii_NZ_CP070290.1.fasta
# Fields: query acc.ver, subject acc.ver, % identity, alignment length, mismatches, gap opens, q. start, q. end, s. start, s. end, evalue, bit score
# 1 hits found
ECK120020526-	NZ_CP070290.1	100.000	113	0	0	1	113	555119	555007	2.96e-55	209
# BLASTN 2.13.0+
# Query: ECK120034436+
# Database: E._albertii_NZ_CP070290.1.fasta
# Fields: query acc.ver, subject acc.ver, % identity, alignment length, mismatches, gap opens, q. start, q. end, s. start, s. end, evalue, bit score
# 1 hits found
ECK120034436+	NZ_CP070290.1	83.051	118	18	2	5	121	864729	864613	4.34e-24	106
# BLASTN 2.13.0+
# Query: ECK120021270-
# Database: E._albertii_NZ_CP070290.1.fasta
# Fields: query acc.ver, subject acc.ver, % identity, alignment length, mismatches, gap opens, q. start, q. end, s. start, s. end, evalue, bit score
# 1 hits found
ECK120021270-	NZ_CP070290.1	95.833	120	5	0	1	120	2120887	2120768	8.92e-51	195
# BLASTN 2.13.0+
# Query: ECK120021270-R+
# Database: E._albertii_NZ_CP070290.1.fasta
# Fields: query acc.ver, subject acc.ver, % identity, alignment length, mismatches, gap opens, q. start, q. end, s. start, s. end, evalue, bit score
# 1 hits found
ECK120021270-R+	NZ_CP070290.1	95.833	120	5	0	1	120	2120887	2120768	8.92e-51	195
# BLASTN 2.13.0+
# Query: ECK125095454+
# Database: E._albertii_NZ_CP070290.1.fasta
# Fields: query acc.ver, subject acc.ver, % identity, alignment length, mismatches, gap opens, q. start, q. end, s. start, s. end, evalue, bit score
# 1 hits found
ECK125095454+	NZ_CP070290.1	96.610	118	4	0	1	118	3572501	3572384	2.43e-51	196
# BLASTN 2.13.0+
# Query: ECK120010874-
# Database: E._albertii_NZ_CP070290.1.fasta
# Fields: query acc.ver, subject acc.ver, % identity, alignment length, mismatches, gap opens, q. start, q. end, s. start, s. end, evalue, bit score
# 1 hits found
ECK120010874-	NZ_CP070290.1	96.639	119	4	0	1	119	433658	433540	6.82e-52	198
# BLASTN 2.13.0+
# Query: ECK120010874-R+
# Database: E._albertii_NZ_CP070290.1.fasta
# Fields: query acc.ver, subject acc.ver, % identity, alignment length, mismatches, gap opens, q. start, q. end, s. start, s. end, evalue, bit score
# 1 hits found
ECK120010874-R+	NZ_CP070290.1	96.639	119	4	0	1	119	433658	433540	6.82e-52	198
# BLASTN 2.13.0+
# Query: ECK120010796-
# Database: E._albertii_NZ_CP070290.1.fasta
# Fields: query acc.ver, subject acc.ver, % identity, alignment length, mismatches, gap opens, q. start, q. end, s. start, s. end, evalue, bit score
# 1 hits found
ECK120010796-	NZ_CP070290.1	98.425	127	1	1	1	126	1014009	1013883	4.34e-59	222
# BLASTN 2.13.0+
# Query: ECK120010796-R+
# Database: E._albertii_NZ_CP070290.1.fasta
# Fields: query acc.ver, subject acc.ver, % identity, alignment length, mismatches, gap opens, q. start, q. end, s. start, s. end, evalue, bit score
# 1 hits found
ECK120010796-R+	NZ_CP070290.1	98.425	127	1	1	1	126	1014009	1013883	4.34e-59	222
# BLASTN 2.13.0+
# Query: ECK120030218+
# Database: E._albertii_NZ_CP070290.1.fasta
# Fields: query acc.ver, subject acc.ver, % identity, alignment length, mismatches, gap opens, q. start, q. end, s. start, s. end, evalue, bit score
# 1 hits found
ECK120030218+	NZ_CP070290.1	89.423	104	8	3	1	104	1891926	1891826	8.90e-31	128
# BLASTN 2.13.0+
# Query: ECK120020528-
# Database: E._albertii_NZ_CP070290.1.fasta
# Fields: query acc.ver, subject acc.ver, % identity, alignment length, mismatches, gap opens, q. start, q. end, s. start, s. end, evalue, bit score
# 1 hits found
ECK120020528-	NZ_CP070290.1	97.500	120	2	1	1	120	166171	166053	1.48e-53	204
# BLASTN 2.13.0+
# Query: ECK120020528-R+
# Database: E._albertii_NZ_CP070290.1.fasta
# Fields: query acc.ver, subject acc.ver, % identity, alignment length, mismatches, gap opens, q. start, q. end, s. start, s. end, evalue, bit score
# 1 hits found
ECK120020528-R+	NZ_CP070290.1	97.500	120	2	1	1	120	166171	166053	1.48e-53	204
# BLASTN 2.13.0+
# Query: ECK120033265+
# Database: E._albertii_NZ_CP070290.1.fasta
# Fields: query acc.ver, subject acc.ver, % identity, alignment length, mismatches, gap opens, q. start, q. end, s. start, s. end, evalue, bit score
# 1 hits found
ECK120033265+	NZ_CP070290.1	96.032	126	5	0	1	126	166772	166647	4.45e-54	206
# BLASTN 2.13.0+
# Query: ECK120010834+
# Database: E._albertii_NZ_CP070290.1.fasta
# Fields: query acc.ver, subject acc.ver, % identity, alignment length, mismatches, gap opens, q. start, q. end, s. start, s. end, evalue, bit score
# 1 hits found
ECK120010834+	NZ_CP070290.1	99.237	131	0	1	1	131	656754	656625	5.83e-63	235
# BLASTN 2.13.0+
# Query: trp-
# Database: E._albertii_NZ_CP070290.1.fasta
# Fields: query acc.ver, subject acc.ver, % identity, alignment length, mismatches, gap opens, q. start, q. end, s. start, s. end, evalue, bit score
# 1 hits found
trp-	NZ_CP070290.1	100.000	108	0	0	1	108	2482522	2482415	1.69e-52	200
# BLASTN 2.13.0+
# Query: ECK120010841-
# Database: E._albertii_NZ_CP070290.1.fasta
# Fields: query acc.ver, subject acc.ver, % identity, alignment length, mismatches, gap opens, q. start, q. end, s. start, s. end, evalue, bit score
# 1 hits found
ECK120010841-	NZ_CP070290.1	93.333	30	2	0	92	121	295037	295008	9.60e-06	45.4
# BLASTN 2.13.0+
# Query: ECK120010841-R+
# Database: E._albertii_NZ_CP070290.1.fasta
# Fields: query acc.ver, subject acc.ver, % identity, alignment length, mismatches, gap opens, q. start, q. end, s. start, s. end, evalue, bit score
# 1 hits found
ECK120010841-R+	NZ_CP070290.1	93.333	30	2	0	92	121	295037	295008	9.60e-06	45.4
# BLASTN 2.13.0+
# Query: ECK120030673+
# Database: E._albertii_NZ_CP070290.1.fasta
# 0 hits found
# BLASTN 2.13.0+
# Query: ECK120029530-
# Database: E._albertii_NZ_CP070290.1.fasta
# Fields: query acc.ver, subject acc.ver, % identity, alignment length, mismatches, gap opens, q. start, q. end, s. start, s. end, evalue, bit score
# 1 hits found
ECK120029530-	NZ_CP070290.1	96.296	27	1	0	100	126	1282344	1282318	1.03e-05	45.4
# BLASTN 2.13.0+
# Query: ECK120029530-R+
# Database: E._albertii_NZ_CP070290.1.fasta
# Fields: query acc.ver, subject acc.ver, % identity, alignment length, mismatches, gap opens, q. start, q. end, s. start, s. end, evalue, bit score
# 1 hits found
ECK120029530-R+	NZ_CP070290.1	96.296	27	1	0	100	126	1282344	1282318	1.03e-05	45.4
# BLASTN 2.13.0+
# Query: ECK125095455-
# Database: E._albertii_NZ_CP070290.1.fasta
# Fields: query acc.ver, subject acc.ver, % identity, alignment length, mismatches, gap opens, q. start, q. end, s. start, s. end, evalue, bit score
# 1 hits found
ECK125095455-	NZ_CP070290.1	95.745	141	6	0	1	141	545541	545401	1.06e-60	228
# BLASTN 2.13.0+
# Query: ECK120048902+
# Database: E._albertii_NZ_CP070290.1.fasta
# Fields: query acc.ver, subject acc.ver, % identity, alignment length, mismatches, gap opens, q. start, q. end, s. start, s. end, evalue, bit score
# 1 hits found
ECK120048902+	NZ_CP070290.1	94.783	115	6	0	2	116	1359096	1358982	2.40e-46	180
# BLASTN 2.13.0+
# Query: ECK120010827-
# Database: E._albertii_NZ_CP070290.1.fasta
# Fields: query acc.ver, subject acc.ver, % identity, alignment length, mismatches, gap opens, q. start, q. end, s. start, s. end, evalue, bit score
# 1 hits found
ECK120010827-	NZ_CP070290.1	90.551	127	11	1	1	127	4077277	4077152	2.10e-42	167
# BLASTN 2.13.0+
# Query: ECK120010791-
# Database: E._albertii_NZ_CP070290.1.fasta
# Fields: query acc.ver, subject acc.ver, % identity, alignment length, mismatches, gap opens, q. start, q. end, s. start, s. end, evalue, bit score
# 1 hits found
ECK120010791-	NZ_CP070290.1	96.000	75	3	0	43	117	4165208	4165134	4.14e-29	122
# BLASTN 2.13.0+
# Query: ECK120010791-R+
# Database: E._albertii_NZ_CP070290.1.fasta
# Fields: query acc.ver, subject acc.ver, % identity, alignment length, mismatches, gap opens, q. start, q. end, s. start, s. end, evalue, bit score
# 1 hits found
ECK120010791-R+	NZ_CP070290.1	96.000	75	3	0	43	117	4165208	4165134	4.14e-29	122
# BLASTN 2.13.0+
# Query: ECK120048897-
# Database: E._albertii_NZ_CP070290.1.fasta
# Fields: query acc.ver, subject acc.ver, % identity, alignment length, mismatches, gap opens, q. start, q. end, s. start, s. end, evalue, bit score
# 1 hits found
ECK120048897-	NZ_CP070290.1	81.818	99	14	4	30	126	2218617	2218521	2.81e-16	80.5
# BLASTN 2.13.0+
# Query: ECK120048897-R+
# Database: E._albertii_NZ_CP070290.1.fasta
# Fields: query acc.ver, subject acc.ver, % identity, alignment length, mismatches, gap opens, q. start, q. end, s. start, s. end, evalue, bit score
# 1 hits found
ECK120048897-R+	NZ_CP070290.1	81.818	99	14	4	30	126	2218617	2218521	2.81e-16	80.5
# BLASTN 2.13.0+
# Query: ECK120010803-
# Database: E._albertii_NZ_CP070290.1.fasta
# Fields: query acc.ver, subject acc.ver, % identity, alignment length, mismatches, gap opens, q. start, q. end, s. start, s. end, evalue, bit score
# 1 hits found
ECK120010803-	NZ_CP070290.1	90.083	121	11	1	1	121	1982614	1982495	4.25e-39	156
# BLASTN 2.13.0+
# Query: ECK120010803-R+
# Database: E._albertii_NZ_CP070290.1.fasta
# Fields: query acc.ver, subject acc.ver, % identity, alignment length, mismatches, gap opens, q. start, q. end, s. start, s. end, evalue, bit score
# 1 hits found
ECK120010803-R+	NZ_CP070290.1	90.083	121	11	1	1	121	1982614	1982495	4.25e-39	156
# BLASTN 2.13.0+
# Query: pheST-
# Database: E._albertii_NZ_CP070290.1.fasta
# Fields: query acc.ver, subject acc.ver, % identity, alignment length, mismatches, gap opens, q. start, q. end, s. start, s. end, evalue, bit score
# 1 hits found
pheST-	NZ_CP070290.1	95.327	107	4	1	1	106	2121090	2120984	4.65e-43	169
# BLASTN 2.13.0+
# Query: ECK120021269-R+
# Database: E._albertii_NZ_CP070290.1.fasta
# Fields: query acc.ver, subject acc.ver, % identity, alignment length, mismatches, gap opens, q. start, q. end, s. start, s. end, evalue, bit score
# 1 hits found
ECK120021269-R+	NZ_CP070290.1	95.575	113	4	1	1	112	2121091	2120979	2.40e-46	180
# BLASTN 2.13.0+
# Query: ECK120015957-
# Database: E._albertii_NZ_CP070290.1.fasta
# Fields: query acc.ver, subject acc.ver, % identity, alignment length, mismatches, gap opens, q. start, q. end, s. start, s. end, evalue, bit score
# 1 hits found
ECK120015957-	NZ_CP070290.1	88.660	97	10	1	6	101	3913779	3913683	1.89e-27	117
# BLASTN 2.13.0+
# Query: ECK120015448+
# Database: E._albertii_NZ_CP070290.1.fasta
# Fields: query acc.ver, subject acc.ver, % identity, alignment length, mismatches, gap opens, q. start, q. end, s. start, s. end, evalue, bit score
# 1 hits found
ECK120015448+	NZ_CP070290.1	88.679	53	6	0	1	53	1916275	1916223	8.24e-12	65.8
# BLASTN 2.13.0+
# Query: ECK120010816-
# Database: E._albertii_NZ_CP070290.1.fasta
# Fields: query acc.ver, subject acc.ver, % identity, alignment length, mismatches, gap opens, q. start, q. end, s. start, s. end, evalue, bit score
# 1 hits found
ECK120010816-	NZ_CP070290.1	96.407	167	6	0	11	177	341877	341711	4.89e-75	276
# BLASTN 2.13.0+
# Query: ECK120010845-
# Database: E._albertii_NZ_CP070290.1.fasta
# Fields: query acc.ver, subject acc.ver, % identity, alignment length, mismatches, gap opens, q. start, q. end, s. start, s. end, evalue, bit score
# 1 hits found
ECK120010845-	NZ_CP070290.1	91.150	113	10	0	7	119	1473412	1473300	1.50e-38	154
# BLASTN 2.13.0+
# Query: ECK120030220+
# Database: E._albertii_NZ_CP070290.1.fasta
# 0 hits found
# BLASTN 2.13.0+
# Query: ECK120033264-
# Database: E._albertii_NZ_CP070290.1.fasta
# Fields: query acc.ver, subject acc.ver, % identity, alignment length, mismatches, gap opens, q. start, q. end, s. start, s. end, evalue, bit score
# 1 hits found
ECK120033264-	NZ_CP070290.1	94.000	250	13	2	1	248	26827	26578	1.87e-105	377
# BLASTN 2.13.0+
# Query: ECK120010779+
# Database: E._albertii_NZ_CP070290.1.fasta
# Fields: query acc.ver, subject acc.ver, % identity, alignment length, mismatches, gap opens, q. start, q. end, s. start, s. end, evalue, bit score
# 1 hits found
ECK120010779+	NZ_CP070290.1	91.473	129	11	0	1	129	1158612	1158484	9.79e-46	178
# BLASTN 2.13.0+
# Query: ECK120010779-R-
# Database: E._albertii_NZ_CP070290.1.fasta
# Fields: query acc.ver, subject acc.ver, % identity, alignment length, mismatches, gap opens, q. start, q. end, s. start, s. end, evalue, bit score
# 1 hits found
ECK120010779-R-	NZ_CP070290.1	91.473	129	11	0	1	129	1158612	1158484	9.79e-46	178
# BLASTN 2.13.0+
# Query: ECK120015456-
# Database: E._albertii_NZ_CP070290.1.fasta
# Fields: query acc.ver, subject acc.ver, % identity, alignment length, mismatches, gap opens, q. start, q. end, s. start, s. end, evalue, bit score
# 1 hits found
ECK120015456-	NZ_CP070290.1	95.000	120	6	0	1	120	852985	852866	4.15e-49	189
# BLASTN 2.13.0+
# Query: ECK120015456-R+
# Database: E._albertii_NZ_CP070290.1.fasta
# Fields: query acc.ver, subject acc.ver, % identity, alignment length, mismatches, gap opens, q. start, q. end, s. start, s. end, evalue, bit score
# 1 hits found
ECK120015456-R+	NZ_CP070290.1	95.000	120	6	0	1	120	852985	852866	4.15e-49	189
# BLASTN 2.13.0+
# Query: ECK120035135-
# Database: E._albertii_NZ_CP070290.1.fasta
# Fields: query acc.ver, subject acc.ver, % identity, alignment length, mismatches, gap opens, q. start, q. end, s. start, s. end, evalue, bit score
# 1 hits found
ECK120035135-	NZ_CP070290.1	91.538	130	10	1	1	129	1846673	1846544	9.79e-46	178
# BLASTN 2.13.0+
# Query: ECK120035135-R+
# Database: E._albertii_NZ_CP070290.1.fasta
# Fields: query acc.ver, subject acc.ver, % identity, alignment length, mismatches, gap opens, q. start, q. end, s. start, s. end, evalue, bit score
# 1 hits found
ECK120035135-R+	NZ_CP070290.1	91.538	130	10	1	1	129	1846673	1846544	9.79e-46	178
# BLASTN 2.13.0+
# Query: ECK120034954+
# Database: E._albertii_NZ_CP070290.1.fasta
# Fields: query acc.ver, subject acc.ver, % identity, alignment length, mismatches, gap opens, q. start, q. end, s. start, s. end, evalue, bit score
# 1 hits found
ECK120034954+	NZ_CP070290.1	99.187	123	1	0	1	123	4458180	4458058	4.21e-59	222
# BLASTN 2.13.0+
# Query: ECK120010801+
# Database: E._albertii_NZ_CP070290.1.fasta
# Fields: query acc.ver, subject acc.ver, % identity, alignment length, mismatches, gap opens, q. start, q. end, s. start, s. end, evalue, bit score
# 1 hits found
ECK120010801+	NZ_CP070290.1	87.611	113	14	0	6	118	2239503	2239391	6.95e-32	132
# BLASTN 2.13.0+
# Query: ECK120034948+
# Database: E._albertii_NZ_CP070290.1.fasta
# Fields: query acc.ver, subject acc.ver, % identity, alignment length, mismatches, gap opens, q. start, q. end, s. start, s. end, evalue, bit score
# 1 hits found
ECK120034948+	NZ_CP070290.1	96.154	78	3	0	50	127	4011288	4011211	9.81e-31	128
# BLASTN 2.13.0+
# Query: ECK125109868-
# Database: E._albertii_NZ_CP070290.1.fasta
# Fields: query acc.ver, subject acc.ver, % identity, alignment length, mismatches, gap opens, q. start, q. end, s. start, s. end, evalue, bit score
# 1 hits found
ECK125109868-	NZ_CP070290.1	88.462	130	15	0	2	131	229336	229207	1.30e-39	158
# BLASTN 2.13.0+
# Query: ECK120034949+
# Database: E._albertii_NZ_CP070290.1.fasta
# 0 hits found
# BLASTN 2.13.0+
# Query: ECK120015443-
# Database: E._albertii_NZ_CP070290.1.fasta
# Fields: query acc.ver, subject acc.ver, % identity, alignment length, mismatches, gap opens, q. start, q. end, s. start, s. end, evalue, bit score
# 1 hits found
ECK120015443-	NZ_CP070290.1	85.593	118	11	3	4	117	866478	866363	5.35e-28	119
# BLASTN 2.13.0+
# Query: ECK120015443-R+
# Database: E._albertii_NZ_CP070290.1.fasta
# Fields: query acc.ver, subject acc.ver, % identity, alignment length, mismatches, gap opens, q. start, q. end, s. start, s. end, evalue, bit score
# 1 hits found
ECK120015443-R+	NZ_CP070290.1	85.593	118	11	3	4	117	866478	866363	5.35e-28	119
# BLASTN 2.13.0+
# Query: ECK120010839+
# Database: E._albertii_NZ_CP070290.1.fasta
# Fields: query acc.ver, subject acc.ver, % identity, alignment length, mismatches, gap opens, q. start, q. end, s. start, s. end, evalue, bit score
# 1 hits found
ECK120010839+	NZ_CP070290.1	92.000	125	8	2	1	124	829618	829495	1.21e-44	174
# BLASTN 2.13.0+
# Query: ECK120010838+
# Database: E._albertii_NZ_CP070290.1.fasta
# Fields: query acc.ver, subject acc.ver, % identity, alignment length, mismatches, gap opens, q. start, q. end, s. start, s. end, evalue, bit score
# 1 hits found
ECK120010838+	NZ_CP070290.1	90.984	122	9	2	1	121	829604	829484	2.54e-41	163
# BLASTN 2.13.0+
# Query: ECK120026312-
# Database: E._albertii_NZ_CP070290.1.fasta
# Fields: query acc.ver, subject acc.ver, % identity, alignment length, mismatches, gap opens, q. start, q. end, s. start, s. end, evalue, bit score
# 1 hits found
ECK120026312-	NZ_CP070290.1	80.672	119	23	0	1	119	3808662	3808544	3.31e-20	93.5
# BLASTN 2.13.0+
# Query: ECK120026312-R+
# Database: E._albertii_NZ_CP070290.1.fasta
# Fields: query acc.ver, subject acc.ver, % identity, alignment length, mismatches, gap opens, q. start, q. end, s. start, s. end, evalue, bit score
# 1 hits found
ECK120026312-R+	NZ_CP070290.1	80.672	119	23	0	1	119	3808662	3808544	3.31e-20	93.5
# BLASTN 2.13.0+
# Query: ECK120030801-
# Database: E._albertii_NZ_CP070290.1.fasta
# Fields: query acc.ver, subject acc.ver, % identity, alignment length, mismatches, gap opens, q. start, q. end, s. start, s. end, evalue, bit score
# 1 hits found
ECK120030801-	NZ_CP070290.1	84.783	138	11	4	1	128	4261106	4260969	2.75e-31	130
# BLASTN 2.13.0+
# Query: ECK120030801-R+
# Database: E._albertii_NZ_CP070290.1.fasta
# Fields: query acc.ver, subject acc.ver, % identity, alignment length, mismatches, gap opens, q. start, q. end, s. start, s. end, evalue, bit score
# 1 hits found
ECK120030801-R+	NZ_CP070290.1	84.783	138	11	4	1	128	4261106	4260969	2.75e-31	130
# BLASTN 2.13.0+
# Query: ECK120030800+
# Database: E._albertii_NZ_CP070290.1.fasta
# Fields: query acc.ver, subject acc.ver, % identity, alignment length, mismatches, gap opens, q. start, q. end, s. start, s. end, evalue, bit score
# 1 hits found
ECK120030800+	NZ_CP070290.1	100.000	125	0	0	1	125	2659497	2659373	7.14e-62	231
# BLASTN 2.13.0+
# Query: ECK120048900+
# Database: E._albertii_NZ_CP070290.1.fasta
# Fields: query acc.ver, subject acc.ver, % identity, alignment length, mismatches, gap opens, q. start, q. end, s. start, s. end, evalue, bit score
# 1 hits found
ECK120048900+	NZ_CP070290.1	95.122	41	2	0	83	123	4316930	4316890	7.51e-12	65.8
# BLASTN 2.13.0+
# Query: ECK125109869-
# Database: E._albertii_NZ_CP070290.1.fasta
# Fields: query acc.ver, subject acc.ver, % identity, alignment length, mismatches, gap opens, q. start, q. end, s. start, s. end, evalue, bit score
# 1 hits found
ECK125109869-	NZ_CP070290.1	93.496	123	8	0	1	123	82049	81927	2.01e-47	183
# BLASTN 2.13.0+
# Query: ECK120020527+
# Database: E._albertii_NZ_CP070290.1.fasta
# Fields: query acc.ver, subject acc.ver, % identity, alignment length, mismatches, gap opens, q. start, q. end, s. start, s. end, evalue, bit score
# 1 hits found
ECK120020527+	NZ_CP070290.1	95.614	114	5	0	1	114	467790	467677	1.81e-47	183
# BLASTN 2.13.0+
# Query: ECK120027917-
# Database: E._albertii_NZ_CP070290.1.fasta
# Fields: query acc.ver, subject acc.ver, % identity, alignment length, mismatches, gap opens, q. start, q. end, s. start, s. end, evalue, bit score
# 1 hits found
ECK120027917-	NZ_CP070290.1	90.400	125	12	0	4	128	3632419	3632295	7.55e-42	165
# BLASTN 2.13.0+
# Query: ECK120027917-R+
# Database: E._albertii_NZ_CP070290.1.fasta
# Fields: query acc.ver, subject acc.ver, % identity, alignment length, mismatches, gap opens, q. start, q. end, s. start, s. end, evalue, bit score
# 1 hits found
ECK120027917-R+	NZ_CP070290.1	90.400	125	12	0	4	128	3632419	3632295	7.55e-42	165
# BLASTN 2.13.0+
# Query: ECK120010835-R+
# Database: E._albertii_NZ_CP070290.1.fasta
# Fields: query acc.ver, subject acc.ver, % identity, alignment length, mismatches, gap opens, q. start, q. end, s. start, s. end, evalue, bit score
# 1 hits found
ECK120010835-R+	NZ_CP070290.1	86.093	151	21	0	1	151	1052418	1052268	3.29e-41	163
# BLASTN 2.13.0+
# Query: ECK120015447-R+
# Database: E._albertii_NZ_CP070290.1.fasta
# Fields: query acc.ver, subject acc.ver, % identity, alignment length, mismatches, gap opens, q. start, q. end, s. start, s. end, evalue, bit score
# 1 hits found
ECK120015447-R+	NZ_CP070290.1	81.452	124	21	2	1	123	1383490	1383368	2.08e-22	100
# BLASTN 2.13.0+
# Query: ECK120010786-R+
# Database: E._albertii_NZ_CP070290.1.fasta
# Fields: query acc.ver, subject acc.ver, % identity, alignment length, mismatches, gap opens, q. start, q. end, s. start, s. end, evalue, bit score
# 1 hits found
ECK120010786-R+	NZ_CP070290.1	95.588	68	3	0	1	68	1100398	1100331	3.26e-25	110
# BLAST processed 174 queries
