# BLASTN 2.13.0+
# Query: X60293.1/246-293 slurp/ecgetrf.pl?CH03783 DE:[Terminator cysB]+
# Database: S._dysenteria_NZ_CP055055.1.fasta
# Fields: query acc.ver, subject acc.ver, % identity, alignment length, mismatches, gap opens, q. start, q. end, s. start, s. end, evalue, bit score
# 1 hits found
X60293.1/246-293	NZ_CP055055.1	99.219	128	1	0	1	128	2152158	2152285	8.21e-62	231
# BLASTN 2.13.0+
# Query: ECK120010828+
# Database: S._dysenteria_NZ_CP055055.1.fasta
# Fields: query acc.ver, subject acc.ver, % identity, alignment length, mismatches, gap opens, q. start, q. end, s. start, s. end, evalue, bit score
# 1 hits found
ECK120010828+	NZ_CP055055.1	99.231	130	1	0	1	130	2152150	2152279	6.47e-63	235
# BLASTN 2.13.0+
# Query: X15237.1/1846-1870 slurp/ecgetrf.pl?CH03787 DE:[pot. stem-loop structure]+
# Database: S._dysenteria_NZ_CP055055.1.fasta
# Fields: query acc.ver, subject acc.ver, % identity, alignment length, mismatches, gap opens, q. start, q. end, s. start, s. end, evalue, bit score
# 1 hits found
X15237.1/1846-1870	NZ_CP055055.1	98.095	105	2	0	1	105	726377	726481	1.84e-47	183
# BLASTN 2.13.0+
# Query: ECK120029528-R+
# Database: S._dysenteria_NZ_CP055055.1.fasta
# Fields: query acc.ver, subject acc.ver, % identity, alignment length, mismatches, gap opens, q. start, q. end, s. start, s. end, evalue, bit score
# 1 hits found
ECK120029528-R+	NZ_CP055055.1	98.400	125	2	0	1	125	726367	726491	1.73e-58	220
# BLASTN 2.13.0+
# Query: ECK120029528-
# Database: S._dysenteria_NZ_CP055055.1.fasta
# Fields: query acc.ver, subject acc.ver, % identity, alignment length, mismatches, gap opens, q. start, q. end, s. start, s. end, evalue, bit score
# 1 hits found
ECK120029528-	NZ_CP055055.1	98.400	125	2	0	1	125	726367	726491	1.73e-58	220
# BLASTN 2.13.0+
# Query: X17333.1/1415-1439 slurp/ecgetrf.pl?CH03793 DE:[put. bidirectional transcriptional terminator]-
# Database: S._dysenteria_NZ_CP055055.1.fasta
# Fields: query acc.ver, subject acc.ver, % identity, alignment length, mismatches, gap opens, q. start, q. end, s. start, s. end, evalue, bit score
# 1 hits found
X17333.1/1415-1439	NZ_CP055055.1	98.095	105	2	0	1	105	726377	726481	1.84e-47	183
# BLASTN 2.13.0+
# Query: X06091.1/1417-1440 slurp/ecgetrf.pl?CH03791 DE:[pot. stem-loop structure; pot. transcription terminator]-
# Database: S._dysenteria_NZ_CP055055.1.fasta
# Fields: query acc.ver, subject acc.ver, % identity, alignment length, mismatches, gap opens, q. start, q. end, s. start, s. end, evalue, bit score
# 1 hits found
X06091.1/1417-1440	NZ_CP055055.1	100.000	104	0	0	1	104	2767448	2767551	3.01e-50	193
# BLASTN 2.13.0+
# Query: X68192.1/1637-1678 slurp/ecgetrf.pl?CH03795 DE:[terminator II]-
# Database: S._dysenteria_NZ_CP055055.1.fasta
# Fields: query acc.ver, subject acc.ver, % identity, alignment length, mismatches, gap opens, q. start, q. end, s. start, s. end, evalue, bit score
# 1 hits found
X68192.1/1637-1678	NZ_CP055055.1	99.180	122	0	1	1	122	1771737	1771857	6.04e-58	219
# BLASTN 2.13.0+
# Query: M87625.1/2270-2297 slurp/ecgetrf.pl?CH03800 DE:[termination sequence]+
# Database: S._dysenteria_NZ_CP055055.1.fasta
# Fields: query acc.ver, subject acc.ver, % identity, alignment length, mismatches, gap opens, q. start, q. end, s. start, s. end, evalue, bit score
# 1 hits found
M87625.1/2270-2297	NZ_CP055055.1	98.148	108	2	0	1	108	4974446	4974553	4.09e-49	189
# BLASTN 2.13.0+
# Query: M87049.1/68404-68432 slurp/ecgetrf.pl?CH03923 DE:[terminator-like sequence]+
# Database: S._dysenteria_NZ_CP055055.1.fasta
# Fields: query acc.ver, subject acc.ver, % identity, alignment length, mismatches, gap opens, q. start, q. end, s. start, s. end, evalue, bit score
# 1 hits found
M87049.1/68404-68432	NZ_CP055055.1	98.148	108	2	0	1	108	4974446	4974553	4.09e-49	189
# BLASTN 2.13.0+
# Query: X61919.1/257-295 slurp/ecgetrf.pl?CH03803 DE:[crp divergent RNA transcription terminator]-
# Database: S._dysenteria_NZ_CP055055.1.fasta
# Fields: query acc.ver, subject acc.ver, % identity, alignment length, mismatches, gap opens, q. start, q. end, s. start, s. end, evalue, bit score
# 1 hits found
X61919.1/257-295	NZ_CP055055.1	100.000	119	0	0	1	119	4369644	4369762	1.63e-58	220
# BLASTN 2.13.0+
# Query: X01653.1/3207-3232 slurp/ecgetrf.pl?CH03805 DE:[pot. stem-loop structure]+
# Database: S._dysenteria_NZ_CP055055.1.fasta
# Fields: query acc.ver, subject acc.ver, % identity, alignment length, mismatches, gap opens, q. start, q. end, s. start, s. end, evalue, bit score
# 1 hits found
X01653.1/3207-3232	NZ_CP055055.1	99.057	106	1	0	1	106	4949824	4949929	1.11e-49	191
# BLASTN 2.13.0+
# Query: X05629.1/80-111 slurp/ecgetrf.pl?CH03808 DE:[Terminator deoT]+
# Database: S._dysenteria_NZ_CP055055.1.fasta
# Fields: query acc.ver, subject acc.ver, % identity, alignment length, mismatches, gap opens, q. start, q. end, s. start, s. end, evalue, bit score
# 1 hits found
X05629.1/80-111	NZ_CP055055.1	97.321	112	3	0	1	112	583946	584057	1.19e-49	191
# BLASTN 2.13.0+
# Query: U14003.1/312468-312496 slurp/ecgetrf.pl?CH05099+
# Database: S._dysenteria_NZ_CP055055.1.fasta
# Fields: query acc.ver, subject acc.ver, % identity, alignment length, mismatches, gap opens, q. start, q. end, s. start, s. end, evalue, bit score
# 1 hits found
U14003.1/312468-312496	NZ_CP055055.1	97.248	109	3	0	1	109	583948	584056	5.34e-48	185
# BLASTN 2.13.0+
# Query: X00547.1/1104-1134 slurp/ecgetrf.pl?CH03811 DE:[Pot. transcription terminator]-
# Database: S._dysenteria_NZ_CP055055.1.fasta
# Fields: query acc.ver, subject acc.ver, % identity, alignment length, mismatches, gap opens, q. start, q. end, s. start, s. end, evalue, bit score
# 1 hits found
X00547.1/1104-1134	NZ_CP055055.1	100.000	111	0	0	1	111	1815058	1815168	4.19e-54	206
# BLASTN 2.13.0+
# Query: M84991.1/1269-1309 slurp/ecgetrf.pl?CH03814 DE:[Terminatorfor fatty acid biosynthesis operon]+
# Database: S._dysenteria_NZ_CP055055.1.fasta
# Fields: query acc.ver, subject acc.ver, % identity, alignment length, mismatches, gap opens, q. start, q. end, s. start, s. end, evalue, bit score
# 1 hits found
M84991.1/1269-1309	NZ_CP055055.1	100.000	120	0	0	1	120	1980899	1981018	4.58e-59	222
# BLASTN 2.13.0+
# Query: X08087.1/907-941 slurp/ecgetrf.pl?CH03816 DE:[Pot. stem-loop structure; pot. transcription terminator]+
# Database: S._dysenteria_NZ_CP055055.1.fasta
# Fields: query acc.ver, subject acc.ver, % identity, alignment length, mismatches, gap opens, q. start, q. end, s. start, s. end, evalue, bit score
# 1 hits found
X08087.1/907-941	NZ_CP055055.1	99.130	115	0	1	1	115	2048335	2048448	4.38e-54	206
# BLASTN 2.13.0+
# Query: ECK120048898+
# Database: S._dysenteria_NZ_CP055055.1.fasta
# Fields: query acc.ver, subject acc.ver, % identity, alignment length, mismatches, gap opens, q. start, q. end, s. start, s. end, evalue, bit score
# 1 hits found
ECK120048898+	NZ_CP055055.1	99.180	122	0	1	1	122	2048325	2048445	6.04e-58	219
# BLASTN 2.13.0+
# Query: X63666.1/1540-1567 slurp/ecgetrf.pl?CH03819 DE:[Putative termination signal]+
# Database: S._dysenteria_NZ_CP055055.1.fasta
# Fields: query acc.ver, subject acc.ver, % identity, alignment length, mismatches, gap opens, q. start, q. end, s. start, s. end, evalue, bit score
# 1 hits found
X63666.1/1540-1567	NZ_CP055055.1	100.000	108	0	0	1	108	4334268	4334375	1.89e-52	200
# BLASTN 2.13.0+
# Query: X04065.1/1578-1619 slurp/ecgetrf.pl?CH03822 DE:[Stem-loop structure; pot. transcription terminator]-
# Database: S._dysenteria_NZ_CP055055.1.fasta
# Fields: query acc.ver, subject acc.ver, % identity, alignment length, mismatches, gap opens, q. start, q. end, s. start, s. end, evalue, bit score
# 1 hits found
X04065.1/1578-1619	NZ_CP055055.1	99.180	122	1	0	1	122	2463593	2463714	1.68e-58	220
# BLASTN 2.13.0+
# Query: X06744.1/2831-2858 slurp/ecgetrf.pl?CH03831 DE:[Put. stem loop structure]-
# Database: S._dysenteria_NZ_CP055055.1.fasta
# Fields: query acc.ver, subject acc.ver, % identity, alignment length, mismatches, gap opens, q. start, q. end, s. start, s. end, evalue, bit score
# 1 hits found
X06744.1/2831-2858	NZ_CP055055.1	98.148	108	2	0	1	108	3166198	3166305	4.09e-49	189
# BLASTN 2.13.0+
# Query: X04864.1/495-528 slurp/ecgetrf.pl?CH03835 DE:[Put. transcription terminator]+
# Database: S._dysenteria_NZ_CP055055.1.fasta
# Fields: query acc.ver, subject acc.ver, % identity, alignment length, mismatches, gap opens, q. start, q. end, s. start, s. end, evalue, bit score
# 1 hits found
X04864.1/495-528	NZ_CP055055.1	98.246	114	2	0	1	114	1748657	1748770	2.02e-52	200
# BLASTN 2.13.0+
# Query: X67700.1/988-1010 slurp/ecgetrf.pl?CH03840 DE:[ORF1 terminator]+
# Database: S._dysenteria_NZ_CP055055.1.fasta
# Fields: query acc.ver, subject acc.ver, % identity, alignment length, mismatches, gap opens, q. start, q. end, s. start, s. end, evalue, bit score
# 1 hits found
X67700.1/988-1010	NZ_CP055055.1	99.029	103	1	0	1	103	612825	612927	4.98e-48	185
# BLASTN 2.13.0+
# Query: L12044.1/1999-2037 slurp/ecgetrf.pl?CH03848 DE:[Terminator kch]-
# Database: S._dysenteria_NZ_CP055055.1.fasta
# Fields: query acc.ver, subject acc.ver, % identity, alignment length, mismatches, gap opens, q. start, q. end, s. start, s. end, evalue, bit score
# 1 hits found
L12044.1/1999-2037	NZ_CP055055.1	100.000	119	0	0	1	119	2126265	2126383	1.63e-58	220
# BLASTN 2.13.0+
# Query: X14135.1/195-222 slurp/ecgetrf.pl?CH03860 DE:[Pot. stem loop structure]-
# Database: S._dysenteria_NZ_CP055055.1.fasta
# Fields: query acc.ver, subject acc.ver, % identity, alignment length, mismatches, gap opens, q. start, q. end, s. start, s. end, evalue, bit score
# 1 hits found
X14135.1/195-222	NZ_CP055055.1	100.000	108	0	0	1	108	1448295	1448402	1.89e-52	200
# BLASTN 2.13.0+
# Query: X57402.1/1077-1106 slurp/ecgetrf.pl?CH03864 DE:[Terminator dapA, nlpB]-
# Database: S._dysenteria_NZ_CP055055.1.fasta
# Fields: query acc.ver, subject acc.ver, % identity, alignment length, mismatches, gap opens, q. start, q. end, s. start, s. end, evalue, bit score
# 1 hits found
X57402.1/1077-1106	NZ_CP055055.1	100.000	110	0	0	1	110	3408240	3408349	1.49e-53	204
# BLASTN 2.13.0+
# Query: ECK120010784-
# Database: S._dysenteria_NZ_CP055055.1.fasta
# Fields: query acc.ver, subject acc.ver, % identity, alignment length, mismatches, gap opens, q. start, q. end, s. start, s. end, evalue, bit score
# 1 hits found
ECK120010784-	NZ_CP055055.1	100.000	122	0	0	1	122	3408238	3408359	3.61e-60	226
# BLASTN 2.13.0+
# Query: X08035.1/2423-2452 slurp/ecgetrf.pl?CH03870 DE:[pot.stem-loop structure]-
# Database: S._dysenteria_NZ_CP055055.1.fasta
# Fields: query acc.ver, subject acc.ver, % identity, alignment length, mismatches, gap opens, q. start, q. end, s. start, s. end, evalue, bit score
# 1 hits found
X08035.1/2423-2452	NZ_CP055055.1	99.091	110	1	0	1	110	1735728	1735837	6.94e-52	198
# BLASTN 2.13.0+
# Query: D90227.1/10944-10985 slurp/ecgetrf.pl?CH03874 DE:[pot. terminator 1]-
# Database: S._dysenteria_NZ_CP055055.1.fasta
# Fields: query acc.ver, subject acc.ver, % identity, alignment length, mismatches, gap opens, q. start, q. end, s. start, s. end, evalue, bit score
# 1 hits found
D90227.1/10944-10985	NZ_CP055055.1	96.000	50	2	0	34	83	4396640	4396591	8.27e-17	82.4
# BLASTN 2.13.0+
# Query: ECK120035132-R+
# Database: S._dysenteria_NZ_CP055055.1.fasta
# Fields: query acc.ver, subject acc.ver, % identity, alignment length, mismatches, gap opens, q. start, q. end, s. start, s. end, evalue, bit score
# 1 hits found
ECK120035132-R+	NZ_CP055055.1	96.000	50	2	0	38	87	4396640	4396591	8.35e-17	82.4
# BLASTN 2.13.0+
# Query: ECK120035132-
# Database: S._dysenteria_NZ_CP055055.1.fasta
# Fields: query acc.ver, subject acc.ver, % identity, alignment length, mismatches, gap opens, q. start, q. end, s. start, s. end, evalue, bit score
# 1 hits found
ECK120035132-	NZ_CP055055.1	96.000	50	2	0	38	87	4396640	4396591	8.35e-17	82.4
# BLASTN 2.13.0+
# Query: M94104.1/1639-1668 slurp/ecgetrf.pl?CH03879 DE:[putative termination signal]-
# Database: S._dysenteria_NZ_CP055055.1.fasta
# Fields: query acc.ver, subject acc.ver, % identity, alignment length, mismatches, gap opens, q. start, q. end, s. start, s. end, evalue, bit score
# 1 hits found
M94104.1/1639-1668	NZ_CP055055.1	100.000	110	0	0	1	110	4806172	4806281	1.49e-53	204
# BLASTN 2.13.0+
# Query: L10328.1/55847-55820 slurp/ecgetrf.pl?CH03906 DE:[putative termination signal]-
# Database: S._dysenteria_NZ_CP055055.1.fasta
# Fields: query acc.ver, subject acc.ver, % identity, alignment length, mismatches, gap opens, q. start, q. end, s. start, s. end, evalue, bit score
# 1 hits found
L10328.1/55847-55820	NZ_CP055055.1	100.000	108	0	0	1	108	4806174	4806281	1.89e-52	200
# BLASTN 2.13.0+
# Query: X04469.1/1953-1977 slurp/ecgetrf.pl?CH03882 DE:[pot. transcription terminator]-
# Database: S._dysenteria_NZ_CP055055.1.fasta
# Fields: query acc.ver, subject acc.ver, % identity, alignment length, mismatches, gap opens, q. start, q. end, s. start, s. end, evalue, bit score
# 1 hits found
X04469.1/1953-1977	NZ_CP055055.1	100.000	102	0	0	1	102	1950586	1950687	3.95e-49	189
# BLASTN 2.13.0+
# Query: X52363.1/127-157 slurp/ecgetrf.pl?CH03887 DE:[rrfG transcription terminator]+
# Database: S._dysenteria_NZ_CP055055.1.fasta
# Fields: query acc.ver, subject acc.ver, % identity, alignment length, mismatches, gap opens, q. start, q. end, s. start, s. end, evalue, bit score
# 1 hits found
X52363.1/127-157	NZ_CP055055.1	99.099	111	1	0	1	111	4999579	4999689	1.95e-52	200
# BLASTN 2.13.0+
# Query: L19201.1/2459-2489 slurp/ecgetrf.pl?CH03932 DE:[putative termination signal]+
# Database: S._dysenteria_NZ_CP055055.1.fasta
# Fields: query acc.ver, subject acc.ver, % identity, alignment length, mismatches, gap opens, q. start, q. end, s. start, s. end, evalue, bit score
# 1 hits found
L19201.1/2459-2489	NZ_CP055055.1	99.065	107	1	0	1	107	4999583	4999689	3.27e-50	193
# BLASTN 2.13.0+
# Query: ECK120051382-
# Database: S._dysenteria_NZ_CP055055.1.fasta
# Fields: query acc.ver, subject acc.ver, % identity, alignment length, mismatches, gap opens, q. start, q. end, s. start, s. end, evalue, bit score
# 1 hits found
ECK120051382-	NZ_CP055055.1	87.234	94	8	4	53	144	4322503	4322594	2.14e-23	104
# BLASTN 2.13.0+
# Query: BBa_B0010-
# Database: S._dysenteria_NZ_CP055055.1.fasta
# Fields: query acc.ver, subject acc.ver, % identity, alignment length, mismatches, gap opens, q. start, q. end, s. start, s. end, evalue, bit score
# 1 hits found
BBa_B0010-	NZ_CP055055.1	87.368	95	8	4	68	160	4322503	4322595	6.73e-24	106
# BLASTN 2.13.0+
# Query: L19201.1/2282-2328 slurp/ecgetrf.pl?CH03931 DE:[putative termination signal]-
# Database: S._dysenteria_NZ_CP055055.1.fasta
# Fields: query acc.ver, subject acc.ver, % identity, alignment length, mismatches, gap opens, q. start, q. end, s. start, s. end, evalue, bit score
# 1 hits found
L19201.1/2282-2328	NZ_CP055055.1	85.366	82	8	4	48	127	4322503	4322582	8.67e-17	82.4
# BLASTN 2.13.0+
# Query: L10328.1/5220-5193 slurp/ecgetrf.pl?CH03902 DE:[putative termination signal]-
# Database: S._dysenteria_NZ_CP055055.1.fasta
# Fields: query acc.ver, subject acc.ver, % identity, alignment length, mismatches, gap opens, q. start, q. end, s. start, s. end, evalue, bit score
# 1 hits found
L10328.1/5220-5193	NZ_CP055055.1	100.000	108	0	0	1	108	4724765	4724872	1.89e-52	200
# BLASTN 2.13.0+
# Query: ECK120035133-
# Database: S._dysenteria_NZ_CP055055.1.fasta
# Fields: query acc.ver, subject acc.ver, % identity, alignment length, mismatches, gap opens, q. start, q. end, s. start, s. end, evalue, bit score
# 1 hits found
ECK120035133-	NZ_CP055055.1	100.000	122	0	0	1	122	4724761	4724882	3.61e-60	226
# BLASTN 2.13.0+
# Query: L10328.1/43056-43083 slurp/ecgetrf.pl?CH03904 DE:[putative termination signal]+
# Database: S._dysenteria_NZ_CP055055.1.fasta
# Fields: query acc.ver, subject acc.ver, % identity, alignment length, mismatches, gap opens, q. start, q. end, s. start, s. end, evalue, bit score
# 1 hits found
L10328.1/43056-43083	NZ_CP055055.1	96.629	89	3	0	1	89	4792849	4792937	6.93e-37	148
# BLASTN 2.13.0+
# Query: ECK120035136+
# Database: S._dysenteria_NZ_CP055055.1.fasta
# Fields: query acc.ver, subject acc.ver, % identity, alignment length, mismatches, gap opens, q. start, q. end, s. start, s. end, evalue, bit score
# 1 hits found
ECK120035136+	NZ_CP055055.1	96.939	98	3	0	2	99	4792840	4792937	8.45e-42	165
# BLASTN 2.13.0+
# Query: L10328.1/43151-43173 slurp/ecgetrf.pl?CH03905 DE:[putative termination signal]+
# Database: S._dysenteria_NZ_CP055055.1.fasta
# Fields: query acc.ver, subject acc.ver, % identity, alignment length, mismatches, gap opens, q. start, q. end, s. start, s. end, evalue, bit score
# 1 hits found
L10328.1/43151-43173	NZ_CP055055.1	97.917	48	1	0	33	80	4793028	4793075	1.87e-17	84.2
# BLASTN 2.13.0+
# Query: L10328.1/126639-126661 slurp/ecgetrf.pl?CH03910 DE:[putative termination signal]+
# Database: S._dysenteria_NZ_CP055055.1.fasta
# Fields: query acc.ver, subject acc.ver, % identity, alignment length, mismatches, gap opens, q. start, q. end, s. start, s. end, evalue, bit score
# 1 hits found
L10328.1/126639-126661	NZ_CP055055.1	100.000	103	0	0	1	103	4893457	4893559	1.07e-49	191
# BLASTN 2.13.0+
# Query: M87049.1/13395-13431 slurp/ecgetrf.pl?CH03915 DE:[terminator-like sequence]+
# Database: S._dysenteria_NZ_CP055055.1.fasta
# Fields: query acc.ver, subject acc.ver, % identity, alignment length, mismatches, gap opens, q. start, q. end, s. start, s. end, evalue, bit score
# 1 hits found
M87049.1/13395-13431	NZ_CP055055.1	97.436	117	3	0	1	117	4916374	4916490	2.08e-52	200
# BLASTN 2.13.0+
# Query: M87049.1/33826-33862 slurp/ecgetrf.pl?CH03918 DE:[terminator-like sequence]+
# Database: S._dysenteria_NZ_CP055055.1.fasta
# Fields: query acc.ver, subject acc.ver, % identity, alignment length, mismatches, gap opens, q. start, q. end, s. start, s. end, evalue, bit score
# 1 hits found
M87049.1/33826-33862	NZ_CP055055.1	94.828	116	6	0	1	116	4936818	4936933	7.46e-47	182
# BLASTN 2.13.0+
# Query: M87049.1/39715-39749 slurp/ecgetrf.pl?CH03920 DE:[terminator-like sequence]+
# Database: S._dysenteria_NZ_CP055055.1.fasta
# Fields: query acc.ver, subject acc.ver, % identity, alignment length, mismatches, gap opens, q. start, q. end, s. start, s. end, evalue, bit score
# 1 hits found
M87049.1/39715-39749	NZ_CP055055.1	99.130	115	1	0	1	115	4942716	4942830	1.22e-54	207
# BLASTN 2.13.0+
# Query: M87049.1/70279-70299 slurp/ecgetrf.pl?CH03924 DE:[terminator-like sequence]+
# Database: S._dysenteria_NZ_CP055055.1.fasta
# Fields: query acc.ver, subject acc.ver, % identity, alignment length, mismatches, gap opens, q. start, q. end, s. start, s. end, evalue, bit score
# 1 hits found
M87049.1/70279-70299	NZ_CP055055.1	100.000	101	0	0	1	101	4976336	4976436	1.35e-48	187
# BLASTN 2.13.0+
# Query: X13002.1/1005-1031 slurp/ecgetrf.pl?CH03927 DE:[pot. stem-loop structure; pot. transcription terminator]+
# Database: S._dysenteria_NZ_CP055055.1.fasta
# Fields: query acc.ver, subject acc.ver, % identity, alignment length, mismatches, gap opens, q. start, q. end, s. start, s. end, evalue, bit score
# 1 hits found
X13002.1/1005-1031	NZ_CP055055.1	100.000	107	0	0	1	107	2615276	2615382	6.71e-52	198
# BLASTN 2.13.0+
# Query: Z23096.1/446-494 slurp/ecgetrf.pl?CH03930 DE:[Terminator Similar to gene dicF of E.coli dicABC]-
# Database: S._dysenteria_NZ_CP055055.1.fasta
# 0 hits found
# BLASTN 2.13.0+
# Query: L19201.1/12884-12927 slurp/ecgetrf.pl?CH03935 DE:[putative termination signal]+
# Database: S._dysenteria_NZ_CP055055.1.fasta
# Fields: query acc.ver, subject acc.ver, % identity, alignment length, mismatches, gap opens, q. start, q. end, s. start, s. end, evalue, bit score
# 1 hits found
L19201.1/12884-12927	NZ_CP055055.1	100.000	124	0	0	1	124	5010007	5010130	2.84e-61	230
# BLASTN 2.13.0+
# Query: ECK120010799+
# Database: S._dysenteria_NZ_CP055055.1.fasta
# Fields: query acc.ver, subject acc.ver, % identity, alignment length, mismatches, gap opens, q. start, q. end, s. start, s. end, evalue, bit score
# 1 hits found
ECK120010799+	NZ_CP055055.1	100.000	140	0	0	1	140	5009994	5010133	4.19e-70	259
# BLASTN 2.13.0+
# Query: L19201.1/63111-63151 slurp/ecgetrf.pl?CH03938 DE:[putative termination signal]+
# Database: S._dysenteria_NZ_CP055055.1.fasta
# Fields: query acc.ver, subject acc.ver, % identity, alignment length, mismatches, gap opens, q. start, q. end, s. start, s. end, evalue, bit score
# 1 hits found
L19201.1/63111-63151	NZ_CP055055.1	99.174	121	1	0	1	121	5066852	5066972	5.98e-58	219
# BLASTN 2.13.0+
# Query: L19201.1/71476-71507 slurp/ecgetrf.pl?CH03941 DE:[putative termination signal]+
# Database: S._dysenteria_NZ_CP055055.1.fasta
# Fields: query acc.ver, subject acc.ver, % identity, alignment length, mismatches, gap opens, q. start, q. end, s. start, s. end, evalue, bit score
# 1 hits found
L19201.1/71476-71507	NZ_CP055055.1	100.000	112	0	0	1	112	29379	29490	1.18e-54	207
# BLASTN 2.13.0+
# Query: L19201.1/82018-81996 slurp/ecgetrf.pl?CH03944 DE:[putative termination signal]-
# Database: S._dysenteria_NZ_CP055055.1.fasta
# Fields: query acc.ver, subject acc.ver, % identity, alignment length, mismatches, gap opens, q. start, q. end, s. start, s. end, evalue, bit score
# 1 hits found
L19201.1/82018-81996	NZ_CP055055.1	100.000	103	0	0	1	103	41432	41534	1.07e-49	191
# BLASTN 2.13.0+
# Query: ECK120010852-R+
# Database: S._dysenteria_NZ_CP055055.1.fasta
# Fields: query acc.ver, subject acc.ver, % identity, alignment length, mismatches, gap opens, q. start, q. end, s. start, s. end, evalue, bit score
# 1 hits found
ECK120010852-R+	NZ_CP055055.1	100.000	118	0	0	1	118	41427	41544	5.80e-58	219
# BLASTN 2.13.0+
# Query: ECK120010852-
# Database: S._dysenteria_NZ_CP055055.1.fasta
# Fields: query acc.ver, subject acc.ver, % identity, alignment length, mismatches, gap opens, q. start, q. end, s. start, s. end, evalue, bit score
# 1 hits found
ECK120010852-	NZ_CP055055.1	100.000	118	0	0	1	118	41427	41544	5.80e-58	219
# BLASTN 2.13.0+
# Query: U14003.1/28964-28938 slurp/ecgetrf.pl?CH05080-
# Database: S._dysenteria_NZ_CP055055.1.fasta
# Fields: query acc.ver, subject acc.ver, % identity, alignment length, mismatches, gap opens, q. start, q. end, s. start, s. end, evalue, bit score
# 1 hits found
U14003.1/28964-28938	NZ_CP055055.1	100.000	107	0	0	1	107	306478	306584	6.71e-52	198
# BLASTN 2.13.0+
# Query: U14003.1/28964-28938 slurp/ecgetrf.pl?CH05080-
# Database: S._dysenteria_NZ_CP055055.1.fasta
# Fields: query acc.ver, subject acc.ver, % identity, alignment length, mismatches, gap opens, q. start, q. end, s. start, s. end, evalue, bit score
# 1 hits found
U14003.1/28964-28938	NZ_CP055055.1	100.000	107	0	0	1	107	306478	306584	6.71e-52	198
# BLASTN 2.13.0+
# Query: seq10161 slurp/ecgetrf.pl?CH05080.1-
# Database: S._dysenteria_NZ_CP055055.1.fasta
# Fields: query acc.ver, subject acc.ver, % identity, alignment length, mismatches, gap opens, q. start, q. end, s. start, s. end, evalue, bit score
# 1 hits found
seq10161	NZ_CP055055.1	100.000	107	0	0	1	107	306478	306584	6.71e-52	198
# BLASTN 2.13.0+
# Query: seq10161 slurp/ecgetrf.pl?CH05080.1-
# Database: S._dysenteria_NZ_CP055055.1.fasta
# Fields: query acc.ver, subject acc.ver, % identity, alignment length, mismatches, gap opens, q. start, q. end, s. start, s. end, evalue, bit score
# 1 hits found
seq10161	NZ_CP055055.1	100.000	107	0	0	1	107	306478	306584	6.71e-52	198
# BLASTN 2.13.0+
# Query: seq10161 slurp/ecgetrf.pl?CH05080.1-
# Database: S._dysenteria_NZ_CP055055.1.fasta
# Fields: query acc.ver, subject acc.ver, % identity, alignment length, mismatches, gap opens, q. start, q. end, s. start, s. end, evalue, bit score
# 1 hits found
seq10161	NZ_CP055055.1	100.000	107	0	0	1	107	306478	306584	6.71e-52	198
# BLASTN 2.13.0+
# Query: seq10161 slurp/ecgetrf.pl?CH05080.1-
# Database: S._dysenteria_NZ_CP055055.1.fasta
# Fields: query acc.ver, subject acc.ver, % identity, alignment length, mismatches, gap opens, q. start, q. end, s. start, s. end, evalue, bit score
# 1 hits found
seq10161	NZ_CP055055.1	100.000	107	0	0	1	107	306478	306584	6.71e-52	198
# BLASTN 2.13.0+
# Query: U14003.1/53366-53342 slurp/ecgetrf.pl?CH05082+
# Database: S._dysenteria_NZ_CP055055.1.fasta
# Fields: query acc.ver, subject acc.ver, % identity, alignment length, mismatches, gap opens, q. start, q. end, s. start, s. end, evalue, bit score
# 1 hits found
U14003.1/53366-53342	NZ_CP055055.1	93.333	105	7	0	1	105	330988	330884	4.00e-39	156
# BLASTN 2.13.0+
# Query: U14003.1/69815-69791 slurp/ecgetrf.pl?CH05086-
# Database: S._dysenteria_NZ_CP055055.1.fasta
# Fields: query acc.ver, subject acc.ver, % identity, alignment length, mismatches, gap opens, q. start, q. end, s. start, s. end, evalue, bit score
# 1 hits found
U14003.1/69815-69791	NZ_CP055055.1	100.000	105	0	0	1	105	347328	347432	8.48e-51	195
# BLASTN 2.13.0+
# Query: ECK120010861-R+
# Database: S._dysenteria_NZ_CP055055.1.fasta
# Fields: query acc.ver, subject acc.ver, % identity, alignment length, mismatches, gap opens, q. start, q. end, s. start, s. end, evalue, bit score
# 1 hits found
ECK120010861-R+	NZ_CP055055.1	100.000	122	0	0	1	122	347321	347442	3.61e-60	226
# BLASTN 2.13.0+
# Query: frd_ampC-
# Database: S._dysenteria_NZ_CP055055.1.fasta
# Fields: query acc.ver, subject acc.ver, % identity, alignment length, mismatches, gap opens, q. start, q. end, s. start, s. end, evalue, bit score
# 1 hits found
frd_ampC-	NZ_CP055055.1	100.000	109	0	0	1	109	347324	347432	5.31e-53	202
# BLASTN 2.13.0+
# Query: U14003.1/117410-117437 slurp/ecgetrf.pl?CH05089+
# Database: S._dysenteria_NZ_CP055055.1.fasta
# Fields: query acc.ver, subject acc.ver, % identity, alignment length, mismatches, gap opens, q. start, q. end, s. start, s. end, evalue, bit score
# 1 hits found
U14003.1/117410-117437	NZ_CP055055.1	99.074	108	1	0	1	108	394389	394496	8.78e-51	195
# BLASTN 2.13.0+
# Query: U14003.1/161794-161766 slurp/ecgetrf.pl?CH05091-
# Database: S._dysenteria_NZ_CP055055.1.fasta
# Fields: query acc.ver, subject acc.ver, % identity, alignment length, mismatches, gap opens, q. start, q. end, s. start, s. end, evalue, bit score
# 1 hits found
U14003.1/161794-161766	NZ_CP055055.1	100.000	109	0	0	1	109	440556	440664	5.31e-53	202
# BLASTN 2.13.0+
# Query: J01636.1/1170-1210 slurp/ecgetrf.pl?CH05936 DE:[terminator overlapping CAP site]-
# Database: S._dysenteria_NZ_CP055055.1.fasta
# Fields: query acc.ver, subject acc.ver, % identity, alignment length, mismatches, gap opens, q. start, q. end, s. start, s. end, evalue, bit score
# 1 hits found
J01636.1/1170-1210	NZ_CP055055.1	98.347	121	2	0	1	121	1049233	1049353	2.78e-56	213
# BLASTN 2.13.0+
# Query: ECK120033737+
# Database: S._dysenteria_NZ_CP055055.1.fasta
# Fields: query acc.ver, subject acc.ver, % identity, alignment length, mismatches, gap opens, q. start, q. end, s. start, s. end, evalue, bit score
# 1 hits found
ECK120033737+	NZ_CP055055.1	100.000	134	0	0	3	136	603187	603320	8.76e-67	248
# BLASTN 2.13.0+
# Query: ECK120034435-
# Database: S._dysenteria_NZ_CP055055.1.fasta
# Fields: query acc.ver, subject acc.ver, % identity, alignment length, mismatches, gap opens, q. start, q. end, s. start, s. end, evalue, bit score
# 1 hits found
ECK120034435-	NZ_CP055055.1	100.000	137	0	0	1	137	4226238	4226374	1.90e-68	254
# BLASTN 2.13.0+
# Query: ECK120034435-R+
# Database: S._dysenteria_NZ_CP055055.1.fasta
# Fields: query acc.ver, subject acc.ver, % identity, alignment length, mismatches, gap opens, q. start, q. end, s. start, s. end, evalue, bit score
# 1 hits found
ECK120034435-R+	NZ_CP055055.1	100.000	137	0	0	1	137	4226238	4226374	1.90e-68	254
# BLASTN 2.13.0+
# Query: ECK120010818-
# Database: S._dysenteria_NZ_CP055055.1.fasta
# Fields: query acc.ver, subject acc.ver, % identity, alignment length, mismatches, gap opens, q. start, q. end, s. start, s. end, evalue, bit score
# 1 hits found
ECK120010818-	NZ_CP055055.1	92.857	84	6	0	51	134	4172019	4172102	5.44e-29	122
# BLASTN 2.13.0+
# Query: ECK120010794-R+
# Database: S._dysenteria_NZ_CP055055.1.fasta
# Fields: query acc.ver, subject acc.ver, % identity, alignment length, mismatches, gap opens, q. start, q. end, s. start, s. end, evalue, bit score
# 1 hits found
ECK120010794-R+	NZ_CP055055.1	100.000	64	0	0	38	101	4172122	4172185	5.81e-28	119
# BLASTN 2.13.0+
# Query: ECK120010793-R+
# Database: S._dysenteria_NZ_CP055055.1.fasta
# Fields: query acc.ver, subject acc.ver, % identity, alignment length, mismatches, gap opens, q. start, q. end, s. start, s. end, evalue, bit score
# 1 hits found
ECK120010793-R+	NZ_CP055055.1	100.000	64	0	0	38	101	4172122	4172185	5.81e-28	119
# BLASTN 2.13.0+
# Query: ECK120010793-
# Database: S._dysenteria_NZ_CP055055.1.fasta
# Fields: query acc.ver, subject acc.ver, % identity, alignment length, mismatches, gap opens, q. start, q. end, s. start, s. end, evalue, bit score
# 1 hits found
ECK120010793-	NZ_CP055055.1	100.000	64	0	0	38	101	4172122	4172185	5.81e-28	119
# BLASTN 2.13.0+
# Query: ECK120010869+
# Database: S._dysenteria_NZ_CP055055.1.fasta
# Fields: query acc.ver, subject acc.ver, % identity, alignment length, mismatches, gap opens, q. start, q. end, s. start, s. end, evalue, bit score
# 1 hits found
ECK120010869+	NZ_CP055055.1	100.000	115	0	0	1	115	118429	118543	2.62e-56	213
# BLASTN 2.13.0+
# Query: ECK120030221-R-
# Database: S._dysenteria_NZ_CP055055.1.fasta
# Fields: query acc.ver, subject acc.ver, % identity, alignment length, mismatches, gap opens, q. start, q. end, s. start, s. end, evalue, bit score
# 1 hits found
ECK120030221-R-	NZ_CP055055.1	93.333	30	2	0	49	78	2790807	2790778	1.02e-05	45.4
# BLASTN 2.13.0+
# Query: ECK120030221+
# Database: S._dysenteria_NZ_CP055055.1.fasta
# Fields: query acc.ver, subject acc.ver, % identity, alignment length, mismatches, gap opens, q. start, q. end, s. start, s. end, evalue, bit score
# 1 hits found
ECK120030221+	NZ_CP055055.1	93.333	30	2	0	49	78	2790807	2790778	1.02e-05	45.4
# BLASTN 2.13.0+
# Query: ECK120010832-R+
# Database: S._dysenteria_NZ_CP055055.1.fasta
# Fields: query acc.ver, subject acc.ver, % identity, alignment length, mismatches, gap opens, q. start, q. end, s. start, s. end, evalue, bit score
# 1 hits found
ECK120010832-R+	NZ_CP055055.1	100.000	115	0	0	1	115	2081585	2081699	2.62e-56	213
# BLASTN 2.13.0+
# Query: ECK120010832-
# Database: S._dysenteria_NZ_CP055055.1.fasta
# Fields: query acc.ver, subject acc.ver, % identity, alignment length, mismatches, gap opens, q. start, q. end, s. start, s. end, evalue, bit score
# 1 hits found
ECK120010832-	NZ_CP055055.1	100.000	115	0	0	1	115	2081585	2081699	2.62e-56	213
# BLASTN 2.13.0+
# Query: ECK120051401-
# Database: S._dysenteria_NZ_CP055055.1.fasta
# Fields: query acc.ver, subject acc.ver, % identity, alignment length, mismatches, gap opens, q. start, q. end, s. start, s. end, evalue, bit score
# 1 hits found
ECK120051401-	NZ_CP055055.1	100.000	127	0	0	1	127	3344013	3344139	6.29e-63	235
# BLASTN 2.13.0+
# Query: tonB_P14-
# Database: S._dysenteria_NZ_CP055055.1.fasta
# Fields: query acc.ver, subject acc.ver, % identity, alignment length, mismatches, gap opens, q. start, q. end, s. start, s. end, evalue, bit score
# 1 hits found
tonB_P14-	NZ_CP055055.1	100.000	135	0	0	1	135	2129118	2129252	2.41e-67	250
# BLASTN 2.13.0+
# Query: ECK120010792+
# Database: S._dysenteria_NZ_CP055055.1.fasta
# Fields: query acc.ver, subject acc.ver, % identity, alignment length, mismatches, gap opens, q. start, q. end, s. start, s. end, evalue, bit score
# 1 hits found
ECK120010792+	NZ_CP055055.1	100.000	132	0	0	1	132	2129118	2129249	1.09e-65	244
# BLASTN 2.13.0+
# Query: tonB+
# Database: S._dysenteria_NZ_CP055055.1.fasta
# Fields: query acc.ver, subject acc.ver, % identity, alignment length, mismatches, gap opens, q. start, q. end, s. start, s. end, evalue, bit score
# 1 hits found
tonB+	NZ_CP055055.1	100.000	118	0	0	1	118	2129128	2129245	5.80e-58	219
# BLASTN 2.13.0+
# Query: pyrBI-
# Database: S._dysenteria_NZ_CP055055.1.fasta
# Fields: query acc.ver, subject acc.ver, % identity, alignment length, mismatches, gap opens, q. start, q. end, s. start, s. end, evalue, bit score
# 1 hits found
pyrBI-	NZ_CP055055.1	100.000	109	0	0	1	109	442036	442144	5.31e-53	202
# BLASTN 2.13.0+
# Query: ilvBN+
# Database: S._dysenteria_NZ_CP055055.1.fasta
# Fields: query acc.ver, subject acc.ver, % identity, alignment length, mismatches, gap opens, q. start, q. end, s. start, s. end, evalue, bit score
# 1 hits found
ilvBN+	NZ_CP055055.1	100.000	116	0	0	1	116	4906646	4906761	7.35e-57	215
# BLASTN 2.13.0+
# Query: ECK120010797+
# Database: S._dysenteria_NZ_CP055055.1.fasta
# Fields: query acc.ver, subject acc.ver, % identity, alignment length, mismatches, gap opens, q. start, q. end, s. start, s. end, evalue, bit score
# 1 hits found
ECK120010797+	NZ_CP055055.1	99.153	118	1	0	1	118	3354905	3355022	2.70e-56	213
# BLASTN 2.13.0+
# Query: ECK120015452+
# Database: S._dysenteria_NZ_CP055055.1.fasta
# Fields: query acc.ver, subject acc.ver, % identity, alignment length, mismatches, gap opens, q. start, q. end, s. start, s. end, evalue, bit score
# 1 hits found
ECK120015452+	NZ_CP055055.1	91.892	74	6	0	51	124	1451755	1451828	1.85e-23	104
# BLASTN 2.13.0+
# Query: ECK120010815-
# Database: S._dysenteria_NZ_CP055055.1.fasta
# Fields: query acc.ver, subject acc.ver, % identity, alignment length, mismatches, gap opens, q. start, q. end, s. start, s. end, evalue, bit score
# 1 hits found
ECK120010815-	NZ_CP055055.1	99.213	127	1	0	1	127	2360459	2360585	2.93e-61	230
# BLASTN 2.13.0+
# Query: ECK120010815-R+
# Database: S._dysenteria_NZ_CP055055.1.fasta
# Fields: query acc.ver, subject acc.ver, % identity, alignment length, mismatches, gap opens, q. start, q. end, s. start, s. end, evalue, bit score
# 1 hits found
ECK120010815-R+	NZ_CP055055.1	99.213	127	1	0	1	127	2360459	2360585	2.93e-61	230
# BLASTN 2.13.0+
# Query: ECK120051385-
# Database: S._dysenteria_NZ_CP055055.1.fasta
# Fields: query acc.ver, subject acc.ver, % identity, alignment length, mismatches, gap opens, q. start, q. end, s. start, s. end, evalue, bit score
# 1 hits found
ECK120051385-	NZ_CP055055.1	100.000	129	0	0	1	129	3506553	3506681	4.95e-64	239
# BLASTN 2.13.0+
# Query: ECK120010846+
# Database: S._dysenteria_NZ_CP055055.1.fasta
# Fields: query acc.ver, subject acc.ver, % identity, alignment length, mismatches, gap opens, q. start, q. end, s. start, s. end, evalue, bit score
# 1 hits found
ECK120010846+	NZ_CP055055.1	96.748	123	3	1	1	122	4553246	4553368	1.69e-53	204
# BLASTN 2.13.0+
# Query: ECK120010853+
# Database: S._dysenteria_NZ_CP055055.1.fasta
# Fields: query acc.ver, subject acc.ver, % identity, alignment length, mismatches, gap opens, q. start, q. end, s. start, s. end, evalue, bit score
# 1 hits found
ECK120010853+	NZ_CP055055.1	100.000	132	0	0	1	132	1225005	1225136	1.09e-65	244
# BLASTN 2.13.0+
# Query: ECK120010825-
# Database: S._dysenteria_NZ_CP055055.1.fasta
# Fields: query acc.ver, subject acc.ver, % identity, alignment length, mismatches, gap opens, q. start, q. end, s. start, s. end, evalue, bit score
# 1 hits found
ECK120010825-	NZ_CP055055.1	95.312	128	5	1	1	127	2164244	2164371	6.38e-53	202
# BLASTN 2.13.0+
# Query: ECK120010825-R+
# Database: S._dysenteria_NZ_CP055055.1.fasta
# Fields: query acc.ver, subject acc.ver, % identity, alignment length, mismatches, gap opens, q. start, q. end, s. start, s. end, evalue, bit score
# 1 hits found
ECK120010825-R+	NZ_CP055055.1	95.312	128	5	1	1	127	2164244	2164371	6.38e-53	202
# BLASTN 2.13.0+
# Query: ECK120010833-
# Database: S._dysenteria_NZ_CP055055.1.fasta
# Fields: query acc.ver, subject acc.ver, % identity, alignment length, mismatches, gap opens, q. start, q. end, s. start, s. end, evalue, bit score
# 1 hits found
ECK120010833-	NZ_CP055055.1	99.237	131	1	0	1	131	2818073	2818203	1.81e-63	237
# BLASTN 2.13.0+
# Query: ECK120010833-R+
# Database: S._dysenteria_NZ_CP055055.1.fasta
# Fields: query acc.ver, subject acc.ver, % identity, alignment length, mismatches, gap opens, q. start, q. end, s. start, s. end, evalue, bit score
# 1 hits found
ECK120010833-R+	NZ_CP055055.1	99.237	131	1	0	1	131	2818073	2818203	1.81e-63	237
# BLASTN 2.13.0+
# Query: ECK120011170-
# Database: S._dysenteria_NZ_CP055055.1.fasta
# Fields: query acc.ver, subject acc.ver, % identity, alignment length, mismatches, gap opens, q. start, q. end, s. start, s. end, evalue, bit score
# 1 hits found
ECK120011170-	NZ_CP055055.1	98.319	119	2	0	1	119	1455931	1456049	3.53e-55	209
# BLASTN 2.13.0+
# Query: ECK120011170-R+
# Database: S._dysenteria_NZ_CP055055.1.fasta
# Fields: query acc.ver, subject acc.ver, % identity, alignment length, mismatches, gap opens, q. start, q. end, s. start, s. end, evalue, bit score
# 1 hits found
ECK120011170-R+	NZ_CP055055.1	98.319	119	2	0	1	119	1455931	1456049	3.53e-55	209
# BLASTN 2.13.0+
# Query: ECK120010866-R+
# Database: S._dysenteria_NZ_CP055055.1.fasta
# Fields: query acc.ver, subject acc.ver, % identity, alignment length, mismatches, gap opens, q. start, q. end, s. start, s. end, evalue, bit score
# 1 hits found
ECK120010866-R+	NZ_CP055055.1	98.291	117	2	0	1	117	1455887	1456003	4.47e-54	206
# BLASTN 2.13.0+
# Query: ECK120010866-
# Database: S._dysenteria_NZ_CP055055.1.fasta
# Fields: query acc.ver, subject acc.ver, % identity, alignment length, mismatches, gap opens, q. start, q. end, s. start, s. end, evalue, bit score
# 1 hits found
ECK120010866-	NZ_CP055055.1	98.291	117	2	0	1	117	1455887	1456003	4.47e-54	206
# BLASTN 2.13.0+
# Query: ECK120034551+
# Database: S._dysenteria_NZ_CP055055.1.fasta
# Fields: query acc.ver, subject acc.ver, % identity, alignment length, mismatches, gap opens, q. start, q. end, s. start, s. end, evalue, bit score
# 1 hits found
ECK120034551+	NZ_CP055055.1	99.248	133	1	0	1	133	929664	929796	1.43e-64	241
# BLASTN 2.13.0+
# Query: ECK120020525-
# Database: S._dysenteria_NZ_CP055055.1.fasta
# Fields: query acc.ver, subject acc.ver, % identity, alignment length, mismatches, gap opens, q. start, q. end, s. start, s. end, evalue, bit score
# 1 hits found
ECK120020525-	NZ_CP055055.1	100.000	116	0	0	1	116	4222275	4222390	7.35e-57	215
# BLASTN 2.13.0+
# Query: ECK120020525-R+
# Database: S._dysenteria_NZ_CP055055.1.fasta
# Fields: query acc.ver, subject acc.ver, % identity, alignment length, mismatches, gap opens, q. start, q. end, s. start, s. end, evalue, bit score
# 1 hits found
ECK120020525-R+	NZ_CP055055.1	100.000	116	0	0	1	116	4222275	4222390	7.35e-57	215
# BLASTN 2.13.0+
# Query: nusA_infB-
# Database: S._dysenteria_NZ_CP055055.1.fasta
# Fields: query acc.ver, subject acc.ver, % identity, alignment length, mismatches, gap opens, q. start, q. end, s. start, s. end, evalue, bit score
# 1 hits found
nusA_infB-	NZ_CP055055.1	100.000	144	0	0	1	144	4222237	4222380	2.59e-72	267
# BLASTN 2.13.0+
# Query: ECK120020526-R+
# Database: S._dysenteria_NZ_CP055055.1.fasta
# Fields: query acc.ver, subject acc.ver, % identity, alignment length, mismatches, gap opens, q. start, q. end, s. start, s. end, evalue, bit score
# 1 hits found
ECK120020526-R+	NZ_CP055055.1	100.000	113	0	0	1	113	4222234	4222346	3.31e-55	209
# BLASTN 2.13.0+
# Query: ECK120020526-
# Database: S._dysenteria_NZ_CP055055.1.fasta
# Fields: query acc.ver, subject acc.ver, % identity, alignment length, mismatches, gap opens, q. start, q. end, s. start, s. end, evalue, bit score
# 1 hits found
ECK120020526-	NZ_CP055055.1	100.000	113	0	0	1	113	4222234	4222346	3.31e-55	209
# BLASTN 2.13.0+
# Query: ECK120034436+
# Database: S._dysenteria_NZ_CP055055.1.fasta
# Fields: query acc.ver, subject acc.ver, % identity, alignment length, mismatches, gap opens, q. start, q. end, s. start, s. end, evalue, bit score
# 1 hits found
ECK120034436+	NZ_CP055055.1	99.167	120	1	0	2	121	3868964	3869083	2.15e-57	217
# BLASTN 2.13.0+
# Query: ECK120021270-
# Database: S._dysenteria_NZ_CP055055.1.fasta
# Fields: query acc.ver, subject acc.ver, % identity, alignment length, mismatches, gap opens, q. start, q. end, s. start, s. end, evalue, bit score
# 1 hits found
ECK120021270-	NZ_CP055055.1	100.000	120	0	0	1	120	2581585	2581704	4.58e-59	222
# BLASTN 2.13.0+
# Query: ECK120021270-R+
# Database: S._dysenteria_NZ_CP055055.1.fasta
# Fields: query acc.ver, subject acc.ver, % identity, alignment length, mismatches, gap opens, q. start, q. end, s. start, s. end, evalue, bit score
# 1 hits found
ECK120021270-R+	NZ_CP055055.1	100.000	120	0	0	1	120	2581585	2581704	4.58e-59	222
# BLASTN 2.13.0+
# Query: ECK125095454+
# Database: S._dysenteria_NZ_CP055055.1.fasta
# Fields: query acc.ver, subject acc.ver, % identity, alignment length, mismatches, gap opens, q. start, q. end, s. start, s. end, evalue, bit score
# 1 hits found
ECK125095454+	NZ_CP055055.1	100.000	118	0	0	1	118	797049	797166	5.80e-58	219
# BLASTN 2.13.0+
# Query: ECK120010874-
# Database: S._dysenteria_NZ_CP055055.1.fasta
# Fields: query acc.ver, subject acc.ver, % identity, alignment length, mismatches, gap opens, q. start, q. end, s. start, s. end, evalue, bit score
# 1 hits found
ECK120010874-	NZ_CP055055.1	100.000	119	0	0	1	119	4347349	4347467	1.63e-58	220
# BLASTN 2.13.0+
# Query: ECK120010874-R+
# Database: S._dysenteria_NZ_CP055055.1.fasta
# Fields: query acc.ver, subject acc.ver, % identity, alignment length, mismatches, gap opens, q. start, q. end, s. start, s. end, evalue, bit score
# 1 hits found
ECK120010874-R+	NZ_CP055055.1	100.000	119	0	0	1	119	4347349	4347467	1.63e-58	220
# BLASTN 2.13.0+
# Query: ECK120010796-
# Database: S._dysenteria_NZ_CP055055.1.fasta
# Fields: query acc.ver, subject acc.ver, % identity, alignment length, mismatches, gap opens, q. start, q. end, s. start, s. end, evalue, bit score
# 1 hits found
ECK120010796-	NZ_CP055055.1	99.206	126	1	0	1	126	3717614	3717739	1.04e-60	228
# BLASTN 2.13.0+
# Query: ECK120010796-R+
# Database: S._dysenteria_NZ_CP055055.1.fasta
# Fields: query acc.ver, subject acc.ver, % identity, alignment length, mismatches, gap opens, q. start, q. end, s. start, s. end, evalue, bit score
# 1 hits found
ECK120010796-R+	NZ_CP055055.1	99.206	126	1	0	1	126	3717614	3717739	1.04e-60	228
# BLASTN 2.13.0+
# Query: ECK120030218+
# Database: S._dysenteria_NZ_CP055055.1.fasta
# Fields: query acc.ver, subject acc.ver, % identity, alignment length, mismatches, gap opens, q. start, q. end, s. start, s. end, evalue, bit score
# 1 hits found
ECK120030218+	NZ_CP055055.1	98.291	117	2	0	1	117	2852490	2852606	4.47e-54	206
# BLASTN 2.13.0+
# Query: ECK120020528-
# Database: S._dysenteria_NZ_CP055055.1.fasta
# Fields: query acc.ver, subject acc.ver, % identity, alignment length, mismatches, gap opens, q. start, q. end, s. start, s. end, evalue, bit score
# 1 hits found
ECK120020528-	NZ_CP055055.1	100.000	120	0	0	1	120	4641001	4641120	4.58e-59	222
# BLASTN 2.13.0+
# Query: ECK120020528-R+
# Database: S._dysenteria_NZ_CP055055.1.fasta
# Fields: query acc.ver, subject acc.ver, % identity, alignment length, mismatches, gap opens, q. start, q. end, s. start, s. end, evalue, bit score
# 1 hits found
ECK120020528-R+	NZ_CP055055.1	100.000	120	0	0	1	120	4641001	4641120	4.58e-59	222
# BLASTN 2.13.0+
# Query: ECK120033265+
# Database: S._dysenteria_NZ_CP055055.1.fasta
# Fields: query acc.ver, subject acc.ver, % identity, alignment length, mismatches, gap opens, q. start, q. end, s. start, s. end, evalue, bit score
# 1 hits found
ECK120033265+	NZ_CP055055.1	99.219	128	1	0	1	128	4640401	4640528	8.21e-62	231
# BLASTN 2.13.0+
# Query: ECK120010834+
# Database: S._dysenteria_NZ_CP055055.1.fasta
# Fields: query acc.ver, subject acc.ver, % identity, alignment length, mismatches, gap opens, q. start, q. end, s. start, s. end, evalue, bit score
# 1 hits found
ECK120010834+	NZ_CP055055.1	100.000	131	0	0	1	131	4054500	4054630	3.90e-65	243
# BLASTN 2.13.0+
# Query: trp-
# Database: S._dysenteria_NZ_CP055055.1.fasta
# Fields: query acc.ver, subject acc.ver, % identity, alignment length, mismatches, gap opens, q. start, q. end, s. start, s. end, evalue, bit score
# 1 hits found
trp-	NZ_CP055055.1	100.000	108	0	0	1	108	2140281	2140388	1.89e-52	200
# BLASTN 2.13.0+
# Query: ECK120010841-
# Database: S._dysenteria_NZ_CP055055.1.fasta
# Fields: query acc.ver, subject acc.ver, % identity, alignment length, mismatches, gap opens, q. start, q. end, s. start, s. end, evalue, bit score
# 1 hits found
ECK120010841-	NZ_CP055055.1	93.496	123	6	2	1	121	4489557	4489679	7.85e-47	182
# BLASTN 2.13.0+
# Query: ECK120010841-R+
# Database: S._dysenteria_NZ_CP055055.1.fasta
# Fields: query acc.ver, subject acc.ver, % identity, alignment length, mismatches, gap opens, q. start, q. end, s. start, s. end, evalue, bit score
# 1 hits found
ECK120010841-R+	NZ_CP055055.1	93.496	123	6	2	1	121	4489557	4489679	7.85e-47	182
# BLASTN 2.13.0+
# Query: ECK120030673+
# Database: S._dysenteria_NZ_CP055055.1.fasta
# Fields: query acc.ver, subject acc.ver, % identity, alignment length, mismatches, gap opens, q. start, q. end, s. start, s. end, evalue, bit score
# 1 hits found
ECK120030673+	NZ_CP055055.1	88.800	125	14	0	1	125	636515	636639	1.78e-38	154
# BLASTN 2.13.0+
# Query: ECK120029530-
# Database: S._dysenteria_NZ_CP055055.1.fasta
# Fields: query acc.ver, subject acc.ver, % identity, alignment length, mismatches, gap opens, q. start, q. end, s. start, s. end, evalue, bit score
# 1 hits found
ECK120029530-	NZ_CP055055.1	98.413	126	2	0	1	126	3441392	3441517	4.94e-59	222
# BLASTN 2.13.0+
# Query: ECK120029530-R+
# Database: S._dysenteria_NZ_CP055055.1.fasta
# Fields: query acc.ver, subject acc.ver, % identity, alignment length, mismatches, gap opens, q. start, q. end, s. start, s. end, evalue, bit score
# 1 hits found
ECK120029530-R+	NZ_CP055055.1	98.413	126	2	0	1	126	3441392	3441517	4.94e-59	222
# BLASTN 2.13.0+
# Query: ECK125095455-
# Database: S._dysenteria_NZ_CP055055.1.fasta
# Fields: query acc.ver, subject acc.ver, % identity, alignment length, mismatches, gap opens, q. start, q. end, s. start, s. end, evalue, bit score
# 1 hits found
ECK125095455-	NZ_CP055055.1	100.000	141	0	0	1	141	4233009	4233149	1.17e-70	261
# BLASTN 2.13.0+
# Query: ECK120048902+
# Database: S._dysenteria_NZ_CP055055.1.fasta
# Fields: query acc.ver, subject acc.ver, % identity, alignment length, mismatches, gap opens, q. start, q. end, s. start, s. end, evalue, bit score
# 1 hits found
ECK120048902+	NZ_CP055055.1	99.138	116	1	0	1	116	3351951	3352066	3.42e-55	209
# BLASTN 2.13.0+
# Query: ECK120010827-
# Database: S._dysenteria_NZ_CP055055.1.fasta
# Fields: query acc.ver, subject acc.ver, % identity, alignment length, mismatches, gap opens, q. start, q. end, s. start, s. end, evalue, bit score
# 1 hits found
ECK120010827-	NZ_CP055055.1	100.000	128	0	0	1	128	306568	306695	1.77e-63	237
# BLASTN 2.13.0+
# Query: ECK120010791-
# Database: S._dysenteria_NZ_CP055055.1.fasta
# Fields: query acc.ver, subject acc.ver, % identity, alignment length, mismatches, gap opens, q. start, q. end, s. start, s. end, evalue, bit score
# 1 hits found
ECK120010791-	NZ_CP055055.1	100.000	117	0	0	1	117	177464	177580	2.07e-57	217
# BLASTN 2.13.0+
# Query: ECK120010791-R+
# Database: S._dysenteria_NZ_CP055055.1.fasta
# Fields: query acc.ver, subject acc.ver, % identity, alignment length, mismatches, gap opens, q. start, q. end, s. start, s. end, evalue, bit score
# 1 hits found
ECK120010791-R+	NZ_CP055055.1	100.000	117	0	0	1	117	177464	177580	2.07e-57	217
# BLASTN 2.13.0+
# Query: ECK120048897-
# Database: S._dysenteria_NZ_CP055055.1.fasta
# Fields: query acc.ver, subject acc.ver, % identity, alignment length, mismatches, gap opens, q. start, q. end, s. start, s. end, evalue, bit score
# 1 hits found
ECK120048897-	NZ_CP055055.1	99.219	128	1	0	1	128	2476413	2476540	8.21e-62	231
# BLASTN 2.13.0+
# Query: ECK120048897-R+
# Database: S._dysenteria_NZ_CP055055.1.fasta
# Fields: query acc.ver, subject acc.ver, % identity, alignment length, mismatches, gap opens, q. start, q. end, s. start, s. end, evalue, bit score
# 1 hits found
ECK120048897-R+	NZ_CP055055.1	99.219	128	1	0	1	128	2476413	2476540	8.21e-62	231
# BLASTN 2.13.0+
# Query: ECK120010803-
# Database: S._dysenteria_NZ_CP055055.1.fasta
# Fields: query acc.ver, subject acc.ver, % identity, alignment length, mismatches, gap opens, q. start, q. end, s. start, s. end, evalue, bit score
# 1 hits found
ECK120010803-	NZ_CP055055.1	100.000	121	0	0	1	121	2715100	2715220	1.29e-59	224
# BLASTN 2.13.0+
# Query: ECK120010803-R+
# Database: S._dysenteria_NZ_CP055055.1.fasta
# Fields: query acc.ver, subject acc.ver, % identity, alignment length, mismatches, gap opens, q. start, q. end, s. start, s. end, evalue, bit score
# 1 hits found
ECK120010803-R+	NZ_CP055055.1	100.000	121	0	0	1	121	2715100	2715220	1.29e-59	224
# BLASTN 2.13.0+
# Query: pheST-
# Database: S._dysenteria_NZ_CP055055.1.fasta
# Fields: query acc.ver, subject acc.ver, % identity, alignment length, mismatches, gap opens, q. start, q. end, s. start, s. end, evalue, bit score
# 1 hits found
pheST-	NZ_CP055055.1	100.000	106	0	0	1	106	2581384	2581489	2.39e-51	196
# BLASTN 2.13.0+
# Query: ECK120021269-R+
# Database: S._dysenteria_NZ_CP055055.1.fasta
# Fields: query acc.ver, subject acc.ver, % identity, alignment length, mismatches, gap opens, q. start, q. end, s. start, s. end, evalue, bit score
# 1 hits found
ECK120021269-R+	NZ_CP055055.1	100.000	116	0	0	1	116	2581383	2581498	7.35e-57	215
# BLASTN 2.13.0+
# Query: ECK120015957-
# Database: S._dysenteria_NZ_CP055055.1.fasta
# Fields: query acc.ver, subject acc.ver, % identity, alignment length, mismatches, gap opens, q. start, q. end, s. start, s. end, evalue, bit score
# 1 hits found
ECK120015957-	NZ_CP055055.1	98.182	110	2	0	1	110	435893	436002	3.41e-50	193
# BLASTN 2.13.0+
# Query: ECK120015448+
# Database: S._dysenteria_NZ_CP055055.1.fasta
# Fields: query acc.ver, subject acc.ver, % identity, alignment length, mismatches, gap opens, q. start, q. end, s. start, s. end, evalue, bit score
# 1 hits found
ECK120015448+	NZ_CP055055.1	97.744	133	3	0	1	133	2826416	2826548	3.09e-61	230
# BLASTN 2.13.0+
# Query: ECK120010816-
# Database: S._dysenteria_NZ_CP055055.1.fasta
# Fields: query acc.ver, subject acc.ver, % identity, alignment length, mismatches, gap opens, q. start, q. end, s. start, s. end, evalue, bit score
# 1 hits found
ECK120010816-	NZ_CP055055.1	96.610	177	6	0	2	178	4443647	4443823	1.50e-80	294
# BLASTN 2.13.0+
# Query: ECK120010845-
# Database: S._dysenteria_NZ_CP055055.1.fasta
# Fields: query acc.ver, subject acc.ver, % identity, alignment length, mismatches, gap opens, q. start, q. end, s. start, s. end, evalue, bit score
# 1 hits found
ECK120010845-	NZ_CP055055.1	100.000	119	0	0	1	119	3256790	3256908	1.63e-58	220
# BLASTN 2.13.0+
# Query: ECK120030220+
# Database: S._dysenteria_NZ_CP055055.1.fasta
# Fields: query acc.ver, subject acc.ver, % identity, alignment length, mismatches, gap opens, q. start, q. end, s. start, s. end, evalue, bit score
# 1 hits found
ECK120030220+	NZ_CP055055.1	98.413	126	2	0	1	126	1043097	1043222	4.85e-59	222
# BLASTN 2.13.0+
# Query: ECK120033264-
# Database: S._dysenteria_NZ_CP055055.1.fasta
# Fields: query acc.ver, subject acc.ver, % identity, alignment length, mismatches, gap opens, q. start, q. end, s. start, s. end, evalue, bit score
# 1 hits found
ECK120033264-	NZ_CP055055.1	98.790	248	3	0	1	248	4792012	4792259	7.33e-125	442
# BLASTN 2.13.0+
# Query: ECK120010779+
# Database: S._dysenteria_NZ_CP055055.1.fasta
# Fields: query acc.ver, subject acc.ver, % identity, alignment length, mismatches, gap opens, q. start, q. end, s. start, s. end, evalue, bit score
# 1 hits found
ECK120010779+	NZ_CP055055.1	99.225	129	1	0	1	129	3554079	3554207	2.30e-62	233
# BLASTN 2.13.0+
# Query: ECK120010779-R-
# Database: S._dysenteria_NZ_CP055055.1.fasta
# Fields: query acc.ver, subject acc.ver, % identity, alignment length, mismatches, gap opens, q. start, q. end, s. start, s. end, evalue, bit score
# 1 hits found
ECK120010779-R-	NZ_CP055055.1	99.225	129	1	0	1	129	3554079	3554207	2.30e-62	233
# BLASTN 2.13.0+
# Query: ECK120015456-
# Database: S._dysenteria_NZ_CP055055.1.fasta
# Fields: query acc.ver, subject acc.ver, % identity, alignment length, mismatches, gap opens, q. start, q. end, s. start, s. end, evalue, bit score
# 1 hits found
ECK120015456-	NZ_CP055055.1	100.000	120	0	0	1	120	3879736	3879855	4.58e-59	222
# BLASTN 2.13.0+
# Query: ECK120015456-R+
# Database: S._dysenteria_NZ_CP055055.1.fasta
# Fields: query acc.ver, subject acc.ver, % identity, alignment length, mismatches, gap opens, q. start, q. end, s. start, s. end, evalue, bit score
# 1 hits found
ECK120015456-R+	NZ_CP055055.1	100.000	120	0	0	1	120	3879736	3879855	4.58e-59	222
# BLASTN 2.13.0+
# Query: ECK120035135-
# Database: S._dysenteria_NZ_CP055055.1.fasta
# Fields: query acc.ver, subject acc.ver, % identity, alignment length, mismatches, gap opens, q. start, q. end, s. start, s. end, evalue, bit score
# 1 hits found
ECK120035135-	NZ_CP055055.1	98.450	129	2	0	1	129	2905091	2905219	1.07e-60	228
# BLASTN 2.13.0+
# Query: ECK120035135-R+
# Database: S._dysenteria_NZ_CP055055.1.fasta
# Fields: query acc.ver, subject acc.ver, % identity, alignment length, mismatches, gap opens, q. start, q. end, s. start, s. end, evalue, bit score
# 1 hits found
ECK120035135-R+	NZ_CP055055.1	98.450	129	2	0	1	129	2905091	2905219	1.07e-60	228
# BLASTN 2.13.0+
# Query: ECK120034954+
# Database: S._dysenteria_NZ_CP055055.1.fasta
# Fields: query acc.ver, subject acc.ver, % identity, alignment length, mismatches, gap opens, q. start, q. end, s. start, s. end, evalue, bit score
# 1 hits found
ECK120034954+	NZ_CP055055.1	100.000	123	0	0	1	123	4922584	4922706	1.01e-60	228
# BLASTN 2.13.0+
# Query: ECK120010801+
# Database: S._dysenteria_NZ_CP055055.1.fasta
# Fields: query acc.ver, subject acc.ver, % identity, alignment length, mismatches, gap opens, q. start, q. end, s. start, s. end, evalue, bit score
# 1 hits found
ECK120010801+	NZ_CP055055.1	100.000	118	0	0	1	118	2450154	2450271	5.80e-58	219
# BLASTN 2.13.0+
# Query: ECK120034948+
# Database: S._dysenteria_NZ_CP055055.1.fasta
# Fields: query acc.ver, subject acc.ver, % identity, alignment length, mismatches, gap opens, q. start, q. end, s. start, s. end, evalue, bit score
# 1 hits found
ECK120034948+	NZ_CP055055.1	92.481	133	3	2	1	127	345055	345186	2.31e-47	183
# BLASTN 2.13.0+
# Query: ECK125109868-
# Database: S._dysenteria_NZ_CP055055.1.fasta
# Fields: query acc.ver, subject acc.ver, % identity, alignment length, mismatches, gap opens, q. start, q. end, s. start, s. end, evalue, bit score
# 1 hits found
ECK125109868-	NZ_CP055055.1	100.000	131	0	0	1	131	4576264	4576394	3.90e-65	243
# BLASTN 2.13.0+
# Query: ECK120034949+
# Database: S._dysenteria_NZ_CP055055.1.fasta
# Fields: query acc.ver, subject acc.ver, % identity, alignment length, mismatches, gap opens, q. start, q. end, s. start, s. end, evalue, bit score
# 1 hits found
ECK120034949+	NZ_CP055055.1	99.180	122	1	0	1	122	119159	119280	1.68e-58	220
# BLASTN 2.13.0+
# Query: ECK120015443-
# Database: S._dysenteria_NZ_CP055055.1.fasta
# Fields: query acc.ver, subject acc.ver, % identity, alignment length, mismatches, gap opens, q. start, q. end, s. start, s. end, evalue, bit score
# 1 hits found
ECK120015443-	NZ_CP055055.1	100.000	117	0	0	1	117	3866992	3867108	2.07e-57	217
# BLASTN 2.13.0+
# Query: ECK120015443-R+
# Database: S._dysenteria_NZ_CP055055.1.fasta
# Fields: query acc.ver, subject acc.ver, % identity, alignment length, mismatches, gap opens, q. start, q. end, s. start, s. end, evalue, bit score
# 1 hits found
ECK120015443-R+	NZ_CP055055.1	100.000	117	0	0	1	117	3866992	3867108	2.07e-57	217
# BLASTN 2.13.0+
# Query: ECK120010839+
# Database: S._dysenteria_NZ_CP055055.1.fasta
# Fields: query acc.ver, subject acc.ver, % identity, alignment length, mismatches, gap opens, q. start, q. end, s. start, s. end, evalue, bit score
# 1 hits found
ECK120010839+	NZ_CP055055.1	100.000	124	0	0	1	124	3904608	3904731	2.84e-61	230
# BLASTN 2.13.0+
# Query: ECK120010838+
# Database: S._dysenteria_NZ_CP055055.1.fasta
# Fields: query acc.ver, subject acc.ver, % identity, alignment length, mismatches, gap opens, q. start, q. end, s. start, s. end, evalue, bit score
# 1 hits found
ECK120010838+	NZ_CP055055.1	100.000	121	0	0	1	121	3904622	3904742	1.29e-59	224
# BLASTN 2.13.0+
# Query: ECK120026312-
# Database: S._dysenteria_NZ_CP055055.1.fasta
# Fields: query acc.ver, subject acc.ver, % identity, alignment length, mismatches, gap opens, q. start, q. end, s. start, s. end, evalue, bit score
# 1 hits found
ECK120026312-	NZ_CP055055.1	100.000	119	0	0	1	119	562622	562740	1.63e-58	220
# BLASTN 2.13.0+
# Query: ECK120026312-R+
# Database: S._dysenteria_NZ_CP055055.1.fasta
# Fields: query acc.ver, subject acc.ver, % identity, alignment length, mismatches, gap opens, q. start, q. end, s. start, s. end, evalue, bit score
# 1 hits found
ECK120026312-R+	NZ_CP055055.1	100.000	119	0	0	1	119	562622	562740	1.63e-58	220
# BLASTN 2.13.0+
# Query: ECK120030801-
# Database: S._dysenteria_NZ_CP055055.1.fasta
# Fields: query acc.ver, subject acc.ver, % identity, alignment length, mismatches, gap opens, q. start, q. end, s. start, s. end, evalue, bit score
# 1 hits found
ECK120030801-	NZ_CP055055.1	100.000	128	0	0	1	128	91304	91431	1.77e-63	237
# BLASTN 2.13.0+
# Query: ECK120030801-R+
# Database: S._dysenteria_NZ_CP055055.1.fasta
# Fields: query acc.ver, subject acc.ver, % identity, alignment length, mismatches, gap opens, q. start, q. end, s. start, s. end, evalue, bit score
# 1 hits found
ECK120030801-R+	NZ_CP055055.1	100.000	128	0	0	1	128	91304	91431	1.77e-63	237
# BLASTN 2.13.0+
# Query: ECK120030800+
# Database: S._dysenteria_NZ_CP055055.1.fasta
# Fields: query acc.ver, subject acc.ver, % identity, alignment length, mismatches, gap opens, q. start, q. end, s. start, s. end, evalue, bit score
# 1 hits found
ECK120030800+	NZ_CP055055.1	100.000	125	0	0	1	125	1975757	1975881	7.99e-62	231
# BLASTN 2.13.0+
# Query: ECK120048900+
# Database: S._dysenteria_NZ_CP055055.1.fasta
# Fields: query acc.ver, subject acc.ver, % identity, alignment length, mismatches, gap opens, q. start, q. end, s. start, s. end, evalue, bit score
# 1 hits found
ECK120048900+	NZ_CP055055.1	100.000	123	0	0	1	123	30234	30356	1.01e-60	228
# BLASTN 2.13.0+
# Query: ECK125109869-
# Database: S._dysenteria_NZ_CP055055.1.fasta
# Fields: query acc.ver, subject acc.ver, % identity, alignment length, mismatches, gap opens, q. start, q. end, s. start, s. end, evalue, bit score
# 1 hits found
ECK125109869-	NZ_CP055055.1	98.387	124	2	0	1	124	4724050	4724173	6.16e-58	219
# BLASTN 2.13.0+
# Query: ECK120020527+
# Database: S._dysenteria_NZ_CP055055.1.fasta
# Fields: query acc.ver, subject acc.ver, % identity, alignment length, mismatches, gap opens, q. start, q. end, s. start, s. end, evalue, bit score
# 1 hits found
ECK120020527+	NZ_CP055055.1	100.000	114	0	0	1	114	4308494	4308607	9.31e-56	211
# BLASTN 2.13.0+
# Query: ECK120027917-
# Database: S._dysenteria_NZ_CP055055.1.fasta
# Fields: query acc.ver, subject acc.ver, % identity, alignment length, mismatches, gap opens, q. start, q. end, s. start, s. end, evalue, bit score
# 1 hits found
ECK120027917-	NZ_CP055055.1	100.000	128	0	0	1	128	740861	740988	1.77e-63	237
# BLASTN 2.13.0+
# Query: ECK120027917-R+
# Database: S._dysenteria_NZ_CP055055.1.fasta
# Fields: query acc.ver, subject acc.ver, % identity, alignment length, mismatches, gap opens, q. start, q. end, s. start, s. end, evalue, bit score
# 1 hits found
ECK120027917-R+	NZ_CP055055.1	100.000	128	0	0	1	128	740861	740988	1.77e-63	237
# BLASTN 2.13.0+
# Query: ECK120010835-R+
# Database: S._dysenteria_NZ_CP055055.1.fasta
# Fields: query acc.ver, subject acc.ver, % identity, alignment length, mismatches, gap opens, q. start, q. end, s. start, s. end, evalue, bit score
# 1 hits found
ECK120010835-R+	NZ_CP055055.1	100.000	151	0	0	1	151	3663714	3663864	3.51e-76	279
# BLASTN 2.13.0+
# Query: ECK120015447-R+
# Database: S._dysenteria_NZ_CP055055.1.fasta
# Fields: query acc.ver, subject acc.ver, % identity, alignment length, mismatches, gap opens, q. start, q. end, s. start, s. end, evalue, bit score
# 1 hits found
ECK120015447-R+	NZ_CP055055.1	99.194	124	1	0	1	124	3332454	3332577	1.32e-59	224
# BLASTN 2.13.0+
# Query: ECK120010786-R+
# Database: S._dysenteria_NZ_CP055055.1.fasta
# Fields: query acc.ver, subject acc.ver, % identity, alignment length, mismatches, gap opens, q. start, q. end, s. start, s. end, evalue, bit score
# 1 hits found
ECK120010786-R+	NZ_CP055055.1	98.551	69	0	1	1	68	3615941	3616009	1.68e-28	121
# BLAST processed 174 queries
