# BLASTN 2.13.0+
# Query: X60293.1/246-293 slurp/ecgetrf.pl?CH03783 DE:[Terminator cysB]+
# Database: S._flexneri_NC_004337.2.fasta
# Fields: query acc.ver, subject acc.ver, % identity, alignment length, mismatches, gap opens, q. start, q. end, s. start, s. end, evalue, bit score
# 1 hits found
X60293.1/246-293	NC_004337.2	99.219	128	1	0	1	128	1329087	1329214	7.46e-62	231
# BLASTN 2.13.0+
# Query: ECK120010828+
# Database: S._flexneri_NC_004337.2.fasta
# Fields: query acc.ver, subject acc.ver, % identity, alignment length, mismatches, gap opens, q. start, q. end, s. start, s. end, evalue, bit score
# 1 hits found
ECK120010828+	NC_004337.2	99.231	130	1	0	1	130	1329079	1329208	5.87e-63	235
# BLASTN 2.13.0+
# Query: X15237.1/1846-1870 slurp/ecgetrf.pl?CH03787 DE:[pot. stem-loop structure]+
# Database: S._flexneri_NC_004337.2.fasta
# Fields: query acc.ver, subject acc.ver, % identity, alignment length, mismatches, gap opens, q. start, q. end, s. start, s. end, evalue, bit score
# 1 hits found
X15237.1/1846-1870	NC_004337.2	97.143	105	3	0	1	105	118368	118472	7.75e-46	178
# BLASTN 2.13.0+
# Query: ECK120029528-R+
# Database: S._flexneri_NC_004337.2.fasta
# Fields: query acc.ver, subject acc.ver, % identity, alignment length, mismatches, gap opens, q. start, q. end, s. start, s. end, evalue, bit score
# 1 hits found
ECK120029528-R+	NC_004337.2	97.600	125	3	0	1	125	118358	118482	7.30e-57	215
# BLASTN 2.13.0+
# Query: ECK120029528-
# Database: S._flexneri_NC_004337.2.fasta
# Fields: query acc.ver, subject acc.ver, % identity, alignment length, mismatches, gap opens, q. start, q. end, s. start, s. end, evalue, bit score
# 1 hits found
ECK120029528-	NC_004337.2	97.600	125	3	0	1	125	118358	118482	7.30e-57	215
# BLASTN 2.13.0+
# Query: X17333.1/1415-1439 slurp/ecgetrf.pl?CH03793 DE:[put. bidirectional transcriptional terminator]-
# Database: S._flexneri_NC_004337.2.fasta
# Fields: query acc.ver, subject acc.ver, % identity, alignment length, mismatches, gap opens, q. start, q. end, s. start, s. end, evalue, bit score
# 1 hits found
X17333.1/1415-1439	NC_004337.2	97.143	105	3	0	1	105	118368	118472	7.75e-46	178
# BLASTN 2.13.0+
# Query: X06091.1/1417-1440 slurp/ecgetrf.pl?CH03791 DE:[pot. stem-loop structure; pot. transcription terminator]-
# Database: S._flexneri_NC_004337.2.fasta
# Fields: query acc.ver, subject acc.ver, % identity, alignment length, mismatches, gap opens, q. start, q. end, s. start, s. end, evalue, bit score
# 1 hits found
X06091.1/1417-1440	NC_004337.2	92.308	104	8	0	1	104	1981443	1981546	6.01e-37	148
# BLASTN 2.13.0+
# Query: X68192.1/1637-1678 slurp/ecgetrf.pl?CH03795 DE:[terminator II]-
# Database: S._flexneri_NC_004337.2.fasta
# Fields: query acc.ver, subject acc.ver, % identity, alignment length, mismatches, gap opens, q. start, q. end, s. start, s. end, evalue, bit score
# 1 hits found
X68192.1/1637-1678	NC_004337.2	97.541	122	2	1	1	122	972582	972702	1.19e-54	207
# BLASTN 2.13.0+
# Query: M87625.1/2270-2297 slurp/ecgetrf.pl?CH03800 DE:[termination sequence]+
# Database: S._flexneri_NC_004337.2.fasta
# Fields: query acc.ver, subject acc.ver, % identity, alignment length, mismatches, gap opens, q. start, q. end, s. start, s. end, evalue, bit score
# 1 hits found
M87625.1/2270-2297	NC_004337.2	98.148	108	1	1	1	108	4028422	4028528	1.33e-48	187
# BLASTN 2.13.0+
# Query: M87049.1/68404-68432 slurp/ecgetrf.pl?CH03923 DE:[terminator-like sequence]+
# Database: S._flexneri_NC_004337.2.fasta
# Fields: query acc.ver, subject acc.ver, % identity, alignment length, mismatches, gap opens, q. start, q. end, s. start, s. end, evalue, bit score
# 1 hits found
M87049.1/68404-68432	NC_004337.2	98.148	108	1	1	1	108	4028422	4028528	1.33e-48	187
# BLASTN 2.13.0+
# Query: X61919.1/257-295 slurp/ecgetrf.pl?CH03803 DE:[crp divergent RNA transcription terminator]-
# Database: S._flexneri_NC_004337.2.fasta
# Fields: query acc.ver, subject acc.ver, % identity, alignment length, mismatches, gap opens, q. start, q. end, s. start, s. end, evalue, bit score
# 1 hits found
X61919.1/257-295	NC_004337.2	100.000	119	0	0	1	119	3454827	3454945	1.48e-58	220
# BLASTN 2.13.0+
# Query: X01653.1/3207-3232 slurp/ecgetrf.pl?CH03805 DE:[pot. stem-loop structure]+
# Database: S._flexneri_NC_004337.2.fasta
# Fields: query acc.ver, subject acc.ver, % identity, alignment length, mismatches, gap opens, q. start, q. end, s. start, s. end, evalue, bit score
# 1 hits found
X01653.1/3207-3232	NC_004337.2	99.029	103	1	0	1	103	4002032	4002134	4.69e-48	185
# BLASTN 2.13.0+
# Query: X05629.1/80-111 slurp/ecgetrf.pl?CH03808 DE:[Terminator deoT]+
# Database: S._flexneri_NC_004337.2.fasta
# Fields: query acc.ver, subject acc.ver, % identity, alignment length, mismatches, gap opens, q. start, q. end, s. start, s. end, evalue, bit score
# 1 hits found
X05629.1/80-111	NC_004337.2	100.000	112	0	0	1	112	4588243	4588354	1.07e-54	207
# BLASTN 2.13.0+
# Query: U14003.1/312468-312496 slurp/ecgetrf.pl?CH05099+
# Database: S._flexneri_NC_004337.2.fasta
# Fields: query acc.ver, subject acc.ver, % identity, alignment length, mismatches, gap opens, q. start, q. end, s. start, s. end, evalue, bit score
# 1 hits found
U14003.1/312468-312496	NC_004337.2	100.000	109	0	0	1	109	4588245	4588353	4.82e-53	202
# BLASTN 2.13.0+
# Query: X00547.1/1104-1134 slurp/ecgetrf.pl?CH03811 DE:[Pot. transcription terminator]-
# Database: S._flexneri_NC_004337.2.fasta
# Fields: query acc.ver, subject acc.ver, % identity, alignment length, mismatches, gap opens, q. start, q. end, s. start, s. end, evalue, bit score
# 1 hits found
X00547.1/1104-1134	NC_004337.2	99.099	111	1	0	1	111	1018589	1018699	1.77e-52	200
# BLASTN 2.13.0+
# Query: M84991.1/1269-1309 slurp/ecgetrf.pl?CH03814 DE:[Terminatorfor fatty acid biosynthesis operon]+
# Database: S._flexneri_NC_004337.2.fasta
# Fields: query acc.ver, subject acc.ver, % identity, alignment length, mismatches, gap opens, q. start, q. end, s. start, s. end, evalue, bit score
# 1 hits found
M84991.1/1269-1309	NC_004337.2	97.500	120	1	2	1	120	1139537	1139654	1.50e-53	204
# BLASTN 2.13.0+
# Query: X08087.1/907-941 slurp/ecgetrf.pl?CH03816 DE:[Pot. stem-loop structure; pot. transcription terminator]+
# Database: S._flexneri_NC_004337.2.fasta
# Fields: query acc.ver, subject acc.ver, % identity, alignment length, mismatches, gap opens, q. start, q. end, s. start, s. end, evalue, bit score
# 1 hits found
X08087.1/907-941	NC_004337.2	96.522	115	4	0	1	115	1219328	1219442	1.11e-49	191
# BLASTN 2.13.0+
# Query: ECK120048898+
# Database: S._flexneri_NC_004337.2.fasta
# Fields: query acc.ver, subject acc.ver, % identity, alignment length, mismatches, gap opens, q. start, q. end, s. start, s. end, evalue, bit score
# 1 hits found
ECK120048898+	NC_004337.2	96.721	122	4	0	1	122	1219318	1219439	1.54e-53	204
# BLASTN 2.13.0+
# Query: X63666.1/1540-1567 slurp/ecgetrf.pl?CH03819 DE:[Putative termination signal]+
# Database: S._flexneri_NC_004337.2.fasta
# Fields: query acc.ver, subject acc.ver, % identity, alignment length, mismatches, gap opens, q. start, q. end, s. start, s. end, evalue, bit score
# 1 hits found
X63666.1/1540-1567	NC_004337.2	99.074	108	1	0	1	108	3417960	3418067	7.97e-51	195
# BLASTN 2.13.0+
# Query: X04065.1/1578-1619 slurp/ecgetrf.pl?CH03822 DE:[Stem-loop structure; pot. transcription terminator]-
# Database: S._flexneri_NC_004337.2.fasta
# Fields: query acc.ver, subject acc.ver, % identity, alignment length, mismatches, gap opens, q. start, q. end, s. start, s. end, evalue, bit score
# 1 hits found
X04065.1/1578-1619	NC_004337.2	100.000	122	0	0	1	122	1661472	1661593	3.28e-60	226
# BLASTN 2.13.0+
# Query: X06744.1/2831-2858 slurp/ecgetrf.pl?CH03831 DE:[Put. stem loop structure]-
# Database: S._flexneri_NC_004337.2.fasta
# Fields: query acc.ver, subject acc.ver, % identity, alignment length, mismatches, gap opens, q. start, q. end, s. start, s. end, evalue, bit score
# 1 hits found
X06744.1/2831-2858	NC_004337.2	98.148	108	2	0	1	108	2352145	2352252	3.71e-49	189
# BLASTN 2.13.0+
# Query: X04864.1/495-528 slurp/ecgetrf.pl?CH03835 DE:[Put. transcription terminator]+
# Database: S._flexneri_NC_004337.2.fasta
# Fields: query acc.ver, subject acc.ver, % identity, alignment length, mismatches, gap opens, q. start, q. end, s. start, s. end, evalue, bit score
# 1 hits found
X04864.1/495-528	NC_004337.2	96.491	114	4	0	1	114	947883	947996	3.96e-49	189
# BLASTN 2.13.0+
# Query: X67700.1/988-1010 slurp/ecgetrf.pl?CH03840 DE:[ORF1 terminator]+
# Database: S._flexneri_NC_004337.2.fasta
# Fields: query acc.ver, subject acc.ver, % identity, alignment length, mismatches, gap opens, q. start, q. end, s. start, s. end, evalue, bit score
# 1 hits found
X67700.1/988-1010	NC_004337.2	100.000	103	0	0	1	103	9858	9960	9.72e-50	191
# BLASTN 2.13.0+
# Query: L12044.1/1999-2037 slurp/ecgetrf.pl?CH03848 DE:[Terminator kch]-
# Database: S._flexneri_NC_004337.2.fasta
# Fields: query acc.ver, subject acc.ver, % identity, alignment length, mismatches, gap opens, q. start, q. end, s. start, s. end, evalue, bit score
# 1 hits found
L12044.1/1999-2037	NC_004337.2	100.000	119	0	0	1	119	1303968	1304086	1.48e-58	220
# BLASTN 2.13.0+
# Query: X14135.1/195-222 slurp/ecgetrf.pl?CH03860 DE:[Pot. stem loop structure]-
# Database: S._flexneri_NC_004337.2.fasta
# Fields: query acc.ver, subject acc.ver, % identity, alignment length, mismatches, gap opens, q. start, q. end, s. start, s. end, evalue, bit score
# 1 hits found
X14135.1/195-222	NC_004337.2	100.000	108	0	0	1	108	649291	649184	1.71e-52	200
# BLASTN 2.13.0+
# Query: X57402.1/1077-1106 slurp/ecgetrf.pl?CH03864 DE:[Terminator dapA, nlpB]-
# Database: S._flexneri_NC_004337.2.fasta
# Fields: query acc.ver, subject acc.ver, % identity, alignment length, mismatches, gap opens, q. start, q. end, s. start, s. end, evalue, bit score
# 1 hits found
X57402.1/1077-1106	NC_004337.2	100.000	110	0	0	1	110	2585812	2585921	1.35e-53	204
# BLASTN 2.13.0+
# Query: ECK120010784-
# Database: S._flexneri_NC_004337.2.fasta
# Fields: query acc.ver, subject acc.ver, % identity, alignment length, mismatches, gap opens, q. start, q. end, s. start, s. end, evalue, bit score
# 1 hits found
ECK120010784-	NC_004337.2	100.000	122	0	0	1	122	2585810	2585931	3.28e-60	226
# BLASTN 2.13.0+
# Query: X08035.1/2423-2452 slurp/ecgetrf.pl?CH03870 DE:[pot.stem-loop structure]-
# Database: S._flexneri_NC_004337.2.fasta
# Fields: query acc.ver, subject acc.ver, % identity, alignment length, mismatches, gap opens, q. start, q. end, s. start, s. end, evalue, bit score
# 1 hits found
X08035.1/2423-2452	NC_004337.2	99.091	110	1	0	1	110	933581	933690	6.30e-52	198
# BLASTN 2.13.0+
# Query: D90227.1/10944-10985 slurp/ecgetrf.pl?CH03874 DE:[pot. terminator 1]-
# Database: S._flexneri_NC_004337.2.fasta
# Fields: query acc.ver, subject acc.ver, % identity, alignment length, mismatches, gap opens, q. start, q. end, s. start, s. end, evalue, bit score
# 1 hits found
D90227.1/10944-10985	NC_004337.2	90.625	64	4	2	26	88	4083075	4083137	2.09e-17	84.2
# BLASTN 2.13.0+
# Query: ECK120035132-R+
# Database: S._flexneri_NC_004337.2.fasta
# Fields: query acc.ver, subject acc.ver, % identity, alignment length, mismatches, gap opens, q. start, q. end, s. start, s. end, evalue, bit score
# 1 hits found
ECK120035132-R+	NC_004337.2	90.625	64	4	2	30	92	4083075	4083137	2.11e-17	84.2
# BLASTN 2.13.0+
# Query: ECK120035132-
# Database: S._flexneri_NC_004337.2.fasta
# Fields: query acc.ver, subject acc.ver, % identity, alignment length, mismatches, gap opens, q. start, q. end, s. start, s. end, evalue, bit score
# 1 hits found
ECK120035132-	NC_004337.2	90.625	64	4	2	30	92	4083075	4083137	2.11e-17	84.2
# BLASTN 2.13.0+
# Query: M94104.1/1639-1668 slurp/ecgetrf.pl?CH03879 DE:[putative termination signal]-
# Database: S._flexneri_NC_004337.2.fasta
# Fields: query acc.ver, subject acc.ver, % identity, alignment length, mismatches, gap opens, q. start, q. end, s. start, s. end, evalue, bit score
# 1 hits found
M94104.1/1639-1668	NC_004337.2	100.000	110	0	0	1	110	3886394	3886285	1.35e-53	204
# BLASTN 2.13.0+
# Query: L10328.1/55847-55820 slurp/ecgetrf.pl?CH03906 DE:[putative termination signal]-
# Database: S._flexneri_NC_004337.2.fasta
# Fields: query acc.ver, subject acc.ver, % identity, alignment length, mismatches, gap opens, q. start, q. end, s. start, s. end, evalue, bit score
# 1 hits found
L10328.1/55847-55820	NC_004337.2	100.000	108	0	0	1	108	3886392	3886285	1.71e-52	200
# BLASTN 2.13.0+
# Query: X04469.1/1953-1977 slurp/ecgetrf.pl?CH03882 DE:[pot. transcription terminator]-
# Database: S._flexneri_NC_004337.2.fasta
# Fields: query acc.ver, subject acc.ver, % identity, alignment length, mismatches, gap opens, q. start, q. end, s. start, s. end, evalue, bit score
# 1 hits found
X04469.1/1953-1977	NC_004337.2	100.000	102	0	0	1	102	1109232	1109333	3.58e-49	189
# BLASTN 2.13.0+
# Query: X52363.1/127-157 slurp/ecgetrf.pl?CH03887 DE:[rrfG transcription terminator]+
# Database: S._flexneri_NC_004337.2.fasta
# Fields: query acc.ver, subject acc.ver, % identity, alignment length, mismatches, gap opens, q. start, q. end, s. start, s. end, evalue, bit score
# 1 hits found
X52363.1/127-157	NC_004337.2	92.920	113	4	4	1	111	4053464	4053574	8.36e-41	161
# BLASTN 2.13.0+
# Query: L19201.1/2459-2489 slurp/ecgetrf.pl?CH03932 DE:[putative termination signal]+
# Database: S._flexneri_NC_004337.2.fasta
# Fields: query acc.ver, subject acc.ver, % identity, alignment length, mismatches, gap opens, q. start, q. end, s. start, s. end, evalue, bit score
# 1 hits found
L19201.1/2459-2489	NC_004337.2	92.727	110	4	4	1	108	4053468	4053575	3.89e-39	156
# BLASTN 2.13.0+
# Query: ECK120051382-
# Database: S._flexneri_NC_004337.2.fasta
# Fields: query acc.ver, subject acc.ver, % identity, alignment length, mismatches, gap opens, q. start, q. end, s. start, s. end, evalue, bit score
# 1 hits found
ECK120051382-	NC_004337.2	86.022	93	11	2	53	144	3406253	3406344	9.06e-22	99.0
# BLASTN 2.13.0+
# Query: BBa_B0010-
# Database: S._flexneri_NC_004337.2.fasta
# Fields: query acc.ver, subject acc.ver, % identity, alignment length, mismatches, gap opens, q. start, q. end, s. start, s. end, evalue, bit score
# 1 hits found
BBa_B0010-	NC_004337.2	86.170	94	11	2	68	160	3406253	3406345	2.84e-22	100
# BLASTN 2.13.0+
# Query: L19201.1/2282-2328 slurp/ecgetrf.pl?CH03931 DE:[putative termination signal]-
# Database: S._flexneri_NC_004337.2.fasta
# Fields: query acc.ver, subject acc.ver, % identity, alignment length, mismatches, gap opens, q. start, q. end, s. start, s. end, evalue, bit score
# 1 hits found
L19201.1/2282-2328	NC_004337.2	84.810	79	10	2	48	125	3406253	3406330	1.02e-15	78.7
# BLASTN 2.13.0+
# Query: L10328.1/5220-5193 slurp/ecgetrf.pl?CH03902 DE:[putative termination signal]-
# Database: S._flexneri_NC_004337.2.fasta
# Fields: query acc.ver, subject acc.ver, % identity, alignment length, mismatches, gap opens, q. start, q. end, s. start, s. end, evalue, bit score
# 1 hits found
L10328.1/5220-5193	NC_004337.2	100.000	106	0	0	3	108	3786076	3786181	2.22e-51	196
# BLASTN 2.13.0+
# Query: ECK120035133-
# Database: S._flexneri_NC_004337.2.fasta
# Fields: query acc.ver, subject acc.ver, % identity, alignment length, mismatches, gap opens, q. start, q. end, s. start, s. end, evalue, bit score
# 1 hits found
ECK120035133-	NC_004337.2	99.180	122	1	0	1	122	3786070	3786191	1.52e-58	220
# BLASTN 2.13.0+
# Query: L10328.1/43056-43083 slurp/ecgetrf.pl?CH03904 DE:[putative termination signal]+
# Database: S._flexneri_NC_004337.2.fasta
# 0 hits found
# BLASTN 2.13.0+
# Query: ECK120035136+
# Database: S._flexneri_NC_004337.2.fasta
# Fields: query acc.ver, subject acc.ver, % identity, alignment length, mismatches, gap opens, q. start, q. end, s. start, s. end, evalue, bit score
# 1 hits found
ECK120035136+	NC_004337.2	96.552	29	1	0	100	128	928691	928719	8.06e-07	49.1
# BLASTN 2.13.0+
# Query: L10328.1/43151-43173 slurp/ecgetrf.pl?CH03905 DE:[putative termination signal]+
# Database: S._flexneri_NC_004337.2.fasta
# Fields: query acc.ver, subject acc.ver, % identity, alignment length, mismatches, gap opens, q. start, q. end, s. start, s. end, evalue, bit score
# 1 hits found
L10328.1/43151-43173	NC_004337.2	96.774	31	1	0	1	31	928697	928727	4.79e-08	52.8
# BLASTN 2.13.0+
# Query: L10328.1/126639-126661 slurp/ecgetrf.pl?CH03910 DE:[putative termination signal]+
# Database: S._flexneri_NC_004337.2.fasta
# Fields: query acc.ver, subject acc.ver, % identity, alignment length, mismatches, gap opens, q. start, q. end, s. start, s. end, evalue, bit score
# 1 hits found
L10328.1/126639-126661	NC_004337.2	100.000	103	0	0	1	103	3946691	3946793	9.72e-50	191
# BLASTN 2.13.0+
# Query: M87049.1/13395-13431 slurp/ecgetrf.pl?CH03915 DE:[terminator-like sequence]+
# Database: S._flexneri_NC_004337.2.fasta
# 0 hits found
# BLASTN 2.13.0+
# Query: M87049.1/33826-33862 slurp/ecgetrf.pl?CH03918 DE:[terminator-like sequence]+
# Database: S._flexneri_NC_004337.2.fasta
# Fields: query acc.ver, subject acc.ver, % identity, alignment length, mismatches, gap opens, q. start, q. end, s. start, s. end, evalue, bit score
# 1 hits found
M87049.1/33826-33862	NC_004337.2	98.276	116	2	0	1	116	3989239	3989354	1.44e-53	204
# BLASTN 2.13.0+
# Query: M87049.1/39715-39749 slurp/ecgetrf.pl?CH03920 DE:[terminator-like sequence]+
# Database: S._flexneri_NC_004337.2.fasta
# Fields: query acc.ver, subject acc.ver, % identity, alignment length, mismatches, gap opens, q. start, q. end, s. start, s. end, evalue, bit score
# 1 hits found
M87049.1/39715-39749	NC_004337.2	96.522	115	4	0	1	115	3994894	3995008	1.11e-49	191
# BLASTN 2.13.0+
# Query: M87049.1/70279-70299 slurp/ecgetrf.pl?CH03924 DE:[terminator-like sequence]+
# Database: S._flexneri_NC_004337.2.fasta
# Fields: query acc.ver, subject acc.ver, % identity, alignment length, mismatches, gap opens, q. start, q. end, s. start, s. end, evalue, bit score
# 1 hits found
M87049.1/70279-70299	NC_004337.2	100.000	101	0	0	1	101	4030311	4030411	1.23e-48	187
# BLASTN 2.13.0+
# Query: X13002.1/1005-1031 slurp/ecgetrf.pl?CH03927 DE:[pot. stem-loop structure; pot. transcription terminator]+
# Database: S._flexneri_NC_004337.2.fasta
# Fields: query acc.ver, subject acc.ver, % identity, alignment length, mismatches, gap opens, q. start, q. end, s. start, s. end, evalue, bit score
# 1 hits found
X13002.1/1005-1031	NC_004337.2	100.000	107	0	0	1	107	1512258	1512152	6.09e-52	198
# BLASTN 2.13.0+
# Query: Z23096.1/446-494 slurp/ecgetrf.pl?CH03930 DE:[Terminator Similar to gene dicF of E.coli dicABC]-
# Database: S._flexneri_NC_004337.2.fasta
# Fields: query acc.ver, subject acc.ver, % identity, alignment length, mismatches, gap opens, q. start, q. end, s. start, s. end, evalue, bit score
# 1 hits found
Z23096.1/446-494	NC_004337.2	86.466	133	7	6	1	129	913159	913034	6.07e-33	135
# BLASTN 2.13.0+
# Query: L19201.1/12884-12927 slurp/ecgetrf.pl?CH03935 DE:[putative termination signal]+
# Database: S._flexneri_NC_004337.2.fasta
# Fields: query acc.ver, subject acc.ver, % identity, alignment length, mismatches, gap opens, q. start, q. end, s. start, s. end, evalue, bit score
# 1 hits found
L19201.1/12884-12927	NC_004337.2	100.000	124	0	0	1	124	4063892	4064015	2.58e-61	230
# BLASTN 2.13.0+
# Query: ECK120010799+
# Database: S._flexneri_NC_004337.2.fasta
# Fields: query acc.ver, subject acc.ver, % identity, alignment length, mismatches, gap opens, q. start, q. end, s. start, s. end, evalue, bit score
# 1 hits found
ECK120010799+	NC_004337.2	100.000	140	0	0	1	140	4063879	4064018	3.80e-70	259
# BLASTN 2.13.0+
# Query: L19201.1/63111-63151 slurp/ecgetrf.pl?CH03938 DE:[putative termination signal]+
# Database: S._flexneri_NC_004337.2.fasta
# Fields: query acc.ver, subject acc.ver, % identity, alignment length, mismatches, gap opens, q. start, q. end, s. start, s. end, evalue, bit score
# 1 hits found
L19201.1/63111-63151	NC_004337.2	93.388	121	8	0	1	121	4115085	4115205	2.56e-46	180
# BLASTN 2.13.0+
# Query: L19201.1/71476-71507 slurp/ecgetrf.pl?CH03941 DE:[putative termination signal]+
# Database: S._flexneri_NC_004337.2.fasta
# Fields: query acc.ver, subject acc.ver, % identity, alignment length, mismatches, gap opens, q. start, q. end, s. start, s. end, evalue, bit score
# 1 hits found
L19201.1/71476-71507	NC_004337.2	99.107	112	1	0	1	112	4124785	4124896	4.98e-53	202
# BLASTN 2.13.0+
# Query: L19201.1/82018-81996 slurp/ecgetrf.pl?CH03944 DE:[putative termination signal]-
# Database: S._flexneri_NC_004337.2.fasta
# Fields: query acc.ver, subject acc.ver, % identity, alignment length, mismatches, gap opens, q. start, q. end, s. start, s. end, evalue, bit score
# 1 hits found
L19201.1/82018-81996	NC_004337.2	100.000	103	0	0	1	103	4135400	4135502	9.72e-50	191
# BLASTN 2.13.0+
# Query: ECK120010852-R+
# Database: S._flexneri_NC_004337.2.fasta
# Fields: query acc.ver, subject acc.ver, % identity, alignment length, mismatches, gap opens, q. start, q. end, s. start, s. end, evalue, bit score
# 1 hits found
ECK120010852-R+	NC_004337.2	100.000	118	0	0	1	118	4135395	4135512	5.27e-58	219
# BLASTN 2.13.0+
# Query: ECK120010852-
# Database: S._flexneri_NC_004337.2.fasta
# Fields: query acc.ver, subject acc.ver, % identity, alignment length, mismatches, gap opens, q. start, q. end, s. start, s. end, evalue, bit score
# 1 hits found
ECK120010852-	NC_004337.2	100.000	118	0	0	1	118	4135395	4135512	5.27e-58	219
# BLASTN 2.13.0+
# Query: U14003.1/28964-28938 slurp/ecgetrf.pl?CH05080-
# Database: S._flexneri_NC_004337.2.fasta
# Fields: query acc.ver, subject acc.ver, % identity, alignment length, mismatches, gap opens, q. start, q. end, s. start, s. end, evalue, bit score
# 1 hits found
U14003.1/28964-28938	NC_004337.2	98.131	107	2	0	1	107	4270486	4270380	1.32e-48	187
# BLASTN 2.13.0+
# Query: U14003.1/28964-28938 slurp/ecgetrf.pl?CH05080-
# Database: S._flexneri_NC_004337.2.fasta
# Fields: query acc.ver, subject acc.ver, % identity, alignment length, mismatches, gap opens, q. start, q. end, s. start, s. end, evalue, bit score
# 1 hits found
U14003.1/28964-28938	NC_004337.2	98.131	107	2	0	1	107	4270486	4270380	1.32e-48	187
# BLASTN 2.13.0+
# Query: seq10161 slurp/ecgetrf.pl?CH05080.1-
# Database: S._flexneri_NC_004337.2.fasta
# Fields: query acc.ver, subject acc.ver, % identity, alignment length, mismatches, gap opens, q. start, q. end, s. start, s. end, evalue, bit score
# 1 hits found
seq10161	NC_004337.2	98.131	107	2	0	1	107	4270486	4270380	1.32e-48	187
# BLASTN 2.13.0+
# Query: seq10161 slurp/ecgetrf.pl?CH05080.1-
# Database: S._flexneri_NC_004337.2.fasta
# Fields: query acc.ver, subject acc.ver, % identity, alignment length, mismatches, gap opens, q. start, q. end, s. start, s. end, evalue, bit score
# 1 hits found
seq10161	NC_004337.2	98.131	107	2	0	1	107	4270486	4270380	1.32e-48	187
# BLASTN 2.13.0+
# Query: seq10161 slurp/ecgetrf.pl?CH05080.1-
# Database: S._flexneri_NC_004337.2.fasta
# Fields: query acc.ver, subject acc.ver, % identity, alignment length, mismatches, gap opens, q. start, q. end, s. start, s. end, evalue, bit score
# 1 hits found
seq10161	NC_004337.2	98.131	107	2	0	1	107	4270486	4270380	1.32e-48	187
# BLASTN 2.13.0+
# Query: seq10161 slurp/ecgetrf.pl?CH05080.1-
# Database: S._flexneri_NC_004337.2.fasta
# Fields: query acc.ver, subject acc.ver, % identity, alignment length, mismatches, gap opens, q. start, q. end, s. start, s. end, evalue, bit score
# 1 hits found
seq10161	NC_004337.2	98.131	107	2	0	1	107	4270486	4270380	1.32e-48	187
# BLASTN 2.13.0+
# Query: U14003.1/53366-53342 slurp/ecgetrf.pl?CH05082+
# Database: S._flexneri_NC_004337.2.fasta
# Fields: query acc.ver, subject acc.ver, % identity, alignment length, mismatches, gap opens, q. start, q. end, s. start, s. end, evalue, bit score
# 1 hits found
U14003.1/53366-53342	NC_004337.2	100.000	105	0	0	1	105	3052511	3052615	7.70e-51	195
# BLASTN 2.13.0+
# Query: U14003.1/69815-69791 slurp/ecgetrf.pl?CH05086-
# Database: S._flexneri_NC_004337.2.fasta
# Fields: query acc.ver, subject acc.ver, % identity, alignment length, mismatches, gap opens, q. start, q. end, s. start, s. end, evalue, bit score
# 1 hits found
U14003.1/69815-69791	NC_004337.2	99.048	105	1	0	1	105	4483309	4483413	3.58e-49	189
# BLASTN 2.13.0+
# Query: ECK120010861-R+
# Database: S._flexneri_NC_004337.2.fasta
# Fields: query acc.ver, subject acc.ver, % identity, alignment length, mismatches, gap opens, q. start, q. end, s. start, s. end, evalue, bit score
# 1 hits found
ECK120010861-R+	NC_004337.2	99.180	122	1	0	1	122	4483302	4483423	1.52e-58	220
# BLASTN 2.13.0+
# Query: frd_ampC-
# Database: S._flexneri_NC_004337.2.fasta
# Fields: query acc.ver, subject acc.ver, % identity, alignment length, mismatches, gap opens, q. start, q. end, s. start, s. end, evalue, bit score
# 1 hits found
frd_ampC-	NC_004337.2	99.083	109	1	0	1	109	4483305	4483413	2.24e-51	196
# BLASTN 2.13.0+
# Query: U14003.1/117410-117437 slurp/ecgetrf.pl?CH05089+
# Database: S._flexneri_NC_004337.2.fasta
# Fields: query acc.ver, subject acc.ver, % identity, alignment length, mismatches, gap opens, q. start, q. end, s. start, s. end, evalue, bit score
# 1 hits found
U14003.1/117410-117437	NC_004337.2	97.222	108	3	0	1	108	4530815	4530922	1.73e-47	183
# BLASTN 2.13.0+
# Query: U14003.1/161794-161766 slurp/ecgetrf.pl?CH05091-
# Database: S._flexneri_NC_004337.2.fasta
# Fields: query acc.ver, subject acc.ver, % identity, alignment length, mismatches, gap opens, q. start, q. end, s. start, s. end, evalue, bit score
# 1 hits found
U14003.1/161794-161766	NC_004337.2	100.000	109	0	0	1	109	4416220	4416112	4.82e-53	202
# BLASTN 2.13.0+
# Query: J01636.1/1170-1210 slurp/ecgetrf.pl?CH05936 DE:[terminator overlapping CAP site]-
# Database: S._flexneri_NC_004337.2.fasta
# 0 hits found
# BLASTN 2.13.0+
# Query: ECK120033737+
# Database: S._flexneri_NC_004337.2.fasta
# Fields: query acc.ver, subject acc.ver, % identity, alignment length, mismatches, gap opens, q. start, q. end, s. start, s. end, evalue, bit score
# 1 hits found
ECK120033737+	NC_004337.2	100.000	134	0	0	3	136	226	359	7.95e-67	248
# BLASTN 2.13.0+
# Query: ECK120034435-
# Database: S._flexneri_NC_004337.2.fasta
# Fields: query acc.ver, subject acc.ver, % identity, alignment length, mismatches, gap opens, q. start, q. end, s. start, s. end, evalue, bit score
# 1 hits found
ECK120034435-	NC_004337.2	98.540	137	2	0	1	137	3314168	3314304	3.73e-65	243
# BLASTN 2.13.0+
# Query: ECK120034435-R+
# Database: S._flexneri_NC_004337.2.fasta
# Fields: query acc.ver, subject acc.ver, % identity, alignment length, mismatches, gap opens, q. start, q. end, s. start, s. end, evalue, bit score
# 1 hits found
ECK120034435-R+	NC_004337.2	98.540	137	2	0	1	137	3314168	3314304	3.73e-65	243
# BLASTN 2.13.0+
# Query: ECK120010818-
# Database: S._flexneri_NC_004337.2.fasta
# Fields: query acc.ver, subject acc.ver, % identity, alignment length, mismatches, gap opens, q. start, q. end, s. start, s. end, evalue, bit score
# 1 hits found
ECK120010818-	NC_004337.2	97.872	94	2	0	41	134	3261442	3261535	2.91e-41	163
# BLASTN 2.13.0+
# Query: ECK120010794-R+
# Database: S._flexneri_NC_004337.2.fasta
# Fields: query acc.ver, subject acc.ver, % identity, alignment length, mismatches, gap opens, q. start, q. end, s. start, s. end, evalue, bit score
# 1 hits found
ECK120010794-R+	NC_004337.2	98.701	77	1	0	38	114	3261442	3261518	1.46e-33	137
# BLASTN 2.13.0+
# Query: ECK120010793-R+
# Database: S._flexneri_NC_004337.2.fasta
# Fields: query acc.ver, subject acc.ver, % identity, alignment length, mismatches, gap opens, q. start, q. end, s. start, s. end, evalue, bit score
# 1 hits found
ECK120010793-R+	NC_004337.2	98.701	77	1	0	38	114	3261442	3261518	1.46e-33	137
# BLASTN 2.13.0+
# Query: ECK120010793-
# Database: S._flexneri_NC_004337.2.fasta
# Fields: query acc.ver, subject acc.ver, % identity, alignment length, mismatches, gap opens, q. start, q. end, s. start, s. end, evalue, bit score
# 1 hits found
ECK120010793-	NC_004337.2	98.701	77	1	0	38	114	3261442	3261518	1.46e-33	137
# BLASTN 2.13.0+
# Query: ECK120010869+
# Database: S._flexneri_NC_004337.2.fasta
# Fields: query acc.ver, subject acc.ver, % identity, alignment length, mismatches, gap opens, q. start, q. end, s. start, s. end, evalue, bit score
# 1 hits found
ECK120010869+	NC_004337.2	100.000	77	0	0	1	77	4209302	4209378	3.16e-35	143
# BLASTN 2.13.0+
# Query: ECK120030221-R-
# Database: S._flexneri_NC_004337.2.fasta
# Fields: query acc.ver, subject acc.ver, % identity, alignment length, mismatches, gap opens, q. start, q. end, s. start, s. end, evalue, bit score
# 1 hits found
ECK120030221-R-	NC_004337.2	95.690	116	5	0	1	116	1581452	1581337	1.46e-48	187
# BLASTN 2.13.0+
# Query: ECK120030221+
# Database: S._flexneri_NC_004337.2.fasta
# Fields: query acc.ver, subject acc.ver, % identity, alignment length, mismatches, gap opens, q. start, q. end, s. start, s. end, evalue, bit score
# 1 hits found
ECK120030221+	NC_004337.2	95.690	116	5	0	1	116	1581452	1581337	1.46e-48	187
# BLASTN 2.13.0+
# Query: ECK120010832-R+
# Database: S._flexneri_NC_004337.2.fasta
# Fields: query acc.ver, subject acc.ver, % identity, alignment length, mismatches, gap opens, q. start, q. end, s. start, s. end, evalue, bit score
# 1 hits found
ECK120010832-R+	NC_004337.2	100.000	115	0	0	1	115	1257726	1257840	2.38e-56	213
# BLASTN 2.13.0+
# Query: ECK120010832-
# Database: S._flexneri_NC_004337.2.fasta
# Fields: query acc.ver, subject acc.ver, % identity, alignment length, mismatches, gap opens, q. start, q. end, s. start, s. end, evalue, bit score
# 1 hits found
ECK120010832-	NC_004337.2	100.000	115	0	0	1	115	1257726	1257840	2.38e-56	213
# BLASTN 2.13.0+
# Query: ECK120051401-
# Database: S._flexneri_NC_004337.2.fasta
# Fields: query acc.ver, subject acc.ver, % identity, alignment length, mismatches, gap opens, q. start, q. end, s. start, s. end, evalue, bit score
# 1 hits found
ECK120051401-	NC_004337.2	98.990	99	1	0	29	127	2522761	2522859	9.76e-46	178
# BLASTN 2.13.0+
# Query: tonB_P14-
# Database: S._flexneri_NC_004337.2.fasta
# Fields: query acc.ver, subject acc.ver, % identity, alignment length, mismatches, gap opens, q. start, q. end, s. start, s. end, evalue, bit score
# 1 hits found
tonB_P14-	NC_004337.2	99.259	135	1	0	1	135	1308087	1308221	1.02e-65	244
# BLASTN 2.13.0+
# Query: ECK120010792+
# Database: S._flexneri_NC_004337.2.fasta
# Fields: query acc.ver, subject acc.ver, % identity, alignment length, mismatches, gap opens, q. start, q. end, s. start, s. end, evalue, bit score
# 1 hits found
ECK120010792+	NC_004337.2	99.242	132	1	0	1	132	1308087	1308218	4.62e-64	239
# BLASTN 2.13.0+
# Query: tonB+
# Database: S._flexneri_NC_004337.2.fasta
# Fields: query acc.ver, subject acc.ver, % identity, alignment length, mismatches, gap opens, q. start, q. end, s. start, s. end, evalue, bit score
# 1 hits found
tonB+	NC_004337.2	100.000	118	0	0	1	118	1308097	1308214	5.27e-58	219
# BLASTN 2.13.0+
# Query: pyrBI-
# Database: S._flexneri_NC_004337.2.fasta
# Fields: query acc.ver, subject acc.ver, % identity, alignment length, mismatches, gap opens, q. start, q. end, s. start, s. end, evalue, bit score
# 1 hits found
pyrBI-	NC_004337.2	98.165	109	2	0	1	109	4414740	4414632	1.04e-49	191
# BLASTN 2.13.0+
# Query: ilvBN+
# Database: S._flexneri_NC_004337.2.fasta
# Fields: query acc.ver, subject acc.ver, % identity, alignment length, mismatches, gap opens, q. start, q. end, s. start, s. end, evalue, bit score
# 1 hits found
ilvBN+	NC_004337.2	99.138	116	0	1	1	116	3959842	3959956	1.12e-54	207
# BLASTN 2.13.0+
# Query: ECK120010797+
# Database: S._flexneri_NC_004337.2.fasta
# Fields: query acc.ver, subject acc.ver, % identity, alignment length, mismatches, gap opens, q. start, q. end, s. start, s. end, evalue, bit score
# 1 hits found
ECK120010797+	NC_004337.2	98.305	118	1	1	1	118	2533613	2533729	4.10e-54	206
# BLASTN 2.13.0+
# Query: ECK120015452+
# Database: S._flexneri_NC_004337.2.fasta
# Fields: query acc.ver, subject acc.ver, % identity, alignment length, mismatches, gap opens, q. start, q. end, s. start, s. end, evalue, bit score
# 1 hits found
ECK120015452+	NC_004337.2	91.935	124	10	0	1	124	645946	645823	1.26e-44	174
# BLASTN 2.13.0+
# Query: ECK120010815-
# Database: S._flexneri_NC_004337.2.fasta
# Fields: query acc.ver, subject acc.ver, % identity, alignment length, mismatches, gap opens, q. start, q. end, s. start, s. end, evalue, bit score
# 1 hits found
ECK120010815-	NC_004337.2	98.425	127	2	0	1	127	1773453	1773327	1.24e-59	224
# BLASTN 2.13.0+
# Query: ECK120010815-R+
# Database: S._flexneri_NC_004337.2.fasta
# Fields: query acc.ver, subject acc.ver, % identity, alignment length, mismatches, gap opens, q. start, q. end, s. start, s. end, evalue, bit score
# 1 hits found
ECK120010815-R+	NC_004337.2	98.425	127	2	0	1	127	1773453	1773327	1.24e-59	224
# BLASTN 2.13.0+
# Query: ECK120051385-
# Database: S._flexneri_NC_004337.2.fasta
# Fields: query acc.ver, subject acc.ver, % identity, alignment length, mismatches, gap opens, q. start, q. end, s. start, s. end, evalue, bit score
# 1 hits found
ECK120051385-	NC_004337.2	100.000	129	0	0	1	129	2675977	2676105	4.50e-64	239
# BLASTN 2.13.0+
# Query: ECK120010846+
# Database: S._flexneri_NC_004337.2.fasta
# Fields: query acc.ver, subject acc.ver, % identity, alignment length, mismatches, gap opens, q. start, q. end, s. start, s. end, evalue, bit score
# 1 hits found
ECK120010846+	NC_004337.2	95.935	123	4	1	1	122	3616204	3616326	7.14e-52	198
# BLASTN 2.13.0+
# Query: ECK120010853+
# Database: S._flexneri_NC_004337.2.fasta
# Fields: query acc.ver, subject acc.ver, % identity, alignment length, mismatches, gap opens, q. start, q. end, s. start, s. end, evalue, bit score
# 1 hits found
ECK120010853+	NC_004337.2	96.212	132	5	0	1	132	433473	433604	2.17e-57	217
# BLASTN 2.13.0+
# Query: ECK120010825-
# Database: S._flexneri_NC_004337.2.fasta
# Fields: query acc.ver, subject acc.ver, % identity, alignment length, mismatches, gap opens, q. start, q. end, s. start, s. end, evalue, bit score
# 1 hits found
ECK120010825-	NC_004337.2	95.312	128	5	1	1	127	1341163	1341290	5.79e-53	202
# BLASTN 2.13.0+
# Query: ECK120010825-R+
# Database: S._flexneri_NC_004337.2.fasta
# Fields: query acc.ver, subject acc.ver, % identity, alignment length, mismatches, gap opens, q. start, q. end, s. start, s. end, evalue, bit score
# 1 hits found
ECK120010825-R+	NC_004337.2	95.312	128	5	1	1	127	1341163	1341290	5.79e-53	202
# BLASTN 2.13.0+
# Query: ECK120010833-
# Database: S._flexneri_NC_004337.2.fasta
# Fields: query acc.ver, subject acc.ver, % identity, alignment length, mismatches, gap opens, q. start, q. end, s. start, s. end, evalue, bit score
# 1 hits found
ECK120010833-	NC_004337.2	99.237	131	1	0	1	131	1995636	1995766	1.65e-63	237
# BLASTN 2.13.0+
# Query: ECK120010833-R+
# Database: S._flexneri_NC_004337.2.fasta
# Fields: query acc.ver, subject acc.ver, % identity, alignment length, mismatches, gap opens, q. start, q. end, s. start, s. end, evalue, bit score
# 1 hits found
ECK120010833-R+	NC_004337.2	99.237	131	1	0	1	131	1995636	1995766	1.65e-63	237
# BLASTN 2.13.0+
# Query: ECK120011170-
# Database: S._flexneri_NC_004337.2.fasta
# Fields: query acc.ver, subject acc.ver, % identity, alignment length, mismatches, gap opens, q. start, q. end, s. start, s. end, evalue, bit score
# 1 hits found
ECK120011170-	NC_004337.2	98.319	119	2	0	1	119	641734	641616	3.20e-55	209
# BLASTN 2.13.0+
# Query: ECK120011170-R+
# Database: S._flexneri_NC_004337.2.fasta
# Fields: query acc.ver, subject acc.ver, % identity, alignment length, mismatches, gap opens, q. start, q. end, s. start, s. end, evalue, bit score
# 1 hits found
ECK120011170-R+	NC_004337.2	98.319	119	2	0	1	119	641734	641616	3.20e-55	209
# BLASTN 2.13.0+
# Query: ECK120010866-R+
# Database: S._flexneri_NC_004337.2.fasta
# Fields: query acc.ver, subject acc.ver, % identity, alignment length, mismatches, gap opens, q. start, q. end, s. start, s. end, evalue, bit score
# 1 hits found
ECK120010866-R+	NC_004337.2	98.291	117	2	0	1	117	641778	641662	4.06e-54	206
# BLASTN 2.13.0+
# Query: ECK120010866-
# Database: S._flexneri_NC_004337.2.fasta
# Fields: query acc.ver, subject acc.ver, % identity, alignment length, mismatches, gap opens, q. start, q. end, s. start, s. end, evalue, bit score
# 1 hits found
ECK120010866-	NC_004337.2	98.291	117	2	0	1	117	641778	641662	4.06e-54	206
# BLASTN 2.13.0+
# Query: ECK120034551+
# Database: S._flexneri_NC_004337.2.fasta
# Fields: query acc.ver, subject acc.ver, % identity, alignment length, mismatches, gap opens, q. start, q. end, s. start, s. end, evalue, bit score
# 1 hits found
ECK120034551+	NC_004337.2	97.744	133	3	0	1	133	304722	304854	2.81e-61	230
# BLASTN 2.13.0+
# Query: ECK120020525-
# Database: S._flexneri_NC_004337.2.fasta
# Fields: query acc.ver, subject acc.ver, % identity, alignment length, mismatches, gap opens, q. start, q. end, s. start, s. end, evalue, bit score
# 1 hits found
ECK120020525-	NC_004337.2	100.000	116	0	0	1	116	3310204	3310319	6.67e-57	215
# BLASTN 2.13.0+
# Query: ECK120020525-R+
# Database: S._flexneri_NC_004337.2.fasta
# Fields: query acc.ver, subject acc.ver, % identity, alignment length, mismatches, gap opens, q. start, q. end, s. start, s. end, evalue, bit score
# 1 hits found
ECK120020525-R+	NC_004337.2	100.000	116	0	0	1	116	3310204	3310319	6.67e-57	215
# BLASTN 2.13.0+
# Query: nusA_infB-
# Database: S._flexneri_NC_004337.2.fasta
# Fields: query acc.ver, subject acc.ver, % identity, alignment length, mismatches, gap opens, q. start, q. end, s. start, s. end, evalue, bit score
# 1 hits found
nusA_infB-	NC_004337.2	100.000	144	0	0	1	144	3310166	3310309	2.35e-72	267
# BLASTN 2.13.0+
# Query: ECK120020526-R+
# Database: S._flexneri_NC_004337.2.fasta
# Fields: query acc.ver, subject acc.ver, % identity, alignment length, mismatches, gap opens, q. start, q. end, s. start, s. end, evalue, bit score
# 1 hits found
ECK120020526-R+	NC_004337.2	100.000	113	0	0	1	113	3310163	3310275	3.01e-55	209
# BLASTN 2.13.0+
# Query: ECK120020526-
# Database: S._flexneri_NC_004337.2.fasta
# Fields: query acc.ver, subject acc.ver, % identity, alignment length, mismatches, gap opens, q. start, q. end, s. start, s. end, evalue, bit score
# 1 hits found
ECK120020526-	NC_004337.2	100.000	113	0	0	1	113	3310163	3310275	3.01e-55	209
# BLASTN 2.13.0+
# Query: ECK120034436+
# Database: S._flexneri_NC_004337.2.fasta
# Fields: query acc.ver, subject acc.ver, % identity, alignment length, mismatches, gap opens, q. start, q. end, s. start, s. end, evalue, bit score
# 1 hits found
ECK120034436+	NC_004337.2	99.167	120	1	0	2	121	2994871	2994990	1.95e-57	217
# BLASTN 2.13.0+
# Query: ECK120021270-
# Database: S._flexneri_NC_004337.2.fasta
# Fields: query acc.ver, subject acc.ver, % identity, alignment length, mismatches, gap opens, q. start, q. end, s. start, s. end, evalue, bit score
# 1 hits found
ECK120021270-	NC_004337.2	99.167	120	1	0	1	120	1547695	1547576	1.93e-57	217
# BLASTN 2.13.0+
# Query: ECK120021270-R+
# Database: S._flexneri_NC_004337.2.fasta
# Fields: query acc.ver, subject acc.ver, % identity, alignment length, mismatches, gap opens, q. start, q. end, s. start, s. end, evalue, bit score
# 1 hits found
ECK120021270-R+	NC_004337.2	99.167	120	1	0	1	120	1547695	1547576	1.93e-57	217
# BLASTN 2.13.0+
# Query: ECK125095454+
# Database: S._flexneri_NC_004337.2.fasta
# Fields: query acc.ver, subject acc.ver, % identity, alignment length, mismatches, gap opens, q. start, q. end, s. start, s. end, evalue, bit score
# 1 hits found
ECK125095454+	NC_004337.2	99.153	118	1	0	1	118	182615	182732	2.45e-56	213
# BLASTN 2.13.0+
# Query: ECK120010874-
# Database: S._flexneri_NC_004337.2.fasta
# Fields: query acc.ver, subject acc.ver, % identity, alignment length, mismatches, gap opens, q. start, q. end, s. start, s. end, evalue, bit score
# 1 hits found
ECK120010874-	NC_004337.2	100.000	119	0	0	1	119	3432600	3432718	1.48e-58	220
# BLASTN 2.13.0+
# Query: ECK120010874-R+
# Database: S._flexneri_NC_004337.2.fasta
# Fields: query acc.ver, subject acc.ver, % identity, alignment length, mismatches, gap opens, q. start, q. end, s. start, s. end, evalue, bit score
# 1 hits found
ECK120010874-R+	NC_004337.2	100.000	119	0	0	1	119	3432600	3432718	1.48e-58	220
# BLASTN 2.13.0+
# Query: ECK120010796-
# Database: S._flexneri_NC_004337.2.fasta
# Fields: query acc.ver, subject acc.ver, % identity, alignment length, mismatches, gap opens, q. start, q. end, s. start, s. end, evalue, bit score
# 1 hits found
ECK120010796-	NC_004337.2	100.000	126	0	0	1	126	2883115	2883240	2.03e-62	233
# BLASTN 2.13.0+
# Query: ECK120010796-R+
# Database: S._flexneri_NC_004337.2.fasta
# Fields: query acc.ver, subject acc.ver, % identity, alignment length, mismatches, gap opens, q. start, q. end, s. start, s. end, evalue, bit score
# 1 hits found
ECK120010796-R+	NC_004337.2	100.000	126	0	0	1	126	2883115	2883240	2.03e-62	233
# BLASTN 2.13.0+
# Query: ECK120030218+
# Database: S._flexneri_NC_004337.2.fasta
# Fields: query acc.ver, subject acc.ver, % identity, alignment length, mismatches, gap opens, q. start, q. end, s. start, s. end, evalue, bit score
# 1 hits found
ECK120030218+	NC_004337.2	85.714	42	2	4	46	86	1275181	1275219	1.21e-04	41.7
# BLASTN 2.13.0+
# Query: ECK120020528-
# Database: S._flexneri_NC_004337.2.fasta
# Fields: query acc.ver, subject acc.ver, % identity, alignment length, mismatches, gap opens, q. start, q. end, s. start, s. end, evalue, bit score
# 1 hits found
ECK120020528-	NC_004337.2	100.000	75	0	0	46	120	3703948	3704022	4.30e-34	139
# BLASTN 2.13.0+
# Query: ECK120020528-R+
# Database: S._flexneri_NC_004337.2.fasta
# Fields: query acc.ver, subject acc.ver, % identity, alignment length, mismatches, gap opens, q. start, q. end, s. start, s. end, evalue, bit score
# 1 hits found
ECK120020528-R+	NC_004337.2	100.000	75	0	0	46	120	3703948	3704022	4.30e-34	139
# BLASTN 2.13.0+
# Query: ECK120033265+
# Database: S._flexneri_NC_004337.2.fasta
# Fields: query acc.ver, subject acc.ver, % identity, alignment length, mismatches, gap opens, q. start, q. end, s. start, s. end, evalue, bit score
# 1 hits found
ECK120033265+	NC_004337.2	98.413	126	1	1	1	126	3691300	3691424	1.61e-58	220
# BLASTN 2.13.0+
# Query: ECK120010834+
# Database: S._flexneri_NC_004337.2.fasta
# Fields: query acc.ver, subject acc.ver, % identity, alignment length, mismatches, gap opens, q. start, q. end, s. start, s. end, evalue, bit score
# 1 hits found
ECK120010834+	NC_004337.2	100.000	131	0	0	1	131	3200029	3200159	3.54e-65	243
# BLASTN 2.13.0+
# Query: trp-
# Database: S._flexneri_NC_004337.2.fasta
# Fields: query acc.ver, subject acc.ver, % identity, alignment length, mismatches, gap opens, q. start, q. end, s. start, s. end, evalue, bit score
# 1 hits found
trp-	NC_004337.2	100.000	108	0	0	1	108	1319249	1319356	1.71e-52	200
# BLASTN 2.13.0+
# Query: ECK120010841-
# Database: S._flexneri_NC_004337.2.fasta
# Fields: query acc.ver, subject acc.ver, % identity, alignment length, mismatches, gap opens, q. start, q. end, s. start, s. end, evalue, bit score
# 1 hits found
ECK120010841-	NC_004337.2	95.868	121	5	0	1	121	3570355	3570475	2.54e-51	196
# BLASTN 2.13.0+
# Query: ECK120010841-R+
# Database: S._flexneri_NC_004337.2.fasta
# Fields: query acc.ver, subject acc.ver, % identity, alignment length, mismatches, gap opens, q. start, q. end, s. start, s. end, evalue, bit score
# 1 hits found
ECK120010841-R+	NC_004337.2	95.868	121	5	0	1	121	3570355	3570475	2.54e-51	196
# BLASTN 2.13.0+
# Query: ECK120030673+
# Database: S._flexneri_NC_004337.2.fasta
# Fields: query acc.ver, subject acc.ver, % identity, alignment length, mismatches, gap opens, q. start, q. end, s. start, s. end, evalue, bit score
# 1 hits found
ECK120030673+	NC_004337.2	97.600	125	3	0	1	125	28628	28752	7.30e-57	215
# BLASTN 2.13.0+
# Query: ECK120029530-
# Database: S._flexneri_NC_004337.2.fasta
# Fields: query acc.ver, subject acc.ver, % identity, alignment length, mismatches, gap opens, q. start, q. end, s. start, s. end, evalue, bit score
# 1 hits found
ECK120029530-	NC_004337.2	96.875	128	2	2	1	126	2620306	2620433	2.70e-56	213
# BLASTN 2.13.0+
# Query: ECK120029530-R+
# Database: S._flexneri_NC_004337.2.fasta
# Fields: query acc.ver, subject acc.ver, % identity, alignment length, mismatches, gap opens, q. start, q. end, s. start, s. end, evalue, bit score
# 1 hits found
ECK120029530-R+	NC_004337.2	96.875	128	2	2	1	126	2620306	2620433	2.70e-56	213
# BLASTN 2.13.0+
# Query: ECK125095455-
# Database: S._flexneri_NC_004337.2.fasta
# Fields: query acc.ver, subject acc.ver, % identity, alignment length, mismatches, gap opens, q. start, q. end, s. start, s. end, evalue, bit score
# 1 hits found
ECK125095455-	NC_004337.2	99.291	141	1	0	1	141	3320938	3321078	4.96e-69	255
# BLASTN 2.13.0+
# Query: ECK120048902+
# Database: S._flexneri_NC_004337.2.fasta
# Fields: query acc.ver, subject acc.ver, % identity, alignment length, mismatches, gap opens, q. start, q. end, s. start, s. end, evalue, bit score
# 1 hits found
ECK120048902+	NC_004337.2	99.138	116	1	0	1	116	2530659	2530774	3.11e-55	209
# BLASTN 2.13.0+
# Query: ECK120010827-
# Database: S._flexneri_NC_004337.2.fasta
# Fields: query acc.ver, subject acc.ver, % identity, alignment length, mismatches, gap opens, q. start, q. end, s. start, s. end, evalue, bit score
# 1 hits found
ECK120010827-	NC_004337.2	99.219	128	1	0	1	128	4270396	4270269	7.46e-62	231
# BLASTN 2.13.0+
# Query: ECK120010791-
# Database: S._flexneri_NC_004337.2.fasta
# Fields: query acc.ver, subject acc.ver, % identity, alignment length, mismatches, gap opens, q. start, q. end, s. start, s. end, evalue, bit score
# 1 hits found
ECK120010791-	NC_004337.2	98.291	117	2	0	1	117	4347201	4347085	4.06e-54	206
# BLASTN 2.13.0+
# Query: ECK120010791-R+
# Database: S._flexneri_NC_004337.2.fasta
# Fields: query acc.ver, subject acc.ver, % identity, alignment length, mismatches, gap opens, q. start, q. end, s. start, s. end, evalue, bit score
# 1 hits found
ECK120010791-R+	NC_004337.2	98.291	117	2	0	1	117	4347201	4347085	4.06e-54	206
# BLASTN 2.13.0+
# Query: ECK120048897-
# Database: S._flexneri_NC_004337.2.fasta
# Fields: query acc.ver, subject acc.ver, % identity, alignment length, mismatches, gap opens, q. start, q. end, s. start, s. end, evalue, bit score
# 1 hits found
ECK120048897-	NC_004337.2	98.438	128	2	0	1	128	1674802	1674929	3.47e-60	226
# BLASTN 2.13.0+
# Query: ECK120048897-R+
# Database: S._flexneri_NC_004337.2.fasta
# Fields: query acc.ver, subject acc.ver, % identity, alignment length, mismatches, gap opens, q. start, q. end, s. start, s. end, evalue, bit score
# 1 hits found
ECK120048897-R+	NC_004337.2	98.438	128	2	0	1	128	1674802	1674929	3.47e-60	226
# BLASTN 2.13.0+
# Query: ECK120010803-
# Database: S._flexneri_NC_004337.2.fasta
# Fields: query acc.ver, subject acc.ver, % identity, alignment length, mismatches, gap opens, q. start, q. end, s. start, s. end, evalue, bit score
# 1 hits found
ECK120010803-	NC_004337.2	98.347	121	2	0	1	121	1895908	1896028	2.53e-56	213
# BLASTN 2.13.0+
# Query: ECK120010803-R+
# Database: S._flexneri_NC_004337.2.fasta
# Fields: query acc.ver, subject acc.ver, % identity, alignment length, mismatches, gap opens, q. start, q. end, s. start, s. end, evalue, bit score
# 1 hits found
ECK120010803-R+	NC_004337.2	98.347	121	2	0	1	121	1895908	1896028	2.53e-56	213
# BLASTN 2.13.0+
# Query: pheST-
# Database: S._flexneri_NC_004337.2.fasta
# Fields: query acc.ver, subject acc.ver, % identity, alignment length, mismatches, gap opens, q. start, q. end, s. start, s. end, evalue, bit score
# 1 hits found
pheST-	NC_004337.2	100.000	106	0	0	1	106	1547896	1547791	2.17e-51	196
# BLASTN 2.13.0+
# Query: ECK120021269-R+
# Database: S._flexneri_NC_004337.2.fasta
# Fields: query acc.ver, subject acc.ver, % identity, alignment length, mismatches, gap opens, q. start, q. end, s. start, s. end, evalue, bit score
# 1 hits found
ECK120021269-R+	NC_004337.2	100.000	116	0	0	1	116	1547897	1547782	6.67e-57	215
# BLASTN 2.13.0+
# Query: ECK120015957-
# Database: S._flexneri_NC_004337.2.fasta
# Fields: query acc.ver, subject acc.ver, % identity, alignment length, mismatches, gap opens, q. start, q. end, s. start, s. end, evalue, bit score
# 1 hits found
ECK120015957-	NC_004337.2	99.091	110	1	0	1	110	4420883	4420774	6.65e-52	198
# BLASTN 2.13.0+
# Query: ECK120015448+
# Database: S._flexneri_NC_004337.2.fasta
# Fields: query acc.ver, subject acc.ver, % identity, alignment length, mismatches, gap opens, q. start, q. end, s. start, s. end, evalue, bit score
# 1 hits found
ECK120015448+	NC_004337.2	95.489	133	6	0	1	133	2003737	2003869	2.83e-56	213
# BLASTN 2.13.0+
# Query: ECK120010816-
# Database: S._flexneri_NC_004337.2.fasta
# Fields: query acc.ver, subject acc.ver, % identity, alignment length, mismatches, gap opens, q. start, q. end, s. start, s. end, evalue, bit score
# 1 hits found
ECK120010816-	NC_004337.2	97.740	177	4	0	2	178	3530915	3531091	6.34e-84	305
# BLASTN 2.13.0+
# Query: ECK120010845-
# Database: S._flexneri_NC_004337.2.fasta
# Fields: query acc.ver, subject acc.ver, % identity, alignment length, mismatches, gap opens, q. start, q. end, s. start, s. end, evalue, bit score
# 1 hits found
ECK120010845-	NC_004337.2	100.000	119	0	0	1	119	2436091	2436209	1.48e-58	220
# BLASTN 2.13.0+
# Query: ECK120030220+
# Database: S._flexneri_NC_004337.2.fasta
# 0 hits found
# BLASTN 2.13.0+
# Query: ECK120033264-
# Database: S._flexneri_NC_004337.2.fasta
# 0 hits found
# BLASTN 2.13.0+
# Query: ECK120010779+
# Database: S._flexneri_NC_004337.2.fasta
# Fields: query acc.ver, subject acc.ver, % identity, alignment length, mismatches, gap opens, q. start, q. end, s. start, s. end, evalue, bit score
# 1 hits found
ECK120010779+	NC_004337.2	99.225	129	1	0	1	129	2737513	2737641	2.09e-62	233
# BLASTN 2.13.0+
# Query: ECK120010779-R-
# Database: S._flexneri_NC_004337.2.fasta
# Fields: query acc.ver, subject acc.ver, % identity, alignment length, mismatches, gap opens, q. start, q. end, s. start, s. end, evalue, bit score
# 1 hits found
ECK120010779-R-	NC_004337.2	99.225	129	1	0	1	129	2737513	2737641	2.09e-62	233
# BLASTN 2.13.0+
# Query: ECK120015456-
# Database: S._flexneri_NC_004337.2.fasta
# Fields: query acc.ver, subject acc.ver, % identity, alignment length, mismatches, gap opens, q. start, q. end, s. start, s. end, evalue, bit score
# 1 hits found
ECK120015456-	NC_004337.2	99.167	120	1	0	1	120	3005473	3005592	1.93e-57	217
# BLASTN 2.13.0+
# Query: ECK120015456-R+
# Database: S._flexneri_NC_004337.2.fasta
# Fields: query acc.ver, subject acc.ver, % identity, alignment length, mismatches, gap opens, q. start, q. end, s. start, s. end, evalue, bit score
# 1 hits found
ECK120015456-R+	NC_004337.2	99.167	120	1	0	1	120	3005473	3005592	1.93e-57	217
# BLASTN 2.13.0+
# Query: ECK120035135-
# Database: S._flexneri_NC_004337.2.fasta
# 0 hits found
# BLASTN 2.13.0+
# Query: ECK120035135-R+
# Database: S._flexneri_NC_004337.2.fasta
# 0 hits found
# BLASTN 2.13.0+
# Query: ECK120034954+
# Database: S._flexneri_NC_004337.2.fasta
# Fields: query acc.ver, subject acc.ver, % identity, alignment length, mismatches, gap opens, q. start, q. end, s. start, s. end, evalue, bit score
# 1 hits found
ECK120034954+	NC_004337.2	99.187	123	1	0	1	123	3975005	3975127	4.28e-59	222
# BLASTN 2.13.0+
# Query: ECK120010801+
# Database: S._flexneri_NC_004337.2.fasta
# Fields: query acc.ver, subject acc.ver, % identity, alignment length, mismatches, gap opens, q. start, q. end, s. start, s. end, evalue, bit score
# 1 hits found
ECK120010801+	NC_004337.2	100.000	118	0	0	1	118	1646291	1646408	5.27e-58	219
# BLASTN 2.13.0+
# Query: ECK120034948+
# Database: S._flexneri_NC_004337.2.fasta
# Fields: query acc.ver, subject acc.ver, % identity, alignment length, mismatches, gap opens, q. start, q. end, s. start, s. end, evalue, bit score
# 1 hits found
ECK120034948+	NC_004337.2	96.063	127	5	0	1	127	4481041	4481167	1.24e-54	207
# BLASTN 2.13.0+
# Query: ECK125109868-
# Database: S._flexneri_NC_004337.2.fasta
# Fields: query acc.ver, subject acc.ver, % identity, alignment length, mismatches, gap opens, q. start, q. end, s. start, s. end, evalue, bit score
# 1 hits found
ECK125109868-	NC_004337.2	100.000	131	0	0	1	131	3699616	3699486	3.54e-65	243
# BLASTN 2.13.0+
# Query: ECK120034949+
# Database: S._flexneri_NC_004337.2.fasta
# 0 hits found
# BLASTN 2.13.0+
# Query: ECK120015443-
# Database: S._flexneri_NC_004337.2.fasta
# Fields: query acc.ver, subject acc.ver, % identity, alignment length, mismatches, gap opens, q. start, q. end, s. start, s. end, evalue, bit score
# 1 hits found
ECK120015443-	NC_004337.2	99.145	117	1	0	1	117	2992899	2993015	8.72e-56	211
# BLASTN 2.13.0+
# Query: ECK120015443-R+
# Database: S._flexneri_NC_004337.2.fasta
# Fields: query acc.ver, subject acc.ver, % identity, alignment length, mismatches, gap opens, q. start, q. end, s. start, s. end, evalue, bit score
# 1 hits found
ECK120015443-R+	NC_004337.2	99.145	117	1	0	1	117	2992899	2993015	8.72e-56	211
# BLASTN 2.13.0+
# Query: ECK120010839+
# Database: S._flexneri_NC_004337.2.fasta
# Fields: query acc.ver, subject acc.ver, % identity, alignment length, mismatches, gap opens, q. start, q. end, s. start, s. end, evalue, bit score
# 1 hits found
ECK120010839+	NC_004337.2	100.000	124	0	0	1	124	3029341	3029464	2.58e-61	230
# BLASTN 2.13.0+
# Query: ECK120010838+
# Database: S._flexneri_NC_004337.2.fasta
# Fields: query acc.ver, subject acc.ver, % identity, alignment length, mismatches, gap opens, q. start, q. end, s. start, s. end, evalue, bit score
# 1 hits found
ECK120010838+	NC_004337.2	100.000	121	0	0	1	121	3029355	3029475	1.17e-59	224
# BLASTN 2.13.0+
# Query: ECK120026312-
# Database: S._flexneri_NC_004337.2.fasta
# Fields: query acc.ver, subject acc.ver, % identity, alignment length, mismatches, gap opens, q. start, q. end, s. start, s. end, evalue, bit score
# 1 hits found
ECK120026312-	NC_004337.2	99.160	119	1	0	1	119	4566385	4566503	6.88e-57	215
# BLASTN 2.13.0+
# Query: ECK120026312-R+
# Database: S._flexneri_NC_004337.2.fasta
# Fields: query acc.ver, subject acc.ver, % identity, alignment length, mismatches, gap opens, q. start, q. end, s. start, s. end, evalue, bit score
# 1 hits found
ECK120026312-R+	NC_004337.2	99.160	119	1	0	1	119	4566385	4566503	6.88e-57	215
# BLASTN 2.13.0+
# Query: ECK120030801-
# Database: S._flexneri_NC_004337.2.fasta
# Fields: query acc.ver, subject acc.ver, % identity, alignment length, mismatches, gap opens, q. start, q. end, s. start, s. end, evalue, bit score
# 1 hits found
ECK120030801-	NC_004337.2	100.000	128	0	0	1	128	4182098	4182225	1.60e-63	237
# BLASTN 2.13.0+
# Query: ECK120030801-R+
# Database: S._flexneri_NC_004337.2.fasta
# Fields: query acc.ver, subject acc.ver, % identity, alignment length, mismatches, gap opens, q. start, q. end, s. start, s. end, evalue, bit score
# 1 hits found
ECK120030801-R+	NC_004337.2	100.000	128	0	0	1	128	4182098	4182225	1.60e-63	237
# BLASTN 2.13.0+
# Query: ECK120030800+
# Database: S._flexneri_NC_004337.2.fasta
# Fields: query acc.ver, subject acc.ver, % identity, alignment length, mismatches, gap opens, q. start, q. end, s. start, s. end, evalue, bit score
# 1 hits found
ECK120030800+	NC_004337.2	100.000	125	0	0	1	125	1134395	1134519	7.25e-62	231
# BLASTN 2.13.0+
# Query: ECK120048900+
# Database: S._flexneri_NC_004337.2.fasta
# Fields: query acc.ver, subject acc.ver, % identity, alignment length, mismatches, gap opens, q. start, q. end, s. start, s. end, evalue, bit score
# 1 hits found
ECK120048900+	NC_004337.2	97.561	123	3	0	1	123	4125640	4125762	9.26e-56	211
# BLASTN 2.13.0+
# Query: ECK125109869-
# Database: S._flexneri_NC_004337.2.fasta
# Fields: query acc.ver, subject acc.ver, % identity, alignment length, mismatches, gap opens, q. start, q. end, s. start, s. end, evalue, bit score
# 1 hits found
ECK125109869-	NC_004337.2	98.387	124	2	0	1	124	3785359	3785482	5.59e-58	219
# BLASTN 2.13.0+
# Query: ECK120020527+
# Database: S._flexneri_NC_004337.2.fasta
# Fields: query acc.ver, subject acc.ver, % identity, alignment length, mismatches, gap opens, q. start, q. end, s. start, s. end, evalue, bit score
# 1 hits found
ECK120020527+	NC_004337.2	100.000	114	0	0	1	114	3397550	3397663	8.45e-56	211
# BLASTN 2.13.0+
# Query: ECK120027917-
# Database: S._flexneri_NC_004337.2.fasta
# Fields: query acc.ver, subject acc.ver, % identity, alignment length, mismatches, gap opens, q. start, q. end, s. start, s. end, evalue, bit score
# 1 hits found
ECK120027917-	NC_004337.2	100.000	128	0	0	1	128	132957	133084	1.60e-63	237
# BLASTN 2.13.0+
# Query: ECK120027917-R+
# Database: S._flexneri_NC_004337.2.fasta
# Fields: query acc.ver, subject acc.ver, % identity, alignment length, mismatches, gap opens, q. start, q. end, s. start, s. end, evalue, bit score
# 1 hits found
ECK120027917-R+	NC_004337.2	100.000	128	0	0	1	128	132957	133084	1.60e-63	237
# BLASTN 2.13.0+
# Query: ECK120010835-R+
# Database: S._flexneri_NC_004337.2.fasta
# Fields: query acc.ver, subject acc.ver, % identity, alignment length, mismatches, gap opens, q. start, q. end, s. start, s. end, evalue, bit score
# 1 hits found
ECK120010835-R+	NC_004337.2	99.338	151	1	0	1	151	2845320	2845470	1.48e-74	274
# BLASTN 2.13.0+
# Query: ECK120015447-R+
# Database: S._flexneri_NC_004337.2.fasta
# Fields: query acc.ver, subject acc.ver, % identity, alignment length, mismatches, gap opens, q. start, q. end, s. start, s. end, evalue, bit score
# 1 hits found
ECK120015447-R+	NC_004337.2	99.194	124	1	0	1	124	2511212	2511335	1.20e-59	224
# BLASTN 2.13.0+
# Query: ECK120010786-R+
# Database: S._flexneri_NC_004337.2.fasta
# Fields: query acc.ver, subject acc.ver, % identity, alignment length, mismatches, gap opens, q. start, q. end, s. start, s. end, evalue, bit score
# 1 hits found
ECK120010786-R+	NC_004337.2	95.652	69	2	1	1	68	2796118	2796186	3.31e-25	110
# BLAST processed 174 queries
