# BLASTN 2.13.0+
# Query: X60293.1/246-293 slurp/ecgetrf.pl?CH03783 DE:[Terminator cysB]+
# Database: B._ferragutiae_NZ_CP093332.1.fasta
# 0 hits found
# BLASTN 2.13.0+
# Query: ECK120010828+
# Database: B._ferragutiae_NZ_CP093332.1.fasta
# 0 hits found
# BLASTN 2.13.0+
# Query: X15237.1/1846-1870 slurp/ecgetrf.pl?CH03787 DE:[pot. stem-loop structure]+
# Database: B._ferragutiae_NZ_CP093332.1.fasta
# 0 hits found
# BLASTN 2.13.0+
# Query: ECK120029528-R+
# Database: B._ferragutiae_NZ_CP093332.1.fasta
# 0 hits found
# BLASTN 2.13.0+
# Query: ECK120029528-
# Database: B._ferragutiae_NZ_CP093332.1.fasta
# 0 hits found
# BLASTN 2.13.0+
# Query: X17333.1/1415-1439 slurp/ecgetrf.pl?CH03793 DE:[put. bidirectional transcriptional terminator]-
# Database: B._ferragutiae_NZ_CP093332.1.fasta
# 0 hits found
# BLASTN 2.13.0+
# Query: X06091.1/1417-1440 slurp/ecgetrf.pl?CH03791 DE:[pot. stem-loop structure; pot. transcription terminator]-
# Database: B._ferragutiae_NZ_CP093332.1.fasta
# Fields: query acc.ver, subject acc.ver, % identity, alignment length, mismatches, gap opens, q. start, q. end, s. start, s. end, evalue, bit score
# 1 hits found
X06091.1/1417-1440	NZ_CP093332.1	86.667	105	12	2	1	104	2283803	2283700	6.99e-27	115
# BLASTN 2.13.0+
# Query: X68192.1/1637-1678 slurp/ecgetrf.pl?CH03795 DE:[terminator II]-
# Database: B._ferragutiae_NZ_CP093332.1.fasta
# 0 hits found
# BLASTN 2.13.0+
# Query: M87625.1/2270-2297 slurp/ecgetrf.pl?CH03800 DE:[termination sequence]+
# Database: B._ferragutiae_NZ_CP093332.1.fasta
# 0 hits found
# BLASTN 2.13.0+
# Query: M87049.1/68404-68432 slurp/ecgetrf.pl?CH03923 DE:[terminator-like sequence]+
# Database: B._ferragutiae_NZ_CP093332.1.fasta
# 0 hits found
# BLASTN 2.13.0+
# Query: X61919.1/257-295 slurp/ecgetrf.pl?CH03803 DE:[crp divergent RNA transcription terminator]-
# Database: B._ferragutiae_NZ_CP093332.1.fasta
# Fields: query acc.ver, subject acc.ver, % identity, alignment length, mismatches, gap opens, q. start, q. end, s. start, s. end, evalue, bit score
# 1 hits found
X61919.1/257-295	NZ_CP093332.1	84.783	92	14	0	26	117	391629	391538	3.86e-20	93.5
# BLASTN 2.13.0+
# Query: X01653.1/3207-3232 slurp/ecgetrf.pl?CH03805 DE:[pot. stem-loop structure]+
# Database: B._ferragutiae_NZ_CP093332.1.fasta
# 0 hits found
# BLASTN 2.13.0+
# Query: X05629.1/80-111 slurp/ecgetrf.pl?CH03808 DE:[Terminator deoT]+
# Database: B._ferragutiae_NZ_CP093332.1.fasta
# 0 hits found
# BLASTN 2.13.0+
# Query: U14003.1/312468-312496 slurp/ecgetrf.pl?CH05099+
# Database: B._ferragutiae_NZ_CP093332.1.fasta
# 0 hits found
# BLASTN 2.13.0+
# Query: X00547.1/1104-1134 slurp/ecgetrf.pl?CH03811 DE:[Pot. transcription terminator]-
# Database: B._ferragutiae_NZ_CP093332.1.fasta
# Fields: query acc.ver, subject acc.ver, % identity, alignment length, mismatches, gap opens, q. start, q. end, s. start, s. end, evalue, bit score
# 1 hits found
X00547.1/1104-1134	NZ_CP093332.1	86.842	38	4	1	35	71	3539775	3539738	1.30e-04	41.7
# BLASTN 2.13.0+
# Query: M84991.1/1269-1309 slurp/ecgetrf.pl?CH03814 DE:[Terminatorfor fatty acid biosynthesis operon]+
# Database: B._ferragutiae_NZ_CP093332.1.fasta
# Fields: query acc.ver, subject acc.ver, % identity, alignment length, mismatches, gap opens, q. start, q. end, s. start, s. end, evalue, bit score
# 1 hits found
M84991.1/1269-1309	NZ_CP093332.1	95.000	120	6	0	1	120	3355544	3355425	4.84e-49	189
# BLASTN 2.13.0+
# Query: X08087.1/907-941 slurp/ecgetrf.pl?CH03816 DE:[Pot. stem-loop structure; pot. transcription terminator]+
# Database: B._ferragutiae_NZ_CP093332.1.fasta
# Fields: query acc.ver, subject acc.ver, % identity, alignment length, mismatches, gap opens, q. start, q. end, s. start, s. end, evalue, bit score
# 1 hits found
X08087.1/907-941	NZ_CP093332.1	88.235	34	3	1	33	65	2543839	2543872	4.90e-04	39.9
# BLASTN 2.13.0+
# Query: ECK120048898+
# Database: B._ferragutiae_NZ_CP093332.1.fasta
# Fields: query acc.ver, subject acc.ver, % identity, alignment length, mismatches, gap opens, q. start, q. end, s. start, s. end, evalue, bit score
# 1 hits found
ECK120048898+	NZ_CP093332.1	88.235	34	3	1	43	75	2543839	2543872	5.26e-04	39.9
# BLASTN 2.13.0+
# Query: X63666.1/1540-1567 slurp/ecgetrf.pl?CH03819 DE:[Putative termination signal]+
# Database: B._ferragutiae_NZ_CP093332.1.fasta
# 0 hits found
# BLASTN 2.13.0+
# Query: X04065.1/1578-1619 slurp/ecgetrf.pl?CH03822 DE:[Stem-loop structure; pot. transcription terminator]-
# Database: B._ferragutiae_NZ_CP093332.1.fasta
# 0 hits found
# BLASTN 2.13.0+
# Query: X06744.1/2831-2858 slurp/ecgetrf.pl?CH03831 DE:[Put. stem loop structure]-
# Database: B._ferragutiae_NZ_CP093332.1.fasta
# 0 hits found
# BLASTN 2.13.0+
# Query: X04864.1/495-528 slurp/ecgetrf.pl?CH03835 DE:[Put. transcription terminator]+
# Database: B._ferragutiae_NZ_CP093332.1.fasta
# 0 hits found
# BLASTN 2.13.0+
# Query: X67700.1/988-1010 slurp/ecgetrf.pl?CH03840 DE:[ORF1 terminator]+
# Database: B._ferragutiae_NZ_CP093332.1.fasta
# 0 hits found
# BLASTN 2.13.0+
# Query: L12044.1/1999-2037 slurp/ecgetrf.pl?CH03848 DE:[Terminator kch]-
# Database: B._ferragutiae_NZ_CP093332.1.fasta
# 0 hits found
# BLASTN 2.13.0+
# Query: X14135.1/195-222 slurp/ecgetrf.pl?CH03860 DE:[Pot. stem loop structure]-
# Database: B._ferragutiae_NZ_CP093332.1.fasta
# Fields: query acc.ver, subject acc.ver, % identity, alignment length, mismatches, gap opens, q. start, q. end, s. start, s. end, evalue, bit score
# 1 hits found
X14135.1/195-222	NZ_CP093332.1	82.456	57	10	0	1	57	3850100	3850044	2.09e-07	51.0
# BLASTN 2.13.0+
# Query: X57402.1/1077-1106 slurp/ecgetrf.pl?CH03864 DE:[Terminator dapA, nlpB]-
# Database: B._ferragutiae_NZ_CP093332.1.fasta
# Fields: query acc.ver, subject acc.ver, % identity, alignment length, mismatches, gap opens, q. start, q. end, s. start, s. end, evalue, bit score
# 1 hits found
X57402.1/1077-1106	NZ_CP093332.1	76.596	94	19	3	18	110	1344822	1344731	7.71e-07	49.1
# BLASTN 2.13.0+
# Query: ECK120010784-
# Database: B._ferragutiae_NZ_CP093332.1.fasta
# Fields: query acc.ver, subject acc.ver, % identity, alignment length, mismatches, gap opens, q. start, q. end, s. start, s. end, evalue, bit score
# 1 hits found
ECK120010784-	NZ_CP093332.1	76.923	104	21	3	20	122	1344822	1344721	5.22e-09	56.5
# BLASTN 2.13.0+
# Query: X08035.1/2423-2452 slurp/ecgetrf.pl?CH03870 DE:[pot.stem-loop structure]-
# Database: B._ferragutiae_NZ_CP093332.1.fasta
# Fields: query acc.ver, subject acc.ver, % identity, alignment length, mismatches, gap opens, q. start, q. end, s. start, s. end, evalue, bit score
# 1 hits found
X08035.1/2423-2452	NZ_CP093332.1	84.444	45	6	1	41	84	3612286	3612242	3.59e-05	43.6
# BLASTN 2.13.0+
# Query: D90227.1/10944-10985 slurp/ecgetrf.pl?CH03874 DE:[pot. terminator 1]-
# Database: B._ferragutiae_NZ_CP093332.1.fasta
# Fields: query acc.ver, subject acc.ver, % identity, alignment length, mismatches, gap opens, q. start, q. end, s. start, s. end, evalue, bit score
# 1 hits found
D90227.1/10944-10985	NZ_CP093332.1	100.000	40	0	0	45	84	822244	822283	1.44e-14	75.0
# BLASTN 2.13.0+
# Query: ECK120035132-R+
# Database: B._ferragutiae_NZ_CP093332.1.fasta
# Fields: query acc.ver, subject acc.ver, % identity, alignment length, mismatches, gap opens, q. start, q. end, s. start, s. end, evalue, bit score
# 1 hits found
ECK120035132-R+	NZ_CP093332.1	100.000	40	0	0	49	88	822244	822283	1.46e-14	75.0
# BLASTN 2.13.0+
# Query: ECK120035132-
# Database: B._ferragutiae_NZ_CP093332.1.fasta
# Fields: query acc.ver, subject acc.ver, % identity, alignment length, mismatches, gap opens, q. start, q. end, s. start, s. end, evalue, bit score
# 1 hits found
ECK120035132-	NZ_CP093332.1	100.000	40	0	0	49	88	822244	822283	1.46e-14	75.0
# BLASTN 2.13.0+
# Query: M94104.1/1639-1668 slurp/ecgetrf.pl?CH03879 DE:[putative termination signal]-
# Database: B._ferragutiae_NZ_CP093332.1.fasta
# 0 hits found
# BLASTN 2.13.0+
# Query: L10328.1/55847-55820 slurp/ecgetrf.pl?CH03906 DE:[putative termination signal]-
# Database: B._ferragutiae_NZ_CP093332.1.fasta
# 0 hits found
# BLASTN 2.13.0+
# Query: X04469.1/1953-1977 slurp/ecgetrf.pl?CH03882 DE:[pot. transcription terminator]-
# Database: B._ferragutiae_NZ_CP093332.1.fasta
# Fields: query acc.ver, subject acc.ver, % identity, alignment length, mismatches, gap opens, q. start, q. end, s. start, s. end, evalue, bit score
# 1 hits found
X04469.1/1953-1977	NZ_CP093332.1	90.741	54	5	0	1	54	3419103	3419050	4.32e-14	73.1
# BLASTN 2.13.0+
# Query: X52363.1/127-157 slurp/ecgetrf.pl?CH03887 DE:[rrfG transcription terminator]+
# Database: B._ferragutiae_NZ_CP093332.1.fasta
# Fields: query acc.ver, subject acc.ver, % identity, alignment length, mismatches, gap opens, q. start, q. end, s. start, s. end, evalue, bit score
# 1 hits found
X52363.1/127-157	NZ_CP093332.1	90.000	70	7	0	1	70	442940	443009	1.28e-19	91.6
# BLASTN 2.13.0+
# Query: L19201.1/2459-2489 slurp/ecgetrf.pl?CH03932 DE:[putative termination signal]+
# Database: B._ferragutiae_NZ_CP093332.1.fasta
# Fields: query acc.ver, subject acc.ver, % identity, alignment length, mismatches, gap opens, q. start, q. end, s. start, s. end, evalue, bit score
# 1 hits found
L19201.1/2459-2489	NZ_CP093332.1	89.394	66	7	0	1	66	442944	443009	2.14e-17	84.2
# BLASTN 2.13.0+
# Query: ECK120051382-
# Database: B._ferragutiae_NZ_CP093332.1.fasta
# Fields: query acc.ver, subject acc.ver, % identity, alignment length, mismatches, gap opens, q. start, q. end, s. start, s. end, evalue, bit score
# 1 hits found
ECK120051382-	NZ_CP093332.1	84.466	103	12	3	44	144	443023	442923	1.04e-21	99.0
# BLASTN 2.13.0+
# Query: BBa_B0010-
# Database: B._ferragutiae_NZ_CP093332.1.fasta
# Fields: query acc.ver, subject acc.ver, % identity, alignment length, mismatches, gap opens, q. start, q. end, s. start, s. end, evalue, bit score
# 1 hits found
BBa_B0010-	NZ_CP093332.1	84.615	104	12	3	59	160	443023	442922	3.24e-22	100
# BLASTN 2.13.0+
# Query: L19201.1/2282-2328 slurp/ecgetrf.pl?CH03931 DE:[putative termination signal]-
# Database: B._ferragutiae_NZ_CP093332.1.fasta
# Fields: query acc.ver, subject acc.ver, % identity, alignment length, mismatches, gap opens, q. start, q. end, s. start, s. end, evalue, bit score
# 1 hits found
L19201.1/2282-2328	NZ_CP093332.1	83.146	89	11	3	39	125	443023	442937	1.17e-15	78.7
# BLASTN 2.13.0+
# Query: L10328.1/5220-5193 slurp/ecgetrf.pl?CH03902 DE:[putative termination signal]-
# Database: B._ferragutiae_NZ_CP093332.1.fasta
# Fields: query acc.ver, subject acc.ver, % identity, alignment length, mismatches, gap opens, q. start, q. end, s. start, s. end, evalue, bit score
# 1 hits found
L10328.1/5220-5193	NZ_CP093332.1	81.690	71	8	4	38	106	5228761	5228828	1.62e-08	54.7
# BLASTN 2.13.0+
# Query: ECK120035133-
# Database: B._ferragutiae_NZ_CP093332.1.fasta
# Fields: query acc.ver, subject acc.ver, % identity, alignment length, mismatches, gap opens, q. start, q. end, s. start, s. end, evalue, bit score
# 1 hits found
ECK120035133-	NZ_CP093332.1	81.250	80	10	4	42	119	5228761	5228837	4.03e-10	60.2
# BLASTN 2.13.0+
# Query: L10328.1/43056-43083 slurp/ecgetrf.pl?CH03904 DE:[putative termination signal]+
# Database: B._ferragutiae_NZ_CP093332.1.fasta
# Fields: query acc.ver, subject acc.ver, % identity, alignment length, mismatches, gap opens, q. start, q. end, s. start, s. end, evalue, bit score
# 1 hits found
L10328.1/43056-43083	NZ_CP093332.1	79.710	69	10	3	5	70	64000	63933	2.71e-06	47.3
# BLASTN 2.13.0+
# Query: ECK120035136+
# Database: B._ferragutiae_NZ_CP093332.1.fasta
# Fields: query acc.ver, subject acc.ver, % identity, alignment length, mismatches, gap opens, q. start, q. end, s. start, s. end, evalue, bit score
# 1 hits found
ECK120035136+	NZ_CP093332.1	79.710	69	10	3	15	80	64000	63933	3.33e-06	47.3
# BLASTN 2.13.0+
# Query: L10328.1/43151-43173 slurp/ecgetrf.pl?CH03905 DE:[putative termination signal]+
# Database: B._ferragutiae_NZ_CP093332.1.fasta
# 0 hits found
# BLASTN 2.13.0+
# Query: L10328.1/126639-126661 slurp/ecgetrf.pl?CH03910 DE:[putative termination signal]+
# Database: B._ferragutiae_NZ_CP093332.1.fasta
# Fields: query acc.ver, subject acc.ver, % identity, alignment length, mismatches, gap opens, q. start, q. end, s. start, s. end, evalue, bit score
# 1 hits found
L10328.1/126639-126661	NZ_CP093332.1	82.143	56	4	6	25	74	5273978	5273923	3.31e-05	43.6
# BLASTN 2.13.0+
# Query: M87049.1/13395-13431 slurp/ecgetrf.pl?CH03915 DE:[terminator-like sequence]+
# Database: B._ferragutiae_NZ_CP093332.1.fasta
# Fields: query acc.ver, subject acc.ver, % identity, alignment length, mismatches, gap opens, q. start, q. end, s. start, s. end, evalue, bit score
# 1 hits found
M87049.1/13395-13431	NZ_CP093332.1	90.000	30	3	0	49	78	2293164	2293193	5.00e-04	39.9
# BLASTN 2.13.0+
# Query: M87049.1/33826-33862 slurp/ecgetrf.pl?CH03918 DE:[terminator-like sequence]+
# Database: B._ferragutiae_NZ_CP093332.1.fasta
# 0 hits found
# BLASTN 2.13.0+
# Query: M87049.1/39715-39749 slurp/ecgetrf.pl?CH03920 DE:[terminator-like sequence]+
# Database: B._ferragutiae_NZ_CP093332.1.fasta
# Fields: query acc.ver, subject acc.ver, % identity, alignment length, mismatches, gap opens, q. start, q. end, s. start, s. end, evalue, bit score
# 1 hits found
M87049.1/39715-39749	NZ_CP093332.1	94.000	50	1	2	1	49	5103635	5103587	1.34e-14	75.0
# BLASTN 2.13.0+
# Query: M87049.1/70279-70299 slurp/ecgetrf.pl?CH03924 DE:[terminator-like sequence]+
# Database: B._ferragutiae_NZ_CP093332.1.fasta
# Fields: query acc.ver, subject acc.ver, % identity, alignment length, mismatches, gap opens, q. start, q. end, s. start, s. end, evalue, bit score
# 1 hits found
M87049.1/70279-70299	NZ_CP093332.1	87.879	33	4	0	67	99	5074569	5074537	4.17e-04	39.9
# BLASTN 2.13.0+
# Query: X13002.1/1005-1031 slurp/ecgetrf.pl?CH03927 DE:[pot. stem-loop structure; pot. transcription terminator]+
# Database: B._ferragutiae_NZ_CP093332.1.fasta
# 0 hits found
# BLASTN 2.13.0+
# Query: Z23096.1/446-494 slurp/ecgetrf.pl?CH03930 DE:[Terminator Similar to gene dicF of E.coli dicABC]-
# Database: B._ferragutiae_NZ_CP093332.1.fasta
# 0 hits found
# BLASTN 2.13.0+
# Query: L19201.1/12884-12927 slurp/ecgetrf.pl?CH03935 DE:[putative termination signal]+
# Database: B._ferragutiae_NZ_CP093332.1.fasta
# Fields: query acc.ver, subject acc.ver, % identity, alignment length, mismatches, gap opens, q. start, q. end, s. start, s. end, evalue, bit score
# 1 hits found
L19201.1/12884-12927	NZ_CP093332.1	85.470	117	16	1	7	123	5255507	5255392	1.86e-28	121
# BLASTN 2.13.0+
# Query: ECK120010799+
# Database: B._ferragutiae_NZ_CP093332.1.fasta
# Fields: query acc.ver, subject acc.ver, % identity, alignment length, mismatches, gap opens, q. start, q. end, s. start, s. end, evalue, bit score
# 1 hits found
ECK120010799+	NZ_CP093332.1	85.470	117	16	1	20	136	5255507	5255392	2.15e-28	121
# BLASTN 2.13.0+
# Query: L19201.1/63111-63151 slurp/ecgetrf.pl?CH03938 DE:[putative termination signal]+
# Database: B._ferragutiae_NZ_CP093332.1.fasta
# 0 hits found
# BLASTN 2.13.0+
# Query: L19201.1/71476-71507 slurp/ecgetrf.pl?CH03941 DE:[putative termination signal]+
# Database: B._ferragutiae_NZ_CP093332.1.fasta
# 0 hits found
# BLASTN 2.13.0+
# Query: L19201.1/82018-81996 slurp/ecgetrf.pl?CH03944 DE:[putative termination signal]-
# Database: B._ferragutiae_NZ_CP093332.1.fasta
# 0 hits found
# BLASTN 2.13.0+
# Query: ECK120010852-R+
# Database: B._ferragutiae_NZ_CP093332.1.fasta
# Fields: query acc.ver, subject acc.ver, % identity, alignment length, mismatches, gap opens, q. start, q. end, s. start, s. end, evalue, bit score
# 1 hits found
ECK120010852-R+	NZ_CP093332.1	88.889	45	4	1	75	118	5179622	5179578	1.80e-08	54.7
# BLASTN 2.13.0+
# Query: ECK120010852-
# Database: B._ferragutiae_NZ_CP093332.1.fasta
# Fields: query acc.ver, subject acc.ver, % identity, alignment length, mismatches, gap opens, q. start, q. end, s. start, s. end, evalue, bit score
# 1 hits found
ECK120010852-	NZ_CP093332.1	88.889	45	4	1	75	118	5179622	5179578	1.80e-08	54.7
# BLASTN 2.13.0+
# Query: U14003.1/28964-28938 slurp/ecgetrf.pl?CH05080-
# Database: B._ferragutiae_NZ_CP093332.1.fasta
# 0 hits found
# BLASTN 2.13.0+
# Query: U14003.1/28964-28938 slurp/ecgetrf.pl?CH05080-
# Database: B._ferragutiae_NZ_CP093332.1.fasta
# 0 hits found
# BLASTN 2.13.0+
# Query: seq10161 slurp/ecgetrf.pl?CH05080.1-
# Database: B._ferragutiae_NZ_CP093332.1.fasta
# 0 hits found
# BLASTN 2.13.0+
# Query: seq10161 slurp/ecgetrf.pl?CH05080.1-
# Database: B._ferragutiae_NZ_CP093332.1.fasta
# 0 hits found
# BLASTN 2.13.0+
# Query: seq10161 slurp/ecgetrf.pl?CH05080.1-
# Database: B._ferragutiae_NZ_CP093332.1.fasta
# 0 hits found
# BLASTN 2.13.0+
# Query: seq10161 slurp/ecgetrf.pl?CH05080.1-
# Database: B._ferragutiae_NZ_CP093332.1.fasta
# 0 hits found
# BLASTN 2.13.0+
# Query: U14003.1/53366-53342 slurp/ecgetrf.pl?CH05082+
# Database: B._ferragutiae_NZ_CP093332.1.fasta
# Fields: query acc.ver, subject acc.ver, % identity, alignment length, mismatches, gap opens, q. start, q. end, s. start, s. end, evalue, bit score
# 1 hits found
U14003.1/53366-53342	NZ_CP093332.1	100.000	28	0	0	1	28	4410976	4411003	5.63e-08	52.8
# BLASTN 2.13.0+
# Query: U14003.1/69815-69791 slurp/ecgetrf.pl?CH05086-
# Database: B._ferragutiae_NZ_CP093332.1.fasta
# 0 hits found
# BLASTN 2.13.0+
# Query: ECK120010861-R+
# Database: B._ferragutiae_NZ_CP093332.1.fasta
# 0 hits found
# BLASTN 2.13.0+
# Query: frd_ampC-
# Database: B._ferragutiae_NZ_CP093332.1.fasta
# 0 hits found
# BLASTN 2.13.0+
# Query: U14003.1/117410-117437 slurp/ecgetrf.pl?CH05089+
# Database: B._ferragutiae_NZ_CP093332.1.fasta
# 0 hits found
# BLASTN 2.13.0+
# Query: U14003.1/161794-161766 slurp/ecgetrf.pl?CH05091-
# Database: B._ferragutiae_NZ_CP093332.1.fasta
# 0 hits found
# BLASTN 2.13.0+
# Query: J01636.1/1170-1210 slurp/ecgetrf.pl?CH05936 DE:[terminator overlapping CAP site]-
# Database: B._ferragutiae_NZ_CP093332.1.fasta
# 0 hits found
# BLASTN 2.13.0+
# Query: ECK120033737+
# Database: B._ferragutiae_NZ_CP093332.1.fasta
# Fields: query acc.ver, subject acc.ver, % identity, alignment length, mismatches, gap opens, q. start, q. end, s. start, s. end, evalue, bit score
# 1 hits found
ECK120033737+	NZ_CP093332.1	86.861	137	13	5	3	136	680668	680802	9.52e-37	148
# BLASTN 2.13.0+
# Query: ECK120034435-
# Database: B._ferragutiae_NZ_CP093332.1.fasta
# Fields: query acc.ver, subject acc.ver, % identity, alignment length, mismatches, gap opens, q. start, q. end, s. start, s. end, evalue, bit score
# 1 hits found
ECK120034435-	NZ_CP093332.1	96.154	52	2	0	86	137	533061	533010	7.64e-18	86.1
# BLASTN 2.13.0+
# Query: ECK120034435-R+
# Database: B._ferragutiae_NZ_CP093332.1.fasta
# Fields: query acc.ver, subject acc.ver, % identity, alignment length, mismatches, gap opens, q. start, q. end, s. start, s. end, evalue, bit score
# 1 hits found
ECK120034435-R+	NZ_CP093332.1	96.154	52	2	0	86	137	533061	533010	7.64e-18	86.1
# BLASTN 2.13.0+
# Query: ECK120010818-
# Database: B._ferragutiae_NZ_CP093332.1.fasta
# Fields: query acc.ver, subject acc.ver, % identity, alignment length, mismatches, gap opens, q. start, q. end, s. start, s. end, evalue, bit score
# 1 hits found
ECK120010818-	NZ_CP093332.1	93.548	31	2	0	42	72	3121896	3121866	3.51e-06	47.3
# BLASTN 2.13.0+
# Query: ECK120010794-R+
# Database: B._ferragutiae_NZ_CP093332.1.fasta
# Fields: query acc.ver, subject acc.ver, % identity, alignment length, mismatches, gap opens, q. start, q. end, s. start, s. end, evalue, bit score
# 1 hits found
ECK120010794-R+	NZ_CP093332.1	93.548	31	2	0	39	69	3121896	3121866	2.89e-06	47.3
# BLASTN 2.13.0+
# Query: ECK120010793-R+
# Database: B._ferragutiae_NZ_CP093332.1.fasta
# Fields: query acc.ver, subject acc.ver, % identity, alignment length, mismatches, gap opens, q. start, q. end, s. start, s. end, evalue, bit score
# 1 hits found
ECK120010793-R+	NZ_CP093332.1	93.548	31	2	0	39	69	3121896	3121866	2.89e-06	47.3
# BLASTN 2.13.0+
# Query: ECK120010793-
# Database: B._ferragutiae_NZ_CP093332.1.fasta
# Fields: query acc.ver, subject acc.ver, % identity, alignment length, mismatches, gap opens, q. start, q. end, s. start, s. end, evalue, bit score
# 1 hits found
ECK120010793-	NZ_CP093332.1	93.548	31	2	0	39	69	3121896	3121866	2.89e-06	47.3
# BLASTN 2.13.0+
# Query: ECK120010869+
# Database: B._ferragutiae_NZ_CP093332.1.fasta
# Fields: query acc.ver, subject acc.ver, % identity, alignment length, mismatches, gap opens, q. start, q. end, s. start, s. end, evalue, bit score
# 1 hits found
ECK120010869+	NZ_CP093332.1	100.000	29	0	0	47	75	1592359	1592331	1.75e-08	54.7
# BLASTN 2.13.0+
# Query: ECK120030221-R-
# Database: B._ferragutiae_NZ_CP093332.1.fasta
# Fields: query acc.ver, subject acc.ver, % identity, alignment length, mismatches, gap opens, q. start, q. end, s. start, s. end, evalue, bit score
# 1 hits found
ECK120030221-R-	NZ_CP093332.1	91.176	34	1	2	50	81	1010125	1010158	1.06e-05	45.4
# BLASTN 2.13.0+
# Query: ECK120030221+
# Database: B._ferragutiae_NZ_CP093332.1.fasta
# Fields: query acc.ver, subject acc.ver, % identity, alignment length, mismatches, gap opens, q. start, q. end, s. start, s. end, evalue, bit score
# 1 hits found
ECK120030221+	NZ_CP093332.1	91.176	34	1	2	50	81	1010125	1010158	1.06e-05	45.4
# BLASTN 2.13.0+
# Query: ECK120010832-R+
# Database: B._ferragutiae_NZ_CP093332.1.fasta
# Fields: query acc.ver, subject acc.ver, % identity, alignment length, mismatches, gap opens, q. start, q. end, s. start, s. end, evalue, bit score
# 1 hits found
ECK120010832-R+	NZ_CP093332.1	82.759	116	19	1	1	115	3121935	3121820	6.16e-23	102
# BLASTN 2.13.0+
# Query: ECK120010832-
# Database: B._ferragutiae_NZ_CP093332.1.fasta
# Fields: query acc.ver, subject acc.ver, % identity, alignment length, mismatches, gap opens, q. start, q. end, s. start, s. end, evalue, bit score
# 1 hits found
ECK120010832-	NZ_CP093332.1	82.759	116	19	1	1	115	3121935	3121820	6.16e-23	102
# BLASTN 2.13.0+
# Query: ECK120051401-
# Database: B._ferragutiae_NZ_CP093332.1.fasta
# Fields: query acc.ver, subject acc.ver, % identity, alignment length, mismatches, gap opens, q. start, q. end, s. start, s. end, evalue, bit score
# 1 hits found
ECK120051401-	NZ_CP093332.1	93.333	90	6	0	1	90	1397460	1397371	2.46e-32	134
# BLASTN 2.13.0+
# Query: tonB_P14-
# Database: B._ferragutiae_NZ_CP093332.1.fasta
# 0 hits found
# BLASTN 2.13.0+
# Query: ECK120010792+
# Database: B._ferragutiae_NZ_CP093332.1.fasta
# 0 hits found
# BLASTN 2.13.0+
# Query: tonB+
# Database: B._ferragutiae_NZ_CP093332.1.fasta
# 0 hits found
# BLASTN 2.13.0+
# Query: pyrBI-
# Database: B._ferragutiae_NZ_CP093332.1.fasta
# Fields: query acc.ver, subject acc.ver, % identity, alignment length, mismatches, gap opens, q. start, q. end, s. start, s. end, evalue, bit score
# 1 hits found
pyrBI-	NZ_CP093332.1	76.147	109	13	10	1	98	568301	568407	9.86e-06	45.4
# BLASTN 2.13.0+
# Query: ilvBN+
# Database: B._ferragutiae_NZ_CP093332.1.fasta
# Fields: query acc.ver, subject acc.ver, % identity, alignment length, mismatches, gap opens, q. start, q. end, s. start, s. end, evalue, bit score
# 1 hits found
ilvBN+	NZ_CP093332.1	88.732	71	3	4	10	77	5137352	5137284	8.10e-17	82.4
# BLASTN 2.13.0+
# Query: ECK120010797+
# Database: B._ferragutiae_NZ_CP093332.1.fasta
# Fields: query acc.ver, subject acc.ver, % identity, alignment length, mismatches, gap opens, q. start, q. end, s. start, s. end, evalue, bit score
# 1 hits found
ECK120010797+	NZ_CP093332.1	94.286	35	2	0	2	36	1386887	1386853	1.80e-08	54.7
# BLASTN 2.13.0+
# Query: ECK120015452+
# Database: B._ferragutiae_NZ_CP093332.1.fasta
# 0 hits found
# BLASTN 2.13.0+
# Query: ECK120010815-
# Database: B._ferragutiae_NZ_CP093332.1.fasta
# 0 hits found
# BLASTN 2.13.0+
# Query: ECK120010815-R+
# Database: B._ferragutiae_NZ_CP093332.1.fasta
# 0 hits found
# BLASTN 2.13.0+
# Query: ECK120051385-
# Database: B._ferragutiae_NZ_CP093332.1.fasta
# Fields: query acc.ver, subject acc.ver, % identity, alignment length, mismatches, gap opens, q. start, q. end, s. start, s. end, evalue, bit score
# 1 hits found
ECK120051385-	NZ_CP093332.1	80.247	81	13	3	39	116	1223802	1223722	1.55e-09	58.4
# BLASTN 2.13.0+
# Query: ECK120010846+
# Database: B._ferragutiae_NZ_CP093332.1.fasta
# Fields: query acc.ver, subject acc.ver, % identity, alignment length, mismatches, gap opens, q. start, q. end, s. start, s. end, evalue, bit score
# 1 hits found
ECK120010846+	NZ_CP093332.1	88.571	35	2	2	47	81	1584166	1584198	1.46e-04	41.7
# BLASTN 2.13.0+
# Query: ECK120010853+
# Database: B._ferragutiae_NZ_CP093332.1.fasta
# Fields: query acc.ver, subject acc.ver, % identity, alignment length, mismatches, gap opens, q. start, q. end, s. start, s. end, evalue, bit score
# 1 hits found
ECK120010853+	NZ_CP093332.1	88.889	45	5	0	1	45	4071247	4071203	5.73e-09	56.5
# BLASTN 2.13.0+
# Query: ECK120010825-
# Database: B._ferragutiae_NZ_CP093332.1.fasta
# 0 hits found
# BLASTN 2.13.0+
# Query: ECK120010825-R+
# Database: B._ferragutiae_NZ_CP093332.1.fasta
# 0 hits found
# BLASTN 2.13.0+
# Query: ECK120010833-
# Database: B._ferragutiae_NZ_CP093332.1.fasta
# Fields: query acc.ver, subject acc.ver, % identity, alignment length, mismatches, gap opens, q. start, q. end, s. start, s. end, evalue, bit score
# 1 hits found
ECK120010833-	NZ_CP093332.1	92.105	38	3	0	94	131	1938890	1938853	2.04e-08	54.7
# BLASTN 2.13.0+
# Query: ECK120010833-R+
# Database: B._ferragutiae_NZ_CP093332.1.fasta
# Fields: query acc.ver, subject acc.ver, % identity, alignment length, mismatches, gap opens, q. start, q. end, s. start, s. end, evalue, bit score
# 1 hits found
ECK120010833-R+	NZ_CP093332.1	92.105	38	3	0	94	131	1938890	1938853	2.04e-08	54.7
# BLASTN 2.13.0+
# Query: ECK120011170-
# Database: B._ferragutiae_NZ_CP093332.1.fasta
# 0 hits found
# BLASTN 2.13.0+
# Query: ECK120011170-R+
# Database: B._ferragutiae_NZ_CP093332.1.fasta
# 0 hits found
# BLASTN 2.13.0+
# Query: ECK120010866-R+
# Database: B._ferragutiae_NZ_CP093332.1.fasta
# 0 hits found
# BLASTN 2.13.0+
# Query: ECK120010866-
# Database: B._ferragutiae_NZ_CP093332.1.fasta
# 0 hits found
# BLASTN 2.13.0+
# Query: ECK120034551+
# Database: B._ferragutiae_NZ_CP093332.1.fasta
# 0 hits found
# BLASTN 2.13.0+
# Query: ECK120020525-
# Database: B._ferragutiae_NZ_CP093332.1.fasta
# Fields: query acc.ver, subject acc.ver, % identity, alignment length, mismatches, gap opens, q. start, q. end, s. start, s. end, evalue, bit score
# 1 hits found
ECK120020525-	NZ_CP093332.1	91.071	112	8	2	1	111	533391	533281	2.19e-37	150
# BLASTN 2.13.0+
# Query: ECK120020525-R+
# Database: B._ferragutiae_NZ_CP093332.1.fasta
# Fields: query acc.ver, subject acc.ver, % identity, alignment length, mismatches, gap opens, q. start, q. end, s. start, s. end, evalue, bit score
# 1 hits found
ECK120020525-R+	NZ_CP093332.1	91.071	112	8	2	1	111	533391	533281	2.19e-37	150
# BLASTN 2.13.0+
# Query: nusA_infB-
# Database: B._ferragutiae_NZ_CP093332.1.fasta
# Fields: query acc.ver, subject acc.ver, % identity, alignment length, mismatches, gap opens, q. start, q. end, s. start, s. end, evalue, bit score
# 1 hits found
nusA_infB-	NZ_CP093332.1	93.571	140	8	1	1	139	533429	533290	1.66e-54	207
# BLASTN 2.13.0+
# Query: ECK120020526-R+
# Database: B._ferragutiae_NZ_CP093332.1.fasta
# Fields: query acc.ver, subject acc.ver, % identity, alignment length, mismatches, gap opens, q. start, q. end, s. start, s. end, evalue, bit score
# 1 hits found
ECK120020526-R+	NZ_CP093332.1	94.690	113	6	0	1	113	533432	533320	3.50e-45	176
# BLASTN 2.13.0+
# Query: ECK120020526-
# Database: B._ferragutiae_NZ_CP093332.1.fasta
# Fields: query acc.ver, subject acc.ver, % identity, alignment length, mismatches, gap opens, q. start, q. end, s. start, s. end, evalue, bit score
# 1 hits found
ECK120020526-	NZ_CP093332.1	94.690	113	6	0	1	113	533432	533320	3.50e-45	176
# BLASTN 2.13.0+
# Query: ECK120034436+
# Database: B._ferragutiae_NZ_CP093332.1.fasta
# 0 hits found
# BLASTN 2.13.0+
# Query: ECK120021270-
# Database: B._ferragutiae_NZ_CP093332.1.fasta
# Fields: query acc.ver, subject acc.ver, % identity, alignment length, mismatches, gap opens, q. start, q. end, s. start, s. end, evalue, bit score
# 1 hits found
ECK120021270-	NZ_CP093332.1	87.671	73	9	0	41	113	3196201	3196273	6.53e-18	86.1
# BLASTN 2.13.0+
# Query: ECK120021270-R+
# Database: B._ferragutiae_NZ_CP093332.1.fasta
# Fields: query acc.ver, subject acc.ver, % identity, alignment length, mismatches, gap opens, q. start, q. end, s. start, s. end, evalue, bit score
# 1 hits found
ECK120021270-R+	NZ_CP093332.1	87.671	73	9	0	41	113	3196201	3196273	6.53e-18	86.1
# BLASTN 2.13.0+
# Query: ECK125095454+
# Database: B._ferragutiae_NZ_CP093332.1.fasta
# Fields: query acc.ver, subject acc.ver, % identity, alignment length, mismatches, gap opens, q. start, q. end, s. start, s. end, evalue, bit score
# 1 hits found
ECK125095454+	NZ_CP093332.1	84.507	71	9	1	3	73	4285944	4285876	6.44e-13	69.4
# BLASTN 2.13.0+
# Query: ECK120010874-
# Database: B._ferragutiae_NZ_CP093332.1.fasta
# Fields: query acc.ver, subject acc.ver, % identity, alignment length, mismatches, gap opens, q. start, q. end, s. start, s. end, evalue, bit score
# 1 hits found
ECK120010874-	NZ_CP093332.1	88.333	120	12	2	1	119	418068	417950	3.78e-35	143
# BLASTN 2.13.0+
# Query: ECK120010874-R+
# Database: B._ferragutiae_NZ_CP093332.1.fasta
# Fields: query acc.ver, subject acc.ver, % identity, alignment length, mismatches, gap opens, q. start, q. end, s. start, s. end, evalue, bit score
# 1 hits found
ECK120010874-R+	NZ_CP093332.1	88.333	120	12	2	1	119	418068	417950	3.78e-35	143
# BLASTN 2.13.0+
# Query: ECK120010796-
# Database: B._ferragutiae_NZ_CP093332.1.fasta
# Fields: query acc.ver, subject acc.ver, % identity, alignment length, mismatches, gap opens, q. start, q. end, s. start, s. end, evalue, bit score
# 1 hits found
ECK120010796-	NZ_CP093332.1	92.857	84	5	1	42	124	990884	990801	1.90e-28	121
# BLASTN 2.13.0+
# Query: ECK120010796-R+
# Database: B._ferragutiae_NZ_CP093332.1.fasta
# Fields: query acc.ver, subject acc.ver, % identity, alignment length, mismatches, gap opens, q. start, q. end, s. start, s. end, evalue, bit score
# 1 hits found
ECK120010796-R+	NZ_CP093332.1	92.857	84	5	1	42	124	990884	990801	1.90e-28	121
# BLASTN 2.13.0+
# Query: ECK120030218+
# Database: B._ferragutiae_NZ_CP093332.1.fasta
# 0 hits found
# BLASTN 2.13.0+
# Query: ECK120020528-
# Database: B._ferragutiae_NZ_CP093332.1.fasta
# 0 hits found
# BLASTN 2.13.0+
# Query: ECK120020528-R+
# Database: B._ferragutiae_NZ_CP093332.1.fasta
# 0 hits found
# BLASTN 2.13.0+
# Query: ECK120033265+
# Database: B._ferragutiae_NZ_CP093332.1.fasta
# 0 hits found
# BLASTN 2.13.0+
# Query: ECK120010834+
# Database: B._ferragutiae_NZ_CP093332.1.fasta
# Fields: query acc.ver, subject acc.ver, % identity, alignment length, mismatches, gap opens, q. start, q. end, s. start, s. end, evalue, bit score
# 1 hits found
ECK120010834+	NZ_CP093332.1	92.537	67	3	2	31	96	4528875	4528940	1.20e-20	95.3
# BLASTN 2.13.0+
# Query: trp-
# Database: B._ferragutiae_NZ_CP093332.1.fasta
# Fields: query acc.ver, subject acc.ver, % identity, alignment length, mismatches, gap opens, q. start, q. end, s. start, s. end, evalue, bit score
# 1 hits found
trp-	NZ_CP093332.1	82.143	112	12	8	3	108	2541072	2541181	4.44e-19	89.8
# BLASTN 2.13.0+
# Query: ECK120010841-
# Database: B._ferragutiae_NZ_CP093332.1.fasta
# 0 hits found
# BLASTN 2.13.0+
# Query: ECK120010841-R+
# Database: B._ferragutiae_NZ_CP093332.1.fasta
# 0 hits found
# BLASTN 2.13.0+
# Query: ECK120030673+
# Database: B._ferragutiae_NZ_CP093332.1.fasta
# 0 hits found
# BLASTN 2.13.0+
# Query: ECK120029530-
# Database: B._ferragutiae_NZ_CP093332.1.fasta
# 0 hits found
# BLASTN 2.13.0+
# Query: ECK120029530-R+
# Database: B._ferragutiae_NZ_CP093332.1.fasta
# 0 hits found
# BLASTN 2.13.0+
# Query: ECK125095455-
# Database: B._ferragutiae_NZ_CP093332.1.fasta
# 0 hits found
# BLASTN 2.13.0+
# Query: ECK120048902+
# Database: B._ferragutiae_NZ_CP093332.1.fasta
# Fields: query acc.ver, subject acc.ver, % identity, alignment length, mismatches, gap opens, q. start, q. end, s. start, s. end, evalue, bit score
# 1 hits found
ECK120048902+	NZ_CP093332.1	76.147	109	24	2	1	108	1389854	1389747	4.91e-09	56.5
# BLASTN 2.13.0+
# Query: ECK120010827-
# Database: B._ferragutiae_NZ_CP093332.1.fasta
# 0 hits found
# BLASTN 2.13.0+
# Query: ECK120010791-
# Database: B._ferragutiae_NZ_CP093332.1.fasta
# 0 hits found
# BLASTN 2.13.0+
# Query: ECK120010791-R+
# Database: B._ferragutiae_NZ_CP093332.1.fasta
# 0 hits found
# BLASTN 2.13.0+
# Query: ECK120048897-
# Database: B._ferragutiae_NZ_CP093332.1.fasta
# 0 hits found
# BLASTN 2.13.0+
# Query: ECK120048897-R+
# Database: B._ferragutiae_NZ_CP093332.1.fasta
# 0 hits found
# BLASTN 2.13.0+
# Query: ECK120010803-
# Database: B._ferragutiae_NZ_CP093332.1.fasta
# 0 hits found
# BLASTN 2.13.0+
# Query: ECK120010803-R+
# Database: B._ferragutiae_NZ_CP093332.1.fasta
# 0 hits found
# BLASTN 2.13.0+
# Query: pheST-
# Database: B._ferragutiae_NZ_CP093332.1.fasta
# Fields: query acc.ver, subject acc.ver, % identity, alignment length, mismatches, gap opens, q. start, q. end, s. start, s. end, evalue, bit score
# 1 hits found
pheST-	NZ_CP093332.1	86.667	60	6	2	43	101	3196042	3196100	7.31e-12	65.8
# BLASTN 2.13.0+
# Query: ECK120021269-R+
# Database: B._ferragutiae_NZ_CP093332.1.fasta
# Fields: query acc.ver, subject acc.ver, % identity, alignment length, mismatches, gap opens, q. start, q. end, s. start, s. end, evalue, bit score
# 1 hits found
ECK120021269-R+	NZ_CP093332.1	84.000	75	8	4	44	116	3196042	3196114	6.31e-13	69.4
# BLASTN 2.13.0+
# Query: ECK120015957-
# Database: B._ferragutiae_NZ_CP093332.1.fasta
# Fields: query acc.ver, subject acc.ver, % identity, alignment length, mismatches, gap opens, q. start, q. end, s. start, s. end, evalue, bit score
# 1 hits found
ECK120015957-	NZ_CP093332.1	84.615	39	6	0	9	47	559644	559682	4.90e-04	39.9
# BLASTN 2.13.0+
# Query: ECK120015448+
# Database: B._ferragutiae_NZ_CP093332.1.fasta
# Fields: query acc.ver, subject acc.ver, % identity, alignment length, mismatches, gap opens, q. start, q. end, s. start, s. end, evalue, bit score
# 1 hits found
ECK120015448+	NZ_CP093332.1	82.979	47	8	0	8	54	1931172	1931126	4.50e-05	43.6
# BLASTN 2.13.0+
# Query: ECK120010816-
# Database: B._ferragutiae_NZ_CP093332.1.fasta
# 0 hits found
# BLASTN 2.13.0+
# Query: ECK120010845-
# Database: B._ferragutiae_NZ_CP093332.1.fasta
# 0 hits found
# BLASTN 2.13.0+
# Query: ECK120030220+
# Database: B._ferragutiae_NZ_CP093332.1.fasta
# 0 hits found
# BLASTN 2.13.0+
# Query: ECK120033264-
# Database: B._ferragutiae_NZ_CP093332.1.fasta
# Fields: query acc.ver, subject acc.ver, % identity, alignment length, mismatches, gap opens, q. start, q. end, s. start, s. end, evalue, bit score
# 1 hits found
ECK120033264-	NZ_CP093332.1	88.514	148	14	3	31	177	3986699	3986844	8.55e-45	176
# BLASTN 2.13.0+
# Query: ECK120010779+
# Database: B._ferragutiae_NZ_CP093332.1.fasta
# Fields: query acc.ver, subject acc.ver, % identity, alignment length, mismatches, gap opens, q. start, q. end, s. start, s. end, evalue, bit score
# 1 hits found
ECK120010779+	NZ_CP093332.1	91.892	37	3	0	1	37	1175930	1175894	7.21e-08	52.8
# BLASTN 2.13.0+
# Query: ECK120010779-R-
# Database: B._ferragutiae_NZ_CP093332.1.fasta
# Fields: query acc.ver, subject acc.ver, % identity, alignment length, mismatches, gap opens, q. start, q. end, s. start, s. end, evalue, bit score
# 1 hits found
ECK120010779-R-	NZ_CP093332.1	91.892	37	3	0	1	37	1175930	1175894	7.21e-08	52.8
# BLASTN 2.13.0+
# Query: ECK120015456-
# Database: B._ferragutiae_NZ_CP093332.1.fasta
# Fields: query acc.ver, subject acc.ver, % identity, alignment length, mismatches, gap opens, q. start, q. end, s. start, s. end, evalue, bit score
# 1 hits found
ECK120015456-	NZ_CP093332.1	95.238	42	2	0	79	120	798388	798347	2.36e-12	67.6
# BLASTN 2.13.0+
# Query: ECK120015456-R+
# Database: B._ferragutiae_NZ_CP093332.1.fasta
# Fields: query acc.ver, subject acc.ver, % identity, alignment length, mismatches, gap opens, q. start, q. end, s. start, s. end, evalue, bit score
# 1 hits found
ECK120015456-R+	NZ_CP093332.1	95.238	42	2	0	79	120	798388	798347	2.36e-12	67.6
# BLASTN 2.13.0+
# Query: ECK120035135-
# Database: B._ferragutiae_NZ_CP093332.1.fasta
# 0 hits found
# BLASTN 2.13.0+
# Query: ECK120035135-R+
# Database: B._ferragutiae_NZ_CP093332.1.fasta
# 0 hits found
# BLASTN 2.13.0+
# Query: ECK120034954+
# Database: B._ferragutiae_NZ_CP093332.1.fasta
# Fields: query acc.ver, subject acc.ver, % identity, alignment length, mismatches, gap opens, q. start, q. end, s. start, s. end, evalue, bit score
# 1 hits found
ECK120034954+	NZ_CP093332.1	91.057	123	11	0	1	123	5117135	5117013	2.33e-42	167
# BLASTN 2.13.0+
# Query: ECK120010801+
# Database: B._ferragutiae_NZ_CP093332.1.fasta
# 0 hits found
# BLASTN 2.13.0+
# Query: ECK120034948+
# Database: B._ferragutiae_NZ_CP093332.1.fasta
# Fields: query acc.ver, subject acc.ver, % identity, alignment length, mismatches, gap opens, q. start, q. end, s. start, s. end, evalue, bit score
# 1 hits found
ECK120034948+	NZ_CP093332.1	93.103	29	2	0	10	38	4809404	4809376	4.26e-05	43.6
# BLASTN 2.13.0+
# Query: ECK125109868-
# Database: B._ferragutiae_NZ_CP093332.1.fasta
# 0 hits found
# BLASTN 2.13.0+
# Query: ECK120034949+
# Database: B._ferragutiae_NZ_CP093332.1.fasta
# 0 hits found
# BLASTN 2.13.0+
# Query: ECK120015443-
# Database: B._ferragutiae_NZ_CP093332.1.fasta
# Fields: query acc.ver, subject acc.ver, % identity, alignment length, mismatches, gap opens, q. start, q. end, s. start, s. end, evalue, bit score
# 1 hits found
ECK120015443-	NZ_CP093332.1	87.755	49	6	0	69	117	812225	812177	1.38e-09	58.4
# BLASTN 2.13.0+
# Query: ECK120015443-R+
# Database: B._ferragutiae_NZ_CP093332.1.fasta
# Fields: query acc.ver, subject acc.ver, % identity, alignment length, mismatches, gap opens, q. start, q. end, s. start, s. end, evalue, bit score
# 1 hits found
ECK120015443-R+	NZ_CP093332.1	87.755	49	6	0	69	117	812225	812177	1.38e-09	58.4
# BLASTN 2.13.0+
# Query: ECK120010839+
# Database: B._ferragutiae_NZ_CP093332.1.fasta
# Fields: query acc.ver, subject acc.ver, % identity, alignment length, mismatches, gap opens, q. start, q. end, s. start, s. end, evalue, bit score
# 1 hits found
ECK120010839+	NZ_CP093332.1	93.103	29	2	0	1	29	778056	778028	4.14e-05	43.6
# BLASTN 2.13.0+
# Query: ECK120010838+
# Database: B._ferragutiae_NZ_CP093332.1.fasta
# Fields: query acc.ver, subject acc.ver, % identity, alignment length, mismatches, gap opens, q. start, q. end, s. start, s. end, evalue, bit score
# 1 hits found
ECK120010838+	NZ_CP093332.1	83.721	43	7	0	78	120	777969	777927	1.45e-04	41.7
# BLASTN 2.13.0+
# Query: ECK120026312-
# Database: B._ferragutiae_NZ_CP093332.1.fasta
# 0 hits found
# BLASTN 2.13.0+
# Query: ECK120026312-R+
# Database: B._ferragutiae_NZ_CP093332.1.fasta
# 0 hits found
# BLASTN 2.13.0+
# Query: ECK120030801-
# Database: B._ferragutiae_NZ_CP093332.1.fasta
# 0 hits found
# BLASTN 2.13.0+
# Query: ECK120030801-R+
# Database: B._ferragutiae_NZ_CP093332.1.fasta
# 0 hits found
# BLASTN 2.13.0+
# Query: ECK120030800+
# Database: B._ferragutiae_NZ_CP093332.1.fasta
# Fields: query acc.ver, subject acc.ver, % identity, alignment length, mismatches, gap opens, q. start, q. end, s. start, s. end, evalue, bit score
# 1 hits found
ECK120030800+	NZ_CP093332.1	85.714	98	12	2	27	124	3360400	3360305	6.80e-23	102
# BLASTN 2.13.0+
# Query: ECK120048900+
# Database: B._ferragutiae_NZ_CP093332.1.fasta
# 0 hits found
# BLASTN 2.13.0+
# Query: ECK125109869-
# Database: B._ferragutiae_NZ_CP093332.1.fasta
# 0 hits found
# BLASTN 2.13.0+
# Query: ECK120020527+
# Database: B._ferragutiae_NZ_CP093332.1.fasta
# 0 hits found
# BLASTN 2.13.0+
# Query: ECK120027917-
# Database: B._ferragutiae_NZ_CP093332.1.fasta
# 0 hits found
# BLASTN 2.13.0+
# Query: ECK120027917-R+
# Database: B._ferragutiae_NZ_CP093332.1.fasta
# 0 hits found
# BLASTN 2.13.0+
# Query: ECK120010835-R+
# Database: B._ferragutiae_NZ_CP093332.1.fasta
# 0 hits found
# BLASTN 2.13.0+
# Query: ECK120015447-R+
# Database: B._ferragutiae_NZ_CP093332.1.fasta
# 0 hits found
# BLASTN 2.13.0+
# Query: ECK120010786-R+
# Database: B._ferragutiae_NZ_CP093332.1.fasta
# 0 hits found
# BLAST processed 174 queries
