# BLASTN 2.13.0+
# Query: X60293.1/246-293 slurp/ecgetrf.pl?CH03783 DE:[Terminator cysB]+
# Database: E._fergusonii_NZ_CP083638.1.fasta
# 0 hits found
# BLASTN 2.13.0+
# Query: ECK120010828+
# Database: E._fergusonii_NZ_CP083638.1.fasta
# Fields: query acc.ver, subject acc.ver, % identity, alignment length, mismatches, gap opens, q. start, q. end, s. start, s. end, evalue, bit score
# 1 hits found
ECK120010828+	NZ_CP083638.1	88.235	34	4	0	3	36	1160538	1160571	1.37e-04	41.7
# BLASTN 2.13.0+
# Query: X15237.1/1846-1870 slurp/ecgetrf.pl?CH03787 DE:[pot. stem-loop structure]+
# Database: E._fergusonii_NZ_CP083638.1.fasta
# Fields: query acc.ver, subject acc.ver, % identity, alignment length, mismatches, gap opens, q. start, q. end, s. start, s. end, evalue, bit score
# 1 hits found
X15237.1/1846-1870	NZ_CP083638.1	79.381	97	17	3	9	105	2741359	2741266	6.27e-12	65.8
# BLASTN 2.13.0+
# Query: ECK120029528-R+
# Database: E._fergusonii_NZ_CP083638.1.fasta
# Fields: query acc.ver, subject acc.ver, % identity, alignment length, mismatches, gap opens, q. start, q. end, s. start, s. end, evalue, bit score
# 1 hits found
ECK120029528-R+	NZ_CP083638.1	80.000	125	22	2	1	125	2741377	2741256	4.60e-19	89.8
# BLASTN 2.13.0+
# Query: ECK120029528-
# Database: E._fergusonii_NZ_CP083638.1.fasta
# Fields: query acc.ver, subject acc.ver, % identity, alignment length, mismatches, gap opens, q. start, q. end, s. start, s. end, evalue, bit score
# 1 hits found
ECK120029528-	NZ_CP083638.1	80.000	125	22	2	1	125	2741377	2741256	4.60e-19	89.8
# BLASTN 2.13.0+
# Query: X17333.1/1415-1439 slurp/ecgetrf.pl?CH03793 DE:[put. bidirectional transcriptional terminator]-
# Database: E._fergusonii_NZ_CP083638.1.fasta
# Fields: query acc.ver, subject acc.ver, % identity, alignment length, mismatches, gap opens, q. start, q. end, s. start, s. end, evalue, bit score
# 1 hits found
X17333.1/1415-1439	NZ_CP083638.1	79.381	97	17	3	9	105	2741359	2741266	6.27e-12	65.8
# BLASTN 2.13.0+
# Query: X06091.1/1417-1440 slurp/ecgetrf.pl?CH03791 DE:[pot. stem-loop structure; pot. transcription terminator]-
# Database: E._fergusonii_NZ_CP083638.1.fasta
# Fields: query acc.ver, subject acc.ver, % identity, alignment length, mismatches, gap opens, q. start, q. end, s. start, s. end, evalue, bit score
# 1 hits found
X06091.1/1417-1440	NZ_CP083638.1	83.810	105	15	2	1	104	1718655	1718758	6.11e-22	99.0
# BLASTN 2.13.0+
# Query: X68192.1/1637-1678 slurp/ecgetrf.pl?CH03795 DE:[terminator II]-
# Database: E._fergusonii_NZ_CP083638.1.fasta
# Fields: query acc.ver, subject acc.ver, % identity, alignment length, mismatches, gap opens, q. start, q. end, s. start, s. end, evalue, bit score
# 1 hits found
X68192.1/1637-1678	NZ_CP083638.1	85.000	40	6	0	43	82	1768646	1768607	1.27e-04	41.7
# BLASTN 2.13.0+
# Query: M87625.1/2270-2297 slurp/ecgetrf.pl?CH03800 DE:[termination sequence]+
# Database: E._fergusonii_NZ_CP083638.1.fasta
# Fields: query acc.ver, subject acc.ver, % identity, alignment length, mismatches, gap opens, q. start, q. end, s. start, s. end, evalue, bit score
# 1 hits found
M87625.1/2270-2297	NZ_CP083638.1	96.552	29	1	0	1	29	3713851	3713879	6.54e-07	49.1
# BLASTN 2.13.0+
# Query: M87049.1/68404-68432 slurp/ecgetrf.pl?CH03923 DE:[terminator-like sequence]+
# Database: E._fergusonii_NZ_CP083638.1.fasta
# Fields: query acc.ver, subject acc.ver, % identity, alignment length, mismatches, gap opens, q. start, q. end, s. start, s. end, evalue, bit score
# 1 hits found
M87049.1/68404-68432	NZ_CP083638.1	96.552	29	1	0	1	29	3713851	3713879	6.54e-07	49.1
# BLASTN 2.13.0+
# Query: X61919.1/257-295 slurp/ecgetrf.pl?CH03803 DE:[crp divergent RNA transcription terminator]-
# Database: E._fergusonii_NZ_CP083638.1.fasta
# Fields: query acc.ver, subject acc.ver, % identity, alignment length, mismatches, gap opens, q. start, q. end, s. start, s. end, evalue, bit score
# 1 hits found
X61919.1/257-295	NZ_CP083638.1	93.277	119	8	0	1	119	4090397	4090279	3.23e-45	176
# BLASTN 2.13.0+
# Query: X01653.1/3207-3232 slurp/ecgetrf.pl?CH03805 DE:[pot. stem-loop structure]+
# Database: E._fergusonii_NZ_CP083638.1.fasta
# Fields: query acc.ver, subject acc.ver, % identity, alignment length, mismatches, gap opens, q. start, q. end, s. start, s. end, evalue, bit score
# 1 hits found
X01653.1/3207-3232	NZ_CP083638.1	97.170	106	3	0	1	106	3687422	3687527	2.17e-46	180
# BLASTN 2.13.0+
# Query: X05629.1/80-111 slurp/ecgetrf.pl?CH03808 DE:[Terminator deoT]+
# Database: E._fergusonii_NZ_CP083638.1.fasta
# Fields: query acc.ver, subject acc.ver, % identity, alignment length, mismatches, gap opens, q. start, q. end, s. start, s. end, evalue, bit score
# 1 hits found
X05629.1/80-111	NZ_CP083638.1	95.536	112	5	0	1	112	2902798	2902687	2.32e-46	180
# BLASTN 2.13.0+
# Query: U14003.1/312468-312496 slurp/ecgetrf.pl?CH05099+
# Database: E._fergusonii_NZ_CP083638.1.fasta
# Fields: query acc.ver, subject acc.ver, % identity, alignment length, mismatches, gap opens, q. start, q. end, s. start, s. end, evalue, bit score
# 1 hits found
U14003.1/312468-312496	NZ_CP083638.1	95.413	109	5	0	1	109	2902796	2902688	1.05e-44	174
# BLASTN 2.13.0+
# Query: X00547.1/1104-1134 slurp/ecgetrf.pl?CH03811 DE:[Pot. transcription terminator]-
# Database: E._fergusonii_NZ_CP083638.1.fasta
# Fields: query acc.ver, subject acc.ver, % identity, alignment length, mismatches, gap opens, q. start, q. end, s. start, s. end, evalue, bit score
# 1 hits found
X00547.1/1104-1134	NZ_CP083638.1	97.297	111	3	0	1	111	1732543	1732433	3.82e-49	189
# BLASTN 2.13.0+
# Query: M84991.1/1269-1309 slurp/ecgetrf.pl?CH03814 DE:[Terminatorfor fatty acid biosynthesis operon]+
# Database: E._fergusonii_NZ_CP083638.1.fasta
# Fields: query acc.ver, subject acc.ver, % identity, alignment length, mismatches, gap opens, q. start, q. end, s. start, s. end, evalue, bit score
# 1 hits found
M84991.1/1269-1309	NZ_CP083638.1	91.803	122	7	2	1	120	1001350	1001470	1.97e-42	167
# BLASTN 2.13.0+
# Query: X08087.1/907-941 slurp/ecgetrf.pl?CH03816 DE:[Pot. stem-loop structure; pot. transcription terminator]+
# Database: E._fergusonii_NZ_CP083638.1.fasta
# Fields: query acc.ver, subject acc.ver, % identity, alignment length, mismatches, gap opens, q. start, q. end, s. start, s. end, evalue, bit score
# 1 hits found
X08087.1/907-941	NZ_CP083638.1	88.095	42	5	0	73	114	1068983	1069024	1.96e-07	51.0
# BLASTN 2.13.0+
# Query: ECK120048898+
# Database: E._fergusonii_NZ_CP083638.1.fasta
# Fields: query acc.ver, subject acc.ver, % identity, alignment length, mismatches, gap opens, q. start, q. end, s. start, s. end, evalue, bit score
# 1 hits found
ECK120048898+	NZ_CP083638.1	87.500	40	5	0	83	122	1068983	1069022	2.73e-06	47.3
# BLASTN 2.13.0+
# Query: X63666.1/1540-1567 slurp/ecgetrf.pl?CH03819 DE:[Putative termination signal]+
# Database: E._fergusonii_NZ_CP083638.1.fasta
# Fields: query acc.ver, subject acc.ver, % identity, alignment length, mismatches, gap opens, q. start, q. end, s. start, s. end, evalue, bit score
# 1 hits found
X63666.1/1540-1567	NZ_CP083638.1	100.000	106	0	0	1	106	4125771	4125666	2.21e-51	196
# BLASTN 2.13.0+
# Query: X04065.1/1578-1619 slurp/ecgetrf.pl?CH03822 DE:[Stem-loop structure; pot. transcription terminator]-
# Database: E._fergusonii_NZ_CP083638.1.fasta
# Fields: query acc.ver, subject acc.ver, % identity, alignment length, mismatches, gap opens, q. start, q. end, s. start, s. end, evalue, bit score
# 1 hits found
X04065.1/1578-1619	NZ_CP083638.1	87.368	95	12	0	2	96	1415838	1415932	3.43e-25	110
# BLASTN 2.13.0+
# Query: X06744.1/2831-2858 slurp/ecgetrf.pl?CH03831 DE:[Put. stem loop structure]-
# Database: E._fergusonii_NZ_CP083638.1.fasta
# 0 hits found
# BLASTN 2.13.0+
# Query: X04864.1/495-528 slurp/ecgetrf.pl?CH03835 DE:[Put. transcription terminator]+
# Database: E._fergusonii_NZ_CP083638.1.fasta
# Fields: query acc.ver, subject acc.ver, % identity, alignment length, mismatches, gap opens, q. start, q. end, s. start, s. end, evalue, bit score
# 1 hits found
X04864.1/495-528	NZ_CP083638.1	80.519	77	6	7	1	75	1791733	1791664	1.94e-07	51.0
# BLASTN 2.13.0+
# Query: X67700.1/988-1010 slurp/ecgetrf.pl?CH03840 DE:[ORF1 terminator]+
# Database: E._fergusonii_NZ_CP083638.1.fasta
# Fields: query acc.ver, subject acc.ver, % identity, alignment length, mismatches, gap opens, q. start, q. end, s. start, s. end, evalue, bit score
# 1 hits found
X67700.1/988-1010	NZ_CP083638.1	84.466	103	13	3	1	102	2873726	2873626	6.04e-22	99.0
# BLASTN 2.13.0+
# Query: L12044.1/1999-2037 slurp/ecgetrf.pl?CH03848 DE:[Terminator kch]-
# Database: E._fergusonii_NZ_CP083638.1.fasta
# 0 hits found
# BLASTN 2.13.0+
# Query: X14135.1/195-222 slurp/ecgetrf.pl?CH03860 DE:[Pot. stem loop structure]-
# Database: E._fergusonii_NZ_CP083638.1.fasta
# Fields: query acc.ver, subject acc.ver, % identity, alignment length, mismatches, gap opens, q. start, q. end, s. start, s. end, evalue, bit score
# 1 hits found
X14135.1/195-222	NZ_CP083638.1	93.519	108	7	0	1	108	391686	391793	8.05e-41	161
# BLASTN 2.13.0+
# Query: X57402.1/1077-1106 slurp/ecgetrf.pl?CH03864 DE:[Terminator dapA, nlpB]-
# Database: E._fergusonii_NZ_CP083638.1.fasta
# Fields: query acc.ver, subject acc.ver, % identity, alignment length, mismatches, gap opens, q. start, q. end, s. start, s. end, evalue, bit score
# 1 hits found
X57402.1/1077-1106	NZ_CP083638.1	98.182	110	2	0	1	110	2166835	2166944	2.92e-50	193
# BLASTN 2.13.0+
# Query: ECK120010784-
# Database: E._fergusonii_NZ_CP083638.1.fasta
# Fields: query acc.ver, subject acc.ver, % identity, alignment length, mismatches, gap opens, q. start, q. end, s. start, s. end, evalue, bit score
# 1 hits found
ECK120010784-	NZ_CP083638.1	97.541	122	3	0	1	122	2166833	2166954	3.29e-55	209
# BLASTN 2.13.0+
# Query: X08035.1/2423-2452 slurp/ecgetrf.pl?CH03870 DE:[pot.stem-loop structure]-
# Database: E._fergusonii_NZ_CP083638.1.fasta
# Fields: query acc.ver, subject acc.ver, % identity, alignment length, mismatches, gap opens, q. start, q. end, s. start, s. end, evalue, bit score
# 1 hits found
X08035.1/2423-2452	NZ_CP083638.1	94.000	100	5	1	1	99	1803728	1803629	1.78e-37	150
# BLASTN 2.13.0+
# Query: D90227.1/10944-10985 slurp/ecgetrf.pl?CH03874 DE:[pot. terminator 1]-
# Database: E._fergusonii_NZ_CP083638.1.fasta
# Fields: query acc.ver, subject acc.ver, % identity, alignment length, mismatches, gap opens, q. start, q. end, s. start, s. end, evalue, bit score
# 1 hits found
D90227.1/10944-10985	NZ_CP083638.1	94.643	56	1	2	38	92	2445672	2445618	5.78e-18	86.1
# BLASTN 2.13.0+
# Query: ECK120035132-R+
# Database: E._fergusonii_NZ_CP083638.1.fasta
# Fields: query acc.ver, subject acc.ver, % identity, alignment length, mismatches, gap opens, q. start, q. end, s. start, s. end, evalue, bit score
# 1 hits found
ECK120035132-R+	NZ_CP083638.1	94.643	56	1	2	42	96	2445672	2445618	5.83e-18	86.1
# BLASTN 2.13.0+
# Query: ECK120035132-
# Database: E._fergusonii_NZ_CP083638.1.fasta
# Fields: query acc.ver, subject acc.ver, % identity, alignment length, mismatches, gap opens, q. start, q. end, s. start, s. end, evalue, bit score
# 1 hits found
ECK120035132-	NZ_CP083638.1	94.643	56	1	2	42	96	2445672	2445618	5.83e-18	86.1
# BLASTN 2.13.0+
# Query: M94104.1/1639-1668 slurp/ecgetrf.pl?CH03879 DE:[putative termination signal]-
# Database: E._fergusonii_NZ_CP083638.1.fasta
# Fields: query acc.ver, subject acc.ver, % identity, alignment length, mismatches, gap opens, q. start, q. end, s. start, s. end, evalue, bit score
# 1 hits found
M94104.1/1639-1668	NZ_CP083638.1	88.000	75	7	2	37	110	3555960	3556033	1.42e-18	87.9
# BLASTN 2.13.0+
# Query: L10328.1/55847-55820 slurp/ecgetrf.pl?CH03906 DE:[putative termination signal]-
# Database: E._fergusonii_NZ_CP083638.1.fasta
# Fields: query acc.ver, subject acc.ver, % identity, alignment length, mismatches, gap opens, q. start, q. end, s. start, s. end, evalue, bit score
# 1 hits found
L10328.1/55847-55820	NZ_CP083638.1	88.000	75	7	2	35	108	3555960	3556033	1.39e-18	87.9
# BLASTN 2.13.0+
# Query: X04469.1/1953-1977 slurp/ecgetrf.pl?CH03882 DE:[pot. transcription terminator]-
# Database: E._fergusonii_NZ_CP083638.1.fasta
# Fields: query acc.ver, subject acc.ver, % identity, alignment length, mismatches, gap opens, q. start, q. end, s. start, s. end, evalue, bit score
# 1 hits found
X04469.1/1953-1977	NZ_CP083638.1	95.789	95	3	1	1	95	971674	971767	4.68e-38	152
# BLASTN 2.13.0+
# Query: X52363.1/127-157 slurp/ecgetrf.pl?CH03887 DE:[rrfG transcription terminator]+
# Database: E._fergusonii_NZ_CP083638.1.fasta
# Fields: query acc.ver, subject acc.ver, % identity, alignment length, mismatches, gap opens, q. start, q. end, s. start, s. end, evalue, bit score
# 1 hits found
X52363.1/127-157	NZ_CP083638.1	92.105	114	6	3	1	111	3305715	3305602	1.08e-39	158
# BLASTN 2.13.0+
# Query: L19201.1/2459-2489 slurp/ecgetrf.pl?CH03932 DE:[putative termination signal]+
# Database: E._fergusonii_NZ_CP083638.1.fasta
# Fields: query acc.ver, subject acc.ver, % identity, alignment length, mismatches, gap opens, q. start, q. end, s. start, s. end, evalue, bit score
# 1 hits found
L19201.1/2459-2489	NZ_CP083638.1	91.818	110	6	3	1	107	3305711	3305602	1.80e-37	150
# BLASTN 2.13.0+
# Query: ECK120051382-
# Database: E._fergusonii_NZ_CP083638.1.fasta
# Fields: query acc.ver, subject acc.ver, % identity, alignment length, mismatches, gap opens, q. start, q. end, s. start, s. end, evalue, bit score
# 1 hits found
ECK120051382-	NZ_CP083638.1	97.222	144	4	0	1	144	4137591	4137448	1.10e-65	244
# BLASTN 2.13.0+
# Query: BBa_B0010-
# Database: E._fergusonii_NZ_CP083638.1.fasta
# Fields: query acc.ver, subject acc.ver, % identity, alignment length, mismatches, gap opens, q. start, q. end, s. start, s. end, evalue, bit score
# 1 hits found
BBa_B0010-	NZ_CP083638.1	97.500	160	4	0	1	160	4137606	4137447	1.58e-74	274
# BLASTN 2.13.0+
# Query: L19201.1/2282-2328 slurp/ecgetrf.pl?CH03931 DE:[putative termination signal]-
# Database: E._fergusonii_NZ_CP083638.1.fasta
# Fields: query acc.ver, subject acc.ver, % identity, alignment length, mismatches, gap opens, q. start, q. end, s. start, s. end, evalue, bit score
# 1 hits found
L19201.1/2282-2328	NZ_CP083638.1	97.600	125	3	0	1	125	4137586	4137462	7.41e-57	215
# BLASTN 2.13.0+
# Query: L10328.1/5220-5193 slurp/ecgetrf.pl?CH03902 DE:[putative termination signal]-
# Database: E._fergusonii_NZ_CP083638.1.fasta
# Fields: query acc.ver, subject acc.ver, % identity, alignment length, mismatches, gap opens, q. start, q. end, s. start, s. end, evalue, bit score
# 1 hits found
L10328.1/5220-5193	NZ_CP083638.1	100.000	108	0	0	1	108	3503372	3503479	1.71e-52	200
# BLASTN 2.13.0+
# Query: ECK120035133-
# Database: E._fergusonii_NZ_CP083638.1.fasta
# Fields: query acc.ver, subject acc.ver, % identity, alignment length, mismatches, gap opens, q. start, q. end, s. start, s. end, evalue, bit score
# 1 hits found
ECK120035133-	NZ_CP083638.1	100.000	122	0	0	1	122	3503368	3503489	3.26e-60	226
# BLASTN 2.13.0+
# Query: L10328.1/43056-43083 slurp/ecgetrf.pl?CH03904 DE:[putative termination signal]+
# Database: E._fergusonii_NZ_CP083638.1.fasta
# Fields: query acc.ver, subject acc.ver, % identity, alignment length, mismatches, gap opens, q. start, q. end, s. start, s. end, evalue, bit score
# 1 hits found
L10328.1/43056-43083	NZ_CP083638.1	87.379	103	13	0	1	103	3543402	3543504	4.92e-28	119
# BLASTN 2.13.0+
# Query: ECK120035136+
# Database: E._fergusonii_NZ_CP083638.1.fasta
# Fields: query acc.ver, subject acc.ver, % identity, alignment length, mismatches, gap opens, q. start, q. end, s. start, s. end, evalue, bit score
# 1 hits found
ECK120035136+	NZ_CP083638.1	86.719	128	17	0	1	128	3543392	3543519	3.58e-35	143
# BLASTN 2.13.0+
# Query: L10328.1/43151-43173 slurp/ecgetrf.pl?CH03905 DE:[putative termination signal]+
# Database: E._fergusonii_NZ_CP083638.1.fasta
# Fields: query acc.ver, subject acc.ver, % identity, alignment length, mismatches, gap opens, q. start, q. end, s. start, s. end, evalue, bit score
# 1 hits found
L10328.1/43151-43173	NZ_CP083638.1	87.654	81	8	2	1	80	3543497	3543576	2.81e-20	93.5
# BLASTN 2.13.0+
# Query: L10328.1/126639-126661 slurp/ecgetrf.pl?CH03910 DE:[putative termination signal]+
# Database: E._fergusonii_NZ_CP083638.1.fasta
# Fields: query acc.ver, subject acc.ver, % identity, alignment length, mismatches, gap opens, q. start, q. end, s. start, s. end, evalue, bit score
# 1 hits found
L10328.1/126639-126661	NZ_CP083638.1	98.058	103	2	0	1	103	3627744	3627846	2.10e-46	180
# BLASTN 2.13.0+
# Query: M87049.1/13395-13431 slurp/ecgetrf.pl?CH03915 DE:[terminator-like sequence]+
# Database: E._fergusonii_NZ_CP083638.1.fasta
# 0 hits found
# BLASTN 2.13.0+
# Query: M87049.1/33826-33862 slurp/ecgetrf.pl?CH03918 DE:[terminator-like sequence]+
# Database: E._fergusonii_NZ_CP083638.1.fasta
# Fields: query acc.ver, subject acc.ver, % identity, alignment length, mismatches, gap opens, q. start, q. end, s. start, s. end, evalue, bit score
# 1 hits found
M87049.1/33826-33862	NZ_CP083638.1	95.690	116	5	0	1	116	3673920	3674035	1.45e-48	187
# BLASTN 2.13.0+
# Query: M87049.1/39715-39749 slurp/ecgetrf.pl?CH03920 DE:[terminator-like sequence]+
# Database: E._fergusonii_NZ_CP083638.1.fasta
# Fields: query acc.ver, subject acc.ver, % identity, alignment length, mismatches, gap opens, q. start, q. end, s. start, s. end, evalue, bit score
# 1 hits found
M87049.1/39715-39749	NZ_CP083638.1	97.436	78	2	0	1	78	3679759	3679836	1.89e-32	134
# BLASTN 2.13.0+
# Query: M87049.1/70279-70299 slurp/ecgetrf.pl?CH03924 DE:[terminator-like sequence]+
# Database: E._fergusonii_NZ_CP083638.1.fasta
# Fields: query acc.ver, subject acc.ver, % identity, alignment length, mismatches, gap opens, q. start, q. end, s. start, s. end, evalue, bit score
# 1 hits found
M87049.1/70279-70299	NZ_CP083638.1	100.000	24	0	0	66	89	3739435	3739458	7.79e-06	45.4
# BLASTN 2.13.0+
# Query: X13002.1/1005-1031 slurp/ecgetrf.pl?CH03927 DE:[pot. stem-loop structure; pot. transcription terminator]+
# Database: E._fergusonii_NZ_CP083638.1.fasta
# Fields: query acc.ver, subject acc.ver, % identity, alignment length, mismatches, gap opens, q. start, q. end, s. start, s. end, evalue, bit score
# 1 hits found
X13002.1/1005-1031	NZ_CP083638.1	75.926	108	23	3	1	107	1529041	1529146	5.00e-08	52.8
# BLASTN 2.13.0+
# Query: Z23096.1/446-494 slurp/ecgetrf.pl?CH03930 DE:[Terminator Similar to gene dicF of E.coli dicABC]-
# Database: E._fergusonii_NZ_CP083638.1.fasta
# Fields: query acc.ver, subject acc.ver, % identity, alignment length, mismatches, gap opens, q. start, q. end, s. start, s. end, evalue, bit score
# 1 hits found
Z23096.1/446-494	NZ_CP083638.1	93.333	30	2	0	76	105	2288557	2288528	1.05e-05	45.4
# BLASTN 2.13.0+
# Query: L19201.1/12884-12927 slurp/ecgetrf.pl?CH03935 DE:[putative termination signal]+
# Database: E._fergusonii_NZ_CP083638.1.fasta
# Fields: query acc.ver, subject acc.ver, % identity, alignment length, mismatches, gap opens, q. start, q. end, s. start, s. end, evalue, bit score
# 1 hits found
L19201.1/12884-12927	NZ_CP083638.1	94.215	121	7	0	4	124	3775125	3775245	5.65e-48	185
# BLASTN 2.13.0+
# Query: ECK120010799+
# Database: E._fergusonii_NZ_CP083638.1.fasta
# Fields: query acc.ver, subject acc.ver, % identity, alignment length, mismatches, gap opens, q. start, q. end, s. start, s. end, evalue, bit score
# 1 hits found
ECK120010799+	NZ_CP083638.1	94.355	124	7	0	17	140	3775125	3775248	1.40e-49	191
# BLASTN 2.13.0+
# Query: L19201.1/63111-63151 slurp/ecgetrf.pl?CH03938 DE:[putative termination signal]+
# Database: E._fergusonii_NZ_CP083638.1.fasta
# 0 hits found
# BLASTN 2.13.0+
# Query: L19201.1/71476-71507 slurp/ecgetrf.pl?CH03941 DE:[putative termination signal]+
# Database: E._fergusonii_NZ_CP083638.1.fasta
# Fields: query acc.ver, subject acc.ver, % identity, alignment length, mismatches, gap opens, q. start, q. end, s. start, s. end, evalue, bit score
# 1 hits found
L19201.1/71476-71507	NZ_CP083638.1	96.078	51	2	0	61	111	3419622	3419572	1.87e-17	84.2
# BLASTN 2.13.0+
# Query: L19201.1/82018-81996 slurp/ecgetrf.pl?CH03944 DE:[putative termination signal]-
# Database: E._fergusonii_NZ_CP083638.1.fasta
# Fields: query acc.ver, subject acc.ver, % identity, alignment length, mismatches, gap opens, q. start, q. end, s. start, s. end, evalue, bit score
# 1 hits found
L19201.1/82018-81996	NZ_CP083638.1	100.000	103	0	0	1	103	3409211	3409109	9.69e-50	191
# BLASTN 2.13.0+
# Query: ECK120010852-R+
# Database: E._fergusonii_NZ_CP083638.1.fasta
# Fields: query acc.ver, subject acc.ver, % identity, alignment length, mismatches, gap opens, q. start, q. end, s. start, s. end, evalue, bit score
# 1 hits found
ECK120010852-R+	NZ_CP083638.1	100.000	118	0	0	1	118	3409216	3409099	5.25e-58	219
# BLASTN 2.13.0+
# Query: ECK120010852-
# Database: E._fergusonii_NZ_CP083638.1.fasta
# Fields: query acc.ver, subject acc.ver, % identity, alignment length, mismatches, gap opens, q. start, q. end, s. start, s. end, evalue, bit score
# 1 hits found
ECK120010852-	NZ_CP083638.1	100.000	118	0	0	1	118	3409216	3409099	5.25e-58	219
# BLASTN 2.13.0+
# Query: U14003.1/28964-28938 slurp/ecgetrf.pl?CH05080-
# Database: E._fergusonii_NZ_CP083638.1.fasta
# Fields: query acc.ver, subject acc.ver, % identity, alignment length, mismatches, gap opens, q. start, q. end, s. start, s. end, evalue, bit score
# 1 hits found
U14003.1/28964-28938	NZ_CP083638.1	85.915	71	6	4	31	97	3190089	3190019	3.84e-14	73.1
# BLASTN 2.13.0+
# Query: U14003.1/28964-28938 slurp/ecgetrf.pl?CH05080-
# Database: E._fergusonii_NZ_CP083638.1.fasta
# Fields: query acc.ver, subject acc.ver, % identity, alignment length, mismatches, gap opens, q. start, q. end, s. start, s. end, evalue, bit score
# 1 hits found
U14003.1/28964-28938	NZ_CP083638.1	85.915	71	6	4	31	97	3190089	3190019	3.84e-14	73.1
# BLASTN 2.13.0+
# Query: seq10161 slurp/ecgetrf.pl?CH05080.1-
# Database: E._fergusonii_NZ_CP083638.1.fasta
# Fields: query acc.ver, subject acc.ver, % identity, alignment length, mismatches, gap opens, q. start, q. end, s. start, s. end, evalue, bit score
# 1 hits found
seq10161	NZ_CP083638.1	85.915	71	6	4	31	97	3190089	3190019	3.84e-14	73.1
# BLASTN 2.13.0+
# Query: seq10161 slurp/ecgetrf.pl?CH05080.1-
# Database: E._fergusonii_NZ_CP083638.1.fasta
# Fields: query acc.ver, subject acc.ver, % identity, alignment length, mismatches, gap opens, q. start, q. end, s. start, s. end, evalue, bit score
# 1 hits found
seq10161	NZ_CP083638.1	85.915	71	6	4	31	97	3190089	3190019	3.84e-14	73.1
# BLASTN 2.13.0+
# Query: seq10161 slurp/ecgetrf.pl?CH05080.1-
# Database: E._fergusonii_NZ_CP083638.1.fasta
# Fields: query acc.ver, subject acc.ver, % identity, alignment length, mismatches, gap opens, q. start, q. end, s. start, s. end, evalue, bit score
# 1 hits found
seq10161	NZ_CP083638.1	85.915	71	6	4	31	97	3190089	3190019	3.84e-14	73.1
# BLASTN 2.13.0+
# Query: seq10161 slurp/ecgetrf.pl?CH05080.1-
# Database: E._fergusonii_NZ_CP083638.1.fasta
# Fields: query acc.ver, subject acc.ver, % identity, alignment length, mismatches, gap opens, q. start, q. end, s. start, s. end, evalue, bit score
# 1 hits found
seq10161	NZ_CP083638.1	85.915	71	6	4	31	97	3190089	3190019	3.84e-14	73.1
# BLASTN 2.13.0+
# Query: U14003.1/53366-53342 slurp/ecgetrf.pl?CH05082+
# Database: E._fergusonii_NZ_CP083638.1.fasta
# Fields: query acc.ver, subject acc.ver, % identity, alignment length, mismatches, gap opens, q. start, q. end, s. start, s. end, evalue, bit score
# 1 hits found
U14003.1/53366-53342	NZ_CP083638.1	100.000	28	0	0	1	28	3176899	3176926	4.88e-08	52.8
# BLASTN 2.13.0+
# Query: U14003.1/69815-69791 slurp/ecgetrf.pl?CH05086-
# Database: E._fergusonii_NZ_CP083638.1.fasta
# Fields: query acc.ver, subject acc.ver, % identity, alignment length, mismatches, gap opens, q. start, q. end, s. start, s. end, evalue, bit score
# 1 hits found
U14003.1/69815-69791	NZ_CP083638.1	100.000	105	0	0	1	105	3160381	3160277	7.67e-51	195
# BLASTN 2.13.0+
# Query: ECK120010861-R+
# Database: E._fergusonii_NZ_CP083638.1.fasta
# Fields: query acc.ver, subject acc.ver, % identity, alignment length, mismatches, gap opens, q. start, q. end, s. start, s. end, evalue, bit score
# 1 hits found
ECK120010861-R+	NZ_CP083638.1	99.180	122	1	0	1	122	3160388	3160267	1.52e-58	220
# BLASTN 2.13.0+
# Query: frd_ampC-
# Database: E._fergusonii_NZ_CP083638.1.fasta
# Fields: query acc.ver, subject acc.ver, % identity, alignment length, mismatches, gap opens, q. start, q. end, s. start, s. end, evalue, bit score
# 1 hits found
frd_ampC-	NZ_CP083638.1	100.000	109	0	0	1	109	3160385	3160277	4.80e-53	202
# BLASTN 2.13.0+
# Query: U14003.1/117410-117437 slurp/ecgetrf.pl?CH05089+
# Database: E._fergusonii_NZ_CP083638.1.fasta
# Fields: query acc.ver, subject acc.ver, % identity, alignment length, mismatches, gap opens, q. start, q. end, s. start, s. end, evalue, bit score
# 1 hits found
U14003.1/117410-117437	NZ_CP083638.1	97.403	77	1	1	1	77	3111999	3111924	2.27e-31	130
# BLASTN 2.13.0+
# Query: U14003.1/161794-161766 slurp/ecgetrf.pl?CH05091-
# Database: E._fergusonii_NZ_CP083638.1.fasta
# Fields: query acc.ver, subject acc.ver, % identity, alignment length, mismatches, gap opens, q. start, q. end, s. start, s. end, evalue, bit score
# 1 hits found
U14003.1/161794-161766	NZ_CP083638.1	91.743	109	8	1	1	109	3035856	3035749	1.76e-37	150
# BLASTN 2.13.0+
# Query: J01636.1/1170-1210 slurp/ecgetrf.pl?CH05936 DE:[terminator overlapping CAP site]-
# Database: E._fergusonii_NZ_CP083638.1.fasta
# 0 hits found
# BLASTN 2.13.0+
# Query: ECK120033737+
# Database: E._fergusonii_NZ_CP083638.1.fasta
# Fields: query acc.ver, subject acc.ver, % identity, alignment length, mismatches, gap opens, q. start, q. end, s. start, s. end, evalue, bit score
# 1 hits found
ECK120033737+	NZ_CP083638.1	98.519	135	1	1	3	136	2883240	2883106	1.71e-63	237
# BLASTN 2.13.0+
# Query: ECK120034435-
# Database: E._fergusonii_NZ_CP083638.1.fasta
# Fields: query acc.ver, subject acc.ver, % identity, alignment length, mismatches, gap opens, q. start, q. end, s. start, s. end, evalue, bit score
# 1 hits found
ECK120034435-	NZ_CP083638.1	98.913	92	1	0	46	137	4235395	4235304	8.28e-42	165
# BLASTN 2.13.0+
# Query: ECK120034435-R+
# Database: E._fergusonii_NZ_CP083638.1.fasta
# Fields: query acc.ver, subject acc.ver, % identity, alignment length, mismatches, gap opens, q. start, q. end, s. start, s. end, evalue, bit score
# 1 hits found
ECK120034435-R+	NZ_CP083638.1	98.913	92	1	0	46	137	4235395	4235304	8.28e-42	165
# BLASTN 2.13.0+
# Query: ECK120010818-
# Database: E._fergusonii_NZ_CP083638.1.fasta
# Fields: query acc.ver, subject acc.ver, % identity, alignment length, mismatches, gap opens, q. start, q. end, s. start, s. end, evalue, bit score
# 1 hits found
ECK120010818-	NZ_CP083638.1	96.825	63	2	0	42	104	2994894	2994956	4.96e-24	106
# BLASTN 2.13.0+
# Query: ECK120010794-R+
# Database: E._fergusonii_NZ_CP083638.1.fasta
# Fields: query acc.ver, subject acc.ver, % identity, alignment length, mismatches, gap opens, q. start, q. end, s. start, s. end, evalue, bit score
# 1 hits found
ECK120010794-R+	NZ_CP083638.1	96.825	63	2	0	39	101	2994894	2994956	4.09e-24	106
# BLASTN 2.13.0+
# Query: ECK120010793-R+
# Database: E._fergusonii_NZ_CP083638.1.fasta
# Fields: query acc.ver, subject acc.ver, % identity, alignment length, mismatches, gap opens, q. start, q. end, s. start, s. end, evalue, bit score
# 1 hits found
ECK120010793-R+	NZ_CP083638.1	96.825	63	2	0	39	101	2994894	2994956	4.09e-24	106
# BLASTN 2.13.0+
# Query: ECK120010793-
# Database: E._fergusonii_NZ_CP083638.1.fasta
# Fields: query acc.ver, subject acc.ver, % identity, alignment length, mismatches, gap opens, q. start, q. end, s. start, s. end, evalue, bit score
# 1 hits found
ECK120010793-	NZ_CP083638.1	96.825	63	2	0	39	101	2994894	2994956	4.09e-24	106
# BLASTN 2.13.0+
# Query: ECK120010869+
# Database: E._fergusonii_NZ_CP083638.1.fasta
# Fields: query acc.ver, subject acc.ver, % identity, alignment length, mismatches, gap opens, q. start, q. end, s. start, s. end, evalue, bit score
# 1 hits found
ECK120010869+	NZ_CP083638.1	100.000	77	0	0	1	77	3328363	3328287	3.15e-35	143
# BLASTN 2.13.0+
# Query: ECK120030221-R-
# Database: E._fergusonii_NZ_CP083638.1.fasta
# Fields: query acc.ver, subject acc.ver, % identity, alignment length, mismatches, gap opens, q. start, q. end, s. start, s. end, evalue, bit score
# 1 hits found
ECK120030221-R-	NZ_CP083638.1	96.296	27	1	0	50	76	2994921	2994895	9.23e-06	45.4
# BLASTN 2.13.0+
# Query: ECK120030221+
# Database: E._fergusonii_NZ_CP083638.1.fasta
# Fields: query acc.ver, subject acc.ver, % identity, alignment length, mismatches, gap opens, q. start, q. end, s. start, s. end, evalue, bit score
# 1 hits found
ECK120030221+	NZ_CP083638.1	96.296	27	1	0	50	76	2994921	2994895	9.23e-06	45.4
# BLASTN 2.13.0+
# Query: ECK120010832-R+
# Database: E._fergusonii_NZ_CP083638.1.fasta
# Fields: query acc.ver, subject acc.ver, % identity, alignment length, mismatches, gap opens, q. start, q. end, s. start, s. end, evalue, bit score
# 1 hits found
ECK120010832-R+	NZ_CP083638.1	98.261	115	2	0	1	115	1084145	1084259	5.12e-53	202
# BLASTN 2.13.0+
# Query: ECK120010832-
# Database: E._fergusonii_NZ_CP083638.1.fasta
# Fields: query acc.ver, subject acc.ver, % identity, alignment length, mismatches, gap opens, q. start, q. end, s. start, s. end, evalue, bit score
# 1 hits found
ECK120010832-	NZ_CP083638.1	98.261	115	2	0	1	115	1084145	1084259	5.12e-53	202
# BLASTN 2.13.0+
# Query: ECK120051401-
# Database: E._fergusonii_NZ_CP083638.1.fasta
# Fields: query acc.ver, subject acc.ver, % identity, alignment length, mismatches, gap opens, q. start, q. end, s. start, s. end, evalue, bit score
# 1 hits found
ECK120051401-	NZ_CP083638.1	100.000	82	0	0	1	82	471748	471829	5.89e-38	152
# BLASTN 2.13.0+
# Query: tonB_P14-
# Database: E._fergusonii_NZ_CP083638.1.fasta
# Fields: query acc.ver, subject acc.ver, % identity, alignment length, mismatches, gap opens, q. start, q. end, s. start, s. end, evalue, bit score
# 1 hits found
tonB_P14-	NZ_CP083638.1	79.268	82	15	2	54	134	1138818	1138898	5.11e-09	56.5
# BLASTN 2.13.0+
# Query: ECK120010792+
# Database: E._fergusonii_NZ_CP083638.1.fasta
# Fields: query acc.ver, subject acc.ver, % identity, alignment length, mismatches, gap opens, q. start, q. end, s. start, s. end, evalue, bit score
# 1 hits found
ECK120010792+	NZ_CP083638.1	78.750	80	15	2	54	132	1138818	1138896	6.44e-08	52.8
# BLASTN 2.13.0+
# Query: tonB+
# Database: E._fergusonii_NZ_CP083638.1.fasta
# Fields: query acc.ver, subject acc.ver, % identity, alignment length, mismatches, gap opens, q. start, q. end, s. start, s. end, evalue, bit score
# 1 hits found
tonB+	NZ_CP083638.1	80.000	70	12	2	44	112	1138818	1138886	2.03e-07	51.0
# BLASTN 2.13.0+
# Query: pyrBI-
# Database: E._fergusonii_NZ_CP083638.1.fasta
# Fields: query acc.ver, subject acc.ver, % identity, alignment length, mismatches, gap opens, q. start, q. end, s. start, s. end, evalue, bit score
# 1 hits found
pyrBI-	NZ_CP083638.1	91.743	109	8	1	1	109	3034377	3034270	1.76e-37	150
# BLASTN 2.13.0+
# Query: ilvBN+
# Database: E._fergusonii_NZ_CP083638.1.fasta
# Fields: query acc.ver, subject acc.ver, % identity, alignment length, mismatches, gap opens, q. start, q. end, s. start, s. end, evalue, bit score
# 1 hits found
ilvBN+	NZ_CP083638.1	98.291	117	1	1	1	116	3639577	3639693	1.44e-53	204
# BLASTN 2.13.0+
# Query: ECK120010797+
# Database: E._fergusonii_NZ_CP083638.1.fasta
# Fields: query acc.ver, subject acc.ver, % identity, alignment length, mismatches, gap opens, q. start, q. end, s. start, s. end, evalue, bit score
# 1 hits found
ECK120010797+	NZ_CP083638.1	94.068	118	6	1	1	117	2111718	2111835	8.90e-46	178
# BLASTN 2.13.0+
# Query: ECK120015452+
# Database: E._fergusonii_NZ_CP083638.1.fasta
# Fields: query acc.ver, subject acc.ver, % identity, alignment length, mismatches, gap opens, q. start, q. end, s. start, s. end, evalue, bit score
# 1 hits found
ECK120015452+	NZ_CP083638.1	96.000	125	5	0	1	125	395032	395156	1.60e-53	204
# BLASTN 2.13.0+
# Query: ECK120010815-
# Database: E._fergusonii_NZ_CP083638.1.fasta
# Fields: query acc.ver, subject acc.ver, % identity, alignment length, mismatches, gap opens, q. start, q. end, s. start, s. end, evalue, bit score
# 1 hits found
ECK120010815-	NZ_CP083638.1	94.118	34	2	0	1	34	1266427	1266460	6.15e-08	52.8
# BLASTN 2.13.0+
# Query: ECK120010815-R+
# Database: E._fergusonii_NZ_CP083638.1.fasta
# Fields: query acc.ver, subject acc.ver, % identity, alignment length, mismatches, gap opens, q. start, q. end, s. start, s. end, evalue, bit score
# 1 hits found
ECK120010815-R+	NZ_CP083638.1	94.118	34	2	0	1	34	1266427	1266460	6.15e-08	52.8
# BLASTN 2.13.0+
# Query: ECK120051385-
# Database: E._fergusonii_NZ_CP083638.1.fasta
# Fields: query acc.ver, subject acc.ver, % identity, alignment length, mismatches, gap opens, q. start, q. end, s. start, s. end, evalue, bit score
# 1 hits found
ECK120051385-	NZ_CP083638.1	98.450	129	2	0	1	129	2362860	2362988	9.70e-61	228
# BLASTN 2.13.0+
# Query: ECK120010846+
# Database: E._fergusonii_NZ_CP083638.1.fasta
# Fields: query acc.ver, subject acc.ver, % identity, alignment length, mismatches, gap opens, q. start, q. end, s. start, s. end, evalue, bit score
# 1 hits found
ECK120010846+	NZ_CP083638.1	82.609	69	5	5	6	74	3911013	3910952	1.63e-08	54.7
# BLASTN 2.13.0+
# Query: ECK120010853+
# Database: E._fergusonii_NZ_CP083638.1.fasta
# Fields: query acc.ver, subject acc.ver, % identity, alignment length, mismatches, gap opens, q. start, q. end, s. start, s. end, evalue, bit score
# 1 hits found
ECK120010853+	NZ_CP083638.1	100.000	48	0	0	1	48	280582	280629	4.90e-19	89.8
# BLASTN 2.13.0+
# Query: ECK120010825-
# Database: E._fergusonii_NZ_CP083638.1.fasta
# Fields: query acc.ver, subject acc.ver, % identity, alignment length, mismatches, gap opens, q. start, q. end, s. start, s. end, evalue, bit score
# 1 hits found
ECK120010825-	NZ_CP083638.1	94.286	35	2	0	91	125	1172892	1172926	1.71e-08	54.7
# BLASTN 2.13.0+
# Query: ECK120010825-R+
# Database: E._fergusonii_NZ_CP083638.1.fasta
# Fields: query acc.ver, subject acc.ver, % identity, alignment length, mismatches, gap opens, q. start, q. end, s. start, s. end, evalue, bit score
# 1 hits found
ECK120010825-R+	NZ_CP083638.1	94.286	35	2	0	91	125	1172892	1172926	1.71e-08	54.7
# BLASTN 2.13.0+
# Query: ECK120010833-
# Database: E._fergusonii_NZ_CP083638.1.fasta
# Fields: query acc.ver, subject acc.ver, % identity, alignment length, mismatches, gap opens, q. start, q. end, s. start, s. end, evalue, bit score
# 1 hits found
ECK120010833-	NZ_CP083638.1	86.747	83	7	3	46	126	1668352	1668432	4.86e-19	89.8
# BLASTN 2.13.0+
# Query: ECK120010833-R+
# Database: E._fergusonii_NZ_CP083638.1.fasta
# Fields: query acc.ver, subject acc.ver, % identity, alignment length, mismatches, gap opens, q. start, q. end, s. start, s. end, evalue, bit score
# 1 hits found
ECK120010833-R+	NZ_CP083638.1	86.747	83	7	3	46	126	1668352	1668432	4.86e-19	89.8
# BLASTN 2.13.0+
# Query: ECK120011170-
# Database: E._fergusonii_NZ_CP083638.1.fasta
# Fields: query acc.ver, subject acc.ver, % identity, alignment length, mismatches, gap opens, q. start, q. end, s. start, s. end, evalue, bit score
# 1 hits found
ECK120011170-	NZ_CP083638.1	95.798	119	5	0	1	119	399128	399246	3.21e-50	193
# BLASTN 2.13.0+
# Query: ECK120011170-R+
# Database: E._fergusonii_NZ_CP083638.1.fasta
# Fields: query acc.ver, subject acc.ver, % identity, alignment length, mismatches, gap opens, q. start, q. end, s. start, s. end, evalue, bit score
# 1 hits found
ECK120011170-R+	NZ_CP083638.1	95.798	119	5	0	1	119	399128	399246	3.21e-50	193
# BLASTN 2.13.0+
# Query: ECK120010866-R+
# Database: E._fergusonii_NZ_CP083638.1.fasta
# Fields: query acc.ver, subject acc.ver, % identity, alignment length, mismatches, gap opens, q. start, q. end, s. start, s. end, evalue, bit score
# 1 hits found
ECK120010866-R+	NZ_CP083638.1	97.391	115	3	0	3	117	399086	399200	2.43e-51	196
# BLASTN 2.13.0+
# Query: ECK120010866-
# Database: E._fergusonii_NZ_CP083638.1.fasta
# Fields: query acc.ver, subject acc.ver, % identity, alignment length, mismatches, gap opens, q. start, q. end, s. start, s. end, evalue, bit score
# 1 hits found
ECK120010866-	NZ_CP083638.1	97.391	115	3	0	3	117	399086	399200	2.43e-51	196
# BLASTN 2.13.0+
# Query: ECK120034551+
# Database: E._fergusonii_NZ_CP083638.1.fasta
# Fields: query acc.ver, subject acc.ver, % identity, alignment length, mismatches, gap opens, q. start, q. end, s. start, s. end, evalue, bit score
# 1 hits found
ECK120034551+	NZ_CP083638.1	91.852	135	8	3	1	133	87482	87615	6.14e-48	185
# BLASTN 2.13.0+
# Query: ECK120020525-
# Database: E._fergusonii_NZ_CP083638.1.fasta
# Fields: query acc.ver, subject acc.ver, % identity, alignment length, mismatches, gap opens, q. start, q. end, s. start, s. end, evalue, bit score
# 1 hits found
ECK120020525-	NZ_CP083638.1	100.000	116	0	0	1	116	4239224	4239109	6.65e-57	215
# BLASTN 2.13.0+
# Query: ECK120020525-R+
# Database: E._fergusonii_NZ_CP083638.1.fasta
# Fields: query acc.ver, subject acc.ver, % identity, alignment length, mismatches, gap opens, q. start, q. end, s. start, s. end, evalue, bit score
# 1 hits found
ECK120020525-R+	NZ_CP083638.1	100.000	116	0	0	1	116	4239224	4239109	6.65e-57	215
# BLASTN 2.13.0+
# Query: nusA_infB-
# Database: E._fergusonii_NZ_CP083638.1.fasta
# Fields: query acc.ver, subject acc.ver, % identity, alignment length, mismatches, gap opens, q. start, q. end, s. start, s. end, evalue, bit score
# 1 hits found
nusA_infB-	NZ_CP083638.1	100.000	144	0	0	1	144	4239262	4239119	2.34e-72	267
# BLASTN 2.13.0+
# Query: ECK120020526-R+
# Database: E._fergusonii_NZ_CP083638.1.fasta
# Fields: query acc.ver, subject acc.ver, % identity, alignment length, mismatches, gap opens, q. start, q. end, s. start, s. end, evalue, bit score
# 1 hits found
ECK120020526-R+	NZ_CP083638.1	100.000	113	0	0	1	113	4239265	4239153	3.00e-55	209
# BLASTN 2.13.0+
# Query: ECK120020526-
# Database: E._fergusonii_NZ_CP083638.1.fasta
# Fields: query acc.ver, subject acc.ver, % identity, alignment length, mismatches, gap opens, q. start, q. end, s. start, s. end, evalue, bit score
# 1 hits found
ECK120020526-	NZ_CP083638.1	100.000	113	0	0	1	113	4239265	4239153	3.00e-55	209
# BLASTN 2.13.0+
# Query: ECK120034436+
# Database: E._fergusonii_NZ_CP083638.1.fasta
# 0 hits found
# BLASTN 2.13.0+
# Query: ECK120021270-
# Database: E._fergusonii_NZ_CP083638.1.fasta
# Fields: query acc.ver, subject acc.ver, % identity, alignment length, mismatches, gap opens, q. start, q. end, s. start, s. end, evalue, bit score
# 1 hits found
ECK120021270-	NZ_CP083638.1	98.333	120	2	0	1	120	1498605	1498724	8.96e-56	211
# BLASTN 2.13.0+
# Query: ECK120021270-R+
# Database: E._fergusonii_NZ_CP083638.1.fasta
# Fields: query acc.ver, subject acc.ver, % identity, alignment length, mismatches, gap opens, q. start, q. end, s. start, s. end, evalue, bit score
# 1 hits found
ECK120021270-R+	NZ_CP083638.1	98.333	120	2	0	1	120	1498605	1498724	8.96e-56	211
# BLASTN 2.13.0+
# Query: ECK125095454+
# Database: E._fergusonii_NZ_CP083638.1.fasta
# Fields: query acc.ver, subject acc.ver, % identity, alignment length, mismatches, gap opens, q. start, q. end, s. start, s. end, evalue, bit score
# 1 hits found
ECK125095454+	NZ_CP083638.1	97.458	118	3	0	1	118	2670037	2669920	5.28e-53	202
# BLASTN 2.13.0+
# Query: ECK120010874-
# Database: E._fergusonii_NZ_CP083638.1.fasta
# Fields: query acc.ver, subject acc.ver, % identity, alignment length, mismatches, gap opens, q. start, q. end, s. start, s. end, evalue, bit score
# 1 hits found
ECK120010874-	NZ_CP083638.1	100.000	119	0	0	1	119	4112690	4112572	1.47e-58	220
# BLASTN 2.13.0+
# Query: ECK120010874-R+
# Database: E._fergusonii_NZ_CP083638.1.fasta
# Fields: query acc.ver, subject acc.ver, % identity, alignment length, mismatches, gap opens, q. start, q. end, s. start, s. end, evalue, bit score
# 1 hits found
ECK120010874-R+	NZ_CP083638.1	100.000	119	0	0	1	119	4112690	4112572	1.47e-58	220
# BLASTN 2.13.0+
# Query: ECK120010796-
# Database: E._fergusonii_NZ_CP083638.1.fasta
# Fields: query acc.ver, subject acc.ver, % identity, alignment length, mismatches, gap opens, q. start, q. end, s. start, s. end, evalue, bit score
# 1 hits found
ECK120010796-	NZ_CP083638.1	93.182	88	5	1	38	124	2599110	2599197	9.84e-31	128
# BLASTN 2.13.0+
# Query: ECK120010796-R+
# Database: E._fergusonii_NZ_CP083638.1.fasta
# Fields: query acc.ver, subject acc.ver, % identity, alignment length, mismatches, gap opens, q. start, q. end, s. start, s. end, evalue, bit score
# 1 hits found
ECK120010796-R+	NZ_CP083638.1	93.182	88	5	1	38	124	2599110	2599197	9.84e-31	128
# BLASTN 2.13.0+
# Query: ECK120030218+
# Database: E._fergusonii_NZ_CP083638.1.fasta
# 0 hits found
# BLASTN 2.13.0+
# Query: ECK120020528-
# Database: E._fergusonii_NZ_CP083638.1.fasta
# Fields: query acc.ver, subject acc.ver, % identity, alignment length, mismatches, gap opens, q. start, q. end, s. start, s. end, evalue, bit score
# 1 hits found
ECK120020528-	NZ_CP083638.1	96.667	120	3	1	1	120	3834833	3834715	6.97e-52	198
# BLASTN 2.13.0+
# Query: ECK120020528-R+
# Database: E._fergusonii_NZ_CP083638.1.fasta
# Fields: query acc.ver, subject acc.ver, % identity, alignment length, mismatches, gap opens, q. start, q. end, s. start, s. end, evalue, bit score
# 1 hits found
ECK120020528-R+	NZ_CP083638.1	96.667	120	3	1	1	120	3834833	3834715	6.97e-52	198
# BLASTN 2.13.0+
# Query: ECK120033265+
# Database: E._fergusonii_NZ_CP083638.1.fasta
# Fields: query acc.ver, subject acc.ver, % identity, alignment length, mismatches, gap opens, q. start, q. end, s. start, s. end, evalue, bit score
# 1 hits found
ECK120033265+	NZ_CP083638.1	96.429	84	3	0	1	84	3835831	3835748	4.63e-34	139
# BLASTN 2.13.0+
# Query: ECK120010834+
# Database: E._fergusonii_NZ_CP083638.1.fasta
# Fields: query acc.ver, subject acc.ver, % identity, alignment length, mismatches, gap opens, q. start, q. end, s. start, s. end, evalue, bit score
# 1 hits found
ECK120010834+	NZ_CP083638.1	98.020	101	2	0	31	131	4401057	4400957	3.63e-45	176
# BLASTN 2.13.0+
# Query: trp-
# Database: E._fergusonii_NZ_CP083638.1.fasta
# Fields: query acc.ver, subject acc.ver, % identity, alignment length, mismatches, gap opens, q. start, q. end, s. start, s. end, evalue, bit score
# 1 hits found
trp-	NZ_CP083638.1	99.074	108	1	0	1	108	1148596	1148703	7.94e-51	195
# BLASTN 2.13.0+
# Query: ECK120010841-
# Database: E._fergusonii_NZ_CP083638.1.fasta
# Fields: query acc.ver, subject acc.ver, % identity, alignment length, mismatches, gap opens, q. start, q. end, s. start, s. end, evalue, bit score
# 1 hits found
ECK120010841-	NZ_CP083638.1	91.803	122	9	1	1	121	3974020	3973899	5.52e-43	169
# BLASTN 2.13.0+
# Query: ECK120010841-R+
# Database: E._fergusonii_NZ_CP083638.1.fasta
# Fields: query acc.ver, subject acc.ver, % identity, alignment length, mismatches, gap opens, q. start, q. end, s. start, s. end, evalue, bit score
# 1 hits found
ECK120010841-R+	NZ_CP083638.1	91.803	122	9	1	1	121	3974020	3973899	5.52e-43	169
# BLASTN 2.13.0+
# Query: ECK120030673+
# Database: E._fergusonii_NZ_CP083638.1.fasta
# 0 hits found
# BLASTN 2.13.0+
# Query: ECK120029530-
# Database: E._fergusonii_NZ_CP083638.1.fasta
# Fields: query acc.ver, subject acc.ver, % identity, alignment length, mismatches, gap opens, q. start, q. end, s. start, s. end, evalue, bit score
# 1 hits found
ECK120029530-	NZ_CP083638.1	92.593	27	2	0	100	126	2199800	2199826	4.83e-04	39.9
# BLASTN 2.13.0+
# Query: ECK120029530-R+
# Database: E._fergusonii_NZ_CP083638.1.fasta
# Fields: query acc.ver, subject acc.ver, % identity, alignment length, mismatches, gap opens, q. start, q. end, s. start, s. end, evalue, bit score
# 1 hits found
ECK120029530-R+	NZ_CP083638.1	92.593	27	2	0	100	126	2199800	2199826	4.83e-04	39.9
# BLASTN 2.13.0+
# Query: ECK125095455-
# Database: E._fergusonii_NZ_CP083638.1.fasta
# Fields: query acc.ver, subject acc.ver, % identity, alignment length, mismatches, gap opens, q. start, q. end, s. start, s. end, evalue, bit score
# 1 hits found
ECK125095455-	NZ_CP083638.1	98.582	141	2	0	1	141	4228669	4228529	2.30e-67	250
# BLASTN 2.13.0+
# Query: ECK120048902+
# Database: E._fergusonii_NZ_CP083638.1.fasta
# Fields: query acc.ver, subject acc.ver, % identity, alignment length, mismatches, gap opens, q. start, q. end, s. start, s. end, evalue, bit score
# 1 hits found
ECK120048902+	NZ_CP083638.1	90.909	110	10	0	1	110	2108764	2108873	6.84e-37	148
# BLASTN 2.13.0+
# Query: ECK120010827-
# Database: E._fergusonii_NZ_CP083638.1.fasta
# 0 hits found
# BLASTN 2.13.0+
# Query: ECK120010791-
# Database: E._fergusonii_NZ_CP083638.1.fasta
# Fields: query acc.ver, subject acc.ver, % identity, alignment length, mismatches, gap opens, q. start, q. end, s. start, s. end, evalue, bit score
# 1 hits found
ECK120010791-	NZ_CP083638.1	89.474	76	7	1	42	117	3249443	3249369	9.13e-21	95.3
# BLASTN 2.13.0+
# Query: ECK120010791-R+
# Database: E._fergusonii_NZ_CP083638.1.fasta
# Fields: query acc.ver, subject acc.ver, % identity, alignment length, mismatches, gap opens, q. start, q. end, s. start, s. end, evalue, bit score
# 1 hits found
ECK120010791-R+	NZ_CP083638.1	89.474	76	7	1	42	117	3249443	3249369	9.13e-21	95.3
# BLASTN 2.13.0+
# Query: ECK120048897-
# Database: E._fergusonii_NZ_CP083638.1.fasta
# 0 hits found
# BLASTN 2.13.0+
# Query: ECK120048897-R+
# Database: E._fergusonii_NZ_CP083638.1.fasta
# 0 hits found
# BLASTN 2.13.0+
# Query: ECK120010803-
# Database: E._fergusonii_NZ_CP083638.1.fasta
# Fields: query acc.ver, subject acc.ver, % identity, alignment length, mismatches, gap opens, q. start, q. end, s. start, s. end, evalue, bit score
# 1 hits found
ECK120010803-	NZ_CP083638.1	87.805	41	5	0	81	121	1616981	1617021	7.51e-07	49.1
# BLASTN 2.13.0+
# Query: ECK120010803-R+
# Database: E._fergusonii_NZ_CP083638.1.fasta
# Fields: query acc.ver, subject acc.ver, % identity, alignment length, mismatches, gap opens, q. start, q. end, s. start, s. end, evalue, bit score
# 1 hits found
ECK120010803-R+	NZ_CP083638.1	87.805	41	5	0	81	121	1616981	1617021	7.51e-07	49.1
# BLASTN 2.13.0+
# Query: pheST-
# Database: E._fergusonii_NZ_CP083638.1.fasta
# Fields: query acc.ver, subject acc.ver, % identity, alignment length, mismatches, gap opens, q. start, q. end, s. start, s. end, evalue, bit score
# 1 hits found
pheST-	NZ_CP083638.1	96.262	107	3	1	1	106	1498403	1498509	1.01e-44	174
# BLASTN 2.13.0+
# Query: ECK120021269-R+
# Database: E._fergusonii_NZ_CP083638.1.fasta
# Fields: query acc.ver, subject acc.ver, % identity, alignment length, mismatches, gap opens, q. start, q. end, s. start, s. end, evalue, bit score
# 1 hits found
ECK120021269-R+	NZ_CP083638.1	96.522	115	3	1	1	114	1498402	1498516	4.03e-49	189
# BLASTN 2.13.0+
# Query: ECK120015957-
# Database: E._fergusonii_NZ_CP083638.1.fasta
# Fields: query acc.ver, subject acc.ver, % identity, alignment length, mismatches, gap opens, q. start, q. end, s. start, s. end, evalue, bit score
# 1 hits found
ECK120015957-	NZ_CP083638.1	99.091	110	1	0	1	110	3037882	3037773	6.63e-52	198
# BLASTN 2.13.0+
# Query: ECK120015448+
# Database: E._fergusonii_NZ_CP083638.1.fasta
# Fields: query acc.ver, subject acc.ver, % identity, alignment length, mismatches, gap opens, q. start, q. end, s. start, s. end, evalue, bit score
# 1 hits found
ECK120015448+	NZ_CP083638.1	81.061	132	24	1	2	133	1676217	1676347	1.77e-23	104
# BLASTN 2.13.0+
# Query: ECK120010816-
# Database: E._fergusonii_NZ_CP083638.1.fasta
# Fields: query acc.ver, subject acc.ver, % identity, alignment length, mismatches, gap opens, q. start, q. end, s. start, s. end, evalue, bit score
# 1 hits found
ECK120010816-	NZ_CP083638.1	92.655	177	13	0	2	178	4022107	4021931	6.45e-69	255
# BLASTN 2.13.0+
# Query: ECK120010845-
# Database: E._fergusonii_NZ_CP083638.1.fasta
# Fields: query acc.ver, subject acc.ver, % identity, alignment length, mismatches, gap opens, q. start, q. end, s. start, s. end, evalue, bit score
# 1 hits found
ECK120010845-	NZ_CP083638.1	97.248	109	3	0	2	110	2013322	2013430	5.38e-48	185
# BLASTN 2.13.0+
# Query: ECK120030220+
# Database: E._fergusonii_NZ_CP083638.1.fasta
# 0 hits found
# BLASTN 2.13.0+
# Query: ECK120033264-
# Database: E._fergusonii_NZ_CP083638.1.fasta
# Fields: query acc.ver, subject acc.ver, % identity, alignment length, mismatches, gap opens, q. start, q. end, s. start, s. end, evalue, bit score
# 1 hits found
ECK120033264-	NZ_CP083638.1	99.194	248	2	0	1	248	3542565	3542812	1.42e-126	448
# BLASTN 2.13.0+
# Query: ECK120010779+
# Database: E._fergusonii_NZ_CP083638.1.fasta
# Fields: query acc.ver, subject acc.ver, % identity, alignment length, mismatches, gap opens, q. start, q. end, s. start, s. end, evalue, bit score
# 1 hits found
ECK120010779+	NZ_CP083638.1	82.171	129	23	0	1	129	2409206	2409334	1.02e-25	111
# BLASTN 2.13.0+
# Query: ECK120010779-R-
# Database: E._fergusonii_NZ_CP083638.1.fasta
# Fields: query acc.ver, subject acc.ver, % identity, alignment length, mismatches, gap opens, q. start, q. end, s. start, s. end, evalue, bit score
# 1 hits found
ECK120010779-R-	NZ_CP083638.1	82.171	129	23	0	1	129	2409206	2409334	1.02e-25	111
# BLASTN 2.13.0+
# Query: ECK120015456-
# Database: E._fergusonii_NZ_CP083638.1.fasta
# Fields: query acc.ver, subject acc.ver, % identity, alignment length, mismatches, gap opens, q. start, q. end, s. start, s. end, evalue, bit score
# 1 hits found
ECK120015456-	NZ_CP083638.1	99.020	102	1	0	19	120	4553710	4553609	1.95e-47	183
# BLASTN 2.13.0+
# Query: ECK120015456-R+
# Database: E._fergusonii_NZ_CP083638.1.fasta
# Fields: query acc.ver, subject acc.ver, % identity, alignment length, mismatches, gap opens, q. start, q. end, s. start, s. end, evalue, bit score
# 1 hits found
ECK120015456-R+	NZ_CP083638.1	99.020	102	1	0	19	120	4553710	4553609	1.95e-47	183
# BLASTN 2.13.0+
# Query: ECK120035135-
# Database: E._fergusonii_NZ_CP083638.1.fasta
# 0 hits found
# BLASTN 2.13.0+
# Query: ECK120035135-R+
# Database: E._fergusonii_NZ_CP083638.1.fasta
# 0 hits found
# BLASTN 2.13.0+
# Query: ECK120034954+
# Database: E._fergusonii_NZ_CP083638.1.fasta
# Fields: query acc.ver, subject acc.ver, % identity, alignment length, mismatches, gap opens, q. start, q. end, s. start, s. end, evalue, bit score
# 1 hits found
ECK120034954+	NZ_CP083638.1	100.000	123	0	0	1	123	3654743	3654865	9.16e-61	228
# BLASTN 2.13.0+
# Query: ECK120010801+
# Database: E._fergusonii_NZ_CP083638.1.fasta
# 0 hits found
# BLASTN 2.13.0+
# Query: ECK120034948+
# Database: E._fergusonii_NZ_CP083638.1.fasta
# Fields: query acc.ver, subject acc.ver, % identity, alignment length, mismatches, gap opens, q. start, q. end, s. start, s. end, evalue, bit score
# 1 hits found
ECK120034948+	NZ_CP083638.1	96.850	127	4	0	1	127	3162649	3162523	2.66e-56	213
# BLASTN 2.13.0+
# Query: ECK125109868-
# Database: E._fergusonii_NZ_CP083638.1.fasta
# 0 hits found
# BLASTN 2.13.0+
# Query: ECK120034949+
# Database: E._fergusonii_NZ_CP083638.1.fasta
# 0 hits found
# BLASTN 2.13.0+
# Query: ECK120015443-
# Database: E._fergusonii_NZ_CP083638.1.fasta
# Fields: query acc.ver, subject acc.ver, % identity, alignment length, mismatches, gap opens, q. start, q. end, s. start, s. end, evalue, bit score
# 1 hits found
ECK120015443-	NZ_CP083638.1	92.593	27	2	0	4	30	4559635	4559609	4.34e-04	39.9
# BLASTN 2.13.0+
# Query: ECK120015443-R+
# Database: E._fergusonii_NZ_CP083638.1.fasta
# Fields: query acc.ver, subject acc.ver, % identity, alignment length, mismatches, gap opens, q. start, q. end, s. start, s. end, evalue, bit score
# 1 hits found
ECK120015443-R+	NZ_CP083638.1	92.593	27	2	0	4	30	4559635	4559609	4.34e-04	39.9
# BLASTN 2.13.0+
# Query: ECK120010839+
# Database: E._fergusonii_NZ_CP083638.1.fasta
# Fields: query acc.ver, subject acc.ver, % identity, alignment length, mismatches, gap opens, q. start, q. end, s. start, s. end, evalue, bit score
# 1 hits found
ECK120010839+	NZ_CP083638.1	100.000	124	0	0	1	124	4524347	4524224	2.57e-61	230
# BLASTN 2.13.0+
# Query: ECK120010838+
# Database: E._fergusonii_NZ_CP083638.1.fasta
# Fields: query acc.ver, subject acc.ver, % identity, alignment length, mismatches, gap opens, q. start, q. end, s. start, s. end, evalue, bit score
# 1 hits found
ECK120010838+	NZ_CP083638.1	99.174	121	1	0	1	121	4524333	4524213	5.41e-58	219
# BLASTN 2.13.0+
# Query: ECK120026312-
# Database: E._fergusonii_NZ_CP083638.1.fasta
# Fields: query acc.ver, subject acc.ver, % identity, alignment length, mismatches, gap opens, q. start, q. end, s. start, s. end, evalue, bit score
# 1 hits found
ECK120026312-	NZ_CP083638.1	79.032	62	13	0	48	109	2971419	2971358	3.42e-05	43.6
# BLASTN 2.13.0+
# Query: ECK120026312-R+
# Database: E._fergusonii_NZ_CP083638.1.fasta
# Fields: query acc.ver, subject acc.ver, % identity, alignment length, mismatches, gap opens, q. start, q. end, s. start, s. end, evalue, bit score
# 1 hits found
ECK120026312-R+	NZ_CP083638.1	79.032	62	13	0	48	109	2971419	2971358	3.42e-05	43.6
# BLASTN 2.13.0+
# Query: ECK120030801-
# Database: E._fergusonii_NZ_CP083638.1.fasta
# Fields: query acc.ver, subject acc.ver, % identity, alignment length, mismatches, gap opens, q. start, q. end, s. start, s. end, evalue, bit score
# 1 hits found
ECK120030801-	NZ_CP083638.1	89.256	121	10	3	9	128	3355571	3355453	7.69e-37	148
# BLASTN 2.13.0+
# Query: ECK120030801-R+
# Database: E._fergusonii_NZ_CP083638.1.fasta
# Fields: query acc.ver, subject acc.ver, % identity, alignment length, mismatches, gap opens, q. start, q. end, s. start, s. end, evalue, bit score
# 1 hits found
ECK120030801-R+	NZ_CP083638.1	89.256	121	10	3	9	128	3355571	3355453	7.69e-37	148
# BLASTN 2.13.0+
# Query: ECK120030800+
# Database: E._fergusonii_NZ_CP083638.1.fasta
# Fields: query acc.ver, subject acc.ver, % identity, alignment length, mismatches, gap opens, q. start, q. end, s. start, s. end, evalue, bit score
# 1 hits found
ECK120030800+	NZ_CP083638.1	95.200	125	6	0	1	125	996130	996254	7.32e-52	198
# BLASTN 2.13.0+
# Query: ECK120048900+
# Database: E._fergusonii_NZ_CP083638.1.fasta
# Fields: query acc.ver, subject acc.ver, % identity, alignment length, mismatches, gap opens, q. start, q. end, s. start, s. end, evalue, bit score
# 1 hits found
ECK120048900+	NZ_CP083638.1	90.323	124	11	1	1	123	3418833	3418710	9.42e-41	161
# BLASTN 2.13.0+
# Query: ECK125109869-
# Database: E._fergusonii_NZ_CP083638.1.fasta
# Fields: query acc.ver, subject acc.ver, % identity, alignment length, mismatches, gap opens, q. start, q. end, s. start, s. end, evalue, bit score
# 1 hits found
ECK125109869-	NZ_CP083638.1	100.000	43	0	0	82	124	3502738	3502780	2.74e-16	80.5
# BLASTN 2.13.0+
# Query: ECK120020527+
# Database: E._fergusonii_NZ_CP083638.1.fasta
# Fields: query acc.ver, subject acc.ver, % identity, alignment length, mismatches, gap opens, q. start, q. end, s. start, s. end, evalue, bit score
# 1 hits found
ECK120020527+	NZ_CP083638.1	96.460	113	4	0	2	114	4150841	4150729	1.42e-48	187
# BLASTN 2.13.0+
# Query: ECK120027917-
# Database: E._fergusonii_NZ_CP083638.1.fasta
# Fields: query acc.ver, subject acc.ver, % identity, alignment length, mismatches, gap opens, q. start, q. end, s. start, s. end, evalue, bit score
# 1 hits found
ECK120027917-	NZ_CP083638.1	88.976	127	14	0	2	128	2726811	2726685	1.28e-39	158
# BLASTN 2.13.0+
# Query: ECK120027917-R+
# Database: E._fergusonii_NZ_CP083638.1.fasta
# Fields: query acc.ver, subject acc.ver, % identity, alignment length, mismatches, gap opens, q. start, q. end, s. start, s. end, evalue, bit score
# 1 hits found
ECK120027917-R+	NZ_CP083638.1	88.976	127	14	0	2	128	2726811	2726685	1.28e-39	158
# BLASTN 2.13.0+
# Query: ECK120010835-R+
# Database: E._fergusonii_NZ_CP083638.1.fasta
# 0 hits found
# BLASTN 2.13.0+
# Query: ECK120015447-R+
# Database: E._fergusonii_NZ_CP083638.1.fasta
# Fields: query acc.ver, subject acc.ver, % identity, alignment length, mismatches, gap opens, q. start, q. end, s. start, s. end, evalue, bit score
# 1 hits found
ECK120015447-R+	NZ_CP083638.1	92.683	123	9	0	1	123	2086020	2086142	9.45e-46	178
# BLASTN 2.13.0+
# Query: ECK120010786-R+
# Database: E._fergusonii_NZ_CP083638.1.fasta
# Fields: query acc.ver, subject acc.ver, % identity, alignment length, mismatches, gap opens, q. start, q. end, s. start, s. end, evalue, bit score
# 1 hits found
ECK120010786-R+	NZ_CP083638.1	98.305	118	2	0	1	118	2495552	2495669	1.14e-54	207
# BLAST processed 174 queries
