# BLASTN 2.13.0+
# Query: X60293.1/246-293 slurp/ecgetrf.pl?CH03783 DE:[Terminator cysB]+
# Database: S._sonnei_NZ_CP055292.1.fasta
# Fields: query acc.ver, subject acc.ver, % identity, alignment length, mismatches, gap opens, q. start, q. end, s. start, s. end, evalue, bit score
# 1 hits found
X60293.1/246-293	NZ_CP055292.1	99.219	128	1	0	1	128	4615137	4615010	7.71e-62	231
# BLASTN 2.13.0+
# Query: ECK120010828+
# Database: S._sonnei_NZ_CP055292.1.fasta
# Fields: query acc.ver, subject acc.ver, % identity, alignment length, mismatches, gap opens, q. start, q. end, s. start, s. end, evalue, bit score
# 1 hits found
ECK120010828+	NZ_CP055292.1	99.231	130	1	0	1	130	4615145	4615016	6.07e-63	235
# BLASTN 2.13.0+
# Query: X15237.1/1846-1870 slurp/ecgetrf.pl?CH03787 DE:[pot. stem-loop structure]+
# Database: S._sonnei_NZ_CP055292.1.fasta
# Fields: query acc.ver, subject acc.ver, % identity, alignment length, mismatches, gap opens, q. start, q. end, s. start, s. end, evalue, bit score
# 1 hits found
X15237.1/1846-1870	NZ_CP055292.1	98.058	103	2	0	3	105	1145173	1145071	2.23e-46	180
# BLASTN 2.13.0+
# Query: ECK120029528-R+
# Database: S._sonnei_NZ_CP055292.1.fasta
# Fields: query acc.ver, subject acc.ver, % identity, alignment length, mismatches, gap opens, q. start, q. end, s. start, s. end, evalue, bit score
# 1 hits found
ECK120029528-R+	NZ_CP055292.1	97.600	125	3	0	1	125	1145185	1145061	7.55e-57	215
# BLASTN 2.13.0+
# Query: ECK120029528-
# Database: S._sonnei_NZ_CP055292.1.fasta
# Fields: query acc.ver, subject acc.ver, % identity, alignment length, mismatches, gap opens, q. start, q. end, s. start, s. end, evalue, bit score
# 1 hits found
ECK120029528-	NZ_CP055292.1	97.600	125	3	0	1	125	1145185	1145061	7.55e-57	215
# BLASTN 2.13.0+
# Query: X17333.1/1415-1439 slurp/ecgetrf.pl?CH03793 DE:[put. bidirectional transcriptional terminator]-
# Database: S._sonnei_NZ_CP055292.1.fasta
# Fields: query acc.ver, subject acc.ver, % identity, alignment length, mismatches, gap opens, q. start, q. end, s. start, s. end, evalue, bit score
# 1 hits found
X17333.1/1415-1439	NZ_CP055292.1	98.058	103	2	0	3	105	1145173	1145071	2.23e-46	180
# BLASTN 2.13.0+
# Query: X06091.1/1417-1440 slurp/ecgetrf.pl?CH03791 DE:[pot. stem-loop structure; pot. transcription terminator]-
# Database: S._sonnei_NZ_CP055292.1.fasta
# Fields: query acc.ver, subject acc.ver, % identity, alignment length, mismatches, gap opens, q. start, q. end, s. start, s. end, evalue, bit score
# 1 hits found
X06091.1/1417-1440	NZ_CP055292.1	95.192	104	5	0	1	104	3911617	3911514	6.17e-42	165
# BLASTN 2.13.0+
# Query: X68192.1/1637-1678 slurp/ecgetrf.pl?CH03795 DE:[terminator II]-
# Database: S._sonnei_NZ_CP055292.1.fasta
# Fields: query acc.ver, subject acc.ver, % identity, alignment length, mismatches, gap opens, q. start, q. end, s. start, s. end, evalue, bit score
# 1 hits found
X68192.1/1637-1678	NZ_CP055292.1	99.180	122	0	1	1	122	259172	259052	5.67e-58	219
# BLASTN 2.13.0+
# Query: M87625.1/2270-2297 slurp/ecgetrf.pl?CH03800 DE:[termination sequence]+
# Database: S._sonnei_NZ_CP055292.1.fasta
# Fields: query acc.ver, subject acc.ver, % identity, alignment length, mismatches, gap opens, q. start, q. end, s. start, s. end, evalue, bit score
# 1 hits found
M87625.1/2270-2297	NZ_CP055292.1	99.074	108	0	1	1	108	1866456	1866350	2.96e-50	193
# BLASTN 2.13.0+
# Query: M87049.1/68404-68432 slurp/ecgetrf.pl?CH03923 DE:[terminator-like sequence]+
# Database: S._sonnei_NZ_CP055292.1.fasta
# Fields: query acc.ver, subject acc.ver, % identity, alignment length, mismatches, gap opens, q. start, q. end, s. start, s. end, evalue, bit score
# 1 hits found
M87049.1/68404-68432	NZ_CP055292.1	99.074	108	0	1	1	108	1866456	1866350	2.96e-50	193
# BLASTN 2.13.0+
# Query: X61919.1/257-295 slurp/ecgetrf.pl?CH03803 DE:[crp divergent RNA transcription terminator]-
# Database: S._sonnei_NZ_CP055292.1.fasta
# Fields: query acc.ver, subject acc.ver, % identity, alignment length, mismatches, gap opens, q. start, q. end, s. start, s. end, evalue, bit score
# 1 hits found
X61919.1/257-295	NZ_CP055292.1	98.319	119	2	0	1	119	2412433	2412315	3.31e-55	209
# BLASTN 2.13.0+
# Query: X01653.1/3207-3232 slurp/ecgetrf.pl?CH03805 DE:[pot. stem-loop structure]+
# Database: S._sonnei_NZ_CP055292.1.fasta
# Fields: query acc.ver, subject acc.ver, % identity, alignment length, mismatches, gap opens, q. start, q. end, s. start, s. end, evalue, bit score
# 1 hits found
X01653.1/3207-3232	NZ_CP055292.1	99.057	106	1	0	1	106	1893362	1893257	1.04e-49	191
# BLASTN 2.13.0+
# Query: X05629.1/80-111 slurp/ecgetrf.pl?CH03808 DE:[Terminator deoT]+
# Database: S._sonnei_NZ_CP055292.1.fasta
# Fields: query acc.ver, subject acc.ver, % identity, alignment length, mismatches, gap opens, q. start, q. end, s. start, s. end, evalue, bit score
# 1 hits found
X05629.1/80-111	NZ_CP055292.1	98.214	112	2	0	1	112	1287034	1286923	2.40e-51	196
# BLASTN 2.13.0+
# Query: U14003.1/312468-312496 slurp/ecgetrf.pl?CH05099+
# Database: S._sonnei_NZ_CP055292.1.fasta
# Fields: query acc.ver, subject acc.ver, % identity, alignment length, mismatches, gap opens, q. start, q. end, s. start, s. end, evalue, bit score
# 1 hits found
U14003.1/312468-312496	NZ_CP055292.1	98.165	109	2	0	1	109	1287032	1286924	1.08e-49	191
# BLASTN 2.13.0+
# Query: X00547.1/1104-1134 slurp/ecgetrf.pl?CH03811 DE:[Pot. transcription terminator]-
# Database: S._sonnei_NZ_CP055292.1.fasta
# Fields: query acc.ver, subject acc.ver, % identity, alignment length, mismatches, gap opens, q. start, q. end, s. start, s. end, evalue, bit score
# 1 hits found
X00547.1/1104-1134	NZ_CP055292.1	98.198	111	2	0	1	111	215689	215579	8.52e-51	195
# BLASTN 2.13.0+
# Query: M84991.1/1269-1309 slurp/ecgetrf.pl?CH03814 DE:[Terminatorfor fatty acid biosynthesis operon]+
# Database: S._sonnei_NZ_CP055292.1.fasta
# Fields: query acc.ver, subject acc.ver, % identity, alignment length, mismatches, gap opens, q. start, q. end, s. start, s. end, evalue, bit score
# 1 hits found
M84991.1/1269-1309	NZ_CP055292.1	100.000	120	0	0	1	120	105518	105399	4.30e-59	222
# BLASTN 2.13.0+
# Query: X08087.1/907-941 slurp/ecgetrf.pl?CH03816 DE:[Pot. stem-loop structure; pot. transcription terminator]+
# Database: S._sonnei_NZ_CP055292.1.fasta
# Fields: query acc.ver, subject acc.ver, % identity, alignment length, mismatches, gap opens, q. start, q. end, s. start, s. end, evalue, bit score
# 1 hits found
X08087.1/907-941	NZ_CP055292.1	97.391	115	3	0	1	115	4709507	4709393	2.47e-51	196
# BLASTN 2.13.0+
# Query: ECK120048898+
# Database: S._sonnei_NZ_CP055292.1.fasta
# Fields: query acc.ver, subject acc.ver, % identity, alignment length, mismatches, gap opens, q. start, q. end, s. start, s. end, evalue, bit score
# 1 hits found
ECK120048898+	NZ_CP055292.1	97.541	122	3	0	1	122	4709517	4709396	3.41e-55	209
# BLASTN 2.13.0+
# Query: X63666.1/1540-1567 slurp/ecgetrf.pl?CH03819 DE:[Putative termination signal]+
# Database: S._sonnei_NZ_CP055292.1.fasta
# Fields: query acc.ver, subject acc.ver, % identity, alignment length, mismatches, gap opens, q. start, q. end, s. start, s. end, evalue, bit score
# 1 hits found
X63666.1/1540-1567	NZ_CP055292.1	99.074	108	1	0	1	108	2447809	2447702	8.24e-51	195
# BLASTN 2.13.0+
# Query: X04065.1/1578-1619 slurp/ecgetrf.pl?CH03822 DE:[Stem-loop structure; pot. transcription terminator]-
# Database: S._sonnei_NZ_CP055292.1.fasta
# Fields: query acc.ver, subject acc.ver, % identity, alignment length, mismatches, gap opens, q. start, q. end, s. start, s. end, evalue, bit score
# 1 hits found
X04065.1/1578-1619	NZ_CP055292.1	99.180	122	1	0	1	122	4203444	4203323	1.58e-58	220
# BLASTN 2.13.0+
# Query: X06744.1/2831-2858 slurp/ecgetrf.pl?CH03831 DE:[Put. stem loop structure]-
# Database: S._sonnei_NZ_CP055292.1.fasta
# Fields: query acc.ver, subject acc.ver, % identity, alignment length, mismatches, gap opens, q. start, q. end, s. start, s. end, evalue, bit score
# 1 hits found
X06744.1/2831-2858	NZ_CP055292.1	98.148	108	2	0	1	108	3563245	3563138	3.83e-49	189
# BLASTN 2.13.0+
# Query: X04864.1/495-528 slurp/ecgetrf.pl?CH03835 DE:[Put. transcription terminator]+
# Database: S._sonnei_NZ_CP055292.1.fasta
# Fields: query acc.ver, subject acc.ver, % identity, alignment length, mismatches, gap opens, q. start, q. end, s. start, s. end, evalue, bit score
# 1 hits found
X04864.1/495-528	NZ_CP055292.1	97.368	114	3	0	1	114	282438	282325	8.80e-51	195
# BLASTN 2.13.0+
# Query: X67700.1/988-1010 slurp/ecgetrf.pl?CH03840 DE:[ORF1 terminator]+
# Database: S._sonnei_NZ_CP055292.1.fasta
# Fields: query acc.ver, subject acc.ver, % identity, alignment length, mismatches, gap opens, q. start, q. end, s. start, s. end, evalue, bit score
# 1 hits found
X67700.1/988-1010	NZ_CP055292.1	97.087	103	1	2	1	103	1256988	1256888	3.64e-44	172
# BLASTN 2.13.0+
# Query: L12044.1/1999-2037 slurp/ecgetrf.pl?CH03848 DE:[Terminator kch]-
# Database: S._sonnei_NZ_CP055292.1.fasta
# Fields: query acc.ver, subject acc.ver, % identity, alignment length, mismatches, gap opens, q. start, q. end, s. start, s. end, evalue, bit score
# 1 hits found
L12044.1/1999-2037	NZ_CP055292.1	96.639	119	4	0	1	119	4638990	4638872	7.17e-52	198
# BLASTN 2.13.0+
# Query: X14135.1/195-222 slurp/ecgetrf.pl?CH03860 DE:[Pot. stem loop structure]-
# Database: S._sonnei_NZ_CP055292.1.fasta
# Fields: query acc.ver, subject acc.ver, % identity, alignment length, mismatches, gap opens, q. start, q. end, s. start, s. end, evalue, bit score
# 1 hits found
X14135.1/195-222	NZ_CP055292.1	100.000	108	0	0	1	108	543765	543658	1.77e-52	200
# BLASTN 2.13.0+
# Query: X57402.1/1077-1106 slurp/ecgetrf.pl?CH03864 DE:[Terminator dapA, nlpB]-
# Database: S._sonnei_NZ_CP055292.1.fasta
# Fields: query acc.ver, subject acc.ver, % identity, alignment length, mismatches, gap opens, q. start, q. end, s. start, s. end, evalue, bit score
# 1 hits found
X57402.1/1077-1106	NZ_CP055292.1	100.000	110	0	0	1	110	3326665	3326556	1.40e-53	204
# BLASTN 2.13.0+
# Query: ECK120010784-
# Database: S._sonnei_NZ_CP055292.1.fasta
# Fields: query acc.ver, subject acc.ver, % identity, alignment length, mismatches, gap opens, q. start, q. end, s. start, s. end, evalue, bit score
# 1 hits found
ECK120010784-	NZ_CP055292.1	100.000	122	0	0	1	122	3326667	3326546	3.39e-60	226
# BLASTN 2.13.0+
# Query: X08035.1/2423-2452 slurp/ecgetrf.pl?CH03870 DE:[pot.stem-loop structure]-
# Database: S._sonnei_NZ_CP055292.1.fasta
# Fields: query acc.ver, subject acc.ver, % identity, alignment length, mismatches, gap opens, q. start, q. end, s. start, s. end, evalue, bit score
# 1 hits found
X08035.1/2423-2452	NZ_CP055292.1	99.091	110	1	0	1	110	295367	295258	6.51e-52	198
# BLASTN 2.13.0+
# Query: D90227.1/10944-10985 slurp/ecgetrf.pl?CH03874 DE:[pot. terminator 1]-
# Database: S._sonnei_NZ_CP055292.1.fasta
# Fields: query acc.ver, subject acc.ver, % identity, alignment length, mismatches, gap opens, q. start, q. end, s. start, s. end, evalue, bit score
# 1 hits found
D90227.1/10944-10985	NZ_CP055292.1	96.078	51	2	0	38	88	1811662	1811612	2.16e-17	84.2
# BLASTN 2.13.0+
# Query: ECK120035132-R+
# Database: S._sonnei_NZ_CP055292.1.fasta
# Fields: query acc.ver, subject acc.ver, % identity, alignment length, mismatches, gap opens, q. start, q. end, s. start, s. end, evalue, bit score
# 1 hits found
ECK120035132-R+	NZ_CP055292.1	96.078	51	2	0	42	92	1811662	1811612	2.18e-17	84.2
# BLASTN 2.13.0+
# Query: ECK120035132-
# Database: S._sonnei_NZ_CP055292.1.fasta
# Fields: query acc.ver, subject acc.ver, % identity, alignment length, mismatches, gap opens, q. start, q. end, s. start, s. end, evalue, bit score
# 1 hits found
ECK120035132-	NZ_CP055292.1	96.078	51	2	0	42	92	1811662	1811612	2.18e-17	84.2
# BLASTN 2.13.0+
# Query: M94104.1/1639-1668 slurp/ecgetrf.pl?CH03879 DE:[putative termination signal]-
# Database: S._sonnei_NZ_CP055292.1.fasta
# Fields: query acc.ver, subject acc.ver, % identity, alignment length, mismatches, gap opens, q. start, q. end, s. start, s. end, evalue, bit score
# 1 hits found
M94104.1/1639-1668	NZ_CP055292.1	99.091	110	1	0	1	110	2025525	2025416	6.51e-52	198
# BLASTN 2.13.0+
# Query: L10328.1/55847-55820 slurp/ecgetrf.pl?CH03906 DE:[putative termination signal]-
# Database: S._sonnei_NZ_CP055292.1.fasta
# Fields: query acc.ver, subject acc.ver, % identity, alignment length, mismatches, gap opens, q. start, q. end, s. start, s. end, evalue, bit score
# 1 hits found
L10328.1/55847-55820	NZ_CP055292.1	99.074	108	1	0	1	108	2025523	2025416	8.24e-51	195
# BLASTN 2.13.0+
# Query: X04469.1/1953-1977 slurp/ecgetrf.pl?CH03882 DE:[pot. transcription terminator]-
# Database: S._sonnei_NZ_CP055292.1.fasta
# Fields: query acc.ver, subject acc.ver, % identity, alignment length, mismatches, gap opens, q. start, q. end, s. start, s. end, evalue, bit score
# 1 hits found
X04469.1/1953-1977	NZ_CP055292.1	98.095	105	2	0	1	105	135626	135522	1.72e-47	183
# BLASTN 2.13.0+
# Query: X52363.1/127-157 slurp/ecgetrf.pl?CH03887 DE:[rrfG transcription terminator]+
# Database: S._sonnei_NZ_CP055292.1.fasta
# Fields: query acc.ver, subject acc.ver, % identity, alignment length, mismatches, gap opens, q. start, q. end, s. start, s. end, evalue, bit score
# 1 hits found
X52363.1/127-157	NZ_CP055292.1	91.228	114	6	3	1	111	1841324	1841212	5.20e-38	152
# BLASTN 2.13.0+
# Query: L19201.1/2459-2489 slurp/ecgetrf.pl?CH03932 DE:[putative termination signal]+
# Database: S._sonnei_NZ_CP055292.1.fasta
# Fields: query acc.ver, subject acc.ver, % identity, alignment length, mismatches, gap opens, q. start, q. end, s. start, s. end, evalue, bit score
# 1 hits found
L19201.1/2459-2489	NZ_CP055292.1	90.909	110	6	3	1	107	1841320	1841212	8.70e-36	145
# BLASTN 2.13.0+
# Query: ECK120051382-
# Database: S._sonnei_NZ_CP055292.1.fasta
# Fields: query acc.ver, subject acc.ver, % identity, alignment length, mismatches, gap opens, q. start, q. end, s. start, s. end, evalue, bit score
# 1 hits found
ECK120051382-	NZ_CP055292.1	99.306	144	1	0	1	144	2459627	2459484	1.13e-70	261
# BLASTN 2.13.0+
# Query: BBa_B0010-
# Database: S._sonnei_NZ_CP055292.1.fasta
# Fields: query acc.ver, subject acc.ver, % identity, alignment length, mismatches, gap opens, q. start, q. end, s. start, s. end, evalue, bit score
# 1 hits found
BBa_B0010-	NZ_CP055292.1	99.375	160	1	0	1	160	2459642	2459483	1.63e-79	291
# BLASTN 2.13.0+
# Query: L19201.1/2282-2328 slurp/ecgetrf.pl?CH03931 DE:[putative termination signal]-
# Database: S._sonnei_NZ_CP055292.1.fasta
# Fields: query acc.ver, subject acc.ver, % identity, alignment length, mismatches, gap opens, q. start, q. end, s. start, s. end, evalue, bit score
# 1 hits found
L19201.1/2282-2328	NZ_CP055292.1	100.000	125	0	0	1	125	2459622	2459498	7.64e-62	231
# BLASTN 2.13.0+
# Query: L10328.1/5220-5193 slurp/ecgetrf.pl?CH03902 DE:[putative termination signal]-
# Database: S._sonnei_NZ_CP055292.1.fasta
# Fields: query acc.ver, subject acc.ver, % identity, alignment length, mismatches, gap opens, q. start, q. end, s. start, s. end, evalue, bit score
# 1 hits found
L10328.1/5220-5193	NZ_CP055292.1	100.000	108	0	0	1	108	2076976	2076869	1.77e-52	200
# BLASTN 2.13.0+
# Query: ECK120035133-
# Database: S._sonnei_NZ_CP055292.1.fasta
# Fields: query acc.ver, subject acc.ver, % identity, alignment length, mismatches, gap opens, q. start, q. end, s. start, s. end, evalue, bit score
# 1 hits found
ECK120035133-	NZ_CP055292.1	100.000	122	0	0	1	122	2076980	2076859	3.39e-60	226
# BLASTN 2.13.0+
# Query: L10328.1/43056-43083 slurp/ecgetrf.pl?CH03904 DE:[putative termination signal]+
# Database: S._sonnei_NZ_CP055292.1.fasta
# Fields: query acc.ver, subject acc.ver, % identity, alignment length, mismatches, gap opens, q. start, q. end, s. start, s. end, evalue, bit score
# 1 hits found
L10328.1/43056-43083	NZ_CP055292.1	94.737	95	5	0	1	95	2038429	2038335	6.51e-37	148
# BLASTN 2.13.0+
# Query: ECK120035136+
# Database: S._sonnei_NZ_CP055292.1.fasta
# Fields: query acc.ver, subject acc.ver, % identity, alignment length, mismatches, gap opens, q. start, q. end, s. start, s. end, evalue, bit score
# 1 hits found
ECK120035136+	NZ_CP055292.1	95.238	105	5	0	1	105	2038439	2038335	2.20e-42	167
# BLASTN 2.13.0+
# Query: L10328.1/43151-43173 slurp/ecgetrf.pl?CH03905 DE:[putative termination signal]+
# Database: S._sonnei_NZ_CP055292.1.fasta
# Fields: query acc.ver, subject acc.ver, % identity, alignment length, mismatches, gap opens, q. start, q. end, s. start, s. end, evalue, bit score
# 1 hits found
L10328.1/43151-43173	NZ_CP055292.1	100.000	71	0	0	33	103	2038163	2038093	6.18e-32	132
# BLASTN 2.13.0+
# Query: L10328.1/126639-126661 slurp/ecgetrf.pl?CH03910 DE:[putative termination signal]+
# Database: S._sonnei_NZ_CP055292.1.fasta
# Fields: query acc.ver, subject acc.ver, % identity, alignment length, mismatches, gap opens, q. start, q. end, s. start, s. end, evalue, bit score
# 1 hits found
L10328.1/126639-126661	NZ_CP055292.1	100.000	103	0	0	1	103	1949569	1949467	1.01e-49	191
# BLASTN 2.13.0+
# Query: M87049.1/13395-13431 slurp/ecgetrf.pl?CH03915 DE:[terminator-like sequence]+
# Database: S._sonnei_NZ_CP055292.1.fasta
# Fields: query acc.ver, subject acc.ver, % identity, alignment length, mismatches, gap opens, q. start, q. end, s. start, s. end, evalue, bit score
# 1 hits found
M87049.1/13395-13431	NZ_CP055292.1	96.581	117	4	0	1	117	1925269	1925153	9.08e-51	195
# BLASTN 2.13.0+
# Query: M87049.1/33826-33862 slurp/ecgetrf.pl?CH03918 DE:[terminator-like sequence]+
# Database: S._sonnei_NZ_CP055292.1.fasta
# Fields: query acc.ver, subject acc.ver, % identity, alignment length, mismatches, gap opens, q. start, q. end, s. start, s. end, evalue, bit score
# 1 hits found
M87049.1/33826-33862	NZ_CP055292.1	97.414	116	3	0	1	116	1904825	1904710	6.95e-52	198
# BLASTN 2.13.0+
# Query: M87049.1/39715-39749 slurp/ecgetrf.pl?CH03920 DE:[terminator-like sequence]+
# Database: S._sonnei_NZ_CP055292.1.fasta
# Fields: query acc.ver, subject acc.ver, % identity, alignment length, mismatches, gap opens, q. start, q. end, s. start, s. end, evalue, bit score
# 1 hits found
M87049.1/39715-39749	NZ_CP055292.1	97.391	115	3	0	1	115	1900506	1900392	2.47e-51	196
# BLASTN 2.13.0+
# Query: M87049.1/70279-70299 slurp/ecgetrf.pl?CH03924 DE:[terminator-like sequence]+
# Database: S._sonnei_NZ_CP055292.1.fasta
# Fields: query acc.ver, subject acc.ver, % identity, alignment length, mismatches, gap opens, q. start, q. end, s. start, s. end, evalue, bit score
# 1 hits found
M87049.1/70279-70299	NZ_CP055292.1	100.000	101	0	0	1	101	1864567	1864467	1.27e-48	187
# BLASTN 2.13.0+
# Query: X13002.1/1005-1031 slurp/ecgetrf.pl?CH03927 DE:[pot. stem-loop structure; pot. transcription terminator]+
# Database: S._sonnei_NZ_CP055292.1.fasta
# Fields: query acc.ver, subject acc.ver, % identity, alignment length, mismatches, gap opens, q. start, q. end, s. start, s. end, evalue, bit score
# 1 hits found
X13002.1/1005-1031	NZ_CP055292.1	100.000	107	0	0	1	107	4055632	4055526	6.30e-52	198
# BLASTN 2.13.0+
# Query: Z23096.1/446-494 slurp/ecgetrf.pl?CH03930 DE:[Terminator Similar to gene dicF of E.coli dicABC]-
# Database: S._sonnei_NZ_CP055292.1.fasta
# Fields: query acc.ver, subject acc.ver, % identity, alignment length, mismatches, gap opens, q. start, q. end, s. start, s. end, evalue, bit score
# 1 hits found
Z23096.1/446-494	NZ_CP055292.1	100.000	129	0	0	1	129	4532776	4532648	4.65e-64	239
# BLASTN 2.13.0+
# Query: L19201.1/12884-12927 slurp/ecgetrf.pl?CH03935 DE:[putative termination signal]+
# Database: S._sonnei_NZ_CP055292.1.fasta
# Fields: query acc.ver, subject acc.ver, % identity, alignment length, mismatches, gap opens, q. start, q. end, s. start, s. end, evalue, bit score
# 1 hits found
L19201.1/12884-12927	NZ_CP055292.1	100.000	124	0	0	1	124	1830894	1830771	2.67e-61	230
# BLASTN 2.13.0+
# Query: ECK120010799+
# Database: S._sonnei_NZ_CP055292.1.fasta
# Fields: query acc.ver, subject acc.ver, % identity, alignment length, mismatches, gap opens, q. start, q. end, s. start, s. end, evalue, bit score
# 1 hits found
ECK120010799+	NZ_CP055292.1	100.000	140	0	0	1	140	1830907	1830768	3.93e-70	259
# BLASTN 2.13.0+
# Query: L19201.1/63111-63151 slurp/ecgetrf.pl?CH03938 DE:[putative termination signal]+
# Database: S._sonnei_NZ_CP055292.1.fasta
# Fields: query acc.ver, subject acc.ver, % identity, alignment length, mismatches, gap opens, q. start, q. end, s. start, s. end, evalue, bit score
# 1 hits found
L19201.1/63111-63151	NZ_CP055292.1	95.868	121	5	0	1	121	1779334	1779214	2.63e-51	196
# BLASTN 2.13.0+
# Query: L19201.1/71476-71507 slurp/ecgetrf.pl?CH03941 DE:[putative termination signal]+
# Database: S._sonnei_NZ_CP055292.1.fasta
# Fields: query acc.ver, subject acc.ver, % identity, alignment length, mismatches, gap opens, q. start, q. end, s. start, s. end, evalue, bit score
# 1 hits found
L19201.1/71476-71507	NZ_CP055292.1	100.000	112	0	0	1	112	1770969	1770858	1.11e-54	207
# BLASTN 2.13.0+
# Query: L19201.1/82018-81996 slurp/ecgetrf.pl?CH03944 DE:[putative termination signal]-
# Database: S._sonnei_NZ_CP055292.1.fasta
# Fields: query acc.ver, subject acc.ver, % identity, alignment length, mismatches, gap opens, q. start, q. end, s. start, s. end, evalue, bit score
# 1 hits found
L19201.1/82018-81996	NZ_CP055292.1	100.000	103	0	0	1	103	1760448	1760346	1.01e-49	191
# BLASTN 2.13.0+
# Query: ECK120010852-R+
# Database: S._sonnei_NZ_CP055292.1.fasta
# Fields: query acc.ver, subject acc.ver, % identity, alignment length, mismatches, gap opens, q. start, q. end, s. start, s. end, evalue, bit score
# 1 hits found
ECK120010852-R+	NZ_CP055292.1	100.000	118	0	0	1	118	1760453	1760336	5.45e-58	219
# BLASTN 2.13.0+
# Query: ECK120010852-
# Database: S._sonnei_NZ_CP055292.1.fasta
# Fields: query acc.ver, subject acc.ver, % identity, alignment length, mismatches, gap opens, q. start, q. end, s. start, s. end, evalue, bit score
# 1 hits found
ECK120010852-	NZ_CP055292.1	100.000	118	0	0	1	118	1760453	1760336	5.45e-58	219
# BLASTN 2.13.0+
# Query: U14003.1/28964-28938 slurp/ecgetrf.pl?CH05080-
# Database: S._sonnei_NZ_CP055292.1.fasta
# Fields: query acc.ver, subject acc.ver, % identity, alignment length, mismatches, gap opens, q. start, q. end, s. start, s. end, evalue, bit score
# 1 hits found
U14003.1/28964-28938	NZ_CP055292.1	99.065	107	1	0	1	107	1540161	1540055	2.93e-50	193
# BLASTN 2.13.0+
# Query: U14003.1/28964-28938 slurp/ecgetrf.pl?CH05080-
# Database: S._sonnei_NZ_CP055292.1.fasta
# Fields: query acc.ver, subject acc.ver, % identity, alignment length, mismatches, gap opens, q. start, q. end, s. start, s. end, evalue, bit score
# 1 hits found
U14003.1/28964-28938	NZ_CP055292.1	99.065	107	1	0	1	107	1540161	1540055	2.93e-50	193
# BLASTN 2.13.0+
# Query: seq10161 slurp/ecgetrf.pl?CH05080.1-
# Database: S._sonnei_NZ_CP055292.1.fasta
# Fields: query acc.ver, subject acc.ver, % identity, alignment length, mismatches, gap opens, q. start, q. end, s. start, s. end, evalue, bit score
# 1 hits found
seq10161	NZ_CP055292.1	99.065	107	1	0	1	107	1540161	1540055	2.93e-50	193
# BLASTN 2.13.0+
# Query: seq10161 slurp/ecgetrf.pl?CH05080.1-
# Database: S._sonnei_NZ_CP055292.1.fasta
# Fields: query acc.ver, subject acc.ver, % identity, alignment length, mismatches, gap opens, q. start, q. end, s. start, s. end, evalue, bit score
# 1 hits found
seq10161	NZ_CP055292.1	99.065	107	1	0	1	107	1540161	1540055	2.93e-50	193
# BLASTN 2.13.0+
# Query: seq10161 slurp/ecgetrf.pl?CH05080.1-
# Database: S._sonnei_NZ_CP055292.1.fasta
# Fields: query acc.ver, subject acc.ver, % identity, alignment length, mismatches, gap opens, q. start, q. end, s. start, s. end, evalue, bit score
# 1 hits found
seq10161	NZ_CP055292.1	99.065	107	1	0	1	107	1540161	1540055	2.93e-50	193
# BLASTN 2.13.0+
# Query: seq10161 slurp/ecgetrf.pl?CH05080.1-
# Database: S._sonnei_NZ_CP055292.1.fasta
# Fields: query acc.ver, subject acc.ver, % identity, alignment length, mismatches, gap opens, q. start, q. end, s. start, s. end, evalue, bit score
# 1 hits found
seq10161	NZ_CP055292.1	99.065	107	1	0	1	107	1540161	1540055	2.93e-50	193
# BLASTN 2.13.0+
# Query: U14003.1/53366-53342 slurp/ecgetrf.pl?CH05082+
# Database: S._sonnei_NZ_CP055292.1.fasta
# Fields: query acc.ver, subject acc.ver, % identity, alignment length, mismatches, gap opens, q. start, q. end, s. start, s. end, evalue, bit score
# 1 hits found
U14003.1/53366-53342	NZ_CP055292.1	94.286	105	6	0	1	105	1515651	1515755	8.07e-41	161
# BLASTN 2.13.0+
# Query: U14003.1/69815-69791 slurp/ecgetrf.pl?CH05086-
# Database: S._sonnei_NZ_CP055292.1.fasta
# Fields: query acc.ver, subject acc.ver, % identity, alignment length, mismatches, gap opens, q. start, q. end, s. start, s. end, evalue, bit score
# 1 hits found
U14003.1/69815-69791	NZ_CP055292.1	97.143	105	3	0	1	105	1499312	1499208	8.02e-46	178
# BLASTN 2.13.0+
# Query: ECK120010861-R+
# Database: S._sonnei_NZ_CP055292.1.fasta
# Fields: query acc.ver, subject acc.ver, % identity, alignment length, mismatches, gap opens, q. start, q. end, s. start, s. end, evalue, bit score
# 1 hits found
ECK120010861-R+	NZ_CP055292.1	97.541	122	3	0	1	122	1499319	1499198	3.41e-55	209
# BLASTN 2.13.0+
# Query: frd_ampC-
# Database: S._sonnei_NZ_CP055292.1.fasta
# Fields: query acc.ver, subject acc.ver, % identity, alignment length, mismatches, gap opens, q. start, q. end, s. start, s. end, evalue, bit score
# 1 hits found
frd_ampC-	NZ_CP055292.1	97.248	109	3	0	1	109	1499316	1499208	5.02e-48	185
# BLASTN 2.13.0+
# Query: U14003.1/117410-117437 slurp/ecgetrf.pl?CH05089+
# Database: S._sonnei_NZ_CP055292.1.fasta
# Fields: query acc.ver, subject acc.ver, % identity, alignment length, mismatches, gap opens, q. start, q. end, s. start, s. end, evalue, bit score
# 1 hits found
U14003.1/117410-117437	NZ_CP055292.1	98.630	73	1	0	1	73	1452253	1452181	2.36e-31	130
# BLASTN 2.13.0+
# Query: U14003.1/161794-161766 slurp/ecgetrf.pl?CH05091-
# Database: S._sonnei_NZ_CP055292.1.fasta
# Fields: query acc.ver, subject acc.ver, % identity, alignment length, mismatches, gap opens, q. start, q. end, s. start, s. end, evalue, bit score
# 1 hits found
U14003.1/161794-161766	NZ_CP055292.1	100.000	109	0	0	1	109	1400232	1400124	4.98e-53	202
# BLASTN 2.13.0+
# Query: J01636.1/1170-1210 slurp/ecgetrf.pl?CH05936 DE:[terminator overlapping CAP site]-
# Database: S._sonnei_NZ_CP055292.1.fasta
# Fields: query acc.ver, subject acc.ver, % identity, alignment length, mismatches, gap opens, q. start, q. end, s. start, s. end, evalue, bit score
# 1 hits found
J01636.1/1170-1210	NZ_CP055292.1	95.868	121	5	0	1	121	864818	864698	2.63e-51	196
# BLASTN 2.13.0+
# Query: ECK120033737+
# Database: S._sonnei_NZ_CP055292.1.fasta
# Fields: query acc.ver, subject acc.ver, % identity, alignment length, mismatches, gap opens, q. start, q. end, s. start, s. end, evalue, bit score
# 1 hits found
ECK120033737+	NZ_CP055292.1	100.000	134	0	0	3	136	1267899	1267766	8.22e-67	248
# BLASTN 2.13.0+
# Query: ECK120034435-
# Database: S._sonnei_NZ_CP055292.1.fasta
# Fields: query acc.ver, subject acc.ver, % identity, alignment length, mismatches, gap opens, q. start, q. end, s. start, s. end, evalue, bit score
# 1 hits found
ECK120034435-	NZ_CP055292.1	100.000	137	0	0	1	137	2553513	2553377	1.78e-68	254
# BLASTN 2.13.0+
# Query: ECK120034435-R+
# Database: S._sonnei_NZ_CP055292.1.fasta
# Fields: query acc.ver, subject acc.ver, % identity, alignment length, mismatches, gap opens, q. start, q. end, s. start, s. end, evalue, bit score
# 1 hits found
ECK120034435-R+	NZ_CP055292.1	100.000	137	0	0	1	137	2553513	2553377	1.78e-68	254
# BLASTN 2.13.0+
# Query: ECK120010818-
# Database: S._sonnei_NZ_CP055292.1.fasta
# Fields: query acc.ver, subject acc.ver, % identity, alignment length, mismatches, gap opens, q. start, q. end, s. start, s. end, evalue, bit score
# 1 hits found
ECK120010818-	NZ_CP055292.1	98.936	94	1	0	41	134	2608089	2607996	6.47e-43	169
# BLASTN 2.13.0+
# Query: ECK120010794-R+
# Database: S._sonnei_NZ_CP055292.1.fasta
# Fields: query acc.ver, subject acc.ver, % identity, alignment length, mismatches, gap opens, q. start, q. end, s. start, s. end, evalue, bit score
# 1 hits found
ECK120010794-R+	NZ_CP055292.1	100.000	77	0	0	38	114	2608089	2608013	3.23e-35	143
# BLASTN 2.13.0+
# Query: ECK120010793-R+
# Database: S._sonnei_NZ_CP055292.1.fasta
# Fields: query acc.ver, subject acc.ver, % identity, alignment length, mismatches, gap opens, q. start, q. end, s. start, s. end, evalue, bit score
# 1 hits found
ECK120010793-R+	NZ_CP055292.1	100.000	77	0	0	38	114	2608089	2608013	3.23e-35	143
# BLASTN 2.13.0+
# Query: ECK120010793-
# Database: S._sonnei_NZ_CP055292.1.fasta
# Fields: query acc.ver, subject acc.ver, % identity, alignment length, mismatches, gap opens, q. start, q. end, s. start, s. end, evalue, bit score
# 1 hits found
ECK120010793-	NZ_CP055292.1	100.000	77	0	0	38	114	2608089	2608013	3.23e-35	143
# BLASTN 2.13.0+
# Query: ECK120010869+
# Database: S._sonnei_NZ_CP055292.1.fasta
# Fields: query acc.ver, subject acc.ver, % identity, alignment length, mismatches, gap opens, q. start, q. end, s. start, s. end, evalue, bit score
# 1 hits found
ECK120010869+	NZ_CP055292.1	100.000	115	0	0	1	115	1683057	1682943	2.46e-56	213
# BLASTN 2.13.0+
# Query: ECK120030221-R-
# Database: S._sonnei_NZ_CP055292.1.fasta
# Fields: query acc.ver, subject acc.ver, % identity, alignment length, mismatches, gap opens, q. start, q. end, s. start, s. end, evalue, bit score
# 1 hits found
ECK120030221-R-	NZ_CP055292.1	95.690	116	5	0	1	116	4250253	4250368	1.50e-48	187
# BLASTN 2.13.0+
# Query: ECK120030221+
# Database: S._sonnei_NZ_CP055292.1.fasta
# Fields: query acc.ver, subject acc.ver, % identity, alignment length, mismatches, gap opens, q. start, q. end, s. start, s. end, evalue, bit score
# 1 hits found
ECK120030221+	NZ_CP055292.1	95.690	116	5	0	1	116	4250253	4250368	1.50e-48	187
# BLASTN 2.13.0+
# Query: ECK120010832-R+
# Database: S._sonnei_NZ_CP055292.1.fasta
# Fields: query acc.ver, subject acc.ver, % identity, alignment length, mismatches, gap opens, q. start, q. end, s. start, s. end, evalue, bit score
# 1 hits found
ECK120010832-R+	NZ_CP055292.1	100.000	115	0	0	1	115	4684208	4684094	2.46e-56	213
# BLASTN 2.13.0+
# Query: ECK120010832-
# Database: S._sonnei_NZ_CP055292.1.fasta
# Fields: query acc.ver, subject acc.ver, % identity, alignment length, mismatches, gap opens, q. start, q. end, s. start, s. end, evalue, bit score
# 1 hits found
ECK120010832-	NZ_CP055292.1	100.000	115	0	0	1	115	4684208	4684094	2.46e-56	213
# BLASTN 2.13.0+
# Query: ECK120051401-
# Database: S._sonnei_NZ_CP055292.1.fasta
# Fields: query acc.ver, subject acc.ver, % identity, alignment length, mismatches, gap opens, q. start, q. end, s. start, s. end, evalue, bit score
# 1 hits found
ECK120051401-	NZ_CP055292.1	100.000	89	0	0	1	89	468177	468089	7.86e-42	165
# BLASTN 2.13.0+
# Query: tonB_P14-
# Database: S._sonnei_NZ_CP055292.1.fasta
# Fields: query acc.ver, subject acc.ver, % identity, alignment length, mismatches, gap opens, q. start, q. end, s. start, s. end, evalue, bit score
# 1 hits found
tonB_P14-	NZ_CP055292.1	100.000	135	0	0	1	135	4636139	4636005	2.27e-67	250
# BLASTN 2.13.0+
# Query: ECK120010792+
# Database: S._sonnei_NZ_CP055292.1.fasta
# Fields: query acc.ver, subject acc.ver, % identity, alignment length, mismatches, gap opens, q. start, q. end, s. start, s. end, evalue, bit score
# 1 hits found
ECK120010792+	NZ_CP055292.1	100.000	132	0	0	1	132	4636139	4636008	1.03e-65	244
# BLASTN 2.13.0+
# Query: tonB+
# Database: S._sonnei_NZ_CP055292.1.fasta
# Fields: query acc.ver, subject acc.ver, % identity, alignment length, mismatches, gap opens, q. start, q. end, s. start, s. end, evalue, bit score
# 1 hits found
tonB+	NZ_CP055292.1	100.000	118	0	0	1	118	4636129	4636012	5.45e-58	219
# BLASTN 2.13.0+
# Query: pyrBI-
# Database: S._sonnei_NZ_CP055292.1.fasta
# Fields: query acc.ver, subject acc.ver, % identity, alignment length, mismatches, gap opens, q. start, q. end, s. start, s. end, evalue, bit score
# 1 hits found
pyrBI-	NZ_CP055292.1	100.000	109	0	0	1	109	1398752	1398644	4.98e-53	202
# BLASTN 2.13.0+
# Query: ilvBN+
# Database: S._sonnei_NZ_CP055292.1.fasta
# Fields: query acc.ver, subject acc.ver, % identity, alignment length, mismatches, gap opens, q. start, q. end, s. start, s. end, evalue, bit score
# 1 hits found
ilvBN+	NZ_CP055292.1	100.000	116	0	0	1	116	1936379	1936264	6.90e-57	215
# BLASTN 2.13.0+
# Query: ECK120010797+
# Database: S._sonnei_NZ_CP055292.1.fasta
# Fields: query acc.ver, subject acc.ver, % identity, alignment length, mismatches, gap opens, q. start, q. end, s. start, s. end, evalue, bit score
# 1 hits found
ECK120010797+	NZ_CP055292.1	98.305	118	1	1	1	118	3380700	3380584	4.24e-54	206
# BLASTN 2.13.0+
# Query: ECK120015452+
# Database: S._sonnei_NZ_CP055292.1.fasta
# Fields: query acc.ver, subject acc.ver, % identity, alignment length, mismatches, gap opens, q. start, q. end, s. start, s. end, evalue, bit score
# 1 hits found
ECK120015452+	NZ_CP055292.1	95.161	124	6	0	1	124	540420	540297	2.79e-51	196
# BLASTN 2.13.0+
# Query: ECK120010815-
# Database: S._sonnei_NZ_CP055292.1.fasta
# Fields: query acc.ver, subject acc.ver, % identity, alignment length, mismatches, gap opens, q. start, q. end, s. start, s. end, evalue, bit score
# 1 hits found
ECK120010815-	NZ_CP055292.1	97.638	127	3	0	1	127	4357482	4357356	5.95e-58	219
# BLASTN 2.13.0+
# Query: ECK120010815-R+
# Database: S._sonnei_NZ_CP055292.1.fasta
# Fields: query acc.ver, subject acc.ver, % identity, alignment length, mismatches, gap opens, q. start, q. end, s. start, s. end, evalue, bit score
# 1 hits found
ECK120010815-R+	NZ_CP055292.1	97.638	127	3	0	1	127	4357482	4357356	5.95e-58	219
# BLASTN 2.13.0+
# Query: ECK120051385-
# Database: S._sonnei_NZ_CP055292.1.fasta
# Fields: query acc.ver, subject acc.ver, % identity, alignment length, mismatches, gap opens, q. start, q. end, s. start, s. end, evalue, bit score
# 1 hits found
ECK120051385-	NZ_CP055292.1	100.000	129	0	0	1	129	3210688	3210560	4.65e-64	239
# BLASTN 2.13.0+
# Query: ECK120010846+
# Database: S._sonnei_NZ_CP055292.1.fasta
# Fields: query acc.ver, subject acc.ver, % identity, alignment length, mismatches, gap opens, q. start, q. end, s. start, s. end, evalue, bit score
# 1 hits found
ECK120010846+	NZ_CP055292.1	96.748	123	3	1	1	122	2259690	2259568	1.59e-53	204
# BLASTN 2.13.0+
# Query: ECK120010853+
# Database: S._sonnei_NZ_CP055292.1.fasta
# Fields: query acc.ver, subject acc.ver, % identity, alignment length, mismatches, gap opens, q. start, q. end, s. start, s. end, evalue, bit score
# 1 hits found
ECK120010853+	NZ_CP055292.1	97.727	132	3	0	1	132	733885	733754	1.03e-60	228
# BLASTN 2.13.0+
# Query: ECK120010825-
# Database: S._sonnei_NZ_CP055292.1.fasta
# Fields: query acc.ver, subject acc.ver, % identity, alignment length, mismatches, gap opens, q. start, q. end, s. start, s. end, evalue, bit score
# 1 hits found
ECK120010825-	NZ_CP055292.1	95.312	128	5	1	1	127	4603051	4602924	5.99e-53	202
# BLASTN 2.13.0+
# Query: ECK120010825-R+
# Database: S._sonnei_NZ_CP055292.1.fasta
# Fields: query acc.ver, subject acc.ver, % identity, alignment length, mismatches, gap opens, q. start, q. end, s. start, s. end, evalue, bit score
# 1 hits found
ECK120010825-R+	NZ_CP055292.1	95.312	128	5	1	1	127	4603051	4602924	5.99e-53	202
# BLASTN 2.13.0+
# Query: ECK120010833-
# Database: S._sonnei_NZ_CP055292.1.fasta
# Fields: query acc.ver, subject acc.ver, % identity, alignment length, mismatches, gap opens, q. start, q. end, s. start, s. end, evalue, bit score
# 1 hits found
ECK120010833-	NZ_CP055292.1	99.237	131	1	0	1	131	3897287	3897157	1.70e-63	237
# BLASTN 2.13.0+
# Query: ECK120010833-R+
# Database: S._sonnei_NZ_CP055292.1.fasta
# Fields: query acc.ver, subject acc.ver, % identity, alignment length, mismatches, gap opens, q. start, q. end, s. start, s. end, evalue, bit score
# 1 hits found
ECK120010833-R+	NZ_CP055292.1	99.237	131	1	0	1	131	3897287	3897157	1.70e-63	237
# BLASTN 2.13.0+
# Query: ECK120011170-
# Database: S._sonnei_NZ_CP055292.1.fasta
# Fields: query acc.ver, subject acc.ver, % identity, alignment length, mismatches, gap opens, q. start, q. end, s. start, s. end, evalue, bit score
# 1 hits found
ECK120011170-	NZ_CP055292.1	98.319	119	2	0	1	119	536328	536210	3.31e-55	209
# BLASTN 2.13.0+
# Query: ECK120011170-R+
# Database: S._sonnei_NZ_CP055292.1.fasta
# Fields: query acc.ver, subject acc.ver, % identity, alignment length, mismatches, gap opens, q. start, q. end, s. start, s. end, evalue, bit score
# 1 hits found
ECK120011170-R+	NZ_CP055292.1	98.319	119	2	0	1	119	536328	536210	3.31e-55	209
# BLASTN 2.13.0+
# Query: ECK120010866-R+
# Database: S._sonnei_NZ_CP055292.1.fasta
# Fields: query acc.ver, subject acc.ver, % identity, alignment length, mismatches, gap opens, q. start, q. end, s. start, s. end, evalue, bit score
# 1 hits found
ECK120010866-R+	NZ_CP055292.1	98.291	117	2	0	1	117	536372	536256	4.20e-54	206
# BLASTN 2.13.0+
# Query: ECK120010866-
# Database: S._sonnei_NZ_CP055292.1.fasta
# Fields: query acc.ver, subject acc.ver, % identity, alignment length, mismatches, gap opens, q. start, q. end, s. start, s. end, evalue, bit score
# 1 hits found
ECK120010866-	NZ_CP055292.1	98.291	117	2	0	1	117	536372	536256	4.20e-54	206
# BLASTN 2.13.0+
# Query: ECK120034551+
# Database: S._sonnei_NZ_CP055292.1.fasta
# Fields: query acc.ver, subject acc.ver, % identity, alignment length, mismatches, gap opens, q. start, q. end, s. start, s. end, evalue, bit score
# 1 hits found
ECK120034551+	NZ_CP055292.1	99.248	133	1	0	1	133	969505	969373	1.34e-64	241
# BLASTN 2.13.0+
# Query: ECK120020525-
# Database: S._sonnei_NZ_CP055292.1.fasta
# Fields: query acc.ver, subject acc.ver, % identity, alignment length, mismatches, gap opens, q. start, q. end, s. start, s. end, evalue, bit score
# 1 hits found
ECK120020525-	NZ_CP055292.1	100.000	116	0	0	1	116	2557475	2557360	6.90e-57	215
# BLASTN 2.13.0+
# Query: ECK120020525-R+
# Database: S._sonnei_NZ_CP055292.1.fasta
# Fields: query acc.ver, subject acc.ver, % identity, alignment length, mismatches, gap opens, q. start, q. end, s. start, s. end, evalue, bit score
# 1 hits found
ECK120020525-R+	NZ_CP055292.1	100.000	116	0	0	1	116	2557475	2557360	6.90e-57	215
# BLASTN 2.13.0+
# Query: nusA_infB-
# Database: S._sonnei_NZ_CP055292.1.fasta
# Fields: query acc.ver, subject acc.ver, % identity, alignment length, mismatches, gap opens, q. start, q. end, s. start, s. end, evalue, bit score
# 1 hits found
nusA_infB-	NZ_CP055292.1	100.000	144	0	0	1	144	2557513	2557370	2.43e-72	267
# BLASTN 2.13.0+
# Query: ECK120020526-R+
# Database: S._sonnei_NZ_CP055292.1.fasta
# Fields: query acc.ver, subject acc.ver, % identity, alignment length, mismatches, gap opens, q. start, q. end, s. start, s. end, evalue, bit score
# 1 hits found
ECK120020526-R+	NZ_CP055292.1	100.000	113	0	0	1	113	2557516	2557404	3.11e-55	209
# BLASTN 2.13.0+
# Query: ECK120020526-
# Database: S._sonnei_NZ_CP055292.1.fasta
# Fields: query acc.ver, subject acc.ver, % identity, alignment length, mismatches, gap opens, q. start, q. end, s. start, s. end, evalue, bit score
# 1 hits found
ECK120020526-	NZ_CP055292.1	100.000	113	0	0	1	113	2557516	2557404	3.11e-55	209
# BLASTN 2.13.0+
# Query: ECK120034436+
# Database: S._sonnei_NZ_CP055292.1.fasta
# Fields: query acc.ver, subject acc.ver, % identity, alignment length, mismatches, gap opens, q. start, q. end, s. start, s. end, evalue, bit score
# 1 hits found
ECK120034436+	NZ_CP055292.1	100.000	121	0	0	1	121	2849048	2848928	1.21e-59	224
# BLASTN 2.13.0+
# Query: ECK120021270-
# Database: S._sonnei_NZ_CP055292.1.fasta
# Fields: query acc.ver, subject acc.ver, % identity, alignment length, mismatches, gap opens, q. start, q. end, s. start, s. end, evalue, bit score
# 1 hits found
ECK120021270-	NZ_CP055292.1	100.000	120	0	0	1	120	4089325	4089206	4.30e-59	222
# BLASTN 2.13.0+
# Query: ECK120021270-R+
# Database: S._sonnei_NZ_CP055292.1.fasta
# Fields: query acc.ver, subject acc.ver, % identity, alignment length, mismatches, gap opens, q. start, q. end, s. start, s. end, evalue, bit score
# 1 hits found
ECK120021270-R+	NZ_CP055292.1	100.000	120	0	0	1	120	4089325	4089206	4.30e-59	222
# BLASTN 2.13.0+
# Query: ECK125095454+
# Database: S._sonnei_NZ_CP055292.1.fasta
# Fields: query acc.ver, subject acc.ver, % identity, alignment length, mismatches, gap opens, q. start, q. end, s. start, s. end, evalue, bit score
# 1 hits found
ECK125095454+	NZ_CP055292.1	99.153	118	1	0	1	118	1073220	1073103	2.53e-56	213
# BLASTN 2.13.0+
# Query: ECK120010874-
# Database: S._sonnei_NZ_CP055292.1.fasta
# Fields: query acc.ver, subject acc.ver, % identity, alignment length, mismatches, gap opens, q. start, q. end, s. start, s. end, evalue, bit score
# 1 hits found
ECK120010874-	NZ_CP055292.1	100.000	119	0	0	1	119	2434728	2434610	1.53e-58	220
# BLASTN 2.13.0+
# Query: ECK120010874-R+
# Database: S._sonnei_NZ_CP055292.1.fasta
# Fields: query acc.ver, subject acc.ver, % identity, alignment length, mismatches, gap opens, q. start, q. end, s. start, s. end, evalue, bit score
# 1 hits found
ECK120010874-R+	NZ_CP055292.1	100.000	119	0	0	1	119	2434728	2434610	1.53e-58	220
# BLASTN 2.13.0+
# Query: ECK120010796-
# Database: S._sonnei_NZ_CP055292.1.fasta
# Fields: query acc.ver, subject acc.ver, % identity, alignment length, mismatches, gap opens, q. start, q. end, s. start, s. end, evalue, bit score
# 1 hits found
ECK120010796-	NZ_CP055292.1	99.206	126	1	0	1	126	2992301	2992176	9.79e-61	228
# BLASTN 2.13.0+
# Query: ECK120010796-R+
# Database: S._sonnei_NZ_CP055292.1.fasta
# Fields: query acc.ver, subject acc.ver, % identity, alignment length, mismatches, gap opens, q. start, q. end, s. start, s. end, evalue, bit score
# 1 hits found
ECK120010796-R+	NZ_CP055292.1	99.206	126	1	0	1	126	2992301	2992176	9.79e-61	228
# BLASTN 2.13.0+
# Query: ECK120030218+
# Database: S._sonnei_NZ_CP055292.1.fasta
# Fields: query acc.ver, subject acc.ver, % identity, alignment length, mismatches, gap opens, q. start, q. end, s. start, s. end, evalue, bit score
# 1 hits found
ECK120030218+	NZ_CP055292.1	95.726	117	4	1	1	117	3860741	3860626	1.52e-48	187
# BLASTN 2.13.0+
# Query: ECK120020528-
# Database: S._sonnei_NZ_CP055292.1.fasta
# Fields: query acc.ver, subject acc.ver, % identity, alignment length, mismatches, gap opens, q. start, q. end, s. start, s. end, evalue, bit score
# 1 hits found
ECK120020528-	NZ_CP055292.1	97.561	123	0	1	1	120	2178063	2177941	1.20e-54	207
# BLASTN 2.13.0+
# Query: ECK120020528-R+
# Database: S._sonnei_NZ_CP055292.1.fasta
# Fields: query acc.ver, subject acc.ver, % identity, alignment length, mismatches, gap opens, q. start, q. end, s. start, s. end, evalue, bit score
# 1 hits found
ECK120020528-R+	NZ_CP055292.1	97.561	123	0	1	1	120	2178063	2177941	1.20e-54	207
# BLASTN 2.13.0+
# Query: ECK120033265+
# Database: S._sonnei_NZ_CP055292.1.fasta
# Fields: query acc.ver, subject acc.ver, % identity, alignment length, mismatches, gap opens, q. start, q. end, s. start, s. end, evalue, bit score
# 1 hits found
ECK120033265+	NZ_CP055292.1	99.219	128	1	0	1	128	2178664	2178537	7.71e-62	231
# BLASTN 2.13.0+
# Query: ECK120010834+
# Database: S._sonnei_NZ_CP055292.1.fasta
# Fields: query acc.ver, subject acc.ver, % identity, alignment length, mismatches, gap opens, q. start, q. end, s. start, s. end, evalue, bit score
# 1 hits found
ECK120010834+	NZ_CP055292.1	100.000	131	0	0	1	131	2672257	2672127	3.66e-65	243
# BLASTN 2.13.0+
# Query: trp-
# Database: S._sonnei_NZ_CP055292.1.fasta
# Fields: query acc.ver, subject acc.ver, % identity, alignment length, mismatches, gap opens, q. start, q. end, s. start, s. end, evalue, bit score
# 1 hits found
trp-	NZ_CP055292.1	99.074	108	1	0	1	108	4624976	4624869	8.24e-51	195
# BLASTN 2.13.0+
# Query: ECK120010841-
# Database: S._sonnei_NZ_CP055292.1.fasta
# Fields: query acc.ver, subject acc.ver, % identity, alignment length, mismatches, gap opens, q. start, q. end, s. start, s. end, evalue, bit score
# 1 hits found
ECK120010841-	NZ_CP055292.1	92.500	120	9	0	2	121	2294342	2294223	4.43e-44	172
# BLASTN 2.13.0+
# Query: ECK120010841-R+
# Database: S._sonnei_NZ_CP055292.1.fasta
# Fields: query acc.ver, subject acc.ver, % identity, alignment length, mismatches, gap opens, q. start, q. end, s. start, s. end, evalue, bit score
# 1 hits found
ECK120010841-R+	NZ_CP055292.1	92.500	120	9	0	2	121	2294342	2294223	4.43e-44	172
# BLASTN 2.13.0+
# Query: ECK120030673+
# Database: S._sonnei_NZ_CP055292.1.fasta
# Fields: query acc.ver, subject acc.ver, % identity, alignment length, mismatches, gap opens, q. start, q. end, s. start, s. end, evalue, bit score
# 1 hits found
ECK120030673+	NZ_CP055292.1	88.000	125	15	0	1	125	1235740	1235616	7.76e-37	148
# BLASTN 2.13.0+
# Query: ECK120029530-
# Database: S._sonnei_NZ_CP055292.1.fasta
# Fields: query acc.ver, subject acc.ver, % identity, alignment length, mismatches, gap opens, q. start, q. end, s. start, s. end, evalue, bit score
# 1 hits found
ECK120029530-	NZ_CP055292.1	98.347	121	2	0	1	121	3293772	3293652	2.79e-56	213
# BLASTN 2.13.0+
# Query: ECK120029530-R+
# Database: S._sonnei_NZ_CP055292.1.fasta
# Fields: query acc.ver, subject acc.ver, % identity, alignment length, mismatches, gap opens, q. start, q. end, s. start, s. end, evalue, bit score
# 1 hits found
ECK120029530-R+	NZ_CP055292.1	98.347	121	2	0	1	121	3293772	3293652	2.79e-56	213
# BLASTN 2.13.0+
# Query: ECK125095455-
# Database: S._sonnei_NZ_CP055292.1.fasta
# Fields: query acc.ver, subject acc.ver, % identity, alignment length, mismatches, gap opens, q. start, q. end, s. start, s. end, evalue, bit score
# 1 hits found
ECK125095455-	NZ_CP055292.1	100.000	141	0	0	1	141	2546742	2546602	1.10e-70	261
# BLASTN 2.13.0+
# Query: ECK120048902+
# Database: S._sonnei_NZ_CP055292.1.fasta
# Fields: query acc.ver, subject acc.ver, % identity, alignment length, mismatches, gap opens, q. start, q. end, s. start, s. end, evalue, bit score
# 1 hits found
ECK120048902+	NZ_CP055292.1	98.276	116	2	0	1	116	3383654	3383539	1.49e-53	204
# BLASTN 2.13.0+
# Query: ECK120010827-
# Database: S._sonnei_NZ_CP055292.1.fasta
# Fields: query acc.ver, subject acc.ver, % identity, alignment length, mismatches, gap opens, q. start, q. end, s. start, s. end, evalue, bit score
# 1 hits found
ECK120010827-	NZ_CP055292.1	99.219	128	1	0	1	128	1540071	1539944	7.71e-62	231
# BLASTN 2.13.0+
# Query: ECK120010791-
# Database: S._sonnei_NZ_CP055292.1.fasta
# Fields: query acc.ver, subject acc.ver, % identity, alignment length, mismatches, gap opens, q. start, q. end, s. start, s. end, evalue, bit score
# 1 hits found
ECK120010791-	NZ_CP055292.1	99.145	117	1	0	1	117	1628083	1627967	9.02e-56	211
# BLASTN 2.13.0+
# Query: ECK120010791-R+
# Database: S._sonnei_NZ_CP055292.1.fasta
# Fields: query acc.ver, subject acc.ver, % identity, alignment length, mismatches, gap opens, q. start, q. end, s. start, s. end, evalue, bit score
# 1 hits found
ECK120010791-R+	NZ_CP055292.1	99.145	117	1	0	1	117	1628083	1627967	9.02e-56	211
# BLASTN 2.13.0+
# Query: ECK120048897-
# Database: S._sonnei_NZ_CP055292.1.fasta
# Fields: query acc.ver, subject acc.ver, % identity, alignment length, mismatches, gap opens, q. start, q. end, s. start, s. end, evalue, bit score
# 1 hits found
ECK120048897-	NZ_CP055292.1	99.219	128	1	0	1	128	4190444	4190317	7.71e-62	231
# BLASTN 2.13.0+
# Query: ECK120048897-R+
# Database: S._sonnei_NZ_CP055292.1.fasta
# Fields: query acc.ver, subject acc.ver, % identity, alignment length, mismatches, gap opens, q. start, q. end, s. start, s. end, evalue, bit score
# 1 hits found
ECK120048897-R+	NZ_CP055292.1	99.219	128	1	0	1	128	4190444	4190317	7.71e-62	231
# BLASTN 2.13.0+
# Query: ECK120010803-
# Database: S._sonnei_NZ_CP055292.1.fasta
# Fields: query acc.ver, subject acc.ver, % identity, alignment length, mismatches, gap opens, q. start, q. end, s. start, s. end, evalue, bit score
# 1 hits found
ECK120010803-	NZ_CP055292.1	96.694	121	4	0	1	121	3963839	3963719	5.65e-53	202
# BLASTN 2.13.0+
# Query: ECK120010803-R+
# Database: S._sonnei_NZ_CP055292.1.fasta
# Fields: query acc.ver, subject acc.ver, % identity, alignment length, mismatches, gap opens, q. start, q. end, s. start, s. end, evalue, bit score
# 1 hits found
ECK120010803-R+	NZ_CP055292.1	96.694	121	4	0	1	121	3963839	3963719	5.65e-53	202
# BLASTN 2.13.0+
# Query: pheST-
# Database: S._sonnei_NZ_CP055292.1.fasta
# Fields: query acc.ver, subject acc.ver, % identity, alignment length, mismatches, gap opens, q. start, q. end, s. start, s. end, evalue, bit score
# 1 hits found
pheST-	NZ_CP055292.1	98.077	104	1	1	4	106	4089524	4089421	2.25e-46	180
# BLASTN 2.13.0+
# Query: ECK120021269-R+
# Database: S._sonnei_NZ_CP055292.1.fasta
# Fields: query acc.ver, subject acc.ver, % identity, alignment length, mismatches, gap opens, q. start, q. end, s. start, s. end, evalue, bit score
# 1 hits found
ECK120021269-R+	NZ_CP055292.1	97.436	117	2	1	1	116	4089528	4089412	6.95e-52	198
# BLASTN 2.13.0+
# Query: ECK120015957-
# Database: S._sonnei_NZ_CP055292.1.fasta
# Fields: query acc.ver, subject acc.ver, % identity, alignment length, mismatches, gap opens, q. start, q. end, s. start, s. end, evalue, bit score
# 1 hits found
ECK120015957-	NZ_CP055292.1	99.091	110	1	0	1	110	1405255	1405146	6.88e-52	198
# BLASTN 2.13.0+
# Query: ECK120015448+
# Database: S._sonnei_NZ_CP055292.1.fasta
# Fields: query acc.ver, subject acc.ver, % identity, alignment length, mismatches, gap opens, q. start, q. end, s. start, s. end, evalue, bit score
# 1 hits found
ECK120015448+	NZ_CP055292.1	96.992	133	4	0	1	133	3889421	3889289	1.35e-59	224
# BLASTN 2.13.0+
# Query: ECK120010816-
# Database: S._sonnei_NZ_CP055292.1.fasta
# Fields: query acc.ver, subject acc.ver, % identity, alignment length, mismatches, gap opens, q. start, q. end, s. start, s. end, evalue, bit score
# 1 hits found
ECK120010816-	NZ_CP055292.1	97.159	176	5	0	3	178	2337622	2337447	1.09e-81	298
# BLASTN 2.13.0+
# Query: ECK120010845-
# Database: S._sonnei_NZ_CP055292.1.fasta
# Fields: query acc.ver, subject acc.ver, % identity, alignment length, mismatches, gap opens, q. start, q. end, s. start, s. end, evalue, bit score
# 1 hits found
ECK120010845-	NZ_CP055292.1	100.000	119	0	0	1	119	3480606	3480488	1.53e-58	220
# BLASTN 2.13.0+
# Query: ECK120030220+
# Database: S._sonnei_NZ_CP055292.1.fasta
# Fields: query acc.ver, subject acc.ver, % identity, alignment length, mismatches, gap opens, q. start, q. end, s. start, s. end, evalue, bit score
# 1 hits found
ECK120030220+	NZ_CP055292.1	95.122	123	6	0	4	126	870951	870829	9.93e-51	195
# BLASTN 2.13.0+
# Query: ECK120033264-
# Database: S._sonnei_NZ_CP055292.1.fasta
# Fields: query acc.ver, subject acc.ver, % identity, alignment length, mismatches, gap opens, q. start, q. end, s. start, s. end, evalue, bit score
# 1 hits found
ECK120033264-	NZ_CP055292.1	98.790	248	3	0	1	248	2039266	2039019	6.88e-125	442
# BLASTN 2.13.0+
# Query: ECK120010779+
# Database: S._sonnei_NZ_CP055292.1.fasta
# Fields: query acc.ver, subject acc.ver, % identity, alignment length, mismatches, gap opens, q. start, q. end, s. start, s. end, evalue, bit score
# 1 hits found
ECK120010779+	NZ_CP055292.1	98.450	129	2	0	1	129	3162903	3162775	1.01e-60	228
# BLASTN 2.13.0+
# Query: ECK120010779-R-
# Database: S._sonnei_NZ_CP055292.1.fasta
# Fields: query acc.ver, subject acc.ver, % identity, alignment length, mismatches, gap opens, q. start, q. end, s. start, s. end, evalue, bit score
# 1 hits found
ECK120010779-R-	NZ_CP055292.1	98.450	129	2	0	1	129	3162903	3162775	1.01e-60	228
# BLASTN 2.13.0+
# Query: ECK120015456-
# Database: S._sonnei_NZ_CP055292.1.fasta
# Fields: query acc.ver, subject acc.ver, % identity, alignment length, mismatches, gap opens, q. start, q. end, s. start, s. end, evalue, bit score
# 1 hits found
ECK120015456-	NZ_CP055292.1	100.000	120	0	0	1	120	2838277	2838158	4.30e-59	222
# BLASTN 2.13.0+
# Query: ECK120015456-R+
# Database: S._sonnei_NZ_CP055292.1.fasta
# Fields: query acc.ver, subject acc.ver, % identity, alignment length, mismatches, gap opens, q. start, q. end, s. start, s. end, evalue, bit score
# 1 hits found
ECK120015456-R+	NZ_CP055292.1	100.000	120	0	0	1	120	2838277	2838158	4.30e-59	222
# BLASTN 2.13.0+
# Query: ECK120035135-
# Database: S._sonnei_NZ_CP055292.1.fasta
# Fields: query acc.ver, subject acc.ver, % identity, alignment length, mismatches, gap opens, q. start, q. end, s. start, s. end, evalue, bit score
# 1 hits found
ECK120035135-	NZ_CP055292.1	99.225	129	1	0	1	129	3809344	3809216	2.16e-62	233
# BLASTN 2.13.0+
# Query: ECK120035135-R+
# Database: S._sonnei_NZ_CP055292.1.fasta
# Fields: query acc.ver, subject acc.ver, % identity, alignment length, mismatches, gap opens, q. start, q. end, s. start, s. end, evalue, bit score
# 1 hits found
ECK120035135-R+	NZ_CP055292.1	99.225	129	1	0	1	129	3809344	3809216	2.16e-62	233
# BLASTN 2.13.0+
# Query: ECK120034954+
# Database: S._sonnei_NZ_CP055292.1.fasta
# Fields: query acc.ver, subject acc.ver, % identity, alignment length, mismatches, gap opens, q. start, q. end, s. start, s. end, evalue, bit score
# 1 hits found
ECK120034954+	NZ_CP055292.1	100.000	123	0	0	1	123	1919059	1918937	9.51e-61	228
# BLASTN 2.13.0+
# Query: ECK120010801+
# Database: S._sonnei_NZ_CP055292.1.fasta
# Fields: query acc.ver, subject acc.ver, % identity, alignment length, mismatches, gap opens, q. start, q. end, s. start, s. end, evalue, bit score
# 1 hits found
ECK120010801+	NZ_CP055292.1	100.000	118	0	0	1	118	4216882	4216765	5.45e-58	219
# BLASTN 2.13.0+
# Query: ECK120034948+
# Database: S._sonnei_NZ_CP055292.1.fasta
# Fields: query acc.ver, subject acc.ver, % identity, alignment length, mismatches, gap opens, q. start, q. end, s. start, s. end, evalue, bit score
# 1 hits found
ECK120034948+	NZ_CP055292.1	96.850	127	3	1	1	127	1501579	1501454	9.95e-56	211
# BLASTN 2.13.0+
# Query: ECK125109868-
# Database: S._sonnei_NZ_CP055292.1.fasta
# Fields: query acc.ver, subject acc.ver, % identity, alignment length, mismatches, gap opens, q. start, q. end, s. start, s. end, evalue, bit score
# 1 hits found
ECK125109868-	NZ_CP055292.1	100.000	131	0	0	1	131	2236427	2236297	3.66e-65	243
# BLASTN 2.13.0+
# Query: ECK120034949+
# Database: S._sonnei_NZ_CP055292.1.fasta
# Fields: query acc.ver, subject acc.ver, % identity, alignment length, mismatches, gap opens, q. start, q. end, s. start, s. end, evalue, bit score
# 1 hits found
ECK120034949+	NZ_CP055292.1	99.180	122	1	0	1	122	1682330	1682209	1.58e-58	220
# BLASTN 2.13.0+
# Query: ECK120015443-
# Database: S._sonnei_NZ_CP055292.1.fasta
# Fields: query acc.ver, subject acc.ver, % identity, alignment length, mismatches, gap opens, q. start, q. end, s. start, s. end, evalue, bit score
# 1 hits found
ECK120015443-	NZ_CP055292.1	99.145	117	1	0	1	117	2851019	2850903	9.02e-56	211
# BLASTN 2.13.0+
# Query: ECK120015443-R+
# Database: S._sonnei_NZ_CP055292.1.fasta
# Fields: query acc.ver, subject acc.ver, % identity, alignment length, mismatches, gap opens, q. start, q. end, s. start, s. end, evalue, bit score
# 1 hits found
ECK120015443-R+	NZ_CP055292.1	99.145	117	1	0	1	117	2851019	2850903	9.02e-56	211
# BLASTN 2.13.0+
# Query: ECK120010839+
# Database: S._sonnei_NZ_CP055292.1.fasta
# Fields: query acc.ver, subject acc.ver, % identity, alignment length, mismatches, gap opens, q. start, q. end, s. start, s. end, evalue, bit score
# 1 hits found
ECK120010839+	NZ_CP055292.1	99.194	124	1	0	1	124	2814597	2814474	1.24e-59	224
# BLASTN 2.13.0+
# Query: ECK120010838+
# Database: S._sonnei_NZ_CP055292.1.fasta
# Fields: query acc.ver, subject acc.ver, % identity, alignment length, mismatches, gap opens, q. start, q. end, s. start, s. end, evalue, bit score
# 1 hits found
ECK120010838+	NZ_CP055292.1	99.174	121	1	0	1	121	2814583	2814463	5.61e-58	219
# BLASTN 2.13.0+
# Query: ECK120026312-
# Database: S._sonnei_NZ_CP055292.1.fasta
# Fields: query acc.ver, subject acc.ver, % identity, alignment length, mismatches, gap opens, q. start, q. end, s. start, s. end, evalue, bit score
# 1 hits found
ECK120026312-	NZ_CP055292.1	100.000	119	0	0	1	119	1308256	1308138	1.53e-58	220
# BLASTN 2.13.0+
# Query: ECK120026312-R+
# Database: S._sonnei_NZ_CP055292.1.fasta
# Fields: query acc.ver, subject acc.ver, % identity, alignment length, mismatches, gap opens, q. start, q. end, s. start, s. end, evalue, bit score
# 1 hits found
ECK120026312-R+	NZ_CP055292.1	100.000	119	0	0	1	119	1308256	1308138	1.53e-58	220
# BLASTN 2.13.0+
# Query: ECK120030801-
# Database: S._sonnei_NZ_CP055292.1.fasta
# Fields: query acc.ver, subject acc.ver, % identity, alignment length, mismatches, gap opens, q. start, q. end, s. start, s. end, evalue, bit score
# 1 hits found
ECK120030801-	NZ_CP055292.1	99.219	128	1	0	1	128	1710432	1710305	7.71e-62	231
# BLASTN 2.13.0+
# Query: ECK120030801-R+
# Database: S._sonnei_NZ_CP055292.1.fasta
# Fields: query acc.ver, subject acc.ver, % identity, alignment length, mismatches, gap opens, q. start, q. end, s. start, s. end, evalue, bit score
# 1 hits found
ECK120030801-R+	NZ_CP055292.1	99.219	128	1	0	1	128	1710432	1710305	7.71e-62	231
# BLASTN 2.13.0+
# Query: ECK120030800+
# Database: S._sonnei_NZ_CP055292.1.fasta
# Fields: query acc.ver, subject acc.ver, % identity, alignment length, mismatches, gap opens, q. start, q. end, s. start, s. end, evalue, bit score
# 1 hits found
ECK120030800+	NZ_CP055292.1	100.000	125	0	0	1	125	110659	110535	7.49e-62	231
# BLASTN 2.13.0+
# Query: ECK120048900+
# Database: S._sonnei_NZ_CP055292.1.fasta
# Fields: query acc.ver, subject acc.ver, % identity, alignment length, mismatches, gap opens, q. start, q. end, s. start, s. end, evalue, bit score
# 1 hits found
ECK120048900+	NZ_CP055292.1	99.187	123	1	0	1	123	1770115	1769993	4.42e-59	222
# BLASTN 2.13.0+
# Query: ECK125109869-
# Database: S._sonnei_NZ_CP055292.1.fasta
# Fields: query acc.ver, subject acc.ver, % identity, alignment length, mismatches, gap opens, q. start, q. end, s. start, s. end, evalue, bit score
# 1 hits found
ECK125109869-	NZ_CP055292.1	98.387	124	2	0	1	124	2077691	2077568	5.78e-58	219
# BLASTN 2.13.0+
# Query: ECK120020527+
# Database: S._sonnei_NZ_CP055292.1.fasta
# Fields: query acc.ver, subject acc.ver, % identity, alignment length, mismatches, gap opens, q. start, q. end, s. start, s. end, evalue, bit score
# 1 hits found
ECK120020527+	NZ_CP055292.1	99.123	114	1	0	1	114	2472975	2472862	4.07e-54	206
# BLASTN 2.13.0+
# Query: ECK120027917-
# Database: S._sonnei_NZ_CP055292.1.fasta
# Fields: query acc.ver, subject acc.ver, % identity, alignment length, mismatches, gap opens, q. start, q. end, s. start, s. end, evalue, bit score
# 1 hits found
ECK120027917-	NZ_CP055292.1	100.000	128	0	0	1	128	1130670	1130543	1.66e-63	237
# BLASTN 2.13.0+
# Query: ECK120027917-R+
# Database: S._sonnei_NZ_CP055292.1.fasta
# Fields: query acc.ver, subject acc.ver, % identity, alignment length, mismatches, gap opens, q. start, q. end, s. start, s. end, evalue, bit score
# 1 hits found
ECK120027917-R+	NZ_CP055292.1	100.000	128	0	0	1	128	1130670	1130543	1.66e-63	237
# BLASTN 2.13.0+
# Query: ECK120010835-R+
# Database: S._sonnei_NZ_CP055292.1.fasta
# Fields: query acc.ver, subject acc.ver, % identity, alignment length, mismatches, gap opens, q. start, q. end, s. start, s. end, evalue, bit score
# 1 hits found
ECK120010835-R+	NZ_CP055292.1	100.000	151	0	0	1	151	3035220	3035070	3.29e-76	279
# BLASTN 2.13.0+
# Query: ECK120015447-R+
# Database: S._sonnei_NZ_CP055292.1.fasta
# Fields: query acc.ver, subject acc.ver, % identity, alignment length, mismatches, gap opens, q. start, q. end, s. start, s. end, evalue, bit score
# 1 hits found
ECK120015447-R+	NZ_CP055292.1	99.194	124	1	0	1	124	3407167	3407044	1.24e-59	224
# BLASTN 2.13.0+
# Query: ECK120010786-R+
# Database: S._sonnei_NZ_CP055292.1.fasta
# Fields: query acc.ver, subject acc.ver, % identity, alignment length, mismatches, gap opens, q. start, q. end, s. start, s. end, evalue, bit score
# 1 hits found
ECK120010786-R+	NZ_CP055292.1	98.551	69	0	1	1	68	3088944	3088876	1.58e-28	121
# BLAST processed 174 queries
