# BLASTN 2.13.0+
# Query: X60293.1/246-293 slurp/ecgetrf.pl?CH03783 DE:[Terminator cysB]
# Database: Escherichia_coli_IGRs.fasta
# Fields: query acc.ver, subject acc.ver, % identity, alignment length, mismatches, gap opens, q. start, q. end, s. start, s. end, evalue, bit score
# 1 hits found
X60293.1/246-293	IGR_Escherichia_coli_1428	100.000	48	0	0	1	48	14	61	1.73e-20	89.8
# BLASTN 2.13.0+
# Query: X60293.1/3915-3951 slurp/ecgetrf.pl?CH03784 DE:[acn/ribA terminator 1]
# Database: Escherichia_coli_IGRs.fasta
# Fields: query acc.ver, subject acc.ver, % identity, alignment length, mismatches, gap opens, q. start, q. end, s. start, s. end, evalue, bit score
# 1 hits found
X60293.1/3915-3951	IGR_Escherichia_coli_1431	100.000	37	0	0	1	37	6	42	1.48e-14	69.4
# BLASTN 2.13.0+
# Query: X60293.1/3970-4002 slurp/ecgetrf.pl?CH03785 DE:[acn/ribA terminator 2]
# Database: Escherichia_coli_IGRs.fasta
# 0 hits found
# BLASTN 2.13.0+
# Query: X15237.1/1846-1870 slurp/ecgetrf.pl?CH03787 DE:[pot. stem-loop structure]
# Database: Escherichia_coli_IGRs.fasta
# Fields: query acc.ver, subject acc.ver, % identity, alignment length, mismatches, gap opens, q. start, q. end, s. start, s. end, evalue, bit score
# 1 hits found
X15237.1/1846-1870	IGR_Escherichia_coli_89	100.000	25	0	0	1	25	9	33	3.32e-08	47.3
# BLASTN 2.13.0+
# Query: M55170.1/1827-1862 slurp/ecgetrf.pl?CH03788 DE:[amtA terminator]
# Database: Escherichia_coli_IGRs.fasta
# Fields: query acc.ver, subject acc.ver, % identity, alignment length, mismatches, gap opens, q. start, q. end, s. start, s. end, evalue, bit score
# 1 hits found
M55170.1/1827-1862	IGR_Escherichia_coli_4145	100.000	36	0	0	1	36	6	41	5.06e-14	67.6
# BLASTN 2.13.0+
# Query: X06091.1/1417-1440 slurp/ecgetrf.pl?CH03791 DE:[pot. stem-loop structure; pot. transcription terminator]
# Database: Escherichia_coli_IGRs.fasta
# 0 hits found
# BLASTN 2.13.0+
# Query: X17333.1/1415-1439 slurp/ecgetrf.pl?CH03793 DE:[put. bidirectional transcriptional terminator]
# Database: Escherichia_coli_IGRs.fasta
# Fields: query acc.ver, subject acc.ver, % identity, alignment length, mismatches, gap opens, q. start, q. end, s. start, s. end, evalue, bit score
# 1 hits found
X17333.1/1415-1439	IGR_Escherichia_coli_89	100.000	25	0	0	1	25	33	9	3.32e-08	47.3
# BLASTN 2.13.0+
# Query: X68192.1/1504-1542 slurp/ecgetrf.pl?CH03794 DE:[terminator I]
# Database: Escherichia_coli_IGRs.fasta
# Fields: query acc.ver, subject acc.ver, % identity, alignment length, mismatches, gap opens, q. start, q. end, s. start, s. end, evalue, bit score
# 1 hits found
X68192.1/1504-1542	IGR_Escherichia_coli_817	92.308	39	2	1	1	39	590	553	4.53e-10	54.7
# BLASTN 2.13.0+
# Query: X68192.1/1637-1678 slurp/ecgetrf.pl?CH03795 DE:[terminator II]
# Database: Escherichia_coli_IGRs.fasta
# Fields: query acc.ver, subject acc.ver, % identity, alignment length, mismatches, gap opens, q. start, q. end, s. start, s. end, evalue, bit score
# 1 hits found
X68192.1/1637-1678	IGR_Escherichia_coli_817	95.238	42	2	0	1	42	458	417	6.58e-14	67.6
# BLASTN 2.13.0+
# Query: X04066.1/2032-2067 slurp/ecgetrf.pl?CH03796 DE:[stem-loop structure; pot. transcripion terminator]
# Database: Escherichia_coli_IGRs.fasta
# Fields: query acc.ver, subject acc.ver, % identity, alignment length, mismatches, gap opens, q. start, q. end, s. start, s. end, evalue, bit score
# 1 hits found
X04066.1/2032-2067	IGR_Escherichia_coli_4074	100.000	36	0	0	1	36	97	62	5.06e-14	67.6
# BLASTN 2.13.0+
# Query: M87625.1/2270-2297 slurp/ecgetrf.pl?CH03800 DE:[termination sequence]
# Database: Escherichia_coli_IGRs.fasta
# Fields: query acc.ver, subject acc.ver, % identity, alignment length, mismatches, gap opens, q. start, q. end, s. start, s. end, evalue, bit score
# 1 hits found
M87625.1/2270-2297	IGR_Escherichia_coli_3774	100.000	28	0	0	1	28	8	35	9.28e-10	52.8
# BLASTN 2.13.0+
# Query: Y00538.1/1704-1739 slurp/ecgetrf.pl?CH03801 DE:[pot. stem-loop structure; pot. transcription terminator]
# Database: Escherichia_coli_IGRs.fasta
# Fields: query acc.ver, subject acc.ver, % identity, alignment length, mismatches, gap opens, q. start, q. end, s. start, s. end, evalue, bit score
# 2 hits found
Y00538.1/1704-1739	IGR_Escherichia_coli_4289	100.000	36	0	0	1	36	8	43	5.06e-14	67.6
Y00538.1/1704-1739	IGR_Escherichia_coli_2089	85.714	35	3	1	1	33	57	91	1.43e-04	36.2
# BLASTN 2.13.0+
# Query: X61919.1/257-295 slurp/ecgetrf.pl?CH03803 DE:[crp divergent RNA transcription terminator]
# Database: Escherichia_coli_IGRs.fasta
# 0 hits found
# BLASTN 2.13.0+
# Query: X61919.1/544-577 slurp/ecgetrf.pl?CH03804 DE:[crp divergent ORF transcription terminator]
# Database: Escherichia_coli_IGRs.fasta
# Fields: query acc.ver, subject acc.ver, % identity, alignment length, mismatches, gap opens, q. start, q. end, s. start, s. end, evalue, bit score
# 1 hits found
X61919.1/544-577	IGR_Escherichia_coli_3321	100.000	34	0	0	1	34	50	17	5.89e-13	63.9
# BLASTN 2.13.0+
# Query: X01653.1/3207-3232 slurp/ecgetrf.pl?CH03805 DE:[pot. stem-loop structure]
# Database: Escherichia_coli_IGRs.fasta
# Fields: query acc.ver, subject acc.ver, % identity, alignment length, mismatches, gap opens, q. start, q. end, s. start, s. end, evalue, bit score
# 1 hits found
X01653.1/3207-3232	IGR_Escherichia_coli_3755	100.000	26	0	0	1	26	7	32	1.02e-08	49.1
# BLASTN 2.13.0+
# Query: M23219.1/2458-2491 slurp/ecgetrf.pl?CH03806 DE:[potential terminator for the cyn operon.]
# Database: Escherichia_coli_IGRs.fasta
# Fields: query acc.ver, subject acc.ver, % identity, alignment length, mismatches, gap opens, q. start, q. end, s. start, s. end, evalue, bit score
# 1 hits found
M23219.1/2458-2491	IGR_Escherichia_coli_312	96.296	27	1	0	8	34	1	27	2.13e-07	45.4
# BLASTN 2.13.0+
# Query: M23219.1/2530-2564 slurp/ecgetrf.pl?CH03807 DE:[potential terminator for the cyn operon.]
# Database: Escherichia_coli_IGRs.fasta
# Fields: query acc.ver, subject acc.ver, % identity, alignment length, mismatches, gap opens, q. start, q. end, s. start, s. end, evalue, bit score
# 39 hits found
M23219.1/2530-2564	IGR_Escherichia_coli_312	97.143	35	1	0	1	35	66	100	8.05e-12	60.2
M23219.1/2530-2564	IGR_Escherichia_coli_2092	96.667	30	1	0	1	30	252	281	4.84e-09	51.0
M23219.1/2530-2564	IGR_Escherichia_coli_3879	93.548	31	2	0	1	31	204	234	6.26e-08	47.3
M23219.1/2530-2564	IGR_Escherichia_coli_3371	93.548	31	2	0	1	31	88	58	6.26e-08	47.3
M23219.1/2530-2564	IGR_Escherichia_coli_2852	93.548	31	2	0	1	31	146	176	6.26e-08	47.3
M23219.1/2530-2564	IGR_Escherichia_coli_371	93.548	31	2	0	1	31	40	10	6.26e-08	47.3
M23219.1/2530-2564	IGR_Escherichia_coli_3513	93.333	30	2	0	1	30	30	1	2.25e-07	45.4
M23219.1/2530-2564	IGR_Escherichia_coli_581	93.333	30	2	0	1	30	104	75	2.25e-07	45.4
M23219.1/2530-2564	IGR_Escherichia_coli_3724	90.909	33	1	2	1	32	34	3	8.10e-07	43.6
M23219.1/2530-2564	IGR_Escherichia_coli_4272	96.000	25	1	0	1	25	39	15	2.91e-06	41.7
M23219.1/2530-2564	IGR_Escherichia_coli_4169	90.323	31	3	0	1	31	123	153	2.91e-06	41.7
M23219.1/2530-2564	IGR_Escherichia_coli_3846	90.625	32	2	1	1	32	81	51	2.91e-06	41.7
M23219.1/2530-2564	IGR_Escherichia_coli_3805	90.323	31	3	0	1	31	92	62	2.91e-06	41.7
M23219.1/2530-2564	IGR_Escherichia_coli_2979	90.323	31	3	0	1	31	269	299	2.91e-06	41.7
M23219.1/2530-2564	IGR_Escherichia_coli_1607	92.857	28	2	0	1	28	152	179	2.91e-06	41.7
M23219.1/2530-2564	IGR_Escherichia_coli_1173	92.857	28	2	0	1	28	38	11	2.91e-06	41.7
M23219.1/2530-2564	IGR_Escherichia_coli_691	90.323	31	3	0	1	31	62	32	2.91e-06	41.7
M23219.1/2530-2564	IGR_Escherichia_coli_608	96.000	25	1	0	1	25	97	121	2.91e-06	41.7
M23219.1/2530-2564	IGR_Escherichia_coli_3997	92.593	27	2	0	1	27	68	42	1.05e-05	39.9
M23219.1/2530-2564	IGR_Escherichia_coli_1457	95.833	24	1	0	3	26	51	28	1.05e-05	39.9
M23219.1/2530-2564	IGR_Escherichia_coli_385	90.000	30	3	0	1	30	88	117	1.05e-05	39.9
M23219.1/2530-2564	IGR_Escherichia_coli_101	90.323	31	2	1	1	30	90	60	1.05e-05	39.9
M23219.1/2530-2564	IGR_Escherichia_coli_4080	89.655	29	3	0	1	29	49	21	3.77e-05	38.1
M23219.1/2530-2564	IGR_Escherichia_coli_3656	92.308	26	2	0	1	26	194	219	3.77e-05	38.1
M23219.1/2530-2564	IGR_Escherichia_coli_3173	92.308	26	2	0	1	26	53	78	3.77e-05	38.1
M23219.1/2530-2564	IGR_Escherichia_coli_3041	92.308	26	2	0	1	26	125	150	3.77e-05	38.1
M23219.1/2530-2564	IGR_Escherichia_coli_2875	90.000	30	2	1	1	30	78	50	3.77e-05	38.1
M23219.1/2530-2564	IGR_Escherichia_coli_308	89.655	29	3	0	1	29	94	122	3.77e-05	38.1
M23219.1/2530-2564	IGR_Escherichia_coli_293	90.000	30	2	1	1	30	1	29	3.77e-05	38.1
M23219.1/2530-2564	IGR_Escherichia_coli_4228	89.286	28	3	0	1	28	235	262	1.36e-04	36.2
M23219.1/2530-2564	IGR_Escherichia_coli_3943	89.286	28	3	0	1	28	149	122	1.36e-04	36.2
M23219.1/2530-2564	IGR_Escherichia_coli_3828	89.286	28	3	0	1	28	124	151	1.36e-04	36.2
M23219.1/2530-2564	IGR_Escherichia_coli_3466	92.000	25	2	0	1	25	37	13	1.36e-04	36.2
M23219.1/2530-2564	IGR_Escherichia_coli_3125	87.097	31	4	0	1	31	126	156	1.36e-04	36.2
M23219.1/2530-2564	IGR_Escherichia_coli_3008	87.097	31	4	0	1	31	127	157	1.36e-04	36.2
M23219.1/2530-2564	IGR_Escherichia_coli_722	87.097	31	4	0	1	31	85	55	1.36e-04	36.2
M23219.1/2530-2564	IGR_Escherichia_coli_463	92.000	25	2	0	1	25	126	150	1.36e-04	36.2
M23219.1/2530-2564	IGR_Escherichia_coli_1923	87.097	31	2	2	1	30	35	6	4.88e-04	34.4
M23219.1/2530-2564	IGR_Escherichia_coli_1110	88.889	27	3	0	1	27	35	9	4.88e-04	34.4
# BLASTN 2.13.0+
# Query: X05629.1/80-111 slurp/ecgetrf.pl?CH03808 DE:[Terminator deoT]
# Database: Escherichia_coli_IGRs.fasta
# Fields: query acc.ver, subject acc.ver, % identity, alignment length, mismatches, gap opens, q. start, q. end, s. start, s. end, evalue, bit score
# 1 hits found
X05629.1/80-111	IGR_Escherichia_coli_4275	93.750	32	2	0	1	32	32	63	1.57e-08	49.1
# BLASTN 2.13.0+
# Query: X00547.1/224-259 slurp/ecgetrf.pl?CH03810 DE:[Pot. transcription terminator]
# Database: Escherichia_coli_IGRs.fasta
# Fields: query acc.ver, subject acc.ver, % identity, alignment length, mismatches, gap opens, q. start, q. end, s. start, s. end, evalue, bit score
# 1 hits found
X00547.1/224-259	IGR_Escherichia_coli_848	100.000	36	0	0	1	36	198	163	5.06e-14	67.6
# BLASTN 2.13.0+
# Query: X00547.1/1104-1134 slurp/ecgetrf.pl?CH03811 DE:[Pot. transcription terminator]
# Database: Escherichia_coli_IGRs.fasta
# Fields: query acc.ver, subject acc.ver, % identity, alignment length, mismatches, gap opens, q. start, q. end, s. start, s. end, evalue, bit score
# 1 hits found
X00547.1/1104-1134	IGR_Escherichia_coli_847	100.000	31	0	0	1	31	68	38	2.46e-11	58.4
# BLASTN 2.13.0+
# Query: X52031.1/1120-1155 slurp/ecgetrf.pl?CH03813 DE:[Stem-loop; put. transcription terminator]
# Database: Escherichia_coli_IGRs.fasta
# Fields: query acc.ver, subject acc.ver, % identity, alignment length, mismatches, gap opens, q. start, q. end, s. start, s. end, evalue, bit score
# 1 hits found
X52031.1/1120-1155	IGR_Escherichia_coli_3101	97.222	36	1	0	1	36	11	46	2.35e-12	62.1
# BLASTN 2.13.0+
# Query: M84991.1/1269-1309 slurp/ecgetrf.pl?CH03814 DE:[Terminatorfor fatty acid biosynthesis operon]
# Database: Escherichia_coli_IGRs.fasta
# Fields: query acc.ver, subject acc.ver, % identity, alignment length, mismatches, gap opens, q. start, q. end, s. start, s. end, evalue, bit score
# 1 hits found
M84991.1/1269-1309	IGR_Escherichia_coli_1151	97.561	41	0	1	1	41	9	48	1.76e-14	69.4
# BLASTN 2.13.0+
# Query: M83198.1/2647-2677 slurp/ecgetrf.pl?CH03815 DE:[Terminator fabG]
# Database: Escherichia_coli_IGRs.fasta
# Fields: query acc.ver, subject acc.ver, % identity, alignment length, mismatches, gap opens, q. start, q. end, s. start, s. end, evalue, bit score
# 2 hits found
M83198.1/2647-2677	IGR_Escherichia_coli_3249	100.000	31	0	0	1	31	16	46	2.46e-11	58.4
M83198.1/2647-2677	IGR_Escherichia_coli_3551	86.667	30	4	0	1	30	32	3	4.14e-04	34.4
# BLASTN 2.13.0+
# Query: X08087.1/907-941 slurp/ecgetrf.pl?CH03816 DE:[Pot. stem-loop structure; pot. transcription terminator]
# Database: Escherichia_coli_IGRs.fasta
# Fields: query acc.ver, subject acc.ver, % identity, alignment length, mismatches, gap opens, q. start, q. end, s. start, s. end, evalue, bit score
# 1 hits found
X08087.1/907-941	IGR_Escherichia_coli_1291	100.000	32	0	0	1	32	20	51	8.05e-12	60.2
# BLASTN 2.13.0+
# Query: M58504.1/2350-2396 slurp/ecgetrf.pl?CH03817 DE:[Potential terminator]
# Database: Escherichia_coli_IGRs.fasta
# Fields: query acc.ver, subject acc.ver, % identity, alignment length, mismatches, gap opens, q. start, q. end, s. start, s. end, evalue, bit score
# 1 hits found
M58504.1/2350-2396	IGR_Escherichia_coli_2812	100.000	28	0	0	1	28	9	36	2.20e-09	52.8
# BLASTN 2.13.0+
# Query: X63666.1/1540-1567 slurp/ecgetrf.pl?CH03819 DE:[Putative termination signal]
# Database: Escherichia_coli_IGRs.fasta
# Fields: query acc.ver, subject acc.ver, % identity, alignment length, mismatches, gap opens, q. start, q. end, s. start, s. end, evalue, bit score
# 1 hits found
X63666.1/1540-1567	IGR_Escherichia_coli_3276	96.429	28	1	0	1	28	15	42	4.32e-08	47.3
# BLASTN 2.13.0+
# Query: X06036.1/945-966 slurp/ecgetrf.pl?CH03820 DE:[Stem loop structure]
# Database: Escherichia_coli_IGRs.fasta
# Fields: query acc.ver, subject acc.ver, % identity, alignment length, mismatches, gap opens, q. start, q. end, s. start, s. end, evalue, bit score
# 1 hits found
X06036.1/945-966	IGR_Escherichia_coli_3558	100.000	22	0	0	1	22	29	8	1.25e-06	41.7
# BLASTN 2.13.0+
# Query: X04065.1/1578-1619 slurp/ecgetrf.pl?CH03822 DE:[Stem-loop structure; pot. transcription terminator]
# Database: Escherichia_coli_IGRs.fasta
# 0 hits found
# BLASTN 2.13.0+
# Query: X07850.1/2144-2181 slurp/ecgetrf.pl?CH03828 DE:[Put. transcription terminator]
# Database: Escherichia_coli_IGRs.fasta
# Fields: query acc.ver, subject acc.ver, % identity, alignment length, mismatches, gap opens, q. start, q. end, s. start, s. end, evalue, bit score
# 1 hits found
X07850.1/2144-2181	IGR_Escherichia_coli_4079	100.000	38	0	0	1	38	27	64	4.30e-15	71.3
# BLASTN 2.13.0+
# Query: X06744.1/2831-2858 slurp/ecgetrf.pl?CH03831 DE:[Put. stem loop structure]
# Database: Escherichia_coli_IGRs.fasta
# Fields: query acc.ver, subject acc.ver, % identity, alignment length, mismatches, gap opens, q. start, q. end, s. start, s. end, evalue, bit score
# 1 hits found
X06744.1/2831-2858	IGR_Escherichia_coli_2418	92.857	28	2	0	1	28	263	236	2.01e-06	41.7
# BLASTN 2.13.0+
# Query: X04341.1/3727-3763 slurp/ecgetrf.pl?CH03833 DE:[Pot. stem-loop structure]
# Database: Escherichia_coli_IGRs.fasta
# Fields: query acc.ver, subject acc.ver, % identity, alignment length, mismatches, gap opens, q. start, q. end, s. start, s. end, evalue, bit score
# 1 hits found
X04341.1/3727-3763	IGR_Escherichia_coli_3656	100.000	37	0	0	1	37	107	71	1.48e-14	69.4
# BLASTN 2.13.0+
# Query: X04864.1/40-68 slurp/ecgetrf.pl?CH03834 DE:[Put. transcription terminator]
# Database: Escherichia_coli_IGRs.fasta
# Fields: query acc.ver, subject acc.ver, % identity, alignment length, mismatches, gap opens, q. start, q. end, s. start, s. end, evalue, bit score
# 1 hits found
X04864.1/40-68	IGR_Escherichia_coli_805	96.552	29	1	0	1	29	11	39	1.29e-08	49.1
# BLASTN 2.13.0+
# Query: X04864.1/495-528 slurp/ecgetrf.pl?CH03835 DE:[Put. transcription terminator]
# Database: Escherichia_coli_IGRs.fasta
# Fields: query acc.ver, subject acc.ver, % identity, alignment length, mismatches, gap opens, q. start, q. end, s. start, s. end, evalue, bit score
# 1 hits found
X04864.1/495-528	IGR_Escherichia_coli_806	100.000	34	0	0	1	34	20	53	5.89e-13	63.9
# BLASTN 2.13.0+
# Query: X13462.1/7351-7391 slurp/ecgetrf.pl?CH03836 DE:[Pot. stem-loop structure]
# Database: Escherichia_coli_IGRs.fasta
# Fields: query acc.ver, subject acc.ver, % identity, alignment length, mismatches, gap opens, q. start, q. end, s. start, s. end, evalue, bit score
# 1 hits found
X13462.1/7351-7391	IGR_Escherichia_coli_2212	100.000	40	0	0	1	40	45	84	3.63e-16	75.0
# BLASTN 2.13.0+
# Query: X67700.1/988-1010 slurp/ecgetrf.pl?CH03840 DE:[ORF1 terminator]
# Database: Escherichia_coli_IGRs.fasta
# Fields: query acc.ver, subject acc.ver, % identity, alignment length, mismatches, gap opens, q. start, q. end, s. start, s. end, evalue, bit score
# 1 hits found
X67700.1/988-1010	IGR_Escherichia_coli_8	100.000	23	0	0	1	23	6	28	3.44e-07	43.6
# BLASTN 2.13.0+
# Query: X16540.1/411-442 slurp/ecgetrf.pl?CH03843 DE:[Transcriptional terminator]
# Database: Escherichia_coli_IGRs.fasta
# Fields: query acc.ver, subject acc.ver, % identity, alignment length, mismatches, gap opens, q. start, q. end, s. start, s. end, evalue, bit score
# 2 hits found
X16540.1/411-442	IGR_Escherichia_coli_397	100.000	32	0	0	1	32	36	67	7.25e-12	60.2
X16540.1/411-442	IGR_Escherichia_coli_4074	95.455	22	1	0	11	32	82	103	1.22e-04	36.2
# BLASTN 2.13.0+
# Query: L12044.1/438-472 slurp/ecgetrf.pl?CH03847 DE:[Putative termination signal]
# Database: Escherichia_coli_IGRs.fasta
# Fields: query acc.ver, subject acc.ver, % identity, alignment length, mismatches, gap opens, q. start, q. end, s. start, s. end, evalue, bit score
# 1 hits found
L12044.1/438-472	IGR_Escherichia_coli_1347	100.000	35	0	0	1	35	284	250	1.73e-13	65.8
# BLASTN 2.13.0+
# Query: L12044.1/1999-2037 slurp/ecgetrf.pl?CH03848 DE:[Terminator kch]
# Database: Escherichia_coli_IGRs.fasta
# Fields: query acc.ver, subject acc.ver, % identity, alignment length, mismatches, gap opens, q. start, q. end, s. start, s. end, evalue, bit score
# 1 hits found
L12044.1/1999-2037	IGR_Escherichia_coli_1346	100.000	39	0	0	1	39	346	308	1.25e-15	73.1
# BLASTN 2.13.0+
# Query: X55791.1/1233-1270 slurp/ecgetrf.pl?CH03857 DE:[MetG attenuator terminator]
# Database: Escherichia_coli_IGRs.fasta
# 0 hits found
# BLASTN 2.13.0+
# Query: X14135.1/195-222 slurp/ecgetrf.pl?CH03860 DE:[Pot. stem loop structure]
# Database: Escherichia_coli_IGRs.fasta
# 0 hits found
# BLASTN 2.13.0+
# Query: M83655.1/1677-1708 slurp/ecgetrf.pl?CH03863 DE:[NhaB Terminator]
# Database: Escherichia_coli_IGRs.fasta
# Fields: query acc.ver, subject acc.ver, % identity, alignment length, mismatches, gap opens, q. start, q. end, s. start, s. end, evalue, bit score
# 1 hits found
M83655.1/1677-1708	IGR_Escherichia_coli_1289	100.000	32	0	0	1	32	136	105	7.25e-12	60.2
# BLASTN 2.13.0+
# Query: X57402.1/1077-1106 slurp/ecgetrf.pl?CH03864 DE:[Terminator dapA, nlpB]
# Database: Escherichia_coli_IGRs.fasta
# Fields: query acc.ver, subject acc.ver, % identity, alignment length, mismatches, gap opens, q. start, q. end, s. start, s. end, evalue, bit score
# 1 hits found
X57402.1/1077-1106	IGR_Escherichia_coli_2607	100.000	30	0	0	1	30	206	177	8.28e-11	56.5
# BLASTN 2.13.0+
# Query: X05123.1/672-711 slurp/ecgetrf.pl?CH03867 DE:[pot. stem-loop structure; pot. transcription terminator]
# Database: Escherichia_coli_IGRs.fasta
# 0 hits found
# BLASTN 2.13.0+
# Query: X08035.1/2423-2452 slurp/ecgetrf.pl?CH03870 DE:[pot.stem-loop structure]
# Database: Escherichia_coli_IGRs.fasta
# Fields: query acc.ver, subject acc.ver, % identity, alignment length, mismatches, gap opens, q. start, q. end, s. start, s. end, evalue, bit score
# 1 hits found
X08035.1/2423-2452	IGR_Escherichia_coli_796	100.000	30	0	0	1	30	152	123	8.28e-11	56.5
# BLASTN 2.13.0+
# Query: X08035.1/3325-3361 slurp/ecgetrf.pl?CH03871 DE:[pot.stem-loop structure]
# Database: Escherichia_coli_IGRs.fasta
# Fields: query acc.ver, subject acc.ver, % identity, alignment length, mismatches, gap opens, q. start, q. end, s. start, s. end, evalue, bit score
# 1 hits found
X08035.1/3325-3361	IGR_Escherichia_coli_795	100.000	37	0	0	1	37	200	164	1.48e-14	69.4
# BLASTN 2.13.0+
# Query: D90227.1/10944-10985 slurp/ecgetrf.pl?CH03874 DE:[pot. terminator 1]
# Database: Escherichia_coli_IGRs.fasta
# Fields: query acc.ver, subject acc.ver, % identity, alignment length, mismatches, gap opens, q. start, q. end, s. start, s. end, evalue, bit score
# 15 hits found
D90227.1/10944-10985	IGR_Escherichia_coli_3678	100.000	42	0	0	1	42	164	123	3.04e-17	78.7
D90227.1/10944-10985	IGR_Escherichia_coli_3405	97.619	42	1	0	1	42	70	29	1.41e-15	73.1
D90227.1/10944-10985	IGR_Escherichia_coli_3337	97.561	41	1	0	1	41	74	114	5.09e-15	71.3
D90227.1/10944-10985	IGR_Escherichia_coli_3240	97.561	41	1	0	1	41	45	85	5.09e-15	71.3
D90227.1/10944-10985	IGR_Escherichia_coli_2655	95.122	41	2	0	1	41	235	275	2.37e-13	65.8
D90227.1/10944-10985	IGR_Escherichia_coli_4040	100.000	33	0	0	1	33	53	21	3.06e-12	62.1
D90227.1/10944-10985	IGR_Escherichia_coli_3112	95.000	40	1	1	1	39	117	156	3.06e-12	62.1
D90227.1/10944-10985	IGR_Escherichia_coli_2349	95.000	40	1	1	2	41	92	130	3.06e-12	62.1
D90227.1/10944-10985	IGR_Escherichia_coli_1136	94.872	39	2	0	1	39	78	40	3.06e-12	62.1
D90227.1/10944-10985	IGR_Escherichia_coli_334	92.683	41	3	0	1	41	53	13	1.10e-11	60.2
D90227.1/10944-10985	IGR_Escherichia_coli_516	94.737	38	0	2	1	37	52	88	3.96e-11	58.4
D90227.1/10944-10985	IGR_Escherichia_coli_714	94.286	35	2	0	2	36	71	105	5.12e-10	54.7
D90227.1/10944-10985	IGR_Escherichia_coli_124	87.805	41	4	1	2	42	64	103	8.57e-08	47.3
D90227.1/10944-10985	IGR_Escherichia_coli_4055	96.154	26	1	0	13	38	78	103	1.11e-06	43.6
D90227.1/10944-10985	IGR_Escherichia_coli_3536	96.154	26	0	1	1	25	11	36	3.99e-06	41.7
# BLASTN 2.13.0+
# Query: X04586.1/1699-1742 slurp/ecgetrf.pl?CH03876 DE:[stem-loop structure]
# Database: Escherichia_coli_IGRs.fasta
# Fields: query acc.ver, subject acc.ver, % identity, alignment length, mismatches, gap opens, q. start, q. end, s. start, s. end, evalue, bit score
# 1 hits found
X04586.1/1699-1742	IGR_Escherichia_coli_344	97.727	44	1	0	1	44	1	44	1.18e-16	76.8
# BLASTN 2.13.0+
# Query: M94104.1/1639-1668 slurp/ecgetrf.pl?CH03879 DE:[putative termination signal]
# Database: Escherichia_coli_IGRs.fasta
# Fields: query acc.ver, subject acc.ver, % identity, alignment length, mismatches, gap opens, q. start, q. end, s. start, s. end, evalue, bit score
# 1 hits found
M94104.1/1639-1668	IGR_Escherichia_coli_3648	100.000	30	0	0	1	30	180	151	8.28e-11	56.5
# BLASTN 2.13.0+
# Query: X51950.1/3192-3229 slurp/ecgetrf.pl?CH03881 DE:[terminator region]
# Database: Escherichia_coli_IGRs.fasta
# 0 hits found
# BLASTN 2.13.0+
# Query: X04469.1/1953-1977 slurp/ecgetrf.pl?CH03882 DE:[pot. transcription terminator]
# Database: Escherichia_coli_IGRs.fasta
# Fields: query acc.ver, subject acc.ver, % identity, alignment length, mismatches, gap opens, q. start, q. end, s. start, s. end, evalue, bit score
# 1 hits found
X04469.1/1953-1977	IGR_Escherichia_coli_1120	100.000	25	0	0	1	25	48	24	3.32e-08	47.3
# BLASTN 2.13.0+
# Query: X04382.1/567-588 slurp/ecgetrf.pl?CH03886 DE:[pot. stem-loop structure]
# Database: Escherichia_coli_IGRs.fasta
# Fields: query acc.ver, subject acc.ver, % identity, alignment length, mismatches, gap opens, q. start, q. end, s. start, s. end, evalue, bit score
# 1 hits found
X04382.1/567-588	IGR_Escherichia_coli_21	100.000	22	0	0	1	22	439	418	1.25e-06	41.7
# BLASTN 2.13.0+
# Query: X52363.1/127-157 slurp/ecgetrf.pl?CH03887 DE:[rrfG transcription terminator]
# Database: Escherichia_coli_IGRs.fasta
# Fields: query acc.ver, subject acc.ver, % identity, alignment length, mismatches, gap opens, q. start, q. end, s. start, s. end, evalue, bit score
# 4 hits found
X52363.1/127-157	IGR_Escherichia_coli_3934	100.000	31	0	0	1	31	16	46	2.46e-11	58.4
X52363.1/127-157	IGR_Escherichia_coli_3795	100.000	31	0	0	1	31	16	46	2.46e-11	58.4
X52363.1/127-157	IGR_Escherichia_coli_2699	100.000	26	0	0	2	27	284	309	1.48e-08	49.1
X52363.1/127-157	IGR_Escherichia_coli_3263	92.308	26	2	0	2	27	24	49	3.20e-05	38.1
# BLASTN 2.13.0+
# Query: M37337.1/4703-4733 slurp/ecgetrf.pl?CH03890 DE:[rrnC terminator]
# Database: Escherichia_coli_IGRs.fasta
# Fields: query acc.ver, subject acc.ver, % identity, alignment length, mismatches, gap opens, q. start, q. end, s. start, s. end, evalue, bit score
# 1 hits found
M37337.1/4703-4733	IGR_Escherichia_coli_3716	100.000	28	0	0	1	28	28	1	1.14e-09	52.8
# BLASTN 2.13.0+
# Query: X07091.1/2084-2111 slurp/ecgetrf.pl?CH03891 DE:[pot. stem loop structure; pot. transription terminator]
# Database: Escherichia_coli_IGRs.fasta
# 0 hits found
# BLASTN 2.13.0+
# Query: L10328.1/5220-5193 slurp/ecgetrf.pl?CH03902 DE:[putative termination signal]
# Database: Escherichia_coli_IGRs.fasta
# Fields: query acc.ver, subject acc.ver, % identity, alignment length, mismatches, gap opens, q. start, q. end, s. start, s. end, evalue, bit score
# 1 hits found
L10328.1/5220-5193	IGR_Escherichia_coli_3565	100.000	28	0	0	1	28	60	33	9.28e-10	52.8
# BLASTN 2.13.0+
# Query: L10328.1/35151-35126 slurp/ecgetrf.pl?CH03903 DE:[putative termination signal]
# Database: Escherichia_coli_IGRs.fasta
# Fields: query acc.ver, subject acc.ver, % identity, alignment length, mismatches, gap opens, q. start, q. end, s. start, s. end, evalue, bit score
# 1 hits found
L10328.1/35151-35126	IGR_Escherichia_coli_3631	100.000	26	0	0	1	26	27	2	1.02e-08	49.1
# BLASTN 2.13.0+
# Query: L10328.1/43056-43083 slurp/ecgetrf.pl?CH03904 DE:[putative termination signal]
# Database: Escherichia_coli_IGRs.fasta
# Fields: query acc.ver, subject acc.ver, % identity, alignment length, mismatches, gap opens, q. start, q. end, s. start, s. end, evalue, bit score
# 1 hits found
L10328.1/43056-43083	IGR_Escherichia_coli_3642	92.857	28	2	0	1	28	20	47	2.01e-06	41.7
# BLASTN 2.13.0+
# Query: L10328.1/43151-43173 slurp/ecgetrf.pl?CH03905 DE:[putative termination signal]
# Database: Escherichia_coli_IGRs.fasta
# Fields: query acc.ver, subject acc.ver, % identity, alignment length, mismatches, gap opens, q. start, q. end, s. start, s. end, evalue, bit score
# 1 hits found
L10328.1/43151-43173	IGR_Escherichia_coli_3642	100.000	23	0	0	1	23	115	137	3.44e-07	43.6
# BLASTN 2.13.0+
# Query: L10328.1/55847-55820 slurp/ecgetrf.pl?CH03906 DE:[putative termination signal]
# Database: Escherichia_coli_IGRs.fasta
# Fields: query acc.ver, subject acc.ver, % identity, alignment length, mismatches, gap opens, q. start, q. end, s. start, s. end, evalue, bit score
# 1 hits found
L10328.1/55847-55820	IGR_Escherichia_coli_3648	100.000	28	0	0	1	28	180	153	9.28e-10	52.8
# BLASTN 2.13.0+
# Query: L10328.1/66946-66970 slurp/ecgetrf.pl?CH03907 DE:[putative termination signal]
# Database: Escherichia_coli_IGRs.fasta
# Fields: query acc.ver, subject acc.ver, % identity, alignment length, mismatches, gap opens, q. start, q. end, s. start, s. end, evalue, bit score
# 1 hits found
L10328.1/66946-66970	IGR_Escherichia_coli_3656	100.000	25	0	0	1	25	83	107	3.32e-08	47.3
# BLASTN 2.13.0+
# Query: L10328.1/76146-76169 slurp/ecgetrf.pl?CH03908 DE:[putative termination signal]
# Database: Escherichia_coli_IGRs.fasta
# Fields: query acc.ver, subject acc.ver, % identity, alignment length, mismatches, gap opens, q. start, q. end, s. start, s. end, evalue, bit score
# 1 hits found
L10328.1/76146-76169	IGR_Escherichia_coli_3662	100.000	24	0	0	1	24	26	49	1.08e-07	45.4
# BLASTN 2.13.0+
# Query: L10328.1/126639-126661 slurp/ecgetrf.pl?CH03910 DE:[putative termination signal]
# Database: Escherichia_coli_IGRs.fasta
# Fields: query acc.ver, subject acc.ver, % identity, alignment length, mismatches, gap opens, q. start, q. end, s. start, s. end, evalue, bit score
# 1 hits found
L10328.1/126639-126661	IGR_Escherichia_coli_3707	100.000	23	0	0	1	23	83	105	3.44e-07	43.6
# BLASTN 2.13.0+
# Query: M87049.1/177-208 slurp/ecgetrf.pl?CH03911 DE:[terminator-like sequence]
# Database: Escherichia_coli_IGRs.fasta
# Fields: query acc.ver, subject acc.ver, % identity, alignment length, mismatches, gap opens, q. start, q. end, s. start, s. end, evalue, bit score
# 1 hits found
M87049.1/177-208	IGR_Escherichia_coli_3716	93.750	32	2	0	1	32	7	38	1.57e-08	49.1
# BLASTN 2.13.0+
# Query: M87049.1/1562-1589 slurp/ecgetrf.pl?CH03912 DE:[terminator-like sequence]
# Database: Escherichia_coli_IGRs.fasta
# Fields: query acc.ver, subject acc.ver, % identity, alignment length, mismatches, gap opens, q. start, q. end, s. start, s. end, evalue, bit score
# 1 hits found
M87049.1/1562-1589	IGR_Escherichia_coli_3718	100.000	23	0	0	1	23	2	24	5.59e-07	43.6
# BLASTN 2.13.0+
# Query: M87049.1/10043-10012 slurp/ecgetrf.pl?CH03913 DE:[terminator-like sequence]
# Database: Escherichia_coli_IGRs.fasta
# Fields: query acc.ver, subject acc.ver, % identity, alignment length, mismatches, gap opens, q. start, q. end, s. start, s. end, evalue, bit score
# 28 hits found
M87049.1/10043-10012	IGR_Escherichia_coli_3724	100.000	32	0	0	1	32	34	3	7.25e-12	60.2
M87049.1/10043-10012	IGR_Escherichia_coli_3846	96.875	32	0	1	1	32	81	51	1.21e-09	52.8
M87049.1/10043-10012	IGR_Escherichia_coli_312	93.939	33	0	2	1	32	66	97	1.57e-08	49.1
M87049.1/10043-10012	IGR_Escherichia_coli_3173	96.552	29	0	1	1	29	53	80	5.65e-08	47.3
M87049.1/10043-10012	IGR_Escherichia_coli_1923	93.333	30	2	0	1	30	35	6	2.03e-07	45.4
M87049.1/10043-10012	IGR_Escherichia_coli_2875	93.333	30	1	1	1	30	78	50	7.31e-07	43.6
M87049.1/10043-10012	IGR_Escherichia_coli_293	93.333	30	1	1	1	30	1	29	7.31e-07	43.6
M87049.1/10043-10012	IGR_Escherichia_coli_4169	90.625	32	1	2	1	31	123	153	2.63e-06	41.7
M87049.1/10043-10012	IGR_Escherichia_coli_3879	90.625	32	2	1	1	32	204	234	2.63e-06	41.7
M87049.1/10043-10012	IGR_Escherichia_coli_3371	90.625	32	2	1	1	32	88	58	2.63e-06	41.7
M87049.1/10043-10012	IGR_Escherichia_coli_3041	93.103	29	1	1	1	29	125	152	2.63e-06	41.7
M87049.1/10043-10012	IGR_Escherichia_coli_2852	90.625	32	2	1	1	32	146	176	2.63e-06	41.7
M87049.1/10043-10012	IGR_Escherichia_coli_463	96.154	26	0	1	1	26	126	150	2.63e-06	41.7
M87049.1/10043-10012	IGR_Escherichia_coli_371	90.625	32	2	1	1	32	40	10	2.63e-06	41.7
M87049.1/10043-10012	IGR_Escherichia_coli_3513	90.323	31	2	1	1	31	30	1	9.45e-06	39.9
M87049.1/10043-10012	IGR_Escherichia_coli_3466	90.323	31	1	2	1	31	37	9	9.45e-06	39.9
M87049.1/10043-10012	IGR_Escherichia_coli_2092	90.323	31	2	1	1	31	252	281	9.45e-06	39.9
M87049.1/10043-10012	IGR_Escherichia_coli_581	90.323	31	2	1	1	31	104	75	9.45e-06	39.9
M87049.1/10043-10012	IGR_Escherichia_coli_4080	90.000	30	2	1	1	30	49	21	3.40e-05	38.1
M87049.1/10043-10012	IGR_Escherichia_coli_3805	92.593	27	1	1	1	27	92	67	3.40e-05	38.1
M87049.1/10043-10012	IGR_Escherichia_coli_3656	92.593	27	1	1	1	27	194	219	3.40e-05	38.1
M87049.1/10043-10012	IGR_Escherichia_coli_1607	92.593	27	1	1	1	27	152	177	3.40e-05	38.1
M87049.1/10043-10012	IGR_Escherichia_coli_1173	92.593	27	1	1	1	27	38	13	3.40e-05	38.1
M87049.1/10043-10012	IGR_Escherichia_coli_101	92.593	27	1	1	1	27	90	65	3.40e-05	38.1
M87049.1/10043-10012	IGR_Escherichia_coli_4272	92.308	26	1	1	1	26	39	15	1.22e-04	36.2
M87049.1/10043-10012	IGR_Escherichia_coli_691	87.500	32	3	1	1	32	62	32	1.22e-04	36.2
M87049.1/10043-10012	IGR_Escherichia_coli_608	92.308	26	1	1	1	26	97	121	1.22e-04	36.2
M87049.1/10043-10012	IGR_Escherichia_coli_385	87.097	31	3	1	1	31	88	117	4.40e-04	34.4
# BLASTN 2.13.0+
# Query: M87049.1/13395-13431 slurp/ecgetrf.pl?CH03915 DE:[terminator-like sequence]
# Database: Escherichia_coli_IGRs.fasta
# 0 hits found
# BLASTN 2.13.0+
# Query: M87049.1/20841-20817 slurp/ecgetrf.pl?CH03916 DE:[terminator-like sequence]
# Database: Escherichia_coli_IGRs.fasta
# 0 hits found
# BLASTN 2.13.0+
# Query: M87049.1/20818-20851 slurp/ecgetrf.pl?CH03917 DE:[terminator-like sequence]
# Database: Escherichia_coli_IGRs.fasta
# 0 hits found
# BLASTN 2.13.0+
# Query: M87049.1/33826-33862 slurp/ecgetrf.pl?CH03918 DE:[terminator-like sequence]
# Database: Escherichia_coli_IGRs.fasta
# Fields: query acc.ver, subject acc.ver, % identity, alignment length, mismatches, gap opens, q. start, q. end, s. start, s. end, evalue, bit score
# 1 hits found
M87049.1/33826-33862	IGR_Escherichia_coli_3742	97.297	37	0	1	1	37	19	54	2.47e-12	62.1
# BLASTN 2.13.0+
# Query: M87049.1/35929-35952 slurp/ecgetrf.pl?CH03919 DE:[terminator-like sequence]
# Database: Escherichia_coli_IGRs.fasta
# Fields: query acc.ver, subject acc.ver, % identity, alignment length, mismatches, gap opens, q. start, q. end, s. start, s. end, evalue, bit score
# 10 hits found
M87049.1/35929-35952	IGR_Escherichia_coli_3749	100.000	24	0	0	1	24	7	30	1.08e-07	45.4
M87049.1/35929-35952	IGR_Escherichia_coli_2394	95.833	24	1	0	1	24	21	44	5.00e-06	39.9
M87049.1/35929-35952	IGR_Escherichia_coli_1329	95.652	23	1	0	2	24	21	43	1.80e-05	38.1
M87049.1/35929-35952	IGR_Escherichia_coli_3917	91.667	24	2	0	1	24	24	47	2.33e-04	34.4
M87049.1/35929-35952	IGR_Escherichia_coli_3641	91.667	24	2	0	1	24	153	130	2.33e-04	34.4
M87049.1/35929-35952	IGR_Escherichia_coli_3559	91.667	24	2	0	1	24	75	52	2.33e-04	34.4
M87049.1/35929-35952	IGR_Escherichia_coli_3226	95.238	21	1	0	4	24	356	336	2.33e-04	34.4
M87049.1/35929-35952	IGR_Escherichia_coli_942	91.667	24	2	0	1	24	18	41	2.33e-04	34.4
M87049.1/35929-35952	IGR_Escherichia_coli_836	91.667	24	2	0	1	24	57	34	2.33e-04	34.4
M87049.1/35929-35952	IGR_Escherichia_coli_4248	95.000	20	1	0	3	22	39	20	8.37e-04	32.5
# BLASTN 2.13.0+
# Query: M87049.1/39715-39749 slurp/ecgetrf.pl?CH03920 DE:[terminator-like sequence]
# Database: Escherichia_coli_IGRs.fasta
# Fields: query acc.ver, subject acc.ver, % identity, alignment length, mismatches, gap opens, q. start, q. end, s. start, s. end, evalue, bit score
# 1 hits found
M87049.1/39715-39749	IGR_Escherichia_coli_3751	100.000	35	0	0	1	35	597	631	1.73e-13	65.8
# BLASTN 2.13.0+
# Query: M87049.1/58920-58946 slurp/ecgetrf.pl?CH03922 DE:[terminator-like sequence]
# Database: Escherichia_coli_IGRs.fasta
# Fields: query acc.ver, subject acc.ver, % identity, alignment length, mismatches, gap opens, q. start, q. end, s. start, s. end, evalue, bit score
# 1 hits found
M87049.1/58920-58946	IGR_Escherichia_coli_3767	100.000	27	0	0	1	27	84	110	3.08e-09	51.0
# BLASTN 2.13.0+
# Query: M87049.1/68404-68432 slurp/ecgetrf.pl?CH03923 DE:[terminator-like sequence]
# Database: Escherichia_coli_IGRs.fasta
# Fields: query acc.ver, subject acc.ver, % identity, alignment length, mismatches, gap opens, q. start, q. end, s. start, s. end, evalue, bit score
# 1 hits found
M87049.1/68404-68432	IGR_Escherichia_coli_3774	96.552	29	0	1	1	29	8	35	4.65e-08	47.3
# BLASTN 2.13.0+
# Query: M87049.1/70279-70299 slurp/ecgetrf.pl?CH03924 DE:[terminator-like sequence]
# Database: Escherichia_coli_IGRs.fasta
# Fields: query acc.ver, subject acc.ver, % identity, alignment length, mismatches, gap opens, q. start, q. end, s. start, s. end, evalue, bit score
# 1 hits found
M87049.1/70279-70299	IGR_Escherichia_coli_3776	100.000	21	0	0	1	21	20	40	3.92e-06	39.9
# BLASTN 2.13.0+
# Query: M87049.1/80319-80294 slurp/ecgetrf.pl?CH03925 DE:[terminator-like sequence]
# Database: Escherichia_coli_IGRs.fasta
# Fields: query acc.ver, subject acc.ver, % identity, alignment length, mismatches, gap opens, q. start, q. end, s. start, s. end, evalue, bit score
# 1 hits found
M87049.1/80319-80294	IGR_Escherichia_coli_3785	100.000	26	0	0	1	26	31	6	1.02e-08	49.1
# BLASTN 2.13.0+
# Query: X13002.1/1005-1031 slurp/ecgetrf.pl?CH03927 DE:[pot. stem-loop structure; pot. transcription terminator]
# Database: Escherichia_coli_IGRs.fasta
# Fields: query acc.ver, subject acc.ver, % identity, alignment length, mismatches, gap opens, q. start, q. end, s. start, s. end, evalue, bit score
# 1 hits found
X13002.1/1005-1031	IGR_Escherichia_coli_1915	100.000	27	0	0	1	27	10	36	3.08e-09	51.0
# BLASTN 2.13.0+
# Query: X04691.1/1558-1582 slurp/ecgetrf.pl?CH03928 DE:[pot. transcription terminator]
# Database: Escherichia_coli_IGRs.fasta
# Fields: query acc.ver, subject acc.ver, % identity, alignment length, mismatches, gap opens, q. start, q. end, s. start, s. end, evalue, bit score
# 1 hits found
X04691.1/1558-1582	IGR_Escherichia_coli_3506	100.000	25	0	0	1	25	49	25	3.32e-08	47.3
# BLASTN 2.13.0+
# Query: Z23096.1/446-494 slurp/ecgetrf.pl?CH03930 DE:[Terminator Similar to gene dicF of E.coli dicABC]
# Database: Escherichia_coli_IGRs.fasta
# Fields: query acc.ver, subject acc.ver, % identity, alignment length, mismatches, gap opens, q. start, q. end, s. start, s. end, evalue, bit score
# 2 hits found
Z23096.1/446-494	IGR_Escherichia_coli_1499	100.000	49	0	0	1	49	223	175	4.96e-21	91.6
Z23096.1/446-494	IGR_Escherichia_coli_1356	100.000	19	0	0	31	49	187	169	2.36e-04	36.2
# BLASTN 2.13.0+
# Query: L19201.1/2282-2328 slurp/ecgetrf.pl?CH03931 DE:[putative termination signal]
# Database: Escherichia_coli_IGRs.fasta
# Fields: query acc.ver, subject acc.ver, % identity, alignment length, mismatches, gap opens, q. start, q. end, s. start, s. end, evalue, bit score
# 2 hits found
L19201.1/2282-2328	IGR_Escherichia_coli_3263	95.745	47	2	0	1	47	223	177	1.30e-16	76.8
L19201.1/2282-2328	IGR_Escherichia_coli_3902	92.593	27	2	0	8	34	18	44	1.71e-05	39.9
# BLASTN 2.13.0+
# Query: L19201.1/2459-2489 slurp/ecgetrf.pl?CH03932 DE:[putative termination signal]
# Database: Escherichia_coli_IGRs.fasta
# Fields: query acc.ver, subject acc.ver, % identity, alignment length, mismatches, gap opens, q. start, q. end, s. start, s. end, evalue, bit score
# 3 hits found
L19201.1/2459-2489	IGR_Escherichia_coli_3934	96.774	31	1	0	1	31	20	50	1.14e-09	52.8
L19201.1/2459-2489	IGR_Escherichia_coli_3795	96.774	31	1	0	1	31	20	50	1.14e-09	52.8
L19201.1/2459-2489	IGR_Escherichia_coli_2699	100.000	23	0	0	1	23	287	309	6.88e-07	43.6
# BLASTN 2.13.0+
# Query: L19201.1/11616-11655 slurp/ecgetrf.pl?CH03934 DE:[putative termination signal]
# Database: Escherichia_coli_IGRs.fasta
# Fields: query acc.ver, subject acc.ver, % identity, alignment length, mismatches, gap opens, q. start, q. end, s. start, s. end, evalue, bit score
# 2 hits found
L19201.1/11616-11655	IGR_Escherichia_coli_3802	100.000	40	0	0	1	40	225	264	3.63e-16	75.0
L19201.1/11616-11655	IGR_Escherichia_coli_2831	85.294	34	4	1	7	40	236	204	6.16e-04	34.4
# BLASTN 2.13.0+
# Query: L19201.1/12884-12927 slurp/ecgetrf.pl?CH03935 DE:[putative termination signal]
# Database: Escherichia_coli_IGRs.fasta
# Fields: query acc.ver, subject acc.ver, % identity, alignment length, mismatches, gap opens, q. start, q. end, s. start, s. end, evalue, bit score
# 2 hits found
L19201.1/12884-12927	IGR_Escherichia_coli_3803	100.000	44	0	0	1	44	479	522	2.53e-18	82.4
L19201.1/12884-12927	IGR_Escherichia_coli_2600	84.848	33	5	0	1	33	6	38	7.19e-04	34.4
# BLASTN 2.13.0+
# Query: L19201.1/21887-21922 slurp/ecgetrf.pl?CH03936 DE:[putative termination signal]
# Database: Escherichia_coli_IGRs.fasta
# Fields: query acc.ver, subject acc.ver, % identity, alignment length, mismatches, gap opens, q. start, q. end, s. start, s. end, evalue, bit score
# 3 hits found
L19201.1/21887-21922	IGR_Escherichia_coli_3809	100.000	36	0	0	1	36	18	53	5.06e-14	67.6
L19201.1/21887-21922	IGR_Escherichia_coli_1390	100.000	19	0	0	18	36	21	39	1.43e-04	36.2
L19201.1/21887-21922	IGR_Escherichia_coli_1210	100.000	19	0	0	18	36	21	39	1.43e-04	36.2
# BLASTN 2.13.0+
# Query: L19201.1/63111-63151 slurp/ecgetrf.pl?CH03938 DE:[putative termination signal]
# Database: Escherichia_coli_IGRs.fasta
# Fields: query acc.ver, subject acc.ver, % identity, alignment length, mismatches, gap opens, q. start, q. end, s. start, s. end, evalue, bit score
# 1 hits found
L19201.1/63111-63151	IGR_Escherichia_coli_3840	97.561	41	1	0	1	41	48	88	4.89e-15	71.3
# BLASTN 2.13.0+
# Query: L19201.1/67994-68020 slurp/ecgetrf.pl?CH03939 DE:[putative termination signal]
# Database: Escherichia_coli_IGRs.fasta
# Fields: query acc.ver, subject acc.ver, % identity, alignment length, mismatches, gap opens, q. start, q. end, s. start, s. end, evalue, bit score
# 1 hits found
L19201.1/67994-68020	IGR_Escherichia_coli_3844	96.296	27	1	0	1	27	41	67	1.43e-07	45.4
# BLASTN 2.13.0+
# Query: L19201.1/70333-70354 slurp/ecgetrf.pl?CH03940 DE:[putative termination signal]
# Database: Escherichia_coli_IGRs.fasta
# Fields: query acc.ver, subject acc.ver, % identity, alignment length, mismatches, gap opens, q. start, q. end, s. start, s. end, evalue, bit score
# 1 hits found
L19201.1/70333-70354	IGR_Escherichia_coli_3846	100.000	22	0	0	1	22	186	207	1.25e-06	41.7
# BLASTN 2.13.0+
# Query: L19201.1/71476-71507 slurp/ecgetrf.pl?CH03941 DE:[putative termination signal]
# Database: Escherichia_coli_IGRs.fasta
# Fields: query acc.ver, subject acc.ver, % identity, alignment length, mismatches, gap opens, q. start, q. end, s. start, s. end, evalue, bit score
# 1 hits found
L19201.1/71476-71507	IGR_Escherichia_coli_3847	100.000	32	0	0	1	32	20	51	7.25e-12	60.2
# BLASTN 2.13.0+
# Query: L19201.1/76181-76153 slurp/ecgetrf.pl?CH03942 DE:[putative termination signal]
# Database: Escherichia_coli_IGRs.fasta
# Fields: query acc.ver, subject acc.ver, % identity, alignment length, mismatches, gap opens, q. start, q. end, s. start, s. end, evalue, bit score
# 1 hits found
L19201.1/76181-76153	IGR_Escherichia_coli_3854	100.000	29	0	0	1	29	76	48	2.78e-10	54.7
# BLASTN 2.13.0+
# Query: L19201.1/82018-81996 slurp/ecgetrf.pl?CH03944 DE:[putative termination signal]
# Database: Escherichia_coli_IGRs.fasta
# Fields: query acc.ver, subject acc.ver, % identity, alignment length, mismatches, gap opens, q. start, q. end, s. start, s. end, evalue, bit score
# 1 hits found
L19201.1/82018-81996	IGR_Escherichia_coli_3862	100.000	23	0	0	1	23	36	14	3.44e-07	43.6
# BLASTN 2.13.0+
# Query: U15049.1/2508-2530 slurp/ecgetrf.pl?CH04883 DE:[putative terminator distal of bglX]
# Database: Escherichia_coli_IGRs.fasta
# Fields: query acc.ver, subject acc.ver, % identity, alignment length, mismatches, gap opens, q. start, q. end, s. start, s. end, evalue, bit score
# 1 hits found
U15049.1/2508-2530	IGR_Escherichia_coli_2341	100.000	23	0	0	1	23	242	220	3.44e-07	43.6
# BLASTN 2.13.0+
# Query: U14003.1/28964-28938 slurp/ecgetrf.pl?CH05080
# Database: Escherichia_coli_IGRs.fasta
# Fields: query acc.ver, subject acc.ver, % identity, alignment length, mismatches, gap opens, q. start, q. end, s. start, s. end, evalue, bit score
# 1 hits found
U14003.1/28964-28938	IGR_Escherichia_coli_4053	100.000	27	0	0	1	27	207	181	3.08e-09	51.0
# BLASTN 2.13.0+
# Query: U14003.1/28964-28938 slurp/ecgetrf.pl?CH05080
# Database: Escherichia_coli_IGRs.fasta
# Fields: query acc.ver, subject acc.ver, % identity, alignment length, mismatches, gap opens, q. start, q. end, s. start, s. end, evalue, bit score
# 1 hits found
U14003.1/28964-28938	IGR_Escherichia_coli_4053	100.000	27	0	0	1	27	207	181	3.08e-09	51.0
# BLASTN 2.13.0+
# Query: seq10161 slurp/ecgetrf.pl?CH05080.1
# Database: Escherichia_coli_IGRs.fasta
# Fields: query acc.ver, subject acc.ver, % identity, alignment length, mismatches, gap opens, q. start, q. end, s. start, s. end, evalue, bit score
# 1 hits found
seq10161	IGR_Escherichia_coli_4053	100.000	27	0	0	1	27	207	181	3.08e-09	51.0
# BLASTN 2.13.0+
# Query: seq10161 slurp/ecgetrf.pl?CH05080.1
# Database: Escherichia_coli_IGRs.fasta
# Fields: query acc.ver, subject acc.ver, % identity, alignment length, mismatches, gap opens, q. start, q. end, s. start, s. end, evalue, bit score
# 1 hits found
seq10161	IGR_Escherichia_coli_4053	100.000	27	0	0	1	27	207	181	3.08e-09	51.0
# BLASTN 2.13.0+
# Query: U14003.1/47284-47257 slurp/ecgetrf.pl?CH05081
# Database: Escherichia_coli_IGRs.fasta
# Fields: query acc.ver, subject acc.ver, % identity, alignment length, mismatches, gap opens, q. start, q. end, s. start, s. end, evalue, bit score
# 1 hits found
U14003.1/47284-47257	IGR_Escherichia_coli_4067	100.000	28	0	0	1	28	45	18	9.28e-10	52.8
# BLASTN 2.13.0+
# Query: U14003.1/53366-53342 slurp/ecgetrf.pl?CH05082
# Database: Escherichia_coli_IGRs.fasta
# Fields: query acc.ver, subject acc.ver, % identity, alignment length, mismatches, gap opens, q. start, q. end, s. start, s. end, evalue, bit score
# 1 hits found
U14003.1/53366-53342	IGR_Escherichia_coli_4070	100.000	25	0	0	1	25	604	580	3.32e-08	47.3
# BLASTN 2.13.0+
# Query: U14003.1/57667-57698 slurp/ecgetrf.pl?CH05083
# Database: Escherichia_coli_IGRs.fasta
# Fields: query acc.ver, subject acc.ver, % identity, alignment length, mismatches, gap opens, q. start, q. end, s. start, s. end, evalue, bit score
# 1 hits found
U14003.1/57667-57698	IGR_Escherichia_coli_4074	100.000	32	0	0	1	32	66	97	7.25e-12	60.2
# BLASTN 2.13.0+
# Query: U14003.1/63529-63562 slurp/ecgetrf.pl?CH05084
# Database: Escherichia_coli_IGRs.fasta
# Fields: query acc.ver, subject acc.ver, % identity, alignment length, mismatches, gap opens, q. start, q. end, s. start, s. end, evalue, bit score
# 1 hits found
U14003.1/63529-63562	IGR_Escherichia_coli_4079	100.000	34	0	0	1	34	30	63	5.89e-13	63.9
# BLASTN 2.13.0+
# Query: U14003.1/68628-68607 slurp/ecgetrf.pl?CH05085
# Database: Escherichia_coli_IGRs.fasta
# Fields: query acc.ver, subject acc.ver, % identity, alignment length, mismatches, gap opens, q. start, q. end, s. start, s. end, evalue, bit score
# 1 hits found
U14003.1/68628-68607	IGR_Escherichia_coli_4086	100.000	22	0	0	1	22	77	56	1.25e-06	41.7
# BLASTN 2.13.0+
# Query: U14003.1/69815-69791 slurp/ecgetrf.pl?CH05086
# Database: Escherichia_coli_IGRs.fasta
# Fields: query acc.ver, subject acc.ver, % identity, alignment length, mismatches, gap opens, q. start, q. end, s. start, s. end, evalue, bit score
# 1 hits found
U14003.1/69815-69791	IGR_Escherichia_coli_4087	100.000	25	0	0	1	25	43	19	3.32e-08	47.3
# BLASTN 2.13.0+
# Query: U14003.1/100855-100881 slurp/ecgetrf.pl?CH05087
# Database: Escherichia_coli_IGRs.fasta
# Fields: query acc.ver, subject acc.ver, % identity, alignment length, mismatches, gap opens, q. start, q. end, s. start, s. end, evalue, bit score
# 1 hits found
U14003.1/100855-100881	IGR_Escherichia_coli_4112	100.000	27	0	0	1	27	21	47	3.08e-09	51.0
# BLASTN 2.13.0+
# Query: U14003.1/117410-117437 slurp/ecgetrf.pl?CH05089
# Database: Escherichia_coli_IGRs.fasta
# Fields: query acc.ver, subject acc.ver, % identity, alignment length, mismatches, gap opens, q. start, q. end, s. start, s. end, evalue, bit score
# 1 hits found
U14003.1/117410-117437	IGR_Escherichia_coli_4133	96.429	28	1	0	1	28	21	48	4.32e-08	47.3
# BLASTN 2.13.0+
# Query: U14003.1/122121-122149 slurp/ecgetrf.pl?CH05090
# Database: Escherichia_coli_IGRs.fasta
# Fields: query acc.ver, subject acc.ver, % identity, alignment length, mismatches, gap opens, q. start, q. end, s. start, s. end, evalue, bit score
# 1 hits found
U14003.1/122121-122149	IGR_Escherichia_coli_4139	100.000	29	0	0	1	29	13	41	2.78e-10	54.7
# BLASTN 2.13.0+
# Query: U14003.1/161794-161766 slurp/ecgetrf.pl?CH05091
# Database: Escherichia_coli_IGRs.fasta
# Fields: query acc.ver, subject acc.ver, % identity, alignment length, mismatches, gap opens, q. start, q. end, s. start, s. end, evalue, bit score
# 1 hits found
U14003.1/161794-161766	IGR_Escherichia_coli_4170	100.000	29	0	0	1	29	52	24	2.78e-10	54.7
# BLASTN 2.13.0+
# Query: U14003.1/303152-303174 slurp/ecgetrf.pl?CH05098
# Database: Escherichia_coli_IGRs.fasta
# Fields: query acc.ver, subject acc.ver, % identity, alignment length, mismatches, gap opens, q. start, q. end, s. start, s. end, evalue, bit score
# 1 hits found
U14003.1/303152-303174	IGR_Escherichia_coli_4269	100.000	23	0	0	1	23	32	54	3.44e-07	43.6
# BLASTN 2.13.0+
# Query: U14003.1/312468-312496 slurp/ecgetrf.pl?CH05099
# Database: Escherichia_coli_IGRs.fasta
# Fields: query acc.ver, subject acc.ver, % identity, alignment length, mismatches, gap opens, q. start, q. end, s. start, s. end, evalue, bit score
# 1 hits found
U14003.1/312468-312496	IGR_Escherichia_coli_4275	93.103	29	2	0	1	29	34	62	6.02e-07	43.6
# BLASTN 2.13.0+
# Query: U14003.1/330369-330405 slurp/ecgetrf.pl?CH05100
# Database: Escherichia_coli_IGRs.fasta
# Fields: query acc.ver, subject acc.ver, % identity, alignment length, mismatches, gap opens, q. start, q. end, s. start, s. end, evalue, bit score
# 2 hits found
U14003.1/330369-330405	IGR_Escherichia_coli_4289	100.000	37	0	0	1	37	6	42	1.48e-14	69.4
U14003.1/330369-330405	IGR_Escherichia_coli_2089	85.714	35	3	1	3	35	57	91	1.50e-04	36.2
# BLASTN 2.13.0+
# Query: J01636.1/1170-1210 slurp/ecgetrf.pl?CH05936 DE:[terminator overlapping CAP site]
# Database: Escherichia_coli_IGRs.fasta
# Fields: query acc.ver, subject acc.ver, % identity, alignment length, mismatches, gap opens, q. start, q. end, s. start, s. end, evalue, bit score
# 1 hits found
J01636.1/1170-1210	IGR_Escherichia_coli_315	95.122	41	2	0	1	41	114	74	2.28e-13	65.8
# BLAST processed 108 queries
