# BLASTN 2.13.0+
# Query: dnaA,dnaN
# Database: toy_transmuted.fasta
# 0 hits found
# BLASTN 2.13.0+
# Query: guaB
# Database: toy_transmuted.fasta
# Fields: query acc.ver, subject acc.ver, % identity, alignment length, mismatches, gap opens, q. start, q. end, s. start, s. end, evalue, bit score
# 1 hits found
guaB	NZ_CP064875.1	100.000	19	0	0	10	28	3307802	3307820	0.007	36.2
# BLASTN 2.13.0+
# Query: yaaH
# Database: toy_transmuted.fasta
# 0 hits found
# BLASTN 2.13.0+
# Query: metS
# Database: toy_transmuted.fasta
# 0 hits found
# BLASTN 2.13.0+
# Query: yabG
# Database: toy_transmuted.fasta
# 0 hits found
# BLASTN 2.13.0+
# Query: veg
# Database: toy_transmuted.fasta
# 0 hits found
# BLASTN 2.13.0+
# Query: sspF
# Database: toy_transmuted.fasta
# 0 hits found
# BLASTN 2.13.0+
# Query: spoVG
# Database: toy_transmuted.fasta
# 0 hits found
# BLASTN 2.13.0+
# Query: pabB,pabA,pabC,sul,folB,folK,yazB,yacF,lysS
# Database: toy_transmuted.fasta
# 0 hits found
# BLASTN 2.13.0+
# Query: adaA,adaB
# Database: toy_transmuted.fasta
# Fields: query acc.ver, subject acc.ver, % identity, alignment length, mismatches, gap opens, q. start, q. end, s. start, s. end, evalue, bit score
# 1 hits found
adaA,adaB	NZ_CP064875.1	78.788	66	11	3	44	108	2969914	2969977	1.98e-04	41.7
# BLASTN 2.13.0+
# Query: ybcL
# Database: toy_transmuted.fasta
# 0 hits found
# BLASTN 2.13.0+
# Query: ybdO
# Database: toy_transmuted.fasta
# 0 hits found
# BLASTN 2.13.0+
# Query: csgA,ybxH
# Database: toy_transmuted.fasta
# 0 hits found
# BLASTN 2.13.0+
# Query: glpT,glpQ
# Database: toy_transmuted.fasta
# 0 hits found
# BLASTN 2.13.0+
# Query: ybgE
# Database: toy_transmuted.fasta
# 0 hits found
# BLASTN 2.13.0+
# Query: ycbC,ycbD,ycbE,ycbF,ycbG,ycbH,ycbJ
# Database: toy_transmuted.fasta
# Fields: query acc.ver, subject acc.ver, % identity, alignment length, mismatches, gap opens, q. start, q. end, s. start, s. end, evalue, bit score
# 1 hits found
ycbC,ycbD,ycbE,ycbF,ycbG,ycbH,ycbJ	NZ_CP064875.1	88.889	36	2	2	50	83	19884	19919	4.19e-05	43.6
# BLASTN 2.13.0+
# Query: cwlJ
# Database: toy_transmuted.fasta
# 0 hits found
# BLASTN 2.13.0+
# Query: natA,natB
# Database: toy_transmuted.fasta
# 0 hits found
# BLASTN 2.13.0+
# Query: mdr
# Database: toy_transmuted.fasta
# 0 hits found
# BLASTN 2.13.0+
# Query: nasB,nasC,nasD,nasE,nasF
# Database: toy_transmuted.fasta
# 0 hits found
# BLASTN 2.13.0+
# Query: srfAA,srfAB,comS,srfAC,srfAD
# Database: toy_transmuted.fasta
# 0 hits found
# BLASTN 2.13.0+
# Query: ycxC,ycxB
# Database: toy_transmuted.fasta
# 0 hits found
# BLASTN 2.13.0+
# Query: yclE
# Database: toy_transmuted.fasta
# 0 hits found
# BLASTN 2.13.0+
# Query: ycnC,ycnB
# Database: toy_transmuted.fasta
# 0 hits found
# BLASTN 2.13.0+
# Query: ycnL
# Database: toy_transmuted.fasta
# 0 hits found
# BLASTN 2.13.0+
# Query: ycsA
# Database: toy_transmuted.fasta
# 0 hits found
# BLASTN 2.13.0+
# Query: ycsD
# Database: toy_transmuted.fasta
# 0 hits found
# BLASTN 2.13.0+
# Query: gsiB
# Database: toy_transmuted.fasta
# 0 hits found
# BLASTN 2.13.0+
# Query: phoB,ydhF
# Database: toy_transmuted.fasta
# 0 hits found
# BLASTN 2.13.0+
# Query: ydiO,ydiP
# Database: toy_transmuted.fasta
# 0 hits found
# BLASTN 2.13.0+
# Query: yfnB
# Database: toy_transmuted.fasta
# 0 hits found
# BLASTN 2.13.0+
# Query: yfmQ
# Database: toy_transmuted.fasta
# 0 hits found
# BLASTN 2.13.0+
# Query: yfmK
# Database: toy_transmuted.fasta
# 0 hits found
# BLASTN 2.13.0+
# Query: yfmI,yfmJ
# Database: toy_transmuted.fasta
# 0 hits found
# BLASTN 2.13.0+
# Query: yfjQ
# Database: toy_transmuted.fasta
# 0 hits found
# BLASTN 2.13.0+
# Query: yfjP,yfjO
# Database: toy_transmuted.fasta
# 0 hits found
# BLASTN 2.13.0+
# Query: yfjA,yfjB,yfjC,yfjD,yfjE,yfjF
# Database: toy_transmuted.fasta
# 0 hits found
# BLASTN 2.13.0+
# Query: lipB
# Database: toy_transmuted.fasta
# 0 hits found
# BLASTN 2.13.0+
# Query: yfiZ,yfhA
# Database: toy_transmuted.fasta
# 0 hits found
# BLASTN 2.13.0+
# Query: yfhQ,fabL,sspE
# Database: toy_transmuted.fasta
# 0 hits found
# BLASTN 2.13.0+
# Query: yfhS
# Database: toy_transmuted.fasta
# 0 hits found
# BLASTN 2.13.0+
# Query: yhdG
# Database: toy_transmuted.fasta
# 0 hits found
# BLASTN 2.13.0+
# Query: sigM,yhdL,yhdK
# Database: toy_transmuted.fasta
# 0 hits found
# BLASTN 2.13.0+
# Query: sspB
# Database: toy_transmuted.fasta
# 0 hits found
# BLASTN 2.13.0+
# Query: oppA,oppB,oppC,oppD,oppF
# Database: toy_transmuted.fasta
# 0 hits found
# BLASTN 2.13.0+
# Query: yjbC,yjbD
# Database: toy_transmuted.fasta
# 0 hits found
# BLASTN 2.13.0+
# Query: cotY,cotZ
# Database: toy_transmuted.fasta
# 0 hits found
# BLASTN 2.13.0+
# Query: yjcI,yjcJ
# Database: toy_transmuted.fasta
# 0 hits found
# BLASTN 2.13.0+
# Query: yjfB
# Database: toy_transmuted.fasta
# 0 hits found
# BLASTN 2.13.0+
# Query: dppA,dppB,dppC,dppD,dppE
# Database: toy_transmuted.fasta
# 0 hits found
# BLASTN 2.13.0+
# Query: sspD
# Database: toy_transmuted.fasta
# 0 hits found
# BLASTN 2.13.0+
# Query: splA,splB
# Database: toy_transmuted.fasta
# 0 hits found
# BLASTN 2.13.0+
# Query: ykuD
# Database: toy_transmuted.fasta
# 0 hits found
# BLASTN 2.13.0+
# Query: pdhA,pdhB,pdhC,pdhD
# Database: toy_transmuted.fasta
# 0 hits found
# BLASTN 2.13.0+
# Query: ctaA
# Database: toy_transmuted.fasta
# 0 hits found
# BLASTN 2.13.0+
# Query: spoIIGA,sigE,sigG
# Database: toy_transmuted.fasta
# Fields: query acc.ver, subject acc.ver, % identity, alignment length, mismatches, gap opens, q. start, q. end, s. start, s. end, evalue, bit score
# 1 hits found
spoIIGA,sigE,sigG	NZ_CP064875.1	92.308	26	2	0	74	99	2298630	2298655	0.002	38.1
# BLASTN 2.13.0+
# Query: pyrR,pyrP,pyrB,pyrC,pyrAA,pyrAB,pyrK,pyrD,pyrF,pyrE
# Database: toy_transmuted.fasta
# 0 hits found
# BLASTN 2.13.0+
# Query: ylqB
# Database: toy_transmuted.fasta
# Fields: query acc.ver, subject acc.ver, % identity, alignment length, mismatches, gap opens, q. start, q. end, s. start, s. end, evalue, bit score
# 1 hits found
ylqB	NZ_CP064875.1	89.655	29	1	2	80	107	3995229	3995256	0.007	36.2
# BLASTN 2.13.0+
# Query: yneA,yneB,ynzC
# Database: toy_transmuted.fasta
# 0 hits found
# BLASTN 2.13.0+
# Query: ccdA,yneI,yneJ
# Database: toy_transmuted.fasta
# 0 hits found
# BLASTN 2.13.0+
# Query: yoxA,dacC
# Database: toy_transmuted.fasta
# 0 hits found
# BLASTN 2.13.0+
# Query: yoaW
# Database: toy_transmuted.fasta
# 0 hits found
# BLASTN 2.13.0+
# Query: phrK
# Database: toy_transmuted.fasta
# 0 hits found
# BLASTN 2.13.0+
# Query: yocF,yocG
# Database: toy_transmuted.fasta
# 0 hits found
# BLASTN 2.13.0+
# Query: cgeC,cgeD,cgeE
# Database: toy_transmuted.fasta
# 0 hits found
# BLASTN 2.13.0+
# Query: sspC
# Database: toy_transmuted.fasta
# 0 hits found
# BLASTN 2.13.0+
# Query: ilvA,ypmP
# Database: toy_transmuted.fasta
# 0 hits found
# BLASTN 2.13.0+
# Query: ilvD
# Database: toy_transmuted.fasta
# 0 hits found
# BLASTN 2.13.0+
# Query: kdgR,kdgK,kdgA,kdgT
# Database: toy_transmuted.fasta
# 0 hits found
# BLASTN 2.13.0+
# Query: recU,ponA
# Database: toy_transmuted.fasta
# 0 hits found
# BLASTN 2.13.0+
# Query: spoIVA
# Database: toy_transmuted.fasta
# 0 hits found
# BLASTN 2.13.0+
# Query: sigX,rsiX
# Database: toy_transmuted.fasta
# 0 hits found
# BLASTN 2.13.0+
# Query: ypuD
# Database: toy_transmuted.fasta
# 0 hits found
# BLASTN 2.13.0+
# Query: drm,punA
# Database: toy_transmuted.fasta
# 0 hits found
# BLASTN 2.13.0+
# Query: yqjP,yqjQ,dsdA,coaA,yqjT
# Database: toy_transmuted.fasta
# 0 hits found
# BLASTN 2.13.0+
# Query: yqjM
# Database: toy_transmuted.fasta
# 0 hits found
# BLASTN 2.13.0+
# Query: yqjH,yqjI
# Database: toy_transmuted.fasta
# 0 hits found
# BLASTN 2.13.0+
# Query: bmrU,bmr,bmrR
# Database: toy_transmuted.fasta
# 0 hits found
# BLASTN 2.13.0+
# Query: spo0A
# Database: toy_transmuted.fasta
# 0 hits found
# BLASTN 2.13.0+
# Query: yqhV,spoIIIAA,spoIIIAB,spoIIIAC,spoIIIAD,spoIIIAE,spoIIIAF,spoIIIAG,spoIIIAH
# Database: toy_transmuted.fasta
# 0 hits found
# BLASTN 2.13.0+
# Query: yqxD,dnaG,sigA
# Database: toy_transmuted.fasta
# 0 hits found
# BLASTN 2.13.0+
# Query: antE
# Database: toy_transmuted.fasta
# 0 hits found
# BLASTN 2.13.0+
# Query: comER
# Database: toy_transmuted.fasta
# 0 hits found
# BLASTN 2.13.0+
# Query: levD,levE,levF,levG,sacC
# Database: toy_transmuted.fasta
# 0 hits found
# BLASTN 2.13.0+
# Query: glnQ,glnH,glnM,glnP
# Database: toy_transmuted.fasta
# 0 hits found
# BLASTN 2.13.0+
# Query: yrbD
# Database: toy_transmuted.fasta
# 0 hits found
# BLASTN 2.13.0+
# Query: safA,coxA
# Database: toy_transmuted.fasta
# 0 hits found
# BLASTN 2.13.0+
# Query: spoVID,ysxE
# Database: toy_transmuted.fasta
# Fields: query acc.ver, subject acc.ver, % identity, alignment length, mismatches, gap opens, q. start, q. end, s. start, s. end, evalue, bit score
# 1 hits found
spoVID,ysxE	NZ_CP064875.1	81.034	58	6	4	51	107	3141960	3142013	1.62e-04	41.7
# BLASTN 2.13.0+
# Query: hemA,hemX,hemC,hemD,hemB,hemL
# Database: toy_transmuted.fasta
# 0 hits found
# BLASTN 2.13.0+
# Query: clpX
# Database: toy_transmuted.fasta
# 0 hits found
# BLASTN 2.13.0+
# Query: araA,araB,araD,araL,araM,araN,araP,araQ,abfA
# Database: toy_transmuted.fasta
# 0 hits found
# BLASTN 2.13.0+
# Query: gapB,speD
# Database: toy_transmuted.fasta
# 0 hits found
# BLASTN 2.13.0+
# Query: phoP,phoR
# Database: toy_transmuted.fasta
# Fields: query acc.ver, subject acc.ver, % identity, alignment length, mismatches, gap opens, q. start, q. end, s. start, s. end, evalue, bit score
# 1 hits found
phoP,phoR	NZ_CP064875.1	90.625	32	1	2	82	112	4418970	4419000	1.52e-04	41.7
# BLASTN 2.13.0+
# Query: pfkA,pyk,ytzA
# Database: toy_transmuted.fasta
# 0 hits found
# BLASTN 2.13.0+
# Query: bioW,bioA,bioF,bioD,bioB,bioI,ytbQ
# Database: toy_transmuted.fasta
# Fields: query acc.ver, subject acc.ver, % identity, alignment length, mismatches, gap opens, q. start, q. end, s. start, s. end, evalue, bit score
# 1 hits found
bioW,bioA,bioF,bioD,bioB,bioI,ytbQ	NZ_CP064875.1	100.000	19	0	0	4	22	1314263	1314245	0.007	36.2
# BLASTN 2.13.0+
# Query: ytrA,ytrB,ytrC,ytrD,ytrE,ytrF
# Database: toy_transmuted.fasta
# 0 hits found
# BLASTN 2.13.0+
# Query: asnB,ytnA
# Database: toy_transmuted.fasta
# 0 hits found
# BLASTN 2.13.0+
# Query: yufN
# Database: toy_transmuted.fasta
# 0 hits found
# BLASTN 2.13.0+
# Query: yunB
# Database: toy_transmuted.fasta
# Fields: query acc.ver, subject acc.ver, % identity, alignment length, mismatches, gap opens, q. start, q. end, s. start, s. end, evalue, bit score
# 1 hits found
yunB	NZ_CP064875.1	85.714	35	5	0	67	101	4446790	4446824	0.002	38.1
# BLASTN 2.13.0+
# Query: pucR,pucJ,pucK,pucL,pucM
# Database: toy_transmuted.fasta
# 0 hits found
# BLASTN 2.13.0+
# Query: yvgR,yvgQ
# Database: toy_transmuted.fasta
# 0 hits found
# BLASTN 2.13.0+
# Query: cggR,gapA,pgk,tpiA,pgm,eno
# Database: toy_transmuted.fasta
# 0 hits found
# BLASTN 2.13.0+
# Query: yvfG
# Database: toy_transmuted.fasta
# 0 hits found
# BLASTN 2.13.0+
# Query: pbpE,racX
# Database: toy_transmuted.fasta
# 0 hits found
# BLASTN 2.13.0+
# Query: sacB,yveB,yveA
# Database: toy_transmuted.fasta
# 0 hits found
# BLASTN 2.13.0+
# Query: clpP
# Database: toy_transmuted.fasta
# 0 hits found
# BLASTN 2.13.0+
# Query: yvzB
# Database: toy_transmuted.fasta
# 0 hits found
# BLASTN 2.13.0+
# Query: csbA
# Database: toy_transmuted.fasta
# 0 hits found
# BLASTN 2.13.0+
# Query: hag
# Database: toy_transmuted.fasta
# 0 hits found
# BLASTN 2.13.0+
# Query: degS,degU
# Database: toy_transmuted.fasta
# 0 hits found
# BLASTN 2.13.0+
# Query: spoIID
# Database: toy_transmuted.fasta
# 0 hits found
# BLASTN 2.13.0+
# Query: ywlF,ywlG
# Database: toy_transmuted.fasta
# 0 hits found
# BLASTN 2.13.0+
# Query: fbaA,ywjH
# Database: toy_transmuted.fasta
# 0 hits found
# BLASTN 2.13.0+
# Query: sigY,yxlC,yxlD,yxlE,yxlF,yxlG
# Database: toy_transmuted.fasta
# 0 hits found
# BLASTN 2.13.0+
# Query: yxiT
# Database: toy_transmuted.fasta
# 0 hits found
# BLASTN 2.13.0+
# Query: licT,bglS
# Database: toy_transmuted.fasta
# 0 hits found
# BLASTN 2.13.0+
# Query: wapA,yxxG
# Database: toy_transmuted.fasta
# 0 hits found
# BLASTN 2.13.0+
# Query: deoR,dra,nupC,pdp
# Database: toy_transmuted.fasta
# 0 hits found
# BLASTN 2.13.0+
# Query: yxeF,yxeG,yxeH
# Database: toy_transmuted.fasta
# 0 hits found
# BLASTN 2.13.0+
# Query: yxeE
# Database: toy_transmuted.fasta
# 0 hits found
# BLASTN 2.13.0+
# Query: htpG
# Database: toy_transmuted.fasta
# 0 hits found
# BLASTN 2.13.0+
# Query: yxbB,yxbA,yxnB,asnH,yxaM
# Database: toy_transmuted.fasta
# 0 hits found
# BLASTN 2.13.0+
# Query: yxaG,yxaH
# Database: toy_transmuted.fasta
# 0 hits found
# BLASTN 2.13.0+
# Query: gntR,gntK,gntP,gntZ
# Database: toy_transmuted.fasta
# 0 hits found
# BLASTN 2.13.0+
# Query: ahpC,ahpF
# Database: toy_transmuted.fasta
# 0 hits found
# BLASTN 2.13.0+
# Query: yyzE,bglA
# Database: toy_transmuted.fasta
# Fields: query acc.ver, subject acc.ver, % identity, alignment length, mismatches, gap opens, q. start, q. end, s. start, s. end, evalue, bit score
# 1 hits found
yyzE,bglA	NZ_CP064875.1	92.000	25	2	0	116	140	3588996	3589020	0.009	36.2
# BLASTN 2.13.0+
# Query: rapG,phrG
# Database: toy_transmuted.fasta
# 0 hits found
# BLASTN 2.13.0+
# Query: purA
# Database: toy_transmuted.fasta
# 0 hits found
# BLASTN 2.13.0+
# Query: yyaO
# Database: toy_transmuted.fasta
# 0 hits found
# BLASTN 2.13.0+
# Query: soj,spo0J
# Database: toy_transmuted.fasta
# 0 hits found
# BLAST processed 130 queries
