# BLASTN 2.13.0+
# Query: dnaA,dnaN
# Database: B._subtilis_NC_000964.3.fasta
# Fields: query acc.ver, subject acc.ver, % identity, alignment length, mismatches, gap opens, q. start, q. end, s. start, s. end, evalue, bit score
# 1 hits found
dnaA,dnaN	NC_000964.3	100.000	120	0	0	1	120	3042	3161	3.80e-59	222
# BLASTN 2.13.0+
# Query: guaB
# Database: B._subtilis_NC_000964.3.fasta
# Fields: query acc.ver, subject acc.ver, % identity, alignment length, mismatches, gap opens, q. start, q. end, s. start, s. end, evalue, bit score
# 1 hits found
guaB	NC_000964.3	100.000	123	0	0	1	123	17363	17485	8.42e-61	228
# BLASTN 2.13.0+
# Query: yaaH
# Database: B._subtilis_NC_000964.3.fasta
# Fields: query acc.ver, subject acc.ver, % identity, alignment length, mismatches, gap opens, q. start, q. end, s. start, s. end, evalue, bit score
# 1 hits found
yaaH	NC_000964.3	100.000	125	0	0	1	125	23801	23925	6.63e-62	231
# BLASTN 2.13.0+
# Query: metS
# Database: B._subtilis_NC_000964.3.fasta
# Fields: query acc.ver, subject acc.ver, % identity, alignment length, mismatches, gap opens, q. start, q. end, s. start, s. end, evalue, bit score
# 1 hits found
metS	NC_000964.3	100.000	132	0	0	1	132	47595	47726	9.09e-66	244
# BLASTN 2.13.0+
# Query: yabG
# Database: B._subtilis_NC_000964.3.fasta
# Fields: query acc.ver, subject acc.ver, % identity, alignment length, mismatches, gap opens, q. start, q. end, s. start, s. end, evalue, bit score
# 1 hits found
yabG	NC_000964.3	100.000	123	0	0	1	123	52518	52640	8.42e-61	228
# BLASTN 2.13.0+
# Query: veg
# Database: B._subtilis_NC_000964.3.fasta
# Fields: query acc.ver, subject acc.ver, % identity, alignment length, mismatches, gap opens, q. start, q. end, s. start, s. end, evalue, bit score
# 1 hits found
veg	NC_000964.3	100.000	123	0	0	1	123	52982	53104	8.42e-61	228
# BLASTN 2.13.0+
# Query: sspF
# Database: B._subtilis_NC_000964.3.fasta
# Fields: query acc.ver, subject acc.ver, % identity, alignment length, mismatches, gap opens, q. start, q. end, s. start, s. end, evalue, bit score
# 1 hits found
sspF	NC_000964.3	100.000	123	0	0	1	123	53333	53455	8.42e-61	228
# BLASTN 2.13.0+
# Query: spoVG
# Database: B._subtilis_NC_000964.3.fasta
# Fields: query acc.ver, subject acc.ver, % identity, alignment length, mismatches, gap opens, q. start, q. end, s. start, s. end, evalue, bit score
# 1 hits found
spoVG	NC_000964.3	100.000	142	0	0	1	142	56133	56274	2.73e-71	263
# BLASTN 2.13.0+
# Query: pabB,pabA,pabC,sul,folB,folK,yazB,yacF,lysS
# Database: B._subtilis_NC_000964.3.fasta
# Fields: query acc.ver, subject acc.ver, % identity, alignment length, mismatches, gap opens, q. start, q. end, s. start, s. end, evalue, bit score
# 1 hits found
pabB,pabA,pabC,sul,folB,folK,yazB,yacF,lysS	NC_000964.3	100.000	134	0	0	1	134	90189	90322	7.15e-67	248
# BLASTN 2.13.0+
# Query: adaA,adaB
# Database: B._subtilis_NC_000964.3.fasta
# Fields: query acc.ver, subject acc.ver, % identity, alignment length, mismatches, gap opens, q. start, q. end, s. start, s. end, evalue, bit score
# 1 hits found
adaA,adaB	NC_000964.3	100.000	160	0	0	1	160	205189	205348	3.09e-81	296
# BLASTN 2.13.0+
# Query: ybcL
# Database: B._subtilis_NC_000964.3.fasta
# Fields: query acc.ver, subject acc.ver, % identity, alignment length, mismatches, gap opens, q. start, q. end, s. start, s. end, evalue, bit score
# 1 hits found
ybcL	NC_000964.3	100.000	125	0	0	1	125	213002	213126	6.63e-62	231
# BLASTN 2.13.0+
# Query: ybdO
# Database: B._subtilis_NC_000964.3.fasta
# Fields: query acc.ver, subject acc.ver, % identity, alignment length, mismatches, gap opens, q. start, q. end, s. start, s. end, evalue, bit score
# 1 hits found
ybdO	NC_000964.3	100.000	125	0	0	1	125	226205	226329	6.63e-62	231
# BLASTN 2.13.0+
# Query: csgA,ybxH
# Database: B._subtilis_NC_000964.3.fasta
# Fields: query acc.ver, subject acc.ver, % identity, alignment length, mismatches, gap opens, q. start, q. end, s. start, s. end, evalue, bit score
# 1 hits found
csgA,ybxH	NC_000964.3	100.000	121	0	0	1	121	228477	228597	1.07e-59	224
# BLASTN 2.13.0+
# Query: glpT,glpQ
# Database: B._subtilis_NC_000964.3.fasta
# Fields: query acc.ver, subject acc.ver, % identity, alignment length, mismatches, gap opens, q. start, q. end, s. start, s. end, evalue, bit score
# 1 hits found
glpT,glpQ	NC_000964.3	100.000	122	0	0	1	122	232927	233048	3.00e-60	226
# BLASTN 2.13.0+
# Query: ybgE
# Database: B._subtilis_NC_000964.3.fasta
# Fields: query acc.ver, subject acc.ver, % identity, alignment length, mismatches, gap opens, q. start, q. end, s. start, s. end, evalue, bit score
# 1 hits found
ybgE	NC_000964.3	100.000	122	0	0	1	122	260053	260174	3.00e-60	226
# BLASTN 2.13.0+
# Query: ycbC,ycbD,ycbE,ycbF,ycbG,ycbH,ycbJ
# Database: B._subtilis_NC_000964.3.fasta
# Fields: query acc.ver, subject acc.ver, % identity, alignment length, mismatches, gap opens, q. start, q. end, s. start, s. end, evalue, bit score
# 1 hits found
ycbC,ycbD,ycbE,ycbF,ycbG,ycbH,ycbJ	NC_000964.3	100.000	126	0	0	1	126	277004	277129	1.86e-62	233
# BLASTN 2.13.0+
# Query: cwlJ
# Database: B._subtilis_NC_000964.3.fasta
# Fields: query acc.ver, subject acc.ver, % identity, alignment length, mismatches, gap opens, q. start, q. end, s. start, s. end, evalue, bit score
# 1 hits found
cwlJ	NC_000964.3	100.000	121	0	0	1	121	282861	282981	1.07e-59	224
# BLASTN 2.13.0+
# Query: natA,natB
# Database: B._subtilis_NC_000964.3.fasta
# Fields: query acc.ver, subject acc.ver, % identity, alignment length, mismatches, gap opens, q. start, q. end, s. start, s. end, evalue, bit score
# 1 hits found
natA,natB	NC_000964.3	100.000	119	0	0	1	119	298296	298414	1.35e-58	220
# BLASTN 2.13.0+
# Query: mdr
# Database: B._subtilis_NC_000964.3.fasta
# Fields: query acc.ver, subject acc.ver, % identity, alignment length, mismatches, gap opens, q. start, q. end, s. start, s. end, evalue, bit score
# 1 hits found
mdr	NC_000964.3	100.000	125	0	0	1	125	332351	332475	6.63e-62	231
# BLASTN 2.13.0+
# Query: nasB,nasC,nasD,nasE,nasF
# Database: B._subtilis_NC_000964.3.fasta
# Fields: query acc.ver, subject acc.ver, % identity, alignment length, mismatches, gap opens, q. start, q. end, s. start, s. end, evalue, bit score
# 1 hits found
nasB,nasC,nasD,nasE,nasF	NC_000964.3	100.000	122	0	0	1	122	353816	353937	3.00e-60	226
# BLASTN 2.13.0+
# Query: srfAA,srfAB,comS,srfAC,srfAD
# Database: B._subtilis_NC_000964.3.fasta
# Fields: query acc.ver, subject acc.ver, % identity, alignment length, mismatches, gap opens, q. start, q. end, s. start, s. end, evalue, bit score
# 1 hits found
srfAA,srfAB,comS,srfAC,srfAD	NC_000964.3	100.000	123	0	0	1	123	403078	403200	8.42e-61	228
# BLASTN 2.13.0+
# Query: ycxC,ycxB
# Database: B._subtilis_NC_000964.3.fasta
# Fields: query acc.ver, subject acc.ver, % identity, alignment length, mismatches, gap opens, q. start, q. end, s. start, s. end, evalue, bit score
# 1 hits found
ycxC,ycxB	NC_000964.3	100.000	125	0	0	1	125	404391	404515	6.63e-62	231
# BLASTN 2.13.0+
# Query: yclE
# Database: B._subtilis_NC_000964.3.fasta
# Fields: query acc.ver, subject acc.ver, % identity, alignment length, mismatches, gap opens, q. start, q. end, s. start, s. end, evalue, bit score
# 1 hits found
yclE	NC_000964.3	100.000	128	0	0	1	128	416155	416282	1.47e-63	237
# BLASTN 2.13.0+
# Query: ycnC,ycnB
# Database: B._subtilis_NC_000964.3.fasta
# Fields: query acc.ver, subject acc.ver, % identity, alignment length, mismatches, gap opens, q. start, q. end, s. start, s. end, evalue, bit score
# 1 hits found
ycnC,ycnB	NC_000964.3	100.000	125	0	0	1	125	435944	436068	6.63e-62	231
# BLASTN 2.13.0+
# Query: ycnL
# Database: B._subtilis_NC_000964.3.fasta
# Fields: query acc.ver, subject acc.ver, % identity, alignment length, mismatches, gap opens, q. start, q. end, s. start, s. end, evalue, bit score
# 1 hits found
ycnL	NC_000964.3	100.000	120	0	0	1	120	449498	449617	3.80e-59	222
# BLASTN 2.13.0+
# Query: ycsA
# Database: B._subtilis_NC_000964.3.fasta
# Fields: query acc.ver, subject acc.ver, % identity, alignment length, mismatches, gap opens, q. start, q. end, s. start, s. end, evalue, bit score
# 1 hits found
ycsA	NC_000964.3	99.286	140	1	0	1	140	453850	453989	1.62e-68	254
# BLASTN 2.13.0+
# Query: ycsD
# Database: B._subtilis_NC_000964.3.fasta
# Fields: query acc.ver, subject acc.ver, % identity, alignment length, mismatches, gap opens, q. start, q. end, s. start, s. end, evalue, bit score
# 1 hits found
ycsD	NC_000964.3	100.000	131	0	0	1	131	455698	455828	3.24e-65	243
# BLASTN 2.13.0+
# Query: gsiB
# Database: B._subtilis_NC_000964.3.fasta
# Fields: query acc.ver, subject acc.ver, % identity, alignment length, mismatches, gap opens, q. start, q. end, s. start, s. end, evalue, bit score
# 1 hits found
gsiB	NC_000964.3	100.000	126	0	0	1	126	494870	494995	1.86e-62	233
# BLASTN 2.13.0+
# Query: phoB,ydhF
# Database: B._subtilis_NC_000964.3.fasta
# Fields: query acc.ver, subject acc.ver, % identity, alignment length, mismatches, gap opens, q. start, q. end, s. start, s. end, evalue, bit score
# 1 hits found
phoB,ydhF	NC_000964.3	100.000	127	0	0	1	127	619234	619360	5.23e-63	235
# BLASTN 2.13.0+
# Query: ydiO,ydiP
# Database: B._subtilis_NC_000964.3.fasta
# Fields: query acc.ver, subject acc.ver, % identity, alignment length, mismatches, gap opens, q. start, q. end, s. start, s. end, evalue, bit score
# 1 hits found
ydiO,ydiP	NC_000964.3	100.000	124	0	0	1	124	657687	657810	2.36e-61	230
# BLASTN 2.13.0+
# Query: yfnB
# Database: B._subtilis_NC_000964.3.fasta
# Fields: query acc.ver, subject acc.ver, % identity, alignment length, mismatches, gap opens, q. start, q. end, s. start, s. end, evalue, bit score
# 1 hits found
yfnB	NC_000964.3	100.000	130	0	0	1	130	804588	804717	1.15e-64	241
# BLASTN 2.13.0+
# Query: yfmQ
# Database: B._subtilis_NC_000964.3.fasta
# Fields: query acc.ver, subject acc.ver, % identity, alignment length, mismatches, gap opens, q. start, q. end, s. start, s. end, evalue, bit score
# 1 hits found
yfmQ	NC_000964.3	100.000	124	0	0	1	124	811985	812108	2.36e-61	230
# BLASTN 2.13.0+
# Query: yfmK
# Database: B._subtilis_NC_000964.3.fasta
# Fields: query acc.ver, subject acc.ver, % identity, alignment length, mismatches, gap opens, q. start, q. end, s. start, s. end, evalue, bit score
# 1 hits found
yfmK	NC_000964.3	100.000	121	0	0	1	121	817731	817851	1.07e-59	224
# BLASTN 2.13.0+
# Query: yfmI,yfmJ
# Database: B._subtilis_NC_000964.3.fasta
# Fields: query acc.ver, subject acc.ver, % identity, alignment length, mismatches, gap opens, q. start, q. end, s. start, s. end, evalue, bit score
# 1 hits found
yfmI,yfmJ	NC_000964.3	100.000	119	0	0	1	119	817721	817839	1.35e-58	220
# BLASTN 2.13.0+
# Query: yfjQ
# Database: B._subtilis_NC_000964.3.fasta
# Fields: query acc.ver, subject acc.ver, % identity, alignment length, mismatches, gap opens, q. start, q. end, s. start, s. end, evalue, bit score
# 1 hits found
yfjQ	NC_000964.3	100.000	119	0	0	1	119	871273	871391	1.35e-58	220
# BLASTN 2.13.0+
# Query: yfjP,yfjO
# Database: B._subtilis_NC_000964.3.fasta
# Fields: query acc.ver, subject acc.ver, % identity, alignment length, mismatches, gap opens, q. start, q. end, s. start, s. end, evalue, bit score
# 1 hits found
yfjP,yfjO	NC_000964.3	100.000	142	0	0	1	142	874797	874938	2.73e-71	263
# BLASTN 2.13.0+
# Query: yfjA,yfjB,yfjC,yfjD,yfjE,yfjF
# Database: B._subtilis_NC_000964.3.fasta
# Fields: query acc.ver, subject acc.ver, % identity, alignment length, mismatches, gap opens, q. start, q. end, s. start, s. end, evalue, bit score
# 1 hits found
yfjA,yfjB,yfjC,yfjD,yfjE,yfjF	NC_000964.3	100.000	123	0	0	1	123	885761	885883	8.42e-61	228
# BLASTN 2.13.0+
# Query: lipB
# Database: B._subtilis_NC_000964.3.fasta
# Fields: query acc.ver, subject acc.ver, % identity, alignment length, mismatches, gap opens, q. start, q. end, s. start, s. end, evalue, bit score
# 1 hits found
lipB	NC_000964.3	100.000	123	0	0	1	123	910623	910745	8.42e-61	228
# BLASTN 2.13.0+
# Query: yfiZ,yfhA
# Database: B._subtilis_NC_000964.3.fasta
# Fields: query acc.ver, subject acc.ver, % identity, alignment length, mismatches, gap opens, q. start, q. end, s. start, s. end, evalue, bit score
# 1 hits found
yfiZ,yfhA	NC_000964.3	100.000	126	0	0	1	126	922467	922592	1.86e-62	233
# BLASTN 2.13.0+
# Query: yfhQ,fabL,sspE
# Database: B._subtilis_NC_000964.3.fasta
# Fields: query acc.ver, subject acc.ver, % identity, alignment length, mismatches, gap opens, q. start, q. end, s. start, s. end, evalue, bit score
# 1 hits found
yfhQ,fabL,sspE	NC_000964.3	100.000	125	0	0	1	125	938128	938252	6.63e-62	231
# BLASTN 2.13.0+
# Query: yfhS
# Database: B._subtilis_NC_000964.3.fasta
# Fields: query acc.ver, subject acc.ver, % identity, alignment length, mismatches, gap opens, q. start, q. end, s. start, s. end, evalue, bit score
# 1 hits found
yfhS	NC_000964.3	100.000	118	0	0	1	118	936445	936562	4.82e-58	219
# BLASTN 2.13.0+
# Query: yhdG
# Database: B._subtilis_NC_000964.3.fasta
# Fields: query acc.ver, subject acc.ver, % identity, alignment length, mismatches, gap opens, q. start, q. end, s. start, s. end, evalue, bit score
# 1 hits found
yhdG	NC_000964.3	100.000	124	0	0	1	124	1024715	1024838	2.36e-61	230
# BLASTN 2.13.0+
# Query: sigM,yhdL,yhdK
# Database: B._subtilis_NC_000964.3.fasta
# Fields: query acc.ver, subject acc.ver, % identity, alignment length, mismatches, gap opens, q. start, q. end, s. start, s. end, evalue, bit score
# 1 hits found
sigM,yhdL,yhdK	NC_000964.3	100.000	118	0	0	1	118	1028156	1028273	4.82e-58	219
# BLASTN 2.13.0+
# Query: sspB
# Database: B._subtilis_NC_000964.3.fasta
# Fields: query acc.ver, subject acc.ver, % identity, alignment length, mismatches, gap opens, q. start, q. end, s. start, s. end, evalue, bit score
# 1 hits found
sspB	NC_000964.3	100.000	123	0	0	1	123	1049933	1050055	8.42e-61	228
# BLASTN 2.13.0+
# Query: oppA,oppB,oppC,oppD,oppF
# Database: B._subtilis_NC_000964.3.fasta
# Fields: query acc.ver, subject acc.ver, % identity, alignment length, mismatches, gap opens, q. start, q. end, s. start, s. end, evalue, bit score
# 1 hits found
oppA,oppB,oppC,oppD,oppF	NC_000964.3	100.000	126	0	0	1	126	1225414	1225539	1.86e-62	233
# BLASTN 2.13.0+
# Query: yjbC,yjbD
# Database: B._subtilis_NC_000964.3.fasta
# Fields: query acc.ver, subject acc.ver, % identity, alignment length, mismatches, gap opens, q. start, q. end, s. start, s. end, evalue, bit score
# 1 hits found
yjbC,yjbD	NC_000964.3	100.000	122	0	0	1	122	1228066	1228187	3.00e-60	226
# BLASTN 2.13.0+
# Query: cotY,cotZ
# Database: B._subtilis_NC_000964.3.fasta
# Fields: query acc.ver, subject acc.ver, % identity, alignment length, mismatches, gap opens, q. start, q. end, s. start, s. end, evalue, bit score
# 1 hits found
cotY,cotZ	NC_000964.3	100.000	118	0	0	1	118	1249354	1249471	4.82e-58	219
# BLASTN 2.13.0+
# Query: yjcI,yjcJ
# Database: B._subtilis_NC_000964.3.fasta
# Fields: query acc.ver, subject acc.ver, % identity, alignment length, mismatches, gap opens, q. start, q. end, s. start, s. end, evalue, bit score
# 1 hits found
yjcI,yjcJ	NC_000964.3	100.000	123	0	0	1	123	1260738	1260860	8.42e-61	228
# BLASTN 2.13.0+
# Query: yjfB
# Database: B._subtilis_NC_000964.3.fasta
# Fields: query acc.ver, subject acc.ver, % identity, alignment length, mismatches, gap opens, q. start, q. end, s. start, s. end, evalue, bit score
# 1 hits found
yjfB	NC_000964.3	100.000	131	0	0	1	131	1283071	1283201	3.24e-65	243
# BLASTN 2.13.0+
# Query: dppA,dppB,dppC,dppD,dppE
# Database: B._subtilis_NC_000964.3.fasta
# Fields: query acc.ver, subject acc.ver, % identity, alignment length, mismatches, gap opens, q. start, q. end, s. start, s. end, evalue, bit score
# 1 hits found
dppA,dppB,dppC,dppD,dppE	NC_000964.3	99.219	128	1	0	1	128	1365774	1365901	6.82e-62	231
# BLASTN 2.13.0+
# Query: sspD
# Database: B._subtilis_NC_000964.3.fasta
# Fields: query acc.ver, subject acc.ver, % identity, alignment length, mismatches, gap opens, q. start, q. end, s. start, s. end, evalue, bit score
# 1 hits found
sspD	NC_000964.3	100.000	125	0	0	1	125	1413708	1413832	6.63e-62	231
# BLASTN 2.13.0+
# Query: splA,splB
# Database: B._subtilis_NC_000964.3.fasta
# Fields: query acc.ver, subject acc.ver, % identity, alignment length, mismatches, gap opens, q. start, q. end, s. start, s. end, evalue, bit score
# 1 hits found
splA,splB	NC_000964.3	100.000	125	0	0	1	125	1462755	1462879	6.63e-62	231
# BLASTN 2.13.0+
# Query: ykuD
# Database: B._subtilis_NC_000964.3.fasta
# Fields: query acc.ver, subject acc.ver, % identity, alignment length, mismatches, gap opens, q. start, q. end, s. start, s. end, evalue, bit score
# 1 hits found
ykuD	NC_000964.3	100.000	114	0	0	1	114	1476461	1476574	7.74e-56	211
# BLASTN 2.13.0+
# Query: pdhA,pdhB,pdhC,pdhD
# Database: B._subtilis_NC_000964.3.fasta
# Fields: query acc.ver, subject acc.ver, % identity, alignment length, mismatches, gap opens, q. start, q. end, s. start, s. end, evalue, bit score
# 1 hits found
pdhA,pdhB,pdhC,pdhD	NC_000964.3	100.000	124	0	0	1	124	1533253	1533376	2.36e-61	230
# BLASTN 2.13.0+
# Query: ctaA
# Database: B._subtilis_NC_000964.3.fasta
# Fields: query acc.ver, subject acc.ver, % identity, alignment length, mismatches, gap opens, q. start, q. end, s. start, s. end, evalue, bit score
# 1 hits found
ctaA	NC_000964.3	100.000	134	0	0	1	134	1557945	1558078	7.15e-67	248
# BLASTN 2.13.0+
# Query: spoIIGA,sigE,sigG
# Database: B._subtilis_NC_000964.3.fasta
# Fields: query acc.ver, subject acc.ver, % identity, alignment length, mismatches, gap opens, q. start, q. end, s. start, s. end, evalue, bit score
# 1 hits found
spoIIGA,sigE,sigG	NC_000964.3	100.000	128	0	0	1	128	1606374	1606501	1.47e-63	237
# BLASTN 2.13.0+
# Query: pyrR,pyrP,pyrB,pyrC,pyrAA,pyrAB,pyrK,pyrD,pyrF,pyrE
# Database: B._subtilis_NC_000964.3.fasta
# Fields: query acc.ver, subject acc.ver, % identity, alignment length, mismatches, gap opens, q. start, q. end, s. start, s. end, evalue, bit score
# 1 hits found
pyrR,pyrP,pyrB,pyrC,pyrAA,pyrAB,pyrK,pyrD,pyrF,pyrE	NC_000964.3	100.000	145	0	0	1	145	1629950	1630094	6.02e-73	268
# BLASTN 2.13.0+
# Query: ylqB
# Database: B._subtilis_NC_000964.3.fasta
# Fields: query acc.ver, subject acc.ver, % identity, alignment length, mismatches, gap opens, q. start, q. end, s. start, s. end, evalue, bit score
# 1 hits found
ylqB	NC_000964.3	100.000	120	0	0	1	120	1671081	1671200	3.80e-59	222
# BLASTN 2.13.0+
# Query: yneA,yneB,ynzC
# Database: B._subtilis_NC_000964.3.fasta
# Fields: query acc.ver, subject acc.ver, % identity, alignment length, mismatches, gap opens, q. start, q. end, s. start, s. end, evalue, bit score
# 1 hits found
yneA,yneB,ynzC	NC_000964.3	100.000	127	0	0	1	127	1919653	1919779	5.23e-63	235
# BLASTN 2.13.0+
# Query: ccdA,yneI,yneJ
# Database: B._subtilis_NC_000964.3.fasta
# Fields: query acc.ver, subject acc.ver, % identity, alignment length, mismatches, gap opens, q. start, q. end, s. start, s. end, evalue, bit score
# 1 hits found
ccdA,yneI,yneJ	NC_000964.3	100.000	122	0	0	1	122	1924922	1925043	3.00e-60	226
# BLASTN 2.13.0+
# Query: yoxA,dacC
# Database: B._subtilis_NC_000964.3.fasta
# Fields: query acc.ver, subject acc.ver, % identity, alignment length, mismatches, gap opens, q. start, q. end, s. start, s. end, evalue, bit score
# 1 hits found
yoxA,dacC	NC_000964.3	100.000	123	0	0	1	123	1998252	1998374	8.42e-61	228
# BLASTN 2.13.0+
# Query: yoaW
# Database: B._subtilis_NC_000964.3.fasta
# Fields: query acc.ver, subject acc.ver, % identity, alignment length, mismatches, gap opens, q. start, q. end, s. start, s. end, evalue, bit score
# 1 hits found
yoaW	NC_000964.3	100.000	126	0	0	1	126	2046857	2046982	1.86e-62	233
# BLASTN 2.13.0+
# Query: phrK
# Database: B._subtilis_NC_000964.3.fasta
# Fields: query acc.ver, subject acc.ver, % identity, alignment length, mismatches, gap opens, q. start, q. end, s. start, s. end, evalue, bit score
# 1 hits found
phrK	NC_000964.3	100.000	125	0	0	1	125	2063362	2063486	6.63e-62	231
# BLASTN 2.13.0+
# Query: yocF,yocG
# Database: B._subtilis_NC_000964.3.fasta
# Fields: query acc.ver, subject acc.ver, % identity, alignment length, mismatches, gap opens, q. start, q. end, s. start, s. end, evalue, bit score
# 1 hits found
yocF,yocG	NC_000964.3	100.000	124	0	0	1	124	2092264	2092387	2.36e-61	230
# BLASTN 2.13.0+
# Query: cgeC,cgeD,cgeE
# Database: B._subtilis_NC_000964.3.fasta
# Fields: query acc.ver, subject acc.ver, % identity, alignment length, mismatches, gap opens, q. start, q. end, s. start, s. end, evalue, bit score
# 1 hits found
cgeC,cgeD,cgeE	NC_000964.3	100.000	130	0	0	1	130	2145724	2145853	1.15e-64	241
# BLASTN 2.13.0+
# Query: sspC
# Database: B._subtilis_NC_000964.3.fasta
# Fields: query acc.ver, subject acc.ver, % identity, alignment length, mismatches, gap opens, q. start, q. end, s. start, s. end, evalue, bit score
# 1 hits found
sspC	NC_000964.3	100.000	121	0	0	1	121	2156418	2156538	1.07e-59	224
# BLASTN 2.13.0+
# Query: ilvA,ypmP
# Database: B._subtilis_NC_000964.3.fasta
# Fields: query acc.ver, subject acc.ver, % identity, alignment length, mismatches, gap opens, q. start, q. end, s. start, s. end, evalue, bit score
# 1 hits found
ilvA,ypmP	NC_000964.3	100.000	145	0	0	1	145	2292318	2292462	6.02e-73	268
# BLASTN 2.13.0+
# Query: ilvD
# Database: B._subtilis_NC_000964.3.fasta
# Fields: query acc.ver, subject acc.ver, % identity, alignment length, mismatches, gap opens, q. start, q. end, s. start, s. end, evalue, bit score
# 1 hits found
ilvD	NC_000964.3	100.000	162	0	0	1	162	2300608	2300769	2.42e-82	300
# BLASTN 2.13.0+
# Query: kdgR,kdgK,kdgA,kdgT
# Database: B._subtilis_NC_000964.3.fasta
# Fields: query acc.ver, subject acc.ver, % identity, alignment length, mismatches, gap opens, q. start, q. end, s. start, s. end, evalue, bit score
# 1 hits found
kdgR,kdgK,kdgA,kdgT	NC_000964.3	100.000	126	0	0	1	126	2321884	2322009	1.86e-62	233
# BLASTN 2.13.0+
# Query: recU,ponA
# Database: B._subtilis_NC_000964.3.fasta
# Fields: query acc.ver, subject acc.ver, % identity, alignment length, mismatches, gap opens, q. start, q. end, s. start, s. end, evalue, bit score
# 1 hits found
recU,ponA	NC_000964.3	100.000	123	0	0	1	123	2344152	2344274	8.42e-61	228
# BLASTN 2.13.0+
# Query: spoIVA
# Database: B._subtilis_NC_000964.3.fasta
# Fields: query acc.ver, subject acc.ver, % identity, alignment length, mismatches, gap opens, q. start, q. end, s. start, s. end, evalue, bit score
# 1 hits found
spoIVA	NC_000964.3	100.000	124	0	0	1	124	2386108	2386231	2.36e-61	230
# BLASTN 2.13.0+
# Query: sigX,rsiX
# Database: B._subtilis_NC_000964.3.fasta
# Fields: query acc.ver, subject acc.ver, % identity, alignment length, mismatches, gap opens, q. start, q. end, s. start, s. end, evalue, bit score
# 1 hits found
sigX,rsiX	NC_000964.3	100.000	116	0	0	1	116	2413511	2413626	6.11e-57	215
# BLASTN 2.13.0+
# Query: ypuD
# Database: B._subtilis_NC_000964.3.fasta
# Fields: query acc.ver, subject acc.ver, % identity, alignment length, mismatches, gap opens, q. start, q. end, s. start, s. end, evalue, bit score
# 1 hits found
ypuD	NC_000964.3	100.000	127	0	0	1	127	2431651	2431777	5.23e-63	235
# BLASTN 2.13.0+
# Query: drm,punA
# Database: B._subtilis_NC_000964.3.fasta
# Fields: query acc.ver, subject acc.ver, % identity, alignment length, mismatches, gap opens, q. start, q. end, s. start, s. end, evalue, bit score
# 1 hits found
drm,punA	NC_000964.3	100.000	130	0	0	1	130	2446309	2446438	1.15e-64	241
# BLASTN 2.13.0+
# Query: yqjP,yqjQ,dsdA,coaA,yqjT
# Database: B._subtilis_NC_000964.3.fasta
# Fields: query acc.ver, subject acc.ver, % identity, alignment length, mismatches, gap opens, q. start, q. end, s. start, s. end, evalue, bit score
# 1 hits found
yqjP,yqjQ,dsdA,coaA,yqjT	NC_000964.3	100.000	123	0	0	1	123	2467907	2468029	8.42e-61	228
# BLASTN 2.13.0+
# Query: yqjM
# Database: B._subtilis_NC_000964.3.fasta
# Fields: query acc.ver, subject acc.ver, % identity, alignment length, mismatches, gap opens, q. start, q. end, s. start, s. end, evalue, bit score
# 1 hits found
yqjM	NC_000964.3	100.000	124	0	0	1	124	2476824	2476947	2.36e-61	230
# BLASTN 2.13.0+
# Query: yqjH,yqjI
# Database: B._subtilis_NC_000964.3.fasta
# Fields: query acc.ver, subject acc.ver, % identity, alignment length, mismatches, gap opens, q. start, q. end, s. start, s. end, evalue, bit score
# 1 hits found
yqjH,yqjI	NC_000964.3	100.000	126	0	0	1	126	2480659	2480784	1.86e-62	233
# BLASTN 2.13.0+
# Query: bmrU,bmr,bmrR
# Database: B._subtilis_NC_000964.3.fasta
# Fields: query acc.ver, subject acc.ver, % identity, alignment length, mismatches, gap opens, q. start, q. end, s. start, s. end, evalue, bit score
# 1 hits found
bmrU,bmr,bmrR	NC_000964.3	100.000	135	0	0	1	135	2496705	2496839	2.01e-67	250
# BLASTN 2.13.0+
# Query: spo0A
# Database: B._subtilis_NC_000964.3.fasta
# Fields: query acc.ver, subject acc.ver, % identity, alignment length, mismatches, gap opens, q. start, q. end, s. start, s. end, evalue, bit score
# 1 hits found
spo0A	NC_000964.3	100.000	149	0	0	1	149	2517896	2518044	3.71e-75	276
# BLASTN 2.13.0+
# Query: yqhV,spoIIIAA,spoIIIAB,spoIIIAC,spoIIIAD,spoIIIAE,spoIIIAF,spoIIIAG,spoIIIAH
# Database: B._subtilis_NC_000964.3.fasta
# Fields: query acc.ver, subject acc.ver, % identity, alignment length, mismatches, gap opens, q. start, q. end, s. start, s. end, evalue, bit score
# 1 hits found
yqhV,spoIIIAA,spoIIIAB,spoIIIAC,spoIIIAD,spoIIIAE,spoIIIAF,spoIIIAG,spoIIIAH	NC_000964.3	100.000	119	0	0	1	119	2532264	2532382	1.35e-58	220
# BLASTN 2.13.0+
# Query: yqxD,dnaG,sigA
# Database: B._subtilis_NC_000964.3.fasta
# Fields: query acc.ver, subject acc.ver, % identity, alignment length, mismatches, gap opens, q. start, q. end, s. start, s. end, evalue, bit score
# 1 hits found
yqxD,dnaG,sigA	NC_000964.3	100.000	127	0	0	1	127	2600129	2600255	5.23e-63	235
# BLASTN 2.13.0+
# Query: antE
# Database: B._subtilis_NC_000964.3.fasta
# Fields: query acc.ver, subject acc.ver, % identity, alignment length, mismatches, gap opens, q. start, q. end, s. start, s. end, evalue, bit score
# 1 hits found
antE	NC_000964.3	100.000	129	0	0	1	129	2603331	2603459	4.11e-64	239
# BLASTN 2.13.0+
# Query: comER
# Database: B._subtilis_NC_000964.3.fasta
# Fields: query acc.ver, subject acc.ver, % identity, alignment length, mismatches, gap opens, q. start, q. end, s. start, s. end, evalue, bit score
# 1 hits found
comER	NC_000964.3	100.000	122	0	0	1	122	2642048	2642169	3.00e-60	226
# BLASTN 2.13.0+
# Query: levD,levE,levF,levG,sacC
# Database: B._subtilis_NC_000964.3.fasta
# Fields: query acc.ver, subject acc.ver, % identity, alignment length, mismatches, gap opens, q. start, q. end, s. start, s. end, evalue, bit score
# 1 hits found
levD,levE,levF,levG,sacC	NC_000964.3	100.000	125	0	0	1	125	2757953	2758077	6.63e-62	231
# BLASTN 2.13.0+
# Query: glnQ,glnH,glnM,glnP
# Database: B._subtilis_NC_000964.3.fasta
# Fields: query acc.ver, subject acc.ver, % identity, alignment length, mismatches, gap opens, q. start, q. end, s. start, s. end, evalue, bit score
# 1 hits found
glnQ,glnH,glnM,glnP	NC_000964.3	100.000	122	0	0	1	122	2805273	2805394	3.00e-60	226
# BLASTN 2.13.0+
# Query: yrbD
# Database: B._subtilis_NC_000964.3.fasta
# Fields: query acc.ver, subject acc.ver, % identity, alignment length, mismatches, gap opens, q. start, q. end, s. start, s. end, evalue, bit score
# 1 hits found
yrbD	NC_000964.3	100.000	125	0	0	1	125	2843032	2843156	6.63e-62	231
# BLASTN 2.13.0+
# Query: safA,coxA
# Database: B._subtilis_NC_000964.3.fasta
# Fields: query acc.ver, subject acc.ver, % identity, alignment length, mismatches, gap opens, q. start, q. end, s. start, s. end, evalue, bit score
# 1 hits found
safA,coxA	NC_000964.3	100.000	127	0	0	1	127	2843841	2843967	5.23e-63	235
# BLASTN 2.13.0+
# Query: spoVID,ysxE
# Database: B._subtilis_NC_000964.3.fasta
# Fields: query acc.ver, subject acc.ver, % identity, alignment length, mismatches, gap opens, q. start, q. end, s. start, s. end, evalue, bit score
# 1 hits found
spoVID,ysxE	NC_000964.3	100.000	134	0	0	1	134	2869295	2869428	7.15e-67	248
# BLASTN 2.13.0+
# Query: hemA,hemX,hemC,hemD,hemB,hemL
# Database: B._subtilis_NC_000964.3.fasta
# Fields: query acc.ver, subject acc.ver, % identity, alignment length, mismatches, gap opens, q. start, q. end, s. start, s. end, evalue, bit score
# 1 hits found
hemA,hemX,hemC,hemD,hemB,hemL	NC_000964.3	100.000	126	0	0	1	126	2872790	2872915	1.86e-62	233
# BLASTN 2.13.0+
# Query: clpX
# Database: B._subtilis_NC_000964.3.fasta
# Fields: query acc.ver, subject acc.ver, % identity, alignment length, mismatches, gap opens, q. start, q. end, s. start, s. end, evalue, bit score
# 1 hits found
clpX	NC_000964.3	100.000	126	0	0	1	126	2884687	2884812	1.86e-62	233
# BLASTN 2.13.0+
# Query: araA,araB,araD,araL,araM,araN,araP,araQ,abfA
# Database: B._subtilis_NC_000964.3.fasta
# Fields: query acc.ver, subject acc.ver, % identity, alignment length, mismatches, gap opens, q. start, q. end, s. start, s. end, evalue, bit score
# 1 hits found
araA,araB,araD,araL,araM,araN,araP,araQ,abfA	NC_000964.3	100.000	120	0	0	1	120	2938245	2938364	3.80e-59	222
# BLASTN 2.13.0+
# Query: gapB,speD
# Database: B._subtilis_NC_000964.3.fasta
# Fields: query acc.ver, subject acc.ver, % identity, alignment length, mismatches, gap opens, q. start, q. end, s. start, s. end, evalue, bit score
# 1 hits found
gapB,speD	NC_000964.3	100.000	146	0	0	1	146	2966292	2966437	1.69e-73	270
# BLASTN 2.13.0+
# Query: phoP,phoR
# Database: B._subtilis_NC_000964.3.fasta
# Fields: query acc.ver, subject acc.ver, % identity, alignment length, mismatches, gap opens, q. start, q. end, s. start, s. end, evalue, bit score
# 1 hits found
phoP,phoR	NC_000964.3	100.000	127	0	0	1	127	2975893	2976019	5.23e-63	235
# BLASTN 2.13.0+
# Query: pfkA,pyk,ytzA
# Database: B._subtilis_NC_000964.3.fasta
# Fields: query acc.ver, subject acc.ver, % identity, alignment length, mismatches, gap opens, q. start, q. end, s. start, s. end, evalue, bit score
# 1 hits found
pfkA,pyk,ytzA	NC_000964.3	100.000	126	0	0	1	126	2984227	2984352	1.86e-62	233
# BLASTN 2.13.0+
# Query: bioW,bioA,bioF,bioD,bioB,bioI,ytbQ
# Database: B._subtilis_NC_000964.3.fasta
# Fields: query acc.ver, subject acc.ver, % identity, alignment length, mismatches, gap opens, q. start, q. end, s. start, s. end, evalue, bit score
# 1 hits found
bioW,bioA,bioF,bioD,bioB,bioI,ytbQ	NC_000964.3	100.000	129	0	0	1	129	3088312	3088440	4.11e-64	239
# BLASTN 2.13.0+
# Query: ytrA,ytrB,ytrC,ytrD,ytrE,ytrF
# Database: B._subtilis_NC_000964.3.fasta
# Fields: query acc.ver, subject acc.ver, % identity, alignment length, mismatches, gap opens, q. start, q. end, s. start, s. end, evalue, bit score
# 1 hits found
ytrA,ytrB,ytrC,ytrD,ytrE,ytrF	NC_000964.3	100.000	119	0	0	1	119	3113896	3114014	1.35e-58	220
# BLASTN 2.13.0+
# Query: asnB,ytnA
# Database: B._subtilis_NC_000964.3.fasta
# Fields: query acc.ver, subject acc.ver, % identity, alignment length, mismatches, gap opens, q. start, q. end, s. start, s. end, evalue, bit score
# 1 hits found
asnB,ytnA	NC_000964.3	100.000	117	0	0	1	117	3124172	3124288	1.72e-57	217
# BLASTN 2.13.0+
# Query: yufN
# Database: B._subtilis_NC_000964.3.fasta
# Fields: query acc.ver, subject acc.ver, % identity, alignment length, mismatches, gap opens, q. start, q. end, s. start, s. end, evalue, bit score
# 1 hits found
yufN	NC_000964.3	100.000	131	0	0	1	131	3240972	3241102	3.24e-65	243
# BLASTN 2.13.0+
# Query: yunB
# Database: B._subtilis_NC_000964.3.fasta
# Fields: query acc.ver, subject acc.ver, % identity, alignment length, mismatches, gap opens, q. start, q. end, s. start, s. end, evalue, bit score
# 1 hits found
yunB	NC_000964.3	100.000	121	0	0	1	121	3322387	3322507	1.07e-59	224
# BLASTN 2.13.0+
# Query: pucR,pucJ,pucK,pucL,pucM
# Database: B._subtilis_NC_000964.3.fasta
# Fields: query acc.ver, subject acc.ver, % identity, alignment length, mismatches, gap opens, q. start, q. end, s. start, s. end, evalue, bit score
# 1 hits found
pucR,pucJ,pucK,pucL,pucM	NC_000964.3	100.000	119	0	0	1	119	3334953	3335071	1.35e-58	220
# BLASTN 2.13.0+
# Query: yvgR,yvgQ
# Database: B._subtilis_NC_000964.3.fasta
# Fields: query acc.ver, subject acc.ver, % identity, alignment length, mismatches, gap opens, q. start, q. end, s. start, s. end, evalue, bit score
# 1 hits found
yvgR,yvgQ	NC_000964.3	100.000	125	0	0	1	125	3430505	3430629	6.63e-62	231
# BLASTN 2.13.0+
# Query: cggR,gapA,pgk,tpiA,pgm,eno
# Database: B._subtilis_NC_000964.3.fasta
# Fields: query acc.ver, subject acc.ver, % identity, alignment length, mismatches, gap opens, q. start, q. end, s. start, s. end, evalue, bit score
# 1 hits found
cggR,gapA,pgk,tpiA,pgm,eno	NC_000964.3	100.000	124	0	0	1	124	3476468	3476591	2.36e-61	230
# BLASTN 2.13.0+
# Query: yvfG
# Database: B._subtilis_NC_000964.3.fasta
# Fields: query acc.ver, subject acc.ver, % identity, alignment length, mismatches, gap opens, q. start, q. end, s. start, s. end, evalue, bit score
# 1 hits found
yvfG	NC_000964.3	100.000	127	0	0	1	127	3514062	3514188	5.23e-63	235
# BLASTN 2.13.0+
# Query: pbpE,racX
# Database: B._subtilis_NC_000964.3.fasta
# Fields: query acc.ver, subject acc.ver, % identity, alignment length, mismatches, gap opens, q. start, q. end, s. start, s. end, evalue, bit score
# 1 hits found
pbpE,racX	NC_000964.3	100.000	126	0	0	1	126	3533331	3533456	1.86e-62	233
# BLASTN 2.13.0+
# Query: sacB,yveB,yveA
# Database: B._subtilis_NC_000964.3.fasta
# Fields: query acc.ver, subject acc.ver, % identity, alignment length, mismatches, gap opens, q. start, q. end, s. start, s. end, evalue, bit score
# 1 hits found
sacB,yveB,yveA	NC_000964.3	100.000	123	0	0	1	123	3540684	3540806	8.42e-61	228
# BLASTN 2.13.0+
# Query: clpP
# Database: B._subtilis_NC_000964.3.fasta
# Fields: query acc.ver, subject acc.ver, % identity, alignment length, mismatches, gap opens, q. start, q. end, s. start, s. end, evalue, bit score
# 1 hits found
clpP	NC_000964.3	100.000	126	0	0	1	126	3546791	3546916	1.86e-62	233
# BLASTN 2.13.0+
# Query: yvzB
# Database: B._subtilis_NC_000964.3.fasta
# Fields: query acc.ver, subject acc.ver, % identity, alignment length, mismatches, gap opens, q. start, q. end, s. start, s. end, evalue, bit score
# 1 hits found
yvzB	NC_000964.3	100.000	140	0	0	1	140	3609293	3609432	3.48e-70	259
# BLASTN 2.13.0+
# Query: csbA
# Database: B._subtilis_NC_000964.3.fasta
# Fields: query acc.ver, subject acc.ver, % identity, alignment length, mismatches, gap opens, q. start, q. end, s. start, s. end, evalue, bit score
# 1 hits found
csbA	NC_000964.3	100.000	125	0	0	1	125	3615006	3615130	6.63e-62	231
# BLASTN 2.13.0+
# Query: hag
# Database: B._subtilis_NC_000964.3.fasta
# Fields: query acc.ver, subject acc.ver, % identity, alignment length, mismatches, gap opens, q. start, q. end, s. start, s. end, evalue, bit score
# 1 hits found
hag	NC_000964.3	100.000	121	0	0	1	121	3634901	3635021	1.07e-59	224
# BLASTN 2.13.0+
# Query: degS,degU
# Database: B._subtilis_NC_000964.3.fasta
# Fields: query acc.ver, subject acc.ver, % identity, alignment length, mismatches, gap opens, q. start, q. end, s. start, s. end, evalue, bit score
# 1 hits found
degS,degU	NC_000964.3	100.000	124	0	0	1	124	3644518	3644641	2.36e-61	230
# BLASTN 2.13.0+
# Query: spoIID
# Database: B._subtilis_NC_000964.3.fasta
# Fields: query acc.ver, subject acc.ver, % identity, alignment length, mismatches, gap opens, q. start, q. end, s. start, s. end, evalue, bit score
# 1 hits found
spoIID	NC_000964.3	100.000	117	0	0	1	117	3776645	3776761	1.72e-57	217
# BLASTN 2.13.0+
# Query: ywlF,ywlG
# Database: B._subtilis_NC_000964.3.fasta
# Fields: query acc.ver, subject acc.ver, % identity, alignment length, mismatches, gap opens, q. start, q. end, s. start, s. end, evalue, bit score
# 1 hits found
ywlF,ywlG	NC_000964.3	100.000	116	0	0	1	116	3790570	3790685	6.11e-57	215
# BLASTN 2.13.0+
# Query: fbaA,ywjH
# Database: B._subtilis_NC_000964.3.fasta
# Fields: query acc.ver, subject acc.ver, % identity, alignment length, mismatches, gap opens, q. start, q. end, s. start, s. end, evalue, bit score
# 1 hits found
fbaA,ywjH	NC_000964.3	100.000	139	0	0	1	139	3807656	3807794	1.24e-69	257
# BLASTN 2.13.0+
# Query: sigY,yxlC,yxlD,yxlE,yxlF,yxlG
# Database: B._subtilis_NC_000964.3.fasta
# Fields: query acc.ver, subject acc.ver, % identity, alignment length, mismatches, gap opens, q. start, q. end, s. start, s. end, evalue, bit score
# 1 hits found
sigY,yxlC,yxlD,yxlE,yxlF,yxlG	NC_000964.3	100.000	121	0	0	1	121	3966730	3966850	1.07e-59	224
# BLASTN 2.13.0+
# Query: yxiT
# Database: B._subtilis_NC_000964.3.fasta
# Fields: query acc.ver, subject acc.ver, % identity, alignment length, mismatches, gap opens, q. start, q. end, s. start, s. end, evalue, bit score
# 1 hits found
yxiT	NC_000964.3	100.000	137	0	0	1	137	4006896	4007032	1.58e-68	254
# BLASTN 2.13.0+
# Query: licT,bglS
# Database: B._subtilis_NC_000964.3.fasta
# Fields: query acc.ver, subject acc.ver, % identity, alignment length, mismatches, gap opens, q. start, q. end, s. start, s. end, evalue, bit score
# 1 hits found
licT,bglS	NC_000964.3	100.000	125	0	0	1	125	4011748	4011872	6.63e-62	231
# BLASTN 2.13.0+
# Query: wapA,yxxG
# Database: B._subtilis_NC_000964.3.fasta
# Fields: query acc.ver, subject acc.ver, % identity, alignment length, mismatches, gap opens, q. start, q. end, s. start, s. end, evalue, bit score
# 1 hits found
wapA,yxxG	NC_000964.3	100.000	125	0	0	1	125	4022774	4022898	6.63e-62	231
# BLASTN 2.13.0+
# Query: deoR,dra,nupC,pdp
# Database: B._subtilis_NC_000964.3.fasta
# Fields: query acc.ver, subject acc.ver, % identity, alignment length, mismatches, gap opens, q. start, q. end, s. start, s. end, evalue, bit score
# 1 hits found
deoR,dra,nupC,pdp	NC_000964.3	100.000	127	0	0	1	127	4048919	4049045	5.23e-63	235
# BLASTN 2.13.0+
# Query: yxeF,yxeG,yxeH
# Database: B._subtilis_NC_000964.3.fasta
# Fields: query acc.ver, subject acc.ver, % identity, alignment length, mismatches, gap opens, q. start, q. end, s. start, s. end, evalue, bit score
# 1 hits found
yxeF,yxeG,yxeH	NC_000964.3	99.194	124	1	0	1	124	4063599	4063722	1.10e-59	224
# BLASTN 2.13.0+
# Query: yxeE
# Database: B._subtilis_NC_000964.3.fasta
# Fields: query acc.ver, subject acc.ver, % identity, alignment length, mismatches, gap opens, q. start, q. end, s. start, s. end, evalue, bit score
# 1 hits found
yxeE	NC_000964.3	100.000	116	0	0	1	116	4066084	4066199	6.11e-57	215
# BLASTN 2.13.0+
# Query: htpG
# Database: B._subtilis_NC_000964.3.fasta
# Fields: query acc.ver, subject acc.ver, % identity, alignment length, mismatches, gap opens, q. start, q. end, s. start, s. end, evalue, bit score
# 1 hits found
htpG	NC_000964.3	100.000	127	0	0	1	127	4089338	4089464	5.23e-63	235
# BLASTN 2.13.0+
# Query: yxbB,yxbA,yxnB,asnH,yxaM
# Database: B._subtilis_NC_000964.3.fasta
# Fields: query acc.ver, subject acc.ver, % identity, alignment length, mismatches, gap opens, q. start, q. end, s. start, s. end, evalue, bit score
# 1 hits found
yxbB,yxbA,yxnB,asnH,yxaM	NC_000964.3	100.000	139	0	0	1	139	4102335	4102473	1.24e-69	257
# BLASTN 2.13.0+
# Query: yxaG,yxaH
# Database: B._subtilis_NC_000964.3.fasta
# Fields: query acc.ver, subject acc.ver, % identity, alignment length, mismatches, gap opens, q. start, q. end, s. start, s. end, evalue, bit score
# 1 hits found
yxaG,yxaH	NC_000964.3	100.000	126	0	0	1	126	4104854	4104979	1.86e-62	233
# BLASTN 2.13.0+
# Query: gntR,gntK,gntP,gntZ
# Database: B._subtilis_NC_000964.3.fasta
# Fields: query acc.ver, subject acc.ver, % identity, alignment length, mismatches, gap opens, q. start, q. end, s. start, s. end, evalue, bit score
# 1 hits found
gntR,gntK,gntP,gntZ	NC_000964.3	100.000	125	0	0	1	125	4118455	4118579	6.63e-62	231
# BLASTN 2.13.0+
# Query: ahpC,ahpF
# Database: B._subtilis_NC_000964.3.fasta
# Fields: query acc.ver, subject acc.ver, % identity, alignment length, mismatches, gap opens, q. start, q. end, s. start, s. end, evalue, bit score
# 1 hits found
ahpC,ahpF	NC_000964.3	100.000	133	0	0	1	133	4121021	4121153	2.55e-66	246
# BLASTN 2.13.0+
# Query: yyzE,bglA
# Database: B._subtilis_NC_000964.3.fasta
# Fields: query acc.ver, subject acc.ver, % identity, alignment length, mismatches, gap opens, q. start, q. end, s. start, s. end, evalue, bit score
# 1 hits found
yyzE,bglA	NC_000964.3	100.000	154	0	0	1	154	4121068	4121221	6.41e-78	285
# BLASTN 2.13.0+
# Query: rapG,phrG
# Database: B._subtilis_NC_000964.3.fasta
# Fields: query acc.ver, subject acc.ver, % identity, alignment length, mismatches, gap opens, q. start, q. end, s. start, s. end, evalue, bit score
# 1 hits found
rapG,phrG	NC_000964.3	100.000	126	0	0	1	126	4141475	4141600	1.86e-62	233
# BLASTN 2.13.0+
# Query: purA
# Database: B._subtilis_NC_000964.3.fasta
# Fields: query acc.ver, subject acc.ver, % identity, alignment length, mismatches, gap opens, q. start, q. end, s. start, s. end, evalue, bit score
# 1 hits found
purA	NC_000964.3	99.187	123	0	1	1	123	4155342	4155463	1.41e-58	220
# BLASTN 2.13.0+
# Query: yyaO
# Database: B._subtilis_NC_000964.3.fasta
# Fields: query acc.ver, subject acc.ver, % identity, alignment length, mismatches, gap opens, q. start, q. end, s. start, s. end, evalue, bit score
# 1 hits found
yyaO	NC_000964.3	100.000	129	0	0	1	129	4189654	4189782	4.11e-64	239
# BLASTN 2.13.0+
# Query: soj,spo0J
# Database: B._subtilis_NC_000964.3.fasta
# Fields: query acc.ver, subject acc.ver, % identity, alignment length, mismatches, gap opens, q. start, q. end, s. start, s. end, evalue, bit score
# 1 hits found
soj,spo0J	NC_000964.3	100.000	121	0	0	1	121	4205471	4205591	1.07e-59	224
# BLAST processed 130 queries
