# BLASTN 2.13.0+
# Query: IGR_8 11364:11463
# Database: B._anthracis_NC_007530.2.fasta
# 0 hits found
# BLASTN 2.13.0+
# Query: IGR_31 31832:31931
# Database: B._anthracis_NC_007530.2.fasta
# 0 hits found
# BLASTN 2.13.0+
# Query: IGR_95 97945:98109
# Database: B._anthracis_NC_007530.2.fasta
# Fields: query acc.ver, subject acc.ver, % identity, alignment length, mismatches, gap opens, q. start, q. end, s. start, s. end, evalue, bit score
# 1 hits found
IGR_95	NC_007530.2	100.000	25	0	0	90	114	11180	11204	4.35e-06	47.3
# BLASTN 2.13.0+
# Query: IGR_83 92089:92253
# Database: B._anthracis_NC_007530.2.fasta
# Fields: query acc.ver, subject acc.ver, % identity, alignment length, mismatches, gap opens, q. start, q. end, s. start, s. end, evalue, bit score
# 1 hits found
IGR_83	NC_007530.2	100.000	25	0	0	90	114	11180	11204	4.35e-06	47.3
# BLASTN 2.13.0+
# Query: IGR_871 948250:948417
# Database: B._anthracis_NC_007530.2.fasta
# Fields: query acc.ver, subject acc.ver, % identity, alignment length, mismatches, gap opens, q. start, q. end, s. start, s. end, evalue, bit score
# 1 hits found
IGR_871	NC_007530.2	100.000	25	0	0	90	114	11180	11204	4.45e-06	47.3
# BLASTN 2.13.0+
# Query: IGR_608 636987:637154
# Database: B._anthracis_NC_007530.2.fasta
# Fields: query acc.ver, subject acc.ver, % identity, alignment length, mismatches, gap opens, q. start, q. end, s. start, s. end, evalue, bit score
# 1 hits found
IGR_608	NC_007530.2	100.000	25	0	0	90	114	11180	11204	4.45e-06	47.3
# BLASTN 2.13.0+
# Query: IGR_179 173049:173213
# Database: B._anthracis_NC_007530.2.fasta
# Fields: query acc.ver, subject acc.ver, % identity, alignment length, mismatches, gap opens, q. start, q. end, s. start, s. end, evalue, bit score
# 1 hits found
IGR_179	NC_007530.2	100.000	25	0	0	90	114	11180	11204	4.35e-06	47.3
# BLASTN 2.13.0+
# Query: IGR_176 168053:168217
# Database: B._anthracis_NC_007530.2.fasta
# Fields: query acc.ver, subject acc.ver, % identity, alignment length, mismatches, gap opens, q. start, q. end, s. start, s. end, evalue, bit score
# 1 hits found
IGR_176	NC_007530.2	100.000	25	0	0	90	114	11180	11204	4.35e-06	47.3
# BLASTN 2.13.0+
# Query: IGR_167 162445:162609
# Database: B._anthracis_NC_007530.2.fasta
# Fields: query acc.ver, subject acc.ver, % identity, alignment length, mismatches, gap opens, q. start, q. end, s. start, s. end, evalue, bit score
# 1 hits found
IGR_167	NC_007530.2	100.000	25	0	0	90	114	11180	11204	4.35e-06	47.3
# BLASTN 2.13.0+
# Query: IGR_10 11627:11708
# Database: B._anthracis_NC_007530.2.fasta
# Fields: query acc.ver, subject acc.ver, % identity, alignment length, mismatches, gap opens, q. start, q. end, s. start, s. end, evalue, bit score
# 1 hits found
IGR_10	NC_007530.2	100.000	25	0	0	4	28	11180	11204	1.86e-06	47.3
# BLASTN 2.13.0+
# Query: cutIGR_3176918 3177002
# Database: B._anthracis_NC_007530.2.fasta
# Fields: query acc.ver, subject acc.ver, % identity, alignment length, mismatches, gap opens, q. start, q. end, s. start, s. end, evalue, bit score
# 1 hits found
cutIGR_3176918	NC_007530.2	100.000	25	0	0	54	78	11204	11180	1.95e-06	47.3
# BLASTN 2.13.0+
# Query: IGR_33 32095:32176
# Database: B._anthracis_NC_007530.2.fasta
# Fields: query acc.ver, subject acc.ver, % identity, alignment length, mismatches, gap opens, q. start, q. end, s. start, s. end, evalue, bit score
# 1 hits found
IGR_33	NC_007530.2	100.000	25	0	0	4	28	11180	11204	1.86e-06	47.3
# BLASTN 2.13.0+
# Query: IGR_22 25151:25220
# Database: B._anthracis_NC_007530.2.fasta
# 0 hits found
# BLASTN 2.13.0+
# Query: IGR_38 37638:37719
# Database: B._anthracis_NC_007530.2.fasta
# 0 hits found
# BLASTN 2.13.0+
# Query: IGR_49 49942:50086
# Database: B._anthracis_NC_007530.2.fasta
# 0 hits found
# BLASTN 2.13.0+
# Query: IGR_61 60360:60429
# Database: B._anthracis_NC_007530.2.fasta
# 0 hits found
# BLASTN 2.13.0+
# Query: IGR_71 73021:73105
# Database: B._anthracis_NC_007530.2.fasta
# 0 hits found
# BLASTN 2.13.0+
# Query: IGR_77 81695:81770
# Database: B._anthracis_NC_007530.2.fasta
# 0 hits found
# BLASTN 2.13.0+
# Query: IGR_101 108558:108673
# Database: B._anthracis_NC_007530.2.fasta
# 0 hits found
# BLASTN 2.13.0+
# Query: IGR_111 118423:118590
# Database: B._anthracis_NC_007530.2.fasta
# Fields: query acc.ver, subject acc.ver, % identity, alignment length, mismatches, gap opens, q. start, q. end, s. start, s. end, evalue, bit score
# 1 hits found
IGR_111	NC_007530.2	94.737	38	1	1	131	167	104931	104968	2.05e-09	58.4
# BLASTN 2.13.0+
# Query: IGR_122 130630:130683
# Database: B._anthracis_NC_007530.2.fasta
# 0 hits found
# BLASTN 2.13.0+
# Query: IGR_145 145822:145876
# Database: B._anthracis_NC_007530.2.fasta
# 0 hits found
# BLASTN 2.13.0+
# Query: IGR_161 156552:156611
# Database: B._anthracis_NC_007530.2.fasta
# 0 hits found
# BLASTN 2.13.0+
# Query: IGR_185 183323:183413
# Database: B._anthracis_NC_007530.2.fasta
# 0 hits found
# BLASTN 2.13.0+
# Query: IGR_194 194025:194204
# Database: B._anthracis_NC_007530.2.fasta
# 0 hits found
# BLASTN 2.13.0+
# Query: IGR_210 209556:209632
# Database: B._anthracis_NC_007530.2.fasta
# 0 hits found
# BLASTN 2.13.0+
# Query: IGR_216 213469:213940
# Database: B._anthracis_NC_007530.2.fasta
# 0 hits found
# BLASTN 2.13.0+
# Query: IGR_225 222912:222970
# Database: B._anthracis_NC_007530.2.fasta
# 0 hits found
# BLASTN 2.13.0+
# Query: IGR_234 231079:231347
# Database: B._anthracis_NC_007530.2.fasta
# 0 hits found
# BLASTN 2.13.0+
# Query: IGR_242 241842:241916
# Database: B._anthracis_NC_007530.2.fasta
# 0 hits found
# BLASTN 2.13.0+
# Query: IGR_1241 1324980:1325095
# Database: B._anthracis_NC_007530.2.fasta
# 0 hits found
# BLASTN 2.13.0+
# Query: IGR_250 252314:252513
# Database: B._anthracis_NC_007530.2.fasta
# 0 hits found
# BLASTN 2.13.0+
# Query: IGR_261 265174:265475
# Database: B._anthracis_NC_007530.2.fasta
# 0 hits found
# BLASTN 2.13.0+
# Query: IGR_270 276758:276814
# Database: B._anthracis_NC_007530.2.fasta
# 0 hits found
# BLASTN 2.13.0+
# Query: IGR_283 287420:287498
# Database: B._anthracis_NC_007530.2.fasta
# 0 hits found
# BLASTN 2.13.0+
# Query: IGR_292 296285:296428
# Database: B._anthracis_NC_007530.2.fasta
# 0 hits found
# BLASTN 2.13.0+
# Query: IGR_306 311875:312158
# Database: B._anthracis_NC_007530.2.fasta
# 0 hits found
# BLASTN 2.13.0+
# Query: IGR_319 326772:326887
# Database: B._anthracis_NC_007530.2.fasta
# 0 hits found
# BLASTN 2.13.0+
# Query: IGR_326 335259:335328
# Database: B._anthracis_NC_007530.2.fasta
# 0 hits found
# BLASTN 2.13.0+
# Query: IGR_333 341374:341491
# Database: B._anthracis_NC_007530.2.fasta
# 0 hits found
# BLASTN 2.13.0+
# Query: IGR_343 352696:352857
# Database: B._anthracis_NC_007530.2.fasta
# 0 hits found
# BLASTN 2.13.0+
# Query: IGR_350 364142:364258
# Database: B._anthracis_NC_007530.2.fasta
# 0 hits found
# BLASTN 2.13.0+
# Query: IGR_361 372603:372770
# Database: B._anthracis_NC_007530.2.fasta
# 0 hits found
# BLASTN 2.13.0+
# Query: IGR_371 405015:405068
# Database: B._anthracis_NC_007530.2.fasta
# 0 hits found
# BLASTN 2.13.0+
# Query: IGR_378 412450:412539
# Database: B._anthracis_NC_007530.2.fasta
# 0 hits found
# BLASTN 2.13.0+
# Query: IGR_387 424103:424207
# Database: B._anthracis_NC_007530.2.fasta
# 0 hits found
# BLASTN 2.13.0+
# Query: IGR_394 431987:432371
# Database: B._anthracis_NC_007530.2.fasta
# 0 hits found
# BLASTN 2.13.0+
# Query: IGR_409 449033:449197
# Database: B._anthracis_NC_007530.2.fasta
# 0 hits found
# BLASTN 2.13.0+
# Query: IGR_418 455935:456067
# Database: B._anthracis_NC_007530.2.fasta
# 0 hits found
# BLASTN 2.13.0+
# Query: IGR_429 465940:466041
# Database: B._anthracis_NC_007530.2.fasta
# 0 hits found
# BLASTN 2.13.0+
# Query: IGR_437 474225:474328
# Database: B._anthracis_NC_007530.2.fasta
# 0 hits found
# BLASTN 2.13.0+
# Query: IGR_448 488763:488829
# Database: B._anthracis_NC_007530.2.fasta
# 0 hits found
# BLASTN 2.13.0+
# Query: IGR_457 496561:496645
# Database: B._anthracis_NC_007530.2.fasta
# 0 hits found
# BLASTN 2.13.0+
# Query: IGR_463 504594:504688
# Database: B._anthracis_NC_007530.2.fasta
# 0 hits found
# BLASTN 2.13.0+
# Query: IGR_473 515615:515709
# Database: B._anthracis_NC_007530.2.fasta
# 0 hits found
# BLASTN 2.13.0+
# Query: IGR_483 524249:524359
# Database: B._anthracis_NC_007530.2.fasta
# 0 hits found
# BLASTN 2.13.0+
# Query: IGR_497 531513:531786
# Database: B._anthracis_NC_007530.2.fasta
# 0 hits found
# BLASTN 2.13.0+
# Query: IGR_511 545532:545594
# Database: B._anthracis_NC_007530.2.fasta
# 0 hits found
# BLASTN 2.13.0+
# Query: IGR_518 552501:552615
# Database: B._anthracis_NC_007530.2.fasta
# 0 hits found
# BLASTN 2.13.0+
# Query: IGR_525 559001:559263
# Database: B._anthracis_NC_007530.2.fasta
# 0 hits found
# BLASTN 2.13.0+
# Query: IGR_531 563461:563613
# Database: B._anthracis_NC_007530.2.fasta
# 0 hits found
# BLASTN 2.13.0+
# Query: IGR_538 571234:571388
# Database: B._anthracis_NC_007530.2.fasta
# 0 hits found
# BLASTN 2.13.0+
# Query: IGR_542 574435:574689
# Database: B._anthracis_NC_007530.2.fasta
# 0 hits found
# BLASTN 2.13.0+
# Query: IGR_547 578933:579046
# Database: B._anthracis_NC_007530.2.fasta
# 0 hits found
# BLASTN 2.13.0+
# Query: IGR_556 585778:585867
# Database: B._anthracis_NC_007530.2.fasta
# 0 hits found
# BLASTN 2.13.0+
# Query: IGR_563 594096:594185
# Database: B._anthracis_NC_007530.2.fasta
# 0 hits found
# BLASTN 2.13.0+
# Query: IGR_568 598543:598728
# Database: B._anthracis_NC_007530.2.fasta
# 0 hits found
# BLASTN 2.13.0+
# Query: IGR_576 602713:603011
# Database: B._anthracis_NC_007530.2.fasta
# 0 hits found
# BLASTN 2.13.0+
# Query: IGR_586 615622:615870
# Database: B._anthracis_NC_007530.2.fasta
# 0 hits found
# BLASTN 2.13.0+
# Query: IGR_594 623290:623372
# Database: B._anthracis_NC_007530.2.fasta
# 0 hits found
# BLASTN 2.13.0+
# Query: IGR_604 633862:633922
# Database: B._anthracis_NC_007530.2.fasta
# 0 hits found
# BLASTN 2.13.0+
# Query: IGR_625 652418:652510
# Database: B._anthracis_NC_007530.2.fasta
# 0 hits found
# BLASTN 2.13.0+
# Query: IGR_633 658758:658812
# Database: B._anthracis_NC_007530.2.fasta
# 0 hits found
# BLASTN 2.13.0+
# Query: IGR_641 668527:668600
# Database: B._anthracis_NC_007530.2.fasta
# 0 hits found
# BLASTN 2.13.0+
# Query: IGR_650 679761:679826
# Database: B._anthracis_NC_007530.2.fasta
# 0 hits found
# BLASTN 2.13.0+
# Query: IGR_658 686889:686961
# Database: B._anthracis_NC_007530.2.fasta
# 0 hits found
# BLASTN 2.13.0+
# Query: IGR_670 706871:706972
# Database: B._anthracis_NC_007530.2.fasta
# 0 hits found
# BLASTN 2.13.0+
# Query: IGR_680 719308:719369
# Database: B._anthracis_NC_007530.2.fasta
# 0 hits found
# BLASTN 2.13.0+
# Query: IGR_696 744738:744850
# Database: B._anthracis_NC_007530.2.fasta
# 0 hits found
# BLASTN 2.13.0+
# Query: IGR_702 750797:750958
# Database: B._anthracis_NC_007530.2.fasta
# 0 hits found
# BLASTN 2.13.0+
# Query: IGR_709 756986:757110
# Database: B._anthracis_NC_007530.2.fasta
# 0 hits found
# BLASTN 2.13.0+
# Query: IGR_719 773980:774137
# Database: B._anthracis_NC_007530.2.fasta
# 0 hits found
# BLASTN 2.13.0+
# Query: IGR_729 785905:786688
# Database: B._anthracis_NC_007530.2.fasta
# 0 hits found
# BLASTN 2.13.0+
# Query: IGR_736 795867:796313
# Database: B._anthracis_NC_007530.2.fasta
# 0 hits found
# BLASTN 2.13.0+
# Query: IGR_754 817243:817310
# Database: B._anthracis_NC_007530.2.fasta
# 0 hits found
# BLASTN 2.13.0+
# Query: IGR_762 827211:827454
# Database: B._anthracis_NC_007530.2.fasta
# 0 hits found
# BLASTN 2.13.0+
# Query: IGR_768 835684:835739
# Database: B._anthracis_NC_007530.2.fasta
# 0 hits found
# BLASTN 2.13.0+
# Query: IGR_775 840484:840655
# Database: B._anthracis_NC_007530.2.fasta
# 0 hits found
# BLASTN 2.13.0+
# Query: IGR_787 859502:859744
# Database: B._anthracis_NC_007530.2.fasta
# 0 hits found
# BLASTN 2.13.0+
# Query: IGR_798 869128:869272
# Database: B._anthracis_NC_007530.2.fasta
# 0 hits found
# BLASTN 2.13.0+
# Query: IGR_808 878770:879001
# Database: B._anthracis_NC_007530.2.fasta
# 0 hits found
# BLASTN 2.13.0+
# Query: IGR_821 891371:891435
# Database: B._anthracis_NC_007530.2.fasta
# 0 hits found
# BLASTN 2.13.0+
# Query: IGR_835 909746:910018
# Database: B._anthracis_NC_007530.2.fasta
# 0 hits found
# BLASTN 2.13.0+
# Query: IGR_844 923499:923586
# Database: B._anthracis_NC_007530.2.fasta
# 0 hits found
# BLASTN 2.13.0+
# Query: IGR_852 928264:928388
# Database: B._anthracis_NC_007530.2.fasta
# 0 hits found
# BLASTN 2.13.0+
# Query: IGR_857 935440:935655
# Database: B._anthracis_NC_007530.2.fasta
# 0 hits found
# BLASTN 2.13.0+
# Query: IGR_866 943738:943890
# Database: B._anthracis_NC_007530.2.fasta
# 0 hits found
# BLASTN 2.13.0+
# Query: IGR_891 954494:954578
# Database: B._anthracis_NC_007530.2.fasta
# 0 hits found
# BLASTN 2.13.0+
# Query: IGR_901 965157:965260
# Database: B._anthracis_NC_007530.2.fasta
# 0 hits found
# BLASTN 2.13.0+
# Query: IGR_908 969095:969161
# Database: B._anthracis_NC_007530.2.fasta
# 0 hits found
# BLASTN 2.13.0+
# Query: IGR_928 988872:989021
# Database: B._anthracis_NC_007530.2.fasta
# 0 hits found
# BLASTN 2.13.0+
# Query: IGR_936 999943:1000026
# Database: B._anthracis_NC_007530.2.fasta
# 0 hits found
# BLASTN 2.13.0+
# Query: IGR_948 1013851:1013957
# Database: B._anthracis_NC_007530.2.fasta
# 0 hits found
# BLASTN 2.13.0+
# Query: IGR_954 1022157:1022230
# Database: B._anthracis_NC_007530.2.fasta
# 0 hits found
# BLASTN 2.13.0+
# Query: IGR_963 1033397:1033457
# Database: B._anthracis_NC_007530.2.fasta
# 0 hits found
# BLASTN 2.13.0+
# Query: IGR_973 1044246:1044372
# Database: B._anthracis_NC_007530.2.fasta
# 0 hits found
# BLASTN 2.13.0+
# Query: IGR_981 1053253:1053519
# Database: B._anthracis_NC_007530.2.fasta
# 0 hits found
# BLASTN 2.13.0+
# Query: IGR_989 1061326:1061490
# Database: B._anthracis_NC_007530.2.fasta
# 0 hits found
# BLASTN 2.13.0+
# Query: IGR_998 1071488:1071612
# Database: B._anthracis_NC_007530.2.fasta
# 0 hits found
# BLASTN 2.13.0+
# Query: IGR_1006 1076952:1077439
# Database: B._anthracis_NC_007530.2.fasta
# 0 hits found
# BLASTN 2.13.0+
# Query: IGR_1014 1087178:1087249
# Database: B._anthracis_NC_007530.2.fasta
# 0 hits found
# BLASTN 2.13.0+
# Query: IGR_1020 1094650:1095062
# Database: B._anthracis_NC_007530.2.fasta
# 0 hits found
# BLASTN 2.13.0+
# Query: IGR_1031 1105568:1106002
# Database: B._anthracis_NC_007530.2.fasta
# 0 hits found
# BLASTN 2.13.0+
# Query: IGR_1038 1113918:1114056
# Database: B._anthracis_NC_007530.2.fasta
# 0 hits found
# BLASTN 2.13.0+
# Query: IGR_1045 1120828:1121035
# Database: B._anthracis_NC_007530.2.fasta
# 0 hits found
# BLASTN 2.13.0+
# Query: IGR_1053 1129611:1129714
# Database: B._anthracis_NC_007530.2.fasta
# 0 hits found
# BLASTN 2.13.0+
# Query: IGR_1059 1136136:1136319
# Database: B._anthracis_NC_007530.2.fasta
# 0 hits found
# BLASTN 2.13.0+
# Query: IGR_1069 1153149:1153264
# Database: B._anthracis_NC_007530.2.fasta
# 0 hits found
# BLASTN 2.13.0+
# Query: IGR_1081 1166670:1166736
# Database: B._anthracis_NC_007530.2.fasta
# 0 hits found
# BLASTN 2.13.0+
# Query: IGR_1088 1174765:1174860
# Database: B._anthracis_NC_007530.2.fasta
# 0 hits found
# BLASTN 2.13.0+
# Query: IGR_1095 1181400:1181498
# Database: B._anthracis_NC_007530.2.fasta
# 0 hits found
# BLASTN 2.13.0+
# Query: IGR_1101 1188551:1188688
# Database: B._anthracis_NC_007530.2.fasta
# 0 hits found
# BLASTN 2.13.0+
# Query: IGR_1106 1192190:1192253
# Database: B._anthracis_NC_007530.2.fasta
# 0 hits found
# BLASTN 2.13.0+
# Query: IGR_1116 1205899:1205980
# Database: B._anthracis_NC_007530.2.fasta
# 0 hits found
# BLASTN 2.13.0+
# Query: IGR_1124 1213449:1213536
# Database: B._anthracis_NC_007530.2.fasta
# 0 hits found
# BLASTN 2.13.0+
# Query: IGR_1136 1226774:1226937
# Database: B._anthracis_NC_007530.2.fasta
# 0 hits found
# BLASTN 2.13.0+
# Query: IGR_1143 1233300:1233404
# Database: B._anthracis_NC_007530.2.fasta
# 0 hits found
# BLASTN 2.13.0+
# Query: IGR_1152 1240121:1240355
# Database: B._anthracis_NC_007530.2.fasta
# 0 hits found
# BLASTN 2.13.0+
# Query: IGR_1159 1249888:1250015
# Database: B._anthracis_NC_007530.2.fasta
# 0 hits found
# BLASTN 2.13.0+
# Query: IGR_1169 1255992:1256108
# Database: B._anthracis_NC_007530.2.fasta
# 0 hits found
# BLASTN 2.13.0+
# Query: IGR_1176 1261356:1261425
# Database: B._anthracis_NC_007530.2.fasta
# 0 hits found
# BLASTN 2.13.0+
# Query: IGR_1185 1267413:1267573
# Database: B._anthracis_NC_007530.2.fasta
# 0 hits found
# BLASTN 2.13.0+
# Query: IGR_2516 2690313:2690380
# Database: B._anthracis_NC_007530.2.fasta
# 0 hits found
# BLASTN 2.13.0+
# Query: IGR_1192 1275639:1275808
# Database: B._anthracis_NC_007530.2.fasta
# 0 hits found
# BLASTN 2.13.0+
# Query: IGR_1199 1280503:1280625
# Database: B._anthracis_NC_007530.2.fasta
# 0 hits found
# BLASTN 2.13.0+
# Query: IGR_1206 1285445:1285590
# Database: B._anthracis_NC_007530.2.fasta
# 0 hits found
# BLASTN 2.13.0+
# Query: IGR_1216 1297594:1297725
# Database: B._anthracis_NC_007530.2.fasta
# 0 hits found
# BLASTN 2.13.0+
# Query: IGR_1225 1308714:1308801
# Database: B._anthracis_NC_007530.2.fasta
# 0 hits found
# BLASTN 2.13.0+
# Query: IGR_1234 1318905:1319010
# Database: B._anthracis_NC_007530.2.fasta
# 0 hits found
# BLASTN 2.13.0+
# Query: IGR_1240 1324355:1324470
# Database: B._anthracis_NC_007530.2.fasta
# 0 hits found
# BLASTN 2.13.0+
# Query: IGR_2518 2691444:2691641
# Database: B._anthracis_NC_007530.2.fasta
# 0 hits found
# BLASTN 2.13.0+
# Query: IGR_2588 2752024:2752166
# Database: B._anthracis_NC_007530.2.fasta
# 0 hits found
# BLASTN 2.13.0+
# Query: IGR_1270 1359285:1359453
# Database: B._anthracis_NC_007530.2.fasta
# 0 hits found
# BLASTN 2.13.0+
# Query: IGR_3179 3385446:3385723
# Database: B._anthracis_NC_007530.2.fasta
# 0 hits found
# BLASTN 2.13.0+
# Query: IGR_1283 1374292:1374436
# Database: B._anthracis_NC_007530.2.fasta
# 0 hits found
# BLASTN 2.13.0+
# Query: IGR_1298 1385891:1386023
# Database: B._anthracis_NC_007530.2.fasta
# Fields: query acc.ver, subject acc.ver, % identity, alignment length, mismatches, gap opens, q. start, q. end, s. start, s. end, evalue, bit score
# 1 hits found
IGR_1298	NC_007530.2	84.444	45	3	4	53	94	4779725	4779768	1.59e-04	41.7
# BLASTN 2.13.0+
# Query: IGR_1307 1395508:1395621
# Database: B._anthracis_NC_007530.2.fasta
# 0 hits found
# BLASTN 2.13.0+
# Query: IGR_1314 1400096:1400187
# Database: B._anthracis_NC_007530.2.fasta
# 0 hits found
# BLASTN 2.13.0+
# Query: IGR_1326 1414826:1414996
# Database: B._anthracis_NC_007530.2.fasta
# 0 hits found
# BLASTN 2.13.0+
# Query: IGR_1336 1424683:1424766
# Database: B._anthracis_NC_007530.2.fasta
# 0 hits found
# BLASTN 2.13.0+
# Query: IGR_1345 1433006:1433198
# Database: B._anthracis_NC_007530.2.fasta
# 0 hits found
# BLASTN 2.13.0+
# Query: IGR_1356 1445541:1445637
# Database: B._anthracis_NC_007530.2.fasta
# 0 hits found
# BLASTN 2.13.0+
# Query: IGR_1364 1453284:1453690
# Database: B._anthracis_NC_007530.2.fasta
# 0 hits found
# BLASTN 2.13.0+
# Query: IGR_1373 1463493:1463627
# Database: B._anthracis_NC_007530.2.fasta
# 0 hits found
# BLASTN 2.13.0+
# Query: IGR_1384 1477012:1477068
# Database: B._anthracis_NC_007530.2.fasta
# 0 hits found
# BLASTN 2.13.0+
# Query: IGR_1389 1482095:1482247
# Database: B._anthracis_NC_007530.2.fasta
# 0 hits found
# BLASTN 2.13.0+
# Query: IGR_1395 1485896:1486044
# Database: B._anthracis_NC_007530.2.fasta
# 0 hits found
# BLASTN 2.13.0+
# Query: IGR_1404 1493321:1493786
# Database: B._anthracis_NC_007530.2.fasta
# 0 hits found
# BLASTN 2.13.0+
# Query: IGR_1418 1512192:1512372
# Database: B._anthracis_NC_007530.2.fasta
# 0 hits found
# BLASTN 2.13.0+
# Query: IGR_1430 1525000:1525385
# Database: B._anthracis_NC_007530.2.fasta
# 0 hits found
# BLASTN 2.13.0+
# Query: IGR_1439 1533701:1534069
# Database: B._anthracis_NC_007530.2.fasta
# 0 hits found
# BLASTN 2.13.0+
# Query: IGR_1448 1541601:1541885
# Database: B._anthracis_NC_007530.2.fasta
# 0 hits found
# BLASTN 2.13.0+
# Query: IGR_1455 1549310:1549464
# Database: B._anthracis_NC_007530.2.fasta
# 0 hits found
# BLASTN 2.13.0+
# Query: IGR_1462 1558954:1559308
# Database: B._anthracis_NC_007530.2.fasta
# 0 hits found
# BLASTN 2.13.0+
# Query: IGR_1473 1568869:1568923
# Database: B._anthracis_NC_007530.2.fasta
# 0 hits found
# BLASTN 2.13.0+
# Query: IGR_1485 1577249:1577408
# Database: B._anthracis_NC_007530.2.fasta
# 0 hits found
# BLASTN 2.13.0+
# Query: IGR_1494 1590256:1590316
# Database: B._anthracis_NC_007530.2.fasta
# 0 hits found
# BLASTN 2.13.0+
# Query: IGR_1504 1604708:1604770
# Database: B._anthracis_NC_007530.2.fasta
# 0 hits found
# BLASTN 2.13.0+
# Query: IGR_1513 1611593:1611653
# Database: B._anthracis_NC_007530.2.fasta
# 0 hits found
# BLASTN 2.13.0+
# Query: IGR_1523 1618970:1619022
# Database: B._anthracis_NC_007530.2.fasta
# 0 hits found
# BLASTN 2.13.0+
# Query: IGR_1535 1640637:1640719
# Database: B._anthracis_NC_007530.2.fasta
# 0 hits found
# BLASTN 2.13.0+
# Query: IGR_1553 1661858:1661966
# Database: B._anthracis_NC_007530.2.fasta
# Fields: query acc.ver, subject acc.ver, % identity, alignment length, mismatches, gap opens, q. start, q. end, s. start, s. end, evalue, bit score
# 1 hits found
IGR_1553	NC_007530.2	93.548	31	2	0	57	87	3669726	3669696	2.68e-06	47.3
# BLASTN 2.13.0+
# Query: IGR_1566 1675902:1675980
# Database: B._anthracis_NC_007530.2.fasta
# 0 hits found
# BLASTN 2.13.0+
# Query: IGR_1576 1687119:1687186
# Database: B._anthracis_NC_007530.2.fasta
# 0 hits found
# BLASTN 2.13.0+
# Query: IGR_1613 1731674:1731775
# Database: B._anthracis_NC_007530.2.fasta
# 0 hits found
# BLASTN 2.13.0+
# Query: IGR_1633 1752147:1752277
# Database: B._anthracis_NC_007530.2.fasta
# 0 hits found
# BLASTN 2.13.0+
# Query: IGR_1640 1761640:1761706
# Database: B._anthracis_NC_007530.2.fasta
# 0 hits found
# BLASTN 2.13.0+
# Query: IGR_1653 1775612:1775744
# Database: B._anthracis_NC_007530.2.fasta
# 0 hits found
# BLASTN 2.13.0+
# Query: IGR_1660 1783390:1783499
# Database: B._anthracis_NC_007530.2.fasta
# 0 hits found
# BLASTN 2.13.0+
# Query: IGR_1670 1859783:1860013
# Database: B._anthracis_NC_007530.2.fasta
# 0 hits found
# BLASTN 2.13.0+
# Query: IGR_1674 1863168:1863447
# Database: B._anthracis_NC_007530.2.fasta
# 0 hits found
# BLASTN 2.13.0+
# Query: IGR_1680 1866289:1866388
# Database: B._anthracis_NC_007530.2.fasta
# 0 hits found
# BLASTN 2.13.0+
# Query: IGR_1689 1875171:1875303
# Database: B._anthracis_NC_007530.2.fasta
# 0 hits found
# BLASTN 2.13.0+
# Query: IGR_1695 1880967:1881097
# Database: B._anthracis_NC_007530.2.fasta
# 0 hits found
# BLASTN 2.13.0+
# Query: IGR_1699 1883678:1884237
# Database: B._anthracis_NC_007530.2.fasta
# 0 hits found
# BLASTN 2.13.0+
# Query: IGR_2045 2214864:2214971
# Database: B._anthracis_NC_007530.2.fasta
# 0 hits found
# BLASTN 2.13.0+
# Query: IGR_2003 2192300:2192369
# Database: B._anthracis_NC_007530.2.fasta
# 0 hits found
# BLASTN 2.13.0+
# Query: IGR_1848 2058460:2058714
# Database: B._anthracis_NC_007530.2.fasta
# 0 hits found
# BLASTN 2.13.0+
# Query: IGR_1704 1886527:1887351
# Database: B._anthracis_NC_007530.2.fasta
# 0 hits found
# BLASTN 2.13.0+
# Query: IGR_1707 1891666:1891907
# Database: B._anthracis_NC_007530.2.fasta
# 0 hits found
# BLASTN 2.13.0+
# Query: IGR_1712 1899125:1899588
# Database: B._anthracis_NC_007530.2.fasta
# 0 hits found
# BLASTN 2.13.0+
# Query: IGR_1720 1904233:1904392
# Database: B._anthracis_NC_007530.2.fasta
# 0 hits found
# BLASTN 2.13.0+
# Query: IGR_1727 1907201:1907493
# Database: B._anthracis_NC_007530.2.fasta
# 0 hits found
# BLASTN 2.13.0+
# Query: IGR_1736 1918256:1918405
# Database: B._anthracis_NC_007530.2.fasta
# 0 hits found
# BLASTN 2.13.0+
# Query: IGR_1743 1923014:1923233
# Database: B._anthracis_NC_007530.2.fasta
# 0 hits found
# BLASTN 2.13.0+
# Query: IGR_1750 1926452:1926679
# Database: B._anthracis_NC_007530.2.fasta
# 0 hits found
# BLASTN 2.13.0+
# Query: IGR_1759 1932501:1932670
# Database: B._anthracis_NC_007530.2.fasta
# 0 hits found
# BLASTN 2.13.0+
# Query: IGR_1767 1943982:1944112
# Database: B._anthracis_NC_007530.2.fasta
# 0 hits found
# BLASTN 2.13.0+
# Query: IGR_1779 1957360:1957450
# Database: B._anthracis_NC_007530.2.fasta
# 0 hits found
# BLASTN 2.13.0+
# Query: IGR_1790 2002351:2002636
# Database: B._anthracis_NC_007530.2.fasta
# 0 hits found
# BLASTN 2.13.0+
# Query: IGR_1795 2006440:2006540
# Database: B._anthracis_NC_007530.2.fasta
# 0 hits found
# BLASTN 2.13.0+
# Query: IGR_1801 2017738:2017885
# Database: B._anthracis_NC_007530.2.fasta
# 0 hits found
# BLASTN 2.13.0+
# Query: IGR_1807 2022467:2022560
# Database: B._anthracis_NC_007530.2.fasta
# 0 hits found
# BLASTN 2.13.0+
# Query: IGR_1813 2028579:2028664
# Database: B._anthracis_NC_007530.2.fasta
# 0 hits found
# BLASTN 2.13.0+
# Query: IGR_1820 2034572:2034744
# Database: B._anthracis_NC_007530.2.fasta
# 0 hits found
# BLASTN 2.13.0+
# Query: IGR_1827 2040365:2040672
# Database: B._anthracis_NC_007530.2.fasta
# 0 hits found
# BLASTN 2.13.0+
# Query: IGR_1832 2043932:2044037
# Database: B._anthracis_NC_007530.2.fasta
# 0 hits found
# BLASTN 2.13.0+
# Query: IGR_1837 2048307:2048532
# Database: B._anthracis_NC_007530.2.fasta
# Fields: query acc.ver, subject acc.ver, % identity, alignment length, mismatches, gap opens, q. start, q. end, s. start, s. end, evalue, bit score
# 1 hits found
IGR_1837	NC_007530.2	80.882	68	10	2	1	67	2477639	2477574	4.80e-07	51.0
# BLASTN 2.13.0+
# Query: IGR_1844 2056107:2056277
# Database: B._anthracis_NC_007530.2.fasta
# 0 hits found
# BLASTN 2.13.0+
# Query: IGR_1850 2059864:2060008
# Database: B._anthracis_NC_007530.2.fasta
# 0 hits found
# BLASTN 2.13.0+
# Query: IGR_2005 2193661:2193826
# Database: B._anthracis_NC_007530.2.fasta
# 0 hits found
# BLASTN 2.13.0+
# Query: IGR_1861 2069975:2070243
# Database: B._anthracis_NC_007530.2.fasta
# Fields: query acc.ver, subject acc.ver, % identity, alignment length, mismatches, gap opens, q. start, q. end, s. start, s. end, evalue, bit score
# 1 hits found
IGR_1861	NC_007530.2	84.783	46	6	1	73	118	1092591	1092635	2.71e-05	45.4
# BLASTN 2.13.0+
# Query: IGR_1869 2079546:2079610
# Database: B._anthracis_NC_007530.2.fasta
# 0 hits found
# BLASTN 2.13.0+
# Query: IGR_1875 2084008:2084213
# Database: B._anthracis_NC_007530.2.fasta
# 0 hits found
# BLASTN 2.13.0+
# Query: IGR_1881 2088193:2088256
# Database: B._anthracis_NC_007530.2.fasta
# 0 hits found
# BLASTN 2.13.0+
# Query: IGR_1891 2098024:2098101
# Database: B._anthracis_NC_007530.2.fasta
# 0 hits found
# BLASTN 2.13.0+
# Query: IGR_1904 2114678:2114741
# Database: B._anthracis_NC_007530.2.fasta
# 0 hits found
# BLASTN 2.13.0+
# Query: IGR_1912 2122950:2123025
# Database: B._anthracis_NC_007530.2.fasta
# 0 hits found
# BLASTN 2.13.0+
# Query: IGR_1918 2127683:2127812
# Database: B._anthracis_NC_007530.2.fasta
# 0 hits found
# BLASTN 2.13.0+
# Query: IGR_1927 2136171:2136372
# Database: B._anthracis_NC_007530.2.fasta
# 0 hits found
# BLASTN 2.13.0+
# Query: IGR_1932 2138717:2138867
# Database: B._anthracis_NC_007530.2.fasta
# 0 hits found
# BLASTN 2.13.0+
# Query: IGR_1941 2150037:2150107
# Database: B._anthracis_NC_007530.2.fasta
# 0 hits found
# BLASTN 2.13.0+
# Query: IGR_1948 2153652:2153717
# Database: B._anthracis_NC_007530.2.fasta
# 0 hits found
# BLASTN 2.13.0+
# Query: IGR_2010 2195782:2195985
# Database: B._anthracis_NC_007530.2.fasta
# 0 hits found
# BLASTN 2.13.0+
# Query: IGR_1959 2158287:2158438
# Database: B._anthracis_NC_007530.2.fasta
# 0 hits found
# BLASTN 2.13.0+
# Query: IGR_1965 2164894:2165576
# Database: B._anthracis_NC_007530.2.fasta
# Fields: query acc.ver, subject acc.ver, % identity, alignment length, mismatches, gap opens, q. start, q. end, s. start, s. end, evalue, bit score
# 1 hits found
IGR_1965	NC_007530.2	73.793	145	34	4	341	483	1305336	1305194	1.20e-07	54.7
# BLASTN 2.13.0+
# Query: IGR_1977 2169926:2170029
# Database: B._anthracis_NC_007530.2.fasta
# 0 hits found
# BLASTN 2.13.0+
# Query: cutIGR_3335545 3335727
# Database: B._anthracis_NC_007530.2.fasta
# 0 hits found
# BLASTN 2.13.0+
# Query: IGR_1999 2188115:2188203
# Database: B._anthracis_NC_007530.2.fasta
# 0 hits found
# BLASTN 2.13.0+
# Query: IGR_2006 2193976:2194052
# Database: B._anthracis_NC_007530.2.fasta
# 0 hits found
# BLASTN 2.13.0+
# Query: IGR_2016 2198765:2198847
# Database: B._anthracis_NC_007530.2.fasta
# 0 hits found
# BLASTN 2.13.0+
# Query: IGR_2027 2203596:2203778
# Database: B._anthracis_NC_007530.2.fasta
# 0 hits found
# BLASTN 2.13.0+
# Query: IGR_2047 2216776:2217132
# Database: B._anthracis_NC_007530.2.fasta
# 0 hits found
# BLASTN 2.13.0+
# Query: IGR_2061 2229885:2229987
# Database: B._anthracis_NC_007530.2.fasta
# 0 hits found
# BLASTN 2.13.0+
# Query: IGR_2085 2262267:2262436
# Database: B._anthracis_NC_007530.2.fasta
# 0 hits found
# BLASTN 2.13.0+
# Query: IGR_2092 2270305:2270406
# Database: B._anthracis_NC_007530.2.fasta
# 0 hits found
# BLASTN 2.13.0+
# Query: IGR_2104 2279675:2279976
# Database: B._anthracis_NC_007530.2.fasta
# 0 hits found
# BLASTN 2.13.0+
# Query: IGR_2115 2288062:2288193
# Database: B._anthracis_NC_007530.2.fasta
# 0 hits found
# BLASTN 2.13.0+
# Query: IGR_2133 2303860:2303919
# Database: B._anthracis_NC_007530.2.fasta
# 0 hits found
# BLASTN 2.13.0+
# Query: IGR_2140 2308339:2308494
# Database: B._anthracis_NC_007530.2.fasta
# 0 hits found
# BLASTN 2.13.0+
# Query: IGR_2149 2316375:2316445
# Database: B._anthracis_NC_007530.2.fasta
# 0 hits found
# BLASTN 2.13.0+
# Query: IGR_2162 2329706:2329869
# Database: B._anthracis_NC_007530.2.fasta
# 0 hits found
# BLASTN 2.13.0+
# Query: IGR_2169 2333223:2333323
# Database: B._anthracis_NC_007530.2.fasta
# 0 hits found
# BLASTN 2.13.0+
# Query: IGR_2187 2349528:2349670
# Database: B._anthracis_NC_007530.2.fasta
# 0 hits found
# BLASTN 2.13.0+
# Query: IGR_2201 2365092:2365234
# Database: B._anthracis_NC_007530.2.fasta
# 0 hits found
# BLASTN 2.13.0+
# Query: IGR_2212 2381803:2381918
# Database: B._anthracis_NC_007530.2.fasta
# 0 hits found
# BLASTN 2.13.0+
# Query: IGR_2227 2396719:2396797
# Database: B._anthracis_NC_007530.2.fasta
# 0 hits found
# BLASTN 2.13.0+
# Query: IGR_2237 2405557:2405619
# Database: B._anthracis_NC_007530.2.fasta
# 0 hits found
# BLASTN 2.13.0+
# Query: IGR_2244 2415211:2415414
# Database: B._anthracis_NC_007530.2.fasta
# 0 hits found
# BLASTN 2.13.0+
# Query: IGR_2251 2425193:2425247
# Database: B._anthracis_NC_007530.2.fasta
# 0 hits found
# BLASTN 2.13.0+
# Query: IGR_2261 2432870:2433136
# Database: B._anthracis_NC_007530.2.fasta
# 0 hits found
# BLASTN 2.13.0+
# Query: IGR_2266 2435791:2436044
# Database: B._anthracis_NC_007530.2.fasta
# 0 hits found
# BLASTN 2.13.0+
# Query: IGR_2281 2450290:2450402
# Database: B._anthracis_NC_007530.2.fasta
# 0 hits found
# BLASTN 2.13.0+
# Query: IGR_2290 2459263:2459325
# Database: B._anthracis_NC_007530.2.fasta
# 0 hits found
# BLASTN 2.13.0+
# Query: IGR_2300 2469508:2469579
# Database: B._anthracis_NC_007530.2.fasta
# 0 hits found
# BLASTN 2.13.0+
# Query: IGR_2309 2477924:2478005
# Database: B._anthracis_NC_007530.2.fasta
# Fields: query acc.ver, subject acc.ver, % identity, alignment length, mismatches, gap opens, q. start, q. end, s. start, s. end, evalue, bit score
# 1 hits found
IGR_2309	NC_007530.2	93.750	32	1	1	9	40	1650689	1650719	1.86e-06	47.3
# BLASTN 2.13.0+
# Query: IGR_2318 2488751:2488952
# Database: B._anthracis_NC_007530.2.fasta
# 0 hits found
# BLASTN 2.13.0+
# Query: IGR_2324 2494555:2494655
# Database: B._anthracis_NC_007530.2.fasta
# 0 hits found
# BLASTN 2.13.0+
# Query: IGR_2344 2515907:2516214
# Database: B._anthracis_NC_007530.2.fasta
# 0 hits found
# BLASTN 2.13.0+
# Query: IGR_2363 2537613:2537688
# Database: B._anthracis_NC_007530.2.fasta
# 0 hits found
# BLASTN 2.13.0+
# Query: IGR_2371 2544804:2544994
# Database: B._anthracis_NC_007530.2.fasta
# 0 hits found
# BLASTN 2.13.0+
# Query: IGR_2380 2553866:2553929
# Database: B._anthracis_NC_007530.2.fasta
# 0 hits found
# BLASTN 2.13.0+
# Query: IGR_2388 2560077:2560488
# Database: B._anthracis_NC_007530.2.fasta
# 0 hits found
# BLASTN 2.13.0+
# Query: IGR_2392 2563959:2564025
# Database: B._anthracis_NC_007530.2.fasta
# 0 hits found
# BLASTN 2.13.0+
# Query: IGR_2400 2570489:2570605
# Database: B._anthracis_NC_007530.2.fasta
# 0 hits found
# BLASTN 2.13.0+
# Query: IGR_2407 2576187:2576366
# Database: B._anthracis_NC_007530.2.fasta
# 0 hits found
# BLASTN 2.13.0+
# Query: IGR_2416 2586703:2586812
# Database: B._anthracis_NC_007530.2.fasta
# 0 hits found
# BLASTN 2.13.0+
# Query: IGR_2424 2592884:2592999
# Database: B._anthracis_NC_007530.2.fasta
# 0 hits found
# BLASTN 2.13.0+
# Query: IGR_2432 2601329:2601527
# Database: B._anthracis_NC_007530.2.fasta
# 0 hits found
# BLASTN 2.13.0+
# Query: IGR_2445 2616948:2617004
# Database: B._anthracis_NC_007530.2.fasta
# 0 hits found
# BLASTN 2.13.0+
# Query: IGR_2458 2629637:2629717
# Database: B._anthracis_NC_007530.2.fasta
# Fields: query acc.ver, subject acc.ver, % identity, alignment length, mismatches, gap opens, q. start, q. end, s. start, s. end, evalue, bit score
# 1 hits found
IGR_2458	NC_007530.2	85.106	47	7	0	1	47	4131216	4131262	5.08e-07	49.1
# BLASTN 2.13.0+
# Query: IGR_2469 2640446:2640512
# Database: B._anthracis_NC_007530.2.fasta
# 0 hits found
# BLASTN 2.13.0+
# Query: IGR_2479 2649655:2649841
# Database: B._anthracis_NC_007530.2.fasta
# 0 hits found
# BLASTN 2.13.0+
# Query: IGR_2487 2657256:2657316
# Database: B._anthracis_NC_007530.2.fasta
# 0 hits found
# BLASTN 2.13.0+
# Query: IGR_2491 2660732:2661101
# Database: B._anthracis_NC_007530.2.fasta
# 0 hits found
# BLASTN 2.13.0+
# Query: IGR_2505 2678565:2678798
# Database: B._anthracis_NC_007530.2.fasta
# 0 hits found
# BLASTN 2.13.0+
# Query: IGR_2522 2695097:2695172
# Database: B._anthracis_NC_007530.2.fasta
# 0 hits found
# BLASTN 2.13.0+
# Query: IGR_2528 2699243:2699509
# Database: B._anthracis_NC_007530.2.fasta
# 0 hits found
# BLASTN 2.13.0+
# Query: IGR_2534 2705130:2705397
# Database: B._anthracis_NC_007530.2.fasta
# 0 hits found
# BLASTN 2.13.0+
# Query: IGR_2539 2710787:2710847
# Database: B._anthracis_NC_007530.2.fasta
# 0 hits found
# BLASTN 2.13.0+
# Query: IGR_2546 2714805:2714932
# Database: B._anthracis_NC_007530.2.fasta
# 0 hits found
# BLASTN 2.13.0+
# Query: IGR_2553 2720263:2720525
# Database: B._anthracis_NC_007530.2.fasta
# 0 hits found
# BLASTN 2.13.0+
# Query: IGR_2559 2725503:2725836
# Database: B._anthracis_NC_007530.2.fasta
# 0 hits found
# BLASTN 2.13.0+
# Query: IGR_2570 2736536:2736914
# Database: B._anthracis_NC_007530.2.fasta
# 0 hits found
# BLASTN 2.13.0+
# Query: IGR_2571 2737958:2738307
# Database: B._anthracis_NC_007530.2.fasta
# 0 hits found
# BLASTN 2.13.0+
# Query: IGR_2578 2742774:2742908
# Database: B._anthracis_NC_007530.2.fasta
# 0 hits found
# BLASTN 2.13.0+
# Query: IGR_2582 2747711:2747983
# Database: B._anthracis_NC_007530.2.fasta
# 0 hits found
# BLASTN 2.13.0+
# Query: IGR_2587 2751651:2751922
# Database: B._anthracis_NC_007530.2.fasta
# 0 hits found
# BLASTN 2.13.0+
# Query: IGR_2596 2756181:2756311
# Database: B._anthracis_NC_007530.2.fasta
# 0 hits found
# BLASTN 2.13.0+
# Query: IGR_2603 2765832:2766378
# Database: B._anthracis_NC_007530.2.fasta
# 0 hits found
# BLASTN 2.13.0+
# Query: IGR_2610 2773646:2773782
# Database: B._anthracis_NC_007530.2.fasta
# 0 hits found
# BLASTN 2.13.0+
# Query: IGR_2621 2784918:2785000
# Database: B._anthracis_NC_007530.2.fasta
# 0 hits found
# BLASTN 2.13.0+
# Query: IGR_2629 2791967:2792217
# Database: B._anthracis_NC_007530.2.fasta
# 0 hits found
# BLASTN 2.13.0+
# Query: IGR_2652 2812133:2812335
# Database: B._anthracis_NC_007530.2.fasta
# 0 hits found
# BLASTN 2.13.0+
# Query: IGR_2659 2818361:2818493
# Database: B._anthracis_NC_007530.2.fasta
# 0 hits found
# BLASTN 2.13.0+
# Query: IGR_2668 2829448:2829563
# Database: B._anthracis_NC_007530.2.fasta
# 0 hits found
# BLASTN 2.13.0+
# Query: IGR_2678 2838776:2838846
# Database: B._anthracis_NC_007530.2.fasta
# 0 hits found
# BLASTN 2.13.0+
# Query: IGR_2687 2845838:2845954
# Database: B._anthracis_NC_007530.2.fasta
# 0 hits found
# BLASTN 2.13.0+
# Query: IGR_2701 2859264:2859316
# Database: B._anthracis_NC_007530.2.fasta
# 0 hits found
# BLASTN 2.13.0+
# Query: IGR_2710 2869588:2869753
# Database: B._anthracis_NC_007530.2.fasta
# 0 hits found
# BLASTN 2.13.0+
# Query: IGR_2729 2897340:2897787
# Database: B._anthracis_NC_007530.2.fasta
# 0 hits found
# BLASTN 2.13.0+
# Query: IGR_2736 2901891:2902001
# Database: B._anthracis_NC_007530.2.fasta
# 0 hits found
# BLASTN 2.13.0+
# Query: IGR_2748 2912888:2913023
# Database: B._anthracis_NC_007530.2.fasta
# 0 hits found
# BLASTN 2.13.0+
# Query: IGR_2765 2930760:2930826
# Database: B._anthracis_NC_007530.2.fasta
# 0 hits found
# BLASTN 2.13.0+
# Query: IGR_2770 2936209:2936268
# Database: B._anthracis_NC_007530.2.fasta
# 0 hits found
# BLASTN 2.13.0+
# Query: IGR_2786 2953550:2953794
# Database: B._anthracis_NC_007530.2.fasta
# 0 hits found
# BLASTN 2.13.0+
# Query: IGR_2799 2966793:2967031
# Database: B._anthracis_NC_007530.2.fasta
# Fields: query acc.ver, subject acc.ver, % identity, alignment length, mismatches, gap opens, q. start, q. end, s. start, s. end, evalue, bit score
# 1 hits found
IGR_2799	NC_007530.2	97.826	46	1	0	62	107	4388784	4388829	6.52e-16	80.5
# BLASTN 2.13.0+
# Query: IGR_2812 2983067:2983163
# Database: B._anthracis_NC_007530.2.fasta
# 0 hits found
# BLASTN 2.13.0+
# Query: IGR_2822 2996849:2996979
# Database: B._anthracis_NC_007530.2.fasta
# 0 hits found
# BLASTN 2.13.0+
# Query: IGR_2836 3011428:3011554
# Database: B._anthracis_NC_007530.2.fasta
# 0 hits found
# BLASTN 2.13.0+
# Query: IGR_2848 3025266:3025444
# Database: B._anthracis_NC_007530.2.fasta
# 0 hits found
# BLASTN 2.13.0+
# Query: IGR_2854 3033040:3033166
# Database: B._anthracis_NC_007530.2.fasta
# 0 hits found
# BLASTN 2.13.0+
# Query: IGR_2865 3045169:3045444
# Database: B._anthracis_NC_007530.2.fasta
# 0 hits found
# BLASTN 2.13.0+
# Query: IGR_2876 3055192:3055246
# Database: B._anthracis_NC_007530.2.fasta
# 0 hits found
# BLASTN 2.13.0+
# Query: IGR_2883 3061288:3061650
# Database: B._anthracis_NC_007530.2.fasta
# Fields: query acc.ver, subject acc.ver, % identity, alignment length, mismatches, gap opens, q. start, q. end, s. start, s. end, evalue, bit score
# 1 hits found
IGR_2883	NC_007530.2	73.514	185	39	7	6	185	4496634	4496813	3.70e-10	62.1
# BLASTN 2.13.0+
# Query: IGR_2893 3073462:3073530
# Database: B._anthracis_NC_007530.2.fasta
# 0 hits found
# BLASTN 2.13.0+
# Query: IGR_2901 3083225:3083440
# Database: B._anthracis_NC_007530.2.fasta
# 0 hits found
# BLASTN 2.13.0+
# Query: IGR_2909 3096564:3096781
# Database: B._anthracis_NC_007530.2.fasta
# 0 hits found
# BLASTN 2.13.0+
# Query: IGR_2926 3119837:3119998
# Database: B._anthracis_NC_007530.2.fasta
# 0 hits found
# BLASTN 2.13.0+
# Query: IGR_2939 3135459:3135667
# Database: B._anthracis_NC_007530.2.fasta
# 0 hits found
# BLASTN 2.13.0+
# Query: IGR_2945 3139226:3139430
# Database: B._anthracis_NC_007530.2.fasta
# 0 hits found
# BLASTN 2.13.0+
# Query: IGR_2956 3155553:3155724
# Database: B._anthracis_NC_007530.2.fasta
# 0 hits found
# BLASTN 2.13.0+
# Query: IGR_2994 3182539:3182706
# Database: B._anthracis_NC_007530.2.fasta
# 0 hits found
# BLASTN 2.13.0+
# Query: IGR_3007 3194348:3194454
# Database: B._anthracis_NC_007530.2.fasta
# 0 hits found
# BLASTN 2.13.0+
# Query: IGR_3017 3206055:3206168
# Database: B._anthracis_NC_007530.2.fasta
# 0 hits found
# BLASTN 2.13.0+
# Query: IGR_3022 3213596:3213853
# Database: B._anthracis_NC_007530.2.fasta
# 0 hits found
# BLASTN 2.13.0+
# Query: IGR_3036 3227433:3227580
# Database: B._anthracis_NC_007530.2.fasta
# 0 hits found
# BLASTN 2.13.0+
# Query: IGR_3046 3236979:3237156
# Database: B._anthracis_NC_007530.2.fasta
# 0 hits found
# BLASTN 2.13.0+
# Query: IGR_3059 3257232:3257453
# Database: B._anthracis_NC_007530.2.fasta
# 0 hits found
# BLASTN 2.13.0+
# Query: IGR_3067 3263720:3263834
# Database: B._anthracis_NC_007530.2.fasta
# 0 hits found
# BLASTN 2.13.0+
# Query: IGR_3073 3274401:3274461
# Database: B._anthracis_NC_007530.2.fasta
# 0 hits found
# BLASTN 2.13.0+
# Query: IGR_3088 3294872:3294941
# Database: B._anthracis_NC_007530.2.fasta
# 0 hits found
# BLASTN 2.13.0+
# Query: IGR_3094 3299861:3300033
# Database: B._anthracis_NC_007530.2.fasta
# 0 hits found
# BLASTN 2.13.0+
# Query: IGR_3104 3308604:3308866
# Database: B._anthracis_NC_007530.2.fasta
# 0 hits found
# BLASTN 2.13.0+
# Query: IGR_3110 3317349:3317501
# Database: B._anthracis_NC_007530.2.fasta
# 0 hits found
# BLASTN 2.13.0+
# Query: IGR_3119 3323605:3323669
# Database: B._anthracis_NC_007530.2.fasta
# 0 hits found
# BLASTN 2.13.0+
# Query: IGR_3131 3340937:3341165
# Database: B._anthracis_NC_007530.2.fasta
# 0 hits found
# BLASTN 2.13.0+
# Query: IGR_3140 3349703:3349760
# Database: B._anthracis_NC_007530.2.fasta
# 0 hits found
# BLASTN 2.13.0+
# Query: IGR_3145 3354487:3354550
# Database: B._anthracis_NC_007530.2.fasta
# 0 hits found
# BLASTN 2.13.0+
# Query: IGR_3156 3364962:3365068
# Database: B._anthracis_NC_007530.2.fasta
# 0 hits found
# BLASTN 2.13.0+
# Query: IGR_3163 3372394:3372568
# Database: B._anthracis_NC_007530.2.fasta
# 0 hits found
# BLASTN 2.13.0+
# Query: IGR_3174 3379939:3380156
# Database: B._anthracis_NC_007530.2.fasta
# 0 hits found
# BLASTN 2.13.0+
# Query: IGR_3183 3390412:3390478
# Database: B._anthracis_NC_007530.2.fasta
# 0 hits found
# BLASTN 2.13.0+
# Query: IGR_3193 3404676:3404834
# Database: B._anthracis_NC_007530.2.fasta
# 0 hits found
# BLASTN 2.13.0+
# Query: IGR_3200 3411623:3411683
# Database: B._anthracis_NC_007530.2.fasta
# 0 hits found
# BLASTN 2.13.0+
# Query: IGR_3209 3422254:3422353
# Database: B._anthracis_NC_007530.2.fasta
# 0 hits found
# BLASTN 2.13.0+
# Query: IGR_3225 3444201:3444328
# Database: B._anthracis_NC_007530.2.fasta
# 0 hits found
# BLASTN 2.13.0+
# Query: IGR_3231 3451071:3451247
# Database: B._anthracis_NC_007530.2.fasta
# 0 hits found
# BLASTN 2.13.0+
# Query: IGR_3239 3457523:3457614
# Database: B._anthracis_NC_007530.2.fasta
# 0 hits found
# BLASTN 2.13.0+
# Query: IGR_3258 3475923:3476042
# Database: B._anthracis_NC_007530.2.fasta
# 0 hits found
# BLASTN 2.13.0+
# Query: IGR_3271 3491557:3491654
# Database: B._anthracis_NC_007530.2.fasta
# 0 hits found
# BLASTN 2.13.0+
# Query: IGR_3281 3502940:3503019
# Database: B._anthracis_NC_007530.2.fasta
# 0 hits found
# BLASTN 2.13.0+
# Query: IGR_3297 3529855:3530100
# Database: B._anthracis_NC_007530.2.fasta
# 0 hits found
# BLASTN 2.13.0+
# Query: IGR_3307 3539057:3539164
# Database: B._anthracis_NC_007530.2.fasta
# 0 hits found
# BLASTN 2.13.0+
# Query: IGR_3318 3555806:3555901
# Database: B._anthracis_NC_007530.2.fasta
# 0 hits found
# BLASTN 2.13.0+
# Query: IGR_3326 3566275:3566357
# Database: B._anthracis_NC_007530.2.fasta
# 0 hits found
# BLASTN 2.13.0+
# Query: IGR_3343 3589360:3589610
# Database: B._anthracis_NC_007530.2.fasta
# 0 hits found
# BLASTN 2.13.0+
# Query: IGR_3355 3604567:3604992
# Database: B._anthracis_NC_007530.2.fasta
# 0 hits found
# BLASTN 2.13.0+
# Query: IGR_3370 3621539:3621617
# Database: B._anthracis_NC_007530.2.fasta
# 0 hits found
# BLASTN 2.13.0+
# Query: IGR_3383 3635901:3636045
# Database: B._anthracis_NC_007530.2.fasta
# 0 hits found
# BLASTN 2.13.0+
# Query: IGR_3394 3645296:3645378
# Database: B._anthracis_NC_007530.2.fasta
# 0 hits found
# BLASTN 2.13.0+
# Query: IGR_3402 3655524:3655585
# Database: B._anthracis_NC_007530.2.fasta
# 0 hits found
# BLASTN 2.13.0+
# Query: IGR_3410 3666507:3666840
# Database: B._anthracis_NC_007530.2.fasta
# 0 hits found
# BLASTN 2.13.0+
# Query: IGR_3419 3680970:3681369
# Database: B._anthracis_NC_007530.2.fasta
# 0 hits found
# BLASTN 2.13.0+
# Query: IGR_3434 3700627:3701410
# Database: B._anthracis_NC_007530.2.fasta
# 0 hits found
# BLASTN 2.13.0+
# Query: IGR_3444 3711340:3711497
# Database: B._anthracis_NC_007530.2.fasta
# 0 hits found
# BLASTN 2.13.0+
# Query: IGR_3448 3715881:3716008
# Database: B._anthracis_NC_007530.2.fasta
# 0 hits found
# BLASTN 2.13.0+
# Query: IGR_3456 3723331:3723453
# Database: B._anthracis_NC_007530.2.fasta
# 0 hits found
# BLASTN 2.13.0+
# Query: IGR_3468 3738217:3738342
# Database: B._anthracis_NC_007530.2.fasta
# 0 hits found
# BLASTN 2.13.0+
# Query: IGR_3477 3744157:3744348
# Database: B._anthracis_NC_007530.2.fasta
# 0 hits found
# BLASTN 2.13.0+
# Query: IGR_3488 3755860:3755966
# Database: B._anthracis_NC_007530.2.fasta
# 0 hits found
# BLASTN 2.13.0+
# Query: IGR_3496 3762421:3762663
# Database: B._anthracis_NC_007530.2.fasta
# 0 hits found
# BLASTN 2.13.0+
# Query: IGR_3504 3769808:3770103
# Database: B._anthracis_NC_007530.2.fasta
# 0 hits found
# BLASTN 2.13.0+
# Query: IGR_3512 3775522:3775652
# Database: B._anthracis_NC_007530.2.fasta
# 0 hits found
# BLASTN 2.13.0+
# Query: IGR_3530 3791648:3791804
# Database: B._anthracis_NC_007530.2.fasta
# 0 hits found
# BLASTN 2.13.0+
# Query: IGR_3534 3794609:3794675
# Database: B._anthracis_NC_007530.2.fasta
# 0 hits found
# BLASTN 2.13.0+
# Query: IGR_3540 3798667:3798788
# Database: B._anthracis_NC_007530.2.fasta
# 0 hits found
# BLASTN 2.13.0+
# Query: IGR_3552 3809924:3810089
# Database: B._anthracis_NC_007530.2.fasta
# 0 hits found
# BLASTN 2.13.0+
# Query: IGR_3561 3821481:3821569
# Database: B._anthracis_NC_007530.2.fasta
# 0 hits found
# BLASTN 2.13.0+
# Query: IGR_3567 3832228:3832326
# Database: B._anthracis_NC_007530.2.fasta
# 0 hits found
# BLASTN 2.13.0+
# Query: IGR_3582 3853377:3853485
# Database: B._anthracis_NC_007530.2.fasta
# 0 hits found
# BLASTN 2.13.0+
# Query: IGR_3588 3856937:3857016
# Database: B._anthracis_NC_007530.2.fasta
# 0 hits found
# BLASTN 2.13.0+
# Query: IGR_3597 3866326:3866595
# Database: B._anthracis_NC_007530.2.fasta
# 0 hits found
# BLASTN 2.13.0+
# Query: IGR_3608 3882655:3882978
# Database: B._anthracis_NC_007530.2.fasta
# 0 hits found
# BLASTN 2.13.0+
# Query: IGR_3622 3899182:3899271
# Database: B._anthracis_NC_007530.2.fasta
# 0 hits found
# BLASTN 2.13.0+
# Query: IGR_3630 3907314:3907843
# Database: B._anthracis_NC_007530.2.fasta
# 0 hits found
# BLASTN 2.13.0+
# Query: IGR_3642 3921810:3921890
# Database: B._anthracis_NC_007530.2.fasta
# 0 hits found
# BLASTN 2.13.0+
# Query: IGR_3655 3937014:3937134
# Database: B._anthracis_NC_007530.2.fasta
# 0 hits found
# BLASTN 2.13.0+
# Query: IGR_3662 3945420:3945529
# Database: B._anthracis_NC_007530.2.fasta
# 0 hits found
# BLASTN 2.13.0+
# Query: IGR_3670 3951958:3952107
# Database: B._anthracis_NC_007530.2.fasta
# 0 hits found
# BLASTN 2.13.0+
# Query: IGR_3681 3964868:3964996
# Database: B._anthracis_NC_007530.2.fasta
# 0 hits found
# BLASTN 2.13.0+
# Query: IGR_3689 3982915:3982972
# Database: B._anthracis_NC_007530.2.fasta
# 0 hits found
# BLASTN 2.13.0+
# Query: IGR_3698 3990967:3991081
# Database: B._anthracis_NC_007530.2.fasta
# 0 hits found
# BLASTN 2.13.0+
# Query: IGR_3705 3997709:3997774
# Database: B._anthracis_NC_007530.2.fasta
# 0 hits found
# BLASTN 2.13.0+
# Query: IGR_3719 4010203:4010403
# Database: B._anthracis_NC_007530.2.fasta
# 0 hits found
# BLASTN 2.13.0+
# Query: IGR_3726 4018656:4018785
# Database: B._anthracis_NC_007530.2.fasta
# 0 hits found
# BLASTN 2.13.0+
# Query: IGR_3737 4030548:4030709
# Database: B._anthracis_NC_007530.2.fasta
# 0 hits found
# BLASTN 2.13.0+
# Query: IGR_3746 4040875:4041008
# Database: B._anthracis_NC_007530.2.fasta
# 0 hits found
# BLASTN 2.13.0+
# Query: IGR_3754 4052273:4052378
# Database: B._anthracis_NC_007530.2.fasta
# 0 hits found
# BLASTN 2.13.0+
# Query: IGR_3763 4062143:4062328
# Database: B._anthracis_NC_007530.2.fasta
# 0 hits found
# BLASTN 2.13.0+
# Query: IGR_3784 4085554:4085607
# Database: B._anthracis_NC_007530.2.fasta
# 0 hits found
# BLASTN 2.13.0+
# Query: IGR_3792 4093837:4093979
# Database: B._anthracis_NC_007530.2.fasta
# 0 hits found
# BLASTN 2.13.0+
# Query: IGR_3801 4104187:4104443
# Database: B._anthracis_NC_007530.2.fasta
# 0 hits found
# BLASTN 2.13.0+
# Query: IGR_3807 4109616:4109842
# Database: B._anthracis_NC_007530.2.fasta
# 0 hits found
# BLASTN 2.13.0+
# Query: IGR_3821 4125592:4125741
# Database: B._anthracis_NC_007530.2.fasta
# 0 hits found
# BLASTN 2.13.0+
# Query: IGR_3826 4134915:4134995
# Database: B._anthracis_NC_007530.2.fasta
# 0 hits found
# BLASTN 2.13.0+
# Query: IGR_3834 4140149:4140259
# Database: B._anthracis_NC_007530.2.fasta
# 0 hits found
# BLASTN 2.13.0+
# Query: IGR_3840 4147302:4147418
# Database: B._anthracis_NC_007530.2.fasta
# 0 hits found
# BLASTN 2.13.0+
# Query: IGR_3851 4157350:4157470
# Database: B._anthracis_NC_007530.2.fasta
# 0 hits found
# BLASTN 2.13.0+
# Query: IGR_3859 4166588:4166814
# Database: B._anthracis_NC_007530.2.fasta
# 0 hits found
# BLASTN 2.13.0+
# Query: IGR_3868 4171986:4172258
# Database: B._anthracis_NC_007530.2.fasta
# 0 hits found
# BLASTN 2.13.0+
# Query: cutIGR_4176525 4176802
# Database: B._anthracis_NC_007530.2.fasta
# 0 hits found
# BLASTN 2.13.0+
# Query: IGR_3875 4180377:4180563
# Database: B._anthracis_NC_007530.2.fasta
# 0 hits found
# BLASTN 2.13.0+
# Query: IGR_3881 4185065:4185159
# Database: B._anthracis_NC_007530.2.fasta
# 0 hits found
# BLASTN 2.13.0+
# Query: IGR_3888 4191126:4191197
# Database: B._anthracis_NC_007530.2.fasta
# 0 hits found
# BLASTN 2.13.0+
# Query: IGR_3898 4200943:4201069
# Database: B._anthracis_NC_007530.2.fasta
# 0 hits found
# BLASTN 2.13.0+
# Query: IGR_3905 4208748:4208869
# Database: B._anthracis_NC_007530.2.fasta
# 0 hits found
# BLASTN 2.13.0+
# Query: cutIGR_6842 6993
# Database: B._anthracis_NC_007530.2.fasta
# 0 hits found
# BLASTN 2.13.0+
# Query: cutIGR_22212 22291
# Database: B._anthracis_NC_007530.2.fasta
# 0 hits found
# BLASTN 2.13.0+
# Query: cutIGR_35153 35236
# Database: B._anthracis_NC_007530.2.fasta
# 0 hits found
# BLASTN 2.13.0+
# Query: cutIGR_53064 53182
# Database: B._anthracis_NC_007530.2.fasta
# 0 hits found
# BLASTN 2.13.0+
# Query: cutIGR_64710 64816
# Database: B._anthracis_NC_007530.2.fasta
# 0 hits found
# BLASTN 2.13.0+
# Query: cutIGR_112498 112674
# Database: B._anthracis_NC_007530.2.fasta
# 0 hits found
# BLASTN 2.13.0+
# Query: cutIGR_129228 129339
# Database: B._anthracis_NC_007530.2.fasta
# 0 hits found
# BLASTN 2.13.0+
# Query: cutIGR_178574 178664
# Database: B._anthracis_NC_007530.2.fasta
# 0 hits found
# BLASTN 2.13.0+
# Query: cutIGR_204890 205229
# Database: B._anthracis_NC_007530.2.fasta
# Fields: query acc.ver, subject acc.ver, % identity, alignment length, mismatches, gap opens, q. start, q. end, s. start, s. end, evalue, bit score
# 1 hits found
cutIGR_204890	NC_007530.2	86.667	45	6	0	295	339	2932128	2932084	7.49e-07	51.0
# BLASTN 2.13.0+
# Query: cutIGR_226289 226565
# Database: B._anthracis_NC_007530.2.fasta
# Fields: query acc.ver, subject acc.ver, % identity, alignment length, mismatches, gap opens, q. start, q. end, s. start, s. end, evalue, bit score
# 1 hits found
cutIGR_226289	NC_007530.2	83.673	49	6	2	17	64	3778515	3778468	2.79e-05	45.4
# BLASTN 2.13.0+
# Query: cutIGR_246542 246657
# Database: B._anthracis_NC_007530.2.fasta
# 0 hits found
# BLASTN 2.13.0+
# Query: cutIGR_267711 267889
# Database: B._anthracis_NC_007530.2.fasta
# 0 hits found
# BLASTN 2.13.0+
# Query: cutIGR_305602 305657
# Database: B._anthracis_NC_007530.2.fasta
# 0 hits found
# BLASTN 2.13.0+
# Query: cutIGR_347088 347149
# Database: B._anthracis_NC_007530.2.fasta
# 0 hits found
# BLASTN 2.13.0+
# Query: cutIGR_403160 403216
# Database: B._anthracis_NC_007530.2.fasta
# 0 hits found
# BLASTN 2.13.0+
# Query: cutIGR_438352 438466
# Database: B._anthracis_NC_007530.2.fasta
# 0 hits found
# BLASTN 2.13.0+
# Query: cutIGR_463120 463244
# Database: B._anthracis_NC_007530.2.fasta
# 0 hits found
# BLASTN 2.13.0+
# Query: cutIGR_478792 478943
# Database: B._anthracis_NC_007530.2.fasta
# 0 hits found
# BLASTN 2.13.0+
# Query: cutIGR_494955 495008
# Database: B._anthracis_NC_007530.2.fasta
# 0 hits found
# BLASTN 2.13.0+
# Query: cutIGR_517308 517371
# Database: B._anthracis_NC_007530.2.fasta
# 0 hits found
# BLASTN 2.13.0+
# Query: cutIGR_557509 557872
# Database: B._anthracis_NC_007530.2.fasta
# 0 hits found
# BLASTN 2.13.0+
# Query: cutIGR_568202 568344
# Database: B._anthracis_NC_007530.2.fasta
# 0 hits found
# BLASTN 2.13.0+
# Query: cutIGR_581454 581507
# Database: B._anthracis_NC_007530.2.fasta
# Fields: query acc.ver, subject acc.ver, % identity, alignment length, mismatches, gap opens, q. start, q. end, s. start, s. end, evalue, bit score
# 1 hits found
cutIGR_581454	NC_007530.2	82.000	50	9	0	1	50	2943071	2943022	1.34e-05	43.6
# BLASTN 2.13.0+
# Query: cutIGR_604576 604632
# Database: B._anthracis_NC_007530.2.fasta
# 0 hits found
# BLASTN 2.13.0+
# Query: cutIGR_644333 644474
# Database: B._anthracis_NC_007530.2.fasta
# 0 hits found
# BLASTN 2.13.0+
# Query: cutIGR_671118 671244
# Database: B._anthracis_NC_007530.2.fasta
# 0 hits found
# BLASTN 2.13.0+
# Query: cutIGR_696039 696194
# Database: B._anthracis_NC_007530.2.fasta
# 0 hits found
# BLASTN 2.13.0+
# Query: cutIGR_736338 736435
# Database: B._anthracis_NC_007530.2.fasta
# 0 hits found
# BLASTN 2.13.0+
# Query: cutIGR_798294 798468
# Database: B._anthracis_NC_007530.2.fasta
# 0 hits found
# BLASTN 2.13.0+
# Query: cutIGR_813871 814108
# Database: B._anthracis_NC_007530.2.fasta
# 0 hits found
# BLASTN 2.13.0+
# Query: cutIGR_836568 836652
# Database: B._anthracis_NC_007530.2.fasta
# 0 hits found
# BLASTN 2.13.0+
# Query: cutIGR_871248 871313
# Database: B._anthracis_NC_007530.2.fasta
# 0 hits found
# BLASTN 2.13.0+
# Query: cutIGR_877512 877598
# Database: B._anthracis_NC_007530.2.fasta
# 0 hits found
# BLASTN 2.13.0+
# Query: cutIGR_903743 903810
# Database: B._anthracis_NC_007530.2.fasta
# 0 hits found
# BLASTN 2.13.0+
# Query: cutIGR_930639 930817
# Database: B._anthracis_NC_007530.2.fasta
# 0 hits found
# BLASTN 2.13.0+
# Query: cutIGR_960986 961269
# Database: B._anthracis_NC_007530.2.fasta
# 0 hits found
# BLASTN 2.13.0+
# Query: cutIGR_989643 989711
# Database: B._anthracis_NC_007530.2.fasta
# 0 hits found
# BLASTN 2.13.0+
# Query: cutIGR_1008578 1008667
# Database: B._anthracis_NC_007530.2.fasta
# 0 hits found
# BLASTN 2.13.0+
# Query: cutIGR_1038843 1038908
# Database: B._anthracis_NC_007530.2.fasta
# 0 hits found
# BLASTN 2.13.0+
# Query: cutIGR_1064792 1064845
# Database: B._anthracis_NC_007530.2.fasta
# 0 hits found
# BLASTN 2.13.0+
# Query: cutIGR_1076368 1076484
# Database: B._anthracis_NC_007530.2.fasta
# 0 hits found
# BLASTN 2.13.0+
# Query: cutIGR_1107576 1107732
# Database: B._anthracis_NC_007530.2.fasta
# 0 hits found
# BLASTN 2.13.0+
# Query: cutIGR_1153682 1153788
# Database: B._anthracis_NC_007530.2.fasta
# 0 hits found
# BLASTN 2.13.0+
# Query: cutIGR_1225499 1225556
# Database: B._anthracis_NC_007530.2.fasta
# 0 hits found
# BLASTN 2.13.0+
# Query: cutIGR_1272621 1272724
# Database: B._anthracis_NC_007530.2.fasta
# 0 hits found
# BLASTN 2.13.0+
# Query: cutIGR_1300334 1300449
# Database: B._anthracis_NC_007530.2.fasta
# 0 hits found
# BLASTN 2.13.0+
# Query: cutIGR_1351099 1351321
# Database: B._anthracis_NC_007530.2.fasta
# 0 hits found
# BLASTN 2.13.0+
# Query: cutIGR_1380921 1380977
# Database: B._anthracis_NC_007530.2.fasta
# 0 hits found
# BLASTN 2.13.0+
# Query: cutIGR_1411680 1411891
# Database: B._anthracis_NC_007530.2.fasta
# 0 hits found
# BLASTN 2.13.0+
# Query: cutIGR_1435245 1435574
# Database: B._anthracis_NC_007530.2.fasta
# 0 hits found
# BLASTN 2.13.0+
# Query: cutIGR_1448251 1448505
# Database: B._anthracis_NC_007530.2.fasta
# 0 hits found
# BLASTN 2.13.0+
# Query: cutIGR_1473038 1473148
# Database: B._anthracis_NC_007530.2.fasta
# 0 hits found
# BLASTN 2.13.0+
# Query: cutIGR_1486968 1487037
# Database: B._anthracis_NC_007530.2.fasta
# 0 hits found
# BLASTN 2.13.0+
# Query: cutIGR_1518205 1518332
# Database: B._anthracis_NC_007530.2.fasta
# 0 hits found
# BLASTN 2.13.0+
# Query: cutIGR_1545547 1545739
# Database: B._anthracis_NC_007530.2.fasta
# 0 hits found
# BLASTN 2.13.0+
# Query: cutIGR_1560325 1560465
# Database: B._anthracis_NC_007530.2.fasta
# 0 hits found
# BLASTN 2.13.0+
# Query: cutIGR_1584148 1584213
# Database: B._anthracis_NC_007530.2.fasta
# 0 hits found
# BLASTN 2.13.0+
# Query: cutIGR_1630054 1630114
# Database: B._anthracis_NC_007530.2.fasta
# 0 hits found
# BLASTN 2.13.0+
# Query: cutIGR_1674184 1674258
# Database: B._anthracis_NC_007530.2.fasta
# 0 hits found
# BLASTN 2.13.0+
# Query: cutIGR_1739260 1739382
# Database: B._anthracis_NC_007530.2.fasta
# 0 hits found
# BLASTN 2.13.0+
# Query: cutIGR_1755558 1755648
# Database: B._anthracis_NC_007530.2.fasta
# 0 hits found
# BLASTN 2.13.0+
# Query: cutIGR_1772737 1772842
# Database: B._anthracis_NC_007530.2.fasta
# 0 hits found
# BLASTN 2.13.0+
# Query: cutIGR_1867672 1867789
# Database: B._anthracis_NC_007530.2.fasta
# 0 hits found
# BLASTN 2.13.0+
# Query: cutIGR_1919739 1919860
# Database: B._anthracis_NC_007530.2.fasta
# 0 hits found
# BLASTN 2.13.0+
# Query: cutIGR_1940379 1940624
# Database: B._anthracis_NC_007530.2.fasta
# 0 hits found
# BLASTN 2.13.0+
# Query: cutIGR_2018254 2018503
# Database: B._anthracis_NC_007530.2.fasta
# 0 hits found
# BLASTN 2.13.0+
# Query: cutIGR_2037525 2037600
# Database: B._anthracis_NC_007530.2.fasta
# 0 hits found
# BLASTN 2.13.0+
# Query: cutIGR_2054124 2054371
# Database: B._anthracis_NC_007530.2.fasta
# 0 hits found
# BLASTN 2.13.0+
# Query: cutIGR_2069561 2069708
# Database: B._anthracis_NC_007530.2.fasta
# 0 hits found
# BLASTN 2.13.0+
# Query: cutIGR_2092347 2092831
# Database: B._anthracis_NC_007530.2.fasta
# 0 hits found
# BLASTN 2.13.0+
# Query: cutIGR_2111608 2111795
# Database: B._anthracis_NC_007530.2.fasta
# 0 hits found
# BLASTN 2.13.0+
# Query: cutIGR_2204045 2204131
# Database: B._anthracis_NC_007530.2.fasta
# 0 hits found
# BLASTN 2.13.0+
# Query: cutIGR_2225285 2225336
# Database: B._anthracis_NC_007530.2.fasta
# 0 hits found
# BLASTN 2.13.0+
# Query: cutIGR_2227100 2227169
# Database: B._anthracis_NC_007530.2.fasta
# 0 hits found
# BLASTN 2.13.0+
# Query: cutIGR_2273519 2273593
# Database: B._anthracis_NC_007530.2.fasta
# 0 hits found
# BLASTN 2.13.0+
# Query: cutIGR_2299146 2299367
# Database: B._anthracis_NC_007530.2.fasta
# 0 hits found
# BLASTN 2.13.0+
# Query: cutIGR_2336830 2336890
# Database: B._anthracis_NC_007530.2.fasta
# 0 hits found
# BLASTN 2.13.0+
# Query: cutIGR_2367618 2367924
# Database: B._anthracis_NC_007530.2.fasta
# 0 hits found
# BLASTN 2.13.0+
# Query: cutIGR_2385355 2385441
# Database: B._anthracis_NC_007530.2.fasta
# 0 hits found
# BLASTN 2.13.0+
# Query: cutIGR_2388997 2389150
# Database: B._anthracis_NC_007530.2.fasta
# 0 hits found
# BLASTN 2.13.0+
# Query: cutIGR_2400864 2400929
# Database: B._anthracis_NC_007530.2.fasta
# 0 hits found
# BLASTN 2.13.0+
# Query: cutIGR_2431617 2431691
# Database: B._anthracis_NC_007530.2.fasta
# 0 hits found
# BLASTN 2.13.0+
# Query: cutIGR_2446263 2446349
# Database: B._anthracis_NC_007530.2.fasta
# 0 hits found
# BLASTN 2.13.0+
# Query: cutIGR_2476907 2476968
# Database: B._anthracis_NC_007530.2.fasta
# 0 hits found
# BLASTN 2.13.0+
# Query: cutIGR_2517614 2517936
# Database: B._anthracis_NC_007530.2.fasta
# 0 hits found
# BLASTN 2.13.0+
# Query: cutIGR_2532197 2532304
# Database: B._anthracis_NC_007530.2.fasta
# 0 hits found
# BLASTN 2.13.0+
# Query: cutIGR_2587670 2587882
# Database: B._anthracis_NC_007530.2.fasta
# 0 hits found
# BLASTN 2.13.0+
# Query: cutIGR_2605597 2605665
# Database: B._anthracis_NC_007530.2.fasta
# 0 hits found
# BLASTN 2.13.0+
# Query: cutIGR_2713802 2713903
# Database: B._anthracis_NC_007530.2.fasta
# 0 hits found
# BLASTN 2.13.0+
# Query: cutIGR_2740289 2740516
# Database: B._anthracis_NC_007530.2.fasta
# 0 hits found
# BLASTN 2.13.0+
# Query: cutIGR_2779072 2779127
# Database: B._anthracis_NC_007530.2.fasta
# 0 hits found
# BLASTN 2.13.0+
# Query: cutIGR_2796969 2797034
# Database: B._anthracis_NC_007530.2.fasta
# 0 hits found
# BLASTN 2.13.0+
# Query: cutIGR_2843828 2843881
# Database: B._anthracis_NC_007530.2.fasta
# 0 hits found
# BLASTN 2.13.0+
# Query: cutIGR_2872749 2872830
# Database: B._anthracis_NC_007530.2.fasta
# 0 hits found
# BLASTN 2.13.0+
# Query: cutIGR_2896972 2897026
# Database: B._anthracis_NC_007530.2.fasta
# 0 hits found
# BLASTN 2.13.0+
# Query: cutIGR_2910011 2910791
# Database: B._anthracis_NC_007530.2.fasta
# Fields: query acc.ver, subject acc.ver, % identity, alignment length, mismatches, gap opens, q. start, q. end, s. start, s. end, evalue, bit score
# 1 hits found
cutIGR_2910011	NC_007530.2	76.410	195	38	7	431	621	1696265	1696455	6.28e-21	99.0
# BLASTN 2.13.0+
# Query: cutIGR_2955649 2955749
# Database: B._anthracis_NC_007530.2.fasta
# 0 hits found
# BLASTN 2.13.0+
# Query: cutIGR_2975824 2975933
# Database: B._anthracis_NC_007530.2.fasta
# 0 hits found
# BLASTN 2.13.0+
# Query: cutIGR_2987547 2987678
# Database: B._anthracis_NC_007530.2.fasta
# 0 hits found
# BLASTN 2.13.0+
# Query: cutIGR_3048015 3048128
# Database: B._anthracis_NC_007530.2.fasta
# 0 hits found
# BLASTN 2.13.0+
# Query: cutIGR_3072622 3072690
# Database: B._anthracis_NC_007530.2.fasta
# 0 hits found
# BLASTN 2.13.0+
# Query: cutIGR_3108543 3108613
# Database: B._anthracis_NC_007530.2.fasta
# 0 hits found
# BLASTN 2.13.0+
# Query: cutIGR_3125641 3125718
# Database: B._anthracis_NC_007530.2.fasta
# 0 hits found
# BLASTN 2.13.0+
# Query: cutIGR_3137375 3137443
# Database: B._anthracis_NC_007530.2.fasta
# 0 hits found
# BLASTN 2.13.0+
# Query: cutIGR_3191682 3191780
# Database: B._anthracis_NC_007530.2.fasta
# 0 hits found
# BLASTN 2.13.0+
# Query: cutIGR_3230003 3230066
# Database: B._anthracis_NC_007530.2.fasta
# 0 hits found
# BLASTN 2.13.0+
# Query: cutIGR_3259266 3259346
# Database: B._anthracis_NC_007530.2.fasta
# 0 hits found
# BLASTN 2.13.0+
# Query: cutIGR_3292296 3292452
# Database: B._anthracis_NC_007530.2.fasta
# Fields: query acc.ver, subject acc.ver, % identity, alignment length, mismatches, gap opens, q. start, q. end, s. start, s. end, evalue, bit score
# 1 hits found
cutIGR_3292296	NC_007530.2	87.234	47	3	2	77	122	1073928	1073884	3.20e-07	51.0
# BLASTN 2.13.0+
# Query: cutIGR_3306894 3306958
# Database: B._anthracis_NC_007530.2.fasta
# 0 hits found
# BLASTN 2.13.0+
# Query: cutIGR_3360780 3360911
# Database: B._anthracis_NC_007530.2.fasta
# Fields: query acc.ver, subject acc.ver, % identity, alignment length, mismatches, gap opens, q. start, q. end, s. start, s. end, evalue, bit score
# 1 hits found
cutIGR_3360780	NC_007530.2	93.617	47	1	2	25	71	4736112	4736156	7.21e-13	69.4
# BLASTN 2.13.0+
# Query: cutIGR_3419471 3419572
# Database: B._anthracis_NC_007530.2.fasta
# 0 hits found
# BLASTN 2.13.0+
# Query: cutIGR_3437457 3437590
# Database: B._anthracis_NC_007530.2.fasta
# 0 hits found
# BLASTN 2.13.0+
# Query: cutIGR_3458005 3458065
# Database: B._anthracis_NC_007530.2.fasta
# 0 hits found
# BLASTN 2.13.0+
# Query: cutIGR_3483774 3484017
# Database: B._anthracis_NC_007530.2.fasta
# 0 hits found
# BLASTN 2.13.0+
# Query: cutIGR_3533288 3533371
# Database: B._anthracis_NC_007530.2.fasta
# 0 hits found
# BLASTN 2.13.0+
# Query: cutIGR_3558734 3558808
# Database: B._anthracis_NC_007530.2.fasta
# 0 hits found
# BLASTN 2.13.0+
# Query: cutIGR_3575784 3576105
# Database: B._anthracis_NC_007530.2.fasta
# 0 hits found
# BLASTN 2.13.0+
# Query: cutIGR_3614930 3615046
# Database: B._anthracis_NC_007530.2.fasta
# 0 hits found
# BLASTN 2.13.0+
# Query: cutIGR_3630835 3630955
# Database: B._anthracis_NC_007530.2.fasta
# 0 hits found
# BLASTN 2.13.0+
# Query: cutIGR_3680420 3680490
# Database: B._anthracis_NC_007530.2.fasta
# 0 hits found
# BLASTN 2.13.0+
# Query: cutIGR_3697498 3697591
# Database: B._anthracis_NC_007530.2.fasta
# 0 hits found
# BLASTN 2.13.0+
# Query: cutIGR_3739982 3740094
# Database: B._anthracis_NC_007530.2.fasta
# 0 hits found
# BLASTN 2.13.0+
# Query: cutIGR_3761769 3761858
# Database: B._anthracis_NC_007530.2.fasta
# 0 hits found
# BLASTN 2.13.0+
# Query: cutIGR_3776336 3776685
# Database: B._anthracis_NC_007530.2.fasta
# 0 hits found
# BLASTN 2.13.0+
# Query: cutIGR_3789055 3789129
# Database: B._anthracis_NC_007530.2.fasta
# 0 hits found
# BLASTN 2.13.0+
# Query: cutIGR_3807375 3807696
# Database: B._anthracis_NC_007530.2.fasta
# 0 hits found
# BLASTN 2.13.0+
# Query: cutIGR_3833514 3833589
# Database: B._anthracis_NC_007530.2.fasta
# 0 hits found
# BLASTN 2.13.0+
# Query: cutIGR_3863247 3863354
# Database: B._anthracis_NC_007530.2.fasta
# 0 hits found
# BLASTN 2.13.0+
# Query: cutIGR_3911303 3911428
# Database: B._anthracis_NC_007530.2.fasta
# 0 hits found
# BLASTN 2.13.0+
# Query: cutIGR_3941806 3942045
# Database: B._anthracis_NC_007530.2.fasta
# 0 hits found
# BLASTN 2.13.0+
# Query: cutIGR_3981159 3981226
# Database: B._anthracis_NC_007530.2.fasta
# 0 hits found
# BLASTN 2.13.0+
# Query: cutIGR_4004134 4004243
# Database: B._anthracis_NC_007530.2.fasta
# 0 hits found
# BLASTN 2.13.0+
# Query: cutIGR_4022858 4023053
# Database: B._anthracis_NC_007530.2.fasta
# 0 hits found
# BLASTN 2.13.0+
# Query: cutIGR_4071166 4071227
# Database: B._anthracis_NC_007530.2.fasta
# 0 hits found
# BLASTN 2.13.0+
# Query: cutIGR_4118539 4118949
# Database: B._anthracis_NC_007530.2.fasta
# 0 hits found
# BLASTN 2.13.0+
# Query: cutIGR_4139537 4139642
# Database: B._anthracis_NC_007530.2.fasta
# 0 hits found
# BLASTN 2.13.0+
# Query: cutIGR_4169612 4169783
# Database: B._anthracis_NC_007530.2.fasta
# 0 hits found
# BLAST processed 554 queries
