# BLASTN 2.13.0+
# Query: X60293.1/246-293 slurp/ecgetrf.pl?CH03783 DE:[Terminator cysB]+
# Database: E._albertii_NZ_CP070290.1_trans.fasta
# 0 hits found
# BLASTN 2.13.0+
# Query: ECK120010828+
# Database: E._albertii_NZ_CP070290.1_trans.fasta
# 0 hits found
# BLASTN 2.13.0+
# Query: X15237.1/1846-1870 slurp/ecgetrf.pl?CH03787 DE:[pot. stem-loop structure]+
# Database: E._albertii_NZ_CP070290.1_trans.fasta
# 0 hits found
# BLASTN 2.13.0+
# Query: ECK120029528-R+
# Database: E._albertii_NZ_CP070290.1_trans.fasta
# 0 hits found
# BLASTN 2.13.0+
# Query: ECK120029528-
# Database: E._albertii_NZ_CP070290.1_trans.fasta
# 0 hits found
# BLASTN 2.13.0+
# Query: X17333.1/1415-1439 slurp/ecgetrf.pl?CH03793 DE:[put. bidirectional transcriptional terminator]-
# Database: E._albertii_NZ_CP070290.1_trans.fasta
# 0 hits found
# BLASTN 2.13.0+
# Query: X06091.1/1417-1440 slurp/ecgetrf.pl?CH03791 DE:[pot. stem-loop structure; pot. transcription terminator]-
# Database: E._albertii_NZ_CP070290.1_trans.fasta
# 0 hits found
# BLASTN 2.13.0+
# Query: X68192.1/1637-1678 slurp/ecgetrf.pl?CH03795 DE:[terminator II]-
# Database: E._albertii_NZ_CP070290.1_trans.fasta
# 0 hits found
# BLASTN 2.13.0+
# Query: M87625.1/2270-2297 slurp/ecgetrf.pl?CH03800 DE:[termination sequence]+
# Database: E._albertii_NZ_CP070290.1_trans.fasta
# 0 hits found
# BLASTN 2.13.0+
# Query: M87049.1/68404-68432 slurp/ecgetrf.pl?CH03923 DE:[terminator-like sequence]+
# Database: E._albertii_NZ_CP070290.1_trans.fasta
# 0 hits found
# BLASTN 2.13.0+
# Query: X61919.1/257-295 slurp/ecgetrf.pl?CH03803 DE:[crp divergent RNA transcription terminator]-
# Database: E._albertii_NZ_CP070290.1_trans.fasta
# 0 hits found
# BLASTN 2.13.0+
# Query: X01653.1/3207-3232 slurp/ecgetrf.pl?CH03805 DE:[pot. stem-loop structure]+
# Database: E._albertii_NZ_CP070290.1_trans.fasta
# 0 hits found
# BLASTN 2.13.0+
# Query: X05629.1/80-111 slurp/ecgetrf.pl?CH03808 DE:[Terminator deoT]+
# Database: E._albertii_NZ_CP070290.1_trans.fasta
# Fields: query acc.ver, subject acc.ver, % identity, alignment length, mismatches, gap opens, q. start, q. end, s. start, s. end, evalue, bit score
# 1 hits found
X05629.1/80-111	NZ_CP070290.1	95.833	24	1	0	54	77	1843757	1843780	4.07e-04	39.9
# BLASTN 2.13.0+
# Query: U14003.1/312468-312496 slurp/ecgetrf.pl?CH05099+
# Database: E._albertii_NZ_CP070290.1_trans.fasta
# Fields: query acc.ver, subject acc.ver, % identity, alignment length, mismatches, gap opens, q. start, q. end, s. start, s. end, evalue, bit score
# 1 hits found
U14003.1/312468-312496	NZ_CP070290.1	95.833	24	1	0	52	75	1843757	1843780	3.93e-04	39.9
# BLASTN 2.13.0+
# Query: X00547.1/1104-1134 slurp/ecgetrf.pl?CH03811 DE:[Pot. transcription terminator]-
# Database: E._albertii_NZ_CP070290.1_trans.fasta
# 0 hits found
# BLASTN 2.13.0+
# Query: M84991.1/1269-1309 slurp/ecgetrf.pl?CH03814 DE:[Terminatorfor fatty acid biosynthesis operon]+
# Database: E._albertii_NZ_CP070290.1_trans.fasta
# 0 hits found
# BLASTN 2.13.0+
# Query: X08087.1/907-941 slurp/ecgetrf.pl?CH03816 DE:[Pot. stem-loop structure; pot. transcription terminator]+
# Database: E._albertii_NZ_CP070290.1_trans.fasta
# 0 hits found
# BLASTN 2.13.0+
# Query: ECK120048898+
# Database: E._albertii_NZ_CP070290.1_trans.fasta
# 0 hits found
# BLASTN 2.13.0+
# Query: X63666.1/1540-1567 slurp/ecgetrf.pl?CH03819 DE:[Putative termination signal]+
# Database: E._albertii_NZ_CP070290.1_trans.fasta
# 0 hits found
# BLASTN 2.13.0+
# Query: X04065.1/1578-1619 slurp/ecgetrf.pl?CH03822 DE:[Stem-loop structure; pot. transcription terminator]-
# Database: E._albertii_NZ_CP070290.1_trans.fasta
# 0 hits found
# BLASTN 2.13.0+
# Query: X06744.1/2831-2858 slurp/ecgetrf.pl?CH03831 DE:[Put. stem loop structure]-
# Database: E._albertii_NZ_CP070290.1_trans.fasta
# 0 hits found
# BLASTN 2.13.0+
# Query: X04864.1/495-528 slurp/ecgetrf.pl?CH03835 DE:[Put. transcription terminator]+
# Database: E._albertii_NZ_CP070290.1_trans.fasta
# 0 hits found
# BLASTN 2.13.0+
# Query: X67700.1/988-1010 slurp/ecgetrf.pl?CH03840 DE:[ORF1 terminator]+
# Database: E._albertii_NZ_CP070290.1_trans.fasta
# 0 hits found
# BLASTN 2.13.0+
# Query: L12044.1/1999-2037 slurp/ecgetrf.pl?CH03848 DE:[Terminator kch]-
# Database: E._albertii_NZ_CP070290.1_trans.fasta
# 0 hits found
# BLASTN 2.13.0+
# Query: X14135.1/195-222 slurp/ecgetrf.pl?CH03860 DE:[Pot. stem loop structure]-
# Database: E._albertii_NZ_CP070290.1_trans.fasta
# 0 hits found
# BLASTN 2.13.0+
# Query: X57402.1/1077-1106 slurp/ecgetrf.pl?CH03864 DE:[Terminator dapA, nlpB]-
# Database: E._albertii_NZ_CP070290.1_trans.fasta
# 0 hits found
# BLASTN 2.13.0+
# Query: ECK120010784-
# Database: E._albertii_NZ_CP070290.1_trans.fasta
# 0 hits found
# BLASTN 2.13.0+
# Query: X08035.1/2423-2452 slurp/ecgetrf.pl?CH03870 DE:[pot.stem-loop structure]-
# Database: E._albertii_NZ_CP070290.1_trans.fasta
# 0 hits found
# BLASTN 2.13.0+
# Query: D90227.1/10944-10985 slurp/ecgetrf.pl?CH03874 DE:[pot. terminator 1]-
# Database: E._albertii_NZ_CP070290.1_trans.fasta
# Fields: query acc.ver, subject acc.ver, % identity, alignment length, mismatches, gap opens, q. start, q. end, s. start, s. end, evalue, bit score
# 1 hits found
D90227.1/10944-10985	NZ_CP070290.1	92.308	52	4	0	30	81	3208699	3208750	1.24e-14	75.0
# BLASTN 2.13.0+
# Query: ECK120035132-R+
# Database: E._albertii_NZ_CP070290.1_trans.fasta
# Fields: query acc.ver, subject acc.ver, % identity, alignment length, mismatches, gap opens, q. start, q. end, s. start, s. end, evalue, bit score
# 1 hits found
ECK120035132-R+	NZ_CP070290.1	92.308	52	4	0	34	85	3208699	3208750	1.25e-14	75.0
# BLASTN 2.13.0+
# Query: ECK120035132-
# Database: E._albertii_NZ_CP070290.1_trans.fasta
# Fields: query acc.ver, subject acc.ver, % identity, alignment length, mismatches, gap opens, q. start, q. end, s. start, s. end, evalue, bit score
# 1 hits found
ECK120035132-	NZ_CP070290.1	92.308	52	4	0	34	85	3208699	3208750	1.25e-14	75.0
# BLASTN 2.13.0+
# Query: M94104.1/1639-1668 slurp/ecgetrf.pl?CH03879 DE:[putative termination signal]-
# Database: E._albertii_NZ_CP070290.1_trans.fasta
# 0 hits found
# BLASTN 2.13.0+
# Query: L10328.1/55847-55820 slurp/ecgetrf.pl?CH03906 DE:[putative termination signal]-
# Database: E._albertii_NZ_CP070290.1_trans.fasta
# 0 hits found
# BLASTN 2.13.0+
# Query: X04469.1/1953-1977 slurp/ecgetrf.pl?CH03882 DE:[pot. transcription terminator]-
# Database: E._albertii_NZ_CP070290.1_trans.fasta
# 0 hits found
# BLASTN 2.13.0+
# Query: X52363.1/127-157 slurp/ecgetrf.pl?CH03887 DE:[rrfG transcription terminator]+
# Database: E._albertii_NZ_CP070290.1_trans.fasta
# Fields: query acc.ver, subject acc.ver, % identity, alignment length, mismatches, gap opens, q. start, q. end, s. start, s. end, evalue, bit score
# 1 hits found
X52363.1/127-157	NZ_CP070290.1	89.189	111	11	1	1	111	1171399	1171508	1.39e-33	137
# BLASTN 2.13.0+
# Query: L19201.1/2459-2489 slurp/ecgetrf.pl?CH03932 DE:[putative termination signal]+
# Database: E._albertii_NZ_CP070290.1_trans.fasta
# Fields: query acc.ver, subject acc.ver, % identity, alignment length, mismatches, gap opens, q. start, q. end, s. start, s. end, evalue, bit score
# 1 hits found
L19201.1/2459-2489	NZ_CP070290.1	88.785	107	11	1	1	107	1171403	1171508	2.32e-31	130
# BLASTN 2.13.0+
# Query: ECK120051382-
# Database: E._albertii_NZ_CP070290.1_trans.fasta
# Fields: query acc.ver, subject acc.ver, % identity, alignment length, mismatches, gap opens, q. start, q. end, s. start, s. end, evalue, bit score
# 1 hits found
ECK120051382-	NZ_CP070290.1	87.356	87	11	0	58	144	4211034	4211120	2.48e-22	100
# BLASTN 2.13.0+
# Query: BBa_B0010-
# Database: E._albertii_NZ_CP070290.1_trans.fasta
# Fields: query acc.ver, subject acc.ver, % identity, alignment length, mismatches, gap opens, q. start, q. end, s. start, s. end, evalue, bit score
# 1 hits found
BBa_B0010-	NZ_CP070290.1	87.500	88	11	0	73	160	4211034	4211121	7.78e-23	102
# BLASTN 2.13.0+
# Query: L19201.1/2282-2328 slurp/ecgetrf.pl?CH03931 DE:[putative termination signal]-
# Database: E._albertii_NZ_CP070290.1_trans.fasta
# Fields: query acc.ver, subject acc.ver, % identity, alignment length, mismatches, gap opens, q. start, q. end, s. start, s. end, evalue, bit score
# 1 hits found
L19201.1/2282-2328	NZ_CP070290.1	87.500	72	9	0	53	124	4211034	4211105	2.15e-17	84.2
# BLASTN 2.13.0+
# Query: L10328.1/5220-5193 slurp/ecgetrf.pl?CH03902 DE:[putative termination signal]-
# Database: E._albertii_NZ_CP070290.1_trans.fasta
# 0 hits found
# BLASTN 2.13.0+
# Query: ECK120035133-
# Database: E._albertii_NZ_CP070290.1_trans.fasta
# 0 hits found
# BLASTN 2.13.0+
# Query: L10328.1/43056-43083 slurp/ecgetrf.pl?CH03904 DE:[putative termination signal]+
# Database: E._albertii_NZ_CP070290.1_trans.fasta
# 0 hits found
# BLASTN 2.13.0+
# Query: ECK120035136+
# Database: E._albertii_NZ_CP070290.1_trans.fasta
# Fields: query acc.ver, subject acc.ver, % identity, alignment length, mismatches, gap opens, q. start, q. end, s. start, s. end, evalue, bit score
# 1 hits found
ECK120035136+	NZ_CP070290.1	96.552	29	1	0	100	128	3946023	3946051	7.93e-07	49.1
# BLASTN 2.13.0+
# Query: L10328.1/43151-43173 slurp/ecgetrf.pl?CH03905 DE:[putative termination signal]+
# Database: E._albertii_NZ_CP070290.1_trans.fasta
# Fields: query acc.ver, subject acc.ver, % identity, alignment length, mismatches, gap opens, q. start, q. end, s. start, s. end, evalue, bit score
# 1 hits found
L10328.1/43151-43173	NZ_CP070290.1	96.774	31	1	0	1	31	4272189	4272219	4.71e-08	52.8
# BLASTN 2.13.0+
# Query: L10328.1/126639-126661 slurp/ecgetrf.pl?CH03910 DE:[putative termination signal]+
# Database: E._albertii_NZ_CP070290.1_trans.fasta
# 0 hits found
# BLASTN 2.13.0+
# Query: M87049.1/13395-13431 slurp/ecgetrf.pl?CH03915 DE:[terminator-like sequence]+
# Database: E._albertii_NZ_CP070290.1_trans.fasta
# 0 hits found
# BLASTN 2.13.0+
# Query: M87049.1/33826-33862 slurp/ecgetrf.pl?CH03918 DE:[terminator-like sequence]+
# Database: E._albertii_NZ_CP070290.1_trans.fasta
# 0 hits found
# BLASTN 2.13.0+
# Query: M87049.1/39715-39749 slurp/ecgetrf.pl?CH03920 DE:[terminator-like sequence]+
# Database: E._albertii_NZ_CP070290.1_trans.fasta
# 0 hits found
# BLASTN 2.13.0+
# Query: M87049.1/70279-70299 slurp/ecgetrf.pl?CH03924 DE:[terminator-like sequence]+
# Database: E._albertii_NZ_CP070290.1_trans.fasta
# 0 hits found
# BLASTN 2.13.0+
# Query: X13002.1/1005-1031 slurp/ecgetrf.pl?CH03927 DE:[pot. stem-loop structure; pot. transcription terminator]+
# Database: E._albertii_NZ_CP070290.1_trans.fasta
# 0 hits found
# BLASTN 2.13.0+
# Query: Z23096.1/446-494 slurp/ecgetrf.pl?CH03930 DE:[Terminator Similar to gene dicF of E.coli dicABC]-
# Database: E._albertii_NZ_CP070290.1_trans.fasta
# Fields: query acc.ver, subject acc.ver, % identity, alignment length, mismatches, gap opens, q. start, q. end, s. start, s. end, evalue, bit score
# 1 hits found
Z23096.1/446-494	NZ_CP070290.1	96.154	26	0	1	92	117	2149491	2149515	1.34e-04	41.7
# BLASTN 2.13.0+
# Query: L19201.1/12884-12927 slurp/ecgetrf.pl?CH03935 DE:[putative termination signal]+
# Database: E._albertii_NZ_CP070290.1_trans.fasta
# Fields: query acc.ver, subject acc.ver, % identity, alignment length, mismatches, gap opens, q. start, q. end, s. start, s. end, evalue, bit score
# 1 hits found
L19201.1/12884-12927	NZ_CP070290.1	91.667	36	3	0	40	75	4372112	4372147	2.12e-07	51.0
# BLASTN 2.13.0+
# Query: ECK120010799+
# Database: E._albertii_NZ_CP070290.1_trans.fasta
# Fields: query acc.ver, subject acc.ver, % identity, alignment length, mismatches, gap opens, q. start, q. end, s. start, s. end, evalue, bit score
# 1 hits found
ECK120010799+	NZ_CP070290.1	91.667	36	3	0	53	88	4372112	4372147	2.45e-07	51.0
# BLASTN 2.13.0+
# Query: L19201.1/63111-63151 slurp/ecgetrf.pl?CH03938 DE:[putative termination signal]+
# Database: E._albertii_NZ_CP070290.1_trans.fasta
# 0 hits found
# BLASTN 2.13.0+
# Query: L19201.1/71476-71507 slurp/ecgetrf.pl?CH03941 DE:[putative termination signal]+
# Database: E._albertii_NZ_CP070290.1_trans.fasta
# 0 hits found
# BLASTN 2.13.0+
# Query: L19201.1/82018-81996 slurp/ecgetrf.pl?CH03944 DE:[putative termination signal]-
# Database: E._albertii_NZ_CP070290.1_trans.fasta
# 0 hits found
# BLASTN 2.13.0+
# Query: ECK120010852-R+
# Database: E._albertii_NZ_CP070290.1_trans.fasta
# 0 hits found
# BLASTN 2.13.0+
# Query: ECK120010852-
# Database: E._albertii_NZ_CP070290.1_trans.fasta
# 0 hits found
# BLASTN 2.13.0+
# Query: U14003.1/28964-28938 slurp/ecgetrf.pl?CH05080-
# Database: E._albertii_NZ_CP070290.1_trans.fasta
# 0 hits found
# BLASTN 2.13.0+
# Query: U14003.1/28964-28938 slurp/ecgetrf.pl?CH05080-
# Database: E._albertii_NZ_CP070290.1_trans.fasta
# 0 hits found
# BLASTN 2.13.0+
# Query: seq10161 slurp/ecgetrf.pl?CH05080.1-
# Database: E._albertii_NZ_CP070290.1_trans.fasta
# 0 hits found
# BLASTN 2.13.0+
# Query: seq10161 slurp/ecgetrf.pl?CH05080.1-
# Database: E._albertii_NZ_CP070290.1_trans.fasta
# 0 hits found
# BLASTN 2.13.0+
# Query: seq10161 slurp/ecgetrf.pl?CH05080.1-
# Database: E._albertii_NZ_CP070290.1_trans.fasta
# 0 hits found
# BLASTN 2.13.0+
# Query: seq10161 slurp/ecgetrf.pl?CH05080.1-
# Database: E._albertii_NZ_CP070290.1_trans.fasta
# 0 hits found
# BLASTN 2.13.0+
# Query: U14003.1/53366-53342 slurp/ecgetrf.pl?CH05082+
# Database: E._albertii_NZ_CP070290.1_trans.fasta
# Fields: query acc.ver, subject acc.ver, % identity, alignment length, mismatches, gap opens, q. start, q. end, s. start, s. end, evalue, bit score
# 1 hits found
U14003.1/53366-53342	NZ_CP070290.1	90.164	61	5	1	6	66	4027440	4027499	7.96e-16	78.7
# BLASTN 2.13.0+
# Query: U14003.1/69815-69791 slurp/ecgetrf.pl?CH05086-
# Database: E._albertii_NZ_CP070290.1_trans.fasta
# 0 hits found
# BLASTN 2.13.0+
# Query: ECK120010861-R+
# Database: E._albertii_NZ_CP070290.1_trans.fasta
# 0 hits found
# BLASTN 2.13.0+
# Query: frd_ampC-
# Database: E._albertii_NZ_CP070290.1_trans.fasta
# 0 hits found
# BLASTN 2.13.0+
# Query: U14003.1/117410-117437 slurp/ecgetrf.pl?CH05089+
# Database: E._albertii_NZ_CP070290.1_trans.fasta
# 0 hits found
# BLASTN 2.13.0+
# Query: U14003.1/161794-161766 slurp/ecgetrf.pl?CH05091-
# Database: E._albertii_NZ_CP070290.1_trans.fasta
# 0 hits found
# BLASTN 2.13.0+
# Query: J01636.1/1170-1210 slurp/ecgetrf.pl?CH05936 DE:[terminator overlapping CAP site]-
# Database: E._albertii_NZ_CP070290.1_trans.fasta
# 0 hits found
# BLASTN 2.13.0+
# Query: ECK120033737+
# Database: E._albertii_NZ_CP070290.1_trans.fasta
# Fields: query acc.ver, subject acc.ver, % identity, alignment length, mismatches, gap opens, q. start, q. end, s. start, s. end, evalue, bit score
# 1 hits found
ECK120033737+	NZ_CP070290.1	91.429	35	1	2	51	84	3768701	3768734	3.06e-06	47.3
# BLASTN 2.13.0+
# Query: ECK120034435-
# Database: E._albertii_NZ_CP070290.1_trans.fasta
# 0 hits found
# BLASTN 2.13.0+
# Query: ECK120034435-R+
# Database: E._albertii_NZ_CP070290.1_trans.fasta
# 0 hits found
# BLASTN 2.13.0+
# Query: ECK120010818-
# Database: E._albertii_NZ_CP070290.1_trans.fasta
# Fields: query acc.ver, subject acc.ver, % identity, alignment length, mismatches, gap opens, q. start, q. end, s. start, s. end, evalue, bit score
# 1 hits found
ECK120010818-	NZ_CP070290.1	100.000	28	0	0	49	76	4233784	4233811	6.47e-08	52.8
# BLASTN 2.13.0+
# Query: ECK120010794-R+
# Database: E._albertii_NZ_CP070290.1_trans.fasta
# Fields: query acc.ver, subject acc.ver, % identity, alignment length, mismatches, gap opens, q. start, q. end, s. start, s. end, evalue, bit score
# 1 hits found
ECK120010794-R+	NZ_CP070290.1	100.000	28	0	0	46	73	4233784	4233811	5.34e-08	52.8
# BLASTN 2.13.0+
# Query: ECK120010793-R+
# Database: E._albertii_NZ_CP070290.1_trans.fasta
# Fields: query acc.ver, subject acc.ver, % identity, alignment length, mismatches, gap opens, q. start, q. end, s. start, s. end, evalue, bit score
# 1 hits found
ECK120010793-R+	NZ_CP070290.1	100.000	28	0	0	46	73	4233784	4233811	5.34e-08	52.8
# BLASTN 2.13.0+
# Query: ECK120010793-
# Database: E._albertii_NZ_CP070290.1_trans.fasta
# Fields: query acc.ver, subject acc.ver, % identity, alignment length, mismatches, gap opens, q. start, q. end, s. start, s. end, evalue, bit score
# 1 hits found
ECK120010793-	NZ_CP070290.1	100.000	28	0	0	46	73	4233784	4233811	5.34e-08	52.8
# BLASTN 2.13.0+
# Query: ECK120010869+
# Database: E._albertii_NZ_CP070290.1_trans.fasta
# Fields: query acc.ver, subject acc.ver, % identity, alignment length, mismatches, gap opens, q. start, q. end, s. start, s. end, evalue, bit score
# 1 hits found
ECK120010869+	NZ_CP070290.1	96.970	33	1	0	44	76	506035	506067	4.17e-09	56.5
# BLASTN 2.13.0+
# Query: ECK120030221-R-
# Database: E._albertii_NZ_CP070290.1_trans.fasta
# Fields: query acc.ver, subject acc.ver, % identity, alignment length, mismatches, gap opens, q. start, q. end, s. start, s. end, evalue, bit score
# 1 hits found
ECK120030221-R-	NZ_CP070290.1	100.000	21	0	0	50	70	506041	506061	4.24e-04	39.9
# BLASTN 2.13.0+
# Query: ECK120030221+
# Database: E._albertii_NZ_CP070290.1_trans.fasta
# Fields: query acc.ver, subject acc.ver, % identity, alignment length, mismatches, gap opens, q. start, q. end, s. start, s. end, evalue, bit score
# 1 hits found
ECK120030221+	NZ_CP070290.1	100.000	21	0	0	50	70	506041	506061	4.24e-04	39.9
# BLASTN 2.13.0+
# Query: ECK120010832-R+
# Database: E._albertii_NZ_CP070290.1_trans.fasta
# 0 hits found
# BLASTN 2.13.0+
# Query: ECK120010832-
# Database: E._albertii_NZ_CP070290.1_trans.fasta
# 0 hits found
# BLASTN 2.13.0+
# Query: ECK120051401-
# Database: E._albertii_NZ_CP070290.1_trans.fasta
# 0 hits found
# BLASTN 2.13.0+
# Query: tonB_P14-
# Database: E._albertii_NZ_CP070290.1_trans.fasta
# 0 hits found
# BLASTN 2.13.0+
# Query: ECK120010792+
# Database: E._albertii_NZ_CP070290.1_trans.fasta
# 0 hits found
# BLASTN 2.13.0+
# Query: tonB+
# Database: E._albertii_NZ_CP070290.1_trans.fasta
# 0 hits found
# BLASTN 2.13.0+
# Query: pyrBI-
# Database: E._albertii_NZ_CP070290.1_trans.fasta
# 0 hits found
# BLASTN 2.13.0+
# Query: ilvBN+
# Database: E._albertii_NZ_CP070290.1_trans.fasta
# 0 hits found
# BLASTN 2.13.0+
# Query: ECK120010797+
# Database: E._albertii_NZ_CP070290.1_trans.fasta
# Fields: query acc.ver, subject acc.ver, % identity, alignment length, mismatches, gap opens, q. start, q. end, s. start, s. end, evalue, bit score
# 1 hits found
ECK120010797+	NZ_CP070290.1	92.857	28	2	0	46	73	1356073	1356100	1.20e-04	41.7
# BLASTN 2.13.0+
# Query: ECK120015452+
# Database: E._albertii_NZ_CP070290.1_trans.fasta
# Fields: query acc.ver, subject acc.ver, % identity, alignment length, mismatches, gap opens, q. start, q. end, s. start, s. end, evalue, bit score
# 1 hits found
ECK120015452+	NZ_CP070290.1	96.000	25	1	0	11	35	2078985	2079009	1.32e-04	41.7
# BLASTN 2.13.0+
# Query: ECK120010815-
# Database: E._albertii_NZ_CP070290.1_trans.fasta
# 0 hits found
# BLASTN 2.13.0+
# Query: ECK120010815-R+
# Database: E._albertii_NZ_CP070290.1_trans.fasta
# 0 hits found
# BLASTN 2.13.0+
# Query: ECK120051385-
# Database: E._albertii_NZ_CP070290.1_trans.fasta
# 0 hits found
# BLASTN 2.13.0+
# Query: ECK120010846+
# Database: E._albertii_NZ_CP070290.1_trans.fasta
# 0 hits found
# BLASTN 2.13.0+
# Query: ECK120010853+
# Database: E._albertii_NZ_CP070290.1_trans.fasta
# 0 hits found
# BLASTN 2.13.0+
# Query: ECK120010825-
# Database: E._albertii_NZ_CP070290.1_trans.fasta
# 0 hits found
# BLASTN 2.13.0+
# Query: ECK120010825-R+
# Database: E._albertii_NZ_CP070290.1_trans.fasta
# 0 hits found
# BLASTN 2.13.0+
# Query: ECK120010833-
# Database: E._albertii_NZ_CP070290.1_trans.fasta
# 0 hits found
# BLASTN 2.13.0+
# Query: ECK120010833-R+
# Database: E._albertii_NZ_CP070290.1_trans.fasta
# 0 hits found
# BLASTN 2.13.0+
# Query: ECK120011170-
# Database: E._albertii_NZ_CP070290.1_trans.fasta
# 0 hits found
# BLASTN 2.13.0+
# Query: ECK120011170-R+
# Database: E._albertii_NZ_CP070290.1_trans.fasta
# 0 hits found
# BLASTN 2.13.0+
# Query: ECK120010866-R+
# Database: E._albertii_NZ_CP070290.1_trans.fasta
# 0 hits found
# BLASTN 2.13.0+
# Query: ECK120010866-
# Database: E._albertii_NZ_CP070290.1_trans.fasta
# 0 hits found
# BLASTN 2.13.0+
# Query: ECK120034551+
# Database: E._albertii_NZ_CP070290.1_trans.fasta
# 0 hits found
# BLASTN 2.13.0+
# Query: ECK120020525-
# Database: E._albertii_NZ_CP070290.1_trans.fasta
# 0 hits found
# BLASTN 2.13.0+
# Query: ECK120020525-R+
# Database: E._albertii_NZ_CP070290.1_trans.fasta
# 0 hits found
# BLASTN 2.13.0+
# Query: nusA_infB-
# Database: E._albertii_NZ_CP070290.1_trans.fasta
# 0 hits found
# BLASTN 2.13.0+
# Query: ECK120020526-R+
# Database: E._albertii_NZ_CP070290.1_trans.fasta
# 0 hits found
# BLASTN 2.13.0+
# Query: ECK120020526-
# Database: E._albertii_NZ_CP070290.1_trans.fasta
# 0 hits found
# BLASTN 2.13.0+
# Query: ECK120034436+
# Database: E._albertii_NZ_CP070290.1_trans.fasta
# 0 hits found
# BLASTN 2.13.0+
# Query: ECK120021270-
# Database: E._albertii_NZ_CP070290.1_trans.fasta
# 0 hits found
# BLASTN 2.13.0+
# Query: ECK120021270-R+
# Database: E._albertii_NZ_CP070290.1_trans.fasta
# 0 hits found
# BLASTN 2.13.0+
# Query: ECK125095454+
# Database: E._albertii_NZ_CP070290.1_trans.fasta
# 0 hits found
# BLASTN 2.13.0+
# Query: ECK120010874-
# Database: E._albertii_NZ_CP070290.1_trans.fasta
# 0 hits found
# BLASTN 2.13.0+
# Query: ECK120010874-R+
# Database: E._albertii_NZ_CP070290.1_trans.fasta
# 0 hits found
# BLASTN 2.13.0+
# Query: ECK120010796-
# Database: E._albertii_NZ_CP070290.1_trans.fasta
# 0 hits found
# BLASTN 2.13.0+
# Query: ECK120010796-R+
# Database: E._albertii_NZ_CP070290.1_trans.fasta
# 0 hits found
# BLASTN 2.13.0+
# Query: ECK120030218+
# Database: E._albertii_NZ_CP070290.1_trans.fasta
# 0 hits found
# BLASTN 2.13.0+
# Query: ECK120020528-
# Database: E._albertii_NZ_CP070290.1_trans.fasta
# 0 hits found
# BLASTN 2.13.0+
# Query: ECK120020528-R+
# Database: E._albertii_NZ_CP070290.1_trans.fasta
# 0 hits found
# BLASTN 2.13.0+
# Query: ECK120033265+
# Database: E._albertii_NZ_CP070290.1_trans.fasta
# 0 hits found
# BLASTN 2.13.0+
# Query: ECK120010834+
# Database: E._albertii_NZ_CP070290.1_trans.fasta
# 0 hits found
# BLASTN 2.13.0+
# Query: trp-
# Database: E._albertii_NZ_CP070290.1_trans.fasta
# 0 hits found
# BLASTN 2.13.0+
# Query: ECK120010841-
# Database: E._albertii_NZ_CP070290.1_trans.fasta
# 0 hits found
# BLASTN 2.13.0+
# Query: ECK120010841-R+
# Database: E._albertii_NZ_CP070290.1_trans.fasta
# 0 hits found
# BLASTN 2.13.0+
# Query: ECK120030673+
# Database: E._albertii_NZ_CP070290.1_trans.fasta
# 0 hits found
# BLASTN 2.13.0+
# Query: ECK120029530-
# Database: E._albertii_NZ_CP070290.1_trans.fasta
# 0 hits found
# BLASTN 2.13.0+
# Query: ECK120029530-R+
# Database: E._albertii_NZ_CP070290.1_trans.fasta
# 0 hits found
# BLASTN 2.13.0+
# Query: ECK125095455-
# Database: E._albertii_NZ_CP070290.1_trans.fasta
# 0 hits found
# BLASTN 2.13.0+
# Query: ECK120048902+
# Database: E._albertii_NZ_CP070290.1_trans.fasta
# 0 hits found
# BLASTN 2.13.0+
# Query: ECK120010827-
# Database: E._albertii_NZ_CP070290.1_trans.fasta
# 0 hits found
# BLASTN 2.13.0+
# Query: ECK120010791-
# Database: E._albertii_NZ_CP070290.1_trans.fasta
# 0 hits found
# BLASTN 2.13.0+
# Query: ECK120010791-R+
# Database: E._albertii_NZ_CP070290.1_trans.fasta
# 0 hits found
# BLASTN 2.13.0+
# Query: ECK120048897-
# Database: E._albertii_NZ_CP070290.1_trans.fasta
# 0 hits found
# BLASTN 2.13.0+
# Query: ECK120048897-R+
# Database: E._albertii_NZ_CP070290.1_trans.fasta
# 0 hits found
# BLASTN 2.13.0+
# Query: ECK120010803-
# Database: E._albertii_NZ_CP070290.1_trans.fasta
# 0 hits found
# BLASTN 2.13.0+
# Query: ECK120010803-R+
# Database: E._albertii_NZ_CP070290.1_trans.fasta
# 0 hits found
# BLASTN 2.13.0+
# Query: pheST-
# Database: E._albertii_NZ_CP070290.1_trans.fasta
# 0 hits found
# BLASTN 2.13.0+
# Query: ECK120021269-R+
# Database: E._albertii_NZ_CP070290.1_trans.fasta
# 0 hits found
# BLASTN 2.13.0+
# Query: ECK120015957-
# Database: E._albertii_NZ_CP070290.1_trans.fasta
# 0 hits found
# BLASTN 2.13.0+
# Query: ECK120015448+
# Database: E._albertii_NZ_CP070290.1_trans.fasta
# 0 hits found
# BLASTN 2.13.0+
# Query: ECK120010816-
# Database: E._albertii_NZ_CP070290.1_trans.fasta
# 0 hits found
# BLASTN 2.13.0+
# Query: ECK120010845-
# Database: E._albertii_NZ_CP070290.1_trans.fasta
# 0 hits found
# BLASTN 2.13.0+
# Query: ECK120030220+
# Database: E._albertii_NZ_CP070290.1_trans.fasta
# 0 hits found
# BLASTN 2.13.0+
# Query: ECK120033264-
# Database: E._albertii_NZ_CP070290.1_trans.fasta
# 0 hits found
# BLASTN 2.13.0+
# Query: ECK120010779+
# Database: E._albertii_NZ_CP070290.1_trans.fasta
# 0 hits found
# BLASTN 2.13.0+
# Query: ECK120010779-R-
# Database: E._albertii_NZ_CP070290.1_trans.fasta
# 0 hits found
# BLASTN 2.13.0+
# Query: ECK120015456-
# Database: E._albertii_NZ_CP070290.1_trans.fasta
# 0 hits found
# BLASTN 2.13.0+
# Query: ECK120015456-R+
# Database: E._albertii_NZ_CP070290.1_trans.fasta
# 0 hits found
# BLASTN 2.13.0+
# Query: ECK120035135-
# Database: E._albertii_NZ_CP070290.1_trans.fasta
# 0 hits found
# BLASTN 2.13.0+
# Query: ECK120035135-R+
# Database: E._albertii_NZ_CP070290.1_trans.fasta
# 0 hits found
# BLASTN 2.13.0+
# Query: ECK120034954+
# Database: E._albertii_NZ_CP070290.1_trans.fasta
# 0 hits found
# BLASTN 2.13.0+
# Query: ECK120010801+
# Database: E._albertii_NZ_CP070290.1_trans.fasta
# 0 hits found
# BLASTN 2.13.0+
# Query: ECK120034948+
# Database: E._albertii_NZ_CP070290.1_trans.fasta
# 0 hits found
# BLASTN 2.13.0+
# Query: ECK125109868-
# Database: E._albertii_NZ_CP070290.1_trans.fasta
# 0 hits found
# BLASTN 2.13.0+
# Query: ECK120034949+
# Database: E._albertii_NZ_CP070290.1_trans.fasta
# 0 hits found
# BLASTN 2.13.0+
# Query: ECK120015443-
# Database: E._albertii_NZ_CP070290.1_trans.fasta
# 0 hits found
# BLASTN 2.13.0+
# Query: ECK120015443-R+
# Database: E._albertii_NZ_CP070290.1_trans.fasta
# 0 hits found
# BLASTN 2.13.0+
# Query: ECK120010839+
# Database: E._albertii_NZ_CP070290.1_trans.fasta
# 0 hits found
# BLASTN 2.13.0+
# Query: ECK120010838+
# Database: E._albertii_NZ_CP070290.1_trans.fasta
# 0 hits found
# BLASTN 2.13.0+
# Query: ECK120026312-
# Database: E._albertii_NZ_CP070290.1_trans.fasta
# 0 hits found
# BLASTN 2.13.0+
# Query: ECK120026312-R+
# Database: E._albertii_NZ_CP070290.1_trans.fasta
# 0 hits found
# BLASTN 2.13.0+
# Query: ECK120030801-
# Database: E._albertii_NZ_CP070290.1_trans.fasta
# 0 hits found
# BLASTN 2.13.0+
# Query: ECK120030801-R+
# Database: E._albertii_NZ_CP070290.1_trans.fasta
# 0 hits found
# BLASTN 2.13.0+
# Query: ECK120030800+
# Database: E._albertii_NZ_CP070290.1_trans.fasta
# 0 hits found
# BLASTN 2.13.0+
# Query: ECK120048900+
# Database: E._albertii_NZ_CP070290.1_trans.fasta
# 0 hits found
# BLASTN 2.13.0+
# Query: ECK125109869-
# Database: E._albertii_NZ_CP070290.1_trans.fasta
# 0 hits found
# BLASTN 2.13.0+
# Query: ECK120020527+
# Database: E._albertii_NZ_CP070290.1_trans.fasta
# 0 hits found
# BLASTN 2.13.0+
# Query: ECK120027917-
# Database: E._albertii_NZ_CP070290.1_trans.fasta
# 0 hits found
# BLASTN 2.13.0+
# Query: ECK120027917-R+
# Database: E._albertii_NZ_CP070290.1_trans.fasta
# 0 hits found
# BLASTN 2.13.0+
# Query: ECK120010835-R+
# Database: E._albertii_NZ_CP070290.1_trans.fasta
# 0 hits found
# BLASTN 2.13.0+
# Query: ECK120015447-R+
# Database: E._albertii_NZ_CP070290.1_trans.fasta
# 0 hits found
# BLASTN 2.13.0+
# Query: ECK120010786-R+
# Database: E._albertii_NZ_CP070290.1_trans.fasta
# 0 hits found
# BLAST processed 174 queries
