# BLASTN 2.13.0+
# Query: X60293.1/246-293 slurp/ecgetrf.pl?CH03783 DE:[Terminator cysB]+
# Database: E._coli_NC_002695.2_trans.fasta
# Fields: query acc.ver, subject acc.ver, % identity, alignment length, mismatches, gap opens, q. start, q. end, s. start, s. end, evalue, bit score
# 1 hits found
X60293.1/246-293	NC_002695.2	100.000	128	0	0	1	128	1835647	1835774	1.91e-63	237
# BLASTN 2.13.0+
# Query: ECK120010828+
# Database: E._coli_NC_002695.2_trans.fasta
# Fields: query acc.ver, subject acc.ver, % identity, alignment length, mismatches, gap opens, q. start, q. end, s. start, s. end, evalue, bit score
# 1 hits found
ECK120010828+	NC_002695.2	100.000	130	0	0	1	130	1835639	1835768	1.51e-64	241
# BLASTN 2.13.0+
# Query: X15237.1/1846-1870 slurp/ecgetrf.pl?CH03787 DE:[pot. stem-loop structure]+
# Database: E._coli_NC_002695.2_trans.fasta
# Fields: query acc.ver, subject acc.ver, % identity, alignment length, mismatches, gap opens, q. start, q. end, s. start, s. end, evalue, bit score
# 1 hits found
X15237.1/1846-1870	NC_002695.2	100.000	105	0	0	1	105	124594	124698	9.19e-51	195
# BLASTN 2.13.0+
# Query: ECK120029528-R+
# Database: E._coli_NC_002695.2_trans.fasta
# Fields: query acc.ver, subject acc.ver, % identity, alignment length, mismatches, gap opens, q. start, q. end, s. start, s. end, evalue, bit score
# 1 hits found
ECK120029528-R+	NC_002695.2	100.000	125	0	0	1	125	124584	124708	8.65e-62	231
# BLASTN 2.13.0+
# Query: ECK120029528-
# Database: E._coli_NC_002695.2_trans.fasta
# Fields: query acc.ver, subject acc.ver, % identity, alignment length, mismatches, gap opens, q. start, q. end, s. start, s. end, evalue, bit score
# 1 hits found
ECK120029528-	NC_002695.2	100.000	125	0	0	1	125	124584	124708	8.65e-62	231
# BLASTN 2.13.0+
# Query: X17333.1/1415-1439 slurp/ecgetrf.pl?CH03793 DE:[put. bidirectional transcriptional terminator]-
# Database: E._coli_NC_002695.2_trans.fasta
# Fields: query acc.ver, subject acc.ver, % identity, alignment length, mismatches, gap opens, q. start, q. end, s. start, s. end, evalue, bit score
# 1 hits found
X17333.1/1415-1439	NC_002695.2	100.000	105	0	0	1	105	124594	124698	9.19e-51	195
# BLASTN 2.13.0+
# Query: X06091.1/1417-1440 slurp/ecgetrf.pl?CH03791 DE:[pot. stem-loop structure; pot. transcription terminator]-
# Database: E._coli_NC_002695.2_trans.fasta
# Fields: query acc.ver, subject acc.ver, % identity, alignment length, mismatches, gap opens, q. start, q. end, s. start, s. end, evalue, bit score
# 1 hits found
X06091.1/1417-1440	NC_002695.2	100.000	104	0	0	1	104	2586449	2586552	3.27e-50	193
# BLASTN 2.13.0+
# Query: X68192.1/1637-1678 slurp/ecgetrf.pl?CH03795 DE:[terminator II]-
# Database: E._coli_NC_002695.2_trans.fasta
# Fields: query acc.ver, subject acc.ver, % identity, alignment length, mismatches, gap opens, q. start, q. end, s. start, s. end, evalue, bit score
# 1 hits found
X68192.1/1637-1678	NC_002695.2	100.000	122	0	0	1	122	1116831	1116952	3.91e-60	226
# BLASTN 2.13.0+
# Query: M87625.1/2270-2297 slurp/ecgetrf.pl?CH03800 DE:[termination sequence]+
# Database: E._coli_NC_002695.2_trans.fasta
# Fields: query acc.ver, subject acc.ver, % identity, alignment length, mismatches, gap opens, q. start, q. end, s. start, s. end, evalue, bit score
# 1 hits found
M87625.1/2270-2297	NC_002695.2	100.000	108	0	0	1	108	4811718	4811825	2.04e-52	200
# BLASTN 2.13.0+
# Query: M87049.1/68404-68432 slurp/ecgetrf.pl?CH03923 DE:[terminator-like sequence]+
# Database: E._coli_NC_002695.2_trans.fasta
# Fields: query acc.ver, subject acc.ver, % identity, alignment length, mismatches, gap opens, q. start, q. end, s. start, s. end, evalue, bit score
# 1 hits found
M87049.1/68404-68432	NC_002695.2	100.000	108	0	0	1	108	4811718	4811825	2.04e-52	200
# BLASTN 2.13.0+
# Query: X61919.1/257-295 slurp/ecgetrf.pl?CH03803 DE:[crp divergent RNA transcription terminator]-
# Database: E._coli_NC_002695.2_trans.fasta
# Fields: query acc.ver, subject acc.ver, % identity, alignment length, mismatches, gap opens, q. start, q. end, s. start, s. end, evalue, bit score
# 1 hits found
X61919.1/257-295	NC_002695.2	100.000	119	0	0	1	119	4205652	4205770	1.77e-58	220
# BLASTN 2.13.0+
# Query: X01653.1/3207-3232 slurp/ecgetrf.pl?CH03805 DE:[pot. stem-loop structure]+
# Database: E._coli_NC_002695.2_trans.fasta
# Fields: query acc.ver, subject acc.ver, % identity, alignment length, mismatches, gap opens, q. start, q. end, s. start, s. end, evalue, bit score
# 1 hits found
X01653.1/3207-3232	NC_002695.2	100.000	106	0	0	1	106	4787451	4787556	2.58e-51	196
# BLASTN 2.13.0+
# Query: X05629.1/80-111 slurp/ecgetrf.pl?CH03808 DE:[Terminator deoT]+
# Database: E._coli_NC_002695.2_trans.fasta
# Fields: query acc.ver, subject acc.ver, % identity, alignment length, mismatches, gap opens, q. start, q. end, s. start, s. end, evalue, bit score
# 1 hits found
X05629.1/80-111	NC_002695.2	100.000	112	0	0	1	112	5479563	5479674	1.28e-54	207
# BLASTN 2.13.0+
# Query: U14003.1/312468-312496 slurp/ecgetrf.pl?CH05099+
# Database: E._coli_NC_002695.2_trans.fasta
# Fields: query acc.ver, subject acc.ver, % identity, alignment length, mismatches, gap opens, q. start, q. end, s. start, s. end, evalue, bit score
# 1 hits found
U14003.1/312468-312496	NC_002695.2	100.000	109	0	0	1	109	5479565	5479673	5.75e-53	202
# BLASTN 2.13.0+
# Query: X00547.1/1104-1134 slurp/ecgetrf.pl?CH03811 DE:[Pot. transcription terminator]-
# Database: E._coli_NC_002695.2_trans.fasta
# Fields: query acc.ver, subject acc.ver, % identity, alignment length, mismatches, gap opens, q. start, q. end, s. start, s. end, evalue, bit score
# 1 hits found
X00547.1/1104-1134	NC_002695.2	100.000	111	0	0	1	111	1160138	1160248	4.54e-54	206
# BLASTN 2.13.0+
# Query: M84991.1/1269-1309 slurp/ecgetrf.pl?CH03814 DE:[Terminatorfor fatty acid biosynthesis operon]+
# Database: E._coli_NC_002695.2_trans.fasta
# Fields: query acc.ver, subject acc.ver, % identity, alignment length, mismatches, gap opens, q. start, q. end, s. start, s. end, evalue, bit score
# 1 hits found
M84991.1/1269-1309	NC_002695.2	100.000	120	0	0	1	120	1511056	1511175	4.96e-59	222
# BLASTN 2.13.0+
# Query: X08087.1/907-941 slurp/ecgetrf.pl?CH03816 DE:[Pot. stem-loop structure; pot. transcription terminator]+
# Database: E._coli_NC_002695.2_trans.fasta
# Fields: query acc.ver, subject acc.ver, % identity, alignment length, mismatches, gap opens, q. start, q. end, s. start, s. end, evalue, bit score
# 1 hits found
X08087.1/907-941	NC_002695.2	100.000	115	0	0	1	115	1677262	1677376	2.84e-56	213
# BLASTN 2.13.0+
# Query: ECK120048898+
# Database: E._coli_NC_002695.2_trans.fasta
# Fields: query acc.ver, subject acc.ver, % identity, alignment length, mismatches, gap opens, q. start, q. end, s. start, s. end, evalue, bit score
# 1 hits found
ECK120048898+	NC_002695.2	100.000	122	0	0	1	122	1677252	1677373	3.91e-60	226
# BLASTN 2.13.0+
# Query: X63666.1/1540-1567 slurp/ecgetrf.pl?CH03819 DE:[Putative termination signal]+
# Database: E._coli_NC_002695.2_trans.fasta
# Fields: query acc.ver, subject acc.ver, % identity, alignment length, mismatches, gap opens, q. start, q. end, s. start, s. end, evalue, bit score
# 1 hits found
X63666.1/1540-1567	NC_002695.2	100.000	108	0	0	1	108	4170276	4170383	2.04e-52	200
# BLASTN 2.13.0+
# Query: X04065.1/1578-1619 slurp/ecgetrf.pl?CH03822 DE:[Stem-loop structure; pot. transcription terminator]-
# Database: E._coli_NC_002695.2_trans.fasta
# Fields: query acc.ver, subject acc.ver, % identity, alignment length, mismatches, gap opens, q. start, q. end, s. start, s. end, evalue, bit score
# 1 hits found
X04065.1/1578-1619	NC_002695.2	100.000	122	0	0	1	122	2285030	2285151	3.91e-60	226
# BLASTN 2.13.0+
# Query: X06744.1/2831-2858 slurp/ecgetrf.pl?CH03831 DE:[Put. stem loop structure]-
# Database: E._coli_NC_002695.2_trans.fasta
# Fields: query acc.ver, subject acc.ver, % identity, alignment length, mismatches, gap opens, q. start, q. end, s. start, s. end, evalue, bit score
# 1 hits found
X06744.1/2831-2858	NC_002695.2	100.000	108	0	0	1	108	3062611	3062718	2.04e-52	200
# BLASTN 2.13.0+
# Query: X04864.1/495-528 slurp/ecgetrf.pl?CH03835 DE:[Put. transcription terminator]+
# Database: E._coli_NC_002695.2_trans.fasta
# Fields: query acc.ver, subject acc.ver, % identity, alignment length, mismatches, gap opens, q. start, q. end, s. start, s. end, evalue, bit score
# 1 hits found
X04864.1/495-528	NC_002695.2	100.000	114	0	0	1	114	1093736	1093849	1.01e-55	211
# BLASTN 2.13.0+
# Query: X67700.1/988-1010 slurp/ecgetrf.pl?CH03840 DE:[ORF1 terminator]+
# Database: E._coli_NC_002695.2_trans.fasta
# Fields: query acc.ver, subject acc.ver, % identity, alignment length, mismatches, gap opens, q. start, q. end, s. start, s. end, evalue, bit score
# 1 hits found
X67700.1/988-1010	NC_002695.2	100.000	103	0	0	1	103	9876	9978	1.16e-49	191
# BLASTN 2.13.0+
# Query: L12044.1/1999-2037 slurp/ecgetrf.pl?CH03848 DE:[Terminator kch]-
# Database: E._coli_NC_002695.2_trans.fasta
# Fields: query acc.ver, subject acc.ver, % identity, alignment length, mismatches, gap opens, q. start, q. end, s. start, s. end, evalue, bit score
# 1 hits found
L12044.1/1999-2037	NC_002695.2	100.000	119	0	0	1	119	1751894	1752012	1.77e-58	220
# BLASTN 2.13.0+
# Query: X14135.1/195-222 slurp/ecgetrf.pl?CH03860 DE:[Pot. stem loop structure]-
# Database: E._coli_NC_002695.2_trans.fasta
# Fields: query acc.ver, subject acc.ver, % identity, alignment length, mismatches, gap opens, q. start, q. end, s. start, s. end, evalue, bit score
# 1 hits found
X14135.1/195-222	NC_002695.2	100.000	108	0	0	1	108	782568	782675	2.04e-52	200
# BLASTN 2.13.0+
# Query: X57402.1/1077-1106 slurp/ecgetrf.pl?CH03864 DE:[Terminator dapA, nlpB]-
# Database: E._coli_NC_002695.2_trans.fasta
# Fields: query acc.ver, subject acc.ver, % identity, alignment length, mismatches, gap opens, q. start, q. end, s. start, s. end, evalue, bit score
# 1 hits found
X57402.1/1077-1106	NC_002695.2	100.000	110	0	0	1	110	3313985	3314094	1.62e-53	204
# BLASTN 2.13.0+
# Query: ECK120010784-
# Database: E._coli_NC_002695.2_trans.fasta
# Fields: query acc.ver, subject acc.ver, % identity, alignment length, mismatches, gap opens, q. start, q. end, s. start, s. end, evalue, bit score
# 1 hits found
ECK120010784-	NC_002695.2	100.000	122	0	0	1	122	3313983	3314104	3.91e-60	226
# BLASTN 2.13.0+
# Query: X08035.1/2423-2452 slurp/ecgetrf.pl?CH03870 DE:[pot.stem-loop structure]-
# Database: E._coli_NC_002695.2_trans.fasta
# Fields: query acc.ver, subject acc.ver, % identity, alignment length, mismatches, gap opens, q. start, q. end, s. start, s. end, evalue, bit score
# 1 hits found
X08035.1/2423-2452	NC_002695.2	100.000	110	0	0	1	110	1080807	1080916	1.62e-53	204
# BLASTN 2.13.0+
# Query: D90227.1/10944-10985 slurp/ecgetrf.pl?CH03874 DE:[pot. terminator 1]-
# Database: E._coli_NC_002695.2_trans.fasta
# Fields: query acc.ver, subject acc.ver, % identity, alignment length, mismatches, gap opens, q. start, q. end, s. start, s. end, evalue, bit score
# 1 hits found
D90227.1/10944-10985	NC_002695.2	100.000	122	0	0	1	122	4695282	4695403	3.91e-60	226
# BLASTN 2.13.0+
# Query: ECK120035132-R+
# Database: E._coli_NC_002695.2_trans.fasta
# Fields: query acc.ver, subject acc.ver, % identity, alignment length, mismatches, gap opens, q. start, q. end, s. start, s. end, evalue, bit score
# 1 hits found
ECK120035132-R+	NC_002695.2	100.000	123	0	0	1	123	4695278	4695400	1.10e-60	228
# BLASTN 2.13.0+
# Query: ECK120035132-
# Database: E._coli_NC_002695.2_trans.fasta
# Fields: query acc.ver, subject acc.ver, % identity, alignment length, mismatches, gap opens, q. start, q. end, s. start, s. end, evalue, bit score
# 1 hits found
ECK120035132-	NC_002695.2	100.000	123	0	0	1	123	4695278	4695400	1.10e-60	228
# BLASTN 2.13.0+
# Query: M94104.1/1639-1668 slurp/ecgetrf.pl?CH03879 DE:[putative termination signal]-
# Database: E._coli_NC_002695.2_trans.fasta
# Fields: query acc.ver, subject acc.ver, % identity, alignment length, mismatches, gap opens, q. start, q. end, s. start, s. end, evalue, bit score
# 1 hits found
M94104.1/1639-1668	NC_002695.2	100.000	110	0	0	1	110	4657493	4657602	1.62e-53	204
# BLASTN 2.13.0+
# Query: L10328.1/55847-55820 slurp/ecgetrf.pl?CH03906 DE:[putative termination signal]-
# Database: E._coli_NC_002695.2_trans.fasta
# Fields: query acc.ver, subject acc.ver, % identity, alignment length, mismatches, gap opens, q. start, q. end, s. start, s. end, evalue, bit score
# 1 hits found
L10328.1/55847-55820	NC_002695.2	100.000	108	0	0	1	108	4657495	4657602	2.04e-52	200
# BLASTN 2.13.0+
# Query: X04469.1/1953-1977 slurp/ecgetrf.pl?CH03882 DE:[pot. transcription terminator]-
# Database: E._coli_NC_002695.2_trans.fasta
# Fields: query acc.ver, subject acc.ver, % identity, alignment length, mismatches, gap opens, q. start, q. end, s. start, s. end, evalue, bit score
# 1 hits found
X04469.1/1953-1977	NC_002695.2	100.000	105	0	0	1	105	1480756	1480860	9.19e-51	195
# BLASTN 2.13.0+
# Query: X52363.1/127-157 slurp/ecgetrf.pl?CH03887 DE:[rrfG transcription terminator]+
# Database: E._coli_NC_002695.2_trans.fasta
# Fields: query acc.ver, subject acc.ver, % identity, alignment length, mismatches, gap opens, q. start, q. end, s. start, s. end, evalue, bit score
# 1 hits found
X52363.1/127-157	NC_002695.2	100.000	111	0	0	1	111	4836856	4836966	4.54e-54	206
# BLASTN 2.13.0+
# Query: L19201.1/2459-2489 slurp/ecgetrf.pl?CH03932 DE:[putative termination signal]+
# Database: E._coli_NC_002695.2_trans.fasta
# Fields: query acc.ver, subject acc.ver, % identity, alignment length, mismatches, gap opens, q. start, q. end, s. start, s. end, evalue, bit score
# 1 hits found
L19201.1/2459-2489	NC_002695.2	100.000	111	0	0	1	111	4836860	4836970	4.54e-54	206
# BLASTN 2.13.0+
# Query: ECK120051382-
# Database: E._coli_NC_002695.2_trans.fasta
# Fields: query acc.ver, subject acc.ver, % identity, alignment length, mismatches, gap opens, q. start, q. end, s. start, s. end, evalue, bit score
# 1 hits found
ECK120051382-	NC_002695.2	100.000	144	0	0	1	144	4158459	4158602	2.80e-72	267
# BLASTN 2.13.0+
# Query: BBa_B0010-
# Database: E._coli_NC_002695.2_trans.fasta
# Fields: query acc.ver, subject acc.ver, % identity, alignment length, mismatches, gap opens, q. start, q. end, s. start, s. end, evalue, bit score
# 1 hits found
BBa_B0010-	NC_002695.2	100.000	160	0	0	1	160	4158444	4158603	4.00e-81	296
# BLASTN 2.13.0+
# Query: L19201.1/2282-2328 slurp/ecgetrf.pl?CH03931 DE:[putative termination signal]-
# Database: E._coli_NC_002695.2_trans.fasta
# Fields: query acc.ver, subject acc.ver, % identity, alignment length, mismatches, gap opens, q. start, q. end, s. start, s. end, evalue, bit score
# 1 hits found
L19201.1/2282-2328	NC_002695.2	100.000	127	0	0	1	127	4158464	4158590	6.82e-63	235
# BLASTN 2.13.0+
# Query: L10328.1/5220-5193 slurp/ecgetrf.pl?CH03902 DE:[putative termination signal]-
# Database: E._coli_NC_002695.2_trans.fasta
# Fields: query acc.ver, subject acc.ver, % identity, alignment length, mismatches, gap opens, q. start, q. end, s. start, s. end, evalue, bit score
# 1 hits found
L10328.1/5220-5193	NC_002695.2	100.000	108	0	0	1	108	4559745	4559852	2.04e-52	200
# BLASTN 2.13.0+
# Query: ECK120035133-
# Database: E._coli_NC_002695.2_trans.fasta
# Fields: query acc.ver, subject acc.ver, % identity, alignment length, mismatches, gap opens, q. start, q. end, s. start, s. end, evalue, bit score
# 1 hits found
ECK120035133-	NC_002695.2	100.000	122	0	0	1	122	4559741	4559862	3.91e-60	226
# BLASTN 2.13.0+
# Query: L10328.1/43056-43083 slurp/ecgetrf.pl?CH03904 DE:[putative termination signal]+
# Database: E._coli_NC_002695.2_trans.fasta
# Fields: query acc.ver, subject acc.ver, % identity, alignment length, mismatches, gap opens, q. start, q. end, s. start, s. end, evalue, bit score
# 1 hits found
L10328.1/43056-43083	NC_002695.2	100.000	108	0	0	1	108	4644222	4644329	2.04e-52	200
# BLASTN 2.13.0+
# Query: ECK120035136+
# Database: E._coli_NC_002695.2_trans.fasta
# Fields: query acc.ver, subject acc.ver, % identity, alignment length, mismatches, gap opens, q. start, q. end, s. start, s. end, evalue, bit score
# 1 hits found
ECK120035136+	NC_002695.2	100.000	128	0	0	1	128	4644212	4644339	1.91e-63	237
# BLASTN 2.13.0+
# Query: L10328.1/43151-43173 slurp/ecgetrf.pl?CH03905 DE:[putative termination signal]+
# Database: E._coli_NC_002695.2_trans.fasta
# Fields: query acc.ver, subject acc.ver, % identity, alignment length, mismatches, gap opens, q. start, q. end, s. start, s. end, evalue, bit score
# 1 hits found
L10328.1/43151-43173	NC_002695.2	100.000	103	0	0	1	103	4644317	4644419	1.16e-49	191
# BLASTN 2.13.0+
# Query: L10328.1/126639-126661 slurp/ecgetrf.pl?CH03910 DE:[putative termination signal]+
# Database: E._coli_NC_002695.2_trans.fasta
# Fields: query acc.ver, subject acc.ver, % identity, alignment length, mismatches, gap opens, q. start, q. end, s. start, s. end, evalue, bit score
# 1 hits found
L10328.1/126639-126661	NC_002695.2	100.000	103	0	0	1	103	4730780	4730882	1.16e-49	191
# BLASTN 2.13.0+
# Query: M87049.1/13395-13431 slurp/ecgetrf.pl?CH03915 DE:[terminator-like sequence]+
# Database: E._coli_NC_002695.2_trans.fasta
# Fields: query acc.ver, subject acc.ver, % identity, alignment length, mismatches, gap opens, q. start, q. end, s. start, s. end, evalue, bit score
# 1 hits found
M87049.1/13395-13431	NC_002695.2	100.000	117	0	0	1	117	4753761	4753877	2.24e-57	217
# BLASTN 2.13.0+
# Query: M87049.1/33826-33862 slurp/ecgetrf.pl?CH03918 DE:[terminator-like sequence]+
# Database: E._coli_NC_002695.2_trans.fasta
# Fields: query acc.ver, subject acc.ver, % identity, alignment length, mismatches, gap opens, q. start, q. end, s. start, s. end, evalue, bit score
# 1 hits found
M87049.1/33826-33862	NC_002695.2	100.000	116	0	0	1	116	4774207	4774322	7.97e-57	215
# BLASTN 2.13.0+
# Query: M87049.1/39715-39749 slurp/ecgetrf.pl?CH03920 DE:[terminator-like sequence]+
# Database: E._coli_NC_002695.2_trans.fasta
# Fields: query acc.ver, subject acc.ver, % identity, alignment length, mismatches, gap opens, q. start, q. end, s. start, s. end, evalue, bit score
# 1 hits found
M87049.1/39715-39749	NC_002695.2	100.000	115	0	0	1	115	4780331	4780445	2.84e-56	213
# BLASTN 2.13.0+
# Query: M87049.1/70279-70299 slurp/ecgetrf.pl?CH03924 DE:[terminator-like sequence]+
# Database: E._coli_NC_002695.2_trans.fasta
# Fields: query acc.ver, subject acc.ver, % identity, alignment length, mismatches, gap opens, q. start, q. end, s. start, s. end, evalue, bit score
# 1 hits found
M87049.1/70279-70299	NC_002695.2	100.000	101	0	0	1	101	4813608	4813708	1.47e-48	187
# BLASTN 2.13.0+
# Query: X13002.1/1005-1031 slurp/ecgetrf.pl?CH03927 DE:[pot. stem-loop structure; pot. transcription terminator]+
# Database: E._coli_NC_002695.2_trans.fasta
# Fields: query acc.ver, subject acc.ver, % identity, alignment length, mismatches, gap opens, q. start, q. end, s. start, s. end, evalue, bit score
# 1 hits found
X13002.1/1005-1031	NC_002695.2	100.000	107	0	0	1	107	2432853	2432959	7.27e-52	198
# BLASTN 2.13.0+
# Query: Z23096.1/446-494 slurp/ecgetrf.pl?CH03930 DE:[Terminator Similar to gene dicF of E.coli dicABC]-
# Database: E._coli_NC_002695.2_trans.fasta
# Fields: query acc.ver, subject acc.ver, % identity, alignment length, mismatches, gap opens, q. start, q. end, s. start, s. end, evalue, bit score
# 1 hits found
Z23096.1/446-494	NC_002695.2	100.000	129	0	0	1	129	1927972	1928100	5.37e-64	239
# BLASTN 2.13.0+
# Query: L19201.1/12884-12927 slurp/ecgetrf.pl?CH03935 DE:[putative termination signal]+
# Database: E._coli_NC_002695.2_trans.fasta
# Fields: query acc.ver, subject acc.ver, % identity, alignment length, mismatches, gap opens, q. start, q. end, s. start, s. end, evalue, bit score
# 1 hits found
L19201.1/12884-12927	NC_002695.2	100.000	124	0	0	1	124	4847284	4847407	3.08e-61	230
# BLASTN 2.13.0+
# Query: ECK120010799+
# Database: E._coli_NC_002695.2_trans.fasta
# Fields: query acc.ver, subject acc.ver, % identity, alignment length, mismatches, gap opens, q. start, q. end, s. start, s. end, evalue, bit score
# 1 hits found
ECK120010799+	NC_002695.2	100.000	140	0	0	1	140	4847271	4847410	4.54e-70	259
# BLASTN 2.13.0+
# Query: L19201.1/63111-63151 slurp/ecgetrf.pl?CH03938 DE:[putative termination signal]+
# Database: E._coli_NC_002695.2_trans.fasta
# Fields: query acc.ver, subject acc.ver, % identity, alignment length, mismatches, gap opens, q. start, q. end, s. start, s. end, evalue, bit score
# 1 hits found
L19201.1/63111-63151	NC_002695.2	100.000	121	0	0	1	121	4901525	4901645	1.39e-59	224
# BLASTN 2.13.0+
# Query: L19201.1/71476-71507 slurp/ecgetrf.pl?CH03941 DE:[putative termination signal]+
# Database: E._coli_NC_002695.2_trans.fasta
# Fields: query acc.ver, subject acc.ver, % identity, alignment length, mismatches, gap opens, q. start, q. end, s. start, s. end, evalue, bit score
# 1 hits found
L19201.1/71476-71507	NC_002695.2	100.000	112	0	0	1	112	4909889	4910000	1.28e-54	207
# BLASTN 2.13.0+
# Query: L19201.1/82018-81996 slurp/ecgetrf.pl?CH03944 DE:[putative termination signal]-
# Database: E._coli_NC_002695.2_trans.fasta
# Fields: query acc.ver, subject acc.ver, % identity, alignment length, mismatches, gap opens, q. start, q. end, s. start, s. end, evalue, bit score
# 1 hits found
L19201.1/82018-81996	NC_002695.2	100.000	103	0	0	1	103	4921942	4922044	1.16e-49	191
# BLASTN 2.13.0+
# Query: ECK120010852-R+
# Database: E._coli_NC_002695.2_trans.fasta
# Fields: query acc.ver, subject acc.ver, % identity, alignment length, mismatches, gap opens, q. start, q. end, s. start, s. end, evalue, bit score
# 1 hits found
ECK120010852-R+	NC_002695.2	100.000	118	0	0	1	118	4921937	4922054	6.29e-58	219
# BLASTN 2.13.0+
# Query: ECK120010852-
# Database: E._coli_NC_002695.2_trans.fasta
# Fields: query acc.ver, subject acc.ver, % identity, alignment length, mismatches, gap opens, q. start, q. end, s. start, s. end, evalue, bit score
# 1 hits found
ECK120010852-	NC_002695.2	100.000	118	0	0	1	118	4921937	4922054	6.29e-58	219
# BLASTN 2.13.0+
# Query: U14003.1/28964-28938 slurp/ecgetrf.pl?CH05080-
# Database: E._coli_NC_002695.2_trans.fasta
# Fields: query acc.ver, subject acc.ver, % identity, alignment length, mismatches, gap opens, q. start, q. end, s. start, s. end, evalue, bit score
# 1 hits found
U14003.1/28964-28938	NC_002695.2	100.000	107	0	0	1	107	5192646	5192752	7.27e-52	198
# BLASTN 2.13.0+
# Query: U14003.1/28964-28938 slurp/ecgetrf.pl?CH05080-
# Database: E._coli_NC_002695.2_trans.fasta
# Fields: query acc.ver, subject acc.ver, % identity, alignment length, mismatches, gap opens, q. start, q. end, s. start, s. end, evalue, bit score
# 1 hits found
U14003.1/28964-28938	NC_002695.2	100.000	107	0	0	1	107	5192646	5192752	7.27e-52	198
# BLASTN 2.13.0+
# Query: seq10161 slurp/ecgetrf.pl?CH05080.1-
# Database: E._coli_NC_002695.2_trans.fasta
# Fields: query acc.ver, subject acc.ver, % identity, alignment length, mismatches, gap opens, q. start, q. end, s. start, s. end, evalue, bit score
# 1 hits found
seq10161	NC_002695.2	100.000	107	0	0	1	107	5192646	5192752	7.27e-52	198
# BLASTN 2.13.0+
# Query: seq10161 slurp/ecgetrf.pl?CH05080.1-
# Database: E._coli_NC_002695.2_trans.fasta
# Fields: query acc.ver, subject acc.ver, % identity, alignment length, mismatches, gap opens, q. start, q. end, s. start, s. end, evalue, bit score
# 1 hits found
seq10161	NC_002695.2	100.000	107	0	0	1	107	5192646	5192752	7.27e-52	198
# BLASTN 2.13.0+
# Query: seq10161 slurp/ecgetrf.pl?CH05080.1-
# Database: E._coli_NC_002695.2_trans.fasta
# Fields: query acc.ver, subject acc.ver, % identity, alignment length, mismatches, gap opens, q. start, q. end, s. start, s. end, evalue, bit score
# 1 hits found
seq10161	NC_002695.2	100.000	107	0	0	1	107	5192646	5192752	7.27e-52	198
# BLASTN 2.13.0+
# Query: seq10161 slurp/ecgetrf.pl?CH05080.1-
# Database: E._coli_NC_002695.2_trans.fasta
# Fields: query acc.ver, subject acc.ver, % identity, alignment length, mismatches, gap opens, q. start, q. end, s. start, s. end, evalue, bit score
# 1 hits found
seq10161	NC_002695.2	100.000	107	0	0	1	107	5192646	5192752	7.27e-52	198
# BLASTN 2.13.0+
# Query: U14003.1/53366-53342 slurp/ecgetrf.pl?CH05082+
# Database: E._coli_NC_002695.2_trans.fasta
# Fields: query acc.ver, subject acc.ver, % identity, alignment length, mismatches, gap opens, q. start, q. end, s. start, s. end, evalue, bit score
# 1 hits found
U14003.1/53366-53342	NC_002695.2	100.000	105	0	0	1	105	3852135	3852239	9.19e-51	195
# BLASTN 2.13.0+
# Query: U14003.1/69815-69791 slurp/ecgetrf.pl?CH05086-
# Database: E._coli_NC_002695.2_trans.fasta
# Fields: query acc.ver, subject acc.ver, % identity, alignment length, mismatches, gap opens, q. start, q. end, s. start, s. end, evalue, bit score
# 1 hits found
U14003.1/69815-69791	NC_002695.2	100.000	105	0	0	1	105	5233330	5233434	9.19e-51	195
# BLASTN 2.13.0+
# Query: ECK120010861-R+
# Database: E._coli_NC_002695.2_trans.fasta
# Fields: query acc.ver, subject acc.ver, % identity, alignment length, mismatches, gap opens, q. start, q. end, s. start, s. end, evalue, bit score
# 1 hits found
ECK120010861-R+	NC_002695.2	100.000	122	0	0	1	122	5233323	5233444	3.91e-60	226
# BLASTN 2.13.0+
# Query: frd_ampC-
# Database: E._coli_NC_002695.2_trans.fasta
# Fields: query acc.ver, subject acc.ver, % identity, alignment length, mismatches, gap opens, q. start, q. end, s. start, s. end, evalue, bit score
# 1 hits found
frd_ampC-	NC_002695.2	100.000	109	0	0	1	109	5233326	5233434	5.75e-53	202
# BLASTN 2.13.0+
# Query: U14003.1/117410-117437 slurp/ecgetrf.pl?CH05089+
# Database: E._coli_NC_002695.2_trans.fasta
# Fields: query acc.ver, subject acc.ver, % identity, alignment length, mismatches, gap opens, q. start, q. end, s. start, s. end, evalue, bit score
# 1 hits found
U14003.1/117410-117437	NC_002695.2	100.000	108	0	0	1	108	5280391	5280498	2.04e-52	200
# BLASTN 2.13.0+
# Query: U14003.1/161794-161766 slurp/ecgetrf.pl?CH05091-
# Database: E._coli_NC_002695.2_trans.fasta
# Fields: query acc.ver, subject acc.ver, % identity, alignment length, mismatches, gap opens, q. start, q. end, s. start, s. end, evalue, bit score
# 1 hits found
U14003.1/161794-161766	NC_002695.2	100.000	109	0	0	1	109	5326562	5326670	5.75e-53	202
# BLASTN 2.13.0+
# Query: J01636.1/1170-1210 slurp/ecgetrf.pl?CH05936 DE:[terminator overlapping CAP site]-
# Database: E._coli_NC_002695.2_trans.fasta
# Fields: query acc.ver, subject acc.ver, % identity, alignment length, mismatches, gap opens, q. start, q. end, s. start, s. end, evalue, bit score
# 1 hits found
J01636.1/1170-1210	NC_002695.2	100.000	121	0	0	1	121	423116	423236	1.39e-59	224
# BLASTN 2.13.0+
# Query: ECK120033737+
# Database: E._coli_NC_002695.2_trans.fasta
# Fields: query acc.ver, subject acc.ver, % identity, alignment length, mismatches, gap opens, q. start, q. end, s. start, s. end, evalue, bit score
# 1 hits found
ECK120033737+	NC_002695.2	100.000	136	0	0	1	136	242	377	7.34e-68	252
# BLASTN 2.13.0+
# Query: ECK120034435-
# Database: E._coli_NC_002695.2_trans.fasta
# Fields: query acc.ver, subject acc.ver, % identity, alignment length, mismatches, gap opens, q. start, q. end, s. start, s. end, evalue, bit score
# 1 hits found
ECK120034435-	NC_002695.2	100.000	137	0	0	1	137	4064611	4064747	2.06e-68	254
# BLASTN 2.13.0+
# Query: ECK120034435-R+
# Database: E._coli_NC_002695.2_trans.fasta
# Fields: query acc.ver, subject acc.ver, % identity, alignment length, mismatches, gap opens, q. start, q. end, s. start, s. end, evalue, bit score
# 1 hits found
ECK120034435-R+	NC_002695.2	100.000	137	0	0	1	137	4064611	4064747	2.06e-68	254
# BLASTN 2.13.0+
# Query: ECK120010818-
# Database: E._coli_NC_002695.2_trans.fasta
# Fields: query acc.ver, subject acc.ver, % identity, alignment length, mismatches, gap opens, q. start, q. end, s. start, s. end, evalue, bit score
# 1 hits found
ECK120010818-	NC_002695.2	100.000	134	0	0	1	134	4009385	4009518	9.33e-67	248
# BLASTN 2.13.0+
# Query: ECK120010794-R+
# Database: E._coli_NC_002695.2_trans.fasta
# Fields: query acc.ver, subject acc.ver, % identity, alignment length, mismatches, gap opens, q. start, q. end, s. start, s. end, evalue, bit score
# 1 hits found
ECK120010794-R+	NC_002695.2	100.000	114	0	0	1	114	4009388	4009501	1.01e-55	211
# BLASTN 2.13.0+
# Query: ECK120010793-R+
# Database: E._coli_NC_002695.2_trans.fasta
# Fields: query acc.ver, subject acc.ver, % identity, alignment length, mismatches, gap opens, q. start, q. end, s. start, s. end, evalue, bit score
# 1 hits found
ECK120010793-R+	NC_002695.2	100.000	114	0	0	1	114	4009388	4009501	1.01e-55	211
# BLASTN 2.13.0+
# Query: ECK120010793-
# Database: E._coli_NC_002695.2_trans.fasta
# Fields: query acc.ver, subject acc.ver, % identity, alignment length, mismatches, gap opens, q. start, q. end, s. start, s. end, evalue, bit score
# 1 hits found
ECK120010793-	NC_002695.2	100.000	114	0	0	1	114	4009388	4009501	1.01e-55	211
# BLASTN 2.13.0+
# Query: ECK120010869+
# Database: E._coli_NC_002695.2_trans.fasta
# Fields: query acc.ver, subject acc.ver, % identity, alignment length, mismatches, gap opens, q. start, q. end, s. start, s. end, evalue, bit score
# 1 hits found
ECK120010869+	NC_002695.2	100.000	115	0	0	1	115	4998572	4998686	2.84e-56	213
# BLASTN 2.13.0+
# Query: ECK120030221-R-
# Database: E._coli_NC_002695.2_trans.fasta
# Fields: query acc.ver, subject acc.ver, % identity, alignment length, mismatches, gap opens, q. start, q. end, s. start, s. end, evalue, bit score
# 1 hits found
ECK120030221-R-	NC_002695.2	100.000	116	0	0	1	116	1769625	1769740	7.97e-57	215
# BLASTN 2.13.0+
# Query: ECK120030221+
# Database: E._coli_NC_002695.2_trans.fasta
# Fields: query acc.ver, subject acc.ver, % identity, alignment length, mismatches, gap opens, q. start, q. end, s. start, s. end, evalue, bit score
# 1 hits found
ECK120030221+	NC_002695.2	100.000	116	0	0	1	116	1769625	1769740	7.97e-57	215
# BLASTN 2.13.0+
# Query: ECK120010832-R+
# Database: E._coli_NC_002695.2_trans.fasta
# Fields: query acc.ver, subject acc.ver, % identity, alignment length, mismatches, gap opens, q. start, q. end, s. start, s. end, evalue, bit score
# 1 hits found
ECK120010832-R+	NC_002695.2	100.000	115	0	0	1	115	1706864	1706978	2.84e-56	213
# BLASTN 2.13.0+
# Query: ECK120010832-
# Database: E._coli_NC_002695.2_trans.fasta
# Fields: query acc.ver, subject acc.ver, % identity, alignment length, mismatches, gap opens, q. start, q. end, s. start, s. end, evalue, bit score
# 1 hits found
ECK120010832-	NC_002695.2	100.000	115	0	0	1	115	1706864	1706978	2.84e-56	213
# BLASTN 2.13.0+
# Query: ECK120051401-
# Database: E._coli_NC_002695.2_trans.fasta
# Fields: query acc.ver, subject acc.ver, % identity, alignment length, mismatches, gap opens, q. start, q. end, s. start, s. end, evalue, bit score
# 1 hits found
ECK120051401-	NC_002695.2	100.000	127	0	0	1	127	3249947	3250073	6.82e-63	235
# BLASTN 2.13.0+
# Query: tonB_P14-
# Database: E._coli_NC_002695.2_trans.fasta
# Fields: query acc.ver, subject acc.ver, % identity, alignment length, mismatches, gap opens, q. start, q. end, s. start, s. end, evalue, bit score
# 1 hits found
tonB_P14-	NC_002695.2	100.000	135	0	0	1	135	1754747	1754881	2.62e-67	250
# BLASTN 2.13.0+
# Query: ECK120010792+
# Database: E._coli_NC_002695.2_trans.fasta
# Fields: query acc.ver, subject acc.ver, % identity, alignment length, mismatches, gap opens, q. start, q. end, s. start, s. end, evalue, bit score
# 1 hits found
ECK120010792+	NC_002695.2	100.000	132	0	0	1	132	1754747	1754878	1.19e-65	244
# BLASTN 2.13.0+
# Query: tonB+
# Database: E._coli_NC_002695.2_trans.fasta
# Fields: query acc.ver, subject acc.ver, % identity, alignment length, mismatches, gap opens, q. start, q. end, s. start, s. end, evalue, bit score
# 1 hits found
tonB+	NC_002695.2	100.000	118	0	0	1	118	1754757	1754874	6.29e-58	219
# BLASTN 2.13.0+
# Query: pyrBI-
# Database: E._coli_NC_002695.2_trans.fasta
# Fields: query acc.ver, subject acc.ver, % identity, alignment length, mismatches, gap opens, q. start, q. end, s. start, s. end, evalue, bit score
# 1 hits found
pyrBI-	NC_002695.2	100.000	109	0	0	1	109	5328042	5328150	5.75e-53	202
# BLASTN 2.13.0+
# Query: ilvBN+
# Database: E._coli_NC_002695.2_trans.fasta
# Fields: query acc.ver, subject acc.ver, % identity, alignment length, mismatches, gap opens, q. start, q. end, s. start, s. end, evalue, bit score
# 1 hits found
ilvBN+	NC_002695.2	100.000	116	0	0	1	116	4743971	4744086	7.97e-57	215
# BLASTN 2.13.0+
# Query: ECK120010797+
# Database: E._coli_NC_002695.2_trans.fasta
# Fields: query acc.ver, subject acc.ver, % identity, alignment length, mismatches, gap opens, q. start, q. end, s. start, s. end, evalue, bit score
# 1 hits found
ECK120010797+	NC_002695.2	100.000	118	0	0	1	118	3260839	3260956	6.29e-58	219
# BLASTN 2.13.0+
# Query: ECK120015452+
# Database: E._coli_NC_002695.2_trans.fasta
# Fields: query acc.ver, subject acc.ver, % identity, alignment length, mismatches, gap opens, q. start, q. end, s. start, s. end, evalue, bit score
# 1 hits found
ECK120015452+	NC_002695.2	100.000	127	0	0	1	127	785913	786039	6.82e-63	235
# BLASTN 2.13.0+
# Query: ECK120010815-
# Database: E._coli_NC_002695.2_trans.fasta
# Fields: query acc.ver, subject acc.ver, % identity, alignment length, mismatches, gap opens, q. start, q. end, s. start, s. end, evalue, bit score
# 1 hits found
ECK120010815-	NC_002695.2	100.000	127	0	0	1	127	2090236	2090362	6.82e-63	235
# BLASTN 2.13.0+
# Query: ECK120010815-R+
# Database: E._coli_NC_002695.2_trans.fasta
# Fields: query acc.ver, subject acc.ver, % identity, alignment length, mismatches, gap opens, q. start, q. end, s. start, s. end, evalue, bit score
# 1 hits found
ECK120010815-R+	NC_002695.2	100.000	127	0	0	1	127	2090236	2090362	6.82e-63	235
# BLASTN 2.13.0+
# Query: ECK120051385-
# Database: E._coli_NC_002695.2_trans.fasta
# Fields: query acc.ver, subject acc.ver, % identity, alignment length, mismatches, gap opens, q. start, q. end, s. start, s. end, evalue, bit score
# 1 hits found
ECK120051385-	NC_002695.2	100.000	129	0	0	1	129	3411608	3411736	5.37e-64	239
# BLASTN 2.13.0+
# Query: ECK120010846+
# Database: E._coli_NC_002695.2_trans.fasta
# Fields: query acc.ver, subject acc.ver, % identity, alignment length, mismatches, gap opens, q. start, q. end, s. start, s. end, evalue, bit score
# 1 hits found
ECK120010846+	NC_002695.2	100.000	122	0	0	1	122	4374957	4375078	3.91e-60	226
# BLASTN 2.13.0+
# Query: ECK120010853+
# Database: E._coli_NC_002695.2_trans.fasta
# Fields: query acc.ver, subject acc.ver, % identity, alignment length, mismatches, gap opens, q. start, q. end, s. start, s. end, evalue, bit score
# 1 hits found
ECK120010853+	NC_002695.2	100.000	132	0	0	1	132	562844	562975	1.19e-65	244
# BLASTN 2.13.0+
# Query: ECK120010825-
# Database: E._coli_NC_002695.2_trans.fasta
# Fields: query acc.ver, subject acc.ver, % identity, alignment length, mismatches, gap opens, q. start, q. end, s. start, s. end, evalue, bit score
# 1 hits found
ECK120010825-	NC_002695.2	100.000	127	0	0	1	127	1847734	1847860	6.82e-63	235
# BLASTN 2.13.0+
# Query: ECK120010825-R+
# Database: E._coli_NC_002695.2_trans.fasta
# Fields: query acc.ver, subject acc.ver, % identity, alignment length, mismatches, gap opens, q. start, q. end, s. start, s. end, evalue, bit score
# 1 hits found
ECK120010825-R+	NC_002695.2	100.000	127	0	0	1	127	1847734	1847860	6.82e-63	235
# BLASTN 2.13.0+
# Query: ECK120010833-
# Database: E._coli_NC_002695.2_trans.fasta
# Fields: query acc.ver, subject acc.ver, % identity, alignment length, mismatches, gap opens, q. start, q. end, s. start, s. end, evalue, bit score
# 1 hits found
ECK120010833-	NC_002695.2	100.000	131	0	0	1	131	2621898	2622028	4.23e-65	243
# BLASTN 2.13.0+
# Query: ECK120010833-R+
# Database: E._coli_NC_002695.2_trans.fasta
# Fields: query acc.ver, subject acc.ver, % identity, alignment length, mismatches, gap opens, q. start, q. end, s. start, s. end, evalue, bit score
# 1 hits found
ECK120010833-R+	NC_002695.2	100.000	131	0	0	1	131	2621898	2622028	4.23e-65	243
# BLASTN 2.13.0+
# Query: ECK120011170-
# Database: E._coli_NC_002695.2_trans.fasta
# Fields: query acc.ver, subject acc.ver, % identity, alignment length, mismatches, gap opens, q. start, q. end, s. start, s. end, evalue, bit score
# 1 hits found
ECK120011170-	NC_002695.2	100.000	119	0	0	1	119	790137	790255	1.77e-58	220
# BLASTN 2.13.0+
# Query: ECK120011170-R+
# Database: E._coli_NC_002695.2_trans.fasta
# Fields: query acc.ver, subject acc.ver, % identity, alignment length, mismatches, gap opens, q. start, q. end, s. start, s. end, evalue, bit score
# 1 hits found
ECK120011170-R+	NC_002695.2	100.000	119	0	0	1	119	790137	790255	1.77e-58	220
# BLASTN 2.13.0+
# Query: ECK120010866-R+
# Database: E._coli_NC_002695.2_trans.fasta
# Fields: query acc.ver, subject acc.ver, % identity, alignment length, mismatches, gap opens, q. start, q. end, s. start, s. end, evalue, bit score
# 1 hits found
ECK120010866-R+	NC_002695.2	100.000	117	0	0	1	117	790093	790209	2.24e-57	217
# BLASTN 2.13.0+
# Query: ECK120010866-
# Database: E._coli_NC_002695.2_trans.fasta
# Fields: query acc.ver, subject acc.ver, % identity, alignment length, mismatches, gap opens, q. start, q. end, s. start, s. end, evalue, bit score
# 1 hits found
ECK120010866-	NC_002695.2	100.000	117	0	0	1	117	790093	790209	2.24e-57	217
# BLASTN 2.13.0+
# Query: ECK120034551+
# Database: E._coli_NC_002695.2_trans.fasta
# Fields: query acc.ver, subject acc.ver, % identity, alignment length, mismatches, gap opens, q. start, q. end, s. start, s. end, evalue, bit score
# 1 hits found
ECK120034551+	NC_002695.2	100.000	133	0	0	1	133	294280	294412	3.33e-66	246
# BLASTN 2.13.0+
# Query: ECK120020525-
# Database: E._coli_NC_002695.2_trans.fasta
# Fields: query acc.ver, subject acc.ver, % identity, alignment length, mismatches, gap opens, q. start, q. end, s. start, s. end, evalue, bit score
# 1 hits found
ECK120020525-	NC_002695.2	100.000	116	0	0	1	116	4060648	4060763	7.97e-57	215
# BLASTN 2.13.0+
# Query: ECK120020525-R+
# Database: E._coli_NC_002695.2_trans.fasta
# Fields: query acc.ver, subject acc.ver, % identity, alignment length, mismatches, gap opens, q. start, q. end, s. start, s. end, evalue, bit score
# 1 hits found
ECK120020525-R+	NC_002695.2	100.000	116	0	0	1	116	4060648	4060763	7.97e-57	215
# BLASTN 2.13.0+
# Query: nusA_infB-
# Database: E._coli_NC_002695.2_trans.fasta
# Fields: query acc.ver, subject acc.ver, % identity, alignment length, mismatches, gap opens, q. start, q. end, s. start, s. end, evalue, bit score
# 1 hits found
nusA_infB-	NC_002695.2	100.000	144	0	0	1	144	4060610	4060753	2.80e-72	267
# BLASTN 2.13.0+
# Query: ECK120020526-R+
# Database: E._coli_NC_002695.2_trans.fasta
# Fields: query acc.ver, subject acc.ver, % identity, alignment length, mismatches, gap opens, q. start, q. end, s. start, s. end, evalue, bit score
# 1 hits found
ECK120020526-R+	NC_002695.2	100.000	113	0	0	1	113	4060607	4060719	3.59e-55	209
# BLASTN 2.13.0+
# Query: ECK120020526-
# Database: E._coli_NC_002695.2_trans.fasta
# Fields: query acc.ver, subject acc.ver, % identity, alignment length, mismatches, gap opens, q. start, q. end, s. start, s. end, evalue, bit score
# 1 hits found
ECK120020526-	NC_002695.2	100.000	113	0	0	1	113	4060607	4060719	3.59e-55	209
# BLASTN 2.13.0+
# Query: ECK120034436+
# Database: E._coli_NC_002695.2_trans.fasta
# Fields: query acc.ver, subject acc.ver, % identity, alignment length, mismatches, gap opens, q. start, q. end, s. start, s. end, evalue, bit score
# 1 hits found
ECK120034436+	NC_002695.2	100.000	121	0	0	1	121	3798213	3798333	1.39e-59	224
# BLASTN 2.13.0+
# Query: ECK120021270-
# Database: E._coli_NC_002695.2_trans.fasta
# Fields: query acc.ver, subject acc.ver, % identity, alignment length, mismatches, gap opens, q. start, q. end, s. start, s. end, evalue, bit score
# 1 hits found
ECK120021270-	NC_002695.2	100.000	120	0	0	1	120	2399163	2399282	4.96e-59	222
# BLASTN 2.13.0+
# Query: ECK120021270-R+
# Database: E._coli_NC_002695.2_trans.fasta
# Fields: query acc.ver, subject acc.ver, % identity, alignment length, mismatches, gap opens, q. start, q. end, s. start, s. end, evalue, bit score
# 1 hits found
ECK120021270-R+	NC_002695.2	100.000	120	0	0	1	120	2399163	2399282	4.96e-59	222
# BLASTN 2.13.0+
# Query: ECK125095454+
# Database: E._coli_NC_002695.2_trans.fasta
# Fields: query acc.ver, subject acc.ver, % identity, alignment length, mismatches, gap opens, q. start, q. end, s. start, s. end, evalue, bit score
# 1 hits found
ECK125095454+	NC_002695.2	100.000	118	0	0	1	118	195158	195275	6.29e-58	219
# BLASTN 2.13.0+
# Query: ECK120010874-
# Database: E._coli_NC_002695.2_trans.fasta
# Fields: query acc.ver, subject acc.ver, % identity, alignment length, mismatches, gap opens, q. start, q. end, s. start, s. end, evalue, bit score
# 1 hits found
ECK120010874-	NC_002695.2	100.000	119	0	0	1	119	4183357	4183475	1.77e-58	220
# BLASTN 2.13.0+
# Query: ECK120010874-R+
# Database: E._coli_NC_002695.2_trans.fasta
# Fields: query acc.ver, subject acc.ver, % identity, alignment length, mismatches, gap opens, q. start, q. end, s. start, s. end, evalue, bit score
# 1 hits found
ECK120010874-R+	NC_002695.2	100.000	119	0	0	1	119	4183357	4183475	1.77e-58	220
# BLASTN 2.13.0+
# Query: ECK120010796-
# Database: E._coli_NC_002695.2_trans.fasta
# Fields: query acc.ver, subject acc.ver, % identity, alignment length, mismatches, gap opens, q. start, q. end, s. start, s. end, evalue, bit score
# 1 hits found
ECK120010796-	NC_002695.2	100.000	126	0	0	1	126	3646643	3646768	2.43e-62	233
# BLASTN 2.13.0+
# Query: ECK120010796-R+
# Database: E._coli_NC_002695.2_trans.fasta
# Fields: query acc.ver, subject acc.ver, % identity, alignment length, mismatches, gap opens, q. start, q. end, s. start, s. end, evalue, bit score
# 1 hits found
ECK120010796-R+	NC_002695.2	100.000	126	0	0	1	126	3646643	3646768	2.43e-62	233
# BLASTN 2.13.0+
# Query: ECK120030218+
# Database: E._coli_NC_002695.2_trans.fasta
# Fields: query acc.ver, subject acc.ver, % identity, alignment length, mismatches, gap opens, q. start, q. end, s. start, s. end, evalue, bit score
# 1 hits found
ECK120030218+	NC_002695.2	100.000	117	0	0	1	117	2658347	2658463	2.24e-57	217
# BLASTN 2.13.0+
# Query: ECK120020528-
# Database: E._coli_NC_002695.2_trans.fasta
# Fields: query acc.ver, subject acc.ver, % identity, alignment length, mismatches, gap opens, q. start, q. end, s. start, s. end, evalue, bit score
# 1 hits found
ECK120020528-	NC_002695.2	100.000	120	0	0	1	120	4468536	4468655	4.96e-59	222
# BLASTN 2.13.0+
# Query: ECK120020528-R+
# Database: E._coli_NC_002695.2_trans.fasta
# Fields: query acc.ver, subject acc.ver, % identity, alignment length, mismatches, gap opens, q. start, q. end, s. start, s. end, evalue, bit score
# 1 hits found
ECK120020528-R+	NC_002695.2	100.000	120	0	0	1	120	4468536	4468655	4.96e-59	222
# BLASTN 2.13.0+
# Query: ECK120033265+
# Database: E._coli_NC_002695.2_trans.fasta
# Fields: query acc.ver, subject acc.ver, % identity, alignment length, mismatches, gap opens, q. start, q. end, s. start, s. end, evalue, bit score
# 1 hits found
ECK120033265+	NC_002695.2	100.000	128	0	0	1	128	4467935	4468062	1.91e-63	237
# BLASTN 2.13.0+
# Query: ECK120010834+
# Database: E._coli_NC_002695.2_trans.fasta
# Fields: query acc.ver, subject acc.ver, % identity, alignment length, mismatches, gap opens, q. start, q. end, s. start, s. end, evalue, bit score
# 1 hits found
ECK120010834+	NC_002695.2	100.000	131	0	0	1	131	3950651	3950781	4.23e-65	243
# BLASTN 2.13.0+
# Query: trp-
# Database: E._coli_NC_002695.2_trans.fasta
# Fields: query acc.ver, subject acc.ver, % identity, alignment length, mismatches, gap opens, q. start, q. end, s. start, s. end, evalue, bit score
# 1 hits found
trp-	NC_002695.2	100.000	108	0	0	1	108	1824085	1824192	2.04e-52	200
# BLASTN 2.13.0+
# Query: ECK120010841-
# Database: E._coli_NC_002695.2_trans.fasta
# Fields: query acc.ver, subject acc.ver, % identity, alignment length, mismatches, gap opens, q. start, q. end, s. start, s. end, evalue, bit score
# 1 hits found
ECK120010841-	NC_002695.2	100.000	121	0	0	1	121	4319209	4319329	1.39e-59	224
# BLASTN 2.13.0+
# Query: ECK120010841-R+
# Database: E._coli_NC_002695.2_trans.fasta
# Fields: query acc.ver, subject acc.ver, % identity, alignment length, mismatches, gap opens, q. start, q. end, s. start, s. end, evalue, bit score
# 1 hits found
ECK120010841-R+	NC_002695.2	100.000	121	0	0	1	121	4319209	4319329	1.39e-59	224
# BLASTN 2.13.0+
# Query: ECK120030673+
# Database: E._coli_NC_002695.2_trans.fasta
# Fields: query acc.ver, subject acc.ver, % identity, alignment length, mismatches, gap opens, q. start, q. end, s. start, s. end, evalue, bit score
# 1 hits found
ECK120030673+	NC_002695.2	100.000	125	0	0	1	125	33573	33697	8.65e-62	231
# BLASTN 2.13.0+
# Query: ECK120029530-
# Database: E._coli_NC_002695.2_trans.fasta
# Fields: query acc.ver, subject acc.ver, % identity, alignment length, mismatches, gap opens, q. start, q. end, s. start, s. end, evalue, bit score
# 1 hits found
ECK120029530-	NC_002695.2	100.000	128	0	0	1	128	3347133	3347260	1.91e-63	237
# BLASTN 2.13.0+
# Query: ECK120029530-R+
# Database: E._coli_NC_002695.2_trans.fasta
# Fields: query acc.ver, subject acc.ver, % identity, alignment length, mismatches, gap opens, q. start, q. end, s. start, s. end, evalue, bit score
# 1 hits found
ECK120029530-R+	NC_002695.2	100.000	128	0	0	1	128	3347133	3347260	1.91e-63	237
# BLASTN 2.13.0+
# Query: ECK125095455-
# Database: E._coli_NC_002695.2_trans.fasta
# Fields: query acc.ver, subject acc.ver, % identity, alignment length, mismatches, gap opens, q. start, q. end, s. start, s. end, evalue, bit score
# 1 hits found
ECK125095455-	NC_002695.2	100.000	141	0	0	1	141	4071382	4071522	1.27e-70	261
# BLASTN 2.13.0+
# Query: ECK120048902+
# Database: E._coli_NC_002695.2_trans.fasta
# Fields: query acc.ver, subject acc.ver, % identity, alignment length, mismatches, gap opens, q. start, q. end, s. start, s. end, evalue, bit score
# 1 hits found
ECK120048902+	NC_002695.2	100.000	116	0	0	1	116	3257885	3258000	7.97e-57	215
# BLASTN 2.13.0+
# Query: ECK120010827-
# Database: E._coli_NC_002695.2_trans.fasta
# Fields: query acc.ver, subject acc.ver, % identity, alignment length, mismatches, gap opens, q. start, q. end, s. start, s. end, evalue, bit score
# 1 hits found
ECK120010827-	NC_002695.2	100.000	128	0	0	1	128	5192736	5192863	1.91e-63	237
# BLASTN 2.13.0+
# Query: ECK120010791-
# Database: E._coli_NC_002695.2_trans.fasta
# Fields: query acc.ver, subject acc.ver, % identity, alignment length, mismatches, gap opens, q. start, q. end, s. start, s. end, evalue, bit score
# 1 hits found
ECK120010791-	NC_002695.2	100.000	117	0	0	1	117	5095890	5096006	2.24e-57	217
# BLASTN 2.13.0+
# Query: ECK120010791-R+
# Database: E._coli_NC_002695.2_trans.fasta
# Fields: query acc.ver, subject acc.ver, % identity, alignment length, mismatches, gap opens, q. start, q. end, s. start, s. end, evalue, bit score
# 1 hits found
ECK120010791-R+	NC_002695.2	100.000	117	0	0	1	117	5095890	5096006	2.24e-57	217
# BLASTN 2.13.0+
# Query: ECK120048897-
# Database: E._coli_NC_002695.2_trans.fasta
# Fields: query acc.ver, subject acc.ver, % identity, alignment length, mismatches, gap opens, q. start, q. end, s. start, s. end, evalue, bit score
# 1 hits found
ECK120048897-	NC_002695.2	100.000	128	0	0	1	128	2297852	2297979	1.91e-63	237
# BLASTN 2.13.0+
# Query: ECK120048897-R+
# Database: E._coli_NC_002695.2_trans.fasta
# Fields: query acc.ver, subject acc.ver, % identity, alignment length, mismatches, gap opens, q. start, q. end, s. start, s. end, evalue, bit score
# 1 hits found
ECK120048897-R+	NC_002695.2	100.000	128	0	0	1	128	2297852	2297979	1.91e-63	237
# BLASTN 2.13.0+
# Query: ECK120010803-
# Database: E._coli_NC_002695.2_trans.fasta
# Fields: query acc.ver, subject acc.ver, % identity, alignment length, mismatches, gap opens, q. start, q. end, s. start, s. end, evalue, bit score
# 1 hits found
ECK120010803-	NC_002695.2	100.000	121	0	0	1	121	2534003	2534123	1.39e-59	224
# BLASTN 2.13.0+
# Query: ECK120010803-R+
# Database: E._coli_NC_002695.2_trans.fasta
# Fields: query acc.ver, subject acc.ver, % identity, alignment length, mismatches, gap opens, q. start, q. end, s. start, s. end, evalue, bit score
# 1 hits found
ECK120010803-R+	NC_002695.2	100.000	121	0	0	1	121	2534003	2534123	1.39e-59	224
# BLASTN 2.13.0+
# Query: pheST-
# Database: E._coli_NC_002695.2_trans.fasta
# Fields: query acc.ver, subject acc.ver, % identity, alignment length, mismatches, gap opens, q. start, q. end, s. start, s. end, evalue, bit score
# 1 hits found
pheST-	NC_002695.2	100.000	106	0	0	1	106	2398962	2399067	2.58e-51	196
# BLASTN 2.13.0+
# Query: ECK120021269-R+
# Database: E._coli_NC_002695.2_trans.fasta
# Fields: query acc.ver, subject acc.ver, % identity, alignment length, mismatches, gap opens, q. start, q. end, s. start, s. end, evalue, bit score
# 1 hits found
ECK120021269-R+	NC_002695.2	100.000	116	0	0	1	116	2398961	2399076	7.97e-57	215
# BLASTN 2.13.0+
# Query: ECK120015957-
# Database: E._coli_NC_002695.2_trans.fasta
# Fields: query acc.ver, subject acc.ver, % identity, alignment length, mismatches, gap opens, q. start, q. end, s. start, s. end, evalue, bit score
# 1 hits found
ECK120015957-	NC_002695.2	100.000	115	0	0	1	115	5321899	5322013	2.84e-56	213
# BLASTN 2.13.0+
# Query: ECK120015448+
# Database: E._coli_NC_002695.2_trans.fasta
# Fields: query acc.ver, subject acc.ver, % identity, alignment length, mismatches, gap opens, q. start, q. end, s. start, s. end, evalue, bit score
# 1 hits found
ECK120015448+	NC_002695.2	100.000	133	0	0	1	133	2630250	2630382	3.33e-66	246
# BLASTN 2.13.0+
# Query: ECK120010816-
# Database: E._coli_NC_002695.2_trans.fasta
# Fields: query acc.ver, subject acc.ver, % identity, alignment length, mismatches, gap opens, q. start, q. end, s. start, s. end, evalue, bit score
# 1 hits found
ECK120010816-	NC_002695.2	100.000	178	0	0	1	178	4272779	4272956	4.46e-91	329
# BLASTN 2.13.0+
# Query: ECK120010845-
# Database: E._coli_NC_002695.2_trans.fasta
# Fields: query acc.ver, subject acc.ver, % identity, alignment length, mismatches, gap opens, q. start, q. end, s. start, s. end, evalue, bit score
# 1 hits found
ECK120010845-	NC_002695.2	100.000	119	0	0	1	119	3154285	3154403	1.77e-58	220
# BLASTN 2.13.0+
# Query: ECK120030220+
# Database: E._coli_NC_002695.2_trans.fasta
# Fields: query acc.ver, subject acc.ver, % identity, alignment length, mismatches, gap opens, q. start, q. end, s. start, s. end, evalue, bit score
# 1 hits found
ECK120030220+	NC_002695.2	100.000	126	0	0	1	126	416980	417105	2.43e-62	233
# BLASTN 2.13.0+
# Query: ECK120033264-
# Database: E._coli_NC_002695.2_trans.fasta
# Fields: query acc.ver, subject acc.ver, % identity, alignment length, mismatches, gap opens, q. start, q. end, s. start, s. end, evalue, bit score
# 1 hits found
ECK120033264-	NC_002695.2	100.000	248	0	0	1	248	4643385	4643632	7.88e-130	459
# BLASTN 2.13.0+
# Query: ECK120010779+
# Database: E._coli_NC_002695.2_trans.fasta
# Fields: query acc.ver, subject acc.ver, % identity, alignment length, mismatches, gap opens, q. start, q. end, s. start, s. end, evalue, bit score
# 1 hits found
ECK120010779+	NC_002695.2	100.000	129	0	0	1	129	3459114	3459242	5.37e-64	239
# BLASTN 2.13.0+
# Query: ECK120010779-R-
# Database: E._coli_NC_002695.2_trans.fasta
# Fields: query acc.ver, subject acc.ver, % identity, alignment length, mismatches, gap opens, q. start, q. end, s. start, s. end, evalue, bit score
# 1 hits found
ECK120010779-R-	NC_002695.2	100.000	129	0	0	1	129	3459114	3459242	5.37e-64	239
# BLASTN 2.13.0+
# Query: ECK120015456-
# Database: E._coli_NC_002695.2_trans.fasta
# Fields: query acc.ver, subject acc.ver, % identity, alignment length, mismatches, gap opens, q. start, q. end, s. start, s. end, evalue, bit score
# 1 hits found
ECK120015456-	NC_002695.2	100.000	120	0	0	1	120	3808984	3809103	4.96e-59	222
# BLASTN 2.13.0+
# Query: ECK120015456-R+
# Database: E._coli_NC_002695.2_trans.fasta
# Fields: query acc.ver, subject acc.ver, % identity, alignment length, mismatches, gap opens, q. start, q. end, s. start, s. end, evalue, bit score
# 1 hits found
ECK120015456-R+	NC_002695.2	100.000	120	0	0	1	120	3808984	3809103	4.96e-59	222
# BLASTN 2.13.0+
# Query: ECK120035135-
# Database: E._coli_NC_002695.2_trans.fasta
# Fields: query acc.ver, subject acc.ver, % identity, alignment length, mismatches, gap opens, q. start, q. end, s. start, s. end, evalue, bit score
# 1 hits found
ECK120035135-	NC_002695.2	100.000	129	0	0	1	129	2753934	2754062	5.37e-64	239
# BLASTN 2.13.0+
# Query: ECK120035135-R+
# Database: E._coli_NC_002695.2_trans.fasta
# Fields: query acc.ver, subject acc.ver, % identity, alignment length, mismatches, gap opens, q. start, q. end, s. start, s. end, evalue, bit score
# 1 hits found
ECK120035135-R+	NC_002695.2	100.000	129	0	0	1	129	2753934	2754062	5.37e-64	239
# BLASTN 2.13.0+
# Query: ECK120034954+
# Database: E._coli_NC_002695.2_trans.fasta
# Fields: query acc.ver, subject acc.ver, % identity, alignment length, mismatches, gap opens, q. start, q. end, s. start, s. end, evalue, bit score
# 1 hits found
ECK120034954+	NC_002695.2	100.000	123	0	0	1	123	4759973	4760095	1.10e-60	228
# BLASTN 2.13.0+
# Query: ECK120010801+
# Database: E._coli_NC_002695.2_trans.fasta
# Fields: query acc.ver, subject acc.ver, % identity, alignment length, mismatches, gap opens, q. start, q. end, s. start, s. end, evalue, bit score
# 1 hits found
ECK120010801+	NC_002695.2	100.000	118	0	0	1	118	2271591	2271708	6.29e-58	219
# BLASTN 2.13.0+
# Query: ECK120034948+
# Database: E._coli_NC_002695.2_trans.fasta
# Fields: query acc.ver, subject acc.ver, % identity, alignment length, mismatches, gap opens, q. start, q. end, s. start, s. end, evalue, bit score
# 1 hits found
ECK120034948+	NC_002695.2	100.000	127	0	0	1	127	5231063	5231189	6.82e-63	235
# BLASTN 2.13.0+
# Query: ECK125109868-
# Database: E._coli_NC_002695.2_trans.fasta
# Fields: query acc.ver, subject acc.ver, % identity, alignment length, mismatches, gap opens, q. start, q. end, s. start, s. end, evalue, bit score
# 1 hits found
ECK125109868-	NC_002695.2	100.000	131	0	0	1	131	4405751	4405881	4.23e-65	243
# BLASTN 2.13.0+
# Query: ECK120034949+
# Database: E._coli_NC_002695.2_trans.fasta
# Fields: query acc.ver, subject acc.ver, % identity, alignment length, mismatches, gap opens, q. start, q. end, s. start, s. end, evalue, bit score
# 1 hits found
ECK120034949+	NC_002695.2	100.000	122	0	0	1	122	4999230	4999351	3.91e-60	226
# BLASTN 2.13.0+
# Query: ECK120015443-
# Database: E._coli_NC_002695.2_trans.fasta
# Fields: query acc.ver, subject acc.ver, % identity, alignment length, mismatches, gap opens, q. start, q. end, s. start, s. end, evalue, bit score
# 1 hits found
ECK120015443-	NC_002695.2	100.000	117	0	0	1	117	3796242	3796358	2.24e-57	217
# BLASTN 2.13.0+
# Query: ECK120015443-R+
# Database: E._coli_NC_002695.2_trans.fasta
# Fields: query acc.ver, subject acc.ver, % identity, alignment length, mismatches, gap opens, q. start, q. end, s. start, s. end, evalue, bit score
# 1 hits found
ECK120015443-R+	NC_002695.2	100.000	117	0	0	1	117	3796242	3796358	2.24e-57	217
# BLASTN 2.13.0+
# Query: ECK120010839+
# Database: E._coli_NC_002695.2_trans.fasta
# Fields: query acc.ver, subject acc.ver, % identity, alignment length, mismatches, gap opens, q. start, q. end, s. start, s. end, evalue, bit score
# 1 hits found
ECK120010839+	NC_002695.2	100.000	124	0	0	1	124	3832665	3832788	3.08e-61	230
# BLASTN 2.13.0+
# Query: ECK120010838+
# Database: E._coli_NC_002695.2_trans.fasta
# Fields: query acc.ver, subject acc.ver, % identity, alignment length, mismatches, gap opens, q. start, q. end, s. start, s. end, evalue, bit score
# 1 hits found
ECK120010838+	NC_002695.2	100.000	121	0	0	1	121	3832679	3832799	1.39e-59	224
# BLASTN 2.13.0+
# Query: ECK120026312-
# Database: E._coli_NC_002695.2_trans.fasta
# Fields: query acc.ver, subject acc.ver, % identity, alignment length, mismatches, gap opens, q. start, q. end, s. start, s. end, evalue, bit score
# 1 hits found
ECK120026312-	NC_002695.2	100.000	119	0	0	1	119	5458574	5458692	1.77e-58	220
# BLASTN 2.13.0+
# Query: ECK120026312-R+
# Database: E._coli_NC_002695.2_trans.fasta
# Fields: query acc.ver, subject acc.ver, % identity, alignment length, mismatches, gap opens, q. start, q. end, s. start, s. end, evalue, bit score
# 1 hits found
ECK120026312-R+	NC_002695.2	100.000	119	0	0	1	119	5458574	5458692	1.77e-58	220
# BLASTN 2.13.0+
# Query: ECK120030801-
# Database: E._coli_NC_002695.2_trans.fasta
# Fields: query acc.ver, subject acc.ver, % identity, alignment length, mismatches, gap opens, q. start, q. end, s. start, s. end, evalue, bit score
# 1 hits found
ECK120030801-	NC_002695.2	100.000	128	0	0	1	128	4971479	4971606	1.91e-63	237
# BLASTN 2.13.0+
# Query: ECK120030801-R+
# Database: E._coli_NC_002695.2_trans.fasta
# Fields: query acc.ver, subject acc.ver, % identity, alignment length, mismatches, gap opens, q. start, q. end, s. start, s. end, evalue, bit score
# 1 hits found
ECK120030801-R+	NC_002695.2	100.000	128	0	0	1	128	4971479	4971606	1.91e-63	237
# BLASTN 2.13.0+
# Query: ECK120030800+
# Database: E._coli_NC_002695.2_trans.fasta
# Fields: query acc.ver, subject acc.ver, % identity, alignment length, mismatches, gap opens, q. start, q. end, s. start, s. end, evalue, bit score
# 1 hits found
ECK120030800+	NC_002695.2	100.000	125	0	0	1	125	1505914	1506038	8.65e-62	231
# BLASTN 2.13.0+
# Query: ECK120048900+
# Database: E._coli_NC_002695.2_trans.fasta
# Fields: query acc.ver, subject acc.ver, % identity, alignment length, mismatches, gap opens, q. start, q. end, s. start, s. end, evalue, bit score
# 1 hits found
ECK120048900+	NC_002695.2	100.000	123	0	0	1	123	4910744	4910866	1.10e-60	228
# BLASTN 2.13.0+
# Query: ECK125109869-
# Database: E._coli_NC_002695.2_trans.fasta
# Fields: query acc.ver, subject acc.ver, % identity, alignment length, mismatches, gap opens, q. start, q. end, s. start, s. end, evalue, bit score
# 1 hits found
ECK125109869-	NC_002695.2	100.000	124	0	0	1	124	4559030	4559153	3.08e-61	230
# BLASTN 2.13.0+
# Query: ECK120020527+
# Database: E._coli_NC_002695.2_trans.fasta
# Fields: query acc.ver, subject acc.ver, % identity, alignment length, mismatches, gap opens, q. start, q. end, s. start, s. end, evalue, bit score
# 1 hits found
ECK120020527+	NC_002695.2	100.000	114	0	0	1	114	4145067	4145180	1.01e-55	211
# BLASTN 2.13.0+
# Query: ECK120027917-
# Database: E._coli_NC_002695.2_trans.fasta
# Fields: query acc.ver, subject acc.ver, % identity, alignment length, mismatches, gap opens, q. start, q. end, s. start, s. end, evalue, bit score
# 1 hits found
ECK120027917-	NC_002695.2	100.000	128	0	0	1	128	139079	139206	1.91e-63	237
# BLASTN 2.13.0+
# Query: ECK120027917-R+
# Database: E._coli_NC_002695.2_trans.fasta
# Fields: query acc.ver, subject acc.ver, % identity, alignment length, mismatches, gap opens, q. start, q. end, s. start, s. end, evalue, bit score
# 1 hits found
ECK120027917-R+	NC_002695.2	100.000	128	0	0	1	128	139079	139206	1.91e-63	237
# BLASTN 2.13.0+
# Query: ECK120010835-R+
# Database: E._coli_NC_002695.2_trans.fasta
# Fields: query acc.ver, subject acc.ver, % identity, alignment length, mismatches, gap opens, q. start, q. end, s. start, s. end, evalue, bit score
# 1 hits found
ECK120010835-R+	NC_002695.2	100.000	151	0	0	1	151	3593834	3593984	3.80e-76	279
# BLASTN 2.13.0+
# Query: ECK120015447-R+
# Database: E._coli_NC_002695.2_trans.fasta
# Fields: query acc.ver, subject acc.ver, % identity, alignment length, mismatches, gap opens, q. start, q. end, s. start, s. end, evalue, bit score
# 1 hits found
ECK120015447-R+	NC_002695.2	100.000	124	0	0	1	124	3236642	3236765	3.08e-61	230
# BLASTN 2.13.0+
# Query: ECK120010786-R+
# Database: E._coli_NC_002695.2_trans.fasta
# Fields: query acc.ver, subject acc.ver, % identity, alignment length, mismatches, gap opens, q. start, q. end, s. start, s. end, evalue, bit score
# 1 hits found
ECK120010786-R+	NC_002695.2	100.000	118	0	0	1	118	3546674	3546791	6.29e-58	219
# BLAST processed 174 queries
