# BLASTN 2.13.0+
# Query: X60293.1/246-293 slurp/ecgetrf.pl?CH03783 DE:[Terminator cysB]+
# Database: B._ferragutiae_NZ_CP093332.1_trans.fasta
# 0 hits found
# BLASTN 2.13.0+
# Query: ECK120010828+
# Database: B._ferragutiae_NZ_CP093332.1_trans.fasta
# 0 hits found
# BLASTN 2.13.0+
# Query: X15237.1/1846-1870 slurp/ecgetrf.pl?CH03787 DE:[pot. stem-loop structure]+
# Database: B._ferragutiae_NZ_CP093332.1_trans.fasta
# 0 hits found
# BLASTN 2.13.0+
# Query: ECK120029528-R+
# Database: B._ferragutiae_NZ_CP093332.1_trans.fasta
# 0 hits found
# BLASTN 2.13.0+
# Query: ECK120029528-
# Database: B._ferragutiae_NZ_CP093332.1_trans.fasta
# 0 hits found
# BLASTN 2.13.0+
# Query: X17333.1/1415-1439 slurp/ecgetrf.pl?CH03793 DE:[put. bidirectional transcriptional terminator]-
# Database: B._ferragutiae_NZ_CP093332.1_trans.fasta
# 0 hits found
# BLASTN 2.13.0+
# Query: X06091.1/1417-1440 slurp/ecgetrf.pl?CH03791 DE:[pot. stem-loop structure; pot. transcription terminator]-
# Database: B._ferragutiae_NZ_CP093332.1_trans.fasta
# 0 hits found
# BLASTN 2.13.0+
# Query: X68192.1/1637-1678 slurp/ecgetrf.pl?CH03795 DE:[terminator II]-
# Database: B._ferragutiae_NZ_CP093332.1_trans.fasta
# 0 hits found
# BLASTN 2.13.0+
# Query: M87625.1/2270-2297 slurp/ecgetrf.pl?CH03800 DE:[termination sequence]+
# Database: B._ferragutiae_NZ_CP093332.1_trans.fasta
# 0 hits found
# BLASTN 2.13.0+
# Query: M87049.1/68404-68432 slurp/ecgetrf.pl?CH03923 DE:[terminator-like sequence]+
# Database: B._ferragutiae_NZ_CP093332.1_trans.fasta
# 0 hits found
# BLASTN 2.13.0+
# Query: X61919.1/257-295 slurp/ecgetrf.pl?CH03803 DE:[crp divergent RNA transcription terminator]-
# Database: B._ferragutiae_NZ_CP093332.1_trans.fasta
# 0 hits found
# BLASTN 2.13.0+
# Query: X01653.1/3207-3232 slurp/ecgetrf.pl?CH03805 DE:[pot. stem-loop structure]+
# Database: B._ferragutiae_NZ_CP093332.1_trans.fasta
# 0 hits found
# BLASTN 2.13.0+
# Query: X05629.1/80-111 slurp/ecgetrf.pl?CH03808 DE:[Terminator deoT]+
# Database: B._ferragutiae_NZ_CP093332.1_trans.fasta
# 0 hits found
# BLASTN 2.13.0+
# Query: U14003.1/312468-312496 slurp/ecgetrf.pl?CH05099+
# Database: B._ferragutiae_NZ_CP093332.1_trans.fasta
# 0 hits found
# BLASTN 2.13.0+
# Query: X00547.1/1104-1134 slurp/ecgetrf.pl?CH03811 DE:[Pot. transcription terminator]-
# Database: B._ferragutiae_NZ_CP093332.1_trans.fasta
# 0 hits found
# BLASTN 2.13.0+
# Query: M84991.1/1269-1309 slurp/ecgetrf.pl?CH03814 DE:[Terminatorfor fatty acid biosynthesis operon]+
# Database: B._ferragutiae_NZ_CP093332.1_trans.fasta
# 0 hits found
# BLASTN 2.13.0+
# Query: X08087.1/907-941 slurp/ecgetrf.pl?CH03816 DE:[Pot. stem-loop structure; pot. transcription terminator]+
# Database: B._ferragutiae_NZ_CP093332.1_trans.fasta
# Fields: query acc.ver, subject acc.ver, % identity, alignment length, mismatches, gap opens, q. start, q. end, s. start, s. end, evalue, bit score
# 1 hits found
X08087.1/907-941	NZ_CP093332.1	88.235	34	3	1	33	65	2543839	2543872	4.90e-04	39.9
# BLASTN 2.13.0+
# Query: ECK120048898+
# Database: B._ferragutiae_NZ_CP093332.1_trans.fasta
# Fields: query acc.ver, subject acc.ver, % identity, alignment length, mismatches, gap opens, q. start, q. end, s. start, s. end, evalue, bit score
# 1 hits found
ECK120048898+	NZ_CP093332.1	88.235	34	3	1	43	75	2543839	2543872	5.26e-04	39.9
# BLASTN 2.13.0+
# Query: X63666.1/1540-1567 slurp/ecgetrf.pl?CH03819 DE:[Putative termination signal]+
# Database: B._ferragutiae_NZ_CP093332.1_trans.fasta
# 0 hits found
# BLASTN 2.13.0+
# Query: X04065.1/1578-1619 slurp/ecgetrf.pl?CH03822 DE:[Stem-loop structure; pot. transcription terminator]-
# Database: B._ferragutiae_NZ_CP093332.1_trans.fasta
# 0 hits found
# BLASTN 2.13.0+
# Query: X06744.1/2831-2858 slurp/ecgetrf.pl?CH03831 DE:[Put. stem loop structure]-
# Database: B._ferragutiae_NZ_CP093332.1_trans.fasta
# 0 hits found
# BLASTN 2.13.0+
# Query: X04864.1/495-528 slurp/ecgetrf.pl?CH03835 DE:[Put. transcription terminator]+
# Database: B._ferragutiae_NZ_CP093332.1_trans.fasta
# 0 hits found
# BLASTN 2.13.0+
# Query: X67700.1/988-1010 slurp/ecgetrf.pl?CH03840 DE:[ORF1 terminator]+
# Database: B._ferragutiae_NZ_CP093332.1_trans.fasta
# 0 hits found
# BLASTN 2.13.0+
# Query: L12044.1/1999-2037 slurp/ecgetrf.pl?CH03848 DE:[Terminator kch]-
# Database: B._ferragutiae_NZ_CP093332.1_trans.fasta
# 0 hits found
# BLASTN 2.13.0+
# Query: X14135.1/195-222 slurp/ecgetrf.pl?CH03860 DE:[Pot. stem loop structure]-
# Database: B._ferragutiae_NZ_CP093332.1_trans.fasta
# 0 hits found
# BLASTN 2.13.0+
# Query: X57402.1/1077-1106 slurp/ecgetrf.pl?CH03864 DE:[Terminator dapA, nlpB]-
# Database: B._ferragutiae_NZ_CP093332.1_trans.fasta
# 0 hits found
# BLASTN 2.13.0+
# Query: ECK120010784-
# Database: B._ferragutiae_NZ_CP093332.1_trans.fasta
# 0 hits found
# BLASTN 2.13.0+
# Query: X08035.1/2423-2452 slurp/ecgetrf.pl?CH03870 DE:[pot.stem-loop structure]-
# Database: B._ferragutiae_NZ_CP093332.1_trans.fasta
# 0 hits found
# BLASTN 2.13.0+
# Query: D90227.1/10944-10985 slurp/ecgetrf.pl?CH03874 DE:[pot. terminator 1]-
# Database: B._ferragutiae_NZ_CP093332.1_trans.fasta
# Fields: query acc.ver, subject acc.ver, % identity, alignment length, mismatches, gap opens, q. start, q. end, s. start, s. end, evalue, bit score
# 1 hits found
D90227.1/10944-10985	NZ_CP093332.1	100.000	40	0	0	45	84	822244	822283	1.44e-14	75.0
# BLASTN 2.13.0+
# Query: ECK120035132-R+
# Database: B._ferragutiae_NZ_CP093332.1_trans.fasta
# Fields: query acc.ver, subject acc.ver, % identity, alignment length, mismatches, gap opens, q. start, q. end, s. start, s. end, evalue, bit score
# 1 hits found
ECK120035132-R+	NZ_CP093332.1	100.000	40	0	0	49	88	822244	822283	1.46e-14	75.0
# BLASTN 2.13.0+
# Query: ECK120035132-
# Database: B._ferragutiae_NZ_CP093332.1_trans.fasta
# Fields: query acc.ver, subject acc.ver, % identity, alignment length, mismatches, gap opens, q. start, q. end, s. start, s. end, evalue, bit score
# 1 hits found
ECK120035132-	NZ_CP093332.1	100.000	40	0	0	49	88	822244	822283	1.46e-14	75.0
# BLASTN 2.13.0+
# Query: M94104.1/1639-1668 slurp/ecgetrf.pl?CH03879 DE:[putative termination signal]-
# Database: B._ferragutiae_NZ_CP093332.1_trans.fasta
# 0 hits found
# BLASTN 2.13.0+
# Query: L10328.1/55847-55820 slurp/ecgetrf.pl?CH03906 DE:[putative termination signal]-
# Database: B._ferragutiae_NZ_CP093332.1_trans.fasta
# 0 hits found
# BLASTN 2.13.0+
# Query: X04469.1/1953-1977 slurp/ecgetrf.pl?CH03882 DE:[pot. transcription terminator]-
# Database: B._ferragutiae_NZ_CP093332.1_trans.fasta
# 0 hits found
# BLASTN 2.13.0+
# Query: X52363.1/127-157 slurp/ecgetrf.pl?CH03887 DE:[rrfG transcription terminator]+
# Database: B._ferragutiae_NZ_CP093332.1_trans.fasta
# Fields: query acc.ver, subject acc.ver, % identity, alignment length, mismatches, gap opens, q. start, q. end, s. start, s. end, evalue, bit score
# 1 hits found
X52363.1/127-157	NZ_CP093332.1	90.000	70	7	0	1	70	442940	443009	1.28e-19	91.6
# BLASTN 2.13.0+
# Query: L19201.1/2459-2489 slurp/ecgetrf.pl?CH03932 DE:[putative termination signal]+
# Database: B._ferragutiae_NZ_CP093332.1_trans.fasta
# Fields: query acc.ver, subject acc.ver, % identity, alignment length, mismatches, gap opens, q. start, q. end, s. start, s. end, evalue, bit score
# 1 hits found
L19201.1/2459-2489	NZ_CP093332.1	89.394	66	7	0	1	66	442944	443009	2.14e-17	84.2
# BLASTN 2.13.0+
# Query: ECK120051382-
# Database: B._ferragutiae_NZ_CP093332.1_trans.fasta
# Fields: query acc.ver, subject acc.ver, % identity, alignment length, mismatches, gap opens, q. start, q. end, s. start, s. end, evalue, bit score
# 1 hits found
ECK120051382-	NZ_CP093332.1	83.333	90	12	3	57	144	4596217	4596305	3.76e-16	80.5
# BLASTN 2.13.0+
# Query: BBa_B0010-
# Database: B._ferragutiae_NZ_CP093332.1_trans.fasta
# Fields: query acc.ver, subject acc.ver, % identity, alignment length, mismatches, gap opens, q. start, q. end, s. start, s. end, evalue, bit score
# 1 hits found
BBa_B0010-	NZ_CP093332.1	83.516	91	12	3	72	160	4596217	4596306	1.17e-16	82.4
# BLASTN 2.13.0+
# Query: L19201.1/2282-2328 slurp/ecgetrf.pl?CH03931 DE:[putative termination signal]-
# Database: B._ferragutiae_NZ_CP093332.1_trans.fasta
# Fields: query acc.ver, subject acc.ver, % identity, alignment length, mismatches, gap opens, q. start, q. end, s. start, s. end, evalue, bit score
# 1 hits found
L19201.1/2282-2328	NZ_CP093332.1	81.579	76	11	3	52	125	4596217	4596291	4.23e-10	60.2
# BLASTN 2.13.0+
# Query: L10328.1/5220-5193 slurp/ecgetrf.pl?CH03902 DE:[putative termination signal]-
# Database: B._ferragutiae_NZ_CP093332.1_trans.fasta
# Fields: query acc.ver, subject acc.ver, % identity, alignment length, mismatches, gap opens, q. start, q. end, s. start, s. end, evalue, bit score
# 1 hits found
L10328.1/5220-5193	NZ_CP093332.1	81.690	71	8	4	38	106	5228761	5228828	1.62e-08	54.7
# BLASTN 2.13.0+
# Query: ECK120035133-
# Database: B._ferragutiae_NZ_CP093332.1_trans.fasta
# Fields: query acc.ver, subject acc.ver, % identity, alignment length, mismatches, gap opens, q. start, q. end, s. start, s. end, evalue, bit score
# 1 hits found
ECK120035133-	NZ_CP093332.1	81.250	80	10	4	42	119	5228761	5228837	4.03e-10	60.2
# BLASTN 2.13.0+
# Query: L10328.1/43056-43083 slurp/ecgetrf.pl?CH03904 DE:[putative termination signal]+
# Database: B._ferragutiae_NZ_CP093332.1_trans.fasta
# 0 hits found
# BLASTN 2.13.0+
# Query: ECK120035136+
# Database: B._ferragutiae_NZ_CP093332.1_trans.fasta
# 0 hits found
# BLASTN 2.13.0+
# Query: L10328.1/43151-43173 slurp/ecgetrf.pl?CH03905 DE:[putative termination signal]+
# Database: B._ferragutiae_NZ_CP093332.1_trans.fasta
# 0 hits found
# BLASTN 2.13.0+
# Query: L10328.1/126639-126661 slurp/ecgetrf.pl?CH03910 DE:[putative termination signal]+
# Database: B._ferragutiae_NZ_CP093332.1_trans.fasta
# 0 hits found
# BLASTN 2.13.0+
# Query: M87049.1/13395-13431 slurp/ecgetrf.pl?CH03915 DE:[terminator-like sequence]+
# Database: B._ferragutiae_NZ_CP093332.1_trans.fasta
# Fields: query acc.ver, subject acc.ver, % identity, alignment length, mismatches, gap opens, q. start, q. end, s. start, s. end, evalue, bit score
# 1 hits found
M87049.1/13395-13431	NZ_CP093332.1	90.000	30	3	0	49	78	2293164	2293193	5.00e-04	39.9
# BLASTN 2.13.0+
# Query: M87049.1/33826-33862 slurp/ecgetrf.pl?CH03918 DE:[terminator-like sequence]+
# Database: B._ferragutiae_NZ_CP093332.1_trans.fasta
# 0 hits found
# BLASTN 2.13.0+
# Query: M87049.1/39715-39749 slurp/ecgetrf.pl?CH03920 DE:[terminator-like sequence]+
# Database: B._ferragutiae_NZ_CP093332.1_trans.fasta
# 0 hits found
# BLASTN 2.13.0+
# Query: M87049.1/70279-70299 slurp/ecgetrf.pl?CH03924 DE:[terminator-like sequence]+
# Database: B._ferragutiae_NZ_CP093332.1_trans.fasta
# 0 hits found
# BLASTN 2.13.0+
# Query: X13002.1/1005-1031 slurp/ecgetrf.pl?CH03927 DE:[pot. stem-loop structure; pot. transcription terminator]+
# Database: B._ferragutiae_NZ_CP093332.1_trans.fasta
# 0 hits found
# BLASTN 2.13.0+
# Query: Z23096.1/446-494 slurp/ecgetrf.pl?CH03930 DE:[Terminator Similar to gene dicF of E.coli dicABC]-
# Database: B._ferragutiae_NZ_CP093332.1_trans.fasta
# 0 hits found
# BLASTN 2.13.0+
# Query: L19201.1/12884-12927 slurp/ecgetrf.pl?CH03935 DE:[putative termination signal]+
# Database: B._ferragutiae_NZ_CP093332.1_trans.fasta
# Fields: query acc.ver, subject acc.ver, % identity, alignment length, mismatches, gap opens, q. start, q. end, s. start, s. end, evalue, bit score
# 1 hits found
L19201.1/12884-12927	NZ_CP093332.1	86.842	38	4	1	40	77	5255440	5255476	1.49e-04	41.7
# BLASTN 2.13.0+
# Query: ECK120010799+
# Database: B._ferragutiae_NZ_CP093332.1_trans.fasta
# Fields: query acc.ver, subject acc.ver, % identity, alignment length, mismatches, gap opens, q. start, q. end, s. start, s. end, evalue, bit score
# 1 hits found
ECK120010799+	NZ_CP093332.1	86.842	38	4	1	53	90	5255440	5255476	1.72e-04	41.7
# BLASTN 2.13.0+
# Query: L19201.1/63111-63151 slurp/ecgetrf.pl?CH03938 DE:[putative termination signal]+
# Database: B._ferragutiae_NZ_CP093332.1_trans.fasta
# 0 hits found
# BLASTN 2.13.0+
# Query: L19201.1/71476-71507 slurp/ecgetrf.pl?CH03941 DE:[putative termination signal]+
# Database: B._ferragutiae_NZ_CP093332.1_trans.fasta
# 0 hits found
# BLASTN 2.13.0+
# Query: L19201.1/82018-81996 slurp/ecgetrf.pl?CH03944 DE:[putative termination signal]-
# Database: B._ferragutiae_NZ_CP093332.1_trans.fasta
# 0 hits found
# BLASTN 2.13.0+
# Query: ECK120010852-R+
# Database: B._ferragutiae_NZ_CP093332.1_trans.fasta
# 0 hits found
# BLASTN 2.13.0+
# Query: ECK120010852-
# Database: B._ferragutiae_NZ_CP093332.1_trans.fasta
# 0 hits found
# BLASTN 2.13.0+
# Query: U14003.1/28964-28938 slurp/ecgetrf.pl?CH05080-
# Database: B._ferragutiae_NZ_CP093332.1_trans.fasta
# 0 hits found
# BLASTN 2.13.0+
# Query: U14003.1/28964-28938 slurp/ecgetrf.pl?CH05080-
# Database: B._ferragutiae_NZ_CP093332.1_trans.fasta
# 0 hits found
# BLASTN 2.13.0+
# Query: seq10161 slurp/ecgetrf.pl?CH05080.1-
# Database: B._ferragutiae_NZ_CP093332.1_trans.fasta
# 0 hits found
# BLASTN 2.13.0+
# Query: seq10161 slurp/ecgetrf.pl?CH05080.1-
# Database: B._ferragutiae_NZ_CP093332.1_trans.fasta
# 0 hits found
# BLASTN 2.13.0+
# Query: seq10161 slurp/ecgetrf.pl?CH05080.1-
# Database: B._ferragutiae_NZ_CP093332.1_trans.fasta
# 0 hits found
# BLASTN 2.13.0+
# Query: seq10161 slurp/ecgetrf.pl?CH05080.1-
# Database: B._ferragutiae_NZ_CP093332.1_trans.fasta
# 0 hits found
# BLASTN 2.13.0+
# Query: U14003.1/53366-53342 slurp/ecgetrf.pl?CH05082+
# Database: B._ferragutiae_NZ_CP093332.1_trans.fasta
# Fields: query acc.ver, subject acc.ver, % identity, alignment length, mismatches, gap opens, q. start, q. end, s. start, s. end, evalue, bit score
# 1 hits found
U14003.1/53366-53342	NZ_CP093332.1	100.000	28	0	0	1	28	4410976	4411003	5.63e-08	52.8
# BLASTN 2.13.0+
# Query: U14003.1/69815-69791 slurp/ecgetrf.pl?CH05086-
# Database: B._ferragutiae_NZ_CP093332.1_trans.fasta
# 0 hits found
# BLASTN 2.13.0+
# Query: ECK120010861-R+
# Database: B._ferragutiae_NZ_CP093332.1_trans.fasta
# 0 hits found
# BLASTN 2.13.0+
# Query: frd_ampC-
# Database: B._ferragutiae_NZ_CP093332.1_trans.fasta
# 0 hits found
# BLASTN 2.13.0+
# Query: U14003.1/117410-117437 slurp/ecgetrf.pl?CH05089+
# Database: B._ferragutiae_NZ_CP093332.1_trans.fasta
# 0 hits found
# BLASTN 2.13.0+
# Query: U14003.1/161794-161766 slurp/ecgetrf.pl?CH05091-
# Database: B._ferragutiae_NZ_CP093332.1_trans.fasta
# 0 hits found
# BLASTN 2.13.0+
# Query: J01636.1/1170-1210 slurp/ecgetrf.pl?CH05936 DE:[terminator overlapping CAP site]-
# Database: B._ferragutiae_NZ_CP093332.1_trans.fasta
# 0 hits found
# BLASTN 2.13.0+
# Query: ECK120033737+
# Database: B._ferragutiae_NZ_CP093332.1_trans.fasta
# Fields: query acc.ver, subject acc.ver, % identity, alignment length, mismatches, gap opens, q. start, q. end, s. start, s. end, evalue, bit score
# 1 hits found
ECK120033737+	NZ_CP093332.1	86.861	137	13	5	3	136	680668	680802	9.52e-37	148
# BLASTN 2.13.0+
# Query: ECK120034435-
# Database: B._ferragutiae_NZ_CP093332.1_trans.fasta
# 0 hits found
# BLASTN 2.13.0+
# Query: ECK120034435-R+
# Database: B._ferragutiae_NZ_CP093332.1_trans.fasta
# 0 hits found
# BLASTN 2.13.0+
# Query: ECK120010818-
# Database: B._ferragutiae_NZ_CP093332.1_trans.fasta
# Fields: query acc.ver, subject acc.ver, % identity, alignment length, mismatches, gap opens, q. start, q. end, s. start, s. end, evalue, bit score
# 1 hits found
ECK120010818-	NZ_CP093332.1	91.429	35	1	2	41	73	4830183	4830217	3.51e-06	47.3
# BLASTN 2.13.0+
# Query: ECK120010794-R+
# Database: B._ferragutiae_NZ_CP093332.1_trans.fasta
# Fields: query acc.ver, subject acc.ver, % identity, alignment length, mismatches, gap opens, q. start, q. end, s. start, s. end, evalue, bit score
# 1 hits found
ECK120010794-R+	NZ_CP093332.1	91.429	35	1	2	38	70	4830183	4830217	2.89e-06	47.3
# BLASTN 2.13.0+
# Query: ECK120010793-R+
# Database: B._ferragutiae_NZ_CP093332.1_trans.fasta
# Fields: query acc.ver, subject acc.ver, % identity, alignment length, mismatches, gap opens, q. start, q. end, s. start, s. end, evalue, bit score
# 1 hits found
ECK120010793-R+	NZ_CP093332.1	91.429	35	1	2	38	70	4830183	4830217	2.89e-06	47.3
# BLASTN 2.13.0+
# Query: ECK120010793-
# Database: B._ferragutiae_NZ_CP093332.1_trans.fasta
# Fields: query acc.ver, subject acc.ver, % identity, alignment length, mismatches, gap opens, q. start, q. end, s. start, s. end, evalue, bit score
# 1 hits found
ECK120010793-	NZ_CP093332.1	91.429	35	1	2	38	70	4830183	4830217	2.89e-06	47.3
# BLASTN 2.13.0+
# Query: ECK120010869+
# Database: B._ferragutiae_NZ_CP093332.1_trans.fasta
# Fields: query acc.ver, subject acc.ver, % identity, alignment length, mismatches, gap opens, q. start, q. end, s. start, s. end, evalue, bit score
# 1 hits found
ECK120010869+	NZ_CP093332.1	100.000	28	0	0	47	74	1010122	1010149	6.29e-08	52.8
# BLASTN 2.13.0+
# Query: ECK120030221-R-
# Database: B._ferragutiae_NZ_CP093332.1_trans.fasta
# Fields: query acc.ver, subject acc.ver, % identity, alignment length, mismatches, gap opens, q. start, q. end, s. start, s. end, evalue, bit score
# 1 hits found
ECK120030221-R-	NZ_CP093332.1	91.176	34	1	2	50	81	1010125	1010158	1.06e-05	45.4
# BLASTN 2.13.0+
# Query: ECK120030221+
# Database: B._ferragutiae_NZ_CP093332.1_trans.fasta
# Fields: query acc.ver, subject acc.ver, % identity, alignment length, mismatches, gap opens, q. start, q. end, s. start, s. end, evalue, bit score
# 1 hits found
ECK120030221+	NZ_CP093332.1	91.176	34	1	2	50	81	1010125	1010158	1.06e-05	45.4
# BLASTN 2.13.0+
# Query: ECK120010832-R+
# Database: B._ferragutiae_NZ_CP093332.1_trans.fasta
# 0 hits found
# BLASTN 2.13.0+
# Query: ECK120010832-
# Database: B._ferragutiae_NZ_CP093332.1_trans.fasta
# 0 hits found
# BLASTN 2.13.0+
# Query: ECK120051401-
# Database: B._ferragutiae_NZ_CP093332.1_trans.fasta
# Fields: query acc.ver, subject acc.ver, % identity, alignment length, mismatches, gap opens, q. start, q. end, s. start, s. end, evalue, bit score
# 1 hits found
ECK120051401-	NZ_CP093332.1	92.222	90	7	0	1	90	1568655	1568744	1.14e-30	128
# BLASTN 2.13.0+
# Query: tonB_P14-
# Database: B._ferragutiae_NZ_CP093332.1_trans.fasta
# 0 hits found
# BLASTN 2.13.0+
# Query: ECK120010792+
# Database: B._ferragutiae_NZ_CP093332.1_trans.fasta
# 0 hits found
# BLASTN 2.13.0+
# Query: tonB+
# Database: B._ferragutiae_NZ_CP093332.1_trans.fasta
# 0 hits found
# BLASTN 2.13.0+
# Query: pyrBI-
# Database: B._ferragutiae_NZ_CP093332.1_trans.fasta
# Fields: query acc.ver, subject acc.ver, % identity, alignment length, mismatches, gap opens, q. start, q. end, s. start, s. end, evalue, bit score
# 1 hits found
pyrBI-	NZ_CP093332.1	76.147	109	13	10	1	98	568301	568407	9.86e-06	45.4
# BLASTN 2.13.0+
# Query: ilvBN+
# Database: B._ferragutiae_NZ_CP093332.1_trans.fasta
# 0 hits found
# BLASTN 2.13.0+
# Query: ECK120010797+
# Database: B._ferragutiae_NZ_CP093332.1_trans.fasta
# 0 hits found
# BLASTN 2.13.0+
# Query: ECK120015452+
# Database: B._ferragutiae_NZ_CP093332.1_trans.fasta
# 0 hits found
# BLASTN 2.13.0+
# Query: ECK120010815-
# Database: B._ferragutiae_NZ_CP093332.1_trans.fasta
# 0 hits found
# BLASTN 2.13.0+
# Query: ECK120010815-R+
# Database: B._ferragutiae_NZ_CP093332.1_trans.fasta
# 0 hits found
# BLASTN 2.13.0+
# Query: ECK120051385-
# Database: B._ferragutiae_NZ_CP093332.1_trans.fasta
# 0 hits found
# BLASTN 2.13.0+
# Query: ECK120010846+
# Database: B._ferragutiae_NZ_CP093332.1_trans.fasta
# Fields: query acc.ver, subject acc.ver, % identity, alignment length, mismatches, gap opens, q. start, q. end, s. start, s. end, evalue, bit score
# 1 hits found
ECK120010846+	NZ_CP093332.1	88.571	35	2	2	47	81	1584166	1584198	1.46e-04	41.7
# BLASTN 2.13.0+
# Query: ECK120010853+
# Database: B._ferragutiae_NZ_CP093332.1_trans.fasta
# 0 hits found
# BLASTN 2.13.0+
# Query: ECK120010825-
# Database: B._ferragutiae_NZ_CP093332.1_trans.fasta
# 0 hits found
# BLASTN 2.13.0+
# Query: ECK120010825-R+
# Database: B._ferragutiae_NZ_CP093332.1_trans.fasta
# 0 hits found
# BLASTN 2.13.0+
# Query: ECK120010833-
# Database: B._ferragutiae_NZ_CP093332.1_trans.fasta
# 0 hits found
# BLASTN 2.13.0+
# Query: ECK120010833-R+
# Database: B._ferragutiae_NZ_CP093332.1_trans.fasta
# 0 hits found
# BLASTN 2.13.0+
# Query: ECK120011170-
# Database: B._ferragutiae_NZ_CP093332.1_trans.fasta
# 0 hits found
# BLASTN 2.13.0+
# Query: ECK120011170-R+
# Database: B._ferragutiae_NZ_CP093332.1_trans.fasta
# 0 hits found
# BLASTN 2.13.0+
# Query: ECK120010866-R+
# Database: B._ferragutiae_NZ_CP093332.1_trans.fasta
# 0 hits found
# BLASTN 2.13.0+
# Query: ECK120010866-
# Database: B._ferragutiae_NZ_CP093332.1_trans.fasta
# 0 hits found
# BLASTN 2.13.0+
# Query: ECK120034551+
# Database: B._ferragutiae_NZ_CP093332.1_trans.fasta
# 0 hits found
# BLASTN 2.13.0+
# Query: ECK120020525-
# Database: B._ferragutiae_NZ_CP093332.1_trans.fasta
# 0 hits found
# BLASTN 2.13.0+
# Query: ECK120020525-R+
# Database: B._ferragutiae_NZ_CP093332.1_trans.fasta
# 0 hits found
# BLASTN 2.13.0+
# Query: nusA_infB-
# Database: B._ferragutiae_NZ_CP093332.1_trans.fasta
# 0 hits found
# BLASTN 2.13.0+
# Query: ECK120020526-R+
# Database: B._ferragutiae_NZ_CP093332.1_trans.fasta
# 0 hits found
# BLASTN 2.13.0+
# Query: ECK120020526-
# Database: B._ferragutiae_NZ_CP093332.1_trans.fasta
# 0 hits found
# BLASTN 2.13.0+
# Query: ECK120034436+
# Database: B._ferragutiae_NZ_CP093332.1_trans.fasta
# 0 hits found
# BLASTN 2.13.0+
# Query: ECK120021270-
# Database: B._ferragutiae_NZ_CP093332.1_trans.fasta
# Fields: query acc.ver, subject acc.ver, % identity, alignment length, mismatches, gap opens, q. start, q. end, s. start, s. end, evalue, bit score
# 1 hits found
ECK120021270-	NZ_CP093332.1	87.671	73	9	0	41	113	3196201	3196273	6.53e-18	86.1
# BLASTN 2.13.0+
# Query: ECK120021270-R+
# Database: B._ferragutiae_NZ_CP093332.1_trans.fasta
# Fields: query acc.ver, subject acc.ver, % identity, alignment length, mismatches, gap opens, q. start, q. end, s. start, s. end, evalue, bit score
# 1 hits found
ECK120021270-R+	NZ_CP093332.1	87.671	73	9	0	41	113	3196201	3196273	6.53e-18	86.1
# BLASTN 2.13.0+
# Query: ECK125095454+
# Database: B._ferragutiae_NZ_CP093332.1_trans.fasta
# 0 hits found
# BLASTN 2.13.0+
# Query: ECK120010874-
# Database: B._ferragutiae_NZ_CP093332.1_trans.fasta
# 0 hits found
# BLASTN 2.13.0+
# Query: ECK120010874-R+
# Database: B._ferragutiae_NZ_CP093332.1_trans.fasta
# 0 hits found
# BLASTN 2.13.0+
# Query: ECK120010796-
# Database: B._ferragutiae_NZ_CP093332.1_trans.fasta
# 0 hits found
# BLASTN 2.13.0+
# Query: ECK120010796-R+
# Database: B._ferragutiae_NZ_CP093332.1_trans.fasta
# 0 hits found
# BLASTN 2.13.0+
# Query: ECK120030218+
# Database: B._ferragutiae_NZ_CP093332.1_trans.fasta
# 0 hits found
# BLASTN 2.13.0+
# Query: ECK120020528-
# Database: B._ferragutiae_NZ_CP093332.1_trans.fasta
# 0 hits found
# BLASTN 2.13.0+
# Query: ECK120020528-R+
# Database: B._ferragutiae_NZ_CP093332.1_trans.fasta
# 0 hits found
# BLASTN 2.13.0+
# Query: ECK120033265+
# Database: B._ferragutiae_NZ_CP093332.1_trans.fasta
# 0 hits found
# BLASTN 2.13.0+
# Query: ECK120010834+
# Database: B._ferragutiae_NZ_CP093332.1_trans.fasta
# Fields: query acc.ver, subject acc.ver, % identity, alignment length, mismatches, gap opens, q. start, q. end, s. start, s. end, evalue, bit score
# 1 hits found
ECK120010834+	NZ_CP093332.1	92.537	67	3	2	31	96	4528875	4528940	1.20e-20	95.3
# BLASTN 2.13.0+
# Query: trp-
# Database: B._ferragutiae_NZ_CP093332.1_trans.fasta
# Fields: query acc.ver, subject acc.ver, % identity, alignment length, mismatches, gap opens, q. start, q. end, s. start, s. end, evalue, bit score
# 1 hits found
trp-	NZ_CP093332.1	82.143	112	12	8	3	108	2541072	2541181	4.44e-19	89.8
# BLASTN 2.13.0+
# Query: ECK120010841-
# Database: B._ferragutiae_NZ_CP093332.1_trans.fasta
# 0 hits found
# BLASTN 2.13.0+
# Query: ECK120010841-R+
# Database: B._ferragutiae_NZ_CP093332.1_trans.fasta
# 0 hits found
# BLASTN 2.13.0+
# Query: ECK120030673+
# Database: B._ferragutiae_NZ_CP093332.1_trans.fasta
# 0 hits found
# BLASTN 2.13.0+
# Query: ECK120029530-
# Database: B._ferragutiae_NZ_CP093332.1_trans.fasta
# 0 hits found
# BLASTN 2.13.0+
# Query: ECK120029530-R+
# Database: B._ferragutiae_NZ_CP093332.1_trans.fasta
# 0 hits found
# BLASTN 2.13.0+
# Query: ECK125095455-
# Database: B._ferragutiae_NZ_CP093332.1_trans.fasta
# 0 hits found
# BLASTN 2.13.0+
# Query: ECK120048902+
# Database: B._ferragutiae_NZ_CP093332.1_trans.fasta
# Fields: query acc.ver, subject acc.ver, % identity, alignment length, mismatches, gap opens, q. start, q. end, s. start, s. end, evalue, bit score
# 1 hits found
ECK120048902+	NZ_CP093332.1	87.500	40	3	2	46	83	1351717	1351756	1.06e-05	45.4
# BLASTN 2.13.0+
# Query: ECK120010827-
# Database: B._ferragutiae_NZ_CP093332.1_trans.fasta
# 0 hits found
# BLASTN 2.13.0+
# Query: ECK120010791-
# Database: B._ferragutiae_NZ_CP093332.1_trans.fasta
# 0 hits found
# BLASTN 2.13.0+
# Query: ECK120010791-R+
# Database: B._ferragutiae_NZ_CP093332.1_trans.fasta
# 0 hits found
# BLASTN 2.13.0+
# Query: ECK120048897-
# Database: B._ferragutiae_NZ_CP093332.1_trans.fasta
# 0 hits found
# BLASTN 2.13.0+
# Query: ECK120048897-R+
# Database: B._ferragutiae_NZ_CP093332.1_trans.fasta
# 0 hits found
# BLASTN 2.13.0+
# Query: ECK120010803-
# Database: B._ferragutiae_NZ_CP093332.1_trans.fasta
# 0 hits found
# BLASTN 2.13.0+
# Query: ECK120010803-R+
# Database: B._ferragutiae_NZ_CP093332.1_trans.fasta
# 0 hits found
# BLASTN 2.13.0+
# Query: pheST-
# Database: B._ferragutiae_NZ_CP093332.1_trans.fasta
# Fields: query acc.ver, subject acc.ver, % identity, alignment length, mismatches, gap opens, q. start, q. end, s. start, s. end, evalue, bit score
# 1 hits found
pheST-	NZ_CP093332.1	86.667	60	6	2	43	101	3196042	3196100	7.31e-12	65.8
# BLASTN 2.13.0+
# Query: ECK120021269-R+
# Database: B._ferragutiae_NZ_CP093332.1_trans.fasta
# Fields: query acc.ver, subject acc.ver, % identity, alignment length, mismatches, gap opens, q. start, q. end, s. start, s. end, evalue, bit score
# 1 hits found
ECK120021269-R+	NZ_CP093332.1	84.000	75	8	4	44	116	3196042	3196114	6.31e-13	69.4
# BLASTN 2.13.0+
# Query: ECK120015957-
# Database: B._ferragutiae_NZ_CP093332.1_trans.fasta
# Fields: query acc.ver, subject acc.ver, % identity, alignment length, mismatches, gap opens, q. start, q. end, s. start, s. end, evalue, bit score
# 1 hits found
ECK120015957-	NZ_CP093332.1	84.615	39	6	0	9	47	559644	559682	4.90e-04	39.9
# BLASTN 2.13.0+
# Query: ECK120015448+
# Database: B._ferragutiae_NZ_CP093332.1_trans.fasta
# Fields: query acc.ver, subject acc.ver, % identity, alignment length, mismatches, gap opens, q. start, q. end, s. start, s. end, evalue, bit score
# 1 hits found
ECK120015448+	NZ_CP093332.1	96.154	26	0	1	107	132	1592930	1592954	1.62e-04	41.7
# BLASTN 2.13.0+
# Query: ECK120010816-
# Database: B._ferragutiae_NZ_CP093332.1_trans.fasta
# 0 hits found
# BLASTN 2.13.0+
# Query: ECK120010845-
# Database: B._ferragutiae_NZ_CP093332.1_trans.fasta
# 0 hits found
# BLASTN 2.13.0+
# Query: ECK120030220+
# Database: B._ferragutiae_NZ_CP093332.1_trans.fasta
# 0 hits found
# BLASTN 2.13.0+
# Query: ECK120033264-
# Database: B._ferragutiae_NZ_CP093332.1_trans.fasta
# Fields: query acc.ver, subject acc.ver, % identity, alignment length, mismatches, gap opens, q. start, q. end, s. start, s. end, evalue, bit score
# 1 hits found
ECK120033264-	NZ_CP093332.1	88.514	148	14	3	31	177	3986699	3986844	8.55e-45	176
# BLASTN 2.13.0+
# Query: ECK120010779+
# Database: B._ferragutiae_NZ_CP093332.1_trans.fasta
# 0 hits found
# BLASTN 2.13.0+
# Query: ECK120010779-R-
# Database: B._ferragutiae_NZ_CP093332.1_trans.fasta
# 0 hits found
# BLASTN 2.13.0+
# Query: ECK120015456-
# Database: B._ferragutiae_NZ_CP093332.1_trans.fasta
# 0 hits found
# BLASTN 2.13.0+
# Query: ECK120015456-R+
# Database: B._ferragutiae_NZ_CP093332.1_trans.fasta
# 0 hits found
# BLASTN 2.13.0+
# Query: ECK120035135-
# Database: B._ferragutiae_NZ_CP093332.1_trans.fasta
# 0 hits found
# BLASTN 2.13.0+
# Query: ECK120035135-R+
# Database: B._ferragutiae_NZ_CP093332.1_trans.fasta
# 0 hits found
# BLASTN 2.13.0+
# Query: ECK120034954+
# Database: B._ferragutiae_NZ_CP093332.1_trans.fasta
# 0 hits found
# BLASTN 2.13.0+
# Query: ECK120010801+
# Database: B._ferragutiae_NZ_CP093332.1_trans.fasta
# 0 hits found
# BLASTN 2.13.0+
# Query: ECK120034948+
# Database: B._ferragutiae_NZ_CP093332.1_trans.fasta
# 0 hits found
# BLASTN 2.13.0+
# Query: ECK125109868-
# Database: B._ferragutiae_NZ_CP093332.1_trans.fasta
# 0 hits found
# BLASTN 2.13.0+
# Query: ECK120034949+
# Database: B._ferragutiae_NZ_CP093332.1_trans.fasta
# 0 hits found
# BLASTN 2.13.0+
# Query: ECK120015443-
# Database: B._ferragutiae_NZ_CP093332.1_trans.fasta
# 0 hits found
# BLASTN 2.13.0+
# Query: ECK120015443-R+
# Database: B._ferragutiae_NZ_CP093332.1_trans.fasta
# 0 hits found
# BLASTN 2.13.0+
# Query: ECK120010839+
# Database: B._ferragutiae_NZ_CP093332.1_trans.fasta
# 0 hits found
# BLASTN 2.13.0+
# Query: ECK120010838+
# Database: B._ferragutiae_NZ_CP093332.1_trans.fasta
# 0 hits found
# BLASTN 2.13.0+
# Query: ECK120026312-
# Database: B._ferragutiae_NZ_CP093332.1_trans.fasta
# 0 hits found
# BLASTN 2.13.0+
# Query: ECK120026312-R+
# Database: B._ferragutiae_NZ_CP093332.1_trans.fasta
# 0 hits found
# BLASTN 2.13.0+
# Query: ECK120030801-
# Database: B._ferragutiae_NZ_CP093332.1_trans.fasta
# 0 hits found
# BLASTN 2.13.0+
# Query: ECK120030801-R+
# Database: B._ferragutiae_NZ_CP093332.1_trans.fasta
# 0 hits found
# BLASTN 2.13.0+
# Query: ECK120030800+
# Database: B._ferragutiae_NZ_CP093332.1_trans.fasta
# 0 hits found
# BLASTN 2.13.0+
# Query: ECK120048900+
# Database: B._ferragutiae_NZ_CP093332.1_trans.fasta
# 0 hits found
# BLASTN 2.13.0+
# Query: ECK125109869-
# Database: B._ferragutiae_NZ_CP093332.1_trans.fasta
# 0 hits found
# BLASTN 2.13.0+
# Query: ECK120020527+
# Database: B._ferragutiae_NZ_CP093332.1_trans.fasta
# 0 hits found
# BLASTN 2.13.0+
# Query: ECK120027917-
# Database: B._ferragutiae_NZ_CP093332.1_trans.fasta
# 0 hits found
# BLASTN 2.13.0+
# Query: ECK120027917-R+
# Database: B._ferragutiae_NZ_CP093332.1_trans.fasta
# 0 hits found
# BLASTN 2.13.0+
# Query: ECK120010835-R+
# Database: B._ferragutiae_NZ_CP093332.1_trans.fasta
# 0 hits found
# BLASTN 2.13.0+
# Query: ECK120015447-R+
# Database: B._ferragutiae_NZ_CP093332.1_trans.fasta
# 0 hits found
# BLASTN 2.13.0+
# Query: ECK120010786-R+
# Database: B._ferragutiae_NZ_CP093332.1_trans.fasta
# 0 hits found
# BLAST processed 174 queries
