# BLASTN 2.13.0+
# Query: X60293.1/246-293 slurp/ecgetrf.pl?CH03783 DE:[Terminator cysB]+
# Database: S._sonnei_NZ_CP055292.1_trans.fasta
# 0 hits found
# BLASTN 2.13.0+
# Query: ECK120010828+
# Database: S._sonnei_NZ_CP055292.1_trans.fasta
# 0 hits found
# BLASTN 2.13.0+
# Query: X15237.1/1846-1870 slurp/ecgetrf.pl?CH03787 DE:[pot. stem-loop structure]+
# Database: S._sonnei_NZ_CP055292.1_trans.fasta
# 0 hits found
# BLASTN 2.13.0+
# Query: ECK120029528-R+
# Database: S._sonnei_NZ_CP055292.1_trans.fasta
# 0 hits found
# BLASTN 2.13.0+
# Query: ECK120029528-
# Database: S._sonnei_NZ_CP055292.1_trans.fasta
# 0 hits found
# BLASTN 2.13.0+
# Query: X17333.1/1415-1439 slurp/ecgetrf.pl?CH03793 DE:[put. bidirectional transcriptional terminator]-
# Database: S._sonnei_NZ_CP055292.1_trans.fasta
# 0 hits found
# BLASTN 2.13.0+
# Query: X06091.1/1417-1440 slurp/ecgetrf.pl?CH03791 DE:[pot. stem-loop structure; pot. transcription terminator]-
# Database: S._sonnei_NZ_CP055292.1_trans.fasta
# 0 hits found
# BLASTN 2.13.0+
# Query: X68192.1/1637-1678 slurp/ecgetrf.pl?CH03795 DE:[terminator II]-
# Database: S._sonnei_NZ_CP055292.1_trans.fasta
# 0 hits found
# BLASTN 2.13.0+
# Query: M87625.1/2270-2297 slurp/ecgetrf.pl?CH03800 DE:[termination sequence]+
# Database: S._sonnei_NZ_CP055292.1_trans.fasta
# 0 hits found
# BLASTN 2.13.0+
# Query: M87049.1/68404-68432 slurp/ecgetrf.pl?CH03923 DE:[terminator-like sequence]+
# Database: S._sonnei_NZ_CP055292.1_trans.fasta
# 0 hits found
# BLASTN 2.13.0+
# Query: X61919.1/257-295 slurp/ecgetrf.pl?CH03803 DE:[crp divergent RNA transcription terminator]-
# Database: S._sonnei_NZ_CP055292.1_trans.fasta
# 0 hits found
# BLASTN 2.13.0+
# Query: X01653.1/3207-3232 slurp/ecgetrf.pl?CH03805 DE:[pot. stem-loop structure]+
# Database: S._sonnei_NZ_CP055292.1_trans.fasta
# 0 hits found
# BLASTN 2.13.0+
# Query: X05629.1/80-111 slurp/ecgetrf.pl?CH03808 DE:[Terminator deoT]+
# Database: S._sonnei_NZ_CP055292.1_trans.fasta
# 0 hits found
# BLASTN 2.13.0+
# Query: U14003.1/312468-312496 slurp/ecgetrf.pl?CH05099+
# Database: S._sonnei_NZ_CP055292.1_trans.fasta
# 0 hits found
# BLASTN 2.13.0+
# Query: X00547.1/1104-1134 slurp/ecgetrf.pl?CH03811 DE:[Pot. transcription terminator]-
# Database: S._sonnei_NZ_CP055292.1_trans.fasta
# 0 hits found
# BLASTN 2.13.0+
# Query: M84991.1/1269-1309 slurp/ecgetrf.pl?CH03814 DE:[Terminatorfor fatty acid biosynthesis operon]+
# Database: S._sonnei_NZ_CP055292.1_trans.fasta
# 0 hits found
# BLASTN 2.13.0+
# Query: X08087.1/907-941 slurp/ecgetrf.pl?CH03816 DE:[Pot. stem-loop structure; pot. transcription terminator]+
# Database: S._sonnei_NZ_CP055292.1_trans.fasta
# 0 hits found
# BLASTN 2.13.0+
# Query: ECK120048898+
# Database: S._sonnei_NZ_CP055292.1_trans.fasta
# 0 hits found
# BLASTN 2.13.0+
# Query: X63666.1/1540-1567 slurp/ecgetrf.pl?CH03819 DE:[Putative termination signal]+
# Database: S._sonnei_NZ_CP055292.1_trans.fasta
# 0 hits found
# BLASTN 2.13.0+
# Query: X04065.1/1578-1619 slurp/ecgetrf.pl?CH03822 DE:[Stem-loop structure; pot. transcription terminator]-
# Database: S._sonnei_NZ_CP055292.1_trans.fasta
# 0 hits found
# BLASTN 2.13.0+
# Query: X06744.1/2831-2858 slurp/ecgetrf.pl?CH03831 DE:[Put. stem loop structure]-
# Database: S._sonnei_NZ_CP055292.1_trans.fasta
# 0 hits found
# BLASTN 2.13.0+
# Query: X04864.1/495-528 slurp/ecgetrf.pl?CH03835 DE:[Put. transcription terminator]+
# Database: S._sonnei_NZ_CP055292.1_trans.fasta
# 0 hits found
# BLASTN 2.13.0+
# Query: X67700.1/988-1010 slurp/ecgetrf.pl?CH03840 DE:[ORF1 terminator]+
# Database: S._sonnei_NZ_CP055292.1_trans.fasta
# 0 hits found
# BLASTN 2.13.0+
# Query: L12044.1/1999-2037 slurp/ecgetrf.pl?CH03848 DE:[Terminator kch]-
# Database: S._sonnei_NZ_CP055292.1_trans.fasta
# 0 hits found
# BLASTN 2.13.0+
# Query: X14135.1/195-222 slurp/ecgetrf.pl?CH03860 DE:[Pot. stem loop structure]-
# Database: S._sonnei_NZ_CP055292.1_trans.fasta
# 0 hits found
# BLASTN 2.13.0+
# Query: X57402.1/1077-1106 slurp/ecgetrf.pl?CH03864 DE:[Terminator dapA, nlpB]-
# Database: S._sonnei_NZ_CP055292.1_trans.fasta
# 0 hits found
# BLASTN 2.13.0+
# Query: ECK120010784-
# Database: S._sonnei_NZ_CP055292.1_trans.fasta
# 0 hits found
# BLASTN 2.13.0+
# Query: X08035.1/2423-2452 slurp/ecgetrf.pl?CH03870 DE:[pot.stem-loop structure]-
# Database: S._sonnei_NZ_CP055292.1_trans.fasta
# 0 hits found
# BLASTN 2.13.0+
# Query: D90227.1/10944-10985 slurp/ecgetrf.pl?CH03874 DE:[pot. terminator 1]-
# Database: S._sonnei_NZ_CP055292.1_trans.fasta
# Fields: query acc.ver, subject acc.ver, % identity, alignment length, mismatches, gap opens, q. start, q. end, s. start, s. end, evalue, bit score
# 1 hits found
D90227.1/10944-10985	NZ_CP055292.1	96.000	50	2	0	34	83	2385438	2385487	7.76e-17	82.4
# BLASTN 2.13.0+
# Query: ECK120035132-R+
# Database: S._sonnei_NZ_CP055292.1_trans.fasta
# Fields: query acc.ver, subject acc.ver, % identity, alignment length, mismatches, gap opens, q. start, q. end, s. start, s. end, evalue, bit score
# 1 hits found
ECK120035132-R+	NZ_CP055292.1	96.000	50	2	0	38	87	2385438	2385487	7.83e-17	82.4
# BLASTN 2.13.0+
# Query: ECK120035132-
# Database: S._sonnei_NZ_CP055292.1_trans.fasta
# Fields: query acc.ver, subject acc.ver, % identity, alignment length, mismatches, gap opens, q. start, q. end, s. start, s. end, evalue, bit score
# 1 hits found
ECK120035132-	NZ_CP055292.1	96.000	50	2	0	38	87	2385438	2385487	7.83e-17	82.4
# BLASTN 2.13.0+
# Query: M94104.1/1639-1668 slurp/ecgetrf.pl?CH03879 DE:[putative termination signal]-
# Database: S._sonnei_NZ_CP055292.1_trans.fasta
# 0 hits found
# BLASTN 2.13.0+
# Query: L10328.1/55847-55820 slurp/ecgetrf.pl?CH03906 DE:[putative termination signal]-
# Database: S._sonnei_NZ_CP055292.1_trans.fasta
# 0 hits found
# BLASTN 2.13.0+
# Query: X04469.1/1953-1977 slurp/ecgetrf.pl?CH03882 DE:[pot. transcription terminator]-
# Database: S._sonnei_NZ_CP055292.1_trans.fasta
# 0 hits found
# BLASTN 2.13.0+
# Query: X52363.1/127-157 slurp/ecgetrf.pl?CH03887 DE:[rrfG transcription terminator]+
# Database: S._sonnei_NZ_CP055292.1_trans.fasta
# Fields: query acc.ver, subject acc.ver, % identity, alignment length, mismatches, gap opens, q. start, q. end, s. start, s. end, evalue, bit score
# 1 hits found
X52363.1/127-157	NZ_CP055292.1	91.228	114	5	4	1	111	3175679	3175790	1.87e-37	150
# BLASTN 2.13.0+
# Query: L19201.1/2459-2489 slurp/ecgetrf.pl?CH03932 DE:[putative termination signal]+
# Database: S._sonnei_NZ_CP055292.1_trans.fasta
# Fields: query acc.ver, subject acc.ver, % identity, alignment length, mismatches, gap opens, q. start, q. end, s. start, s. end, evalue, bit score
# 1 hits found
L19201.1/2459-2489	NZ_CP055292.1	90.909	110	5	4	1	107	3175683	3175790	3.13e-35	143
# BLASTN 2.13.0+
# Query: ECK120051382-
# Database: S._sonnei_NZ_CP055292.1_trans.fasta
# Fields: query acc.ver, subject acc.ver, % identity, alignment length, mismatches, gap opens, q. start, q. end, s. start, s. end, evalue, bit score
# 1 hits found
ECK120051382-	NZ_CP055292.1	93.056	144	10	0	1	144	1700753	1700896	1.15e-55	211
# BLASTN 2.13.0+
# Query: BBa_B0010-
# Database: S._sonnei_NZ_CP055292.1_trans.fasta
# Fields: query acc.ver, subject acc.ver, % identity, alignment length, mismatches, gap opens, q. start, q. end, s. start, s. end, evalue, bit score
# 1 hits found
BBa_B0010-	NZ_CP055292.1	93.750	160	10	0	1	160	1700738	1700897	1.66e-64	241
# BLASTN 2.13.0+
# Query: L19201.1/2282-2328 slurp/ecgetrf.pl?CH03931 DE:[putative termination signal]-
# Database: S._sonnei_NZ_CP055292.1_trans.fasta
# Fields: query acc.ver, subject acc.ver, % identity, alignment length, mismatches, gap opens, q. start, q. end, s. start, s. end, evalue, bit score
# 1 hits found
L19201.1/2282-2328	NZ_CP055292.1	92.800	125	9	0	1	125	1700758	1700882	7.80e-47	182
# BLASTN 2.13.0+
# Query: L10328.1/5220-5193 slurp/ecgetrf.pl?CH03902 DE:[putative termination signal]-
# Database: S._sonnei_NZ_CP055292.1_trans.fasta
# 0 hits found
# BLASTN 2.13.0+
# Query: ECK120035133-
# Database: S._sonnei_NZ_CP055292.1_trans.fasta
# 0 hits found
# BLASTN 2.13.0+
# Query: L10328.1/43056-43083 slurp/ecgetrf.pl?CH03904 DE:[putative termination signal]+
# Database: S._sonnei_NZ_CP055292.1_trans.fasta
# 0 hits found
# BLASTN 2.13.0+
# Query: ECK120035136+
# Database: S._sonnei_NZ_CP055292.1_trans.fasta
# Fields: query acc.ver, subject acc.ver, % identity, alignment length, mismatches, gap opens, q. start, q. end, s. start, s. end, evalue, bit score
# 1 hits found
ECK120035136+	NZ_CP055292.1	96.296	27	1	0	99	125	1922761	1922787	1.08e-05	45.4
# BLASTN 2.13.0+
# Query: L10328.1/43151-43173 slurp/ecgetrf.pl?CH03905 DE:[putative termination signal]+
# Database: S._sonnei_NZ_CP055292.1_trans.fasta
# Fields: query acc.ver, subject acc.ver, % identity, alignment length, mismatches, gap opens, q. start, q. end, s. start, s. end, evalue, bit score
# 1 hits found
L10328.1/43151-43173	NZ_CP055292.1	93.548	31	2	0	1	31	1435877	1435907	2.30e-06	47.3
# BLASTN 2.13.0+
# Query: L10328.1/126639-126661 slurp/ecgetrf.pl?CH03910 DE:[putative termination signal]+
# Database: S._sonnei_NZ_CP055292.1_trans.fasta
# 0 hits found
# BLASTN 2.13.0+
# Query: M87049.1/13395-13431 slurp/ecgetrf.pl?CH03915 DE:[terminator-like sequence]+
# Database: S._sonnei_NZ_CP055292.1_trans.fasta
# 0 hits found
# BLASTN 2.13.0+
# Query: M87049.1/33826-33862 slurp/ecgetrf.pl?CH03918 DE:[terminator-like sequence]+
# Database: S._sonnei_NZ_CP055292.1_trans.fasta
# 0 hits found
# BLASTN 2.13.0+
# Query: M87049.1/39715-39749 slurp/ecgetrf.pl?CH03920 DE:[terminator-like sequence]+
# Database: S._sonnei_NZ_CP055292.1_trans.fasta
# 0 hits found
# BLASTN 2.13.0+
# Query: M87049.1/70279-70299 slurp/ecgetrf.pl?CH03924 DE:[terminator-like sequence]+
# Database: S._sonnei_NZ_CP055292.1_trans.fasta
# 0 hits found
# BLASTN 2.13.0+
# Query: X13002.1/1005-1031 slurp/ecgetrf.pl?CH03927 DE:[pot. stem-loop structure; pot. transcription terminator]+
# Database: S._sonnei_NZ_CP055292.1_trans.fasta
# 0 hits found
# BLASTN 2.13.0+
# Query: Z23096.1/446-494 slurp/ecgetrf.pl?CH03930 DE:[Terminator Similar to gene dicF of E.coli dicABC]-
# Database: S._sonnei_NZ_CP055292.1_trans.fasta
# Fields: query acc.ver, subject acc.ver, % identity, alignment length, mismatches, gap opens, q. start, q. end, s. start, s. end, evalue, bit score
# 1 hits found
Z23096.1/446-494	NZ_CP055292.1	96.154	52	2	0	1	52	4240537	4240588	6.41e-18	86.1
# BLASTN 2.13.0+
# Query: L19201.1/12884-12927 slurp/ecgetrf.pl?CH03935 DE:[putative termination signal]+
# Database: S._sonnei_NZ_CP055292.1_trans.fasta
# Fields: query acc.ver, subject acc.ver, % identity, alignment length, mismatches, gap opens, q. start, q. end, s. start, s. end, evalue, bit score
# 1 hits found
L19201.1/12884-12927	NZ_CP055292.1	94.444	36	2	0	40	75	1830820	1830855	4.79e-09	56.5
# BLASTN 2.13.0+
# Query: ECK120010799+
# Database: S._sonnei_NZ_CP055292.1_trans.fasta
# Fields: query acc.ver, subject acc.ver, % identity, alignment length, mismatches, gap opens, q. start, q. end, s. start, s. end, evalue, bit score
# 1 hits found
ECK120010799+	NZ_CP055292.1	94.444	36	2	0	53	88	1830820	1830855	5.53e-09	56.5
# BLASTN 2.13.0+
# Query: L19201.1/63111-63151 slurp/ecgetrf.pl?CH03938 DE:[putative termination signal]+
# Database: S._sonnei_NZ_CP055292.1_trans.fasta
# 0 hits found
# BLASTN 2.13.0+
# Query: L19201.1/71476-71507 slurp/ecgetrf.pl?CH03941 DE:[putative termination signal]+
# Database: S._sonnei_NZ_CP055292.1_trans.fasta
# 0 hits found
# BLASTN 2.13.0+
# Query: L19201.1/82018-81996 slurp/ecgetrf.pl?CH03944 DE:[putative termination signal]-
# Database: S._sonnei_NZ_CP055292.1_trans.fasta
# 0 hits found
# BLASTN 2.13.0+
# Query: ECK120010852-R+
# Database: S._sonnei_NZ_CP055292.1_trans.fasta
# 0 hits found
# BLASTN 2.13.0+
# Query: ECK120010852-
# Database: S._sonnei_NZ_CP055292.1_trans.fasta
# 0 hits found
# BLASTN 2.13.0+
# Query: U14003.1/28964-28938 slurp/ecgetrf.pl?CH05080-
# Database: S._sonnei_NZ_CP055292.1_trans.fasta
# Fields: query acc.ver, subject acc.ver, % identity, alignment length, mismatches, gap opens, q. start, q. end, s. start, s. end, evalue, bit score
# 1 hits found
U14003.1/28964-28938	NZ_CP055292.1	100.000	22	0	0	29	50	4541878	4541899	1.12e-04	41.7
# BLASTN 2.13.0+
# Query: U14003.1/28964-28938 slurp/ecgetrf.pl?CH05080-
# Database: S._sonnei_NZ_CP055292.1_trans.fasta
# Fields: query acc.ver, subject acc.ver, % identity, alignment length, mismatches, gap opens, q. start, q. end, s. start, s. end, evalue, bit score
# 1 hits found
U14003.1/28964-28938	NZ_CP055292.1	100.000	22	0	0	29	50	4541878	4541899	1.12e-04	41.7
# BLASTN 2.13.0+
# Query: seq10161 slurp/ecgetrf.pl?CH05080.1-
# Database: S._sonnei_NZ_CP055292.1_trans.fasta
# Fields: query acc.ver, subject acc.ver, % identity, alignment length, mismatches, gap opens, q. start, q. end, s. start, s. end, evalue, bit score
# 1 hits found
seq10161	NZ_CP055292.1	100.000	22	0	0	29	50	4541878	4541899	1.12e-04	41.7
# BLASTN 2.13.0+
# Query: seq10161 slurp/ecgetrf.pl?CH05080.1-
# Database: S._sonnei_NZ_CP055292.1_trans.fasta
# Fields: query acc.ver, subject acc.ver, % identity, alignment length, mismatches, gap opens, q. start, q. end, s. start, s. end, evalue, bit score
# 1 hits found
seq10161	NZ_CP055292.1	100.000	22	0	0	29	50	4541878	4541899	1.12e-04	41.7
# BLASTN 2.13.0+
# Query: seq10161 slurp/ecgetrf.pl?CH05080.1-
# Database: S._sonnei_NZ_CP055292.1_trans.fasta
# Fields: query acc.ver, subject acc.ver, % identity, alignment length, mismatches, gap opens, q. start, q. end, s. start, s. end, evalue, bit score
# 1 hits found
seq10161	NZ_CP055292.1	100.000	22	0	0	29	50	4541878	4541899	1.12e-04	41.7
# BLASTN 2.13.0+
# Query: seq10161 slurp/ecgetrf.pl?CH05080.1-
# Database: S._sonnei_NZ_CP055292.1_trans.fasta
# Fields: query acc.ver, subject acc.ver, % identity, alignment length, mismatches, gap opens, q. start, q. end, s. start, s. end, evalue, bit score
# 1 hits found
seq10161	NZ_CP055292.1	100.000	22	0	0	29	50	4541878	4541899	1.12e-04	41.7
# BLASTN 2.13.0+
# Query: U14003.1/53366-53342 slurp/ecgetrf.pl?CH05082+
# Database: S._sonnei_NZ_CP055292.1_trans.fasta
# Fields: query acc.ver, subject acc.ver, % identity, alignment length, mismatches, gap opens, q. start, q. end, s. start, s. end, evalue, bit score
# 1 hits found
U14003.1/53366-53342	NZ_CP055292.1	94.286	105	6	0	1	105	1515651	1515755	8.07e-41	161
# BLASTN 2.13.0+
# Query: U14003.1/69815-69791 slurp/ecgetrf.pl?CH05086-
# Database: S._sonnei_NZ_CP055292.1_trans.fasta
# 0 hits found
# BLASTN 2.13.0+
# Query: ECK120010861-R+
# Database: S._sonnei_NZ_CP055292.1_trans.fasta
# 0 hits found
# BLASTN 2.13.0+
# Query: frd_ampC-
# Database: S._sonnei_NZ_CP055292.1_trans.fasta
# 0 hits found
# BLASTN 2.13.0+
# Query: U14003.1/117410-117437 slurp/ecgetrf.pl?CH05089+
# Database: S._sonnei_NZ_CP055292.1_trans.fasta
# Fields: query acc.ver, subject acc.ver, % identity, alignment length, mismatches, gap opens, q. start, q. end, s. start, s. end, evalue, bit score
# 1 hits found
U14003.1/117410-117437	NZ_CP055292.1	96.296	27	1	0	42	68	1452186	1452212	8.78e-06	45.4
# BLASTN 2.13.0+
# Query: U14003.1/161794-161766 slurp/ecgetrf.pl?CH05091-
# Database: S._sonnei_NZ_CP055292.1_trans.fasta
# Fields: query acc.ver, subject acc.ver, % identity, alignment length, mismatches, gap opens, q. start, q. end, s. start, s. end, evalue, bit score
# 1 hits found
U14003.1/161794-161766	NZ_CP055292.1	88.235	34	4	0	42	75	1400158	1400191	1.15e-04	41.7
# BLASTN 2.13.0+
# Query: J01636.1/1170-1210 slurp/ecgetrf.pl?CH05936 DE:[terminator overlapping CAP site]-
# Database: S._sonnei_NZ_CP055292.1_trans.fasta
# 0 hits found
# BLASTN 2.13.0+
# Query: ECK120033737+
# Database: S._sonnei_NZ_CP055292.1_trans.fasta
# Fields: query acc.ver, subject acc.ver, % identity, alignment length, mismatches, gap opens, q. start, q. end, s. start, s. end, evalue, bit score
# 1 hits found
ECK120033737+	NZ_CP055292.1	91.429	35	1	2	51	84	1267818	1267851	3.22e-06	47.3
# BLASTN 2.13.0+
# Query: ECK120034435-
# Database: S._sonnei_NZ_CP055292.1_trans.fasta
# 0 hits found
# BLASTN 2.13.0+
# Query: ECK120034435-R+
# Database: S._sonnei_NZ_CP055292.1_trans.fasta
# 0 hits found
# BLASTN 2.13.0+
# Query: ECK120010818-
# Database: S._sonnei_NZ_CP055292.1_trans.fasta
# Fields: query acc.ver, subject acc.ver, % identity, alignment length, mismatches, gap opens, q. start, q. end, s. start, s. end, evalue, bit score
# 1 hits found
ECK120010818-	NZ_CP055292.1	100.000	28	0	0	49	76	1682988	1683015	6.80e-08	52.8
# BLASTN 2.13.0+
# Query: ECK120010794-R+
# Database: S._sonnei_NZ_CP055292.1_trans.fasta
# Fields: query acc.ver, subject acc.ver, % identity, alignment length, mismatches, gap opens, q. start, q. end, s. start, s. end, evalue, bit score
# 1 hits found
ECK120010794-R+	NZ_CP055292.1	100.000	28	0	0	46	73	1682988	1683015	5.61e-08	52.8
# BLASTN 2.13.0+
# Query: ECK120010793-R+
# Database: S._sonnei_NZ_CP055292.1_trans.fasta
# Fields: query acc.ver, subject acc.ver, % identity, alignment length, mismatches, gap opens, q. start, q. end, s. start, s. end, evalue, bit score
# 1 hits found
ECK120010793-R+	NZ_CP055292.1	100.000	28	0	0	46	73	1682988	1683015	5.61e-08	52.8
# BLASTN 2.13.0+
# Query: ECK120010793-
# Database: S._sonnei_NZ_CP055292.1_trans.fasta
# Fields: query acc.ver, subject acc.ver, % identity, alignment length, mismatches, gap opens, q. start, q. end, s. start, s. end, evalue, bit score
# 1 hits found
ECK120010793-	NZ_CP055292.1	100.000	28	0	0	46	73	1682988	1683015	5.61e-08	52.8
# BLASTN 2.13.0+
# Query: ECK120010869+
# Database: S._sonnei_NZ_CP055292.1_trans.fasta
# Fields: query acc.ver, subject acc.ver, % identity, alignment length, mismatches, gap opens, q. start, q. end, s. start, s. end, evalue, bit score
# 1 hits found
ECK120010869+	NZ_CP055292.1	96.970	33	1	0	44	76	2504889	2504921	4.38e-09	56.5
# BLASTN 2.13.0+
# Query: ECK120030221-R-
# Database: S._sonnei_NZ_CP055292.1_trans.fasta
# Fields: query acc.ver, subject acc.ver, % identity, alignment length, mismatches, gap opens, q. start, q. end, s. start, s. end, evalue, bit score
# 1 hits found
ECK120030221-R-	NZ_CP055292.1	95.690	116	5	0	1	116	4250253	4250368	1.50e-48	187
# BLASTN 2.13.0+
# Query: ECK120030221+
# Database: S._sonnei_NZ_CP055292.1_trans.fasta
# Fields: query acc.ver, subject acc.ver, % identity, alignment length, mismatches, gap opens, q. start, q. end, s. start, s. end, evalue, bit score
# 1 hits found
ECK120030221+	NZ_CP055292.1	95.690	116	5	0	1	116	4250253	4250368	1.50e-48	187
# BLASTN 2.13.0+
# Query: ECK120010832-R+
# Database: S._sonnei_NZ_CP055292.1_trans.fasta
# 0 hits found
# BLASTN 2.13.0+
# Query: ECK120010832-
# Database: S._sonnei_NZ_CP055292.1_trans.fasta
# 0 hits found
# BLASTN 2.13.0+
# Query: ECK120051401-
# Database: S._sonnei_NZ_CP055292.1_trans.fasta
# 0 hits found
# BLASTN 2.13.0+
# Query: tonB_P14-
# Database: S._sonnei_NZ_CP055292.1_trans.fasta
# Fields: query acc.ver, subject acc.ver, % identity, alignment length, mismatches, gap opens, q. start, q. end, s. start, s. end, evalue, bit score
# 1 hits found
tonB_P14-	NZ_CP055292.1	93.750	32	2	0	51	82	4636058	4636089	8.87e-07	49.1
# BLASTN 2.13.0+
# Query: ECK120010792+
# Database: S._sonnei_NZ_CP055292.1_trans.fasta
# Fields: query acc.ver, subject acc.ver, % identity, alignment length, mismatches, gap opens, q. start, q. end, s. start, s. end, evalue, bit score
# 1 hits found
ECK120010792+	NZ_CP055292.1	93.750	32	2	0	51	82	4636058	4636089	8.64e-07	49.1
# BLASTN 2.13.0+
# Query: tonB+
# Database: S._sonnei_NZ_CP055292.1_trans.fasta
# Fields: query acc.ver, subject acc.ver, % identity, alignment length, mismatches, gap opens, q. start, q. end, s. start, s. end, evalue, bit score
# 1 hits found
tonB+	NZ_CP055292.1	93.750	32	2	0	41	72	4636058	4636089	7.56e-07	49.1
# BLASTN 2.13.0+
# Query: pyrBI-
# Database: S._sonnei_NZ_CP055292.1_trans.fasta
# 0 hits found
# BLASTN 2.13.0+
# Query: ilvBN+
# Database: S._sonnei_NZ_CP055292.1_trans.fasta
# 0 hits found
# BLASTN 2.13.0+
# Query: ECK120010797+
# Database: S._sonnei_NZ_CP055292.1_trans.fasta
# Fields: query acc.ver, subject acc.ver, % identity, alignment length, mismatches, gap opens, q. start, q. end, s. start, s. end, evalue, bit score
# 1 hits found
ECK120010797+	NZ_CP055292.1	92.857	28	2	0	46	73	3380628	3380655	1.27e-04	41.7
# BLASTN 2.13.0+
# Query: ECK120015452+
# Database: S._sonnei_NZ_CP055292.1_trans.fasta
# Fields: query acc.ver, subject acc.ver, % identity, alignment length, mismatches, gap opens, q. start, q. end, s. start, s. end, evalue, bit score
# 1 hits found
ECK120015452+	NZ_CP055292.1	96.000	25	0	1	12	35	1644136	1644160	4.97e-04	39.9
# BLASTN 2.13.0+
# Query: ECK120010815-
# Database: S._sonnei_NZ_CP055292.1_trans.fasta
# 0 hits found
# BLASTN 2.13.0+
# Query: ECK120010815-R+
# Database: S._sonnei_NZ_CP055292.1_trans.fasta
# 0 hits found
# BLASTN 2.13.0+
# Query: ECK120051385-
# Database: S._sonnei_NZ_CP055292.1_trans.fasta
# 0 hits found
# BLASTN 2.13.0+
# Query: ECK120010846+
# Database: S._sonnei_NZ_CP055292.1_trans.fasta
# Fields: query acc.ver, subject acc.ver, % identity, alignment length, mismatches, gap opens, q. start, q. end, s. start, s. end, evalue, bit score
# 1 hits found
ECK120010846+	NZ_CP055292.1	100.000	22	0	0	51	72	2259619	2259640	1.32e-04	41.7
# BLASTN 2.13.0+
# Query: ECK120010853+
# Database: S._sonnei_NZ_CP055292.1_trans.fasta
# 0 hits found
# BLASTN 2.13.0+
# Query: ECK120010825-
# Database: S._sonnei_NZ_CP055292.1_trans.fasta
# 0 hits found
# BLASTN 2.13.0+
# Query: ECK120010825-R+
# Database: S._sonnei_NZ_CP055292.1_trans.fasta
# 0 hits found
# BLASTN 2.13.0+
# Query: ECK120010833-
# Database: S._sonnei_NZ_CP055292.1_trans.fasta
# 0 hits found
# BLASTN 2.13.0+
# Query: ECK120010833-R+
# Database: S._sonnei_NZ_CP055292.1_trans.fasta
# 0 hits found
# BLASTN 2.13.0+
# Query: ECK120011170-
# Database: S._sonnei_NZ_CP055292.1_trans.fasta
# 0 hits found
# BLASTN 2.13.0+
# Query: ECK120011170-R+
# Database: S._sonnei_NZ_CP055292.1_trans.fasta
# 0 hits found
# BLASTN 2.13.0+
# Query: ECK120010866-R+
# Database: S._sonnei_NZ_CP055292.1_trans.fasta
# 0 hits found
# BLASTN 2.13.0+
# Query: ECK120010866-
# Database: S._sonnei_NZ_CP055292.1_trans.fasta
# 0 hits found
# BLASTN 2.13.0+
# Query: ECK120034551+
# Database: S._sonnei_NZ_CP055292.1_trans.fasta
# 0 hits found
# BLASTN 2.13.0+
# Query: ECK120020525-
# Database: S._sonnei_NZ_CP055292.1_trans.fasta
# 0 hits found
# BLASTN 2.13.0+
# Query: ECK120020525-R+
# Database: S._sonnei_NZ_CP055292.1_trans.fasta
# 0 hits found
# BLASTN 2.13.0+
# Query: nusA_infB-
# Database: S._sonnei_NZ_CP055292.1_trans.fasta
# 0 hits found
# BLASTN 2.13.0+
# Query: ECK120020526-R+
# Database: S._sonnei_NZ_CP055292.1_trans.fasta
# 0 hits found
# BLASTN 2.13.0+
# Query: ECK120020526-
# Database: S._sonnei_NZ_CP055292.1_trans.fasta
# 0 hits found
# BLASTN 2.13.0+
# Query: ECK120034436+
# Database: S._sonnei_NZ_CP055292.1_trans.fasta
# 0 hits found
# BLASTN 2.13.0+
# Query: ECK120021270-
# Database: S._sonnei_NZ_CP055292.1_trans.fasta
# 0 hits found
# BLASTN 2.13.0+
# Query: ECK120021270-R+
# Database: S._sonnei_NZ_CP055292.1_trans.fasta
# 0 hits found
# BLASTN 2.13.0+
# Query: ECK125095454+
# Database: S._sonnei_NZ_CP055292.1_trans.fasta
# 0 hits found
# BLASTN 2.13.0+
# Query: ECK120010874-
# Database: S._sonnei_NZ_CP055292.1_trans.fasta
# 0 hits found
# BLASTN 2.13.0+
# Query: ECK120010874-R+
# Database: S._sonnei_NZ_CP055292.1_trans.fasta
# 0 hits found
# BLASTN 2.13.0+
# Query: ECK120010796-
# Database: S._sonnei_NZ_CP055292.1_trans.fasta
# 0 hits found
# BLASTN 2.13.0+
# Query: ECK120010796-R+
# Database: S._sonnei_NZ_CP055292.1_trans.fasta
# 0 hits found
# BLASTN 2.13.0+
# Query: ECK120030218+
# Database: S._sonnei_NZ_CP055292.1_trans.fasta
# 0 hits found
# BLASTN 2.13.0+
# Query: ECK120020528-
# Database: S._sonnei_NZ_CP055292.1_trans.fasta
# Fields: query acc.ver, subject acc.ver, % identity, alignment length, mismatches, gap opens, q. start, q. end, s. start, s. end, evalue, bit score
# 1 hits found
ECK120020528-	NZ_CP055292.1	92.857	28	2	0	47	74	2177987	2178014	1.29e-04	41.7
# BLASTN 2.13.0+
# Query: ECK120020528-R+
# Database: S._sonnei_NZ_CP055292.1_trans.fasta
# Fields: query acc.ver, subject acc.ver, % identity, alignment length, mismatches, gap opens, q. start, q. end, s. start, s. end, evalue, bit score
# 1 hits found
ECK120020528-R+	NZ_CP055292.1	92.857	28	2	0	47	74	2177987	2178014	1.29e-04	41.7
# BLASTN 2.13.0+
# Query: ECK120033265+
# Database: S._sonnei_NZ_CP055292.1_trans.fasta
# 0 hits found
# BLASTN 2.13.0+
# Query: ECK120010834+
# Database: S._sonnei_NZ_CP055292.1_trans.fasta
# 0 hits found
# BLASTN 2.13.0+
# Query: trp-
# Database: S._sonnei_NZ_CP055292.1_trans.fasta
# 0 hits found
# BLASTN 2.13.0+
# Query: ECK120010841-
# Database: S._sonnei_NZ_CP055292.1_trans.fasta
# 0 hits found
# BLASTN 2.13.0+
# Query: ECK120010841-R+
# Database: S._sonnei_NZ_CP055292.1_trans.fasta
# 0 hits found
# BLASTN 2.13.0+
# Query: ECK120030673+
# Database: S._sonnei_NZ_CP055292.1_trans.fasta
# 0 hits found
# BLASTN 2.13.0+
# Query: ECK120029530-
# Database: S._sonnei_NZ_CP055292.1_trans.fasta
# 0 hits found
# BLASTN 2.13.0+
# Query: ECK120029530-R+
# Database: S._sonnei_NZ_CP055292.1_trans.fasta
# 0 hits found
# BLASTN 2.13.0+
# Query: ECK125095455-
# Database: S._sonnei_NZ_CP055292.1_trans.fasta
# 0 hits found
# BLASTN 2.13.0+
# Query: ECK120048902+
# Database: S._sonnei_NZ_CP055292.1_trans.fasta
# 0 hits found
# BLASTN 2.13.0+
# Query: ECK120010827-
# Database: S._sonnei_NZ_CP055292.1_trans.fasta
# 0 hits found
# BLASTN 2.13.0+
# Query: ECK120010791-
# Database: S._sonnei_NZ_CP055292.1_trans.fasta
# 0 hits found
# BLASTN 2.13.0+
# Query: ECK120010791-R+
# Database: S._sonnei_NZ_CP055292.1_trans.fasta
# 0 hits found
# BLASTN 2.13.0+
# Query: ECK120048897-
# Database: S._sonnei_NZ_CP055292.1_trans.fasta
# 0 hits found
# BLASTN 2.13.0+
# Query: ECK120048897-R+
# Database: S._sonnei_NZ_CP055292.1_trans.fasta
# 0 hits found
# BLASTN 2.13.0+
# Query: ECK120010803-
# Database: S._sonnei_NZ_CP055292.1_trans.fasta
# 0 hits found
# BLASTN 2.13.0+
# Query: ECK120010803-R+
# Database: S._sonnei_NZ_CP055292.1_trans.fasta
# 0 hits found
# BLASTN 2.13.0+
# Query: pheST-
# Database: S._sonnei_NZ_CP055292.1_trans.fasta
# 0 hits found
# BLASTN 2.13.0+
# Query: ECK120021269-R+
# Database: S._sonnei_NZ_CP055292.1_trans.fasta
# 0 hits found
# BLASTN 2.13.0+
# Query: ECK120015957-
# Database: S._sonnei_NZ_CP055292.1_trans.fasta
# 0 hits found
# BLASTN 2.13.0+
# Query: ECK120015448+
# Database: S._sonnei_NZ_CP055292.1_trans.fasta
# 0 hits found
# BLASTN 2.13.0+
# Query: ECK120010816-
# Database: S._sonnei_NZ_CP055292.1_trans.fasta
# 0 hits found
# BLASTN 2.13.0+
# Query: ECK120010845-
# Database: S._sonnei_NZ_CP055292.1_trans.fasta
# 0 hits found
# BLASTN 2.13.0+
# Query: ECK120030220+
# Database: S._sonnei_NZ_CP055292.1_trans.fasta
# 0 hits found
# BLASTN 2.13.0+
# Query: ECK120033264-
# Database: S._sonnei_NZ_CP055292.1_trans.fasta
# 0 hits found
# BLASTN 2.13.0+
# Query: ECK120010779+
# Database: S._sonnei_NZ_CP055292.1_trans.fasta
# 0 hits found
# BLASTN 2.13.0+
# Query: ECK120010779-R-
# Database: S._sonnei_NZ_CP055292.1_trans.fasta
# 0 hits found
# BLASTN 2.13.0+
# Query: ECK120015456-
# Database: S._sonnei_NZ_CP055292.1_trans.fasta
# Fields: query acc.ver, subject acc.ver, % identity, alignment length, mismatches, gap opens, q. start, q. end, s. start, s. end, evalue, bit score
# 1 hits found
ECK120015456-	NZ_CP055292.1	90.323	31	2	1	1	31	3656747	3656776	4.64e-04	39.9
# BLASTN 2.13.0+
# Query: ECK120015456-R+
# Database: S._sonnei_NZ_CP055292.1_trans.fasta
# Fields: query acc.ver, subject acc.ver, % identity, alignment length, mismatches, gap opens, q. start, q. end, s. start, s. end, evalue, bit score
# 1 hits found
ECK120015456-R+	NZ_CP055292.1	90.323	31	2	1	1	31	3656747	3656776	4.64e-04	39.9
# BLASTN 2.13.0+
# Query: ECK120035135-
# Database: S._sonnei_NZ_CP055292.1_trans.fasta
# 0 hits found
# BLASTN 2.13.0+
# Query: ECK120035135-R+
# Database: S._sonnei_NZ_CP055292.1_trans.fasta
# 0 hits found
# BLASTN 2.13.0+
# Query: ECK120034954+
# Database: S._sonnei_NZ_CP055292.1_trans.fasta
# 0 hits found
# BLASTN 2.13.0+
# Query: ECK120010801+
# Database: S._sonnei_NZ_CP055292.1_trans.fasta
# 0 hits found
# BLASTN 2.13.0+
# Query: ECK120034948+
# Database: S._sonnei_NZ_CP055292.1_trans.fasta
# 0 hits found
# BLASTN 2.13.0+
# Query: ECK125109868-
# Database: S._sonnei_NZ_CP055292.1_trans.fasta
# 0 hits found
# BLASTN 2.13.0+
# Query: ECK120034949+
# Database: S._sonnei_NZ_CP055292.1_trans.fasta
# Fields: query acc.ver, subject acc.ver, % identity, alignment length, mismatches, gap opens, q. start, q. end, s. start, s. end, evalue, bit score
# 1 hits found
ECK120034949+	NZ_CP055292.1	100.000	22	0	0	51	72	1682259	1682280	1.32e-04	41.7
# BLASTN 2.13.0+
# Query: ECK120015443-
# Database: S._sonnei_NZ_CP055292.1_trans.fasta
# 0 hits found
# BLASTN 2.13.0+
# Query: ECK120015443-R+
# Database: S._sonnei_NZ_CP055292.1_trans.fasta
# 0 hits found
# BLASTN 2.13.0+
# Query: ECK120010839+
# Database: S._sonnei_NZ_CP055292.1_trans.fasta
# 0 hits found
# BLASTN 2.13.0+
# Query: ECK120010838+
# Database: S._sonnei_NZ_CP055292.1_trans.fasta
# 0 hits found
# BLASTN 2.13.0+
# Query: ECK120026312-
# Database: S._sonnei_NZ_CP055292.1_trans.fasta
# 0 hits found
# BLASTN 2.13.0+
# Query: ECK120026312-R+
# Database: S._sonnei_NZ_CP055292.1_trans.fasta
# 0 hits found
# BLASTN 2.13.0+
# Query: ECK120030801-
# Database: S._sonnei_NZ_CP055292.1_trans.fasta
# 0 hits found
# BLASTN 2.13.0+
# Query: ECK120030801-R+
# Database: S._sonnei_NZ_CP055292.1_trans.fasta
# 0 hits found
# BLASTN 2.13.0+
# Query: ECK120030800+
# Database: S._sonnei_NZ_CP055292.1_trans.fasta
# 0 hits found
# BLASTN 2.13.0+
# Query: ECK120048900+
# Database: S._sonnei_NZ_CP055292.1_trans.fasta
# 0 hits found
# BLASTN 2.13.0+
# Query: ECK125109869-
# Database: S._sonnei_NZ_CP055292.1_trans.fasta
# 0 hits found
# BLASTN 2.13.0+
# Query: ECK120020527+
# Database: S._sonnei_NZ_CP055292.1_trans.fasta
# 0 hits found
# BLASTN 2.13.0+
# Query: ECK120027917-
# Database: S._sonnei_NZ_CP055292.1_trans.fasta
# 0 hits found
# BLASTN 2.13.0+
# Query: ECK120027917-R+
# Database: S._sonnei_NZ_CP055292.1_trans.fasta
# 0 hits found
# BLASTN 2.13.0+
# Query: ECK120010835-R+
# Database: S._sonnei_NZ_CP055292.1_trans.fasta
# 0 hits found
# BLASTN 2.13.0+
# Query: ECK120015447-R+
# Database: S._sonnei_NZ_CP055292.1_trans.fasta
# 0 hits found
# BLASTN 2.13.0+
# Query: ECK120010786-R+
# Database: S._sonnei_NZ_CP055292.1_trans.fasta
# 0 hits found
# BLAST processed 174 queries
