# BLASTN 2.13.0+
# Query: ECK120029600
# Database: split1_sliding_windows.fasta
# 0 hits found
# BLASTN 2.13.0+
# Query: ECK120033737
# Database: split1_sliding_windows.fasta
# 0 hits found
# BLASTN 2.13.0+
# Query: pheA-1
# Database: split1_sliding_windows.fasta
# 0 hits found
# BLASTN 2.13.0+
# Query: ECK120034435
# Database: split1_sliding_windows.fasta
# 0 hits found
# BLASTN 2.13.0+
# Query: ECK120033736
# Database: split1_sliding_windows.fasta
# 0 hits found
# BLASTN 2.13.0+
# Query: ECK120010818
# Database: split1_sliding_windows.fasta
# Fields: query acc.ver, subject acc.ver, % identity, alignment length, mismatches, gap opens, q. start, q. end, s. start, s. end, evalue, bit score
# 9 hits found
ECK120010818	sliding_window_6735	100.000	28	0	0	19	46	12	39	2.93e-09	52.8
ECK120010818	sliding_window_6734	100.000	28	0	0	19	46	32	59	2.93e-09	52.8
ECK120010818	sliding_window_6733	100.000	28	0	0	19	46	52	79	2.93e-09	52.8
ECK120010818	sliding_window_6732	100.000	28	0	0	19	46	72	99	2.93e-09	52.8
ECK120010818	sliding_window_5751	93.548	31	2	0	16	46	46	16	1.36e-07	47.3
ECK120010818	sliding_window_5750	93.548	31	2	0	16	46	66	36	1.36e-07	47.3
ECK120010818	sliding_window_5749	93.548	31	2	0	16	46	86	56	1.36e-07	47.3
ECK120010818	sliding_window_5748	100.000	24	0	0	23	46	99	76	4.90e-07	45.4
ECK120010818	sliding_window_5752	92.308	26	2	0	16	41	26	1	8.19e-05	38.1
# BLASTN 2.13.0+
# Query: BBa_B0062-R
# Database: split1_sliding_windows.fasta
# Fields: query acc.ver, subject acc.ver, % identity, alignment length, mismatches, gap opens, q. start, q. end, s. start, s. end, evalue, bit score
# 6 hits found
BBa_B0062-R	sliding_window_6447	100.000	40	0	0	1	40	41	2	4.11e-16	75.0
BBa_B0062-R	sliding_window_6446	100.000	40	0	0	1	40	61	22	4.11e-16	75.0
BBa_B0062-R	sliding_window_6445	100.000	40	0	0	1	40	81	42	4.11e-16	75.0
BBa_B0062-R	sliding_window_6444	100.000	39	0	0	2	40	100	62	1.48e-15	73.1
BBa_B0062-R	sliding_window_6448	100.000	21	0	0	1	21	21	1	1.50e-05	39.9
BBa_B0062-R	sliding_window_6443	100.000	19	0	0	22	40	100	82	1.94e-04	36.2
# BLASTN 2.13.0+
# Query: ECK120010799
# Database: split1_sliding_windows.fasta
# 0 hits found
# BLASTN 2.13.0+
# Query: ECK120010876
# Database: split1_sliding_windows.fasta
# 0 hits found
# BLASTN 2.13.0+
# Query: ECK120010869
# Database: split1_sliding_windows.fasta
# Fields: query acc.ver, subject acc.ver, % identity, alignment length, mismatches, gap opens, q. start, q. end, s. start, s. end, evalue, bit score
# 16 hits found
ECK120010869	sliding_window_6735	100.000	35	0	0	1	35	10	44	1.88e-13	65.8
ECK120010869	sliding_window_6734	100.000	35	0	0	1	35	30	64	1.88e-13	65.8
ECK120010869	sliding_window_6733	100.000	35	0	0	1	35	50	84	1.88e-13	65.8
ECK120010869	sliding_window_6732	100.000	31	0	0	1	31	70	100	3.14e-11	58.4
ECK120010869	sliding_window_5751	100.000	29	0	0	7	35	39	11	4.07e-10	54.7
ECK120010869	sliding_window_5750	100.000	29	0	0	7	35	59	31	4.07e-10	54.7
ECK120010869	sliding_window_5749	100.000	29	0	0	7	35	79	51	4.07e-10	54.7
ECK120010869	sliding_window_5748	100.000	29	0	0	7	35	99	71	4.07e-10	54.7
ECK120010869	sliding_window_6736	100.000	24	0	0	12	35	1	24	2.45e-07	45.4
ECK120010869	sliding_window_2558	92.593	27	0	2	11	35	19	45	4.10e-05	38.1
ECK120010869	sliding_window_2557	92.593	27	0	2	11	35	39	65	4.10e-05	38.1
ECK120010869	sliding_window_2556	92.593	27	0	2	11	35	59	85	4.10e-05	38.1
ECK120010869	sliding_window_5752	100.000	19	0	0	7	25	19	1	1.47e-04	36.2
ECK120010869	sliding_window_1781	87.879	33	1	3	2	31	9	41	1.47e-04	36.2
ECK120010869	sliding_window_1780	87.879	33	1	3	2	31	29	61	1.47e-04	36.2
ECK120010869	sliding_window_1779	87.879	33	1	3	2	31	49	81	1.47e-04	36.2
# BLASTN 2.13.0+
# Query: BBa_B0010
# Database: split1_sliding_windows.fasta
# 0 hits found
# BLASTN 2.13.0+
# Query: ECK120017009
# Database: split1_sliding_windows.fasta
# 0 hits found
# BLASTN 2.13.0+
# Query: ECK120051401
# Database: split1_sliding_windows.fasta
# 0 hits found
# BLASTN 2.13.0+
# Query: ECK120010850
# Database: split1_sliding_windows.fasta
# 0 hits found
# BLASTN 2.13.0+
# Query: ECK120051382
# Database: split1_sliding_windows.fasta
# 0 hits found
# BLASTN 2.13.0+
# Query: ECK120035133
# Database: split1_sliding_windows.fasta
# Fields: query acc.ver, subject acc.ver, % identity, alignment length, mismatches, gap opens, q. start, q. end, s. start, s. end, evalue, bit score
# 5 hits found
ECK120035133	sliding_window_6176	97.561	41	0	1	2	42	52	13	1.99e-14	69.4
ECK120035133	sliding_window_6175	97.561	41	0	1	2	42	72	33	1.99e-14	69.4
ECK120035133	sliding_window_6174	97.561	41	0	1	2	42	92	53	1.99e-14	69.4
ECK120035133	sliding_window_6177	96.970	33	0	1	2	34	32	1	5.57e-10	54.7
ECK120035133	sliding_window_6173	100.000	28	0	0	15	42	100	73	2.00e-09	52.8
# BLASTN 2.13.0+
# Query: tonB_P14
# Database: split1_sliding_windows.fasta
# 0 hits found
# BLASTN 2.13.0+
# Query: ECK120023928
# Database: split1_sliding_windows.fasta
# 0 hits found
# BLASTN 2.13.0+
# Query: ECK120016882
# Database: split1_sliding_windows.fasta
# Fields: query acc.ver, subject acc.ver, % identity, alignment length, mismatches, gap opens, q. start, q. end, s. start, s. end, evalue, bit score
# 5 hits found
ECK120016882	sliding_window_65	100.000	34	0	0	1	34	42	9	6.40e-13	63.9
ECK120016882	sliding_window_64	100.000	34	0	0	1	34	62	29	6.40e-13	63.9
ECK120016882	sliding_window_63	100.000	34	0	0	1	34	82	49	6.40e-13	63.9
ECK120016882	sliding_window_62	100.000	32	0	0	3	34	100	69	8.28e-12	60.2
ECK120016882	sliding_window_66	100.000	22	0	0	1	22	22	1	3.00e-06	41.7
# BLASTN 2.13.0+
# Query: pyrBI
# Database: split1_sliding_windows.fasta
# 0 hits found
# BLASTN 2.13.0+
# Query: ECK120026481
# Database: split1_sliding_windows.fasta
# 0 hits found
# BLASTN 2.13.0+
# Query: ECK120010782
# Database: split1_sliding_windows.fasta
# 0 hits found
# BLASTN 2.13.0+
# Query: ilvBN
# Database: split1_sliding_windows.fasta
# 0 hits found
# BLASTN 2.13.0+
# Query: ECK120016586
# Database: split1_sliding_windows.fasta
# 0 hits found
# BLASTN 2.13.0+
# Query: ECK120010797
# Database: split1_sliding_windows.fasta
# 0 hits found
# BLASTN 2.13.0+
# Query: ECK120014970
# Database: split1_sliding_windows.fasta
# 0 hits found
# BLASTN 2.13.0+
# Query: ECK120015452
# Database: split1_sliding_windows.fasta
# 0 hits found
# BLASTN 2.13.0+
# Query: ECK120010863
# Database: split1_sliding_windows.fasta
# 0 hits found
# BLASTN 2.13.0+
# Query: ECK120010815
# Database: split1_sliding_windows.fasta
# 0 hits found
# BLASTN 2.13.0+
# Query: ECK120010793
# Database: split1_sliding_windows.fasta
# Fields: query acc.ver, subject acc.ver, % identity, alignment length, mismatches, gap opens, q. start, q. end, s. start, s. end, evalue, bit score
# 10 hits found
ECK120010793	sliding_window_6735	100.000	28	0	0	2	29	12	39	1.39e-09	52.8
ECK120010793	sliding_window_6734	100.000	28	0	0	2	29	32	59	1.39e-09	52.8
ECK120010793	sliding_window_6733	100.000	28	0	0	2	29	52	79	1.39e-09	52.8
ECK120010793	sliding_window_6732	100.000	28	0	0	2	29	72	99	1.39e-09	52.8
ECK120010793	sliding_window_5751	100.000	24	0	0	6	29	39	16	2.32e-07	45.4
ECK120010793	sliding_window_5750	100.000	24	0	0	6	29	59	36	2.32e-07	45.4
ECK120010793	sliding_window_5749	100.000	24	0	0	6	29	79	56	2.32e-07	45.4
ECK120010793	sliding_window_5748	100.000	24	0	0	6	29	99	76	2.32e-07	45.4
ECK120010793	sliding_window_6736	100.000	19	0	0	11	29	1	19	1.40e-04	36.2
ECK120010793	sliding_window_5752	100.000	19	0	0	6	24	19	1	1.40e-04	36.2
# BLASTN 2.13.0+
# Query: ECK120015459
# Database: split1_sliding_windows.fasta
# 0 hits found
# BLASTN 2.13.0+
# Query: ECK120051385
# Database: split1_sliding_windows.fasta
# 0 hits found
# BLASTN 2.13.0+
# Query: ECK120010781
# Database: split1_sliding_windows.fasta
# 0 hits found
# BLASTN 2.13.0+
# Query: ECK120010846
# Database: split1_sliding_windows.fasta
# 0 hits found
# BLASTN 2.13.0+
# Query: ECK120010840
# Database: split1_sliding_windows.fasta
# 0 hits found
# BLASTN 2.13.0+
# Query: ECK120010868
# Database: split1_sliding_windows.fasta
# Fields: query acc.ver, subject acc.ver, % identity, alignment length, mismatches, gap opens, q. start, q. end, s. start, s. end, evalue, bit score
# 4 hits found
ECK120010868	sliding_window_7000	94.737	38	2	0	1	38	39	2	1.01e-11	60.2
ECK120010868	sliding_window_6999	94.737	38	2	0	1	38	59	22	1.01e-11	60.2
ECK120010868	sliding_window_6998	94.737	38	2	0	1	38	79	42	1.01e-11	60.2
ECK120010868	sliding_window_6997	94.737	38	2	0	1	38	99	62	1.01e-11	60.2
# BLASTN 2.13.0+
# Query: ECK120010853
# Database: split1_sliding_windows.fasta
# 0 hits found
# BLASTN 2.13.0+
# Query: pheA_2
# Database: split1_sliding_windows.fasta
# 0 hits found
# BLASTN 2.13.0+
# Query: ECK125108723
# Database: split1_sliding_windows.fasta
# 0 hits found
# BLASTN 2.13.0+
# Query: ECK120010825
# Database: split1_sliding_windows.fasta
# 0 hits found
# BLASTN 2.13.0+
# Query: ECK120030221
# Database: split1_sliding_windows.fasta
# Fields: query acc.ver, subject acc.ver, % identity, alignment length, mismatches, gap opens, q. start, q. end, s. start, s. end, evalue, bit score
# 13 hits found
ECK120030221	sliding_window_6735	100.000	21	0	0	10	30	19	39	1.20e-05	39.9
ECK120030221	sliding_window_6734	100.000	21	0	0	10	30	39	59	1.20e-05	39.9
ECK120030221	sliding_window_6733	100.000	21	0	0	10	30	59	79	1.20e-05	39.9
ECK120030221	sliding_window_6732	100.000	21	0	0	10	30	79	99	1.20e-05	39.9
ECK120030221	sliding_window_5751	100.000	21	0	0	10	30	36	16	1.20e-05	39.9
ECK120030221	sliding_window_5750	100.000	21	0	0	10	30	56	36	1.20e-05	39.9
ECK120030221	sliding_window_5749	100.000	21	0	0	10	30	76	56	1.20e-05	39.9
ECK120030221	sliding_window_5748	100.000	21	0	0	10	30	96	76	1.20e-05	39.9
ECK120030221	sliding_window_6736	100.000	19	0	0	12	30	1	19	1.55e-04	36.2
ECK120030221	sliding_window_6477	92.308	26	0	2	12	35	14	39	1.55e-04	36.2
ECK120030221	sliding_window_6476	92.308	26	0	2	12	35	34	59	1.55e-04	36.2
ECK120030221	sliding_window_6475	92.308	26	0	2	12	35	54	79	1.55e-04	36.2
ECK120030221	sliding_window_6474	92.308	26	0	2	12	35	74	99	1.55e-04	36.2
# BLASTN 2.13.0+
# Query: ECK120015454
# Database: split1_sliding_windows.fasta
# 0 hits found
# BLASTN 2.13.0+
# Query: ECK120010865
# Database: split1_sliding_windows.fasta
# 0 hits found
# BLASTN 2.13.0+
# Query: ECK120010806
# Database: split1_sliding_windows.fasta
# 0 hits found
# BLASTN 2.13.0+
# Query: ECK120020522
# Database: split1_sliding_windows.fasta
# 0 hits found
# BLASTN 2.13.0+
# Query: ECK120010833
# Database: split1_sliding_windows.fasta
# 0 hits found
# BLASTN 2.13.0+
# Query: ECK120029341
# Database: split1_sliding_windows.fasta
# 0 hits found
# BLASTN 2.13.0+
# Query: BBa_B0052
# Database: split1_sliding_windows.fasta
# Fields: query acc.ver, subject acc.ver, % identity, alignment length, mismatches, gap opens, q. start, q. end, s. start, s. end, evalue, bit score
# 6 hits found
BBa_B0052	sliding_window_6447	100.000	40	0	0	2	41	2	41	4.11e-16	75.0
BBa_B0052	sliding_window_6446	100.000	40	0	0	2	41	22	61	4.11e-16	75.0
BBa_B0052	sliding_window_6445	100.000	40	0	0	2	41	42	81	4.11e-16	75.0
BBa_B0052	sliding_window_6444	100.000	39	0	0	2	40	62	100	1.48e-15	73.1
BBa_B0052	sliding_window_6448	100.000	21	0	0	21	41	1	21	1.50e-05	39.9
BBa_B0052	sliding_window_6443	100.000	19	0	0	2	20	82	100	1.94e-04	36.2
# BLASTN 2.13.0+
# Query: ECK120011170
# Database: split1_sliding_windows.fasta
# 0 hits found
# BLASTN 2.13.0+
# Query: ECK120051408
# Database: split1_sliding_windows.fasta
# 0 hits found
# BLASTN 2.13.0+
# Query: ECK120034551
# Database: split1_sliding_windows.fasta
# 0 hits found
# BLASTN 2.13.0+
# Query: ECK120035136
# Database: split1_sliding_windows.fasta
# Fields: query acc.ver, subject acc.ver, % identity, alignment length, mismatches, gap opens, q. start, q. end, s. start, s. end, evalue, bit score
# 5 hits found
ECK120035136	sliding_window_6286	93.750	48	3	0	1	48	13	60	1.89e-15	73.1
ECK120035136	sliding_window_6285	93.750	48	3	0	1	48	33	80	1.89e-15	73.1
ECK120035136	sliding_window_6284	93.750	48	3	0	1	48	53	100	1.89e-15	73.1
ECK120035136	sliding_window_6287	94.737	38	2	0	11	48	3	40	1.47e-11	60.2
ECK120035136	sliding_window_6283	92.857	28	2	0	1	28	73	100	5.33e-06	41.7
# BLASTN 2.13.0+
# Query: BBa_B0057
# Database: split1_sliding_windows.fasta
# Fields: query acc.ver, subject acc.ver, % identity, alignment length, mismatches, gap opens, q. start, q. end, s. start, s. end, evalue, bit score
# 6 hits found
BBa_B0057	sliding_window_6447	100.000	40	0	0	3	42	2	41	4.27e-16	75.0
BBa_B0057	sliding_window_6446	100.000	40	0	0	3	42	22	61	4.27e-16	75.0
BBa_B0057	sliding_window_6445	100.000	40	0	0	3	42	42	81	4.27e-16	75.0
BBa_B0057	sliding_window_6444	100.000	39	0	0	3	41	62	100	1.54e-15	73.1
BBa_B0057	sliding_window_6448	100.000	21	0	0	22	42	1	21	1.56e-05	39.9
BBa_B0057	sliding_window_6443	100.000	19	0	0	3	21	82	100	2.02e-04	36.2
# BLASTN 2.13.0+
# Query: ECK120029529
# Database: split1_sliding_windows.fasta
# 0 hits found
# BLASTN 2.13.0+
# Query: ECK120020525
# Database: split1_sliding_windows.fasta
# 0 hits found
# BLASTN 2.13.0+
# Query: ECK120010851
# Database: split1_sliding_windows.fasta
# 0 hits found
# BLASTN 2.13.0+
# Query: ECK120034436
# Database: split1_sliding_windows.fasta
# 0 hits found
# BLASTN 2.13.0+
# Query: ECK120010852
# Database: split1_sliding_windows.fasta
# Fields: query acc.ver, subject acc.ver, % identity, alignment length, mismatches, gap opens, q. start, q. end, s. start, s. end, evalue, bit score
# 5 hits found
ECK120010852	sliding_window_6668	100.000	38	0	0	1	38	57	20	4.68e-15	71.3
ECK120010852	sliding_window_6667	100.000	38	0	0	1	38	77	40	4.68e-15	71.3
ECK120010852	sliding_window_6666	100.000	38	0	0	1	38	97	60	4.68e-15	71.3
ECK120010852	sliding_window_6669	100.000	37	0	0	1	37	37	1	1.68e-14	69.4
ECK120010852	sliding_window_6665	100.000	21	0	0	18	38	100	80	1.32e-05	39.9
# BLASTN 2.13.0+
# Query: ECK120048898
# Database: split1_sliding_windows.fasta
# Fields: query acc.ver, subject acc.ver, % identity, alignment length, mismatches, gap opens, q. start, q. end, s. start, s. end, evalue, bit score
# 5 hits found
ECK120048898	sliding_window_2481	95.238	42	2	0	1	42	5	46	7.15e-14	67.6
ECK120048898	sliding_window_2480	95.238	42	2	0	1	42	25	66	7.15e-14	67.6
ECK120048898	sliding_window_2479	95.238	42	2	0	1	42	45	86	7.15e-14	67.6
ECK120048898	sliding_window_2478	94.444	36	2	0	1	36	65	100	1.55e-10	56.5
ECK120048898	sliding_window_2482	100.000	26	0	0	17	42	1	26	2.59e-08	49.1
# BLASTN 2.13.0+
# Query: ECK120051404
# Database: split1_sliding_windows.fasta
# 0 hits found
# BLASTN 2.13.0+
# Query: ECK120021270
# Database: split1_sliding_windows.fasta
# 0 hits found
# BLASTN 2.13.0+
# Query: ECK120030802
# Database: split1_sliding_windows.fasta
# 0 hits found
# BLASTN 2.13.0+
# Query: ECK125095454
# Database: split1_sliding_windows.fasta
# 0 hits found
# BLASTN 2.13.0+
# Query: ECK120020622
# Database: split1_sliding_windows.fasta
# 0 hits found
# BLASTN 2.13.0+
# Query: ECK120010874
# Database: split1_sliding_windows.fasta
# 0 hits found
# BLASTN 2.13.0+
# Query: ECK120010783
# Database: split1_sliding_windows.fasta
# 0 hits found
# BLASTN 2.13.0+
# Query: ECK120030671
# Database: split1_sliding_windows.fasta
# 0 hits found
# BLASTN 2.13.0+
# Query: ECK120010796
# Database: split1_sliding_windows.fasta
# 0 hits found
# BLASTN 2.13.0+
# Query: ECK125095211
# Database: split1_sliding_windows.fasta
# 0 hits found
# BLASTN 2.13.0+
# Query: ECK120010832
# Database: split1_sliding_windows.fasta
# Fields: query acc.ver, subject acc.ver, % identity, alignment length, mismatches, gap opens, q. start, q. end, s. start, s. end, evalue, bit score
# 8 hits found
ECK120010832	sliding_window_6735	92.308	26	2	0	6	31	16	41	4.10e-05	38.1
ECK120010832	sliding_window_6734	92.308	26	2	0	6	31	36	61	4.10e-05	38.1
ECK120010832	sliding_window_6733	92.308	26	2	0	6	31	56	81	4.10e-05	38.1
ECK120010832	sliding_window_5751	92.308	26	2	0	6	31	39	14	4.10e-05	38.1
ECK120010832	sliding_window_5750	92.308	26	2	0	6	31	59	34	4.10e-05	38.1
ECK120010832	sliding_window_5749	92.308	26	2	0	6	31	79	54	4.10e-05	38.1
ECK120010832	sliding_window_5748	92.308	26	2	0	6	31	99	74	4.10e-05	38.1
ECK120010832	sliding_window_6732	92.000	25	2	0	6	30	76	100	1.47e-04	36.2
# BLASTN 2.13.0+
# Query: ECK120030218
# Database: split1_sliding_windows.fasta
# 0 hits found
# BLASTN 2.13.0+
# Query: ECK120029531
# Database: split1_sliding_windows.fasta
# 0 hits found
# BLASTN 2.13.0+
# Query: ECK120020528
# Database: split1_sliding_windows.fasta
# 0 hits found
# BLASTN 2.13.0+
# Query: ECK120030798
# Database: split1_sliding_windows.fasta
# 0 hits found
# BLASTN 2.13.0+
# Query: frd_ampC
# Database: split1_sliding_windows.fasta
# 0 hits found
# BLASTN 2.13.0+
# Query: ECK120051403
# Database: split1_sliding_windows.fasta
# 0 hits found
# BLASTN 2.13.0+
# Query: ECK120010790
# Database: split1_sliding_windows.fasta
# Fields: query acc.ver, subject acc.ver, % identity, alignment length, mismatches, gap opens, q. start, q. end, s. start, s. end, evalue, bit score
# 5 hits found
ECK120010790	sliding_window_6645	97.436	39	1	0	1	39	15	53	6.33e-14	67.6
ECK120010790	sliding_window_6644	97.436	39	1	0	1	39	35	73	6.33e-14	67.6
ECK120010790	sliding_window_6643	97.436	39	1	0	1	39	55	93	6.33e-14	67.6
ECK120010790	sliding_window_6646	96.970	33	1	0	7	39	1	33	1.37e-10	56.5
ECK120010790	sliding_window_6642	96.154	26	1	0	1	26	75	100	1.07e-06	43.6
# BLASTN 2.13.0+
# Query: ECK120010831
# Database: split1_sliding_windows.fasta
# Fields: query acc.ver, subject acc.ver, % identity, alignment length, mismatches, gap opens, q. start, q. end, s. start, s. end, evalue, bit score
# 5 hits found
ECK120010831	sliding_window_6527	91.892	37	3	0	10	46	15	51	3.08e-09	52.8
ECK120010831	sliding_window_6526	91.892	37	3	0	10	46	35	71	3.08e-09	52.8
ECK120010831	sliding_window_6525	91.892	37	3	0	10	46	55	91	3.08e-09	52.8
ECK120010831	sliding_window_6528	90.323	31	3	0	16	46	1	31	6.67e-06	41.7
ECK120010831	sliding_window_6524	92.308	26	2	0	10	35	75	100	8.63e-05	38.1
# BLASTN 2.13.0+
# Query: ECK120033265
# Database: split1_sliding_windows.fasta
# 0 hits found
# BLASTN 2.13.0+
# Query: ECK120010826
# Database: split1_sliding_windows.fasta
# 0 hits found
# BLASTN 2.13.0+
# Query: nusA_infB
# Database: split1_sliding_windows.fasta
# 0 hits found
# BLASTN 2.13.0+
# Query: ECK120035132
# Database: split1_sliding_windows.fasta
# 0 hits found
# BLASTN 2.13.0+
# Query: ECK120010834
# Database: split1_sliding_windows.fasta
# 0 hits found
# BLASTN 2.13.0+
# Query: ECK120010812
# Database: split1_sliding_windows.fasta
# 0 hits found
# BLASTN 2.13.0+
# Query: trp
# Database: split1_sliding_windows.fasta
# 0 hits found
# BLASTN 2.13.0+
# Query: ECK120010873
# Database: split1_sliding_windows.fasta
# 0 hits found
# BLASTN 2.13.0+
# Query: ECK120010841
# Database: split1_sliding_windows.fasta
# 0 hits found
# BLASTN 2.13.0+
# Query: ECK120010805
# Database: split1_sliding_windows.fasta
# 0 hits found
# BLASTN 2.13.0+
# Query: ECK125109867
# Database: split1_sliding_windows.fasta
# 0 hits found
# BLASTN 2.13.0+
# Query: ECK120030673
# Database: split1_sliding_windows.fasta
# 0 hits found
# BLASTN 2.13.0+
# Query: ECK120034956
# Database: split1_sliding_windows.fasta
# 0 hits found
# BLASTN 2.13.0+
# Query: ECK120029530
# Database: split1_sliding_windows.fasta
# 0 hits found
# BLASTN 2.13.0+
# Query: ECK120010784
# Database: split1_sliding_windows.fasta
# 0 hits found
# BLASTN 2.13.0+
# Query: ECK120010830
# Database: split1_sliding_windows.fasta
# 0 hits found
# BLASTN 2.13.0+
# Query: ECK125095455
# Database: split1_sliding_windows.fasta
# 0 hits found
# BLASTN 2.13.0+
# Query: ECK120010809
# Database: split1_sliding_windows.fasta
# 0 hits found
# BLASTN 2.13.0+
# Query: ECK120048902
# Database: split1_sliding_windows.fasta
# 0 hits found
# BLASTN 2.13.0+
# Query: ECK120010821
# Database: split1_sliding_windows.fasta
# 0 hits found
# BLASTN 2.13.0+
# Query: ECK120026395
# Database: split1_sliding_windows.fasta
# 0 hits found
# BLASTN 2.13.0+
# Query: ECK120010827
# Database: split1_sliding_windows.fasta
# Fields: query acc.ver, subject acc.ver, % identity, alignment length, mismatches, gap opens, q. start, q. end, s. start, s. end, evalue, bit score
# 6 hits found
ECK120010827	sliding_window_6931	100.000	48	0	0	1	48	60	13	1.88e-20	89.8
ECK120010827	sliding_window_6930	100.000	48	0	0	1	48	80	33	1.88e-20	89.8
ECK120010827	sliding_window_6929	100.000	48	0	0	1	48	100	53	1.88e-20	89.8
ECK120010827	sliding_window_6932	100.000	40	0	0	1	40	40	1	5.26e-16	75.0
ECK120010827	sliding_window_6928	100.000	28	0	0	21	48	100	73	2.46e-09	52.8
ECK120010827	sliding_window_6933	100.000	20	0	0	1	20	20	1	6.90e-05	38.1
# BLASTN 2.13.0+
# Query: ECK120010849
# Database: split1_sliding_windows.fasta
# 0 hits found
# BLASTN 2.13.0+
# Query: ECK120029975
# Database: split1_sliding_windows.fasta
# Fields: query acc.ver, subject acc.ver, % identity, alignment length, mismatches, gap opens, q. start, q. end, s. start, s. end, evalue, bit score
# 13 hits found
ECK120029975	sliding_window_6526	94.118	34	2	0	11	44	45	12	2.93e-09	52.8
ECK120029975	sliding_window_6525	94.118	34	2	0	11	44	65	32	2.93e-09	52.8
ECK120029975	sliding_window_6524	94.118	34	2	0	11	44	85	52	2.93e-09	52.8
ECK120029975	sliding_window_6523	93.103	29	2	0	16	44	100	72	1.76e-06	43.6
ECK120029975	sliding_window_6531	100.000	21	0	0	34	54	21	1	2.28e-05	39.9
ECK120029975	sliding_window_6530	100.000	21	0	0	34	54	41	21	2.28e-05	39.9
ECK120029975	sliding_window_6529	100.000	21	0	0	34	54	61	41	2.28e-05	39.9
ECK120029975	sliding_window_6528	100.000	21	0	0	34	54	81	61	2.28e-05	39.9
ECK120029975	sliding_window_4357	95.833	24	1	0	31	54	35	12	2.28e-05	39.9
ECK120029975	sliding_window_4356	95.833	24	1	0	31	54	55	32	2.28e-05	39.9
ECK120029975	sliding_window_4355	95.833	24	1	0	31	54	75	52	2.28e-05	39.9
ECK120029975	sliding_window_4354	95.833	24	1	0	31	54	95	72	2.28e-05	39.9
ECK120029975	sliding_window_6527	100.000	20	0	0	35	54	100	81	8.19e-05	38.1
# BLASTN 2.13.0+
# Query: ECK120010791
# Database: split1_sliding_windows.fasta
# 0 hits found
# BLASTN 2.13.0+
# Query: ECK120010819
# Database: split1_sliding_windows.fasta
# 0 hits found
# BLASTN 2.13.0+
# Query: ECK120048897
# Database: split1_sliding_windows.fasta
# 0 hits found
# BLASTN 2.13.0+
# Query: ECK120027937
# Database: split1_sliding_windows.fasta
# 0 hits found
# BLASTN 2.13.0+
# Query: tonB
# Database: split1_sliding_windows.fasta
# 0 hits found
# BLASTN 2.13.0+
# Query: ECK120010803
# Database: split1_sliding_windows.fasta
# 0 hits found
# BLASTN 2.13.0+
# Query: ECK120010836
# Database: split1_sliding_windows.fasta
# 0 hits found
# BLASTN 2.13.0+
# Query: ECK120029528
# Database: split1_sliding_windows.fasta
# 0 hits found
# BLASTN 2.13.0+
# Query: pheST
# Database: split1_sliding_windows.fasta
# 0 hits found
# BLASTN 2.13.0+
# Query: his
# Database: split1_sliding_windows.fasta
# 0 hits found
# BLASTN 2.13.0+
# Query: ECK120010813
# Database: split1_sliding_windows.fasta
# 0 hits found
# BLASTN 2.13.0+
# Query: ECK120015957
# Database: split1_sliding_windows.fasta
# 0 hits found
# BLASTN 2.13.0+
# Query: ECK120010824
# Database: split1_sliding_windows.fasta
# 0 hits found
# BLASTN 2.13.0+
# Query: ECK120033127
# Database: split1_sliding_windows.fasta
# 0 hits found
# BLASTN 2.13.0+
# Query: ECK120015448
# Database: split1_sliding_windows.fasta
# 0 hits found
# BLASTN 2.13.0+
# Query: ECK120010792
# Database: split1_sliding_windows.fasta
# 0 hits found
# BLASTN 2.13.0+
# Query: ECK120015446
# Database: split1_sliding_windows.fasta
# 0 hits found
# BLASTN 2.13.0+
# Query: ECK120010843
# Database: split1_sliding_windows.fasta
# 0 hits found
# BLASTN 2.13.0+
# Query: ECK120010848
# Database: split1_sliding_windows.fasta
# 0 hits found
# BLASTN 2.13.0+
# Query: ECK120010816
# Database: split1_sliding_windows.fasta
# 0 hits found
# BLASTN 2.13.0+
# Query: ECK120015439
# Database: split1_sliding_windows.fasta
# 0 hits found
# BLASTN 2.13.0+
# Query: ECK120010845
# Database: split1_sliding_windows.fasta
# 0 hits found
# BLASTN 2.13.0+
# Query: ECK120010787
# Database: split1_sliding_windows.fasta
# 0 hits found
# BLASTN 2.13.0+
# Query: ECK120051405
# Database: split1_sliding_windows.fasta
# 0 hits found
# BLASTN 2.13.0+
# Query: ECK120030220
# Database: split1_sliding_windows.fasta
# 0 hits found
# BLASTN 2.13.0+
# Query: ECK120026315
# Database: split1_sliding_windows.fasta
# 0 hits found
# BLASTN 2.13.0+
# Query: ECK120033264
# Database: split1_sliding_windows.fasta
# 0 hits found
# BLASTN 2.13.0+
# Query: ECK120051406
# Database: split1_sliding_windows.fasta
# 0 hits found
# BLASTN 2.13.0+
# Query: ECK120010779
# Database: split1_sliding_windows.fasta
# 0 hits found
# BLASTN 2.13.0+
# Query: ECK120030670
# Database: split1_sliding_windows.fasta
# 0 hits found
# BLASTN 2.13.0+
# Query: ECK120015456
# Database: split1_sliding_windows.fasta
# 0 hits found
# BLASTN 2.13.0+
# Query: ECK125108943
# Database: split1_sliding_windows.fasta
# 0 hits found
# BLASTN 2.13.0+
# Query: ECK120035135
# Database: split1_sliding_windows.fasta
# 0 hits found
# BLASTN 2.13.0+
# Query: ECK120015449
# Database: split1_sliding_windows.fasta
# 0 hits found
# BLASTN 2.13.0+
# Query: ECK120010842
# Database: split1_sliding_windows.fasta
# 0 hits found
# BLASTN 2.13.0+
# Query: ECK125095210
# Database: split1_sliding_windows.fasta
# Fields: query acc.ver, subject acc.ver, % identity, alignment length, mismatches, gap opens, q. start, q. end, s. start, s. end, evalue, bit score
# 6 hits found
ECK125095210	sliding_window_6513	100.000	42	0	0	1	42	1	42	3.30e-17	78.7
ECK125095210	sliding_window_6512	100.000	42	0	0	1	42	21	62	3.30e-17	78.7
ECK125095210	sliding_window_6511	100.000	42	0	0	1	42	41	82	3.30e-17	78.7
ECK125095210	sliding_window_6510	100.000	40	0	0	1	40	61	100	4.27e-16	75.0
ECK125095210	sliding_window_6514	100.000	22	0	0	21	42	1	22	4.33e-06	41.7
ECK125095210	sliding_window_6509	100.000	20	0	0	1	20	81	100	5.61e-05	38.1
# BLASTN 2.13.0+
# Query: ECK120034954
# Database: split1_sliding_windows.fasta
# 0 hits found
# BLASTN 2.13.0+
# Query: ECK120010788
# Database: split1_sliding_windows.fasta
# 0 hits found
# BLASTN 2.13.0+
# Query: ECK120010860
# Database: split1_sliding_windows.fasta
# 0 hits found
# BLASTN 2.13.0+
# Query: ECK120010801
# Database: split1_sliding_windows.fasta
# 0 hits found
# BLASTN 2.13.0+
# Query: ECK120015458
# Database: split1_sliding_windows.fasta
# 0 hits found
# BLASTN 2.13.0+
# Query: ECK120034948
# Database: split1_sliding_windows.fasta
# 0 hits found
# BLASTN 2.13.0+
# Query: ECK125109037
# Database: split1_sliding_windows.fasta
# 0 hits found
# BLASTN 2.13.0+
# Query: ECK125109868
# Database: split1_sliding_windows.fasta
# 0 hits found
# BLASTN 2.13.0+
# Query: ECK120010828
# Database: split1_sliding_windows.fasta
# Fields: query acc.ver, subject acc.ver, % identity, alignment length, mismatches, gap opens, q. start, q. end, s. start, s. end, evalue, bit score
# 5 hits found
ECK120010828	sliding_window_2807	100.000	50	0	0	1	50	6	55	1.54e-21	93.5
ECK120010828	sliding_window_2806	100.000	50	0	0	1	50	26	75	1.54e-21	93.5
ECK120010828	sliding_window_2805	100.000	50	0	0	1	50	46	95	1.54e-21	93.5
ECK120010828	sliding_window_2808	100.000	35	0	0	16	50	1	35	3.36e-13	65.8
ECK120010828	sliding_window_2804	100.000	35	0	0	1	35	66	100	3.36e-13	65.8
# BLASTN 2.13.0+
# Query: ECK120010814
# Database: split1_sliding_windows.fasta
# 0 hits found
# BLASTN 2.13.0+
# Query: ECK120034949
# Database: split1_sliding_windows.fasta
# 0 hits found
# BLASTN 2.13.0+
# Query: ECK125108944
# Database: split1_sliding_windows.fasta
# 0 hits found
# BLASTN 2.13.0+
# Query: ECK120010820
# Database: split1_sliding_windows.fasta
# 0 hits found
# BLASTN 2.13.0+
# Query: ECK120010837
# Database: split1_sliding_windows.fasta
# 0 hits found
# BLASTN 2.13.0+
# Query: ECK120015443
# Database: split1_sliding_windows.fasta
# 0 hits found
# BLASTN 2.13.0+
# Query: ECK120020526
# Database: split1_sliding_windows.fasta
# 0 hits found
# BLASTN 2.13.0+
# Query: trp_t
# Database: split1_sliding_windows.fasta
# 0 hits found
# BLASTN 2.13.0+
# Query: ECK120010839
# Database: split1_sliding_windows.fasta
# 0 hits found
# BLASTN 2.13.0+
# Query: ECK120030803
# Database: split1_sliding_windows.fasta
# 0 hits found
# BLASTN 2.13.0+
# Query: ECK120051407
# Database: split1_sliding_windows.fasta
# 0 hits found
# BLASTN 2.13.0+
# Query: ECK120026312
# Database: split1_sliding_windows.fasta
# 0 hits found
# BLASTN 2.13.0+
# Query: ECK120010866
# Database: split1_sliding_windows.fasta
# 0 hits found
# BLASTN 2.13.0+
# Query: rplKAJL_rpoBC
# Database: split1_sliding_windows.fasta
# 0 hits found
# BLASTN 2.13.0+
# Query: ECK120015526
# Database: split1_sliding_windows.fasta
# Fields: query acc.ver, subject acc.ver, % identity, alignment length, mismatches, gap opens, q. start, q. end, s. start, s. end, evalue, bit score
# 4 hits found
ECK120015526	sliding_window_6530	86.111	36	5	0	7	42	7	42	2.04e-05	39.9
ECK120015526	sliding_window_6529	86.111	36	5	0	7	42	27	62	2.04e-05	39.9
ECK120015526	sliding_window_6528	86.111	36	5	0	7	42	47	82	2.04e-05	39.9
ECK120015526	sliding_window_6527	87.500	32	4	0	7	38	67	98	7.33e-05	38.1
# BLASTN 2.13.0+
# Query: ECK120030801
# Database: split1_sliding_windows.fasta
# 0 hits found
# BLASTN 2.13.0+
# Query: ECK120015445
# Database: split1_sliding_windows.fasta
# 0 hits found
# BLASTN 2.13.0+
# Query: ECK120030800
# Database: split1_sliding_windows.fasta
# 0 hits found
# BLASTN 2.13.0+
# Query: ECK120011168
# Database: split1_sliding_windows.fasta
# 0 hits found
# BLASTN 2.13.0+
# Query: ECK120048900
# Database: split1_sliding_windows.fasta
# 0 hits found
# BLASTN 2.13.0+
# Query: ECK120033738
# Database: split1_sliding_windows.fasta
# 0 hits found
# BLASTN 2.13.0+
# Query: ECK120010847
# Database: split1_sliding_windows.fasta
# 0 hits found
# BLASTN 2.13.0+
# Query: ECK125109869
# Database: split1_sliding_windows.fasta
# 0 hits found
# BLASTN 2.13.0+
# Query: ECK120010817
# Database: split1_sliding_windows.fasta
# 0 hits found
# BLASTN 2.13.0+
# Query: ECK120020527
# Database: split1_sliding_windows.fasta
# 0 hits found
# BLASTN 2.13.0+
# Query: ECK120035131
# Database: split1_sliding_windows.fasta
# 0 hits found
# BLASTN 2.13.0+
# Query: ECK120010838
# Database: split1_sliding_windows.fasta
# 0 hits found
# BLASTN 2.13.0+
# Query: ECK120027917
# Database: split1_sliding_windows.fasta
# 0 hits found
# BLASTN 2.13.0+
# Query: ECK120029978
# Database: split1_sliding_windows.fasta
# 0 hits found
# BLASTN 2.13.0+
# Query: ECK120010858-R
# Database: split1_sliding_windows.fasta
# 0 hits found
# BLASTN 2.13.0+
# Query: ECK120026481-R
# Database: split1_sliding_windows.fasta
# 0 hits found
# BLASTN 2.13.0+
# Query: ECK120010835-R
# Database: split1_sliding_windows.fasta
# 0 hits found
# BLASTN 2.13.0+
# Query: ECK120015457-R
# Database: split1_sliding_windows.fasta
# Fields: query acc.ver, subject acc.ver, % identity, alignment length, mismatches, gap opens, q. start, q. end, s. start, s. end, evalue, bit score
# 5 hits found
ECK120015457-R	sliding_window_6527	89.744	39	3	1	6	44	51	14	3.49e-08	49.1
ECK120015457-R	sliding_window_6526	89.744	39	3	1	6	44	71	34	3.49e-08	49.1
ECK120015457-R	sliding_window_6525	89.744	39	3	1	6	44	91	54	3.49e-08	49.1
ECK120015457-R	sliding_window_6524	92.857	28	1	1	17	44	100	74	2.10e-05	39.9
ECK120015457-R	sliding_window_6528	87.500	32	3	1	6	37	31	1	2.71e-04	36.2
# BLASTN 2.13.0+
# Query: ECK120010836-R
# Database: split1_sliding_windows.fasta
# 0 hits found
# BLASTN 2.13.0+
# Query: ECK120026314-R
# Database: split1_sliding_windows.fasta
# 0 hits found
# BLASTN 2.13.0+
# Query: ECK120010812-R
# Database: split1_sliding_windows.fasta
# 0 hits found
# BLASTN 2.13.0+
# Query: ECK120010832-R
# Database: split1_sliding_windows.fasta
# Fields: query acc.ver, subject acc.ver, % identity, alignment length, mismatches, gap opens, q. start, q. end, s. start, s. end, evalue, bit score
# 8 hits found
ECK120010832-R	sliding_window_6735	92.308	26	2	0	5	30	41	16	4.10e-05	38.1
ECK120010832-R	sliding_window_6734	92.308	26	2	0	5	30	61	36	4.10e-05	38.1
ECK120010832-R	sliding_window_6733	92.308	26	2	0	5	30	81	56	4.10e-05	38.1
ECK120010832-R	sliding_window_5751	92.308	26	2	0	5	30	14	39	4.10e-05	38.1
ECK120010832-R	sliding_window_5750	92.308	26	2	0	5	30	34	59	4.10e-05	38.1
ECK120010832-R	sliding_window_5749	92.308	26	2	0	5	30	54	79	4.10e-05	38.1
ECK120010832-R	sliding_window_5748	92.308	26	2	0	5	30	74	99	4.10e-05	38.1
ECK120010832-R	sliding_window_6732	92.000	25	2	0	6	30	100	76	1.47e-04	36.2
# BLASTN 2.13.0+
# Query: ECK120011170-R
# Database: split1_sliding_windows.fasta
# 0 hits found
# BLASTN 2.13.0+
# Query: ECK120010841-R
# Database: split1_sliding_windows.fasta
# 0 hits found
# BLASTN 2.13.0+
# Query: ECK120026315-R
# Database: split1_sliding_windows.fasta
# 0 hits found
# BLASTN 2.13.0+
# Query: ECK120020622-R
# Database: split1_sliding_windows.fasta
# 0 hits found
# BLASTN 2.13.0+
# Query: ECK120015439-R
# Database: split1_sliding_windows.fasta
# 0 hits found
# BLASTN 2.13.0+
# Query: ECK120010825-R
# Database: split1_sliding_windows.fasta
# 0 hits found
# BLASTN 2.13.0+
# Query: ECK120010782-R
# Database: split1_sliding_windows.fasta
# 0 hits found
# BLASTN 2.13.0+
# Query: ECK120017009-R
# Database: split1_sliding_windows.fasta
# 0 hits found
# BLASTN 2.13.0+
# Query: ECK120010806-R
# Database: split1_sliding_windows.fasta
# 0 hits found
# BLASTN 2.13.0+
# Query: ECK120015446-R
# Database: split1_sliding_windows.fasta
# 0 hits found
# BLASTN 2.13.0+
# Query: ECK120010804-R
# Database: split1_sliding_windows.fasta
# 0 hits found
# BLASTN 2.13.0+
# Query: ECK120029530-R
# Database: split1_sliding_windows.fasta
# 0 hits found
# BLASTN 2.13.0+
# Query: ECK120010813-R
# Database: split1_sliding_windows.fasta
# 0 hits found
# BLASTN 2.13.0+
# Query: ECK120010793-R
# Database: split1_sliding_windows.fasta
# Fields: query acc.ver, subject acc.ver, % identity, alignment length, mismatches, gap opens, q. start, q. end, s. start, s. end, evalue, bit score
# 10 hits found
ECK120010793-R	sliding_window_6735	100.000	28	0	0	6	33	39	12	1.39e-09	52.8
ECK120010793-R	sliding_window_6734	100.000	28	0	0	6	33	59	32	1.39e-09	52.8
ECK120010793-R	sliding_window_6733	100.000	28	0	0	6	33	79	52	1.39e-09	52.8
ECK120010793-R	sliding_window_6732	100.000	28	0	0	6	33	99	72	1.39e-09	52.8
ECK120010793-R	sliding_window_5751	100.000	24	0	0	6	29	16	39	2.32e-07	45.4
ECK120010793-R	sliding_window_5750	100.000	24	0	0	6	29	36	59	2.32e-07	45.4
ECK120010793-R	sliding_window_5749	100.000	24	0	0	6	29	56	79	2.32e-07	45.4
ECK120010793-R	sliding_window_5748	100.000	24	0	0	6	29	76	99	2.32e-07	45.4
ECK120010793-R	sliding_window_6736	100.000	19	0	0	6	24	19	1	1.40e-04	36.2
ECK120010793-R	sliding_window_5752	100.000	19	0	0	11	29	1	19	1.40e-04	36.2
# BLASTN 2.13.0+
# Query: ECK120015458-R
# Database: split1_sliding_windows.fasta
# 0 hits found
# BLASTN 2.13.0+
# Query: ECK120015447-R
# Database: split1_sliding_windows.fasta
# 0 hits found
# BLASTN 2.13.0+
# Query: ECK120010861-R
# Database: split1_sliding_windows.fasta
# 0 hits found
# BLASTN 2.13.0+
# Query: ECK120010863-R
# Database: split1_sliding_windows.fasta
# 0 hits found
# BLASTN 2.13.0+
# Query: ECK120010860-R
# Database: split1_sliding_windows.fasta
# 0 hits found
# BLASTN 2.13.0+
# Query: ECK120010794-R
# Database: split1_sliding_windows.fasta
# Fields: query acc.ver, subject acc.ver, % identity, alignment length, mismatches, gap opens, q. start, q. end, s. start, s. end, evalue, bit score
# 10 hits found
ECK120010794-R	sliding_window_6735	100.000	28	0	0	6	33	39	12	1.39e-09	52.8
ECK120010794-R	sliding_window_6734	100.000	28	0	0	6	33	59	32	1.39e-09	52.8
ECK120010794-R	sliding_window_6733	100.000	28	0	0	6	33	79	52	1.39e-09	52.8
ECK120010794-R	sliding_window_6732	100.000	28	0	0	6	33	99	72	1.39e-09	52.8
ECK120010794-R	sliding_window_5751	100.000	24	0	0	6	29	16	39	2.32e-07	45.4
ECK120010794-R	sliding_window_5750	100.000	24	0	0	6	29	36	59	2.32e-07	45.4
ECK120010794-R	sliding_window_5749	100.000	24	0	0	6	29	56	79	2.32e-07	45.4
ECK120010794-R	sliding_window_5748	100.000	24	0	0	6	29	76	99	2.32e-07	45.4
ECK120010794-R	sliding_window_6736	100.000	19	0	0	6	24	19	1	1.40e-04	36.2
ECK120010794-R	sliding_window_5752	100.000	19	0	0	11	29	1	19	1.40e-04	36.2
# BLASTN 2.13.0+
# Query: ECK120034435-R
# Database: split1_sliding_windows.fasta
# 0 hits found
# BLASTN 2.13.0+
# Query: ECK120010803-R
# Database: split1_sliding_windows.fasta
# 0 hits found
# BLASTN 2.13.0+
# Query: ECK120015526-R
# Database: split1_sliding_windows.fasta
# Fields: query acc.ver, subject acc.ver, % identity, alignment length, mismatches, gap opens, q. start, q. end, s. start, s. end, evalue, bit score
# 4 hits found
ECK120015526-R	sliding_window_6530	86.111	36	5	0	9	44	42	7	2.04e-05	39.9
ECK120015526-R	sliding_window_6529	86.111	36	5	0	9	44	62	27	2.04e-05	39.9
ECK120015526-R	sliding_window_6528	86.111	36	5	0	9	44	82	47	2.04e-05	39.9
ECK120015526-R	sliding_window_6527	87.500	32	4	0	13	44	98	67	7.33e-05	38.1
# BLASTN 2.13.0+
# Query: ECK120010874-R
# Database: split1_sliding_windows.fasta
# 0 hits found
# BLASTN 2.13.0+
# Query: ECK120010843-R
# Database: split1_sliding_windows.fasta
# 0 hits found
# BLASTN 2.13.0+
# Query: ECK120048897-R
# Database: split1_sliding_windows.fasta
# 0 hits found
# BLASTN 2.13.0+
# Query: ECK120010851-R
# Database: split1_sliding_windows.fasta
# 0 hits found
# BLASTN 2.13.0+
# Query: ECK120021270-R
# Database: split1_sliding_windows.fasta
# 0 hits found
# BLASTN 2.13.0+
# Query: ECK120011168-R
# Database: split1_sliding_windows.fasta
# 0 hits found
# BLASTN 2.13.0+
# Query: ECK120010781-R
# Database: split1_sliding_windows.fasta
# 0 hits found
# BLASTN 2.13.0+
# Query: ECK120010815-R
# Database: split1_sliding_windows.fasta
# 0 hits found
# BLASTN 2.13.0+
# Query: ECK120010872-R
# Database: split1_sliding_windows.fasta
# Fields: query acc.ver, subject acc.ver, % identity, alignment length, mismatches, gap opens, q. start, q. end, s. start, s. end, evalue, bit score
# 17 hits found
ECK120010872-R	sliding_window_6164	100.000	37	0	0	1	37	3	39	1.61e-14	69.4
ECK120010872-R	sliding_window_6163	100.000	37	0	0	1	37	23	59	1.61e-14	69.4
ECK120010872-R	sliding_window_6162	100.000	37	0	0	1	37	43	79	1.61e-14	69.4
ECK120010872-R	sliding_window_6161	100.000	37	0	0	1	37	63	99	1.61e-14	69.4
ECK120010872-R	sliding_window_6264	100.000	29	0	0	2	30	5	33	4.50e-10	54.7
ECK120010872-R	sliding_window_6263	100.000	29	0	0	2	30	25	53	4.50e-10	54.7
ECK120010872-R	sliding_window_6262	100.000	29	0	0	2	30	45	73	4.50e-10	54.7
ECK120010872-R	sliding_window_6261	100.000	29	0	0	2	30	65	93	4.50e-10	54.7
ECK120010872-R	sliding_window_4353	96.667	30	1	0	4	33	38	9	5.82e-09	51.0
ECK120010872-R	sliding_window_4352	96.667	30	1	0	4	33	58	29	5.82e-09	51.0
ECK120010872-R	sliding_window_4351	96.667	30	1	0	4	33	78	49	5.82e-09	51.0
ECK120010872-R	sliding_window_4350	96.667	30	1	0	4	33	98	69	5.82e-09	51.0
ECK120010872-R	sliding_window_6477	92.593	27	2	0	3	29	37	11	1.26e-05	39.9
ECK120010872-R	sliding_window_6476	92.593	27	2	0	3	29	57	31	1.26e-05	39.9
ECK120010872-R	sliding_window_6475	92.593	27	2	0	3	29	77	51	1.26e-05	39.9
ECK120010872-R	sliding_window_6474	92.593	27	2	0	3	29	97	71	1.26e-05	39.9
ECK120010872-R	sliding_window_6165	100.000	19	0	0	19	37	1	19	1.63e-04	36.2
# BLASTN 2.13.0+
# Query: ECK120027917-R
# Database: split1_sliding_windows.fasta
# 0 hits found
# BLASTN 2.13.0+
# Query: ECK120030221-R
# Database: split1_sliding_windows.fasta
# Fields: query acc.ver, subject acc.ver, % identity, alignment length, mismatches, gap opens, q. start, q. end, s. start, s. end, evalue, bit score
# 13 hits found
ECK120030221-R	sliding_window_6735	100.000	21	0	0	7	27	39	19	1.20e-05	39.9
ECK120030221-R	sliding_window_6734	100.000	21	0	0	7	27	59	39	1.20e-05	39.9
ECK120030221-R	sliding_window_6733	100.000	21	0	0	7	27	79	59	1.20e-05	39.9
ECK120030221-R	sliding_window_6732	100.000	21	0	0	7	27	99	79	1.20e-05	39.9
ECK120030221-R	sliding_window_5751	100.000	21	0	0	7	27	16	36	1.20e-05	39.9
ECK120030221-R	sliding_window_5750	100.000	21	0	0	7	27	36	56	1.20e-05	39.9
ECK120030221-R	sliding_window_5749	100.000	21	0	0	7	27	56	76	1.20e-05	39.9
ECK120030221-R	sliding_window_5748	100.000	21	0	0	7	27	76	96	1.20e-05	39.9
ECK120030221-R	sliding_window_6736	100.000	19	0	0	7	25	19	1	1.55e-04	36.2
ECK120030221-R	sliding_window_6477	92.308	26	0	2	2	25	39	14	1.55e-04	36.2
ECK120030221-R	sliding_window_6476	92.308	26	0	2	2	25	59	34	1.55e-04	36.2
ECK120030221-R	sliding_window_6475	92.308	26	0	2	2	25	79	54	1.55e-04	36.2
ECK120030221-R	sliding_window_6474	92.308	26	0	2	2	25	99	74	1.55e-04	36.2
# BLASTN 2.13.0+
# Query: ECK120015449-R
# Database: split1_sliding_windows.fasta
# 0 hits found
# BLASTN 2.13.0+
# Query: ECK120030802-R
# Database: split1_sliding_windows.fasta
# 0 hits found
# BLASTN 2.13.0+
# Query: ECK120021269-R
# Database: split1_sliding_windows.fasta
# 0 hits found
# BLASTN 2.13.0+
# Query: ECK120023928-R
# Database: split1_sliding_windows.fasta
# 0 hits found
# BLASTN 2.13.0+
# Query: ECK120010824-R
# Database: split1_sliding_windows.fasta
# 0 hits found
# BLASTN 2.13.0+
# Query: ECK120010833-R
# Database: split1_sliding_windows.fasta
# 0 hits found
# BLASTN 2.13.0+
# Query: ECK120010831-R
# Database: split1_sliding_windows.fasta
# Fields: query acc.ver, subject acc.ver, % identity, alignment length, mismatches, gap opens, q. start, q. end, s. start, s. end, evalue, bit score
# 5 hits found
ECK120010831-R	sliding_window_6527	91.892	37	3	0	11	47	51	15	3.08e-09	52.8
ECK120010831-R	sliding_window_6526	91.892	37	3	0	11	47	71	35	3.08e-09	52.8
ECK120010831-R	sliding_window_6525	91.892	37	3	0	11	47	91	55	3.08e-09	52.8
ECK120010831-R	sliding_window_6528	90.323	31	3	0	11	41	31	1	6.67e-06	41.7
ECK120010831-R	sliding_window_6524	92.308	26	2	0	22	47	100	75	8.63e-05	38.1
# BLASTN 2.13.0+
# Query: ECK120035131-R
# Database: split1_sliding_windows.fasta
# 0 hits found
# BLASTN 2.13.0+
# Query: ECK120035132-R
# Database: split1_sliding_windows.fasta
# 0 hits found
# BLASTN 2.13.0+
# Query: ECK120010788-R
# Database: split1_sliding_windows.fasta
# 0 hits found
# BLASTN 2.13.0+
# Query: ECK120020528-R
# Database: split1_sliding_windows.fasta
# 0 hits found
# BLASTN 2.13.0+
# Query: ECK120010796-R
# Database: split1_sliding_windows.fasta
# 0 hits found
# BLASTN 2.13.0+
# Query: ECK120010791-R
# Database: split1_sliding_windows.fasta
# 0 hits found
# BLASTN 2.13.0+
# Query: ECK120020526-R
# Database: split1_sliding_windows.fasta
# 0 hits found
# BLASTN 2.13.0+
# Query: ECK120016882-R
# Database: split1_sliding_windows.fasta
# Fields: query acc.ver, subject acc.ver, % identity, alignment length, mismatches, gap opens, q. start, q. end, s. start, s. end, evalue, bit score
# 5 hits found
ECK120016882-R	sliding_window_65	100.000	34	0	0	1	34	9	42	6.40e-13	63.9
ECK120016882-R	sliding_window_64	100.000	34	0	0	1	34	29	62	6.40e-13	63.9
ECK120016882-R	sliding_window_63	100.000	34	0	0	1	34	49	82	6.40e-13	63.9
ECK120016882-R	sliding_window_62	100.000	32	0	0	1	32	69	100	8.28e-12	60.2
ECK120016882-R	sliding_window_66	100.000	22	0	0	13	34	1	22	3.00e-06	41.7
# BLASTN 2.13.0+
# Query: ECK120035135-R
# Database: split1_sliding_windows.fasta
# 0 hits found
# BLASTN 2.13.0+
# Query: ECK120015456-R
# Database: split1_sliding_windows.fasta
# 0 hits found
# BLASTN 2.13.0+
# Query: ECK120030670-R
# Database: split1_sliding_windows.fasta
# 0 hits found
# BLASTN 2.13.0+
# Query: ECK120030801-R
# Database: split1_sliding_windows.fasta
# 0 hits found
# BLASTN 2.13.0+
# Query: ECK120010868-R
# Database: split1_sliding_windows.fasta
# Fields: query acc.ver, subject acc.ver, % identity, alignment length, mismatches, gap opens, q. start, q. end, s. start, s. end, evalue, bit score
# 4 hits found
ECK120010868-R	sliding_window_7000	94.737	38	2	0	1	38	2	39	1.01e-11	60.2
ECK120010868-R	sliding_window_6999	94.737	38	2	0	1	38	22	59	1.01e-11	60.2
ECK120010868-R	sliding_window_6998	94.737	38	2	0	1	38	42	79	1.01e-11	60.2
ECK120010868-R	sliding_window_6997	94.737	38	2	0	1	38	62	99	1.01e-11	60.2
# BLASTN 2.13.0+
# Query: ECK120015443-R
# Database: split1_sliding_windows.fasta
# 0 hits found
# BLASTN 2.13.0+
# Query: ECK120011169-R
# Database: split1_sliding_windows.fasta
# 0 hits found
# BLASTN 2.13.0+
# Query: ECK120033738-R
# Database: split1_sliding_windows.fasta
# 0 hits found
# BLASTN 2.13.0+
# Query: ECK120010779-R
# Database: split1_sliding_windows.fasta
# 0 hits found
# BLASTN 2.13.0+
# Query: ECK120020525-R
# Database: split1_sliding_windows.fasta
# 0 hits found
# BLASTN 2.13.0+
# Query: ECK120029528-R
# Database: split1_sliding_windows.fasta
# 0 hits found
# BLASTN 2.13.0+
# Query: ECK120010866-R
# Database: split1_sliding_windows.fasta
# 0 hits found
# BLASTN 2.13.0+
# Query: ECK120026312-R
# Database: split1_sliding_windows.fasta
# 0 hits found
# BLASTN 2.13.0+
# Query: ECK120010852-R
# Database: split1_sliding_windows.fasta
# Fields: query acc.ver, subject acc.ver, % identity, alignment length, mismatches, gap opens, q. start, q. end, s. start, s. end, evalue, bit score
# 5 hits found
ECK120010852-R	sliding_window_6668	100.000	38	0	0	1	38	20	57	4.68e-15	71.3
ECK120010852-R	sliding_window_6667	100.000	38	0	0	1	38	40	77	4.68e-15	71.3
ECK120010852-R	sliding_window_6666	100.000	38	0	0	1	38	60	97	4.68e-15	71.3
ECK120010852-R	sliding_window_6669	100.000	37	0	0	2	38	1	37	1.68e-14	69.4
ECK120010852-R	sliding_window_6665	100.000	21	0	0	1	21	80	100	1.32e-05	39.9
# BLASTN 2.13.0+
# Query: ECK120010786-R
# Database: split1_sliding_windows.fasta
# 0 hits found
# BLASTN 2.13.0+
# Query: X60293.1/246-293 slurp/ecgetrf.pl?CH03783 DE:[Terminator cysB]
# Database: split1_sliding_windows.fasta
# Fields: query acc.ver, subject acc.ver, % identity, alignment length, mismatches, gap opens, q. start, q. end, s. start, s. end, evalue, bit score
# 6 hits found
X60293.1/246-293	sliding_window_2807	100.000	48	0	0	1	48	14	61	1.88e-20	89.8
X60293.1/246-293	sliding_window_2806	100.000	48	0	0	1	48	34	81	1.88e-20	89.8
X60293.1/246-293	sliding_window_2805	100.000	47	0	0	1	47	54	100	6.76e-20	87.9
X60293.1/246-293	sliding_window_2808	100.000	41	0	0	8	48	1	41	1.46e-16	76.8
X60293.1/246-293	sliding_window_2804	100.000	27	0	0	1	27	74	100	8.86e-09	51.0
X60293.1/246-293	sliding_window_2809	100.000	21	0	0	28	48	1	21	1.92e-05	39.9
# BLASTN 2.13.0+
# Query: X60293.1/3915-3951 slurp/ecgetrf.pl?CH03784 DE:[acn/ribA terminator 1]
# Database: split1_sliding_windows.fasta
# 0 hits found
# BLASTN 2.13.0+
# Query: X60293.1/3970-4002 slurp/ecgetrf.pl?CH03785 DE:[acn/ribA terminator 2]
# Database: split1_sliding_windows.fasta
# 0 hits found
# BLASTN 2.13.0+
# Query: X15237.1/1846-1870 slurp/ecgetrf.pl?CH03787 DE:[pot. stem-loop structure]
# Database: split1_sliding_windows.fasta
# 0 hits found
# BLASTN 2.13.0+
# Query: M55170.1/1827-1862 slurp/ecgetrf.pl?CH03788 DE:[amtA terminator]
# Database: split1_sliding_windows.fasta
# Fields: query acc.ver, subject acc.ver, % identity, alignment length, mismatches, gap opens, q. start, q. end, s. start, s. end, evalue, bit score
# 5 hits found
M55170.1/1827-1862	sliding_window_7075	100.000	36	0	0	1	36	16	51	5.50e-14	67.6
M55170.1/1827-1862	sliding_window_7074	100.000	36	0	0	1	36	36	71	5.50e-14	67.6
M55170.1/1827-1862	sliding_window_7073	100.000	36	0	0	1	36	56	91	5.50e-14	67.6
M55170.1/1827-1862	sliding_window_7076	100.000	31	0	0	6	36	1	31	3.31e-11	58.4
M55170.1/1827-1862	sliding_window_7072	100.000	25	0	0	1	25	76	100	7.17e-08	47.3
# BLASTN 2.13.0+
# Query: X06091.1/1417-1440 slurp/ecgetrf.pl?CH03791 DE:[pot. stem-loop structure; pot. transcription terminator]
# Database: split1_sliding_windows.fasta
# 0 hits found
# BLASTN 2.13.0+
# Query: X17333.1/1415-1439 slurp/ecgetrf.pl?CH03793 DE:[put. bidirectional transcriptional terminator]
# Database: split1_sliding_windows.fasta
# 0 hits found
# BLASTN 2.13.0+
# Query: X68192.1/1504-1542 slurp/ecgetrf.pl?CH03794 DE:[terminator I]
# Database: split1_sliding_windows.fasta
# Fields: query acc.ver, subject acc.ver, % identity, alignment length, mismatches, gap opens, q. start, q. end, s. start, s. end, evalue, bit score
# 4 hits found
X68192.1/1504-1542	sliding_window_1519	92.308	39	2	1	1	39	54	17	4.92e-10	54.7
X68192.1/1504-1542	sliding_window_1518	92.308	39	2	1	1	39	74	37	4.92e-10	54.7
X68192.1/1504-1542	sliding_window_1517	92.308	39	2	1	1	39	94	57	4.92e-10	54.7
X68192.1/1504-1542	sliding_window_1520	91.429	35	2	1	1	35	34	1	8.24e-08	47.3
# BLASTN 2.13.0+
# Query: X68192.1/1637-1678 slurp/ecgetrf.pl?CH03795 DE:[terminator II]
# Database: split1_sliding_windows.fasta
# Fields: query acc.ver, subject acc.ver, % identity, alignment length, mismatches, gap opens, q. start, q. end, s. start, s. end, evalue, bit score
# 5 hits found
X68192.1/1637-1678	sliding_window_1513	95.238	42	2	0	1	42	42	1	7.15e-14	67.6
X68192.1/1637-1678	sliding_window_1512	95.238	42	2	0	1	42	62	21	7.15e-14	67.6
X68192.1/1637-1678	sliding_window_1511	95.238	42	2	0	1	42	82	41	7.15e-14	67.6
X68192.1/1637-1678	sliding_window_1510	95.122	41	1	1	2	42	100	61	9.25e-13	63.9
X68192.1/1637-1678	sliding_window_1509	100.000	20	0	0	23	42	100	81	5.61e-05	38.1
# BLASTN 2.13.0+
# Query: X04066.1/2032-2067 slurp/ecgetrf.pl?CH03796 DE:[stem-loop structure; pot. transcripion terminator]
# Database: split1_sliding_windows.fasta
# 0 hits found
# BLASTN 2.13.0+
# Query: M87625.1/2270-2297 slurp/ecgetrf.pl?CH03800 DE:[termination sequence]
# Database: split1_sliding_windows.fasta
# Fields: query acc.ver, subject acc.ver, % identity, alignment length, mismatches, gap opens, q. start, q. end, s. start, s. end, evalue, bit score
# 4 hits found
M87625.1/2270-2297	sliding_window_6516	100.000	28	0	0	1	28	8	35	1.01e-09	52.8
M87625.1/2270-2297	sliding_window_6515	100.000	28	0	0	1	28	28	55	1.01e-09	52.8
M87625.1/2270-2297	sliding_window_6514	100.000	28	0	0	1	28	48	75	1.01e-09	52.8
M87625.1/2270-2297	sliding_window_6513	100.000	28	0	0	1	28	68	95	1.01e-09	52.8
# BLASTN 2.13.0+
# Query: Y00538.1/1704-1739 slurp/ecgetrf.pl?CH03801 DE:[pot. stem-loop structure; pot. transcription terminator]
# Database: split1_sliding_windows.fasta
# 0 hits found
# BLASTN 2.13.0+
# Query: X61919.1/257-295 slurp/ecgetrf.pl?CH03803 DE:[crp divergent RNA transcription terminator]
# Database: split1_sliding_windows.fasta
# 0 hits found
# BLASTN 2.13.0+
# Query: X61919.1/544-577 slurp/ecgetrf.pl?CH03804 DE:[crp divergent ORF transcription terminator]
# Database: split1_sliding_windows.fasta
# 0 hits found
# BLASTN 2.13.0+
# Query: X01653.1/3207-3232 slurp/ecgetrf.pl?CH03805 DE:[pot. stem-loop structure]
# Database: split1_sliding_windows.fasta
# Fields: query acc.ver, subject acc.ver, % identity, alignment length, mismatches, gap opens, q. start, q. end, s. start, s. end, evalue, bit score
# 5 hits found
X01653.1/3207-3232	sliding_window_6484	100.000	26	0	0	1	26	19	44	1.11e-08	49.1
X01653.1/3207-3232	sliding_window_6483	100.000	26	0	0	1	26	39	64	1.11e-08	49.1
X01653.1/3207-3232	sliding_window_6482	100.000	26	0	0	1	26	59	84	1.11e-08	49.1
X01653.1/3207-3232	sliding_window_6485	100.000	24	0	0	3	26	1	24	1.43e-07	45.4
X01653.1/3207-3232	sliding_window_6481	100.000	22	0	0	1	22	79	100	1.86e-06	41.7
# BLASTN 2.13.0+
# Query: M23219.1/2458-2491 slurp/ecgetrf.pl?CH03806 DE:[potential terminator for the cyn operon.]
# Database: split1_sliding_windows.fasta
# 0 hits found
# BLASTN 2.13.0+
# Query: M23219.1/2530-2564 slurp/ecgetrf.pl?CH03807 DE:[potential terminator for the cyn operon.]
# Database: split1_sliding_windows.fasta
# 0 hits found
# BLASTN 2.13.0+
# Query: X05629.1/80-111 slurp/ecgetrf.pl?CH03808 DE:[Terminator deoT]
# Database: split1_sliding_windows.fasta
# Fields: query acc.ver, subject acc.ver, % identity, alignment length, mismatches, gap opens, q. start, q. end, s. start, s. end, evalue, bit score
# 4 hits found
X05629.1/80-111	sliding_window_7308	93.750	32	2	0	1	32	17	48	1.71e-08	49.1
X05629.1/80-111	sliding_window_7307	93.750	32	2	0	1	32	37	68	1.71e-08	49.1
X05629.1/80-111	sliding_window_7306	93.750	32	2	0	1	32	57	88	1.71e-08	49.1
X05629.1/80-111	sliding_window_7309	92.857	28	2	0	5	32	1	28	2.87e-06	41.7
# BLASTN 2.13.0+
# Query: X00547.1/224-259 slurp/ecgetrf.pl?CH03810 DE:[Pot. transcription terminator]
# Database: split1_sliding_windows.fasta
# 0 hits found
# BLASTN 2.13.0+
# Query: X00547.1/1104-1134 slurp/ecgetrf.pl?CH03811 DE:[Pot. transcription terminator]
# Database: split1_sliding_windows.fasta
# Fields: query acc.ver, subject acc.ver, % identity, alignment length, mismatches, gap opens, q. start, q. end, s. start, s. end, evalue, bit score
# 5 hits found
X00547.1/1104-1134	sliding_window_1567	100.000	31	0	0	1	31	46	16	2.68e-11	58.4
X00547.1/1104-1134	sliding_window_1566	100.000	31	0	0	1	31	66	36	2.68e-11	58.4
X00547.1/1104-1134	sliding_window_1565	100.000	31	0	0	1	31	86	56	2.68e-11	58.4
X00547.1/1104-1134	sliding_window_1568	100.000	26	0	0	1	26	26	1	1.61e-08	49.1
X00547.1/1104-1134	sliding_window_1564	100.000	25	0	0	7	31	100	76	5.80e-08	47.3
# BLASTN 2.13.0+
# Query: X52031.1/1120-1155 slurp/ecgetrf.pl?CH03813 DE:[Stem-loop; put. transcription terminator]
# Database: split1_sliding_windows.fasta
# 0 hits found
# BLASTN 2.13.0+
# Query: M84991.1/1269-1309 slurp/ecgetrf.pl?CH03814 DE:[Terminatorfor fatty acid biosynthesis operon]
# Database: split1_sliding_windows.fasta
# Fields: query acc.ver, subject acc.ver, % identity, alignment length, mismatches, gap opens, q. start, q. end, s. start, s. end, evalue, bit score
# 5 hits found
M84991.1/1269-1309	sliding_window_2267	97.561	41	0	1	1	41	1	40	1.91e-14	69.4
M84991.1/1269-1309	sliding_window_2266	97.561	41	0	1	1	41	21	60	1.91e-14	69.4
M84991.1/1269-1309	sliding_window_2265	97.561	41	0	1	1	41	41	80	1.91e-14	69.4
M84991.1/1269-1309	sliding_window_2264	97.561	41	0	1	1	41	61	100	1.91e-14	69.4
M84991.1/1269-1309	sliding_window_2263	100.000	20	0	0	1	20	81	100	5.39e-05	38.1
# BLASTN 2.13.0+
# Query: M83198.1/2647-2677 slurp/ecgetrf.pl?CH03815 DE:[Terminator fabG]
# Database: split1_sliding_windows.fasta
# 0 hits found
# BLASTN 2.13.0+
# Query: X08087.1/907-941 slurp/ecgetrf.pl?CH03816 DE:[Pot. stem-loop structure; pot. transcription terminator]
# Database: split1_sliding_windows.fasta
# Fields: query acc.ver, subject acc.ver, % identity, alignment length, mismatches, gap opens, q. start, q. end, s. start, s. end, evalue, bit score
# 5 hits found
X08087.1/907-941	sliding_window_2481	100.000	32	0	0	1	32	15	46	8.74e-12	60.2
X08087.1/907-941	sliding_window_2480	100.000	32	0	0	1	32	35	66	8.74e-12	60.2
X08087.1/907-941	sliding_window_2479	100.000	32	0	0	1	32	55	86	8.74e-12	60.2
X08087.1/907-941	sliding_window_2482	100.000	26	0	0	7	32	1	26	1.89e-08	49.1
X08087.1/907-941	sliding_window_2478	100.000	26	0	0	1	26	75	100	1.89e-08	49.1
# BLASTN 2.13.0+
# Query: M58504.1/2350-2396 slurp/ecgetrf.pl?CH03817 DE:[Potential terminator]
# Database: split1_sliding_windows.fasta
# 0 hits found
# BLASTN 2.13.0+
# Query: X63666.1/1540-1567 slurp/ecgetrf.pl?CH03819 DE:[Putative termination signal]
# Database: split1_sliding_windows.fasta
# Fields: query acc.ver, subject acc.ver, % identity, alignment length, mismatches, gap opens, q. start, q. end, s. start, s. end, evalue, bit score
# 4 hits found
X63666.1/1540-1567	sliding_window_5792	96.429	28	1	0	1	28	5	32	4.71e-08	47.3
X63666.1/1540-1567	sliding_window_5791	96.429	28	1	0	1	28	25	52	4.71e-08	47.3
X63666.1/1540-1567	sliding_window_5790	96.429	28	1	0	1	28	45	72	4.71e-08	47.3
X63666.1/1540-1567	sliding_window_5789	96.429	28	1	0	1	28	65	92	4.71e-08	47.3
# BLASTN 2.13.0+
# Query: X06036.1/945-966 slurp/ecgetrf.pl?CH03820 DE:[Stem loop structure]
# Database: split1_sliding_windows.fasta
# 0 hits found
# BLASTN 2.13.0+
# Query: X04065.1/1578-1619 slurp/ecgetrf.pl?CH03822 DE:[Stem-loop structure; pot. transcription terminator]
# Database: split1_sliding_windows.fasta
# 0 hits found
# BLASTN 2.13.0+
# Query: X07850.1/2144-2181 slurp/ecgetrf.pl?CH03828 DE:[Put. transcription terminator]
# Database: split1_sliding_windows.fasta
# 0 hits found
# BLASTN 2.13.0+
# Query: X06744.1/2831-2858 slurp/ecgetrf.pl?CH03831 DE:[Put. stem loop structure]
# Database: split1_sliding_windows.fasta
# Fields: query acc.ver, subject acc.ver, % identity, alignment length, mismatches, gap opens, q. start, q. end, s. start, s. end, evalue, bit score
# 4 hits found
X06744.1/2831-2858	sliding_window_4427	92.857	28	2	0	1	28	45	18	2.19e-06	41.7
X06744.1/2831-2858	sliding_window_4426	92.857	28	2	0	1	28	65	38	2.19e-06	41.7
X06744.1/2831-2858	sliding_window_4425	92.857	28	2	0	1	28	85	58	2.19e-06	41.7
X06744.1/2831-2858	sliding_window_4428	92.000	25	2	0	1	25	25	1	1.02e-04	36.2
# BLASTN 2.13.0+
# Query: X04341.1/3727-3763 slurp/ecgetrf.pl?CH03833 DE:[Pot. stem-loop structure]
# Database: split1_sliding_windows.fasta
# 0 hits found
# BLASTN 2.13.0+
# Query: X04864.1/40-68 slurp/ecgetrf.pl?CH03834 DE:[Put. transcription terminator]
# Database: split1_sliding_windows.fasta
# Fields: query acc.ver, subject acc.ver, % identity, alignment length, mismatches, gap opens, q. start, q. end, s. start, s. end, evalue, bit score
# 4 hits found
X04864.1/40-68	sliding_window_1473	96.552	29	1	0	1	29	5	33	1.41e-08	49.1
X04864.1/40-68	sliding_window_1472	96.552	29	1	0	1	29	25	53	1.41e-08	49.1
X04864.1/40-68	sliding_window_1471	96.552	29	1	0	1	29	45	73	1.41e-08	49.1
X04864.1/40-68	sliding_window_1470	96.552	29	1	0	1	29	65	93	1.41e-08	49.1
# BLASTN 2.13.0+
# Query: X04864.1/495-528 slurp/ecgetrf.pl?CH03835 DE:[Put. transcription terminator]
# Database: split1_sliding_windows.fasta
# 0 hits found
# BLASTN 2.13.0+
# Query: X13462.1/7351-7391 slurp/ecgetrf.pl?CH03836 DE:[Pot. stem-loop structure]
# Database: split1_sliding_windows.fasta
# Fields: query acc.ver, subject acc.ver, % identity, alignment length, mismatches, gap opens, q. start, q. end, s. start, s. end, evalue, bit score
# 5 hits found
X13462.1/7351-7391	sliding_window_4034	100.000	40	0	0	1	40	18	57	3.94e-16	75.0
X13462.1/7351-7391	sliding_window_4033	100.000	40	0	0	1	40	38	77	3.94e-16	75.0
X13462.1/7351-7391	sliding_window_4032	100.000	40	0	0	1	40	58	97	3.94e-16	75.0
X13462.1/7351-7391	sliding_window_4035	100.000	37	0	0	4	40	1	37	1.84e-14	69.4
X13462.1/7351-7391	sliding_window_4031	100.000	23	0	0	1	23	78	100	1.11e-06	43.6
# BLASTN 2.13.0+
# Query: X67700.1/988-1010 slurp/ecgetrf.pl?CH03840 DE:[ORF1 terminator]
# Database: split1_sliding_windows.fasta
# 0 hits found
# BLASTN 2.13.0+
# Query: X16540.1/411-442 slurp/ecgetrf.pl?CH03843 DE:[Transcriptional terminator]
# Database: split1_sliding_windows.fasta
# 0 hits found
# BLASTN 2.13.0+
# Query: L12044.1/438-472 slurp/ecgetrf.pl?CH03847 DE:[Putative termination signal]
# Database: split1_sliding_windows.fasta
# Fields: query acc.ver, subject acc.ver, % identity, alignment length, mismatches, gap opens, q. start, q. end, s. start, s. end, evalue, bit score
# 5 hits found
L12044.1/438-472	sliding_window_2639	100.000	35	0	0	1	35	48	14	1.88e-13	65.8
L12044.1/438-472	sliding_window_2638	100.000	35	0	0	1	35	68	34	1.88e-13	65.8
L12044.1/438-472	sliding_window_2637	100.000	35	0	0	1	35	88	54	1.88e-13	65.8
L12044.1/438-472	sliding_window_2640	100.000	28	0	0	1	28	28	1	1.46e-09	52.8
L12044.1/438-472	sliding_window_2636	100.000	27	0	0	9	35	100	74	5.26e-09	51.0
# BLASTN 2.13.0+
# Query: L12044.1/1999-2037 slurp/ecgetrf.pl?CH03848 DE:[Terminator kch]
# Database: split1_sliding_windows.fasta
# 0 hits found
# BLASTN 2.13.0+
# Query: X55791.1/1233-1270 slurp/ecgetrf.pl?CH03857 DE:[MetG attenuator terminator]
# Database: split1_sliding_windows.fasta
# 0 hits found
# BLASTN 2.13.0+
# Query: X14135.1/195-222 slurp/ecgetrf.pl?CH03860 DE:[Pot. stem loop structure]
# Database: split1_sliding_windows.fasta
# 0 hits found
# BLASTN 2.13.0+
# Query: M83655.1/1677-1708 slurp/ecgetrf.pl?CH03863 DE:[NhaB Terminator]
# Database: split1_sliding_windows.fasta
# Fields: query acc.ver, subject acc.ver, % identity, alignment length, mismatches, gap opens, q. start, q. end, s. start, s. end, evalue, bit score
# 5 hits found
M83655.1/1677-1708	sliding_window_2478	100.000	32	0	0	1	32	46	15	7.92e-12	60.2
M83655.1/1677-1708	sliding_window_2477	100.000	32	0	0	1	32	66	35	7.92e-12	60.2
M83655.1/1677-1708	sliding_window_2476	100.000	32	0	0	1	32	86	55	7.92e-12	60.2
M83655.1/1677-1708	sliding_window_2479	100.000	26	0	0	1	26	26	1	1.71e-08	49.1
M83655.1/1677-1708	sliding_window_2475	100.000	26	0	0	7	32	100	75	1.71e-08	49.1
# BLASTN 2.13.0+
# Query: X57402.1/1077-1106 slurp/ecgetrf.pl?CH03864 DE:[Terminator dapA, nlpB]
# Database: split1_sliding_windows.fasta
# 0 hits found
# BLASTN 2.13.0+
# Query: X05123.1/672-711 slurp/ecgetrf.pl?CH03867 DE:[pot. stem-loop structure; pot. transcription terminator]
# Database: split1_sliding_windows.fasta
# 0 hits found
# BLASTN 2.13.0+
# Query: X08035.1/2423-2452 slurp/ecgetrf.pl?CH03870 DE:[pot.stem-loop structure]
# Database: split1_sliding_windows.fasta
# 0 hits found
# BLASTN 2.13.0+
# Query: X08035.1/3325-3361 slurp/ecgetrf.pl?CH03871 DE:[pot.stem-loop structure]
# Database: split1_sliding_windows.fasta
# Fields: query acc.ver, subject acc.ver, % identity, alignment length, mismatches, gap opens, q. start, q. end, s. start, s. end, evalue, bit score
# 5 hits found
X08035.1/3325-3361	sliding_window_1455	100.000	37	0	0	1	37	44	8	1.61e-14	69.4
X08035.1/3325-3361	sliding_window_1454	100.000	37	0	0	1	37	64	28	1.61e-14	69.4
X08035.1/3325-3361	sliding_window_1453	100.000	37	0	0	1	37	84	48	1.61e-14	69.4
X08035.1/3325-3361	sliding_window_1452	100.000	33	0	0	5	37	100	68	2.69e-12	62.1
X08035.1/3325-3361	sliding_window_1456	100.000	24	0	0	1	24	24	1	2.71e-07	45.4
# BLASTN 2.13.0+
# Query: D90227.1/10944-10985 slurp/ecgetrf.pl?CH03874 DE:[pot. terminator 1]
# Database: split1_sliding_windows.fasta
# 0 hits found
# BLASTN 2.13.0+
# Query: X04586.1/1699-1742 slurp/ecgetrf.pl?CH03876 DE:[stem-loop structure]
# Database: split1_sliding_windows.fasta
# Fields: query acc.ver, subject acc.ver, % identity, alignment length, mismatches, gap opens, q. start, q. end, s. start, s. end, evalue, bit score
# 5 hits found
X04586.1/1699-1742	sliding_window_694	97.727	44	1	0	1	44	10	53	1.28e-16	76.8
X04586.1/1699-1742	sliding_window_693	97.727	44	1	0	1	44	30	73	1.28e-16	76.8
X04586.1/1699-1742	sliding_window_692	97.727	44	1	0	1	44	50	93	1.28e-16	76.8
X04586.1/1699-1742	sliding_window_695	100.000	33	0	0	12	44	1	33	3.58e-12	62.1
X04586.1/1699-1742	sliding_window_691	96.774	31	1	0	1	31	70	100	2.16e-09	52.8
# BLASTN 2.13.0+
# Query: M94104.1/1639-1668 slurp/ecgetrf.pl?CH03879 DE:[putative termination signal]
# Database: split1_sliding_windows.fasta
# 0 hits found
# BLASTN 2.13.0+
# Query: X51950.1/3192-3229 slurp/ecgetrf.pl?CH03881 DE:[terminator region]
# Database: split1_sliding_windows.fasta
# 0 hits found
# BLASTN 2.13.0+
# Query: X04469.1/1953-1977 slurp/ecgetrf.pl?CH03882 DE:[pot. transcription terminator]
# Database: split1_sliding_windows.fasta
# 0 hits found
# BLASTN 2.13.0+
# Query: X04382.1/567-588 slurp/ecgetrf.pl?CH03886 DE:[pot. stem-loop structure]
# Database: split1_sliding_windows.fasta
# Fields: query acc.ver, subject acc.ver, % identity, alignment length, mismatches, gap opens, q. start, q. end, s. start, s. end, evalue, bit score
# 4 hits found
X04382.1/567-588	sliding_window_65	100.000	22	0	0	1	22	32	11	1.18e-06	41.7
X04382.1/567-588	sliding_window_64	100.000	22	0	0	1	22	52	31	1.18e-06	41.7
X04382.1/567-588	sliding_window_63	100.000	22	0	0	1	22	72	51	1.18e-06	41.7
X04382.1/567-588	sliding_window_62	100.000	22	0	0	1	22	92	71	1.18e-06	41.7
# BLASTN 2.13.0+
# Query: X52363.1/127-157 slurp/ecgetrf.pl?CH03887 DE:[rrfG transcription terminator]
# Database: split1_sliding_windows.fasta
# 0 hits found
# BLASTN 2.13.0+
# Query: M37337.1/4703-4733 slurp/ecgetrf.pl?CH03890 DE:[rrnC terminator]
# Database: split1_sliding_windows.fasta
# Fields: query acc.ver, subject acc.ver, % identity, alignment length, mismatches, gap opens, q. start, q. end, s. start, s. end, evalue, bit score
# 5 hits found
M37337.1/4703-4733	sliding_window_6447	100.000	28	0	0	1	28	29	2	1.25e-09	52.8
M37337.1/4703-4733	sliding_window_6446	100.000	28	0	0	1	28	49	22	1.25e-09	52.8
M37337.1/4703-4733	sliding_window_6445	100.000	28	0	0	1	28	69	42	1.25e-09	52.8
M37337.1/4703-4733	sliding_window_6444	100.000	28	0	0	1	28	89	62	1.25e-09	52.8
M37337.1/4703-4733	sliding_window_6443	100.000	19	0	0	10	28	100	82	1.26e-04	36.2
# BLASTN 2.13.0+
# Query: X07091.1/2084-2111 slurp/ecgetrf.pl?CH03891 DE:[pot. stem loop structure; pot. transription terminator]
# Database: split1_sliding_windows.fasta
# 0 hits found
# BLASTN 2.13.0+
# Query: L10328.1/5220-5193 slurp/ecgetrf.pl?CH03902 DE:[putative termination signal]
# Database: split1_sliding_windows.fasta
# Fields: query acc.ver, subject acc.ver, % identity, alignment length, mismatches, gap opens, q. start, q. end, s. start, s. end, evalue, bit score
# 5 hits found
L10328.1/5220-5193	sliding_window_6176	100.000	28	0	0	1	28	44	17	1.01e-09	52.8
L10328.1/5220-5193	sliding_window_6175	100.000	28	0	0	1	28	64	37	1.01e-09	52.8
L10328.1/5220-5193	sliding_window_6174	100.000	28	0	0	1	28	84	57	1.01e-09	52.8
L10328.1/5220-5193	sliding_window_6177	100.000	24	0	0	1	24	24	1	1.70e-07	45.4
L10328.1/5220-5193	sliding_window_6173	100.000	24	0	0	5	28	100	77	1.70e-07	45.4
# BLASTN 2.13.0+
# Query: L10328.1/35151-35126 slurp/ecgetrf.pl?CH03903 DE:[putative termination signal]
# Database: split1_sliding_windows.fasta
# 0 hits found
# BLASTN 2.13.0+
# Query: L10328.1/43056-43083 slurp/ecgetrf.pl?CH03904 DE:[putative termination signal]
# Database: split1_sliding_windows.fasta
# Fields: query acc.ver, subject acc.ver, % identity, alignment length, mismatches, gap opens, q. start, q. end, s. start, s. end, evalue, bit score
# 4 hits found
L10328.1/43056-43083	sliding_window_6287	92.857	28	2	0	1	28	3	30	2.19e-06	41.7
L10328.1/43056-43083	sliding_window_6286	92.857	28	2	0	1	28	23	50	2.19e-06	41.7
L10328.1/43056-43083	sliding_window_6285	92.857	28	2	0	1	28	43	70	2.19e-06	41.7
L10328.1/43056-43083	sliding_window_6284	92.857	28	2	0	1	28	63	90	2.19e-06	41.7
# BLASTN 2.13.0+
# Query: L10328.1/43151-43173 slurp/ecgetrf.pl?CH03905 DE:[putative termination signal]
# Database: split1_sliding_windows.fasta
# Fields: query acc.ver, subject acc.ver, % identity, alignment length, mismatches, gap opens, q. start, q. end, s. start, s. end, evalue, bit score
# 5 hits found
L10328.1/43151-43173	sliding_window_6291	100.000	23	0	0	1	23	18	40	3.75e-07	43.6
L10328.1/43151-43173	sliding_window_6290	100.000	23	0	0	1	23	38	60	3.75e-07	43.6
L10328.1/43151-43173	sliding_window_6289	100.000	23	0	0	1	23	58	80	3.75e-07	43.6
L10328.1/43151-43173	sliding_window_6288	100.000	23	0	0	1	23	78	100	3.75e-07	43.6
L10328.1/43151-43173	sliding_window_6292	100.000	20	0	0	4	23	1	20	1.75e-05	38.1
# BLASTN 2.13.0+
# Query: L10328.1/55847-55820 slurp/ecgetrf.pl?CH03906 DE:[putative termination signal]
# Database: split1_sliding_windows.fasta
# 0 hits found
# BLASTN 2.13.0+
# Query: L10328.1/66946-66970 slurp/ecgetrf.pl?CH03907 DE:[putative termination signal]
# Database: split1_sliding_windows.fasta
# 0 hits found
# BLASTN 2.13.0+
# Query: L10328.1/76146-76169 slurp/ecgetrf.pl?CH03908 DE:[putative termination signal]
# Database: split1_sliding_windows.fasta
# Fields: query acc.ver, subject acc.ver, % identity, alignment length, mismatches, gap opens, q. start, q. end, s. start, s. end, evalue, bit score
# 5 hits found
L10328.1/76146-76169	sliding_window_6355	100.000	24	0	0	1	24	2	25	1.17e-07	45.4
L10328.1/76146-76169	sliding_window_6354	100.000	24	0	0	1	24	22	45	1.17e-07	45.4
L10328.1/76146-76169	sliding_window_6353	100.000	24	0	0	1	24	42	65	1.17e-07	45.4
L10328.1/76146-76169	sliding_window_6352	100.000	24	0	0	1	24	62	85	1.17e-07	45.4
L10328.1/76146-76169	sliding_window_6351	100.000	19	0	0	1	19	82	100	7.06e-05	36.2
# BLASTN 2.13.0+
# Query: L10328.1/126639-126661 slurp/ecgetrf.pl?CH03910 DE:[putative termination signal]
# Database: split1_sliding_windows.fasta
# 0 hits found
# BLASTN 2.13.0+
# Query: M87049.1/177-208 slurp/ecgetrf.pl?CH03911 DE:[terminator-like sequence]
# Database: split1_sliding_windows.fasta
# Fields: query acc.ver, subject acc.ver, % identity, alignment length, mismatches, gap opens, q. start, q. end, s. start, s. end, evalue, bit score
# 4 hits found
M87049.1/177-208	sliding_window_6447	93.750	32	2	0	1	32	8	39	1.71e-08	49.1
M87049.1/177-208	sliding_window_6446	93.750	32	2	0	1	32	28	59	1.71e-08	49.1
M87049.1/177-208	sliding_window_6445	93.750	32	2	0	1	32	48	79	1.71e-08	49.1
M87049.1/177-208	sliding_window_6444	93.750	32	2	0	1	32	68	99	1.71e-08	49.1
# BLASTN 2.13.0+
# Query: M87049.1/1562-1589 slurp/ecgetrf.pl?CH03912 DE:[terminator-like sequence]
# Database: split1_sliding_windows.fasta
# 0 hits found
# BLASTN 2.13.0+
# Query: M87049.1/10043-10012 slurp/ecgetrf.pl?CH03913 DE:[terminator-like sequence]
# Database: split1_sliding_windows.fasta
# 0 hits found
# BLASTN 2.13.0+
# Query: M87049.1/13395-13431 slurp/ecgetrf.pl?CH03915 DE:[terminator-like sequence]
# Database: split1_sliding_windows.fasta
# 0 hits found
# BLASTN 2.13.0+
# Query: M87049.1/20841-20817 slurp/ecgetrf.pl?CH03916 DE:[terminator-like sequence]
# Database: split1_sliding_windows.fasta
# 0 hits found
# BLASTN 2.13.0+
# Query: M87049.1/20818-20851 slurp/ecgetrf.pl?CH03917 DE:[terminator-like sequence]
# Database: split1_sliding_windows.fasta
# 0 hits found
# BLASTN 2.13.0+
# Query: M87049.1/33826-33862 slurp/ecgetrf.pl?CH03918 DE:[terminator-like sequence]
# Database: split1_sliding_windows.fasta
# 0 hits found
# BLASTN 2.13.0+
# Query: M87049.1/35929-35952 slurp/ecgetrf.pl?CH03919 DE:[terminator-like sequence]
# Database: split1_sliding_windows.fasta
# Fields: query acc.ver, subject acc.ver, % identity, alignment length, mismatches, gap opens, q. start, q. end, s. start, s. end, evalue, bit score
# 36 hits found
M87049.1/35929-35952	sliding_window_6477	100.000	24	0	0	1	24	11	34	1.17e-07	45.4
M87049.1/35929-35952	sliding_window_6476	100.000	24	0	0	1	24	31	54	1.17e-07	45.4
M87049.1/35929-35952	sliding_window_6475	100.000	24	0	0	1	24	51	74	1.17e-07	45.4
M87049.1/35929-35952	sliding_window_6474	100.000	24	0	0	1	24	71	94	1.17e-07	45.4
M87049.1/35929-35952	sliding_window_4353	95.833	24	1	0	1	24	13	36	5.46e-06	39.9
M87049.1/35929-35952	sliding_window_4352	95.833	24	1	0	1	24	33	56	5.46e-06	39.9
M87049.1/35929-35952	sliding_window_4351	95.833	24	1	0	1	24	53	76	5.46e-06	39.9
M87049.1/35929-35952	sliding_window_4350	95.833	24	1	0	1	24	73	96	5.46e-06	39.9
M87049.1/35929-35952	sliding_window_2558	95.652	23	1	0	2	24	19	41	1.96e-05	38.1
M87049.1/35929-35952	sliding_window_2557	95.652	23	1	0	2	24	39	61	1.96e-05	38.1
M87049.1/35929-35952	sliding_window_2556	95.652	23	1	0	2	24	59	81	1.96e-05	38.1
M87049.1/35929-35952	sliding_window_2555	95.455	22	1	0	2	23	79	100	7.06e-05	36.2
M87049.1/35929-35952	sliding_window_6736	95.238	21	1	0	4	24	1	21	2.54e-04	34.4
M87049.1/35929-35952	sliding_window_6735	91.667	24	2	0	1	24	18	41	2.54e-04	34.4
M87049.1/35929-35952	sliding_window_6734	91.667	24	2	0	1	24	38	61	2.54e-04	34.4
M87049.1/35929-35952	sliding_window_6733	91.667	24	2	0	1	24	58	81	2.54e-04	34.4
M87049.1/35929-35952	sliding_window_6264	91.667	24	2	0	1	24	32	9	2.54e-04	34.4
M87049.1/35929-35952	sliding_window_6263	91.667	24	2	0	1	24	52	29	2.54e-04	34.4
M87049.1/35929-35952	sliding_window_6262	91.667	24	2	0	1	24	72	49	2.54e-04	34.4
M87049.1/35929-35952	sliding_window_6261	91.667	24	2	0	1	24	92	69	2.54e-04	34.4
M87049.1/35929-35952	sliding_window_6164	91.667	24	2	0	1	24	31	8	2.54e-04	34.4
M87049.1/35929-35952	sliding_window_6163	91.667	24	2	0	1	24	51	28	2.54e-04	34.4
M87049.1/35929-35952	sliding_window_6162	91.667	24	2	0	1	24	71	48	2.54e-04	34.4
M87049.1/35929-35952	sliding_window_6161	91.667	24	2	0	1	24	91	68	2.54e-04	34.4
M87049.1/35929-35952	sliding_window_5751	95.238	21	1	0	4	24	34	14	2.54e-04	34.4
M87049.1/35929-35952	sliding_window_5750	95.238	21	1	0	4	24	54	34	2.54e-04	34.4
M87049.1/35929-35952	sliding_window_5749	95.238	21	1	0	4	24	74	54	2.54e-04	34.4
M87049.1/35929-35952	sliding_window_5748	95.238	21	1	0	4	24	94	74	2.54e-04	34.4
M87049.1/35929-35952	sliding_window_2559	95.238	21	1	0	4	24	1	21	2.54e-04	34.4
M87049.1/35929-35952	sliding_window_1781	91.667	24	2	0	1	24	18	41	2.54e-04	34.4
M87049.1/35929-35952	sliding_window_1780	91.667	24	2	0	1	24	38	61	2.54e-04	34.4
M87049.1/35929-35952	sliding_window_1779	91.667	24	2	0	1	24	58	81	2.54e-04	34.4
M87049.1/35929-35952	sliding_window_1554	91.667	24	2	0	1	24	39	16	2.54e-04	34.4
M87049.1/35929-35952	sliding_window_1553	91.667	24	2	0	1	24	59	36	2.54e-04	34.4
M87049.1/35929-35952	sliding_window_1552	91.667	24	2	0	1	24	79	56	2.54e-04	34.4
M87049.1/35929-35952	sliding_window_1551	91.667	24	2	0	1	24	99	76	2.54e-04	34.4
# BLASTN 2.13.0+
# Query: M87049.1/39715-39749 slurp/ecgetrf.pl?CH03920 DE:[terminator-like sequence]
# Database: split1_sliding_windows.fasta
# 0 hits found
# BLASTN 2.13.0+
# Query: M87049.1/58920-58946 slurp/ecgetrf.pl?CH03922 DE:[terminator-like sequence]
# Database: split1_sliding_windows.fasta
# Fields: query acc.ver, subject acc.ver, % identity, alignment length, mismatches, gap opens, q. start, q. end, s. start, s. end, evalue, bit score
# 4 hits found
M87049.1/58920-58946	sliding_window_6513	100.000	27	0	0	1	27	11	37	3.36e-09	51.0
M87049.1/58920-58946	sliding_window_6512	100.000	27	0	0	1	27	31	57	3.36e-09	51.0
M87049.1/58920-58946	sliding_window_6511	100.000	27	0	0	1	27	51	77	3.36e-09	51.0
M87049.1/58920-58946	sliding_window_6510	100.000	27	0	0	1	27	71	97	3.36e-09	51.0
# BLASTN 2.13.0+
# Query: M87049.1/68404-68432 slurp/ecgetrf.pl?CH03923 DE:[terminator-like sequence]
# Database: split1_sliding_windows.fasta
# Fields: query acc.ver, subject acc.ver, % identity, alignment length, mismatches, gap opens, q. start, q. end, s. start, s. end, evalue, bit score
# 4 hits found
M87049.1/68404-68432	sliding_window_6516	96.552	29	0	1	1	29	8	35	5.08e-08	47.3
M87049.1/68404-68432	sliding_window_6515	96.552	29	0	1	1	29	28	55	5.08e-08	47.3
M87049.1/68404-68432	sliding_window_6514	96.552	29	0	1	1	29	48	75	5.08e-08	47.3
M87049.1/68404-68432	sliding_window_6513	96.552	29	0	1	1	29	68	95	5.08e-08	47.3
# BLASTN 2.13.0+
# Query: M87049.1/70279-70299 slurp/ecgetrf.pl?CH03924 DE:[terminator-like sequence]
# Database: split1_sliding_windows.fasta
# 0 hits found
# BLASTN 2.13.0+
# Query: M87049.1/80319-80294 slurp/ecgetrf.pl?CH03925 DE:[terminator-like sequence]
# Database: split1_sliding_windows.fasta
# Fields: query acc.ver, subject acc.ver, % identity, alignment length, mismatches, gap opens, q. start, q. end, s. start, s. end, evalue, bit score
# 5 hits found
M87049.1/80319-80294	sliding_window_6523	100.000	26	0	0	1	26	26	1	1.11e-08	49.1
M87049.1/80319-80294	sliding_window_6522	100.000	26	0	0	1	26	46	21	1.11e-08	49.1
M87049.1/80319-80294	sliding_window_6521	100.000	26	0	0	1	26	66	41	1.11e-08	49.1
M87049.1/80319-80294	sliding_window_6520	100.000	26	0	0	1	26	86	61	1.11e-08	49.1
M87049.1/80319-80294	sliding_window_6519	100.000	20	0	0	7	26	100	81	2.40e-05	38.1
# BLASTN 2.13.0+
# Query: X13002.1/1005-1031 slurp/ecgetrf.pl?CH03927 DE:[pot. stem-loop structure; pot. transcription terminator]
# Database: split1_sliding_windows.fasta
# 0 hits found
# BLASTN 2.13.0+
# Query: X04691.1/1558-1582 slurp/ecgetrf.pl?CH03928 DE:[pot. transcription terminator]
# Database: split1_sliding_windows.fasta
# Fields: query acc.ver, subject acc.ver, % identity, alignment length, mismatches, gap opens, q. start, q. end, s. start, s. end, evalue, bit score
# 5 hits found
X04691.1/1558-1582	sliding_window_6060	100.000	25	0	0	1	25	39	15	3.63e-08	47.3
X04691.1/1558-1582	sliding_window_6059	100.000	25	0	0	1	25	59	35	3.63e-08	47.3
X04691.1/1558-1582	sliding_window_6058	100.000	25	0	0	1	25	79	55	3.63e-08	47.3
X04691.1/1558-1582	sliding_window_6057	100.000	25	0	0	1	25	99	75	3.63e-08	47.3
X04691.1/1558-1582	sliding_window_6061	100.000	19	0	0	1	19	19	1	7.85e-05	36.2
# BLASTN 2.13.0+
# Query: Z23096.1/446-494 slurp/ecgetrf.pl?CH03930 DE:[Terminator Similar to gene dicF of E.coli dicABC]
# Database: split1_sliding_windows.fasta
# 0 hits found
# BLASTN 2.13.0+
# Query: L19201.1/2282-2328 slurp/ecgetrf.pl?CH03931 DE:[putative termination signal]
# Database: split1_sliding_windows.fasta
# 0 hits found
# BLASTN 2.13.0+
# Query: L19201.1/2459-2489 slurp/ecgetrf.pl?CH03932 DE:[putative termination signal]
# Database: split1_sliding_windows.fasta
# 0 hits found
# BLASTN 2.13.0+
# Query: L19201.1/11616-11655 slurp/ecgetrf.pl?CH03934 DE:[putative termination signal]
# Database: split1_sliding_windows.fasta
# Fields: query acc.ver, subject acc.ver, % identity, alignment length, mismatches, gap opens, q. start, q. end, s. start, s. end, evalue, bit score
# 5 hits found
L19201.1/11616-11655	sliding_window_6561	100.000	40	0	0	1	40	18	57	3.94e-16	75.0
L19201.1/11616-11655	sliding_window_6560	100.000	40	0	0	1	40	38	77	3.94e-16	75.0
L19201.1/11616-11655	sliding_window_6559	100.000	40	0	0	1	40	58	97	3.94e-16	75.0
L19201.1/11616-11655	sliding_window_6562	100.000	37	0	0	4	40	1	37	1.84e-14	69.4
L19201.1/11616-11655	sliding_window_6558	100.000	23	0	0	1	23	78	100	1.11e-06	43.6
# BLASTN 2.13.0+
# Query: L19201.1/12884-12927 slurp/ecgetrf.pl?CH03935 DE:[putative termination signal]
# Database: split1_sliding_windows.fasta
# 0 hits found
# BLASTN 2.13.0+
# Query: L19201.1/21887-21922 slurp/ecgetrf.pl?CH03936 DE:[putative termination signal]
# Database: split1_sliding_windows.fasta
# Fields: query acc.ver, subject acc.ver, % identity, alignment length, mismatches, gap opens, q. start, q. end, s. start, s. end, evalue, bit score
# 14 hits found
L19201.1/21887-21922	sliding_window_6579	100.000	36	0	0	1	36	5	40	5.50e-14	67.6
L19201.1/21887-21922	sliding_window_6578	100.000	36	0	0	1	36	25	60	5.50e-14	67.6
L19201.1/21887-21922	sliding_window_6577	100.000	36	0	0	1	36	45	80	5.50e-14	67.6
L19201.1/21887-21922	sliding_window_6576	100.000	36	0	0	1	36	65	100	5.50e-14	67.6
L19201.1/21887-21922	sliding_window_6580	100.000	20	0	0	17	36	1	20	4.31e-05	38.1
L19201.1/21887-21922	sliding_window_2726	100.000	19	0	0	18	36	3	21	1.55e-04	36.2
L19201.1/21887-21922	sliding_window_2725	100.000	19	0	0	18	36	23	41	1.55e-04	36.2
L19201.1/21887-21922	sliding_window_2724	100.000	19	0	0	18	36	43	61	1.55e-04	36.2
L19201.1/21887-21922	sliding_window_2723	100.000	19	0	0	18	36	63	81	1.55e-04	36.2
L19201.1/21887-21922	sliding_window_2349	100.000	19	0	0	18	36	1	19	1.55e-04	36.2
L19201.1/21887-21922	sliding_window_2348	100.000	19	0	0	18	36	21	39	1.55e-04	36.2
L19201.1/21887-21922	sliding_window_2347	100.000	19	0	0	18	36	41	59	1.55e-04	36.2
L19201.1/21887-21922	sliding_window_2346	100.000	19	0	0	18	36	61	79	1.55e-04	36.2
L19201.1/21887-21922	sliding_window_2345	100.000	19	0	0	18	36	81	99	1.55e-04	36.2
# BLASTN 2.13.0+
# Query: L19201.1/63111-63151 slurp/ecgetrf.pl?CH03938 DE:[putative termination signal]
# Database: split1_sliding_windows.fasta
# 0 hits found
# BLASTN 2.13.0+
# Query: L19201.1/67994-68020 slurp/ecgetrf.pl?CH03939 DE:[putative termination signal]
# Database: split1_sliding_windows.fasta
# Fields: query acc.ver, subject acc.ver, % identity, alignment length, mismatches, gap opens, q. start, q. end, s. start, s. end, evalue, bit score
# 4 hits found
L19201.1/67994-68020	sliding_window_6646	96.296	27	1	0	1	27	5	31	1.56e-07	45.4
L19201.1/67994-68020	sliding_window_6645	96.296	27	1	0	1	27	25	51	1.56e-07	45.4
L19201.1/67994-68020	sliding_window_6644	96.296	27	1	0	1	27	45	71	1.56e-07	45.4
L19201.1/67994-68020	sliding_window_6643	96.296	27	1	0	1	27	65	91	1.56e-07	45.4
# BLASTN 2.13.0+
# Query: L19201.1/70333-70354 slurp/ecgetrf.pl?CH03940 DE:[putative termination signal]
# Database: split1_sliding_windows.fasta
# 0 hits found
# BLASTN 2.13.0+
# Query: L19201.1/71476-71507 slurp/ecgetrf.pl?CH03941 DE:[putative termination signal]
# Database: split1_sliding_windows.fasta
# Fields: query acc.ver, subject acc.ver, % identity, alignment length, mismatches, gap opens, q. start, q. end, s. start, s. end, evalue, bit score
# 5 hits found
L19201.1/71476-71507	sliding_window_6652	100.000	32	0	0	1	32	12	43	7.92e-12	60.2
L19201.1/71476-71507	sliding_window_6651	100.000	32	0	0	1	32	32	63	7.92e-12	60.2
L19201.1/71476-71507	sliding_window_6650	100.000	32	0	0	1	32	52	83	7.92e-12	60.2
L19201.1/71476-71507	sliding_window_6649	100.000	29	0	0	1	29	72	100	3.68e-10	54.7
L19201.1/71476-71507	sliding_window_6653	100.000	23	0	0	10	32	1	23	7.97e-07	43.6
# BLASTN 2.13.0+
# Query: L19201.1/76181-76153 slurp/ecgetrf.pl?CH03942 DE:[putative termination signal]
# Database: split1_sliding_windows.fasta
# 0 hits found
# BLASTN 2.13.0+
# Query: L19201.1/82018-81996 slurp/ecgetrf.pl?CH03944 DE:[putative termination signal]
# Database: split1_sliding_windows.fasta
# Fields: query acc.ver, subject acc.ver, % identity, alignment length, mismatches, gap opens, q. start, q. end, s. start, s. end, evalue, bit score
# 4 hits found
L19201.1/82018-81996	sliding_window_6669	100.000	23	0	0	1	23	27	5	3.75e-07	43.6
L19201.1/82018-81996	sliding_window_6668	100.000	23	0	0	1	23	47	25	3.75e-07	43.6
L19201.1/82018-81996	sliding_window_6667	100.000	23	0	0	1	23	67	45	3.75e-07	43.6
L19201.1/82018-81996	sliding_window_6666	100.000	23	0	0	1	23	87	65	3.75e-07	43.6
# BLASTN 2.13.0+
# Query: U15049.1/2508-2530 slurp/ecgetrf.pl?CH04883 DE:[putative terminator distal of bglX]
# Database: split1_sliding_windows.fasta
# 0 hits found
# BLASTN 2.13.0+
# Query: U14003.1/28964-28938 slurp/ecgetrf.pl?CH05080
# Database: split1_sliding_windows.fasta
# Fields: query acc.ver, subject acc.ver, % identity, alignment length, mismatches, gap opens, q. start, q. end, s. start, s. end, evalue, bit score
# 4 hits found
U14003.1/28964-28938	sliding_window_6927	100.000	27	0	0	1	27	29	3	3.36e-09	51.0
U14003.1/28964-28938	sliding_window_6926	100.000	27	0	0	1	27	49	23	3.36e-09	51.0
U14003.1/28964-28938	sliding_window_6925	100.000	27	0	0	1	27	69	43	3.36e-09	51.0
U14003.1/28964-28938	sliding_window_6924	100.000	27	0	0	1	27	89	63	3.36e-09	51.0
# BLASTN 2.13.0+
# Query: U14003.1/28964-28938 slurp/ecgetrf.pl?CH05080
# Database: split1_sliding_windows.fasta
# Fields: query acc.ver, subject acc.ver, % identity, alignment length, mismatches, gap opens, q. start, q. end, s. start, s. end, evalue, bit score
# 4 hits found
U14003.1/28964-28938	sliding_window_6927	100.000	27	0	0	1	27	29	3	3.36e-09	51.0
U14003.1/28964-28938	sliding_window_6926	100.000	27	0	0	1	27	49	23	3.36e-09	51.0
U14003.1/28964-28938	sliding_window_6925	100.000	27	0	0	1	27	69	43	3.36e-09	51.0
U14003.1/28964-28938	sliding_window_6924	100.000	27	0	0	1	27	89	63	3.36e-09	51.0
# BLASTN 2.13.0+
# Query: seq10161 slurp/ecgetrf.pl?CH05080.1
# Database: split1_sliding_windows.fasta
# Fields: query acc.ver, subject acc.ver, % identity, alignment length, mismatches, gap opens, q. start, q. end, s. start, s. end, evalue, bit score
# 4 hits found
seq10161	sliding_window_6927	100.000	27	0	0	1	27	29	3	3.36e-09	51.0
seq10161	sliding_window_6926	100.000	27	0	0	1	27	49	23	3.36e-09	51.0
seq10161	sliding_window_6925	100.000	27	0	0	1	27	69	43	3.36e-09	51.0
seq10161	sliding_window_6924	100.000	27	0	0	1	27	89	63	3.36e-09	51.0
# BLASTN 2.13.0+
# Query: seq10161 slurp/ecgetrf.pl?CH05080.1
# Database: split1_sliding_windows.fasta
# Fields: query acc.ver, subject acc.ver, % identity, alignment length, mismatches, gap opens, q. start, q. end, s. start, s. end, evalue, bit score
# 4 hits found
seq10161	sliding_window_6927	100.000	27	0	0	1	27	29	3	3.36e-09	51.0
seq10161	sliding_window_6926	100.000	27	0	0	1	27	49	23	3.36e-09	51.0
seq10161	sliding_window_6925	100.000	27	0	0	1	27	69	43	3.36e-09	51.0
seq10161	sliding_window_6924	100.000	27	0	0	1	27	89	63	3.36e-09	51.0
# BLASTN 2.13.0+
# Query: U14003.1/47284-47257 slurp/ecgetrf.pl?CH05081
# Database: split1_sliding_windows.fasta
# 0 hits found
# BLASTN 2.13.0+
# Query: U14003.1/53366-53342 slurp/ecgetrf.pl?CH05082
# Database: split1_sliding_windows.fasta
# Fields: query acc.ver, subject acc.ver, % identity, alignment length, mismatches, gap opens, q. start, q. end, s. start, s. end, evalue, bit score
# 4 hits found
U14003.1/53366-53342	sliding_window_6982	100.000	25	0	0	1	25	32	8	3.63e-08	47.3
U14003.1/53366-53342	sliding_window_6981	100.000	25	0	0	1	25	52	28	3.63e-08	47.3
U14003.1/53366-53342	sliding_window_6980	100.000	25	0	0	1	25	72	48	3.63e-08	47.3
U14003.1/53366-53342	sliding_window_6979	100.000	25	0	0	1	25	92	68	3.63e-08	47.3
# BLASTN 2.13.0+
# Query: U14003.1/57667-57698 slurp/ecgetrf.pl?CH05083
# Database: split1_sliding_windows.fasta
# 0 hits found
# BLASTN 2.13.0+
# Query: U14003.1/63529-63562 slurp/ecgetrf.pl?CH05084
# Database: split1_sliding_windows.fasta
# 0 hits found
# BLASTN 2.13.0+
# Query: U14003.1/68628-68607 slurp/ecgetrf.pl?CH05085
# Database: split1_sliding_windows.fasta
# Fields: query acc.ver, subject acc.ver, % identity, alignment length, mismatches, gap opens, q. start, q. end, s. start, s. end, evalue, bit score
# 4 hits found
U14003.1/68628-68607	sliding_window_7000	100.000	22	0	0	1	22	29	8	1.18e-06	41.7
U14003.1/68628-68607	sliding_window_6999	100.000	22	0	0	1	22	49	28	1.18e-06	41.7
U14003.1/68628-68607	sliding_window_6998	100.000	22	0	0	1	22	69	48	1.18e-06	41.7
U14003.1/68628-68607	sliding_window_6997	100.000	22	0	0	1	22	89	68	1.18e-06	41.7
# BLASTN 2.13.0+
# Query: U14003.1/69815-69791 slurp/ecgetrf.pl?CH05086
# Database: split1_sliding_windows.fasta
# 0 hits found
# BLASTN 2.13.0+
# Query: U14003.1/100855-100881 slurp/ecgetrf.pl?CH05087
# Database: split1_sliding_windows.fasta
# Fields: query acc.ver, subject acc.ver, % identity, alignment length, mismatches, gap opens, q. start, q. end, s. start, s. end, evalue, bit score
# 4 hits found
U14003.1/100855-100881	sliding_window_7042	100.000	27	0	0	1	27	12	38	3.36e-09	51.0
U14003.1/100855-100881	sliding_window_7041	100.000	27	0	0	1	27	32	58	3.36e-09	51.0
U14003.1/100855-100881	sliding_window_7040	100.000	27	0	0	1	27	52	78	3.36e-09	51.0
U14003.1/100855-100881	sliding_window_7039	100.000	27	0	0	1	27	72	98	3.36e-09	51.0
# BLASTN 2.13.0+
# Query: U14003.1/117410-117437 slurp/ecgetrf.pl?CH05089
# Database: split1_sliding_windows.fasta
# 0 hits found
# BLASTN 2.13.0+
# Query: U14003.1/122121-122149 slurp/ecgetrf.pl?CH05090
# Database: split1_sliding_windows.fasta
# Fields: query acc.ver, subject acc.ver, % identity, alignment length, mismatches, gap opens, q. start, q. end, s. start, s. end, evalue, bit score
# 4 hits found
U14003.1/122121-122149	sliding_window_7059	100.000	29	0	0	1	29	3	31	3.03e-10	54.7
U14003.1/122121-122149	sliding_window_7058	100.000	29	0	0	1	29	23	51	3.03e-10	54.7
U14003.1/122121-122149	sliding_window_7057	100.000	29	0	0	1	29	43	71	3.03e-10	54.7
U14003.1/122121-122149	sliding_window_7056	100.000	29	0	0	1	29	63	91	3.03e-10	54.7
# BLASTN 2.13.0+
# Query: U14003.1/161794-161766 slurp/ecgetrf.pl?CH05091
# Database: split1_sliding_windows.fasta
# 0 hits found
# BLASTN 2.13.0+
# Query: U14003.1/303152-303174 slurp/ecgetrf.pl?CH05098
# Database: split1_sliding_windows.fasta
# Fields: query acc.ver, subject acc.ver, % identity, alignment length, mismatches, gap opens, q. start, q. end, s. start, s. end, evalue, bit score
# 4 hits found
U14003.1/303152-303174	sliding_window_7300	100.000	23	0	0	1	23	5	27	3.75e-07	43.6
U14003.1/303152-303174	sliding_window_7299	100.000	23	0	0	1	23	25	47	3.75e-07	43.6
U14003.1/303152-303174	sliding_window_7298	100.000	23	0	0	1	23	45	67	3.75e-07	43.6
U14003.1/303152-303174	sliding_window_7297	100.000	23	0	0	1	23	65	87	3.75e-07	43.6
# BLASTN 2.13.0+
# Query: U14003.1/312468-312496 slurp/ecgetrf.pl?CH05099
# Database: split1_sliding_windows.fasta
# Fields: query acc.ver, subject acc.ver, % identity, alignment length, mismatches, gap opens, q. start, q. end, s. start, s. end, evalue, bit score
# 4 hits found
U14003.1/312468-312496	sliding_window_7308	93.103	29	2	0	1	29	19	47	6.57e-07	43.6
U14003.1/312468-312496	sliding_window_7307	93.103	29	2	0	1	29	39	67	6.57e-07	43.6
U14003.1/312468-312496	sliding_window_7306	93.103	29	2	0	1	29	59	87	6.57e-07	43.6
U14003.1/312468-312496	sliding_window_7309	92.593	27	2	0	3	29	1	27	8.49e-06	39.9
# BLASTN 2.13.0+
# Query: U14003.1/330369-330405 slurp/ecgetrf.pl?CH05100
# Database: split1_sliding_windows.fasta
# 0 hits found
# BLASTN 2.13.0+
# Query: J01636.1/1170-1210 slurp/ecgetrf.pl?CH05936 DE:[terminator overlapping CAP site]
# Database: split1_sliding_windows.fasta
# Fields: query acc.ver, subject acc.ver, % identity, alignment length, mismatches, gap opens, q. start, q. end, s. start, s. end, evalue, bit score
# 5 hits found
J01636.1/1170-1210	sliding_window_644	95.122	41	2	0	1	41	43	3	2.47e-13	65.8
J01636.1/1170-1210	sliding_window_643	95.122	41	2	0	1	41	63	23	2.47e-13	65.8
J01636.1/1170-1210	sliding_window_642	95.122	41	2	0	1	41	83	43	2.47e-13	65.8
J01636.1/1170-1210	sliding_window_641	94.737	38	2	0	4	41	100	63	1.15e-11	60.2
J01636.1/1170-1210	sliding_window_645	95.652	23	1	0	1	23	23	1	5.39e-05	38.1
# BLAST processed 356 queries
