# BLASTN 2.13.0+
# Query: X60293.1/246-293 slurp/ecgetrf.pl?CH03783 DE:[Terminator cysB]
# Database: E._coli_NC_002695.2.fasta
# Fields: query acc.ver, subject acc.ver, % identity, alignment length, mismatches, gap opens, q. start, q. end, s. start, s. end, evalue, bit score
# 2 hits found
X60293.1/246-293	NC_002695.2	100.000	48	0	0	1	48	1835687	1835734	1.52e-19	89.8
X60293.1/246-293	NC_002695.2	100.000	16	0	0	26	41	1404164	1404179	0.094	30.7
# BLASTN 2.13.0+
# Query: X60293.1/3970-4002 slurp/ecgetrf.pl?CH03785 DE:[acn/ribA terminator 2]
# Database: E._coli_NC_002695.2.fasta
# Fields: query acc.ver, subject acc.ver, % identity, alignment length, mismatches, gap opens, q. start, q. end, s. start, s. end, evalue, bit score
# 2 hits found
X60293.1/3970-4002	NC_002695.2	100.000	33	0	0	1	33	1839411	1839443	1.72e-11	62.1
X60293.1/3970-4002	NC_002695.2	91.304	23	1	1	2	23	3046441	3046463	0.048	30.7
# BLASTN 2.13.0+
# Query: M55170.1/1827-1862 slurp/ecgetrf.pl?CH03788 DE:[amtA terminator]
# Database: E._coli_NC_002695.2.fasta
# Fields: query acc.ver, subject acc.ver, % identity, alignment length, mismatches, gap opens, q. start, q. end, s. start, s. end, evalue, bit score
# 1 hits found
M55170.1/1827-1862	NC_002695.2	100.000	36	0	0	1	36	5293091	5293126	4.43e-13	67.6
# BLASTN 2.13.0+
# Query: X68192.1/1504-1542 slurp/ecgetrf.pl?CH03794 DE:[terminator I]
# Database: E._coli_NC_002695.2.fasta
# Fields: query acc.ver, subject acc.ver, % identity, alignment length, mismatches, gap opens, q. start, q. end, s. start, s. end, evalue, bit score
# 4 hits found
X68192.1/1504-1542	NC_002695.2	92.308	39	2	1	1	39	1117044	1117007	4.02e-09	54.7
X68192.1/1504-1542	NC_002695.2	100.000	18	0	0	14	31	1182025	1182008	0.005	34.4
X68192.1/1504-1542	NC_002695.2	100.000	18	0	0	14	31	2237668	2237685	0.005	34.4
X68192.1/1504-1542	NC_002695.2	100.000	17	0	0	15	31	2477948	2477964	0.019	32.5
# BLASTN 2.13.0+
# Query: X68192.1/1637-1678 slurp/ecgetrf.pl?CH03795 DE:[terminator II]
# Database: E._coli_NC_002695.2.fasta
# Fields: query acc.ver, subject acc.ver, % identity, alignment length, mismatches, gap opens, q. start, q. end, s. start, s. end, evalue, bit score
# 2 hits found
X68192.1/1637-1678	NC_002695.2	95.238	42	2	0	1	42	1116912	1116871	5.90e-13	67.6
X68192.1/1637-1678	NC_002695.2	81.579	38	6	1	1	38	1116876	1116912	0.077	30.7
# BLASTN 2.13.0+
# Query: M87625.1/2270-2297 slurp/ecgetrf.pl?CH03800 DE:[termination sequence]
# Database: E._coli_NC_002695.2.fasta
# Fields: query acc.ver, subject acc.ver, % identity, alignment length, mismatches, gap opens, q. start, q. end, s. start, s. end, evalue, bit score
# 2 hits found
M87625.1/2270-2297	NC_002695.2	100.000	28	0	0	1	28	4811758	4811785	7.57e-09	52.8
M87625.1/2270-2297	NC_002695.2	95.652	23	1	0	1	23	4811780	4811758	2.12e-04	38.1
# BLASTN 2.13.0+
# Query: X61919.1/257-295 slurp/ecgetrf.pl?CH03803 DE:[crp divergent RNA transcription terminator]
# Database: E._coli_NC_002695.2.fasta
# Fields: query acc.ver, subject acc.ver, % identity, alignment length, mismatches, gap opens, q. start, q. end, s. start, s. end, evalue, bit score
# 2 hits found
X61919.1/257-295	NC_002695.2	100.000	39	0	0	1	39	4205730	4205692	1.11e-14	73.1
X61919.1/257-295	NC_002695.2	100.000	17	0	0	11	27	715495	715479	0.019	32.5
# BLASTN 2.13.0+
# Query: X01653.1/3207-3232 slurp/ecgetrf.pl?CH03805 DE:[pot. stem-loop structure]
# Database: E._coli_NC_002695.2.fasta
# Fields: query acc.ver, subject acc.ver, % identity, alignment length, mismatches, gap opens, q. start, q. end, s. start, s. end, evalue, bit score
# 2 hits found
X01653.1/3207-3232	NC_002695.2	100.000	26	0	0	1	26	4787491	4787516	8.02e-08	49.1
X01653.1/3207-3232	NC_002695.2	91.304	23	0	2	1	23	488492	488512	0.029	30.7
# BLASTN 2.13.0+
# Query: X05629.1/80-111 slurp/ecgetrf.pl?CH03808 DE:[Terminator deoT]
# Database: E._coli_NC_002695.2.fasta
# Fields: query acc.ver, subject acc.ver, % identity, alignment length, mismatches, gap opens, q. start, q. end, s. start, s. end, evalue, bit score
# 1 hits found
X05629.1/80-111	NC_002695.2	93.750	32	2	0	1	32	5479603	5479634	1.25e-07	49.1
# BLASTN 2.13.0+
# Query: X00547.1/1104-1134 slurp/ecgetrf.pl?CH03811 DE:[Pot. transcription terminator]
# Database: E._coli_NC_002695.2.fasta
# Fields: query acc.ver, subject acc.ver, % identity, alignment length, mismatches, gap opens, q. start, q. end, s. start, s. end, evalue, bit score
# 1 hits found
X00547.1/1104-1134	NC_002695.2	100.000	31	0	0	1	31	1160208	1160178	1.92e-10	58.4
# BLASTN 2.13.0+
# Query: M84991.1/1269-1309 slurp/ecgetrf.pl?CH03814 DE:[Terminatorfor fatty acid biosynthesis operon]
# Database: E._coli_NC_002695.2.fasta
# Fields: query acc.ver, subject acc.ver, % identity, alignment length, mismatches, gap opens, q. start, q. end, s. start, s. end, evalue, bit score
# 2 hits found
M84991.1/1269-1309	NC_002695.2	97.561	41	0	1	1	41	1511096	1511135	1.57e-13	69.4
M84991.1/1269-1309	NC_002695.2	88.000	25	3	0	4	28	1511120	1511096	0.074	30.7
# BLASTN 2.13.0+
# Query: X08087.1/907-941 slurp/ecgetrf.pl?CH03816 DE:[Pot. stem-loop structure; pot. transcription terminator]
# Database: E._coli_NC_002695.2.fasta
# Fields: query acc.ver, subject acc.ver, % identity, alignment length, mismatches, gap opens, q. start, q. end, s. start, s. end, evalue, bit score
# 2 hits found
X08087.1/907-941	NC_002695.2	100.000	35	0	0	1	35	1677302	1677336	1.50e-12	65.8
X08087.1/907-941	NC_002695.2	88.462	26	3	0	4	29	5328108	5328083	0.015	32.5
# BLASTN 2.13.0+
# Query: X63666.1/1540-1567 slurp/ecgetrf.pl?CH03819 DE:[Putative termination signal]
# Database: E._coli_NC_002695.2.fasta
# Fields: query acc.ver, subject acc.ver, % identity, alignment length, mismatches, gap opens, q. start, q. end, s. start, s. end, evalue, bit score
# 1 hits found
X63666.1/1540-1567	NC_002695.2	96.429	28	1	0	1	28	4170316	4170343	3.52e-07	47.3
# BLASTN 2.13.0+
# Query: X04065.1/1578-1619 slurp/ecgetrf.pl?CH03822 DE:[Stem-loop structure; pot. transcription terminator]
# Database: E._coli_NC_002695.2.fasta
# Fields: query acc.ver, subject acc.ver, % identity, alignment length, mismatches, gap opens, q. start, q. end, s. start, s. end, evalue, bit score
# 1 hits found
X04065.1/1578-1619	NC_002695.2	100.000	42	0	0	1	42	2285111	2285070	2.73e-16	78.7
# BLASTN 2.13.0+
# Query: X06744.1/2831-2858 slurp/ecgetrf.pl?CH03831 DE:[Put. stem loop structure]
# Database: E._coli_NC_002695.2.fasta
# Fields: query acc.ver, subject acc.ver, % identity, alignment length, mismatches, gap opens, q. start, q. end, s. start, s. end, evalue, bit score
# 1 hits found
X06744.1/2831-2858	NC_002695.2	92.857	28	2	0	1	28	3062678	3062651	1.64e-05	41.7
# BLASTN 2.13.0+
# Query: X04864.1/40-68 slurp/ecgetrf.pl?CH03834 DE:[Put. transcription terminator]
# Database: E._coli_NC_002695.2.fasta
# Fields: query acc.ver, subject acc.ver, % identity, alignment length, mismatches, gap opens, q. start, q. end, s. start, s. end, evalue, bit score
# 1 hits found
X04864.1/40-68	NC_002695.2	96.552	29	1	0	1	29	1093323	1093351	9.80e-08	49.1
# BLASTN 2.13.0+
# Query: X13462.1/7351-7391 slurp/ecgetrf.pl?CH03836 DE:[Pot. stem-loop structure]
# Database: E._coli_NC_002695.2.fasta
# Fields: query acc.ver, subject acc.ver, % identity, alignment length, mismatches, gap opens, q. start, q. end, s. start, s. end, evalue, bit score
# 1 hits found
X13462.1/7351-7391	NC_002695.2	100.000	40	0	0	1	40	2769471	2769510	3.23e-15	75.0
# BLASTN 2.13.0+
# Query: L12044.1/438-472 slurp/ecgetrf.pl?CH03847 DE:[Putative termination signal]
# Database: E._coli_NC_002695.2.fasta
# Fields: query acc.ver, subject acc.ver, % identity, alignment length, mismatches, gap opens, q. start, q. end, s. start, s. end, evalue, bit score
# 1 hits found
L12044.1/438-472	NC_002695.2	100.000	35	0	0	1	35	1753534	1753500	1.50e-12	65.8
# BLASTN 2.13.0+
# Query: X55791.1/1233-1270 slurp/ecgetrf.pl?CH03857 DE:[MetG attenuator terminator]
# Database: E._coli_NC_002695.2.fasta
# Fields: query acc.ver, subject acc.ver, % identity, alignment length, mismatches, gap opens, q. start, q. end, s. start, s. end, evalue, bit score
# 1 hits found
X55791.1/1233-1270	NC_002695.2	100.000	38	0	0	1	38	2870013	2870050	3.80e-14	71.3
# BLASTN 2.13.0+
# Query: M83655.1/1677-1708 slurp/ecgetrf.pl?CH03863 DE:[NhaB Terminator]
# Database: E._coli_NC_002695.2.fasta
# Fields: query acc.ver, subject acc.ver, % identity, alignment length, mismatches, gap opens, q. start, q. end, s. start, s. end, evalue, bit score
# 2 hits found
M83655.1/1677-1708	NC_002695.2	100.000	32	0	0	1	32	1674790	1674759	5.76e-11	60.2
M83655.1/1677-1708	NC_002695.2	90.909	22	2	0	1	22	1674769	1674790	0.045	30.7
# BLASTN 2.13.0+
# Query: X05123.1/672-711 slurp/ecgetrf.pl?CH03867 DE:[pot. stem-loop structure; pot. transcription terminator]
# Database: E._coli_NC_002695.2.fasta
# Fields: query acc.ver, subject acc.ver, % identity, alignment length, mismatches, gap opens, q. start, q. end, s. start, s. end, evalue, bit score
# 1 hits found
X05123.1/672-711	NC_002695.2	100.000	40	0	0	1	40	864029	864068	3.23e-15	75.0
# BLASTN 2.13.0+
# Query: X08035.1/3325-3361 slurp/ecgetrf.pl?CH03871 DE:[pot.stem-loop structure]
# Database: E._coli_NC_002695.2.fasta
# Fields: query acc.ver, subject acc.ver, % identity, alignment length, mismatches, gap opens, q. start, q. end, s. start, s. end, evalue, bit score
# 4 hits found
X08035.1/3325-3361	NC_002695.2	100.000	37	0	0	1	37	1079974	1079938	1.30e-13	69.4
X08035.1/3325-3361	NC_002695.2	86.667	30	4	0	1	30	1079945	1079974	0.005	34.4
X08035.1/3325-3361	NC_002695.2	94.737	19	1	0	15	33	349835	349853	0.061	30.7
X08035.1/3325-3361	NC_002695.2	90.909	22	2	0	16	37	3457165	3457186	0.061	30.7
# BLASTN 2.13.0+
# Query: X04586.1/1699-1742 slurp/ecgetrf.pl?CH03876 DE:[stem-loop structure]
# Database: E._coli_NC_002695.2.fasta
# Fields: query acc.ver, subject acc.ver, % identity, alignment length, mismatches, gap opens, q. start, q. end, s. start, s. end, evalue, bit score
# 2 hits found
X04586.1/1699-1742	NC_002695.2	97.727	44	1	0	1	44	462943	462986	1.02e-15	76.8
X04586.1/1699-1742	NC_002695.2	95.000	20	0	1	1	19	1627413	1627394	0.081	30.7
# BLASTN 2.13.0+
# Query: X51950.1/3192-3229 slurp/ecgetrf.pl?CH03881 DE:[terminator region]
# Database: E._coli_NC_002695.2.fasta
# Fields: query acc.ver, subject acc.ver, % identity, alignment length, mismatches, gap opens, q. start, q. end, s. start, s. end, evalue, bit score
# 1 hits found
X51950.1/3192-3229	NC_002695.2	100.000	38	0	0	1	38	5013529	5013492	3.80e-14	71.3
# BLASTN 2.13.0+
# Query: X04382.1/567-588 slurp/ecgetrf.pl?CH03886 DE:[pot. stem-loop structure]
# Database: E._coli_NC_002695.2.fasta
# Fields: query acc.ver, subject acc.ver, % identity, alignment length, mismatches, gap opens, q. start, q. end, s. start, s. end, evalue, bit score
# 4 hits found
X04382.1/567-588	NC_002695.2	100.000	22	0	0	1	22	25190	25169	7.45e-06	41.7
X04382.1/567-588	NC_002695.2	100.000	15	0	0	7	21	2241006	2240992	0.058	28.8
X04382.1/567-588	NC_002695.2	100.000	15	0	0	7	21	2698277	2698263	0.058	28.8
X04382.1/567-588	NC_002695.2	100.000	15	0	0	4	18	5033250	5033264	0.058	28.8
# BLASTN 2.13.0+
# Query: M37337.1/4703-4733 slurp/ecgetrf.pl?CH03890 DE:[rrnC terminator]
# Database: E._coli_NC_002695.2.fasta
# Fields: query acc.ver, subject acc.ver, % identity, alignment length, mismatches, gap opens, q. start, q. end, s. start, s. end, evalue, bit score
# 1 hits found
M37337.1/4703-4733	NC_002695.2	100.000	31	0	0	1	31	4740630	4740600	1.92e-10	58.4
# BLASTN 2.13.0+
# Query: L10328.1/5220-5193 slurp/ecgetrf.pl?CH03902 DE:[putative termination signal]
# Database: E._coli_NC_002695.2.fasta
# Fields: query acc.ver, subject acc.ver, % identity, alignment length, mismatches, gap opens, q. start, q. end, s. start, s. end, evalue, bit score
# 3 hits found
L10328.1/5220-5193	NC_002695.2	100.000	28	0	0	1	28	4559812	4559785	7.57e-09	52.8
L10328.1/5220-5193	NC_002695.2	95.000	20	1	0	9	28	1918840	1918859	0.010	32.5
L10328.1/5220-5193	NC_002695.2	90.909	22	2	0	1	22	4559791	4559812	0.035	30.7
# BLASTN 2.13.0+
# Query: L10328.1/43056-43083 slurp/ecgetrf.pl?CH03904 DE:[putative termination signal]
# Database: E._coli_NC_002695.2.fasta
# Fields: query acc.ver, subject acc.ver, % identity, alignment length, mismatches, gap opens, q. start, q. end, s. start, s. end, evalue, bit score
# 2 hits found
L10328.1/43056-43083	NC_002695.2	92.857	28	2	0	1	28	4644262	4644289	1.64e-05	41.7
L10328.1/43056-43083	NC_002695.2	85.714	28	4	0	1	28	4644289	4644262	0.035	30.7
# BLASTN 2.13.0+
# Query: L10328.1/43151-43173 slurp/ecgetrf.pl?CH03905 DE:[putative termination signal]
# Database: E._coli_NC_002695.2.fasta
# Fields: query acc.ver, subject acc.ver, % identity, alignment length, mismatches, gap opens, q. start, q. end, s. start, s. end, evalue, bit score
# 1 hits found
L10328.1/43151-43173	NC_002695.2	100.000	23	0	0	1	23	4644357	4644379	2.49e-06	43.6
# BLASTN 2.13.0+
# Query: L10328.1/76146-76169 slurp/ecgetrf.pl?CH03908 DE:[putative termination signal]
# Database: E._coli_NC_002695.2.fasta
# Fields: query acc.ver, subject acc.ver, % identity, alignment length, mismatches, gap opens, q. start, q. end, s. start, s. end, evalue, bit score
# 3 hits found
L10328.1/76146-76169	NC_002695.2	100.000	24	0	0	1	24	4673106	4673129	8.06e-07	45.4
L10328.1/76146-76169	NC_002695.2	91.304	23	2	0	1	23	1062991	1063013	0.006	32.5
L10328.1/76146-76169	NC_002695.2	100.000	16	0	0	9	24	1817045	1817060	0.023	30.7
# BLASTN 2.13.0+
# Query: M87049.1/177-208 slurp/ecgetrf.pl?CH03911 DE:[terminator-like sequence]
# Database: E._coli_NC_002695.2.fasta
# Fields: query acc.ver, subject acc.ver, % identity, alignment length, mismatches, gap opens, q. start, q. end, s. start, s. end, evalue, bit score
# 1 hits found
M87049.1/177-208	NC_002695.2	93.750	32	2	0	1	32	4740609	4740640	1.25e-07	49.1
# BLASTN 2.13.0+
# Query: M87049.1/13395-13431 slurp/ecgetrf.pl?CH03915 DE:[terminator-like sequence]
# Database: E._coli_NC_002695.2.fasta
# Fields: query acc.ver, subject acc.ver, % identity, alignment length, mismatches, gap opens, q. start, q. end, s. start, s. end, evalue, bit score
# 1 hits found
M87049.1/13395-13431	NC_002695.2	97.297	37	1	0	1	37	4753801	4753837	6.04e-12	63.9
# BLASTN 2.13.0+
# Query: M87049.1/20818-20851 slurp/ecgetrf.pl?CH03917 DE:[terminator-like sequence]
# Database: E._coli_NC_002695.2.fasta
# Fields: query acc.ver, subject acc.ver, % identity, alignment length, mismatches, gap opens, q. start, q. end, s. start, s. end, evalue, bit score
# 2 hits found
M87049.1/20818-20851	NC_002695.2	100.000	34	0	0	1	34	4761224	4761257	5.09e-12	63.9
M87049.1/20818-20851	NC_002695.2	85.714	28	4	0	1	28	4761251	4761224	0.052	30.7
# BLASTN 2.13.0+
# Query: M87049.1/35929-35952 slurp/ecgetrf.pl?CH03919 DE:[terminator-like sequence]
# Database: E._coli_NC_002695.2.fasta
# Fields: query acc.ver, subject acc.ver, % identity, alignment length, mismatches, gap opens, q. start, q. end, s. start, s. end, evalue, bit score
# 5 hits found
M87049.1/35929-35952	NC_002695.2	100.000	24	0	0	1	24	4776576	4776599	8.06e-07	45.4
M87049.1/35929-35952	NC_002695.2	95.833	24	1	0	1	24	3017887	3017910	3.75e-05	39.9
M87049.1/35929-35952	NC_002695.2	95.652	23	1	0	2	24	1731907	1731929	1.35e-04	38.1
M87049.1/35929-35952	NC_002695.2	91.667	24	2	0	1	24	1148466	1148443	0.002	34.4
M87049.1/35929-35952	NC_002695.2	91.667	24	2	0	1	24	1264321	1264344	0.002	34.4
# BLASTN 2.13.0+
# Query: M87049.1/58920-58946 slurp/ecgetrf.pl?CH03922 DE:[terminator-like sequence]
# Database: E._coli_NC_002695.2.fasta
# Fields: query acc.ver, subject acc.ver, % identity, alignment length, mismatches, gap opens, q. start, q. end, s. start, s. end, evalue, bit score
# 1 hits found
M87049.1/58920-58946	NC_002695.2	100.000	27	0	0	1	27	4802252	4802278	2.48e-08	51.0
# BLASTN 2.13.0+
# Query: M87049.1/68404-68432 slurp/ecgetrf.pl?CH03923 DE:[terminator-like sequence]
# Database: E._coli_NC_002695.2.fasta
# Fields: query acc.ver, subject acc.ver, % identity, alignment length, mismatches, gap opens, q. start, q. end, s. start, s. end, evalue, bit score
# 2 hits found
M87049.1/68404-68432	NC_002695.2	96.552	29	0	1	1	29	4811758	4811785	3.52e-07	47.3
M87049.1/68404-68432	NC_002695.2	91.667	24	1	1	1	24	4811780	4811758	0.010	32.5
# BLASTN 2.13.0+
# Query: M87049.1/80319-80294 slurp/ecgetrf.pl?CH03925 DE:[terminator-like sequence]
# Database: E._coli_NC_002695.2.fasta
# Fields: query acc.ver, subject acc.ver, % identity, alignment length, mismatches, gap opens, q. start, q. end, s. start, s. end, evalue, bit score
# 2 hits found
M87049.1/80319-80294	NC_002695.2	100.000	26	0	0	1	26	4823695	4823670	8.02e-08	49.1
M87049.1/80319-80294	NC_002695.2	88.889	27	2	1	1	26	318	292	0.008	32.5
# BLASTN 2.13.0+
# Query: X04691.1/1558-1582 slurp/ecgetrf.pl?CH03928 DE:[pot. transcription terminator]
# Database: E._coli_NC_002695.2.fasta
# Fields: query acc.ver, subject acc.ver, % identity, alignment length, mismatches, gap opens, q. start, q. end, s. start, s. end, evalue, bit score
# 1 hits found
X04691.1/1558-1582	NC_002695.2	100.000	25	0	0	1	25	4475715	4475691	2.56e-07	47.3
# BLASTN 2.13.0+
# Query: L19201.1/11616-11655 slurp/ecgetrf.pl?CH03934 DE:[putative termination signal]
# Database: E._coli_NC_002695.2.fasta
# Fields: query acc.ver, subject acc.ver, % identity, alignment length, mismatches, gap opens, q. start, q. end, s. start, s. end, evalue, bit score
# 4 hits found
L19201.1/11616-11655	NC_002695.2	100.000	40	0	0	1	40	4846056	4846095	3.23e-15	75.0
L19201.1/11616-11655	NC_002695.2	92.000	25	2	0	1	25	4846079	4846055	0.002	36.2
L19201.1/11616-11655	NC_002695.2	85.294	34	4	1	7	40	3607796	3607764	0.005	34.4
L19201.1/11616-11655	NC_002695.2	100.000	16	0	0	21	36	303323	303308	0.071	30.7
# BLASTN 2.13.0+
# Query: L19201.1/21887-21922 slurp/ecgetrf.pl?CH03936 DE:[putative termination signal]
# Database: E._coli_NC_002695.2.fasta
# Fields: query acc.ver, subject acc.ver, % identity, alignment length, mismatches, gap opens, q. start, q. end, s. start, s. end, evalue, bit score
# 4 hits found
L19201.1/21887-21922	NC_002695.2	100.000	36	0	0	1	36	4856174	4856209	4.43e-13	67.6
L19201.1/21887-21922	NC_002695.2	93.333	30	2	0	1	30	4856203	4856174	2.07e-06	45.4
L19201.1/21887-21922	NC_002695.2	100.000	19	0	0	18	36	1572230	1572248	0.001	36.2
L19201.1/21887-21922	NC_002695.2	100.000	19	0	0	18	36	1790701	1790719	0.001	36.2
# BLASTN 2.13.0+
# Query: L19201.1/67994-68020 slurp/ecgetrf.pl?CH03939 DE:[putative termination signal]
# Database: E._coli_NC_002695.2.fasta
# Fields: query acc.ver, subject acc.ver, % identity, alignment length, mismatches, gap opens, q. start, q. end, s. start, s. end, evalue, bit score
# 1 hits found
L19201.1/67994-68020	NC_002695.2	96.296	27	1	0	1	27	4906448	4906474	1.15e-06	45.4
# BLASTN 2.13.0+
# Query: L19201.1/71476-71507 slurp/ecgetrf.pl?CH03941 DE:[putative termination signal]
# Database: E._coli_NC_002695.2.fasta
# Fields: query acc.ver, subject acc.ver, % identity, alignment length, mismatches, gap opens, q. start, q. end, s. start, s. end, evalue, bit score
# 1 hits found
L19201.1/71476-71507	NC_002695.2	100.000	32	0	0	1	32	4909929	4909960	5.76e-11	60.2
# BLASTN 2.13.0+
# Query: L19201.1/82018-81996 slurp/ecgetrf.pl?CH03944 DE:[putative termination signal]
# Database: E._coli_NC_002695.2.fasta
# Fields: query acc.ver, subject acc.ver, % identity, alignment length, mismatches, gap opens, q. start, q. end, s. start, s. end, evalue, bit score
# 1 hits found
L19201.1/82018-81996	NC_002695.2	100.000	23	0	0	1	23	4922004	4921982	2.49e-06	43.6
# BLASTN 2.13.0+
# Query: U14003.1/28964-28938 slurp/ecgetrf.pl?CH05080
# Database: E._coli_NC_002695.2.fasta
# Fields: query acc.ver, subject acc.ver, % identity, alignment length, mismatches, gap opens, q. start, q. end, s. start, s. end, evalue, bit score
# 1 hits found
U14003.1/28964-28938	NC_002695.2	100.000	27	0	0	1	27	5192712	5192686	2.48e-08	51.0
# BLASTN 2.13.0+
# Query: U14003.1/28964-28938 slurp/ecgetrf.pl?CH05080
# Database: E._coli_NC_002695.2.fasta
# Fields: query acc.ver, subject acc.ver, % identity, alignment length, mismatches, gap opens, q. start, q. end, s. start, s. end, evalue, bit score
# 1 hits found
U14003.1/28964-28938	NC_002695.2	100.000	27	0	0	1	27	5192712	5192686	2.48e-08	51.0
# BLASTN 2.13.0+
# Query: seq10161 slurp/ecgetrf.pl?CH05080.1
# Database: E._coli_NC_002695.2.fasta
# Fields: query acc.ver, subject acc.ver, % identity, alignment length, mismatches, gap opens, q. start, q. end, s. start, s. end, evalue, bit score
# 1 hits found
seq10161	NC_002695.2	100.000	27	0	0	1	27	5192712	5192686	2.48e-08	51.0
# BLASTN 2.13.0+
# Query: seq10161 slurp/ecgetrf.pl?CH05080.1
# Database: E._coli_NC_002695.2.fasta
# Fields: query acc.ver, subject acc.ver, % identity, alignment length, mismatches, gap opens, q. start, q. end, s. start, s. end, evalue, bit score
# 1 hits found
seq10161	NC_002695.2	100.000	27	0	0	1	27	5192712	5192686	2.48e-08	51.0
# BLASTN 2.13.0+
# Query: U14003.1/53366-53342 slurp/ecgetrf.pl?CH05082
# Database: E._coli_NC_002695.2.fasta
# Fields: query acc.ver, subject acc.ver, % identity, alignment length, mismatches, gap opens, q. start, q. end, s. start, s. end, evalue, bit score
# 4 hits found
U14003.1/53366-53342	NC_002695.2	100.000	25	0	0	1	25	3852175	3852199	2.56e-07	47.3
U14003.1/53366-53342	NC_002695.2	100.000	25	0	0	1	25	5217116	5217092	2.56e-07	47.3
U14003.1/53366-53342	NC_002695.2	91.304	23	2	0	1	23	5217097	5217119	0.007	32.5
U14003.1/53366-53342	NC_002695.2	90.909	22	2	0	1	22	3852194	3852173	0.026	30.7
# BLASTN 2.13.0+
# Query: U14003.1/68628-68607 slurp/ecgetrf.pl?CH05085
# Database: E._coli_NC_002695.2.fasta
# Fields: query acc.ver, subject acc.ver, % identity, alignment length, mismatches, gap opens, q. start, q. end, s. start, s. end, evalue, bit score
# 1 hits found
U14003.1/68628-68607	NC_002695.2	100.000	22	0	0	1	22	5232207	5232186	7.45e-06	41.7
# BLASTN 2.13.0+
# Query: U14003.1/100855-100881 slurp/ecgetrf.pl?CH05087
# Database: E._coli_NC_002695.2.fasta
# Fields: query acc.ver, subject acc.ver, % identity, alignment length, mismatches, gap opens, q. start, q. end, s. start, s. end, evalue, bit score
# 1 hits found
U14003.1/100855-100881	NC_002695.2	100.000	27	0	0	1	27	5263881	5263907	2.48e-08	51.0
# BLASTN 2.13.0+
# Query: U14003.1/122121-122149 slurp/ecgetrf.pl?CH05090
# Database: E._coli_NC_002695.2.fasta
# Fields: query acc.ver, subject acc.ver, % identity, alignment length, mismatches, gap opens, q. start, q. end, s. start, s. end, evalue, bit score
# 1 hits found
U14003.1/122121-122149	NC_002695.2	100.000	29	0	0	1	29	5286890	5286918	2.11e-09	54.7
# BLASTN 2.13.0+
# Query: U14003.1/303152-303174 slurp/ecgetrf.pl?CH05098
# Database: E._coli_NC_002695.2.fasta
# Fields: query acc.ver, subject acc.ver, % identity, alignment length, mismatches, gap opens, q. start, q. end, s. start, s. end, evalue, bit score
# 3 hits found
U14003.1/303152-303174	NC_002695.2	100.000	23	0	0	1	23	5470494	5470516	2.49e-06	43.6
U14003.1/303152-303174	NC_002695.2	91.304	23	0	2	1	22	5470512	5470491	0.019	30.7
U14003.1/303152-303174	NC_002695.2	94.444	18	1	0	5	22	3357001	3357018	0.070	28.8
# BLASTN 2.13.0+
# Query: U14003.1/312468-312496 slurp/ecgetrf.pl?CH05099
# Database: E._coli_NC_002695.2.fasta
# Fields: query acc.ver, subject acc.ver, % identity, alignment length, mismatches, gap opens, q. start, q. end, s. start, s. end, evalue, bit score
# 1 hits found
U14003.1/312468-312496	NC_002695.2	93.103	29	2	0	1	29	5479605	5479633	4.56e-06	43.6
# BLASTN 2.13.0+
# Query: J01636.1/1170-1210 slurp/ecgetrf.pl?CH05936 DE:[terminator overlapping CAP site]
# Database: E._coli_NC_002695.2.fasta
# Fields: query acc.ver, subject acc.ver, % identity, alignment length, mismatches, gap opens, q. start, q. end, s. start, s. end, evalue, bit score
# 1 hits found
J01636.1/1170-1210	NC_002695.2	95.122	41	2	0	1	41	423196	423156	2.03e-12	65.8
# BLAST processed 54 queries
