# BLASTN 2.13.0+
# Query: X60293.1/246-293 slurp/ecgetrf.pl?CH03783 DE:[Terminator cysB]
# Database: split1_igrs.fasta
# Fields: query acc.ver, subject acc.ver, % identity, alignment length, mismatches, gap opens, q. start, q. end, s. start, s. end, evalue, bit score
# 1 hits found
X60293.1/246-293	IGR_Escherichia_coli_1428	100.000	48	0	0	1	48	14	61	4.29e-21	89.8
# BLASTN 2.13.0+
# Query: X60293.1/3970-4002 slurp/ecgetrf.pl?CH03785 DE:[acn/ribA terminator 2]
# Database: split1_igrs.fasta
# Fields: query acc.ver, subject acc.ver, % identity, alignment length, mismatches, gap opens, q. start, q. end, s. start, s. end, evalue, bit score
# 1 hits found
X60293.1/3970-4002	IGR_Escherichia_coli_2412	91.304	23	1	1	2	23	570	592	0.001	30.7
# BLASTN 2.13.0+
# Query: M55170.1/1827-1862 slurp/ecgetrf.pl?CH03788 DE:[amtA terminator]
# Database: split1_igrs.fasta
# Fields: query acc.ver, subject acc.ver, % identity, alignment length, mismatches, gap opens, q. start, q. end, s. start, s. end, evalue, bit score
# 1 hits found
M55170.1/1827-1862	IGR_Escherichia_coli_4145	100.000	36	0	0	1	36	6	41	1.30e-14	67.6
# BLASTN 2.13.0+
# Query: X68192.1/1504-1542 slurp/ecgetrf.pl?CH03794 DE:[terminator I]
# Database: split1_igrs.fasta
# Fields: query acc.ver, subject acc.ver, % identity, alignment length, mismatches, gap opens, q. start, q. end, s. start, s. end, evalue, bit score
# 1 hits found
X68192.1/1504-1542	IGR_Escherichia_coli_817	92.308	39	2	1	1	39	590	553	1.15e-10	54.7
# BLASTN 2.13.0+
# Query: X68192.1/1637-1678 slurp/ecgetrf.pl?CH03795 DE:[terminator II]
# Database: split1_igrs.fasta
# Fields: query acc.ver, subject acc.ver, % identity, alignment length, mismatches, gap opens, q. start, q. end, s. start, s. end, evalue, bit score
# 1 hits found
X68192.1/1637-1678	IGR_Escherichia_coli_817	95.238	42	2	0	1	42	458	417	1.66e-14	67.6
# BLASTN 2.13.0+
# Query: M87625.1/2270-2297 slurp/ecgetrf.pl?CH03800 DE:[termination sequence]
# Database: split1_igrs.fasta
# Fields: query acc.ver, subject acc.ver, % identity, alignment length, mismatches, gap opens, q. start, q. end, s. start, s. end, evalue, bit score
# 1 hits found
M87625.1/2270-2297	IGR_Escherichia_coli_3774	100.000	28	0	0	1	28	8	35	2.32e-10	52.8
# BLASTN 2.13.0+
# Query: X61919.1/257-295 slurp/ecgetrf.pl?CH03803 DE:[crp divergent RNA transcription terminator]
# Database: split1_igrs.fasta
# 0 hits found
# BLASTN 2.13.0+
# Query: X01653.1/3207-3232 slurp/ecgetrf.pl?CH03805 DE:[pot. stem-loop structure]
# Database: split1_igrs.fasta
# Fields: query acc.ver, subject acc.ver, % identity, alignment length, mismatches, gap opens, q. start, q. end, s. start, s. end, evalue, bit score
# 1 hits found
X01653.1/3207-3232	IGR_Escherichia_coli_3755	100.000	26	0	0	1	26	7	32	2.81e-09	49.1
# BLASTN 2.13.0+
# Query: X05629.1/80-111 slurp/ecgetrf.pl?CH03808 DE:[Terminator deoT]
# Database: split1_igrs.fasta
# Fields: query acc.ver, subject acc.ver, % identity, alignment length, mismatches, gap opens, q. start, q. end, s. start, s. end, evalue, bit score
# 1 hits found
X05629.1/80-111	IGR_Escherichia_coli_4275	93.750	32	2	0	1	32	32	63	3.86e-09	49.1
# BLASTN 2.13.0+
# Query: X00547.1/1104-1134 slurp/ecgetrf.pl?CH03811 DE:[Pot. transcription terminator]
# Database: split1_igrs.fasta
# Fields: query acc.ver, subject acc.ver, % identity, alignment length, mismatches, gap opens, q. start, q. end, s. start, s. end, evalue, bit score
# 1 hits found
X00547.1/1104-1134	IGR_Escherichia_coli_847	100.000	31	0	0	1	31	68	38	6.05e-12	58.4
# BLASTN 2.13.0+
# Query: M84991.1/1269-1309 slurp/ecgetrf.pl?CH03814 DE:[Terminatorfor fatty acid biosynthesis operon]
# Database: split1_igrs.fasta
# Fields: query acc.ver, subject acc.ver, % identity, alignment length, mismatches, gap opens, q. start, q. end, s. start, s. end, evalue, bit score
# 1 hits found
M84991.1/1269-1309	IGR_Escherichia_coli_1151	97.561	41	0	1	1	41	9	48	4.44e-15	69.4
# BLASTN 2.13.0+
# Query: X08087.1/907-941 slurp/ecgetrf.pl?CH03816 DE:[Pot. stem-loop structure; pot. transcription terminator]
# Database: split1_igrs.fasta
# Fields: query acc.ver, subject acc.ver, % identity, alignment length, mismatches, gap opens, q. start, q. end, s. start, s. end, evalue, bit score
# 1 hits found
X08087.1/907-941	IGR_Escherichia_coli_1291	100.000	32	0	0	1	32	20	51	2.08e-12	60.2
# BLASTN 2.13.0+
# Query: X63666.1/1540-1567 slurp/ecgetrf.pl?CH03819 DE:[Putative termination signal]
# Database: split1_igrs.fasta
# Fields: query acc.ver, subject acc.ver, % identity, alignment length, mismatches, gap opens, q. start, q. end, s. start, s. end, evalue, bit score
# 1 hits found
X63666.1/1540-1567	IGR_Escherichia_coli_3276	96.429	28	1	0	1	28	15	42	1.08e-08	47.3
# BLASTN 2.13.0+
# Query: X04065.1/1578-1619 slurp/ecgetrf.pl?CH03822 DE:[Stem-loop structure; pot. transcription terminator]
# Database: split1_igrs.fasta
# 0 hits found
# BLASTN 2.13.0+
# Query: X06744.1/2831-2858 slurp/ecgetrf.pl?CH03831 DE:[Put. stem loop structure]
# Database: split1_igrs.fasta
# Fields: query acc.ver, subject acc.ver, % identity, alignment length, mismatches, gap opens, q. start, q. end, s. start, s. end, evalue, bit score
# 1 hits found
X06744.1/2831-2858	IGR_Escherichia_coli_2418	92.857	28	2	0	1	28	263	236	5.02e-07	41.7
# BLASTN 2.13.0+
# Query: X04864.1/40-68 slurp/ecgetrf.pl?CH03834 DE:[Put. transcription terminator]
# Database: split1_igrs.fasta
# Fields: query acc.ver, subject acc.ver, % identity, alignment length, mismatches, gap opens, q. start, q. end, s. start, s. end, evalue, bit score
# 1 hits found
X04864.1/40-68	IGR_Escherichia_coli_805	96.552	29	1	0	1	29	11	39	3.21e-09	49.1
# BLASTN 2.13.0+
# Query: X13462.1/7351-7391 slurp/ecgetrf.pl?CH03836 DE:[Pot. stem-loop structure]
# Database: split1_igrs.fasta
# Fields: query acc.ver, subject acc.ver, % identity, alignment length, mismatches, gap opens, q. start, q. end, s. start, s. end, evalue, bit score
# 1 hits found
X13462.1/7351-7391	IGR_Escherichia_coli_2212	100.000	40	0	0	1	40	45	84	9.19e-17	75.0
# BLASTN 2.13.0+
# Query: L12044.1/438-472 slurp/ecgetrf.pl?CH03847 DE:[Putative termination signal]
# Database: split1_igrs.fasta
# Fields: query acc.ver, subject acc.ver, % identity, alignment length, mismatches, gap opens, q. start, q. end, s. start, s. end, evalue, bit score
# 1 hits found
L12044.1/438-472	IGR_Escherichia_coli_1347	100.000	35	0	0	1	35	284	250	4.47e-14	65.8
# BLASTN 2.13.0+
# Query: X55791.1/1233-1270 slurp/ecgetrf.pl?CH03857 DE:[MetG attenuator terminator]
# Database: split1_igrs.fasta
# 0 hits found
# BLASTN 2.13.0+
# Query: M83655.1/1677-1708 slurp/ecgetrf.pl?CH03863 DE:[NhaB Terminator]
# Database: split1_igrs.fasta
# Fields: query acc.ver, subject acc.ver, % identity, alignment length, mismatches, gap opens, q. start, q. end, s. start, s. end, evalue, bit score
# 1 hits found
M83655.1/1677-1708	IGR_Escherichia_coli_1289	100.000	32	0	0	1	32	136	105	1.78e-12	60.2
# BLASTN 2.13.0+
# Query: X05123.1/672-711 slurp/ecgetrf.pl?CH03867 DE:[pot. stem-loop structure; pot. transcription terminator]
# Database: split1_igrs.fasta
# 0 hits found
# BLASTN 2.13.0+
# Query: X08035.1/3325-3361 slurp/ecgetrf.pl?CH03871 DE:[pot.stem-loop structure]
# Database: split1_igrs.fasta
# Fields: query acc.ver, subject acc.ver, % identity, alignment length, mismatches, gap opens, q. start, q. end, s. start, s. end, evalue, bit score
# 1 hits found
X08035.1/3325-3361	IGR_Escherichia_coli_795	100.000	37	0	0	1	37	200	164	3.78e-15	69.4
# BLASTN 2.13.0+
# Query: X04586.1/1699-1742 slurp/ecgetrf.pl?CH03876 DE:[stem-loop structure]
# Database: split1_igrs.fasta
# Fields: query acc.ver, subject acc.ver, % identity, alignment length, mismatches, gap opens, q. start, q. end, s. start, s. end, evalue, bit score
# 1 hits found
X04586.1/1699-1742	IGR_Escherichia_coli_344	97.727	44	1	0	1	44	1	44	2.95e-17	76.8
# BLASTN 2.13.0+
# Query: X51950.1/3192-3229 slurp/ecgetrf.pl?CH03881 DE:[terminator region]
# Database: split1_igrs.fasta
# 0 hits found
# BLASTN 2.13.0+
# Query: X04382.1/567-588 slurp/ecgetrf.pl?CH03886 DE:[pot. stem-loop structure]
# Database: split1_igrs.fasta
# Fields: query acc.ver, subject acc.ver, % identity, alignment length, mismatches, gap opens, q. start, q. end, s. start, s. end, evalue, bit score
# 1 hits found
X04382.1/567-588	IGR_Escherichia_coli_21	100.000	22	0	0	1	22	439	418	3.25e-07	41.7
# BLASTN 2.13.0+
# Query: M37337.1/4703-4733 slurp/ecgetrf.pl?CH03890 DE:[rrnC terminator]
# Database: split1_igrs.fasta
# Fields: query acc.ver, subject acc.ver, % identity, alignment length, mismatches, gap opens, q. start, q. end, s. start, s. end, evalue, bit score
# 1 hits found
M37337.1/4703-4733	IGR_Escherichia_coli_3716	100.000	28	0	0	1	28	28	1	2.81e-10	52.8
# BLASTN 2.13.0+
# Query: L10328.1/5220-5193 slurp/ecgetrf.pl?CH03902 DE:[putative termination signal]
# Database: split1_igrs.fasta
# Fields: query acc.ver, subject acc.ver, % identity, alignment length, mismatches, gap opens, q. start, q. end, s. start, s. end, evalue, bit score
# 1 hits found
L10328.1/5220-5193	IGR_Escherichia_coli_3565	100.000	28	0	0	1	28	60	33	2.32e-10	52.8
# BLASTN 2.13.0+
# Query: L10328.1/43056-43083 slurp/ecgetrf.pl?CH03904 DE:[putative termination signal]
# Database: split1_igrs.fasta
# Fields: query acc.ver, subject acc.ver, % identity, alignment length, mismatches, gap opens, q. start, q. end, s. start, s. end, evalue, bit score
# 1 hits found
L10328.1/43056-43083	IGR_Escherichia_coli_3642	92.857	28	2	0	1	28	20	47	5.02e-07	41.7
# BLASTN 2.13.0+
# Query: L10328.1/43151-43173 slurp/ecgetrf.pl?CH03905 DE:[putative termination signal]
# Database: split1_igrs.fasta
# Fields: query acc.ver, subject acc.ver, % identity, alignment length, mismatches, gap opens, q. start, q. end, s. start, s. end, evalue, bit score
# 1 hits found
L10328.1/43151-43173	IGR_Escherichia_coli_3642	100.000	23	0	0	1	23	115	137	1.00e-07	43.6
# BLASTN 2.13.0+
# Query: L10328.1/76146-76169 slurp/ecgetrf.pl?CH03908 DE:[putative termination signal]
# Database: split1_igrs.fasta
# Fields: query acc.ver, subject acc.ver, % identity, alignment length, mismatches, gap opens, q. start, q. end, s. start, s. end, evalue, bit score
# 1 hits found
L10328.1/76146-76169	IGR_Escherichia_coli_3662	100.000	24	0	0	1	24	26	49	3.07e-08	45.4
# BLASTN 2.13.0+
# Query: M87049.1/177-208 slurp/ecgetrf.pl?CH03911 DE:[terminator-like sequence]
# Database: split1_igrs.fasta
# Fields: query acc.ver, subject acc.ver, % identity, alignment length, mismatches, gap opens, q. start, q. end, s. start, s. end, evalue, bit score
# 1 hits found
M87049.1/177-208	IGR_Escherichia_coli_3716	93.750	32	2	0	1	32	7	38	3.86e-09	49.1
# BLASTN 2.13.0+
# Query: M87049.1/13395-13431 slurp/ecgetrf.pl?CH03915 DE:[terminator-like sequence]
# Database: split1_igrs.fasta
# 0 hits found
# BLASTN 2.13.0+
# Query: M87049.1/20818-20851 slurp/ecgetrf.pl?CH03917 DE:[terminator-like sequence]
# Database: split1_igrs.fasta
# 0 hits found
# BLASTN 2.13.0+
# Query: M87049.1/35929-35952 slurp/ecgetrf.pl?CH03919 DE:[terminator-like sequence]
# Database: split1_igrs.fasta
# Fields: query acc.ver, subject acc.ver, % identity, alignment length, mismatches, gap opens, q. start, q. end, s. start, s. end, evalue, bit score
# 10 hits found
M87049.1/35929-35952	IGR_Escherichia_coli_3749	100.000	24	0	0	1	24	7	30	3.07e-08	45.4
M87049.1/35929-35952	IGR_Escherichia_coli_2394	95.833	24	1	0	1	24	21	44	1.43e-06	39.9
M87049.1/35929-35952	IGR_Escherichia_coli_1329	95.652	23	1	0	2	24	21	43	5.14e-06	38.1
M87049.1/35929-35952	IGR_Escherichia_coli_3917	91.667	24	2	0	1	24	24	47	6.65e-05	34.4
M87049.1/35929-35952	IGR_Escherichia_coli_3641	91.667	24	2	0	1	24	153	130	6.65e-05	34.4
M87049.1/35929-35952	IGR_Escherichia_coli_3559	91.667	24	2	0	1	24	75	52	6.65e-05	34.4
M87049.1/35929-35952	IGR_Escherichia_coli_3226	95.238	21	1	0	4	24	356	336	6.65e-05	34.4
M87049.1/35929-35952	IGR_Escherichia_coli_942	91.667	24	2	0	1	24	18	41	6.65e-05	34.4
M87049.1/35929-35952	IGR_Escherichia_coli_836	91.667	24	2	0	1	24	57	34	6.65e-05	34.4
M87049.1/35929-35952	IGR_Escherichia_coli_4248	95.000	20	1	0	3	22	39	20	2.39e-04	32.5
# BLASTN 2.13.0+
# Query: M87049.1/58920-58946 slurp/ecgetrf.pl?CH03922 DE:[terminator-like sequence]
# Database: split1_igrs.fasta
# Fields: query acc.ver, subject acc.ver, % identity, alignment length, mismatches, gap opens, q. start, q. end, s. start, s. end, evalue, bit score
# 1 hits found
M87049.1/58920-58946	IGR_Escherichia_coli_3767	100.000	27	0	0	1	27	84	110	8.40e-10	51.0
# BLASTN 2.13.0+
# Query: M87049.1/68404-68432 slurp/ecgetrf.pl?CH03923 DE:[terminator-like sequence]
# Database: split1_igrs.fasta
# Fields: query acc.ver, subject acc.ver, % identity, alignment length, mismatches, gap opens, q. start, q. end, s. start, s. end, evalue, bit score
# 1 hits found
M87049.1/68404-68432	IGR_Escherichia_coli_3774	96.552	29	0	1	1	29	8	35	1.16e-08	47.3
# BLASTN 2.13.0+
# Query: M87049.1/80319-80294 slurp/ecgetrf.pl?CH03925 DE:[terminator-like sequence]
# Database: split1_igrs.fasta
# Fields: query acc.ver, subject acc.ver, % identity, alignment length, mismatches, gap opens, q. start, q. end, s. start, s. end, evalue, bit score
# 1 hits found
M87049.1/80319-80294	IGR_Escherichia_coli_3785	100.000	26	0	0	1	26	31	6	2.81e-09	49.1
# BLASTN 2.13.0+
# Query: X04691.1/1558-1582 slurp/ecgetrf.pl?CH03928 DE:[pot. transcription terminator]
# Database: split1_igrs.fasta
# Fields: query acc.ver, subject acc.ver, % identity, alignment length, mismatches, gap opens, q. start, q. end, s. start, s. end, evalue, bit score
# 1 hits found
X04691.1/1558-1582	IGR_Escherichia_coli_3506	100.000	25	0	0	1	25	49	25	9.32e-09	47.3
# BLASTN 2.13.0+
# Query: L19201.1/11616-11655 slurp/ecgetrf.pl?CH03934 DE:[putative termination signal]
# Database: split1_igrs.fasta
# Fields: query acc.ver, subject acc.ver, % identity, alignment length, mismatches, gap opens, q. start, q. end, s. start, s. end, evalue, bit score
# 2 hits found
L19201.1/11616-11655	IGR_Escherichia_coli_3802	100.000	40	0	0	1	40	225	264	9.19e-17	75.0
L19201.1/11616-11655	IGR_Escherichia_coli_2831	85.294	34	4	1	7	40	236	204	1.56e-04	34.4
# BLASTN 2.13.0+
# Query: L19201.1/21887-21922 slurp/ecgetrf.pl?CH03936 DE:[putative termination signal]
# Database: split1_igrs.fasta
# Fields: query acc.ver, subject acc.ver, % identity, alignment length, mismatches, gap opens, q. start, q. end, s. start, s. end, evalue, bit score
# 3 hits found
L19201.1/21887-21922	IGR_Escherichia_coli_3809	100.000	36	0	0	1	36	18	53	1.30e-14	67.6
L19201.1/21887-21922	IGR_Escherichia_coli_1390	100.000	19	0	0	18	36	21	39	3.67e-05	36.2
L19201.1/21887-21922	IGR_Escherichia_coli_1210	100.000	19	0	0	18	36	21	39	3.67e-05	36.2
# BLASTN 2.13.0+
# Query: L19201.1/67994-68020 slurp/ecgetrf.pl?CH03939 DE:[putative termination signal]
# Database: split1_igrs.fasta
# Fields: query acc.ver, subject acc.ver, % identity, alignment length, mismatches, gap opens, q. start, q. end, s. start, s. end, evalue, bit score
# 1 hits found
L19201.1/67994-68020	IGR_Escherichia_coli_3844	96.296	27	1	0	1	27	41	67	3.91e-08	45.4
# BLASTN 2.13.0+
# Query: L19201.1/71476-71507 slurp/ecgetrf.pl?CH03941 DE:[putative termination signal]
# Database: split1_igrs.fasta
# Fields: query acc.ver, subject acc.ver, % identity, alignment length, mismatches, gap opens, q. start, q. end, s. start, s. end, evalue, bit score
# 1 hits found
L19201.1/71476-71507	IGR_Escherichia_coli_3847	100.000	32	0	0	1	32	20	51	1.78e-12	60.2
# BLASTN 2.13.0+
# Query: L19201.1/82018-81996 slurp/ecgetrf.pl?CH03944 DE:[putative termination signal]
# Database: split1_igrs.fasta
# Fields: query acc.ver, subject acc.ver, % identity, alignment length, mismatches, gap opens, q. start, q. end, s. start, s. end, evalue, bit score
# 1 hits found
L19201.1/82018-81996	IGR_Escherichia_coli_3862	100.000	23	0	0	1	23	36	14	1.00e-07	43.6
# BLASTN 2.13.0+
# Query: U14003.1/28964-28938 slurp/ecgetrf.pl?CH05080
# Database: split1_igrs.fasta
# Fields: query acc.ver, subject acc.ver, % identity, alignment length, mismatches, gap opens, q. start, q. end, s. start, s. end, evalue, bit score
# 1 hits found
U14003.1/28964-28938	IGR_Escherichia_coli_4053	100.000	27	0	0	1	27	207	181	8.40e-10	51.0
# BLASTN 2.13.0+
# Query: U14003.1/28964-28938 slurp/ecgetrf.pl?CH05080
# Database: split1_igrs.fasta
# Fields: query acc.ver, subject acc.ver, % identity, alignment length, mismatches, gap opens, q. start, q. end, s. start, s. end, evalue, bit score
# 1 hits found
U14003.1/28964-28938	IGR_Escherichia_coli_4053	100.000	27	0	0	1	27	207	181	8.40e-10	51.0
# BLASTN 2.13.0+
# Query: seq10161 slurp/ecgetrf.pl?CH05080.1
# Database: split1_igrs.fasta
# Fields: query acc.ver, subject acc.ver, % identity, alignment length, mismatches, gap opens, q. start, q. end, s. start, s. end, evalue, bit score
# 1 hits found
seq10161	IGR_Escherichia_coli_4053	100.000	27	0	0	1	27	207	181	8.40e-10	51.0
# BLASTN 2.13.0+
# Query: seq10161 slurp/ecgetrf.pl?CH05080.1
# Database: split1_igrs.fasta
# Fields: query acc.ver, subject acc.ver, % identity, alignment length, mismatches, gap opens, q. start, q. end, s. start, s. end, evalue, bit score
# 1 hits found
seq10161	IGR_Escherichia_coli_4053	100.000	27	0	0	1	27	207	181	8.40e-10	51.0
# BLASTN 2.13.0+
# Query: U14003.1/53366-53342 slurp/ecgetrf.pl?CH05082
# Database: split1_igrs.fasta
# Fields: query acc.ver, subject acc.ver, % identity, alignment length, mismatches, gap opens, q. start, q. end, s. start, s. end, evalue, bit score
# 1 hits found
U14003.1/53366-53342	IGR_Escherichia_coli_4070	100.000	25	0	0	1	25	604	580	9.32e-09	47.3
# BLASTN 2.13.0+
# Query: U14003.1/68628-68607 slurp/ecgetrf.pl?CH05085
# Database: split1_igrs.fasta
# Fields: query acc.ver, subject acc.ver, % identity, alignment length, mismatches, gap opens, q. start, q. end, s. start, s. end, evalue, bit score
# 1 hits found
U14003.1/68628-68607	IGR_Escherichia_coli_4086	100.000	22	0	0	1	22	77	56	3.25e-07	41.7
# BLASTN 2.13.0+
# Query: U14003.1/100855-100881 slurp/ecgetrf.pl?CH05087
# Database: split1_igrs.fasta
# Fields: query acc.ver, subject acc.ver, % identity, alignment length, mismatches, gap opens, q. start, q. end, s. start, s. end, evalue, bit score
# 1 hits found
U14003.1/100855-100881	IGR_Escherichia_coli_4112	100.000	27	0	0	1	27	21	47	8.40e-10	51.0
# BLASTN 2.13.0+
# Query: U14003.1/122121-122149 slurp/ecgetrf.pl?CH05090
# Database: split1_igrs.fasta
# Fields: query acc.ver, subject acc.ver, % identity, alignment length, mismatches, gap opens, q. start, q. end, s. start, s. end, evalue, bit score
# 1 hits found
U14003.1/122121-122149	IGR_Escherichia_coli_4139	100.000	29	0	0	1	29	13	41	6.91e-11	54.7
# BLASTN 2.13.0+
# Query: U14003.1/303152-303174 slurp/ecgetrf.pl?CH05098
# Database: split1_igrs.fasta
# Fields: query acc.ver, subject acc.ver, % identity, alignment length, mismatches, gap opens, q. start, q. end, s. start, s. end, evalue, bit score
# 1 hits found
U14003.1/303152-303174	IGR_Escherichia_coli_4269	100.000	23	0	0	1	23	32	54	1.00e-07	43.6
# BLASTN 2.13.0+
# Query: U14003.1/312468-312496 slurp/ecgetrf.pl?CH05099
# Database: split1_igrs.fasta
# Fields: query acc.ver, subject acc.ver, % identity, alignment length, mismatches, gap opens, q. start, q. end, s. start, s. end, evalue, bit score
# 1 hits found
U14003.1/312468-312496	IGR_Escherichia_coli_4275	93.103	29	2	0	1	29	34	62	1.49e-07	43.6
# BLASTN 2.13.0+
# Query: J01636.1/1170-1210 slurp/ecgetrf.pl?CH05936 DE:[terminator overlapping CAP site]
# Database: split1_igrs.fasta
# Fields: query acc.ver, subject acc.ver, % identity, alignment length, mismatches, gap opens, q. start, q. end, s. start, s. end, evalue, bit score
# 1 hits found
J01636.1/1170-1210	IGR_Escherichia_coli_315	95.122	41	2	0	1	41	114	74	5.74e-14	65.8
# BLAST processed 54 queries
