# BLASTN 2.13.0+
# Query: dnaA,dnaN
# Database: B._cereus_NZ_CP017060.1.fasta
# 0 hits found
# BLASTN 2.13.0+
# Query: rrnO-16S,trnO-Ile,trnO-Ala,rrnO-23S,rrnO-5S
# Database: B._cereus_NZ_CP017060.1.fasta
# 0 hits found
# BLASTN 2.13.0+
# Query: yaaD,yaaE
# Database: B._cereus_NZ_CP017060.1.fasta
# Fields: query acc.ver, subject acc.ver, % identity, alignment length, mismatches, gap opens, q. start, q. end, s. start, s. end, evalue, bit score
# 1 hits found
yaaD,yaaE	NZ_CP017060.1	85.714	49	4	3	1	47	3226694	3226647	2.87e-07	49.1
# BLASTN 2.13.0+
# Query: metS
# Database: B._cereus_NZ_CP017060.1.fasta
# Fields: query acc.ver, subject acc.ver, % identity, alignment length, mismatches, gap opens, q. start, q. end, s. start, s. end, evalue, bit score
# 1 hits found
metS	NZ_CP017060.1	91.667	24	0	2	2	23	43098	43121	0.029	32.5
# BLASTN 2.13.0+
# Query: veg
# Database: B._cereus_NZ_CP017060.1.fasta
# Fields: query acc.ver, subject acc.ver, % identity, alignment length, mismatches, gap opens, q. start, q. end, s. start, s. end, evalue, bit score
# 1 hits found
veg	NZ_CP017060.1	95.000	20	1	0	22	41	5357758	5357777	0.022	32.5
# BLASTN 2.13.0+
# Query: spoVG
# Database: B._cereus_NZ_CP017060.1.fasta
# Fields: query acc.ver, subject acc.ver, % identity, alignment length, mismatches, gap opens, q. start, q. end, s. start, s. end, evalue, bit score
# 1 hits found
spoVG	NZ_CP017060.1	95.238	21	1	0	42	62	2296121	2296101	0.010	34.4
# BLASTN 2.13.0+
# Query: yabM,yabN,yabO,yabP,yabQ,divIC,yabR
# Database: B._cereus_NZ_CP017060.1.fasta
# Fields: query acc.ver, subject acc.ver, % identity, alignment length, mismatches, gap opens, q. start, q. end, s. start, s. end, evalue, bit score
# 1 hits found
yabM,yabN,yabO,yabP,yabQ,divIC,yabR	NZ_CP017060.1	82.051	39	4	2	7	44	881357	881321	0.079	30.7
# BLASTN 2.13.0+
# Query: ybaK,cwlD
# Database: B._cereus_NZ_CP017060.1.fasta
# 0 hits found
# BLASTN 2.13.0+
# Query: adaA,adaB
# Database: B._cereus_NZ_CP017060.1.fasta
# Fields: query acc.ver, subject acc.ver, % identity, alignment length, mismatches, gap opens, q. start, q. end, s. start, s. end, evalue, bit score
# 1 hits found
adaA,adaB	NZ_CP017060.1	79.012	81	16	1	1	80	3046679	3046599	1.12e-08	54.7
# BLASTN 2.13.0+
# Query: ybdO
# Database: B._cereus_NZ_CP017060.1.fasta
# Fields: query acc.ver, subject acc.ver, % identity, alignment length, mismatches, gap opens, q. start, q. end, s. start, s. end, evalue, bit score
# 1 hits found
ybdO	NZ_CP017060.1	90.625	32	1	2	6	36	3055236	3055266	3.78e-05	41.7
# BLASTN 2.13.0+
# Query: glpT,glpQ
# Database: B._cereus_NZ_CP017060.1.fasta
# Fields: query acc.ver, subject acc.ver, % identity, alignment length, mismatches, gap opens, q. start, q. end, s. start, s. end, evalue, bit score
# 1 hits found
glpT,glpQ	NZ_CP017060.1	88.462	26	3	0	16	41	2808153	2808178	0.021	32.5
# BLASTN 2.13.0+
# Query: ybgE
# Database: B._cereus_NZ_CP017060.1.fasta
# Fields: query acc.ver, subject acc.ver, % identity, alignment length, mismatches, gap opens, q. start, q. end, s. start, s. end, evalue, bit score
# 1 hits found
ybgE	NZ_CP017060.1	86.667	30	4	0	2	31	4670875	4670904	0.006	34.4
# BLASTN 2.13.0+
# Query: cwlJ
# Database: B._cereus_NZ_CP017060.1.fasta
# Fields: query acc.ver, subject acc.ver, % identity, alignment length, mismatches, gap opens, q. start, q. end, s. start, s. end, evalue, bit score
# 1 hits found
cwlJ	NZ_CP017060.1	89.286	28	2	1	8	35	3890831	3890805	0.006	34.4
# BLASTN 2.13.0+
# Query: natA,natB
# Database: B._cereus_NZ_CP017060.1.fasta
# Fields: query acc.ver, subject acc.ver, % identity, alignment length, mismatches, gap opens, q. start, q. end, s. start, s. end, evalue, bit score
# 1 hits found
natA,natB	NZ_CP017060.1	89.286	28	2	1	2	29	2595675	2595701	0.005	34.4
# BLASTN 2.13.0+
# Query: ldh,lctP
# Database: B._cereus_NZ_CP017060.1.fasta
# 0 hits found
# BLASTN 2.13.0+
# Query: mdr
# Database: B._cereus_NZ_CP017060.1.fasta
# 0 hits found
# BLASTN 2.13.0+
# Query: nasB,nasC,nasD,nasE,nasF
# Database: B._cereus_NZ_CP017060.1.fasta
# Fields: query acc.ver, subject acc.ver, % identity, alignment length, mismatches, gap opens, q. start, q. end, s. start, s. end, evalue, bit score
# 1 hits found
nasB,nasC,nasD,nasE,nasF	NZ_CP017060.1	100.000	16	0	0	26	41	901335	901350	0.076	30.7
# BLASTN 2.13.0+
# Query: yckE
# Database: B._cereus_NZ_CP017060.1.fasta
# Fields: query acc.ver, subject acc.ver, % identity, alignment length, mismatches, gap opens, q. start, q. end, s. start, s. end, evalue, bit score
# 1 hits found
yckE	NZ_CP017060.1	100.000	16	0	0	28	43	3881541	3881556	0.082	30.7
# BLASTN 2.13.0+
# Query: ycxA
# Database: B._cereus_NZ_CP017060.1.fasta
# Fields: query acc.ver, subject acc.ver, % identity, alignment length, mismatches, gap opens, q. start, q. end, s. start, s. end, evalue, bit score
# 1 hits found
ycxA	NZ_CP017060.1	95.238	21	1	0	25	45	3115277	3115297	0.006	34.4
# BLASTN 2.13.0+
# Query: ycxC,ycxB
# Database: B._cereus_NZ_CP017060.1.fasta
# Fields: query acc.ver, subject acc.ver, % identity, alignment length, mismatches, gap opens, q. start, q. end, s. start, s. end, evalue, bit score
# 1 hits found
ycxC,ycxB	NZ_CP017060.1	91.304	23	2	0	14	36	479167	479145	0.023	32.5
# BLASTN 2.13.0+
# Query: yclE
# Database: B._cereus_NZ_CP017060.1.fasta
# 0 hits found
# BLASTN 2.13.0+
# Query: ycnC,ycnB
# Database: B._cereus_NZ_CP017060.1.fasta
# 0 hits found
# BLASTN 2.13.0+
# Query: ycnL
# Database: B._cereus_NZ_CP017060.1.fasta
# Fields: query acc.ver, subject acc.ver, % identity, alignment length, mismatches, gap opens, q. start, q. end, s. start, s. end, evalue, bit score
# 1 hits found
ycnL	NZ_CP017060.1	100.000	17	0	0	22	38	5272368	5272384	0.019	32.5
# BLASTN 2.13.0+
# Query: ycsD
# Database: B._cereus_NZ_CP017060.1.fasta
# 0 hits found
# BLASTN 2.13.0+
# Query: mtlR
# Database: B._cereus_NZ_CP017060.1.fasta
# 0 hits found
# BLASTN 2.13.0+
# Query: gsiB
# Database: B._cereus_NZ_CP017060.1.fasta
# 0 hits found
# BLASTN 2.13.0+
# Query: phoB,ydhF
# Database: B._cereus_NZ_CP017060.1.fasta
# 0 hits found
# BLASTN 2.13.0+
# Query: ydiO,ydiP
# Database: B._cereus_NZ_CP017060.1.fasta
# Fields: query acc.ver, subject acc.ver, % identity, alignment length, mismatches, gap opens, q. start, q. end, s. start, s. end, evalue, bit score
# 1 hits found
ydiO,ydiP	NZ_CP017060.1	94.737	19	1	0	24	42	1062808	1062790	0.079	30.7
# BLASTN 2.13.0+
# Query: ydjK
# Database: B._cereus_NZ_CP017060.1.fasta
# 0 hits found
# BLASTN 2.13.0+
# Query: yfnI
# Database: B._cereus_NZ_CP017060.1.fasta
# 0 hits found
# BLASTN 2.13.0+
# Query: yfnB
# Database: B._cereus_NZ_CP017060.1.fasta
# 0 hits found
# BLASTN 2.13.0+
# Query: yfmT,yfmS
# Database: B._cereus_NZ_CP017060.1.fasta
# 0 hits found
# BLASTN 2.13.0+
# Query: yfmM
# Database: B._cereus_NZ_CP017060.1.fasta
# 0 hits found
# BLASTN 2.13.0+
# Query: yfmG
# Database: B._cereus_NZ_CP017060.1.fasta
# 0 hits found
# BLASTN 2.13.0+
# Query: citM,yflN
# Database: B._cereus_NZ_CP017060.1.fasta
# Fields: query acc.ver, subject acc.ver, % identity, alignment length, mismatches, gap opens, q. start, q. end, s. start, s. end, evalue, bit score
# 1 hits found
citM,yflN	NZ_CP017060.1	94.737	19	1	0	16	34	3127225	3127207	0.066	30.7
# BLASTN 2.13.0+
# Query: treP,treA,treR
# Database: B._cereus_NZ_CP017060.1.fasta
# Fields: query acc.ver, subject acc.ver, % identity, alignment length, mismatches, gap opens, q. start, q. end, s. start, s. end, evalue, bit score
# 1 hits found
treP,treA,treR	NZ_CP017060.1	83.784	37	3	3	2	37	4857244	4857210	0.021	32.5
# BLASTN 2.13.0+
# Query: yfkJ,yfkI,yfkH
# Database: B._cereus_NZ_CP017060.1.fasta
# 0 hits found
# BLASTN 2.13.0+
# Query: yfkF
# Database: B._cereus_NZ_CP017060.1.fasta
# 0 hits found
# BLASTN 2.13.0+
# Query: yfjS
# Database: B._cereus_NZ_CP017060.1.fasta
# Fields: query acc.ver, subject acc.ver, % identity, alignment length, mismatches, gap opens, q. start, q. end, s. start, s. end, evalue, bit score
# 1 hits found
yfjS	NZ_CP017060.1	100.000	17	0	0	22	38	4989791	4989775	0.020	32.5
# BLASTN 2.13.0+
# Query: yfjR
# Database: B._cereus_NZ_CP017060.1.fasta
# Fields: query acc.ver, subject acc.ver, % identity, alignment length, mismatches, gap opens, q. start, q. end, s. start, s. end, evalue, bit score
# 1 hits found
yfjR	NZ_CP017060.1	88.889	27	0	3	14	38	662952	662977	0.079	30.7
# BLASTN 2.13.0+
# Query: yfjP,yfjO
# Database: B._cereus_NZ_CP017060.1.fasta
# Fields: query acc.ver, subject acc.ver, % identity, alignment length, mismatches, gap opens, q. start, q. end, s. start, s. end, evalue, bit score
# 1 hits found
yfjP,yfjO	NZ_CP017060.1	95.455	22	1	0	11	32	4885015	4884994	0.003	36.2
# BLASTN 2.13.0+
# Query: acoA,acoB,acoC,acoL
# Database: B._cereus_NZ_CP017060.1.fasta
# 0 hits found
# BLASTN 2.13.0+
# Query: malA,yfiA,malP
# Database: B._cereus_NZ_CP017060.1.fasta
# 0 hits found
# BLASTN 2.13.0+
# Query: yfiD,yfiE
# Database: B._cereus_NZ_CP017060.1.fasta
# 0 hits found
# BLASTN 2.13.0+
# Query: lipB
# Database: B._cereus_NZ_CP017060.1.fasta
# 0 hits found
# BLASTN 2.13.0+
# Query: yfiW,yfiX
# Database: B._cereus_NZ_CP017060.1.fasta
# Fields: query acc.ver, subject acc.ver, % identity, alignment length, mismatches, gap opens, q. start, q. end, s. start, s. end, evalue, bit score
# 1 hits found
yfiW,yfiX	NZ_CP017060.1	100.000	17	0	0	28	44	2472001	2471985	0.022	32.5
# BLASTN 2.13.0+
# Query: yfhF,yfhE,yfhD
# Database: B._cereus_NZ_CP017060.1.fasta
# 0 hits found
# BLASTN 2.13.0+
# Query: yfhI
# Database: B._cereus_NZ_CP017060.1.fasta
# Fields: query acc.ver, subject acc.ver, % identity, alignment length, mismatches, gap opens, q. start, q. end, s. start, s. end, evalue, bit score
# 1 hits found
yfhI	NZ_CP017060.1	90.909	22	2	0	1	22	3519091	3519070	0.072	30.7
# BLASTN 2.13.0+
# Query: yfhP
# Database: B._cereus_NZ_CP017060.1.fasta
# 0 hits found
# BLASTN 2.13.0+
# Query: yfhS
# Database: B._cereus_NZ_CP017060.1.fasta
# 0 hits found
# BLASTN 2.13.0+
# Query: yhdG
# Database: B._cereus_NZ_CP017060.1.fasta
# 0 hits found
# BLASTN 2.13.0+
# Query: yhdN,yhdO
# Database: B._cereus_NZ_CP017060.1.fasta
# 0 hits found
# BLASTN 2.13.0+
# Query: pbpF
# Database: B._cereus_NZ_CP017060.1.fasta
# Fields: query acc.ver, subject acc.ver, % identity, alignment length, mismatches, gap opens, q. start, q. end, s. start, s. end, evalue, bit score
# 1 hits found
pbpF	NZ_CP017060.1	100.000	16	0	0	27	42	1101676	1101661	0.091	30.7
# BLASTN 2.13.0+
# Query: med,comZ
# Database: B._cereus_NZ_CP017060.1.fasta
# 0 hits found
# BLASTN 2.13.0+
# Query: yjbC,yjbD
# Database: B._cereus_NZ_CP017060.1.fasta
# 0 hits found
# BLASTN 2.13.0+
# Query: cotV,cotW,cotX
# Database: B._cereus_NZ_CP017060.1.fasta
# Fields: query acc.ver, subject acc.ver, % identity, alignment length, mismatches, gap opens, q. start, q. end, s. start, s. end, evalue, bit score
# 1 hits found
cotV,cotW,cotX	NZ_CP017060.1	82.051	39	6	1	2	40	3249913	3249950	0.020	32.5
# BLASTN 2.13.0+
# Query: yjfB
# Database: B._cereus_NZ_CP017060.1.fasta
# 0 hits found
# BLASTN 2.13.0+
# Query: dppA,dppB,dppC,dppD,dppE
# Database: B._cereus_NZ_CP017060.1.fasta
# 0 hits found
# BLASTN 2.13.0+
# Query: ykzB,ykoL
# Database: B._cereus_NZ_CP017060.1.fasta
# 0 hits found
# BLASTN 2.13.0+
# Query: motA,motB
# Database: B._cereus_NZ_CP017060.1.fasta
# Fields: query acc.ver, subject acc.ver, % identity, alignment length, mismatches, gap opens, q. start, q. end, s. start, s. end, evalue, bit score
# 1 hits found
motA,motB	NZ_CP017060.1	100.000	16	0	0	31	46	225089	225074	0.088	30.7
# BLASTN 2.13.0+
# Query: ptsG,ptsH,ptsI
# Database: B._cereus_NZ_CP017060.1.fasta
# 0 hits found
# BLASTN 2.13.0+
# Query: kinA
# Database: B._cereus_NZ_CP017060.1.fasta
# 0 hits found
# BLASTN 2.13.0+
# Query: sipT
# Database: B._cereus_NZ_CP017060.1.fasta
# 0 hits found
# BLASTN 2.13.0+
# Query: ctaA
# Database: B._cereus_NZ_CP017060.1.fasta
# 0 hits found
# BLASTN 2.13.0+
# Query: spoIIGA,sigE,sigG
# Database: B._cereus_NZ_CP017060.1.fasta
# Fields: query acc.ver, subject acc.ver, % identity, alignment length, mismatches, gap opens, q. start, q. end, s. start, s. end, evalue, bit score
# 1 hits found
spoIIGA,sigE,sigG	NZ_CP017060.1	82.353	34	6	0	9	42	4091351	4091318	0.091	30.7
# BLASTN 2.13.0+
# Query: cysH,cysP,sat,cysC,ylnD,ylnE,ylnF
# Database: B._cereus_NZ_CP017060.1.fasta
# 0 hits found
# BLASTN 2.13.0+
# Query: ylqB
# Database: B._cereus_NZ_CP017060.1.fasta
# 0 hits found
# BLASTN 2.13.0+
# Query: yneA,yneB,ynzC
# Database: B._cereus_NZ_CP017060.1.fasta
# 0 hits found
# BLASTN 2.13.0+
# Query: alsT
# Database: B._cereus_NZ_CP017060.1.fasta
# Fields: query acc.ver, subject acc.ver, % identity, alignment length, mismatches, gap opens, q. start, q. end, s. start, s. end, evalue, bit score
# 1 hits found
alsT	NZ_CP017060.1	100.000	16	0	0	19	34	4740405	4740420	0.082	30.7
# BLASTN 2.13.0+
# Query: gltA,gltB
# Database: B._cereus_NZ_CP017060.1.fasta
# Fields: query acc.ver, subject acc.ver, % identity, alignment length, mismatches, gap opens, q. start, q. end, s. start, s. end, evalue, bit score
# 1 hits found
gltA,gltB	NZ_CP017060.1	100.000	17	0	0	20	36	4677298	4677282	0.019	32.5
# BLASTN 2.13.0+
# Query: yoaN
# Database: B._cereus_NZ_CP017060.1.fasta
# 0 hits found
# BLASTN 2.13.0+
# Query: xynA
# Database: B._cereus_NZ_CP017060.1.fasta
# Fields: query acc.ver, subject acc.ver, % identity, alignment length, mismatches, gap opens, q. start, q. end, s. start, s. end, evalue, bit score
# 1 hits found
xynA	NZ_CP017060.1	88.462	26	3	0	11	36	4924613	4924638	0.026	32.5
# BLASTN 2.13.0+
# Query: des
# Database: B._cereus_NZ_CP017060.1.fasta
# Fields: query acc.ver, subject acc.ver, % identity, alignment length, mismatches, gap opens, q. start, q. end, s. start, s. end, evalue, bit score
# 1 hits found
des	NZ_CP017060.1	94.737	19	1	0	11	29	1978233	1978215	0.098	30.7
# BLASTN 2.13.0+
# Query: yocK
# Database: B._cereus_NZ_CP017060.1.fasta
# Fields: query acc.ver, subject acc.ver, % identity, alignment length, mismatches, gap opens, q. start, q. end, s. start, s. end, evalue, bit score
# 1 hits found
yocK	NZ_CP017060.1	89.655	29	2	1	20	47	5096932	5096960	0.002	36.2
# BLASTN 2.13.0+
# Query: sspC
# Database: B._cereus_NZ_CP017060.1.fasta
# Fields: query acc.ver, subject acc.ver, % identity, alignment length, mismatches, gap opens, q. start, q. end, s. start, s. end, evalue, bit score
# 1 hits found
sspC	NZ_CP017060.1	88.235	34	1	3	6	39	3081709	3081679	4.33e-04	38.1
# BLASTN 2.13.0+
# Query: ilvD
# Database: B._cereus_NZ_CP017060.1.fasta
# 0 hits found
# BLASTN 2.13.0+
# Query: cotD
# Database: B._cereus_NZ_CP017060.1.fasta
# 0 hits found
# BLASTN 2.13.0+
# Query: ypjB
# Database: B._cereus_NZ_CP017060.1.fasta
# 0 hits found
# BLASTN 2.13.0+
# Query: trpE,trpD,trpC,trpF,trpB,trpA,hisC,tyrA,aroE
# Database: B._cereus_NZ_CP017060.1.fasta
# Fields: query acc.ver, subject acc.ver, % identity, alignment length, mismatches, gap opens, q. start, q. end, s. start, s. end, evalue, bit score
# 1 hits found
trpE,trpD,trpC,trpF,trpB,trpA,hisC,tyrA,aroE	NZ_CP017060.1	92.000	25	0	1	13	35	2007916	2007892	0.006	34.4
# BLASTN 2.13.0+
# Query: sigX,rsiX
# Database: B._cereus_NZ_CP017060.1.fasta
# Fields: query acc.ver, subject acc.ver, % identity, alignment length, mismatches, gap opens, q. start, q. end, s. start, s. end, evalue, bit score
# 1 hits found
sigX,rsiX	NZ_CP017060.1	87.097	31	3	1	1	30	2068153	2068183	0.004	34.4
# BLASTN 2.13.0+
# Query: ypuD
# Database: B._cereus_NZ_CP017060.1.fasta
# 0 hits found
# BLASTN 2.13.0+
# Query: drm,punA
# Database: B._cereus_NZ_CP017060.1.fasta
# Fields: query acc.ver, subject acc.ver, % identity, alignment length, mismatches, gap opens, q. start, q. end, s. start, s. end, evalue, bit score
# 1 hits found
drm,punA	NZ_CP017060.1	94.737	19	1	0	32	50	2110476	2110494	0.098	30.7
# BLASTN 2.13.0+
# Query: yqjP,yqjQ,dsdA,coaA,yqjT
# Database: B._cereus_NZ_CP017060.1.fasta
# Fields: query acc.ver, subject acc.ver, % identity, alignment length, mismatches, gap opens, q. start, q. end, s. start, s. end, evalue, bit score
# 1 hits found
yqjP,yqjQ,dsdA,coaA,yqjT	NZ_CP017060.1	95.000	20	0	1	19	38	4404847	4404865	0.079	30.7
# BLASTN 2.13.0+
# Query: yqjH,yqjI
# Database: B._cereus_NZ_CP017060.1.fasta
# 0 hits found
# BLASTN 2.13.0+
# Query: yqiW
# Database: B._cereus_NZ_CP017060.1.fasta
# 0 hits found
# BLASTN 2.13.0+
# Query: spo0A
# Database: B._cereus_NZ_CP017060.1.fasta
# 0 hits found
# BLASTN 2.13.0+
# Query: gcvT,gcvPA,gcvPB
# Database: B._cereus_NZ_CP017060.1.fasta
# Fields: query acc.ver, subject acc.ver, % identity, alignment length, mismatches, gap opens, q. start, q. end, s. start, s. end, evalue, bit score
# 1 hits found
gcvT,gcvPA,gcvPB	NZ_CP017060.1	82.927	41	3	2	1	41	3884885	3884849	0.006	34.4
# BLASTN 2.13.0+
# Query: yqxD,dnaG,sigA
# Database: B._cereus_NZ_CP017060.1.fasta
# Fields: query acc.ver, subject acc.ver, % identity, alignment length, mismatches, gap opens, q. start, q. end, s. start, s. end, evalue, bit score
# 1 hits found
yqxD,dnaG,sigA	NZ_CP017060.1	94.737	19	1	0	29	47	3703508	3703526	0.088	30.7
# BLASTN 2.13.0+
# Query: comER
# Database: B._cereus_NZ_CP017060.1.fasta
# 0 hits found
# BLASTN 2.13.0+
# Query: azlB,azlC,azlD,brnQ,yrdK
# Database: B._cereus_NZ_CP017060.1.fasta
# Fields: query acc.ver, subject acc.ver, % identity, alignment length, mismatches, gap opens, q. start, q. end, s. start, s. end, evalue, bit score
# 1 hits found
azlB,azlC,azlD,brnQ,yrdK	NZ_CP017060.1	89.286	28	1	2	15	42	3887552	3887527	0.006	34.4
# BLASTN 2.13.0+
# Query: glnQ,glnH,glnM,glnP
# Database: B._cereus_NZ_CP017060.1.fasta
# Fields: query acc.ver, subject acc.ver, % identity, alignment length, mismatches, gap opens, q. start, q. end, s. start, s. end, evalue, bit score
# 1 hits found
glnQ,glnH,glnM,glnP	NZ_CP017060.1	100.000	18	0	0	14	31	1312866	1312849	0.006	34.4
# BLASTN 2.13.0+
# Query: yrbD
# Database: B._cereus_NZ_CP017060.1.fasta
# 0 hits found
# BLASTN 2.13.0+
# Query: spoIVFA,spoIVFB
# Database: B._cereus_NZ_CP017060.1.fasta
# Fields: query acc.ver, subject acc.ver, % identity, alignment length, mismatches, gap opens, q. start, q. end, s. start, s. end, evalue, bit score
# 1 hits found
spoIVFA,spoIVFB	NZ_CP017060.1	91.667	24	0	2	31	52	454041	454064	0.029	32.5
# BLASTN 2.13.0+
# Query: comC
# Database: B._cereus_NZ_CP017060.1.fasta
# Fields: query acc.ver, subject acc.ver, % identity, alignment length, mismatches, gap opens, q. start, q. end, s. start, s. end, evalue, bit score
# 1 hits found
comC	NZ_CP017060.1	100.000	17	0	0	23	39	962828	962812	0.023	32.5
# BLASTN 2.13.0+
# Query: hemA,hemX,hemC,hemD,hemB,hemL
# Database: B._cereus_NZ_CP017060.1.fasta
# 0 hits found
# BLASTN 2.13.0+
# Query: ilvB,ilvH,ilvC,leuA,leuB,leuC,leuD
# Database: B._cereus_NZ_CP017060.1.fasta
# 0 hits found
# BLASTN 2.13.0+
# Query: araA,araB,araD,araL,araM,araN,araP,araQ,abfA
# Database: B._cereus_NZ_CP017060.1.fasta
# 0 hits found
# BLASTN 2.13.0+
# Query: gapB,speD
# Database: B._cereus_NZ_CP017060.1.fasta
# Fields: query acc.ver, subject acc.ver, % identity, alignment length, mismatches, gap opens, q. start, q. end, s. start, s. end, evalue, bit score
# 1 hits found
gapB,speD	NZ_CP017060.1	91.667	24	1	1	1	23	5164459	5164436	0.041	32.5
# BLASTN 2.13.0+
# Query: pfkA,pyk,ytzA
# Database: B._cereus_NZ_CP017060.1.fasta
# Fields: query acc.ver, subject acc.ver, % identity, alignment length, mismatches, gap opens, q. start, q. end, s. start, s. end, evalue, bit score
# 1 hits found
pfkA,pyk,ytzA	NZ_CP017060.1	100.000	18	0	0	28	45	319773	319756	0.007	34.4
# BLASTN 2.13.0+
# Query: bioW,bioA,bioF,bioD,bioB,bioI,ytbQ
# Database: B._cereus_NZ_CP017060.1.fasta
# Fields: query acc.ver, subject acc.ver, % identity, alignment length, mismatches, gap opens, q. start, q. end, s. start, s. end, evalue, bit score
# 1 hits found
bioW,bioA,bioF,bioD,bioB,bioI,ytbQ	NZ_CP017060.1	100.000	16	0	0	33	48	220800	220785	0.094	30.7
# BLASTN 2.13.0+
# Query: asnB,ytnA
# Database: B._cereus_NZ_CP017060.1.fasta
# 0 hits found
# BLASTN 2.13.0+
# Query: luxS
# Database: B._cereus_NZ_CP017060.1.fasta
# Fields: query acc.ver, subject acc.ver, % identity, alignment length, mismatches, gap opens, q. start, q. end, s. start, s. end, evalue, bit score
# 1 hits found
luxS	NZ_CP017060.1	86.667	30	2	2	15	43	1041753	1041781	0.025	32.5
# BLASTN 2.13.0+
# Query: pgi,yugM,yugN
# Database: B._cereus_NZ_CP017060.1.fasta
# 0 hits found
# BLASTN 2.13.0+
# Query: comA,yuxO
# Database: B._cereus_NZ_CP017060.1.fasta
# 0 hits found
# BLASTN 2.13.0+
# Query: yuxH
# Database: B._cereus_NZ_CP017060.1.fasta
# 0 hits found
# BLASTN 2.13.0+
# Query: pucR,pucJ,pucK,pucL,pucM
# Database: B._cereus_NZ_CP017060.1.fasta
# Fields: query acc.ver, subject acc.ver, % identity, alignment length, mismatches, gap opens, q. start, q. end, s. start, s. end, evalue, bit score
# 1 hits found
pucR,pucJ,pucK,pucL,pucM	NZ_CP017060.1	90.000	30	1	1	3	32	4013404	4013377	3.95e-04	38.1
# BLASTN 2.13.0+
# Query: yurR,yurQ,yurP,yurO,yurN,yurM,yurL
# Database: B._cereus_NZ_CP017060.1.fasta
# Fields: query acc.ver, subject acc.ver, % identity, alignment length, mismatches, gap opens, q. start, q. end, s. start, s. end, evalue, bit score
# 1 hits found
yurR,yurQ,yurP,yurO,yurN,yurM,yurL	NZ_CP017060.1	100.000	16	0	0	2	17	544332	544317	0.082	30.7
# BLASTN 2.13.0+
# Query: cggR,gapA,pgk,tpiA,pgm,eno
# Database: B._cereus_NZ_CP017060.1.fasta
# Fields: query acc.ver, subject acc.ver, % identity, alignment length, mismatches, gap opens, q. start, q. end, s. start, s. end, evalue, bit score
# 1 hits found
cggR,gapA,pgk,tpiA,pgm,eno	NZ_CP017060.1	100.000	16	0	0	26	41	2017852	2017837	0.079	30.7
# BLASTN 2.13.0+
# Query: araR
# Database: B._cereus_NZ_CP017060.1.fasta
# 0 hits found
# BLASTN 2.13.0+
# Query: pbpE,racX
# Database: B._cereus_NZ_CP017060.1.fasta
# 0 hits found
# BLASTN 2.13.0+
# Query: clpP
# Database: B._cereus_NZ_CP017060.1.fasta
# Fields: query acc.ver, subject acc.ver, % identity, alignment length, mismatches, gap opens, q. start, q. end, s. start, s. end, evalue, bit score
# 1 hits found
clpP	NZ_CP017060.1	91.304	23	0	2	23	44	2303526	2303505	0.085	30.7
# BLASTN 2.13.0+
# Query: csbA
# Database: B._cereus_NZ_CP017060.1.fasta
# Fields: query acc.ver, subject acc.ver, % identity, alignment length, mismatches, gap opens, q. start, q. end, s. start, s. end, evalue, bit score
# 1 hits found
csbA	NZ_CP017060.1	90.909	22	2	0	17	38	1633572	1633593	0.082	30.7
# BLASTN 2.13.0+
# Query: hag
# Database: B._cereus_NZ_CP017060.1.fasta
# 0 hits found
# BLASTN 2.13.0+
# Query: lytA,lytB,lytC
# Database: B._cereus_NZ_CP017060.1.fasta
# Fields: query acc.ver, subject acc.ver, % identity, alignment length, mismatches, gap opens, q. start, q. end, s. start, s. end, evalue, bit score
# 1 hits found
lytA,lytB,lytC	NZ_CP017060.1	95.000	20	1	0	28	47	2223438	2223419	0.025	32.5
# BLASTN 2.13.0+
# Query: mbl,flhO,flhP
# Database: B._cereus_NZ_CP017060.1.fasta
# Fields: query acc.ver, subject acc.ver, % identity, alignment length, mismatches, gap opens, q. start, q. end, s. start, s. end, evalue, bit score
# 1 hits found
mbl,flhO,flhP	NZ_CP017060.1	95.000	20	1	0	23	42	213142	213161	0.050	32.5
# BLASTN 2.13.0+
# Query: ureA,ureB,ureC
# Database: B._cereus_NZ_CP017060.1.fasta
# 0 hits found
# BLASTN 2.13.0+
# Query: ywlF,ywlG
# Database: B._cereus_NZ_CP017060.1.fasta
# Fields: query acc.ver, subject acc.ver, % identity, alignment length, mismatches, gap opens, q. start, q. end, s. start, s. end, evalue, bit score
# 1 hits found
ywlF,ywlG	NZ_CP017060.1	100.000	16	0	0	21	36	1813906	1813891	0.057	30.7
# BLASTN 2.13.0+
# Query: yweA
# Database: B._cereus_NZ_CP017060.1.fasta
# Fields: query acc.ver, subject acc.ver, % identity, alignment length, mismatches, gap opens, q. start, q. end, s. start, s. end, evalue, bit score
# 1 hits found
yweA	NZ_CP017060.1	100.000	17	0	0	22	38	477504	477520	0.022	32.5
# BLASTN 2.13.0+
# Query: sacX,sacY
# Database: B._cereus_NZ_CP017060.1.fasta
# Fields: query acc.ver, subject acc.ver, % identity, alignment length, mismatches, gap opens, q. start, q. end, s. start, s. end, evalue, bit score
# 1 hits found
sacX,sacY	NZ_CP017060.1	95.000	20	0	1	9	28	2110928	2110946	0.079	30.7
# BLASTN 2.13.0+
# Query: gspA
# Database: B._cereus_NZ_CP017060.1.fasta
# Fields: query acc.ver, subject acc.ver, % identity, alignment length, mismatches, gap opens, q. start, q. end, s. start, s. end, evalue, bit score
# 1 hits found
gspA	NZ_CP017060.1	95.000	20	0	1	6	25	2110946	2110928	0.079	30.7
# BLASTN 2.13.0+
# Query: sigY,yxlC,yxlD,yxlE,yxlF,yxlG
# Database: B._cereus_NZ_CP017060.1.fasta
# 0 hits found
# BLASTN 2.13.0+
# Query: yxkJ
# Database: B._cereus_NZ_CP017060.1.fasta
# 0 hits found
# BLASTN 2.13.0+
# Query: yxjC,scoA,scoB,yxjF
# Database: B._cereus_NZ_CP017060.1.fasta
# 0 hits found
# BLASTN 2.13.0+
# Query: yxjA
# Database: B._cereus_NZ_CP017060.1.fasta
# Fields: query acc.ver, subject acc.ver, % identity, alignment length, mismatches, gap opens, q. start, q. end, s. start, s. end, evalue, bit score
# 1 hits found
yxjA	NZ_CP017060.1	90.909	22	2	0	27	48	1165553	1165532	0.091	30.7
# BLASTN 2.13.0+
# Query: yxiT
# Database: B._cereus_NZ_CP017060.1.fasta
# 0 hits found
# BLASTN 2.13.0+
# Query: wapA,yxxG
# Database: B._cereus_NZ_CP017060.1.fasta
# 0 hits found
# BLASTN 2.13.0+
# Query: yxeF,yxeG,yxeH
# Database: B._cereus_NZ_CP017060.1.fasta
# 0 hits found
# BLASTN 2.13.0+
# Query: yxdJ,yxdK
# Database: B._cereus_NZ_CP017060.1.fasta
# Fields: query acc.ver, subject acc.ver, % identity, alignment length, mismatches, gap opens, q. start, q. end, s. start, s. end, evalue, bit score
# 1 hits found
yxdJ,yxdK	NZ_CP017060.1	95.238	21	0	1	6	25	3643755	3643735	0.030	32.5
# BLASTN 2.13.0+
# Query: yxbB,yxbA,yxnB,asnH,yxaM
# Database: B._cereus_NZ_CP017060.1.fasta
# 0 hits found
# BLASTN 2.13.0+
# Query: yxaA,yxaB
# Database: B._cereus_NZ_CP017060.1.fasta
# 0 hits found
# BLASTN 2.13.0+
# Query: ahpC,ahpF
# Database: B._cereus_NZ_CP017060.1.fasta
# 0 hits found
# BLASTN 2.13.0+
# Query: yydF,yydG,yydH,yydI,yydJ
# Database: B._cereus_NZ_CP017060.1.fasta
# 0 hits found
# BLASTN 2.13.0+
# Query: yycN
# Database: B._cereus_NZ_CP017060.1.fasta
# 0 hits found
# BLASTN 2.13.0+
# Query: yycF,yycG,yycH,yycI,yycJ,yyxA
# Database: B._cereus_NZ_CP017060.1.fasta
# Fields: query acc.ver, subject acc.ver, % identity, alignment length, mismatches, gap opens, q. start, q. end, s. start, s. end, evalue, bit score
# 1 hits found
yycF,yycG,yycH,yycI,yycJ,yyxA	NZ_CP017060.1	95.000	20	0	1	26	44	1244759	1244778	0.079	30.7
# BLASTN 2.13.0+
# Query: yycC,yycB
# Database: B._cereus_NZ_CP017060.1.fasta
# 0 hits found
# BLASTN 2.13.0+
# Query: yybH,yybI
# Database: B._cereus_NZ_CP017060.1.fasta
# Fields: query acc.ver, subject acc.ver, % identity, alignment length, mismatches, gap opens, q. start, q. end, s. start, s. end, evalue, bit score
# 1 hits found
yybH,yybI	NZ_CP017060.1	90.000	30	2	1	1	29	2527827	2527798	4.51e-04	38.1
# BLASTN 2.13.0+
# Query: yyaO
# Database: B._cereus_NZ_CP017060.1.fasta
# 0 hits found
# BLASTN 2.13.0+
# Query: thdF,gidA,gidB,yyaA
# Database: B._cereus_NZ_CP017060.1.fasta
# Fields: query acc.ver, subject acc.ver, % identity, alignment length, mismatches, gap opens, q. start, q. end, s. start, s. end, evalue, bit score
# 1 hits found
thdF,gidA,gidB,yyaA	NZ_CP017060.1	95.000	20	1	0	23	42	5039953	5039972	0.022	32.5
# BLAST processed 138 queries
