# BLASTN 2.13.0+
# Query: dnaA,dnaN
# Database: B._toyonensis_NZ_CP064875.1.fasta
# 0 hits found
# BLASTN 2.13.0+
# Query: rrnO-16S,trnO-Ile,trnO-Ala,rrnO-23S,rrnO-5S
# Database: B._toyonensis_NZ_CP064875.1.fasta
# Fields: query acc.ver, subject acc.ver, % identity, alignment length, mismatches, gap opens, q. start, q. end, s. start, s. end, evalue, bit score
# 1 hits found
rrnO-16S,trnO-Ile,trnO-Ala,rrnO-23S,rrnO-5S	NZ_CP064875.1	100.000	16	0	0	21	36	126043	126058	0.065	30.7
# BLASTN 2.13.0+
# Query: yaaD,yaaE
# Database: B._toyonensis_NZ_CP064875.1.fasta
# Fields: query acc.ver, subject acc.ver, % identity, alignment length, mismatches, gap opens, q. start, q. end, s. start, s. end, evalue, bit score
# 1 hits found
yaaD,yaaE	NZ_CP064875.1	85.000	40	5	1	9	47	4560548	4560509	1.69e-04	39.9
# BLASTN 2.13.0+
# Query: metS
# Database: B._toyonensis_NZ_CP064875.1.fasta
# Fields: query acc.ver, subject acc.ver, % identity, alignment length, mismatches, gap opens, q. start, q. end, s. start, s. end, evalue, bit score
# 1 hits found
metS	NZ_CP064875.1	91.667	24	0	2	2	23	43231	43254	0.028	32.5
# BLASTN 2.13.0+
# Query: veg
# Database: B._toyonensis_NZ_CP064875.1.fasta
# Fields: query acc.ver, subject acc.ver, % identity, alignment length, mismatches, gap opens, q. start, q. end, s. start, s. end, evalue, bit score
# 1 hits found
veg	NZ_CP064875.1	90.909	22	2	0	19	40	1818691	1818670	0.077	30.7
# BLASTN 2.13.0+
# Query: spoVG
# Database: B._toyonensis_NZ_CP064875.1.fasta
# 0 hits found
# BLASTN 2.13.0+
# Query: yabM,yabN,yabO,yabP,yabQ,divIC,yabR
# Database: B._toyonensis_NZ_CP064875.1.fasta
# Fields: query acc.ver, subject acc.ver, % identity, alignment length, mismatches, gap opens, q. start, q. end, s. start, s. end, evalue, bit score
# 1 hits found
yabM,yabN,yabO,yabP,yabQ,divIC,yabR	NZ_CP064875.1	100.000	17	0	0	27	43	370700	370684	0.022	32.5
# BLASTN 2.13.0+
# Query: ybaK,cwlD
# Database: B._toyonensis_NZ_CP064875.1.fasta
# 0 hits found
# BLASTN 2.13.0+
# Query: adaA,adaB
# Database: B._toyonensis_NZ_CP064875.1.fasta
# Fields: query acc.ver, subject acc.ver, % identity, alignment length, mismatches, gap opens, q. start, q. end, s. start, s. end, evalue, bit score
# 1 hits found
adaA,adaB	NZ_CP064875.1	80.000	80	16	0	1	80	2969980	2969901	2.36e-10	60.2
# BLASTN 2.13.0+
# Query: ybdO
# Database: B._toyonensis_NZ_CP064875.1.fasta
# 0 hits found
# BLASTN 2.13.0+
# Query: glpT,glpQ
# Database: B._toyonensis_NZ_CP064875.1.fasta
# 0 hits found
# BLASTN 2.13.0+
# Query: ybgE
# Database: B._toyonensis_NZ_CP064875.1.fasta
# Fields: query acc.ver, subject acc.ver, % identity, alignment length, mismatches, gap opens, q. start, q. end, s. start, s. end, evalue, bit score
# 1 hits found
ybgE	NZ_CP064875.1	81.579	38	6	1	2	38	4798963	4798926	0.074	30.7
# BLASTN 2.13.0+
# Query: cwlJ
# Database: B._toyonensis_NZ_CP064875.1.fasta
# Fields: query acc.ver, subject acc.ver, % identity, alignment length, mismatches, gap opens, q. start, q. end, s. start, s. end, evalue, bit score
# 1 hits found
cwlJ	NZ_CP064875.1	89.286	28	2	1	8	35	3819605	3819579	0.005	34.4
# BLASTN 2.13.0+
# Query: natA,natB
# Database: B._toyonensis_NZ_CP064875.1.fasta
# Fields: query acc.ver, subject acc.ver, % identity, alignment length, mismatches, gap opens, q. start, q. end, s. start, s. end, evalue, bit score
# 1 hits found
natA,natB	NZ_CP064875.1	100.000	18	0	0	18	35	2628949	2628932	0.005	34.4
# BLASTN 2.13.0+
# Query: ldh,lctP
# Database: B._toyonensis_NZ_CP064875.1.fasta
# 0 hits found
# BLASTN 2.13.0+
# Query: mdr
# Database: B._toyonensis_NZ_CP064875.1.fasta
# 0 hits found
# BLASTN 2.13.0+
# Query: nasB,nasC,nasD,nasE,nasF
# Database: B._toyonensis_NZ_CP064875.1.fasta
# 0 hits found
# BLASTN 2.13.0+
# Query: yckE
# Database: B._toyonensis_NZ_CP064875.1.fasta
# 0 hits found
# BLASTN 2.13.0+
# Query: ycxA
# Database: B._toyonensis_NZ_CP064875.1.fasta
# 0 hits found
# BLASTN 2.13.0+
# Query: ycxC,ycxB
# Database: B._toyonensis_NZ_CP064875.1.fasta
# 0 hits found
# BLASTN 2.13.0+
# Query: yclE
# Database: B._toyonensis_NZ_CP064875.1.fasta
# 0 hits found
# BLASTN 2.13.0+
# Query: ycnC,ycnB
# Database: B._toyonensis_NZ_CP064875.1.fasta
# 0 hits found
# BLASTN 2.13.0+
# Query: ycnL
# Database: B._toyonensis_NZ_CP064875.1.fasta
# Fields: query acc.ver, subject acc.ver, % identity, alignment length, mismatches, gap opens, q. start, q. end, s. start, s. end, evalue, bit score
# 1 hits found
ycnL	NZ_CP064875.1	100.000	16	0	0	24	39	2500945	2500930	0.068	30.7
# BLASTN 2.13.0+
# Query: ycsD
# Database: B._toyonensis_NZ_CP064875.1.fasta
# 0 hits found
# BLASTN 2.13.0+
# Query: mtlR
# Database: B._toyonensis_NZ_CP064875.1.fasta
# 0 hits found
# BLASTN 2.13.0+
# Query: gsiB
# Database: B._toyonensis_NZ_CP064875.1.fasta
# 0 hits found
# BLASTN 2.13.0+
# Query: phoB,ydhF
# Database: B._toyonensis_NZ_CP064875.1.fasta
# Fields: query acc.ver, subject acc.ver, % identity, alignment length, mismatches, gap opens, q. start, q. end, s. start, s. end, evalue, bit score
# 1 hits found
phoB,ydhF	NZ_CP064875.1	100.000	17	0	0	9	25	781760	781776	0.024	32.5
# BLASTN 2.13.0+
# Query: ydiO,ydiP
# Database: B._toyonensis_NZ_CP064875.1.fasta
# 0 hits found
# BLASTN 2.13.0+
# Query: ydjK
# Database: B._toyonensis_NZ_CP064875.1.fasta
# Fields: query acc.ver, subject acc.ver, % identity, alignment length, mismatches, gap opens, q. start, q. end, s. start, s. end, evalue, bit score
# 1 hits found
ydjK	NZ_CP064875.1	94.737	19	1	0	14	32	3824787	3824805	0.062	30.7
# BLASTN 2.13.0+
# Query: yfnI
# Database: B._toyonensis_NZ_CP064875.1.fasta
# 0 hits found
# BLASTN 2.13.0+
# Query: yfnB
# Database: B._toyonensis_NZ_CP064875.1.fasta
# 0 hits found
# BLASTN 2.13.0+
# Query: yfmT,yfmS
# Database: B._toyonensis_NZ_CP064875.1.fasta
# 0 hits found
# BLASTN 2.13.0+
# Query: yfmM
# Database: B._toyonensis_NZ_CP064875.1.fasta
# 0 hits found
# BLASTN 2.13.0+
# Query: yfmG
# Database: B._toyonensis_NZ_CP064875.1.fasta
# Fields: query acc.ver, subject acc.ver, % identity, alignment length, mismatches, gap opens, q. start, q. end, s. start, s. end, evalue, bit score
# 1 hits found
yfmG	NZ_CP064875.1	83.333	36	5	1	16	51	1523965	1523931	0.028	32.5
# BLASTN 2.13.0+
# Query: citM,yflN
# Database: B._toyonensis_NZ_CP064875.1.fasta
# 0 hits found
# BLASTN 2.13.0+
# Query: treP,treA,treR
# Database: B._toyonensis_NZ_CP064875.1.fasta
# Fields: query acc.ver, subject acc.ver, % identity, alignment length, mismatches, gap opens, q. start, q. end, s. start, s. end, evalue, bit score
# 1 hits found
treP,treA,treR	NZ_CP064875.1	100.000	16	0	0	26	41	357720	357705	0.074	30.7
# BLASTN 2.13.0+
# Query: yfkJ,yfkI,yfkH
# Database: B._toyonensis_NZ_CP064875.1.fasta
# 0 hits found
# BLASTN 2.13.0+
# Query: yfkF
# Database: B._toyonensis_NZ_CP064875.1.fasta
# 0 hits found
# BLASTN 2.13.0+
# Query: yfjS
# Database: B._toyonensis_NZ_CP064875.1.fasta
# 0 hits found
# BLASTN 2.13.0+
# Query: yfjR
# Database: B._toyonensis_NZ_CP064875.1.fasta
# 0 hits found
# BLASTN 2.13.0+
# Query: yfjP,yfjO
# Database: B._toyonensis_NZ_CP064875.1.fasta
# Fields: query acc.ver, subject acc.ver, % identity, alignment length, mismatches, gap opens, q. start, q. end, s. start, s. end, evalue, bit score
# 1 hits found
yfjP,yfjO	NZ_CP064875.1	95.455	22	1	0	11	32	4788493	4788472	0.003	36.2
# BLASTN 2.13.0+
# Query: acoA,acoB,acoC,acoL
# Database: B._toyonensis_NZ_CP064875.1.fasta
# Fields: query acc.ver, subject acc.ver, % identity, alignment length, mismatches, gap opens, q. start, q. end, s. start, s. end, evalue, bit score
# 1 hits found
acoA,acoB,acoC,acoL	NZ_CP064875.1	88.462	26	1	2	21	44	370706	370731	0.086	30.7
# BLASTN 2.13.0+
# Query: malA,yfiA,malP
# Database: B._toyonensis_NZ_CP064875.1.fasta
# 0 hits found
# BLASTN 2.13.0+
# Query: yfiD,yfiE
# Database: B._toyonensis_NZ_CP064875.1.fasta
# 0 hits found
# BLASTN 2.13.0+
# Query: lipB
# Database: B._toyonensis_NZ_CP064875.1.fasta
# 0 hits found
# BLASTN 2.13.0+
# Query: yfiW,yfiX
# Database: B._toyonensis_NZ_CP064875.1.fasta
# Fields: query acc.ver, subject acc.ver, % identity, alignment length, mismatches, gap opens, q. start, q. end, s. start, s. end, evalue, bit score
# 1 hits found
yfiW,yfiX	NZ_CP064875.1	100.000	16	0	0	28	43	822795	822810	0.080	30.7
# BLASTN 2.13.0+
# Query: yfhF,yfhE,yfhD
# Database: B._toyonensis_NZ_CP064875.1.fasta
# 0 hits found
# BLASTN 2.13.0+
# Query: yfhI
# Database: B._toyonensis_NZ_CP064875.1.fasta
# 0 hits found
# BLASTN 2.13.0+
# Query: yfhP
# Database: B._toyonensis_NZ_CP064875.1.fasta
# 0 hits found
# BLASTN 2.13.0+
# Query: yfhS
# Database: B._toyonensis_NZ_CP064875.1.fasta
# 0 hits found
# BLASTN 2.13.0+
# Query: yhdG
# Database: B._toyonensis_NZ_CP064875.1.fasta
# 0 hits found
# BLASTN 2.13.0+
# Query: yhdN,yhdO
# Database: B._toyonensis_NZ_CP064875.1.fasta
# Fields: query acc.ver, subject acc.ver, % identity, alignment length, mismatches, gap opens, q. start, q. end, s. start, s. end, evalue, bit score
# 1 hits found
yhdN,yhdO	NZ_CP064875.1	85.714	35	1	4	2	32	2236833	2236799	0.005	34.4
# BLASTN 2.13.0+
# Query: pbpF
# Database: B._toyonensis_NZ_CP064875.1.fasta
# 0 hits found
# BLASTN 2.13.0+
# Query: med,comZ
# Database: B._toyonensis_NZ_CP064875.1.fasta
# 0 hits found
# BLASTN 2.13.0+
# Query: yjbC,yjbD
# Database: B._toyonensis_NZ_CP064875.1.fasta
# 0 hits found
# BLASTN 2.13.0+
# Query: cotV,cotW,cotX
# Database: B._toyonensis_NZ_CP064875.1.fasta
# Fields: query acc.ver, subject acc.ver, % identity, alignment length, mismatches, gap opens, q. start, q. end, s. start, s. end, evalue, bit score
# 1 hits found
cotV,cotW,cotX	NZ_CP064875.1	82.500	40	6	1	1	40	5036175	5036137	0.005	34.4
# BLASTN 2.13.0+
# Query: yjfB
# Database: B._toyonensis_NZ_CP064875.1.fasta
# 0 hits found
# BLASTN 2.13.0+
# Query: dppA,dppB,dppC,dppD,dppE
# Database: B._toyonensis_NZ_CP064875.1.fasta
# Fields: query acc.ver, subject acc.ver, % identity, alignment length, mismatches, gap opens, q. start, q. end, s. start, s. end, evalue, bit score
# 1 hits found
dppA,dppB,dppC,dppD,dppE	NZ_CP064875.1	100.000	16	0	0	32	47	4081878	4081893	0.089	30.7
# BLASTN 2.13.0+
# Query: ykzB,ykoL
# Database: B._toyonensis_NZ_CP064875.1.fasta
# 0 hits found
# BLASTN 2.13.0+
# Query: motA,motB
# Database: B._toyonensis_NZ_CP064875.1.fasta
# Fields: query acc.ver, subject acc.ver, % identity, alignment length, mismatches, gap opens, q. start, q. end, s. start, s. end, evalue, bit score
# 1 hits found
motA,motB	NZ_CP064875.1	100.000	16	0	0	17	32	1929907	1929892	0.086	30.7
# BLASTN 2.13.0+
# Query: ptsG,ptsH,ptsI
# Database: B._toyonensis_NZ_CP064875.1.fasta
# 0 hits found
# BLASTN 2.13.0+
# Query: kinA
# Database: B._toyonensis_NZ_CP064875.1.fasta
# 0 hits found
# BLASTN 2.13.0+
# Query: sipT
# Database: B._toyonensis_NZ_CP064875.1.fasta
# Fields: query acc.ver, subject acc.ver, % identity, alignment length, mismatches, gap opens, q. start, q. end, s. start, s. end, evalue, bit score
# 1 hits found
sipT	NZ_CP064875.1	95.000	20	1	0	28	47	1873053	1873072	0.024	32.5
# BLASTN 2.13.0+
# Query: ctaA
# Database: B._toyonensis_NZ_CP064875.1.fasta
# 0 hits found
# BLASTN 2.13.0+
# Query: spoIIGA,sigE,sigG
# Database: B._toyonensis_NZ_CP064875.1.fasta
# Fields: query acc.ver, subject acc.ver, % identity, alignment length, mismatches, gap opens, q. start, q. end, s. start, s. end, evalue, bit score
# 1 hits found
spoIIGA,sigE,sigG	NZ_CP064875.1	85.714	28	4	0	19	46	2525339	2525312	0.089	30.7
# BLASTN 2.13.0+
# Query: cysH,cysP,sat,cysC,ylnD,ylnE,ylnF
# Database: B._toyonensis_NZ_CP064875.1.fasta
# 0 hits found
# BLASTN 2.13.0+
# Query: ylqB
# Database: B._toyonensis_NZ_CP064875.1.fasta
# 0 hits found
# BLASTN 2.13.0+
# Query: yneA,yneB,ynzC
# Database: B._toyonensis_NZ_CP064875.1.fasta
# 0 hits found
# BLASTN 2.13.0+
# Query: alsT
# Database: B._toyonensis_NZ_CP064875.1.fasta
# Fields: query acc.ver, subject acc.ver, % identity, alignment length, mismatches, gap opens, q. start, q. end, s. start, s. end, evalue, bit score
# 1 hits found
alsT	NZ_CP064875.1	84.211	38	5	1	3	40	2731592	2731628	0.002	36.2
# BLASTN 2.13.0+
# Query: gltA,gltB
# Database: B._toyonensis_NZ_CP064875.1.fasta
# Fields: query acc.ver, subject acc.ver, % identity, alignment length, mismatches, gap opens, q. start, q. end, s. start, s. end, evalue, bit score
# 1 hits found
gltA,gltB	NZ_CP064875.1	95.000	20	1	0	21	40	4601256	4601237	0.019	32.5
# BLASTN 2.13.0+
# Query: yoaN
# Database: B._toyonensis_NZ_CP064875.1.fasta
# 0 hits found
# BLASTN 2.13.0+
# Query: xynA
# Database: B._toyonensis_NZ_CP064875.1.fasta
# 0 hits found
# BLASTN 2.13.0+
# Query: des
# Database: B._toyonensis_NZ_CP064875.1.fasta
# Fields: query acc.ver, subject acc.ver, % identity, alignment length, mismatches, gap opens, q. start, q. end, s. start, s. end, evalue, bit score
# 1 hits found
des	NZ_CP064875.1	82.500	40	4	3	3	40	3327769	3327731	0.027	32.5
# BLASTN 2.13.0+
# Query: yocK
# Database: B._toyonensis_NZ_CP064875.1.fasta
# Fields: query acc.ver, subject acc.ver, % identity, alignment length, mismatches, gap opens, q. start, q. end, s. start, s. end, evalue, bit score
# 1 hits found
yocK	NZ_CP064875.1	94.737	19	1	0	31	49	1479483	1479465	0.092	30.7
# BLASTN 2.13.0+
# Query: sspC
# Database: B._toyonensis_NZ_CP064875.1.fasta
# Fields: query acc.ver, subject acc.ver, % identity, alignment length, mismatches, gap opens, q. start, q. end, s. start, s. end, evalue, bit score
# 1 hits found
sspC	NZ_CP064875.1	88.235	34	2	2	6	39	3007801	3007770	1.18e-04	39.9
# BLASTN 2.13.0+
# Query: ilvD
# Database: B._toyonensis_NZ_CP064875.1.fasta
# 0 hits found
# BLASTN 2.13.0+
# Query: cotD
# Database: B._toyonensis_NZ_CP064875.1.fasta
# 0 hits found
# BLASTN 2.13.0+
# Query: ypjB
# Database: B._toyonensis_NZ_CP064875.1.fasta
# Fields: query acc.ver, subject acc.ver, % identity, alignment length, mismatches, gap opens, q. start, q. end, s. start, s. end, evalue, bit score
# 1 hits found
ypjB	NZ_CP064875.1	100.000	17	0	0	19	35	1502385	1502369	0.016	32.5
# BLASTN 2.13.0+
# Query: trpE,trpD,trpC,trpF,trpB,trpA,hisC,tyrA,aroE
# Database: B._toyonensis_NZ_CP064875.1.fasta
# Fields: query acc.ver, subject acc.ver, % identity, alignment length, mismatches, gap opens, q. start, q. end, s. start, s. end, evalue, bit score
# 1 hits found
trpE,trpD,trpC,trpF,trpB,trpA,hisC,tyrA,aroE	NZ_CP064875.1	92.000	25	0	1	13	35	2038968	2038944	0.005	34.4
# BLASTN 2.13.0+
# Query: sigX,rsiX
# Database: B._toyonensis_NZ_CP064875.1.fasta
# Fields: query acc.ver, subject acc.ver, % identity, alignment length, mismatches, gap opens, q. start, q. end, s. start, s. end, evalue, bit score
# 1 hits found
sigX,rsiX	NZ_CP064875.1	88.462	26	3	0	1	26	2122623	2122598	0.015	32.5
# BLASTN 2.13.0+
# Query: ypuD
# Database: B._toyonensis_NZ_CP064875.1.fasta
# 0 hits found
# BLASTN 2.13.0+
# Query: drm,punA
# Database: B._toyonensis_NZ_CP064875.1.fasta
# Fields: query acc.ver, subject acc.ver, % identity, alignment length, mismatches, gap opens, q. start, q. end, s. start, s. end, evalue, bit score
# 1 hits found
drm,punA	NZ_CP064875.1	100.000	16	0	0	34	49	3987609	3987594	0.095	30.7
# BLASTN 2.13.0+
# Query: yqjP,yqjQ,dsdA,coaA,yqjT
# Database: B._toyonensis_NZ_CP064875.1.fasta
# 0 hits found
# BLASTN 2.13.0+
# Query: yqjH,yqjI
# Database: B._toyonensis_NZ_CP064875.1.fasta
# 0 hits found
# BLASTN 2.13.0+
# Query: yqiW
# Database: B._toyonensis_NZ_CP064875.1.fasta
# Fields: query acc.ver, subject acc.ver, % identity, alignment length, mismatches, gap opens, q. start, q. end, s. start, s. end, evalue, bit score
# 1 hits found
yqiW	NZ_CP064875.1	100.000	16	0	0	28	43	2167808	2167823	0.080	30.7
# BLASTN 2.13.0+
# Query: spo0A
# Database: B._toyonensis_NZ_CP064875.1.fasta
# 0 hits found
# BLASTN 2.13.0+
# Query: gcvT,gcvPA,gcvPB
# Database: B._toyonensis_NZ_CP064875.1.fasta
# 0 hits found
# BLASTN 2.13.0+
# Query: yqxD,dnaG,sigA
# Database: B._toyonensis_NZ_CP064875.1.fasta
# Fields: query acc.ver, subject acc.ver, % identity, alignment length, mismatches, gap opens, q. start, q. end, s. start, s. end, evalue, bit score
# 1 hits found
yqxD,dnaG,sigA	NZ_CP064875.1	88.889	27	2	1	20	46	4598541	4598566	0.024	32.5
# BLASTN 2.13.0+
# Query: comER
# Database: B._toyonensis_NZ_CP064875.1.fasta
# 0 hits found
# BLASTN 2.13.0+
# Query: azlB,azlC,azlD,brnQ,yrdK
# Database: B._toyonensis_NZ_CP064875.1.fasta
# Fields: query acc.ver, subject acc.ver, % identity, alignment length, mismatches, gap opens, q. start, q. end, s. start, s. end, evalue, bit score
# 1 hits found
azlB,azlC,azlD,brnQ,yrdK	NZ_CP064875.1	80.488	41	6	2	1	41	3988088	3988126	0.077	30.7
# BLASTN 2.13.0+
# Query: glnQ,glnH,glnM,glnP
# Database: B._toyonensis_NZ_CP064875.1.fasta
# Fields: query acc.ver, subject acc.ver, % identity, alignment length, mismatches, gap opens, q. start, q. end, s. start, s. end, evalue, bit score
# 1 hits found
glnQ,glnH,glnM,glnP	NZ_CP064875.1	100.000	16	0	0	20	35	1894694	1894679	0.074	30.7
# BLASTN 2.13.0+
# Query: yrbD
# Database: B._toyonensis_NZ_CP064875.1.fasta
# 0 hits found
# BLASTN 2.13.0+
# Query: spoIVFA,spoIVFB
# Database: B._toyonensis_NZ_CP064875.1.fasta
# 0 hits found
# BLASTN 2.13.0+
# Query: comC
# Database: B._toyonensis_NZ_CP064875.1.fasta
# Fields: query acc.ver, subject acc.ver, % identity, alignment length, mismatches, gap opens, q. start, q. end, s. start, s. end, evalue, bit score
# 1 hits found
comC	NZ_CP064875.1	91.304	23	1	1	15	37	2123637	2123658	0.080	30.7
# BLASTN 2.13.0+
# Query: hemA,hemX,hemC,hemD,hemB,hemL
# Database: B._toyonensis_NZ_CP064875.1.fasta
# 0 hits found
# BLASTN 2.13.0+
# Query: ilvB,ilvH,ilvC,leuA,leuB,leuC,leuD
# Database: B._toyonensis_NZ_CP064875.1.fasta
# 0 hits found
# BLASTN 2.13.0+
# Query: araA,araB,araD,araL,araM,araN,araP,araQ,abfA
# Database: B._toyonensis_NZ_CP064875.1.fasta
# 0 hits found
# BLASTN 2.13.0+
# Query: gapB,speD
# Database: B._toyonensis_NZ_CP064875.1.fasta
# Fields: query acc.ver, subject acc.ver, % identity, alignment length, mismatches, gap opens, q. start, q. end, s. start, s. end, evalue, bit score
# 1 hits found
gapB,speD	NZ_CP064875.1	95.000	20	1	0	45	64	1939458	1939477	0.040	32.5
# BLASTN 2.13.0+
# Query: pfkA,pyk,ytzA
# Database: B._toyonensis_NZ_CP064875.1.fasta
# Fields: query acc.ver, subject acc.ver, % identity, alignment length, mismatches, gap opens, q. start, q. end, s. start, s. end, evalue, bit score
# 1 hits found
pfkA,pyk,ytzA	NZ_CP064875.1	100.000	16	0	0	25	40	2794382	2794397	0.083	30.7
# BLASTN 2.13.0+
# Query: bioW,bioA,bioF,bioD,bioB,bioI,ytbQ
# Database: B._toyonensis_NZ_CP064875.1.fasta
# Fields: query acc.ver, subject acc.ver, % identity, alignment length, mismatches, gap opens, q. start, q. end, s. start, s. end, evalue, bit score
# 1 hits found
bioW,bioA,bioF,bioD,bioB,bioI,ytbQ	NZ_CP064875.1	100.000	16	0	0	31	46	1540503	1540518	0.092	30.7
# BLASTN 2.13.0+
# Query: asnB,ytnA
# Database: B._toyonensis_NZ_CP064875.1.fasta
# 0 hits found
# BLASTN 2.13.0+
# Query: luxS
# Database: B._toyonensis_NZ_CP064875.1.fasta
# Fields: query acc.ver, subject acc.ver, % identity, alignment length, mismatches, gap opens, q. start, q. end, s. start, s. end, evalue, bit score
# 1 hits found
luxS	NZ_CP064875.1	86.667	30	2	2	15	43	1019016	1019044	0.025	32.5
# BLASTN 2.13.0+
# Query: pgi,yugM,yugN
# Database: B._toyonensis_NZ_CP064875.1.fasta
# Fields: query acc.ver, subject acc.ver, % identity, alignment length, mismatches, gap opens, q. start, q. end, s. start, s. end, evalue, bit score
# 1 hits found
pgi,yugM,yugN	NZ_CP064875.1	94.737	19	1	0	2	20	1831631	1831649	0.080	30.7
# BLASTN 2.13.0+
# Query: comA,yuxO
# Database: B._toyonensis_NZ_CP064875.1.fasta
# Fields: query acc.ver, subject acc.ver, % identity, alignment length, mismatches, gap opens, q. start, q. end, s. start, s. end, evalue, bit score
# 1 hits found
comA,yuxO	NZ_CP064875.1	100.000	16	0	0	1	16	1363788	1363803	0.086	30.7
# BLASTN 2.13.0+
# Query: yuxH
# Database: B._toyonensis_NZ_CP064875.1.fasta
# Fields: query acc.ver, subject acc.ver, % identity, alignment length, mismatches, gap opens, q. start, q. end, s. start, s. end, evalue, bit score
# 1 hits found
yuxH	NZ_CP064875.1	100.000	17	0	0	28	44	1942419	1942435	0.022	32.5
# BLASTN 2.13.0+
# Query: pucR,pucJ,pucK,pucL,pucM
# Database: B._toyonensis_NZ_CP064875.1.fasta
# 0 hits found
# BLASTN 2.13.0+
# Query: yurR,yurQ,yurP,yurO,yurN,yurM,yurL
# Database: B._toyonensis_NZ_CP064875.1.fasta
# 0 hits found
# BLASTN 2.13.0+
# Query: cggR,gapA,pgk,tpiA,pgm,eno
# Database: B._toyonensis_NZ_CP064875.1.fasta
# Fields: query acc.ver, subject acc.ver, % identity, alignment length, mismatches, gap opens, q. start, q. end, s. start, s. end, evalue, bit score
# 1 hits found
cggR,gapA,pgk,tpiA,pgm,eno	NZ_CP064875.1	100.000	16	0	0	26	41	2048411	2048396	0.080	30.7
# BLASTN 2.13.0+
# Query: araR
# Database: B._toyonensis_NZ_CP064875.1.fasta
# 0 hits found
# BLASTN 2.13.0+
# Query: pbpE,racX
# Database: B._toyonensis_NZ_CP064875.1.fasta
# 0 hits found
# BLASTN 2.13.0+
# Query: clpP
# Database: B._toyonensis_NZ_CP064875.1.fasta
# 0 hits found
# BLASTN 2.13.0+
# Query: csbA
# Database: B._toyonensis_NZ_CP064875.1.fasta
# Fields: query acc.ver, subject acc.ver, % identity, alignment length, mismatches, gap opens, q. start, q. end, s. start, s. end, evalue, bit score
# 1 hits found
csbA	NZ_CP064875.1	95.238	21	0	1	1	21	1434285	1434304	0.022	32.5
# BLASTN 2.13.0+
# Query: hag
# Database: B._toyonensis_NZ_CP064875.1.fasta
# 0 hits found
# BLASTN 2.13.0+
# Query: lytA,lytB,lytC
# Database: B._toyonensis_NZ_CP064875.1.fasta
# Fields: query acc.ver, subject acc.ver, % identity, alignment length, mismatches, gap opens, q. start, q. end, s. start, s. end, evalue, bit score
# 1 hits found
lytA,lytB,lytC	NZ_CP064875.1	87.179	39	3	2	3	41	4936225	4936261	1.15e-05	43.6
# BLASTN 2.13.0+
# Query: mbl,flhO,flhP
# Database: B._toyonensis_NZ_CP064875.1.fasta
# 0 hits found
# BLASTN 2.13.0+
# Query: ureA,ureB,ureC
# Database: B._toyonensis_NZ_CP064875.1.fasta
# 0 hits found
# BLASTN 2.13.0+
# Query: ywlF,ywlG
# Database: B._toyonensis_NZ_CP064875.1.fasta
# Fields: query acc.ver, subject acc.ver, % identity, alignment length, mismatches, gap opens, q. start, q. end, s. start, s. end, evalue, bit score
# 1 hits found
ywlF,ywlG	NZ_CP064875.1	91.667	24	2	0	11	34	1935727	1935704	0.004	34.4
# BLASTN 2.13.0+
# Query: yweA
# Database: B._toyonensis_NZ_CP064875.1.fasta
# Fields: query acc.ver, subject acc.ver, % identity, alignment length, mismatches, gap opens, q. start, q. end, s. start, s. end, evalue, bit score
# 1 hits found
yweA	NZ_CP064875.1	100.000	17	0	0	22	38	484122	484138	0.021	32.5
# BLASTN 2.13.0+
# Query: sacX,sacY
# Database: B._toyonensis_NZ_CP064875.1.fasta
# Fields: query acc.ver, subject acc.ver, % identity, alignment length, mismatches, gap opens, q. start, q. end, s. start, s. end, evalue, bit score
# 1 hits found
sacX,sacY	NZ_CP064875.1	95.000	20	0	1	3	21	2285850	2285831	0.077	30.7
# BLASTN 2.13.0+
# Query: gspA
# Database: B._toyonensis_NZ_CP064875.1.fasta
# Fields: query acc.ver, subject acc.ver, % identity, alignment length, mismatches, gap opens, q. start, q. end, s. start, s. end, evalue, bit score
# 1 hits found
gspA	NZ_CP064875.1	95.000	20	0	1	13	31	2285831	2285850	0.077	30.7
# BLASTN 2.13.0+
# Query: sigY,yxlC,yxlD,yxlE,yxlF,yxlG
# Database: B._toyonensis_NZ_CP064875.1.fasta
# 0 hits found
# BLASTN 2.13.0+
# Query: yxkJ
# Database: B._toyonensis_NZ_CP064875.1.fasta
# Fields: query acc.ver, subject acc.ver, % identity, alignment length, mismatches, gap opens, q. start, q. end, s. start, s. end, evalue, bit score
# 1 hits found
yxkJ	NZ_CP064875.1	90.909	22	2	0	24	45	240118	240097	0.095	30.7
# BLASTN 2.13.0+
# Query: yxjC,scoA,scoB,yxjF
# Database: B._toyonensis_NZ_CP064875.1.fasta
# 0 hits found
# BLASTN 2.13.0+
# Query: yxjA
# Database: B._toyonensis_NZ_CP064875.1.fasta
# Fields: query acc.ver, subject acc.ver, % identity, alignment length, mismatches, gap opens, q. start, q. end, s. start, s. end, evalue, bit score
# 1 hits found
yxjA	NZ_CP064875.1	95.455	22	1	0	27	48	1141335	1141314	0.002	36.2
# BLASTN 2.13.0+
# Query: yxiT
# Database: B._toyonensis_NZ_CP064875.1.fasta
# 0 hits found
# BLASTN 2.13.0+
# Query: wapA,yxxG
# Database: B._toyonensis_NZ_CP064875.1.fasta
# 0 hits found
# BLASTN 2.13.0+
# Query: yxeF,yxeG,yxeH
# Database: B._toyonensis_NZ_CP064875.1.fasta
# Fields: query acc.ver, subject acc.ver, % identity, alignment length, mismatches, gap opens, q. start, q. end, s. start, s. end, evalue, bit score
# 1 hits found
yxeF,yxeG,yxeH	NZ_CP064875.1	95.238	21	0	1	23	43	2653785	2653766	0.022	32.5
# BLASTN 2.13.0+
# Query: yxdJ,yxdK
# Database: B._toyonensis_NZ_CP064875.1.fasta
# 0 hits found
# BLASTN 2.13.0+
# Query: yxbB,yxbA,yxnB,asnH,yxaM
# Database: B._toyonensis_NZ_CP064875.1.fasta
# 0 hits found
# BLASTN 2.13.0+
# Query: yxaA,yxaB
# Database: B._toyonensis_NZ_CP064875.1.fasta
# Fields: query acc.ver, subject acc.ver, % identity, alignment length, mismatches, gap opens, q. start, q. end, s. start, s. end, evalue, bit score
# 1 hits found
yxaA,yxaB	NZ_CP064875.1	90.909	22	2	0	20	41	1947062	1947041	0.077	30.7
# BLASTN 2.13.0+
# Query: ahpC,ahpF
# Database: B._toyonensis_NZ_CP064875.1.fasta
# 0 hits found
# BLASTN 2.13.0+
# Query: yydF,yydG,yydH,yydI,yydJ
# Database: B._toyonensis_NZ_CP064875.1.fasta
# 0 hits found
# BLASTN 2.13.0+
# Query: yycN
# Database: B._toyonensis_NZ_CP064875.1.fasta
# 0 hits found
# BLASTN 2.13.0+
# Query: yycF,yycG,yycH,yycI,yycJ,yyxA
# Database: B._toyonensis_NZ_CP064875.1.fasta
# Fields: query acc.ver, subject acc.ver, % identity, alignment length, mismatches, gap opens, q. start, q. end, s. start, s. end, evalue, bit score
# 1 hits found
yycF,yycG,yycH,yycI,yycJ,yyxA	NZ_CP064875.1	95.000	20	0	1	26	44	1222430	1222449	0.080	30.7
# BLASTN 2.13.0+
# Query: yycC,yycB
# Database: B._toyonensis_NZ_CP064875.1.fasta
# Fields: query acc.ver, subject acc.ver, % identity, alignment length, mismatches, gap opens, q. start, q. end, s. start, s. end, evalue, bit score
# 1 hits found
yycC,yycB	NZ_CP064875.1	94.737	19	1	0	10	28	857404	857386	0.065	30.7
# BLASTN 2.13.0+
# Query: yybH,yybI
# Database: B._toyonensis_NZ_CP064875.1.fasta
# Fields: query acc.ver, subject acc.ver, % identity, alignment length, mismatches, gap opens, q. start, q. end, s. start, s. end, evalue, bit score
# 1 hits found
yybH,yybI	NZ_CP064875.1	94.737	19	1	0	12	30	2538983	2538965	0.074	30.7
# BLASTN 2.13.0+
# Query: yyaO
# Database: B._toyonensis_NZ_CP064875.1.fasta
# 0 hits found
# BLASTN 2.13.0+
# Query: thdF,gidA,gidB,yyaA
# Database: B._toyonensis_NZ_CP064875.1.fasta
# Fields: query acc.ver, subject acc.ver, % identity, alignment length, mismatches, gap opens, q. start, q. end, s. start, s. end, evalue, bit score
# 1 hits found
thdF,gidA,gidB,yyaA	NZ_CP064875.1	94.737	19	1	0	23	41	704782	704764	0.077	30.7
# BLAST processed 138 queries
