# BLASTN 2.13.0+
# Query: dnaA,dnaN
# Database: B._wiedmannii_NZ_CP032365.1.fasta
# Fields: query acc.ver, subject acc.ver, % identity, alignment length, mismatches, gap opens, q. start, q. end, s. start, s. end, evalue, bit score
# 1 hits found
dnaA,dnaN	NZ_CP032365.1	94.737	19	1	0	21	39	3980464	3980446	0.070	30.7
# BLASTN 2.13.0+
# Query: rrnO-16S,trnO-Ile,trnO-Ala,rrnO-23S,rrnO-5S
# Database: B._wiedmannii_NZ_CP032365.1.fasta
# Fields: query acc.ver, subject acc.ver, % identity, alignment length, mismatches, gap opens, q. start, q. end, s. start, s. end, evalue, bit score
# 1 hits found
rrnO-16S,trnO-Ile,trnO-Ala,rrnO-23S,rrnO-5S	NZ_CP032365.1	100.000	16	0	0	21	36	125963	125978	0.067	30.7
# BLASTN 2.13.0+
# Query: yaaD,yaaE
# Database: B._wiedmannii_NZ_CP032365.1.fasta
# Fields: query acc.ver, subject acc.ver, % identity, alignment length, mismatches, gap opens, q. start, q. end, s. start, s. end, evalue, bit score
# 1 hits found
yaaD,yaaE	NZ_CP032365.1	86.000	50	3	4	1	47	3295156	3295108	8.10e-08	51.0
# BLASTN 2.13.0+
# Query: metS
# Database: B._wiedmannii_NZ_CP032365.1.fasta
# Fields: query acc.ver, subject acc.ver, % identity, alignment length, mismatches, gap opens, q. start, q. end, s. start, s. end, evalue, bit score
# 1 hits found
metS	NZ_CP032365.1	91.667	24	0	2	2	23	43230	43253	0.029	32.5
# BLASTN 2.13.0+
# Query: veg
# Database: B._wiedmannii_NZ_CP032365.1.fasta
# Fields: query acc.ver, subject acc.ver, % identity, alignment length, mismatches, gap opens, q. start, q. end, s. start, s. end, evalue, bit score
# 1 hits found
veg	NZ_CP032365.1	100.000	18	0	0	21	38	2914638	2914655	0.006	34.4
# BLASTN 2.13.0+
# Query: spoVG
# Database: B._wiedmannii_NZ_CP032365.1.fasta
# 0 hits found
# BLASTN 2.13.0+
# Query: yabM,yabN,yabO,yabP,yabQ,divIC,yabR
# Database: B._wiedmannii_NZ_CP032365.1.fasta
# Fields: query acc.ver, subject acc.ver, % identity, alignment length, mismatches, gap opens, q. start, q. end, s. start, s. end, evalue, bit score
# 1 hits found
yabM,yabN,yabO,yabP,yabQ,divIC,yabR	NZ_CP032365.1	100.000	16	0	0	25	40	990663	990678	0.080	30.7
# BLASTN 2.13.0+
# Query: ybaK,cwlD
# Database: B._wiedmannii_NZ_CP032365.1.fasta
# 0 hits found
# BLASTN 2.13.0+
# Query: adaA,adaB
# Database: B._wiedmannii_NZ_CP032365.1.fasta
# Fields: query acc.ver, subject acc.ver, % identity, alignment length, mismatches, gap opens, q. start, q. end, s. start, s. end, evalue, bit score
# 1 hits found
adaA,adaB	NZ_CP032365.1	79.012	81	16	1	1	80	3056825	3056745	1.14e-08	54.7
# BLASTN 2.13.0+
# Query: ybdO
# Database: B._wiedmannii_NZ_CP032365.1.fasta
# 0 hits found
# BLASTN 2.13.0+
# Query: glpT,glpQ
# Database: B._wiedmannii_NZ_CP032365.1.fasta
# 0 hits found
# BLASTN 2.13.0+
# Query: ybgE
# Database: B._wiedmannii_NZ_CP032365.1.fasta
# Fields: query acc.ver, subject acc.ver, % identity, alignment length, mismatches, gap opens, q. start, q. end, s. start, s. end, evalue, bit score
# 1 hits found
ybgE	NZ_CP032365.1	88.235	34	1	2	2	32	3495099	3495066	4.58e-04	38.1
# BLASTN 2.13.0+
# Query: cwlJ
# Database: B._wiedmannii_NZ_CP032365.1.fasta
# Fields: query acc.ver, subject acc.ver, % identity, alignment length, mismatches, gap opens, q. start, q. end, s. start, s. end, evalue, bit score
# 1 hits found
cwlJ	NZ_CP032365.1	89.655	29	2	1	8	36	3960714	3960687	0.002	36.2
# BLASTN 2.13.0+
# Query: natA,natB
# Database: B._wiedmannii_NZ_CP032365.1.fasta
# Fields: query acc.ver, subject acc.ver, % identity, alignment length, mismatches, gap opens, q. start, q. end, s. start, s. end, evalue, bit score
# 1 hits found
natA,natB	NZ_CP032365.1	100.000	16	0	0	4	19	770777	770792	0.067	30.7
# BLASTN 2.13.0+
# Query: ldh,lctP
# Database: B._wiedmannii_NZ_CP032365.1.fasta
# Fields: query acc.ver, subject acc.ver, % identity, alignment length, mismatches, gap opens, q. start, q. end, s. start, s. end, evalue, bit score
# 1 hits found
ldh,lctP	NZ_CP032365.1	100.000	16	0	0	30	45	1284340	1284355	0.083	30.7
# BLASTN 2.13.0+
# Query: mdr
# Database: B._wiedmannii_NZ_CP032365.1.fasta
# 0 hits found
# BLASTN 2.13.0+
# Query: nasB,nasC,nasD,nasE,nasF
# Database: B._wiedmannii_NZ_CP032365.1.fasta
# 0 hits found
# BLASTN 2.13.0+
# Query: yckE
# Database: B._wiedmannii_NZ_CP032365.1.fasta
# 0 hits found
# BLASTN 2.13.0+
# Query: ycxA
# Database: B._wiedmannii_NZ_CP032365.1.fasta
# 0 hits found
# BLASTN 2.13.0+
# Query: ycxC,ycxB
# Database: B._wiedmannii_NZ_CP032365.1.fasta
# 0 hits found
# BLASTN 2.13.0+
# Query: yclE
# Database: B._wiedmannii_NZ_CP032365.1.fasta
# 0 hits found
# BLASTN 2.13.0+
# Query: ycnC,ycnB
# Database: B._wiedmannii_NZ_CP032365.1.fasta
# 0 hits found
# BLASTN 2.13.0+
# Query: ycnL
# Database: B._wiedmannii_NZ_CP032365.1.fasta
# 0 hits found
# BLASTN 2.13.0+
# Query: ycsD
# Database: B._wiedmannii_NZ_CP032365.1.fasta
# Fields: query acc.ver, subject acc.ver, % identity, alignment length, mismatches, gap opens, q. start, q. end, s. start, s. end, evalue, bit score
# 1 hits found
ycsD	NZ_CP032365.1	95.000	20	1	0	19	38	1197671	1197652	0.028	32.5
# BLASTN 2.13.0+
# Query: mtlR
# Database: B._wiedmannii_NZ_CP032365.1.fasta
# 0 hits found
# BLASTN 2.13.0+
# Query: gsiB
# Database: B._wiedmannii_NZ_CP032365.1.fasta
# 0 hits found
# BLASTN 2.13.0+
# Query: phoB,ydhF
# Database: B._wiedmannii_NZ_CP032365.1.fasta
# 0 hits found
# BLASTN 2.13.0+
# Query: ydiO,ydiP
# Database: B._wiedmannii_NZ_CP032365.1.fasta
# 0 hits found
# BLASTN 2.13.0+
# Query: ydjK
# Database: B._wiedmannii_NZ_CP032365.1.fasta
# 0 hits found
# BLASTN 2.13.0+
# Query: yfnI
# Database: B._wiedmannii_NZ_CP032365.1.fasta
# 0 hits found
# BLASTN 2.13.0+
# Query: yfnB
# Database: B._wiedmannii_NZ_CP032365.1.fasta
# 0 hits found
# BLASTN 2.13.0+
# Query: yfmT,yfmS
# Database: B._wiedmannii_NZ_CP032365.1.fasta
# 0 hits found
# BLASTN 2.13.0+
# Query: yfmM
# Database: B._wiedmannii_NZ_CP032365.1.fasta
# Fields: query acc.ver, subject acc.ver, % identity, alignment length, mismatches, gap opens, q. start, q. end, s. start, s. end, evalue, bit score
# 1 hits found
yfmM	NZ_CP032365.1	100.000	16	0	0	1	16	658527	658512	0.070	30.7
# BLASTN 2.13.0+
# Query: yfmG
# Database: B._wiedmannii_NZ_CP032365.1.fasta
# Fields: query acc.ver, subject acc.ver, % identity, alignment length, mismatches, gap opens, q. start, q. end, s. start, s. end, evalue, bit score
# 1 hits found
yfmG	NZ_CP032365.1	88.889	27	2	1	6	32	3544568	3544543	0.029	32.5
# BLASTN 2.13.0+
# Query: citM,yflN
# Database: B._wiedmannii_NZ_CP032365.1.fasta
# 0 hits found
# BLASTN 2.13.0+
# Query: treP,treA,treR
# Database: B._wiedmannii_NZ_CP032365.1.fasta
# Fields: query acc.ver, subject acc.ver, % identity, alignment length, mismatches, gap opens, q. start, q. end, s. start, s. end, evalue, bit score
# 1 hits found
treP,treA,treR	NZ_CP032365.1	100.000	16	0	0	26	41	358559	358544	0.077	30.7
# BLASTN 2.13.0+
# Query: yfkJ,yfkI,yfkH
# Database: B._wiedmannii_NZ_CP032365.1.fasta
# 0 hits found
# BLASTN 2.13.0+
# Query: yfkF
# Database: B._wiedmannii_NZ_CP032365.1.fasta
# 0 hits found
# BLASTN 2.13.0+
# Query: yfjS
# Database: B._wiedmannii_NZ_CP032365.1.fasta
# Fields: query acc.ver, subject acc.ver, % identity, alignment length, mismatches, gap opens, q. start, q. end, s. start, s. end, evalue, bit score
# 1 hits found
yfjS	NZ_CP032365.1	95.000	20	0	1	23	41	2823474	2823493	0.074	30.7
# BLASTN 2.13.0+
# Query: yfjR
# Database: B._wiedmannii_NZ_CP032365.1.fasta
# Fields: query acc.ver, subject acc.ver, % identity, alignment length, mismatches, gap opens, q. start, q. end, s. start, s. end, evalue, bit score
# 1 hits found
yfjR	NZ_CP032365.1	94.737	19	1	0	24	42	3084815	3084833	0.080	30.7
# BLASTN 2.13.0+
# Query: yfjP,yfjO
# Database: B._wiedmannii_NZ_CP032365.1.fasta
# Fields: query acc.ver, subject acc.ver, % identity, alignment length, mismatches, gap opens, q. start, q. end, s. start, s. end, evalue, bit score
# 1 hits found
yfjP,yfjO	NZ_CP032365.1	95.000	20	1	0	13	32	4992079	4992060	0.038	32.5
# BLASTN 2.13.0+
# Query: acoA,acoB,acoC,acoL
# Database: B._wiedmannii_NZ_CP032365.1.fasta
# Fields: query acc.ver, subject acc.ver, % identity, alignment length, mismatches, gap opens, q. start, q. end, s. start, s. end, evalue, bit score
# 1 hits found
acoA,acoB,acoC,acoL	NZ_CP032365.1	94.737	19	1	0	22	40	369226	369208	0.090	30.7
# BLASTN 2.13.0+
# Query: malA,yfiA,malP
# Database: B._wiedmannii_NZ_CP032365.1.fasta
# 0 hits found
# BLASTN 2.13.0+
# Query: yfiD,yfiE
# Database: B._wiedmannii_NZ_CP032365.1.fasta
# 0 hits found
# BLASTN 2.13.0+
# Query: lipB
# Database: B._wiedmannii_NZ_CP032365.1.fasta
# 0 hits found
# BLASTN 2.13.0+
# Query: yfiW,yfiX
# Database: B._wiedmannii_NZ_CP032365.1.fasta
# Fields: query acc.ver, subject acc.ver, % identity, alignment length, mismatches, gap opens, q. start, q. end, s. start, s. end, evalue, bit score
# 1 hits found
yfiW,yfiX	NZ_CP032365.1	100.000	17	0	0	28	44	5144026	5144010	0.022	32.5
# BLASTN 2.13.0+
# Query: yfhF,yfhE,yfhD
# Database: B._wiedmannii_NZ_CP032365.1.fasta
# 0 hits found
# BLASTN 2.13.0+
# Query: yfhI
# Database: B._wiedmannii_NZ_CP032365.1.fasta
# Fields: query acc.ver, subject acc.ver, % identity, alignment length, mismatches, gap opens, q. start, q. end, s. start, s. end, evalue, bit score
# 1 hits found
yfhI	NZ_CP032365.1	90.909	22	2	0	1	22	3525291	3525270	0.074	30.7
# BLASTN 2.13.0+
# Query: yfhP
# Database: B._wiedmannii_NZ_CP032365.1.fasta
# 0 hits found
# BLASTN 2.13.0+
# Query: yfhS
# Database: B._wiedmannii_NZ_CP032365.1.fasta
# 0 hits found
# BLASTN 2.13.0+
# Query: yhdG
# Database: B._wiedmannii_NZ_CP032365.1.fasta
# 0 hits found
# BLASTN 2.13.0+
# Query: yhdN,yhdO
# Database: B._wiedmannii_NZ_CP032365.1.fasta
# Fields: query acc.ver, subject acc.ver, % identity, alignment length, mismatches, gap opens, q. start, q. end, s. start, s. end, evalue, bit score
# 1 hits found
yhdN,yhdO	NZ_CP032365.1	89.655	29	1	2	4	32	3622132	3622106	0.001	36.2
# BLASTN 2.13.0+
# Query: pbpF
# Database: B._wiedmannii_NZ_CP032365.1.fasta
# 0 hits found
# BLASTN 2.13.0+
# Query: med,comZ
# Database: B._wiedmannii_NZ_CP032365.1.fasta
# Fields: query acc.ver, subject acc.ver, % identity, alignment length, mismatches, gap opens, q. start, q. end, s. start, s. end, evalue, bit score
# 1 hits found
med,comZ	NZ_CP032365.1	100.000	16	0	0	7	22	3072839	3072854	0.070	30.7
# BLASTN 2.13.0+
# Query: yjbC,yjbD
# Database: B._wiedmannii_NZ_CP032365.1.fasta
# 0 hits found
# BLASTN 2.13.0+
# Query: cotV,cotW,cotX
# Database: B._wiedmannii_NZ_CP032365.1.fasta
# Fields: query acc.ver, subject acc.ver, % identity, alignment length, mismatches, gap opens, q. start, q. end, s. start, s. end, evalue, bit score
# 1 hits found
cotV,cotW,cotX	NZ_CP032365.1	87.500	32	3	1	1	31	566701	566732	0.002	36.2
# BLASTN 2.13.0+
# Query: yjfB
# Database: B._wiedmannii_NZ_CP032365.1.fasta
# 0 hits found
# BLASTN 2.13.0+
# Query: dppA,dppB,dppC,dppD,dppE
# Database: B._wiedmannii_NZ_CP032365.1.fasta
# 0 hits found
# BLASTN 2.13.0+
# Query: ykzB,ykoL
# Database: B._wiedmannii_NZ_CP032365.1.fasta
# Fields: query acc.ver, subject acc.ver, % identity, alignment length, mismatches, gap opens, q. start, q. end, s. start, s. end, evalue, bit score
# 1 hits found
ykzB,ykoL	NZ_CP032365.1	91.304	23	0	2	18	39	1898648	1898669	0.086	30.7
# BLASTN 2.13.0+
# Query: motA,motB
# Database: B._wiedmannii_NZ_CP032365.1.fasta
# Fields: query acc.ver, subject acc.ver, % identity, alignment length, mismatches, gap opens, q. start, q. end, s. start, s. end, evalue, bit score
# 1 hits found
motA,motB	NZ_CP032365.1	84.211	38	1	5	1	38	4379906	4379938	0.025	32.5
# BLASTN 2.13.0+
# Query: ptsG,ptsH,ptsI
# Database: B._wiedmannii_NZ_CP032365.1.fasta
# 0 hits found
# BLASTN 2.13.0+
# Query: kinA
# Database: B._wiedmannii_NZ_CP032365.1.fasta
# 0 hits found
# BLASTN 2.13.0+
# Query: sipT
# Database: B._wiedmannii_NZ_CP032365.1.fasta
# 0 hits found
# BLASTN 2.13.0+
# Query: ctaA
# Database: B._wiedmannii_NZ_CP032365.1.fasta
# 0 hits found
# BLASTN 2.13.0+
# Query: spoIIGA,sigE,sigG
# Database: B._wiedmannii_NZ_CP032365.1.fasta
# 0 hits found
# BLASTN 2.13.0+
# Query: cysH,cysP,sat,cysC,ylnD,ylnE,ylnF
# Database: B._wiedmannii_NZ_CP032365.1.fasta
# 0 hits found
# BLASTN 2.13.0+
# Query: ylqB
# Database: B._wiedmannii_NZ_CP032365.1.fasta
# 0 hits found
# BLASTN 2.13.0+
# Query: yneA,yneB,ynzC
# Database: B._wiedmannii_NZ_CP032365.1.fasta
# Fields: query acc.ver, subject acc.ver, % identity, alignment length, mismatches, gap opens, q. start, q. end, s. start, s. end, evalue, bit score
# 1 hits found
yneA,yneB,ynzC	NZ_CP032365.1	88.000	25	3	0	22	46	1622828	1622804	0.090	30.7
# BLASTN 2.13.0+
# Query: alsT
# Database: B._wiedmannii_NZ_CP032365.1.fasta
# Fields: query acc.ver, subject acc.ver, % identity, alignment length, mismatches, gap opens, q. start, q. end, s. start, s. end, evalue, bit score
# 1 hits found
alsT	NZ_CP032365.1	90.909	22	2	0	14	35	1723171	1723192	0.083	30.7
# BLASTN 2.13.0+
# Query: gltA,gltB
# Database: B._wiedmannii_NZ_CP032365.1.fasta
# 0 hits found
# BLASTN 2.13.0+
# Query: yoaN
# Database: B._wiedmannii_NZ_CP032365.1.fasta
# 0 hits found
# BLASTN 2.13.0+
# Query: xynA
# Database: B._wiedmannii_NZ_CP032365.1.fasta
# Fields: query acc.ver, subject acc.ver, % identity, alignment length, mismatches, gap opens, q. start, q. end, s. start, s. end, evalue, bit score
# 1 hits found
xynA	NZ_CP032365.1	88.889	27	2	1	14	40	3057046	3057071	0.027	32.5
# BLASTN 2.13.0+
# Query: des
# Database: B._wiedmannii_NZ_CP032365.1.fasta
# Fields: query acc.ver, subject acc.ver, % identity, alignment length, mismatches, gap opens, q. start, q. end, s. start, s. end, evalue, bit score
# 1 hits found
des	NZ_CP032365.1	87.097	31	0	3	12	41	5185680	5185707	0.028	32.5
# BLASTN 2.13.0+
# Query: yocK
# Database: B._wiedmannii_NZ_CP032365.1.fasta
# 0 hits found
# BLASTN 2.13.0+
# Query: sspC
# Database: B._wiedmannii_NZ_CP032365.1.fasta
# Fields: query acc.ver, subject acc.ver, % identity, alignment length, mismatches, gap opens, q. start, q. end, s. start, s. end, evalue, bit score
# 1 hits found
sspC	NZ_CP032365.1	95.000	20	0	1	14	33	24031	24049	0.074	30.7
# BLASTN 2.13.0+
# Query: ilvD
# Database: B._wiedmannii_NZ_CP032365.1.fasta
# 0 hits found
# BLASTN 2.13.0+
# Query: cotD
# Database: B._wiedmannii_NZ_CP032365.1.fasta
# 0 hits found
# BLASTN 2.13.0+
# Query: ypjB
# Database: B._wiedmannii_NZ_CP032365.1.fasta
# Fields: query acc.ver, subject acc.ver, % identity, alignment length, mismatches, gap opens, q. start, q. end, s. start, s. end, evalue, bit score
# 1 hits found
ypjB	NZ_CP032365.1	100.000	17	0	0	19	35	1518444	1518428	0.017	32.5
# BLASTN 2.13.0+
# Query: trpE,trpD,trpC,trpF,trpB,trpA,hisC,tyrA,aroE
# Database: B._wiedmannii_NZ_CP032365.1.fasta
# Fields: query acc.ver, subject acc.ver, % identity, alignment length, mismatches, gap opens, q. start, q. end, s. start, s. end, evalue, bit score
# 1 hits found
trpE,trpD,trpC,trpF,trpB,trpA,hisC,tyrA,aroE	NZ_CP032365.1	92.000	25	0	1	13	35	2056175	2056151	0.006	34.4
# BLASTN 2.13.0+
# Query: sigX,rsiX
# Database: B._wiedmannii_NZ_CP032365.1.fasta
# 0 hits found
# BLASTN 2.13.0+
# Query: ypuD
# Database: B._wiedmannii_NZ_CP032365.1.fasta
# 0 hits found
# BLASTN 2.13.0+
# Query: drm,punA
# Database: B._wiedmannii_NZ_CP032365.1.fasta
# Fields: query acc.ver, subject acc.ver, % identity, alignment length, mismatches, gap opens, q. start, q. end, s. start, s. end, evalue, bit score
# 1 hits found
drm,punA	NZ_CP032365.1	94.737	19	1	0	32	50	2191414	2191432	0.099	30.7
# BLASTN 2.13.0+
# Query: yqjP,yqjQ,dsdA,coaA,yqjT
# Database: B._wiedmannii_NZ_CP032365.1.fasta
# Fields: query acc.ver, subject acc.ver, % identity, alignment length, mismatches, gap opens, q. start, q. end, s. start, s. end, evalue, bit score
# 1 hits found
yqjP,yqjQ,dsdA,coaA,yqjT	NZ_CP032365.1	100.000	16	0	0	28	43	1012622	1012607	0.080	30.7
# BLASTN 2.13.0+
# Query: yqjH,yqjI
# Database: B._wiedmannii_NZ_CP032365.1.fasta
# 0 hits found
# BLASTN 2.13.0+
# Query: yqiW
# Database: B._wiedmannii_NZ_CP032365.1.fasta
# Fields: query acc.ver, subject acc.ver, % identity, alignment length, mismatches, gap opens, q. start, q. end, s. start, s. end, evalue, bit score
# 1 hits found
yqiW	NZ_CP032365.1	100.000	16	0	0	28	43	2196186	2196201	0.080	30.7
# BLASTN 2.13.0+
# Query: spo0A
# Database: B._wiedmannii_NZ_CP032365.1.fasta
# 0 hits found
# BLASTN 2.13.0+
# Query: gcvT,gcvPA,gcvPB
# Database: B._wiedmannii_NZ_CP032365.1.fasta
# 0 hits found
# BLASTN 2.13.0+
# Query: yqxD,dnaG,sigA
# Database: B._wiedmannii_NZ_CP032365.1.fasta
# Fields: query acc.ver, subject acc.ver, % identity, alignment length, mismatches, gap opens, q. start, q. end, s. start, s. end, evalue, bit score
# 1 hits found
yqxD,dnaG,sigA	NZ_CP032365.1	91.667	24	1	1	18	40	107300	107323	0.025	32.5
# BLASTN 2.13.0+
# Query: comER
# Database: B._wiedmannii_NZ_CP032365.1.fasta
# Fields: query acc.ver, subject acc.ver, % identity, alignment length, mismatches, gap opens, q. start, q. end, s. start, s. end, evalue, bit score
# 1 hits found
comER	NZ_CP032365.1	90.909	22	2	0	19	40	3841015	3841036	0.077	30.7
# BLASTN 2.13.0+
# Query: azlB,azlC,azlD,brnQ,yrdK
# Database: B._wiedmannii_NZ_CP032365.1.fasta
# 0 hits found
# BLASTN 2.13.0+
# Query: glnQ,glnH,glnM,glnP
# Database: B._wiedmannii_NZ_CP032365.1.fasta
# Fields: query acc.ver, subject acc.ver, % identity, alignment length, mismatches, gap opens, q. start, q. end, s. start, s. end, evalue, bit score
# 1 hits found
glnQ,glnH,glnM,glnP	NZ_CP032365.1	100.000	18	0	0	14	31	1297506	1297489	0.006	34.4
# BLASTN 2.13.0+
# Query: yrbD
# Database: B._wiedmannii_NZ_CP032365.1.fasta
# 0 hits found
# BLASTN 2.13.0+
# Query: spoIVFA,spoIVFB
# Database: B._wiedmannii_NZ_CP032365.1.fasta
# 0 hits found
# BLASTN 2.13.0+
# Query: comC
# Database: B._wiedmannii_NZ_CP032365.1.fasta
# 0 hits found
# BLASTN 2.13.0+
# Query: hemA,hemX,hemC,hemD,hemB,hemL
# Database: B._wiedmannii_NZ_CP032365.1.fasta
# 0 hits found
# BLASTN 2.13.0+
# Query: ilvB,ilvH,ilvC,leuA,leuB,leuC,leuD
# Database: B._wiedmannii_NZ_CP032365.1.fasta
# 0 hits found
# BLASTN 2.13.0+
# Query: araA,araB,araD,araL,araM,araN,araP,araQ,abfA
# Database: B._wiedmannii_NZ_CP032365.1.fasta
# 0 hits found
# BLASTN 2.13.0+
# Query: gapB,speD
# Database: B._wiedmannii_NZ_CP032365.1.fasta
# 0 hits found
# BLASTN 2.13.0+
# Query: pfkA,pyk,ytzA
# Database: B._wiedmannii_NZ_CP032365.1.fasta
# Fields: query acc.ver, subject acc.ver, % identity, alignment length, mismatches, gap opens, q. start, q. end, s. start, s. end, evalue, bit score
# 1 hits found
pfkA,pyk,ytzA	NZ_CP032365.1	100.000	17	0	0	25	41	2872365	2872381	0.024	32.5
# BLASTN 2.13.0+
# Query: bioW,bioA,bioF,bioD,bioB,bioI,ytbQ
# Database: B._wiedmannii_NZ_CP032365.1.fasta
# Fields: query acc.ver, subject acc.ver, % identity, alignment length, mismatches, gap opens, q. start, q. end, s. start, s. end, evalue, bit score
# 1 hits found
bioW,bioA,bioF,bioD,bioB,bioI,ytbQ	NZ_CP032365.1	87.097	31	2	2	19	47	5001374	5001404	0.007	34.4
# BLASTN 2.13.0+
# Query: asnB,ytnA
# Database: B._wiedmannii_NZ_CP032365.1.fasta
# Fields: query acc.ver, subject acc.ver, % identity, alignment length, mismatches, gap opens, q. start, q. end, s. start, s. end, evalue, bit score
# 1 hits found
asnB,ytnA	NZ_CP032365.1	100.000	16	0	0	14	29	3135379	3135364	0.061	30.7
# BLASTN 2.13.0+
# Query: luxS
# Database: B._wiedmannii_NZ_CP032365.1.fasta
# Fields: query acc.ver, subject acc.ver, % identity, alignment length, mismatches, gap opens, q. start, q. end, s. start, s. end, evalue, bit score
# 1 hits found
luxS	NZ_CP032365.1	86.667	30	2	2	15	43	1049411	1049439	0.026	32.5
# BLASTN 2.13.0+
# Query: pgi,yugM,yugN
# Database: B._wiedmannii_NZ_CP032365.1.fasta
# 0 hits found
# BLASTN 2.13.0+
# Query: comA,yuxO
# Database: B._wiedmannii_NZ_CP032365.1.fasta
# Fields: query acc.ver, subject acc.ver, % identity, alignment length, mismatches, gap opens, q. start, q. end, s. start, s. end, evalue, bit score
# 1 hits found
comA,yuxO	NZ_CP032365.1	100.000	16	0	0	1	16	1381250	1381265	0.090	30.7
# BLASTN 2.13.0+
# Query: yuxH
# Database: B._wiedmannii_NZ_CP032365.1.fasta
# 0 hits found
# BLASTN 2.13.0+
# Query: pucR,pucJ,pucK,pucL,pucM
# Database: B._wiedmannii_NZ_CP032365.1.fasta
# 0 hits found
# BLASTN 2.13.0+
# Query: yurR,yurQ,yurP,yurO,yurN,yurM,yurL
# Database: B._wiedmannii_NZ_CP032365.1.fasta
# Fields: query acc.ver, subject acc.ver, % identity, alignment length, mismatches, gap opens, q. start, q. end, s. start, s. end, evalue, bit score
# 1 hits found
yurR,yurQ,yurP,yurO,yurN,yurM,yurL	NZ_CP032365.1	88.000	25	3	0	2	26	361897	361921	0.083	30.7
# BLASTN 2.13.0+
# Query: cggR,gapA,pgk,tpiA,pgm,eno
# Database: B._wiedmannii_NZ_CP032365.1.fasta
# 0 hits found
# BLASTN 2.13.0+
# Query: araR
# Database: B._wiedmannii_NZ_CP032365.1.fasta
# 0 hits found
# BLASTN 2.13.0+
# Query: pbpE,racX
# Database: B._wiedmannii_NZ_CP032365.1.fasta
# 0 hits found
# BLASTN 2.13.0+
# Query: clpP
# Database: B._wiedmannii_NZ_CP032365.1.fasta
# Fields: query acc.ver, subject acc.ver, % identity, alignment length, mismatches, gap opens, q. start, q. end, s. start, s. end, evalue, bit score
# 1 hits found
clpP	NZ_CP032365.1	94.737	19	1	0	27	45	476466	476448	0.086	30.7
# BLASTN 2.13.0+
# Query: csbA
# Database: B._wiedmannii_NZ_CP032365.1.fasta
# Fields: query acc.ver, subject acc.ver, % identity, alignment length, mismatches, gap opens, q. start, q. end, s. start, s. end, evalue, bit score
# 1 hits found
csbA	NZ_CP032365.1	95.238	21	0	1	1	21	1451925	1451944	0.023	32.5
# BLASTN 2.13.0+
# Query: hag
# Database: B._wiedmannii_NZ_CP032365.1.fasta
# 0 hits found
# BLASTN 2.13.0+
# Query: lytA,lytB,lytC
# Database: B._wiedmannii_NZ_CP032365.1.fasta
# Fields: query acc.ver, subject acc.ver, % identity, alignment length, mismatches, gap opens, q. start, q. end, s. start, s. end, evalue, bit score
# 1 hits found
lytA,lytB,lytC	NZ_CP032365.1	82.051	39	5	2	3	41	5144214	5144250	0.026	32.5
# BLASTN 2.13.0+
# Query: mbl,flhO,flhP
# Database: B._wiedmannii_NZ_CP032365.1.fasta
# 0 hits found
# BLASTN 2.13.0+
# Query: ureA,ureB,ureC
# Database: B._wiedmannii_NZ_CP032365.1.fasta
# 0 hits found
# BLASTN 2.13.0+
# Query: ywlF,ywlG
# Database: B._wiedmannii_NZ_CP032365.1.fasta
# Fields: query acc.ver, subject acc.ver, % identity, alignment length, mismatches, gap opens, q. start, q. end, s. start, s. end, evalue, bit score
# 1 hits found
ywlF,ywlG	NZ_CP032365.1	100.000	16	0	0	21	36	4179282	4179297	0.058	30.7
# BLASTN 2.13.0+
# Query: yweA
# Database: B._wiedmannii_NZ_CP032365.1.fasta
# Fields: query acc.ver, subject acc.ver, % identity, alignment length, mismatches, gap opens, q. start, q. end, s. start, s. end, evalue, bit score
# 1 hits found
yweA	NZ_CP032365.1	100.000	17	0	0	22	38	472846	472862	0.022	32.5
# BLASTN 2.13.0+
# Query: sacX,sacY
# Database: B._wiedmannii_NZ_CP032365.1.fasta
# Fields: query acc.ver, subject acc.ver, % identity, alignment length, mismatches, gap opens, q. start, q. end, s. start, s. end, evalue, bit score
# 1 hits found
sacX,sacY	NZ_CP032365.1	95.000	20	0	1	3	21	2315420	2315401	0.080	30.7
# BLASTN 2.13.0+
# Query: gspA
# Database: B._wiedmannii_NZ_CP032365.1.fasta
# Fields: query acc.ver, subject acc.ver, % identity, alignment length, mismatches, gap opens, q. start, q. end, s. start, s. end, evalue, bit score
# 1 hits found
gspA	NZ_CP032365.1	83.784	37	3	2	1	34	3231216	3231252	0.022	32.5
# BLASTN 2.13.0+
# Query: sigY,yxlC,yxlD,yxlE,yxlF,yxlG
# Database: B._wiedmannii_NZ_CP032365.1.fasta
# 0 hits found
# BLASTN 2.13.0+
# Query: yxkJ
# Database: B._wiedmannii_NZ_CP032365.1.fasta
# 0 hits found
# BLASTN 2.13.0+
# Query: yxjC,scoA,scoB,yxjF
# Database: B._wiedmannii_NZ_CP032365.1.fasta
# Fields: query acc.ver, subject acc.ver, % identity, alignment length, mismatches, gap opens, q. start, q. end, s. start, s. end, evalue, bit score
# 1 hits found
yxjC,scoA,scoB,yxjF	NZ_CP032365.1	100.000	17	0	0	25	41	4264687	4264703	0.028	32.5
# BLASTN 2.13.0+
# Query: yxjA
# Database: B._wiedmannii_NZ_CP032365.1.fasta
# Fields: query acc.ver, subject acc.ver, % identity, alignment length, mismatches, gap opens, q. start, q. end, s. start, s. end, evalue, bit score
# 1 hits found
yxjA	NZ_CP032365.1	86.842	38	3	2	7	44	554415	554380	4.28e-05	41.7
# BLASTN 2.13.0+
# Query: yxiT
# Database: B._wiedmannii_NZ_CP032365.1.fasta
# Fields: query acc.ver, subject acc.ver, % identity, alignment length, mismatches, gap opens, q. start, q. end, s. start, s. end, evalue, bit score
# 1 hits found
yxiT	NZ_CP032365.1	86.842	38	3	2	2	39	554380	554415	5.61e-05	41.7
# BLASTN 2.13.0+
# Query: wapA,yxxG
# Database: B._wiedmannii_NZ_CP032365.1.fasta
# 0 hits found
# BLASTN 2.13.0+
# Query: yxeF,yxeG,yxeH
# Database: B._wiedmannii_NZ_CP032365.1.fasta
# Fields: query acc.ver, subject acc.ver, % identity, alignment length, mismatches, gap opens, q. start, q. end, s. start, s. end, evalue, bit score
# 1 hits found
yxeF,yxeG,yxeH	NZ_CP032365.1	100.000	16	0	0	27	42	3692355	3692370	0.080	30.7
# BLASTN 2.13.0+
# Query: yxdJ,yxdK
# Database: B._wiedmannii_NZ_CP032365.1.fasta
# 0 hits found
# BLASTN 2.13.0+
# Query: yxbB,yxbA,yxnB,asnH,yxaM
# Database: B._wiedmannii_NZ_CP032365.1.fasta
# 0 hits found
# BLASTN 2.13.0+
# Query: yxaA,yxaB
# Database: B._wiedmannii_NZ_CP032365.1.fasta
# 0 hits found
# BLASTN 2.13.0+
# Query: ahpC,ahpF
# Database: B._wiedmannii_NZ_CP032365.1.fasta
# 0 hits found
# BLASTN 2.13.0+
# Query: yydF,yydG,yydH,yydI,yydJ
# Database: B._wiedmannii_NZ_CP032365.1.fasta
# Fields: query acc.ver, subject acc.ver, % identity, alignment length, mismatches, gap opens, q. start, q. end, s. start, s. end, evalue, bit score
# 1 hits found
yydF,yydG,yydH,yydI,yydJ	NZ_CP032365.1	88.889	27	0	2	12	35	5275049	5275075	0.074	30.7
# BLASTN 2.13.0+
# Query: yycN
# Database: B._wiedmannii_NZ_CP032365.1.fasta
# 0 hits found
# BLASTN 2.13.0+
# Query: yycF,yycG,yycH,yycI,yycJ,yyxA
# Database: B._wiedmannii_NZ_CP032365.1.fasta
# 0 hits found
# BLASTN 2.13.0+
# Query: yycC,yycB
# Database: B._wiedmannii_NZ_CP032365.1.fasta
# Fields: query acc.ver, subject acc.ver, % identity, alignment length, mismatches, gap opens, q. start, q. end, s. start, s. end, evalue, bit score
# 1 hits found
yycC,yycB	NZ_CP032365.1	100.000	16	0	0	24	39	2062676	2062661	0.067	30.7
# BLASTN 2.13.0+
# Query: yybH,yybI
# Database: B._wiedmannii_NZ_CP032365.1.fasta
# 0 hits found
# BLASTN 2.13.0+
# Query: yyaO
# Database: B._wiedmannii_NZ_CP032365.1.fasta
# 0 hits found
# BLASTN 2.13.0+
# Query: thdF,gidA,gidB,yyaA
# Database: B._wiedmannii_NZ_CP032365.1.fasta
# Fields: query acc.ver, subject acc.ver, % identity, alignment length, mismatches, gap opens, q. start, q. end, s. start, s. end, evalue, bit score
# 1 hits found
thdF,gidA,gidB,yyaA	NZ_CP032365.1	90.909	22	2	0	15	36	1524338	1524359	0.080	30.7
# BLAST processed 138 queries
