# BLASTN 2.13.0+
# Query: 1004944_110_-
# Database: B._amyloliquefaciens_NZ_CP072120.1.fasta
# Fields: query acc.ver, subject acc.ver, % identity, alignment length, mismatches, gap opens, q. start, q. end, s. start, s. end, evalue, bit score
# 1 hits found
1004944_110_-	NZ_CP072120.1	93.069	101	3	3	1	100	2747845	2747942	6.52e-36	145
# BLASTN 2.13.0+
# Query: 1008561_42_-
# Database: B._amyloliquefaciens_NZ_CP072120.1.fasta
# 0 hits found
# BLASTN 2.13.0+
# Query: 1035272_45_-
# Database: B._amyloliquefaciens_NZ_CP072120.1.fasta
# 0 hits found
# BLASTN 2.13.0+
# Query: 1040061_37_-
# Database: B._amyloliquefaciens_NZ_CP072120.1.fasta
# 0 hits found
# BLASTN 2.13.0+
# Query: 1055135_36_-
# Database: B._amyloliquefaciens_NZ_CP072120.1.fasta
# Fields: query acc.ver, subject acc.ver, % identity, alignment length, mismatches, gap opens, q. start, q. end, s. start, s. end, evalue, bit score
# 1 hits found
1055135_36_-	NZ_CP072120.1	91.176	34	3	0	1	34	2795604	2795637	1.89e-06	47.3
# BLASTN 2.13.0+
# Query: 1070325_39_+
# Database: B._amyloliquefaciens_NZ_CP072120.1.fasta
# Fields: query acc.ver, subject acc.ver, % identity, alignment length, mismatches, gap opens, q. start, q. end, s. start, s. end, evalue, bit score
# 1 hits found
1070325_39_+	NZ_CP072120.1	96.875	32	0	1	69	100	2812210	2812180	4.06e-08	52.8
# BLASTN 2.13.0+
# Query: 1074602_44_+
# Database: B._amyloliquefaciens_NZ_CP072120.1.fasta
# 0 hits found
# BLASTN 2.13.0+
# Query: 2905532_39_+
# Database: B._amyloliquefaciens_NZ_CP072120.1.fasta
# Fields: query acc.ver, subject acc.ver, % identity, alignment length, mismatches, gap opens, q. start, q. end, s. start, s. end, evalue, bit score
# 1 hits found
2905532_39_+	NZ_CP072120.1	90.588	85	3	3	4	83	575967	575883	8.55e-25	108
# BLASTN 2.13.0+
# Query: 1083202_27_+
# Database: B._amyloliquefaciens_NZ_CP072120.1.fasta
# 0 hits found
# BLASTN 2.13.0+
# Query: 1098079_41_+
# Database: B._amyloliquefaciens_NZ_CP072120.1.fasta
# 0 hits found
# BLASTN 2.13.0+
# Query: 1107559_43_-
# Database: B._amyloliquefaciens_NZ_CP072120.1.fasta
# Fields: query acc.ver, subject acc.ver, % identity, alignment length, mismatches, gap opens, q. start, q. end, s. start, s. end, evalue, bit score
# 1 hits found
1107559_43_-	NZ_CP072120.1	100.000	21	0	0	66	86	2065927	2065907	3.16e-04	39.9
# BLASTN 2.13.0+
# Query: 1124994_29_-
# Database: B._amyloliquefaciens_NZ_CP072120.1.fasta
# Fields: query acc.ver, subject acc.ver, % identity, alignment length, mismatches, gap opens, q. start, q. end, s. start, s. end, evalue, bit score
# 1 hits found
1124994_29_-	NZ_CP072120.1	86.486	37	3	2	46	81	2866492	2866527	3.16e-04	39.9
# BLASTN 2.13.0+
# Query: 1153665_44_-
# Database: B._amyloliquefaciens_NZ_CP072120.1.fasta
# 0 hits found
# BLASTN 2.13.0+
# Query: 1165429_20_+
# Database: B._amyloliquefaciens_NZ_CP072120.1.fasta
# 0 hits found
# BLASTN 2.13.0+
# Query: 1182442_47_-
# Database: B._amyloliquefaciens_NZ_CP072120.1.fasta
# 0 hits found
# BLASTN 2.13.0+
# Query: 1204688_43_+
# Database: B._amyloliquefaciens_NZ_CP072120.1.fasta
# Fields: query acc.ver, subject acc.ver, % identity, alignment length, mismatches, gap opens, q. start, q. end, s. start, s. end, evalue, bit score
# 1 hits found
1204688_43_+	NZ_CP072120.1	92.105	38	1	2	48	83	114842	114879	4.06e-08	52.8
# BLASTN 2.13.0+
# Query: 1372590_37_-
# Database: B._amyloliquefaciens_NZ_CP072120.1.fasta
# Fields: query acc.ver, subject acc.ver, % identity, alignment length, mismatches, gap opens, q. start, q. end, s. start, s. end, evalue, bit score
# 1 hits found
1372590_37_-	NZ_CP072120.1	90.909	33	2	1	52	83	114873	114841	2.45e-05	43.6
# BLASTN 2.13.0+
# Query: 1219137_27_+
# Database: B._amyloliquefaciens_NZ_CP072120.1.fasta
# Fields: query acc.ver, subject acc.ver, % identity, alignment length, mismatches, gap opens, q. start, q. end, s. start, s. end, evalue, bit score
# 1 hits found
1219137_27_+	NZ_CP072120.1	92.784	97	7	0	4	100	2937731	2937635	8.43e-35	141
# BLASTN 2.13.0+
# Query: 1233579_35_+
# Database: B._amyloliquefaciens_NZ_CP072120.1.fasta
# 0 hits found
# BLASTN 2.13.0+
# Query: 1248607_43_-
# Database: B._amyloliquefaciens_NZ_CP072120.1.fasta
# Fields: query acc.ver, subject acc.ver, % identity, alignment length, mismatches, gap opens, q. start, q. end, s. start, s. end, evalue, bit score
# 1 hits found
1248607_43_-	NZ_CP072120.1	78.571	98	12	6	1	98	2966867	2966955	3.14e-09	56.5
# BLASTN 2.13.0+
# Query: 1262894_33_-
# Database: B._amyloliquefaciens_NZ_CP072120.1.fasta
# Fields: query acc.ver, subject acc.ver, % identity, alignment length, mismatches, gap opens, q. start, q. end, s. start, s. end, evalue, bit score
# 1 hits found
1262894_33_-	NZ_CP072120.1	100.000	51	0	0	1	51	2981866	2981916	6.66e-21	95.3
# BLASTN 2.13.0+
# Query: 1265471_94_-
# Database: B._amyloliquefaciens_NZ_CP072120.1.fasta
# Fields: query acc.ver, subject acc.ver, % identity, alignment length, mismatches, gap opens, q. start, q. end, s. start, s. end, evalue, bit score
# 1 hits found
1265471_94_-	NZ_CP072120.1	84.810	79	11	1	8	85	13631	13553	6.70e-16	78.7
# BLASTN 2.13.0+
# Query: 1272604_27_-
# Database: B._amyloliquefaciens_NZ_CP072120.1.fasta
# Fields: query acc.ver, subject acc.ver, % identity, alignment length, mismatches, gap opens, q. start, q. end, s. start, s. end, evalue, bit score
# 1 hits found
1272604_27_-	NZ_CP072120.1	81.818	99	14	3	6	100	435039	434941	1.86e-16	80.5
# BLASTN 2.13.0+
# Query: 1289988_49_-
# Database: B._amyloliquefaciens_NZ_CP072120.1.fasta
# 0 hits found
# BLASTN 2.13.0+
# Query: 1294993_43_-
# Database: B._amyloliquefaciens_NZ_CP072120.1.fasta
# 0 hits found
# BLASTN 2.13.0+
# Query: 1300317_65_-
# Database: B._amyloliquefaciens_NZ_CP072120.1.fasta
# 0 hits found
# BLASTN 2.13.0+
# Query: 1313795_45_+
# Database: B._amyloliquefaciens_NZ_CP072120.1.fasta
# 0 hits found
# BLASTN 2.13.0+
# Query: 1320566_40_-
# Database: B._amyloliquefaciens_NZ_CP072120.1.fasta
# 0 hits found
# BLASTN 2.13.0+
# Query: 1334297_50_-
# Database: B._amyloliquefaciens_NZ_CP072120.1.fasta
# 0 hits found
# BLASTN 2.13.0+
# Query: 1349432_36_+
# Database: B._amyloliquefaciens_NZ_CP072120.1.fasta
# 0 hits found
# BLASTN 2.13.0+
# Query: 1354072_42_-
# Database: B._amyloliquefaciens_NZ_CP072120.1.fasta
# 0 hits found
# BLASTN 2.13.0+
# Query: 1360294_22_-
# Database: B._amyloliquefaciens_NZ_CP072120.1.fasta
# 0 hits found
# BLASTN 2.13.0+
# Query: 1376475_36_-
# Database: B._amyloliquefaciens_NZ_CP072120.1.fasta
# Fields: query acc.ver, subject acc.ver, % identity, alignment length, mismatches, gap opens, q. start, q. end, s. start, s. end, evalue, bit score
# 1 hits found
1376475_36_-	NZ_CP072120.1	95.775	71	3	0	12	82	3082884	3082954	5.11e-27	115
# BLASTN 2.13.0+
# Query: 1378467_24_-
# Database: B._amyloliquefaciens_NZ_CP072120.1.fasta
# Fields: query acc.ver, subject acc.ver, % identity, alignment length, mismatches, gap opens, q. start, q. end, s. start, s. end, evalue, bit score
# 1 hits found
1378467_24_-	NZ_CP072120.1	86.735	98	9	4	3	98	3084859	3084954	3.07e-24	106
# BLASTN 2.13.0+
# Query: 1381405_29_+
# Database: B._amyloliquefaciens_NZ_CP072120.1.fasta
# 0 hits found
# BLASTN 2.13.0+
# Query: 1391672_67_+
# Database: B._amyloliquefaciens_NZ_CP072120.1.fasta
# Fields: query acc.ver, subject acc.ver, % identity, alignment length, mismatches, gap opens, q. start, q. end, s. start, s. end, evalue, bit score
# 1 hits found
1391672_67_+	NZ_CP072120.1	94.444	36	1	1	53	88	3102660	3102626	1.13e-08	54.7
# BLASTN 2.13.0+
# Query: 1397407_39_-
# Database: B._amyloliquefaciens_NZ_CP072120.1.fasta
# Fields: query acc.ver, subject acc.ver, % identity, alignment length, mismatches, gap opens, q. start, q. end, s. start, s. end, evalue, bit score
# 1 hits found
1397407_39_-	NZ_CP072120.1	77.551	98	15	5	1	98	3106266	3106356	4.06e-08	52.8
# BLASTN 2.13.0+
# Query: 1397369_42_+
# Database: B._amyloliquefaciens_NZ_CP072120.1.fasta
# Fields: query acc.ver, subject acc.ver, % identity, alignment length, mismatches, gap opens, q. start, q. end, s. start, s. end, evalue, bit score
# 1 hits found
1397369_42_+	NZ_CP072120.1	82.432	74	10	3	7	80	3106380	3106310	6.75e-11	62.1
# BLASTN 2.13.0+
# Query: 1414089_36_+
# Database: B._amyloliquefaciens_NZ_CP072120.1.fasta
# 0 hits found
# BLASTN 2.13.0+
# Query: 1417448_32_-
# Database: B._amyloliquefaciens_NZ_CP072120.1.fasta
# Fields: query acc.ver, subject acc.ver, % identity, alignment length, mismatches, gap opens, q. start, q. end, s. start, s. end, evalue, bit score
# 1 hits found
1417448_32_-	NZ_CP072120.1	93.617	47	3	0	1	47	3119302	3119348	1.12e-13	71.3
# BLASTN 2.13.0+
# Query: 1545756_64_+
# Database: B._amyloliquefaciens_NZ_CP072120.1.fasta
# 0 hits found
# BLASTN 2.13.0+
# Query: 1435591_37_+
# Database: B._amyloliquefaciens_NZ_CP072120.1.fasta
# 0 hits found
# BLASTN 2.13.0+
# Query: 1448234_27_-
# Database: B._amyloliquefaciens_NZ_CP072120.1.fasta
# Fields: query acc.ver, subject acc.ver, % identity, alignment length, mismatches, gap opens, q. start, q. end, s. start, s. end, evalue, bit score
# 1 hits found
1448234_27_-	NZ_CP072120.1	83.333	84	14	0	1	84	3150699	3150782	6.70e-16	78.7
# BLASTN 2.13.0+
# Query: 1469902_40_-
# Database: B._amyloliquefaciens_NZ_CP072120.1.fasta
# 0 hits found
# BLASTN 2.13.0+
# Query: 1475100_50_+
# Database: B._amyloliquefaciens_NZ_CP072120.1.fasta
# Fields: query acc.ver, subject acc.ver, % identity, alignment length, mismatches, gap opens, q. start, q. end, s. start, s. end, evalue, bit score
# 1 hits found
1475100_50_+	NZ_CP072120.1	79.730	74	15	0	27	100	3176665	3176592	1.13e-08	54.7
# BLASTN 2.13.0+
# Query: 1483492_21_-
# Database: B._amyloliquefaciens_NZ_CP072120.1.fasta
# Fields: query acc.ver, subject acc.ver, % identity, alignment length, mismatches, gap opens, q. start, q. end, s. start, s. end, evalue, bit score
# 1 hits found
1483492_21_-	NZ_CP072120.1	90.000	50	5	0	3	52	3182330	3182379	5.22e-12	65.8
# BLASTN 2.13.0+
# Query: 2982572_31_+
# Database: B._amyloliquefaciens_NZ_CP072120.1.fasta
# Fields: query acc.ver, subject acc.ver, % identity, alignment length, mismatches, gap opens, q. start, q. end, s. start, s. end, evalue, bit score
# 1 hits found
2982572_31_+	NZ_CP072120.1	83.077	65	7	2	21	82	657243	657180	3.14e-09	56.5
# BLASTN 2.13.0+
# Query: 1488906_38_-
# Database: B._amyloliquefaciens_NZ_CP072120.1.fasta
# Fields: query acc.ver, subject acc.ver, % identity, alignment length, mismatches, gap opens, q. start, q. end, s. start, s. end, evalue, bit score
# 1 hits found
1488906_38_-	NZ_CP072120.1	94.286	35	0	2	66	99	3187604	3187637	4.06e-08	52.8
# BLASTN 2.13.0+
# Query: 1491217_33_-
# Database: B._amyloliquefaciens_NZ_CP072120.1.fasta
# Fields: query acc.ver, subject acc.ver, % identity, alignment length, mismatches, gap opens, q. start, q. end, s. start, s. end, evalue, bit score
# 1 hits found
1491217_33_-	NZ_CP072120.1	75.862	87	18	3	3	87	3189851	3189936	8.79e-05	41.7
# BLASTN 2.13.0+
# Query: 1507324_26_-
# Database: B._amyloliquefaciens_NZ_CP072120.1.fasta
# 0 hits found
# BLASTN 2.13.0+
# Query: 1516297_42_+
# Database: B._amyloliquefaciens_NZ_CP072120.1.fasta
# Fields: query acc.ver, subject acc.ver, % identity, alignment length, mismatches, gap opens, q. start, q. end, s. start, s. end, evalue, bit score
# 1 hits found
1516297_42_+	NZ_CP072120.1	83.333	42	7	0	1	42	3210994	3210953	3.16e-04	39.9
# BLASTN 2.13.0+
# Query: 1538710_18_-
# Database: B._amyloliquefaciens_NZ_CP072120.1.fasta
# 0 hits found
# BLASTN 2.13.0+
# Query: 1544933_37_-
# Database: B._amyloliquefaciens_NZ_CP072120.1.fasta
# 0 hits found
# BLASTN 2.13.0+
# Query: 1557670_39_-
# Database: B._amyloliquefaciens_NZ_CP072120.1.fasta
# 0 hits found
# BLASTN 2.13.0+
# Query: 1576019_36_-
# Database: B._amyloliquefaciens_NZ_CP072120.1.fasta
# Fields: query acc.ver, subject acc.ver, % identity, alignment length, mismatches, gap opens, q. start, q. end, s. start, s. end, evalue, bit score
# 1 hits found
1576019_36_-	NZ_CP072120.1	93.878	49	3	0	1	49	3320743	3320791	8.67e-15	75.0
# BLASTN 2.13.0+
# Query: 1580036_41_-
# Database: B._amyloliquefaciens_NZ_CP072120.1.fasta
# Fields: query acc.ver, subject acc.ver, % identity, alignment length, mismatches, gap opens, q. start, q. end, s. start, s. end, evalue, bit score
# 1 hits found
1580036_41_-	NZ_CP072120.1	95.000	100	5	0	1	100	3324755	3324854	8.37e-40	158
# BLASTN 2.13.0+
# Query: 1586171_17_-
# Database: B._amyloliquefaciens_NZ_CP072120.1.fasta
# Fields: query acc.ver, subject acc.ver, % identity, alignment length, mismatches, gap opens, q. start, q. end, s. start, s. end, evalue, bit score
# 1 hits found
1586171_17_-	NZ_CP072120.1	80.000	80	14	2	1	78	3330891	3330970	8.73e-10	58.4
# BLASTN 2.13.0+
# Query: 1593653_79_-
# Database: B._amyloliquefaciens_NZ_CP072120.1.fasta
# Fields: query acc.ver, subject acc.ver, % identity, alignment length, mismatches, gap opens, q. start, q. end, s. start, s. end, evalue, bit score
# 1 hits found
1593653_79_-	NZ_CP072120.1	85.714	56	8	0	27	82	3338368	3338423	2.43e-10	60.2
# BLASTN 2.13.0+
# Query: 1611637_44_-
# Database: B._amyloliquefaciens_NZ_CP072120.1.fasta
# Fields: query acc.ver, subject acc.ver, % identity, alignment length, mismatches, gap opens, q. start, q. end, s. start, s. end, evalue, bit score
# 1 hits found
1611637_44_-	NZ_CP072120.1	92.063	63	5	0	35	97	3354850	3354912	3.10e-19	89.8
# BLASTN 2.13.0+
# Query: 1642810_40_-
# Database: B._amyloliquefaciens_NZ_CP072120.1.fasta
# Fields: query acc.ver, subject acc.ver, % identity, alignment length, mismatches, gap opens, q. start, q. end, s. start, s. end, evalue, bit score
# 1 hits found
1642810_40_-	NZ_CP072120.1	85.870	92	11	2	1	90	3387586	3387677	1.85e-21	97.1
# BLASTN 2.13.0+
# Query: 1658129_26_-
# Database: B._amyloliquefaciens_NZ_CP072120.1.fasta
# Fields: query acc.ver, subject acc.ver, % identity, alignment length, mismatches, gap opens, q. start, q. end, s. start, s. end, evalue, bit score
# 1 hits found
1658129_26_-	NZ_CP072120.1	82.759	87	13	2	1	85	3402892	3402978	2.41e-15	76.8
# BLASTN 2.13.0+
# Query: 1666489_30_-
# Database: B._amyloliquefaciens_NZ_CP072120.1.fasta
# Fields: query acc.ver, subject acc.ver, % identity, alignment length, mismatches, gap opens, q. start, q. end, s. start, s. end, evalue, bit score
# 1 hits found
1666489_30_-	NZ_CP072120.1	87.912	91	9	2	3	92	3411248	3411337	3.07e-24	106
# BLASTN 2.13.0+
# Query: 1676435_46_-
# Database: B._amyloliquefaciens_NZ_CP072120.1.fasta
# Fields: query acc.ver, subject acc.ver, % identity, alignment length, mismatches, gap opens, q. start, q. end, s. start, s. end, evalue, bit score
# 1 hits found
1676435_46_-	NZ_CP072120.1	93.069	101	6	1	1	100	3421313	3421413	1.81e-36	147
# BLASTN 2.13.0+
# Query: 1690932_34_-
# Database: B._amyloliquefaciens_NZ_CP072120.1.fasta
# Fields: query acc.ver, subject acc.ver, % identity, alignment length, mismatches, gap opens, q. start, q. end, s. start, s. end, evalue, bit score
# 1 hits found
1690932_34_-	NZ_CP072120.1	87.500	56	6	1	2	57	3435773	3435827	1.88e-11	63.9
# BLASTN 2.13.0+
# Query: 1719729_73_-
# Database: B._amyloliquefaciens_NZ_CP072120.1.fasta
# Fields: query acc.ver, subject acc.ver, % identity, alignment length, mismatches, gap opens, q. start, q. end, s. start, s. end, evalue, bit score
# 1 hits found
1719729_73_-	NZ_CP072120.1	86.000	100	14	0	1	100	3464371	3464470	8.55e-25	108
# BLASTN 2.13.0+
# Query: 1727102_78_-
# Database: B._amyloliquefaciens_NZ_CP072120.1.fasta
# Fields: query acc.ver, subject acc.ver, % identity, alignment length, mismatches, gap opens, q. start, q. end, s. start, s. end, evalue, bit score
# 1 hits found
1727102_78_-	NZ_CP072120.1	86.408	103	11	1	1	100	3471721	3471823	2.38e-25	110
# BLASTN 2.13.0+
# Query: 1741541_41_-
# Database: B._amyloliquefaciens_NZ_CP072120.1.fasta
# Fields: query acc.ver, subject acc.ver, % identity, alignment length, mismatches, gap opens, q. start, q. end, s. start, s. end, evalue, bit score
# 1 hits found
1741541_41_-	NZ_CP072120.1	89.474	95	3	3	1	88	3486090	3486184	1.84e-26	113
# BLASTN 2.13.0+
# Query: 1749303_63_-
# Database: B._amyloliquefaciens_NZ_CP072120.1.fasta
# Fields: query acc.ver, subject acc.ver, % identity, alignment length, mismatches, gap opens, q. start, q. end, s. start, s. end, evalue, bit score
# 1 hits found
1749303_63_-	NZ_CP072120.1	85.567	97	11	3	6	100	3493826	3493921	5.15e-22	99.0
# BLASTN 2.13.0+
# Query: 1755541_31_-
# Database: B._amyloliquefaciens_NZ_CP072120.1.fasta
# Fields: query acc.ver, subject acc.ver, % identity, alignment length, mismatches, gap opens, q. start, q. end, s. start, s. end, evalue, bit score
# 1 hits found
1755541_31_-	NZ_CP072120.1	79.775	89	14	3	1	88	3500041	3500126	6.75e-11	62.1
# BLASTN 2.13.0+
# Query: 1760749_28_-
# Database: B._amyloliquefaciens_NZ_CP072120.1.fasta
# Fields: query acc.ver, subject acc.ver, % identity, alignment length, mismatches, gap opens, q. start, q. end, s. start, s. end, evalue, bit score
# 1 hits found
1760749_28_-	NZ_CP072120.1	88.542	96	7	4	1	95	3508896	3508988	1.84e-26	113
# BLASTN 2.13.0+
# Query: 1760750_29_-
# Database: B._amyloliquefaciens_NZ_CP072120.1.fasta
# Fields: query acc.ver, subject acc.ver, % identity, alignment length, mismatches, gap opens, q. start, q. end, s. start, s. end, evalue, bit score
# 1 hits found
1760750_29_-	NZ_CP072120.1	89.247	93	6	4	3	94	3508899	3508988	1.84e-26	113
# BLASTN 2.13.0+
# Query: 1765748_57_-
# Database: B._amyloliquefaciens_NZ_CP072120.1.fasta
# 0 hits found
# BLASTN 2.13.0+
# Query: 1772720_25_-
# Database: B._amyloliquefaciens_NZ_CP072120.1.fasta
# 0 hits found
# BLASTN 2.13.0+
# Query: 1780265_45_-
# Database: B._amyloliquefaciens_NZ_CP072120.1.fasta
# Fields: query acc.ver, subject acc.ver, % identity, alignment length, mismatches, gap opens, q. start, q. end, s. start, s. end, evalue, bit score
# 1 hits found
1780265_45_-	NZ_CP072120.1	91.429	35	3	0	3	37	3528397	3528431	5.26e-07	49.1
# BLASTN 2.13.0+
# Query: 1858525_41_+
# Database: B._amyloliquefaciens_NZ_CP072120.1.fasta
# 0 hits found
# BLASTN 2.13.0+
# Query: 1872094_16_-
# Database: B._amyloliquefaciens_NZ_CP072120.1.fasta
# Fields: query acc.ver, subject acc.ver, % identity, alignment length, mismatches, gap opens, q. start, q. end, s. start, s. end, evalue, bit score
# 1 hits found
1872094_16_-	NZ_CP072120.1	81.720	93	9	4	1	89	3615079	3615167	1.12e-13	71.3
# BLASTN 2.13.0+
# Query: 1879799_40_-
# Database: B._amyloliquefaciens_NZ_CP072120.1.fasta
# Fields: query acc.ver, subject acc.ver, % identity, alignment length, mismatches, gap opens, q. start, q. end, s. start, s. end, evalue, bit score
# 1 hits found
1879799_40_-	NZ_CP072120.1	90.361	83	8	0	2	84	3627562	3627644	2.38e-25	110
# BLASTN 2.13.0+
# Query: 1879800_41_-
# Database: B._amyloliquefaciens_NZ_CP072120.1.fasta
# Fields: query acc.ver, subject acc.ver, % identity, alignment length, mismatches, gap opens, q. start, q. end, s. start, s. end, evalue, bit score
# 1 hits found
1879800_41_-	NZ_CP072120.1	90.361	83	8	0	1	83	3627562	3627644	2.38e-25	110
# BLASTN 2.13.0+
# Query: 1903070_12_-
# Database: B._amyloliquefaciens_NZ_CP072120.1.fasta
# 0 hits found
# BLASTN 2.13.0+
# Query: 1917615_35_-
# Database: B._amyloliquefaciens_NZ_CP072120.1.fasta
# 0 hits found
# BLASTN 2.13.0+
# Query: 1925606_49_+
# Database: B._amyloliquefaciens_NZ_CP072120.1.fasta
# Fields: query acc.ver, subject acc.ver, % identity, alignment length, mismatches, gap opens, q. start, q. end, s. start, s. end, evalue, bit score
# 1 hits found
1925606_49_+	NZ_CP072120.1	78.481	79	8	7	8	84	3670824	3670753	2.45e-05	43.6
# BLASTN 2.13.0+
# Query: 1930006_13_-
# Database: B._amyloliquefaciens_NZ_CP072120.1.fasta
# Fields: query acc.ver, subject acc.ver, % identity, alignment length, mismatches, gap opens, q. start, q. end, s. start, s. end, evalue, bit score
# 1 hits found
1930006_13_-	NZ_CP072120.1	86.364	66	7	1	20	83	3675067	3675132	1.12e-13	71.3
# BLASTN 2.13.0+
# Query: 1937905_37_-
# Database: B._amyloliquefaciens_NZ_CP072120.1.fasta
# 0 hits found
# BLASTN 2.13.0+
# Query: 2004233_29_+
# Database: B._amyloliquefaciens_NZ_CP072120.1.fasta
# Fields: query acc.ver, subject acc.ver, % identity, alignment length, mismatches, gap opens, q. start, q. end, s. start, s. end, evalue, bit score
# 1 hits found
2004233_29_+	NZ_CP072120.1	84.615	91	12	2	8	97	3853865	3853776	3.10e-19	89.8
# BLASTN 2.13.0+
# Query: 2025077_83_+
# Database: B._amyloliquefaciens_NZ_CP072120.1.fasta
# Fields: query acc.ver, subject acc.ver, % identity, alignment length, mismatches, gap opens, q. start, q. end, s. start, s. end, evalue, bit score
# 1 hits found
2025077_83_+	NZ_CP072120.1	90.000	50	2	2	45	92	3876188	3876140	6.75e-11	62.1
# BLASTN 2.13.0+
# Query: 2049532_79_-
# Database: B._amyloliquefaciens_NZ_CP072120.1.fasta
# 0 hits found
# BLASTN 2.13.0+
# Query: 2055833_35_+
# Database: B._amyloliquefaciens_NZ_CP072120.1.fasta
# 0 hits found
# BLASTN 2.13.0+
# Query: 2069725_7_+
# Database: B._amyloliquefaciens_NZ_CP072120.1.fasta
# 0 hits found
# BLASTN 2.13.0+
# Query: 2073617_41_+
# Database: B._amyloliquefaciens_NZ_CP072120.1.fasta
# 0 hits found
# BLASTN 2.13.0+
# Query: 2277481_40_+
# Database: B._amyloliquefaciens_NZ_CP072120.1.fasta
# 0 hits found
# BLASTN 2.13.0+
# Query: 2086031_51_-
# Database: B._amyloliquefaciens_NZ_CP072120.1.fasta
# Fields: query acc.ver, subject acc.ver, % identity, alignment length, mismatches, gap opens, q. start, q. end, s. start, s. end, evalue, bit score
# 1 hits found
2086031_51_-	NZ_CP072120.1	85.366	41	3	3	53	93	1396971	1397008	3.16e-04	39.9
# BLASTN 2.13.0+
# Query: 2092848_51_+
# Database: B._amyloliquefaciens_NZ_CP072120.1.fasta
# 0 hits found
# BLASTN 2.13.0+
# Query: 2100069_78_+
# Database: B._amyloliquefaciens_NZ_CP072120.1.fasta
# 0 hits found
# BLASTN 2.13.0+
# Query: 2107462_43_+
# Database: B._amyloliquefaciens_NZ_CP072120.1.fasta
# 0 hits found
# BLASTN 2.13.0+
# Query: 2117010_41_+
# Database: B._amyloliquefaciens_NZ_CP072120.1.fasta
# 0 hits found
# BLASTN 2.13.0+
# Query: 2134525_41_+
# Database: B._amyloliquefaciens_NZ_CP072120.1.fasta
# Fields: query acc.ver, subject acc.ver, % identity, alignment length, mismatches, gap opens, q. start, q. end, s. start, s. end, evalue, bit score
# 1 hits found
2134525_41_+	NZ_CP072120.1	80.000	80	12	4	2	78	3936047	3935969	3.14e-09	56.5
# BLASTN 2.13.0+
# Query: 2136500_38_+
# Database: B._amyloliquefaciens_NZ_CP072120.1.fasta
# 0 hits found
# BLASTN 2.13.0+
# Query: 2204028_25_-
# Database: B._amyloliquefaciens_NZ_CP072120.1.fasta
# 0 hits found
# BLASTN 2.13.0+
# Query: 2212764_18_-
# Database: B._amyloliquefaciens_NZ_CP072120.1.fasta
# 0 hits found
# BLASTN 2.13.0+
# Query: 2246611_45_+
# Database: B._amyloliquefaciens_NZ_CP072120.1.fasta
# 0 hits found
# BLASTN 2.13.0+
# Query: 2269945_43_+
# Database: B._amyloliquefaciens_NZ_CP072120.1.fasta
# 0 hits found
# BLASTN 2.13.0+
# Query: 2287049_48_+
# Database: B._amyloliquefaciens_NZ_CP072120.1.fasta
# 0 hits found
# BLASTN 2.13.0+
# Query: 2287050_47_+
# Database: B._amyloliquefaciens_NZ_CP072120.1.fasta
# 0 hits found
# BLASTN 2.13.0+
# Query: 2290043_35_+
# Database: B._amyloliquefaciens_NZ_CP072120.1.fasta
# 0 hits found
# BLASTN 2.13.0+
# Query: 2300194_27_+
# Database: B._amyloliquefaciens_NZ_CP072120.1.fasta
# Fields: query acc.ver, subject acc.ver, % identity, alignment length, mismatches, gap opens, q. start, q. end, s. start, s. end, evalue, bit score
# 1 hits found
2300194_27_+	NZ_CP072120.1	90.244	82	7	1	7	87	3978826	3978745	3.07e-24	106
# BLASTN 2.13.0+
# Query: 2307702_40_-
# Database: B._amyloliquefaciens_NZ_CP072120.1.fasta
# 0 hits found
# BLASTN 2.13.0+
# Query: 2316249_37_+
# Database: B._amyloliquefaciens_NZ_CP072120.1.fasta
# 0 hits found
# BLASTN 2.13.0+
# Query: 2316250_36_+
# Database: B._amyloliquefaciens_NZ_CP072120.1.fasta
# 0 hits found
# BLASTN 2.13.0+
# Query: 2327449_39_+
# Database: B._amyloliquefaciens_NZ_CP072120.1.fasta
# Fields: query acc.ver, subject acc.ver, % identity, alignment length, mismatches, gap opens, q. start, q. end, s. start, s. end, evalue, bit score
# 1 hits found
2327449_39_+	NZ_CP072120.1	90.625	32	1	1	51	80	2022868	2022837	8.79e-05	41.7
# BLASTN 2.13.0+
# Query: 2327450_38_+
# Database: B._amyloliquefaciens_NZ_CP072120.1.fasta
# Fields: query acc.ver, subject acc.ver, % identity, alignment length, mismatches, gap opens, q. start, q. end, s. start, s. end, evalue, bit score
# 1 hits found
2327450_38_+	NZ_CP072120.1	90.625	32	1	1	52	81	2022868	2022837	8.79e-05	41.7
# BLASTN 2.13.0+
# Query: 2330041_34_+
# Database: B._amyloliquefaciens_NZ_CP072120.1.fasta
# 0 hits found
# BLASTN 2.13.0+
# Query: 2336907_26_+
# Database: B._amyloliquefaciens_NZ_CP072120.1.fasta
# 0 hits found
# BLASTN 2.13.0+
# Query: 2347619_41_+
# Database: B._amyloliquefaciens_NZ_CP072120.1.fasta
# Fields: query acc.ver, subject acc.ver, % identity, alignment length, mismatches, gap opens, q. start, q. end, s. start, s. end, evalue, bit score
# 1 hits found
2347619_41_+	NZ_CP072120.1	87.879	33	4	0	67	99	48392	48360	3.16e-04	39.9
# BLASTN 2.13.0+
# Query: 2365696_40_+
# Database: B._amyloliquefaciens_NZ_CP072120.1.fasta
# Fields: query acc.ver, subject acc.ver, % identity, alignment length, mismatches, gap opens, q. start, q. end, s. start, s. end, evalue, bit score
# 1 hits found
2365696_40_+	NZ_CP072120.1	84.536	97	9	5	4	99	67694	67603	8.61e-20	91.6
# BLASTN 2.13.0+
# Query: 2387812_42_+
# Database: B._amyloliquefaciens_NZ_CP072120.1.fasta
# Fields: query acc.ver, subject acc.ver, % identity, alignment length, mismatches, gap opens, q. start, q. end, s. start, s. end, evalue, bit score
# 1 hits found
2387812_42_+	NZ_CP072120.1	87.368	95	11	1	1	94	91050	90956	8.55e-25	108
# BLASTN 2.13.0+
# Query: 2400177_31_+
# Database: B._amyloliquefaciens_NZ_CP072120.1.fasta
# Fields: query acc.ver, subject acc.ver, % identity, alignment length, mismatches, gap opens, q. start, q. end, s. start, s. end, evalue, bit score
# 1 hits found
2400177_31_+	NZ_CP072120.1	82.000	50	8	1	7	56	102267	102219	8.79e-05	41.7
# BLASTN 2.13.0+
# Query: 2402009_58_+
# Database: B._amyloliquefaciens_NZ_CP072120.1.fasta
# Fields: query acc.ver, subject acc.ver, % identity, alignment length, mismatches, gap opens, q. start, q. end, s. start, s. end, evalue, bit score
# 1 hits found
2402009_58_+	NZ_CP072120.1	87.059	85	10	1	1	84	104088	104004	6.66e-21	95.3
# BLASTN 2.13.0+
# Query: 2410015_38_-
# Database: B._amyloliquefaciens_NZ_CP072120.1.fasta
# Fields: query acc.ver, subject acc.ver, % identity, alignment length, mismatches, gap opens, q. start, q. end, s. start, s. end, evalue, bit score
# 1 hits found
2410015_38_-	NZ_CP072120.1	93.750	32	2	0	54	85	487253	487284	5.26e-07	49.1
# BLASTN 2.13.0+
# Query: 2409984_33_+
# Database: B._amyloliquefaciens_NZ_CP072120.1.fasta
# Fields: query acc.ver, subject acc.ver, % identity, alignment length, mismatches, gap opens, q. start, q. end, s. start, s. end, evalue, bit score
# 1 hits found
2409984_33_+	NZ_CP072120.1	93.750	32	2	0	51	82	487284	487253	5.26e-07	49.1
# BLASTN 2.13.0+
# Query: 2432281_35_+
# Database: B._amyloliquefaciens_NZ_CP072120.1.fasta
# Fields: query acc.ver, subject acc.ver, % identity, alignment length, mismatches, gap opens, q. start, q. end, s. start, s. end, evalue, bit score
# 1 hits found
2432281_35_+	NZ_CP072120.1	82.609	46	7	1	2	46	133793	133748	3.16e-04	39.9
# BLASTN 2.13.0+
# Query: 2449793_48_+
# Database: B._amyloliquefaciens_NZ_CP072120.1.fasta
# Fields: query acc.ver, subject acc.ver, % identity, alignment length, mismatches, gap opens, q. start, q. end, s. start, s. end, evalue, bit score
# 1 hits found
2449793_48_+	NZ_CP072120.1	88.000	50	5	1	50	99	149589	149541	8.73e-10	58.4
# BLASTN 2.13.0+
# Query: 2454287_60_+
# Database: B._amyloliquefaciens_NZ_CP072120.1.fasta
# 0 hits found
# BLASTN 2.13.0+
# Query: 2466214_42_-
# Database: B._amyloliquefaciens_NZ_CP072120.1.fasta
# 0 hits found
# BLASTN 2.13.0+
# Query: 2480673_48_-
# Database: B._amyloliquefaciens_NZ_CP072120.1.fasta
# 0 hits found
# BLASTN 2.13.0+
# Query: 2495870_45_-
# Database: B._amyloliquefaciens_NZ_CP072120.1.fasta
# 0 hits found
# BLASTN 2.13.0+
# Query: 2520528_29_+
# Database: B._amyloliquefaciens_NZ_CP072120.1.fasta
# Fields: query acc.ver, subject acc.ver, % identity, alignment length, mismatches, gap opens, q. start, q. end, s. start, s. end, evalue, bit score
# 1 hits found
2520528_29_+	NZ_CP072120.1	80.233	86	12	5	1	84	291161	291079	2.43e-10	60.2
# BLASTN 2.13.0+
# Query: 2528307_97_+
# Database: B._amyloliquefaciens_NZ_CP072120.1.fasta
# Fields: query acc.ver, subject acc.ver, % identity, alignment length, mismatches, gap opens, q. start, q. end, s. start, s. end, evalue, bit score
# 1 hits found
2528307_97_+	NZ_CP072120.1	89.655	58	4	2	32	88	298871	298815	3.12e-14	73.1
# BLASTN 2.13.0+
# Query: 2543407_33_+
# Database: B._amyloliquefaciens_NZ_CP072120.1.fasta
# 0 hits found
# BLASTN 2.13.0+
# Query: 2568530_43_+
# Database: B._amyloliquefaciens_NZ_CP072120.1.fasta
# 0 hits found
# BLASTN 2.13.0+
# Query: 2574342_66_+
# Database: B._amyloliquefaciens_NZ_CP072120.1.fasta
# Fields: query acc.ver, subject acc.ver, % identity, alignment length, mismatches, gap opens, q. start, q. end, s. start, s. end, evalue, bit score
# 1 hits found
2574342_66_+	NZ_CP072120.1	84.444	45	5	2	44	87	341895	341852	2.45e-05	43.6
# BLASTN 2.13.0+
# Query: 2585394_40_+
# Database: B._amyloliquefaciens_NZ_CP072120.1.fasta
# Fields: query acc.ver, subject acc.ver, % identity, alignment length, mismatches, gap opens, q. start, q. end, s. start, s. end, evalue, bit score
# 1 hits found
2585394_40_+	NZ_CP072120.1	90.698	43	4	0	3	45	351561	351519	8.73e-10	58.4
# BLASTN 2.13.0+
# Query: 2587899_97_+
# Database: B._amyloliquefaciens_NZ_CP072120.1.fasta
# 0 hits found
# BLASTN 2.13.0+
# Query: 2591415_30_-
# Database: B._amyloliquefaciens_NZ_CP072120.1.fasta
# 0 hits found
# BLASTN 2.13.0+
# Query: 2614456_40_+
# Database: B._amyloliquefaciens_NZ_CP072120.1.fasta
# Fields: query acc.ver, subject acc.ver, % identity, alignment length, mismatches, gap opens, q. start, q. end, s. start, s. end, evalue, bit score
# 1 hits found
2614456_40_+	NZ_CP072120.1	89.412	85	8	1	1	84	379469	379385	3.07e-24	106
# BLASTN 2.13.0+
# Query: 2619865_45_+
# Database: B._amyloliquefaciens_NZ_CP072120.1.fasta
# Fields: query acc.ver, subject acc.ver, % identity, alignment length, mismatches, gap opens, q. start, q. end, s. start, s. end, evalue, bit score
# 1 hits found
2619865_45_+	NZ_CP072120.1	85.417	96	14	0	5	100	384881	384786	1.43e-22	100
# BLASTN 2.13.0+
# Query: 2637542_39_-
# Database: B._amyloliquefaciens_NZ_CP072120.1.fasta
# 0 hits found
# BLASTN 2.13.0+
# Query: 2663348_58_-
# Database: B._amyloliquefaciens_NZ_CP072120.1.fasta
# 0 hits found
# BLASTN 2.13.0+
# Query: 2692614_43_-
# Database: B._amyloliquefaciens_NZ_CP072120.1.fasta
# 0 hits found
# BLASTN 2.13.0+
# Query: 2718880_79_+
# Database: B._amyloliquefaciens_NZ_CP072120.1.fasta
# 0 hits found
# BLASTN 2.13.0+
# Query: 2732918_62_+
# Database: B._amyloliquefaciens_NZ_CP072120.1.fasta
# 0 hits found
# BLASTN 2.13.0+
# Query: 2739178_73_-
# Database: B._amyloliquefaciens_NZ_CP072120.1.fasta
# 0 hits found
# BLASTN 2.13.0+
# Query: 2740905_59_-
# Database: B._amyloliquefaciens_NZ_CP072120.1.fasta
# Fields: query acc.ver, subject acc.ver, % identity, alignment length, mismatches, gap opens, q. start, q. end, s. start, s. end, evalue, bit score
# 1 hits found
2740905_59_-	NZ_CP072120.1	92.857	28	1	1	49	76	3640498	3640472	3.16e-04	39.9
# BLASTN 2.13.0+
# Query: 2769709_55_-
# Database: B._amyloliquefaciens_NZ_CP072120.1.fasta
# 0 hits found
# BLASTN 2.13.0+
# Query: 2788917_34_-
# Database: B._amyloliquefaciens_NZ_CP072120.1.fasta
# 0 hits found
# BLASTN 2.13.0+
# Query: 2788885_35_+
# Database: B._amyloliquefaciens_NZ_CP072120.1.fasta
# Fields: query acc.ver, subject acc.ver, % identity, alignment length, mismatches, gap opens, q. start, q. end, s. start, s. end, evalue, bit score
# 1 hits found
2788885_35_+	NZ_CP072120.1	92.683	41	3	0	9	49	456071	456031	2.43e-10	60.2
# BLASTN 2.13.0+
# Query: 2795857_30_+
# Database: B._amyloliquefaciens_NZ_CP072120.1.fasta
# Fields: query acc.ver, subject acc.ver, % identity, alignment length, mismatches, gap opens, q. start, q. end, s. start, s. end, evalue, bit score
# 1 hits found
2795857_30_+	NZ_CP072120.1	81.373	102	13	5	1	100	463068	462971	6.70e-16	78.7
# BLASTN 2.13.0+
# Query: 2806257_29_+
# Database: B._amyloliquefaciens_NZ_CP072120.1.fasta
# 0 hits found
# BLASTN 2.13.0+
# Query: 2813604_39_+
# Database: B._amyloliquefaciens_NZ_CP072120.1.fasta
# Fields: query acc.ver, subject acc.ver, % identity, alignment length, mismatches, gap opens, q. start, q. end, s. start, s. end, evalue, bit score
# 1 hits found
2813604_39_+	NZ_CP072120.1	77.632	76	14	3	10	83	480912	480838	2.45e-05	43.6
# BLASTN 2.13.0+
# Query: 2826860_40_+
# Database: B._amyloliquefaciens_NZ_CP072120.1.fasta
# Fields: query acc.ver, subject acc.ver, % identity, alignment length, mismatches, gap opens, q. start, q. end, s. start, s. end, evalue, bit score
# 1 hits found
2826860_40_+	NZ_CP072120.1	81.633	49	9	0	52	100	494042	493994	8.79e-05	41.7
# BLASTN 2.13.0+
# Query: 2841483_36_-
# Database: B._amyloliquefaciens_NZ_CP072120.1.fasta
# 0 hits found
# BLASTN 2.13.0+
# Query: 2866622_42_+
# Database: B._amyloliquefaciens_NZ_CP072120.1.fasta
# Fields: query acc.ver, subject acc.ver, % identity, alignment length, mismatches, gap opens, q. start, q. end, s. start, s. end, evalue, bit score
# 1 hits found
2866622_42_+	NZ_CP072120.1	87.500	72	5	4	28	97	527618	527549	1.86e-16	80.5
# BLASTN 2.13.0+
# Query: 2897043_51_+
# Database: B._amyloliquefaciens_NZ_CP072120.1.fasta
# Fields: query acc.ver, subject acc.ver, % identity, alignment length, mismatches, gap opens, q. start, q. end, s. start, s. end, evalue, bit score
# 1 hits found
2897043_51_+	NZ_CP072120.1	84.706	85	12	1	1	85	558235	558152	1.44e-17	84.2
# BLASTN 2.13.0+
# Query: 2903182_35_+
# Database: B._amyloliquefaciens_NZ_CP072120.1.fasta
# 0 hits found
# BLASTN 2.13.0+
# Query: 2909513_37_-
# Database: B._amyloliquefaciens_NZ_CP072120.1.fasta
# Fields: query acc.ver, subject acc.ver, % identity, alignment length, mismatches, gap opens, q. start, q. end, s. start, s. end, evalue, bit score
# 1 hits found
2909513_37_-	NZ_CP072120.1	86.905	84	8	2	1	82	579787	579869	8.61e-20	91.6
# BLASTN 2.13.0+
# Query: 2915328_37_+
# Database: B._amyloliquefaciens_NZ_CP072120.1.fasta
# 0 hits found
# BLASTN 2.13.0+
# Query: 2925066_34_+
# Database: B._amyloliquefaciens_NZ_CP072120.1.fasta
# Fields: query acc.ver, subject acc.ver, % identity, alignment length, mismatches, gap opens, q. start, q. end, s. start, s. end, evalue, bit score
# 1 hits found
2925066_34_+	NZ_CP072120.1	89.873	79	7	1	7	85	596093	596016	1.43e-22	100
# BLASTN 2.13.0+
# Query: 2952186_38_+
# Database: B._amyloliquefaciens_NZ_CP072120.1.fasta
# Fields: query acc.ver, subject acc.ver, % identity, alignment length, mismatches, gap opens, q. start, q. end, s. start, s. end, evalue, bit score
# 1 hits found
2952186_38_+	NZ_CP072120.1	87.500	64	6	2	2	64	622662	622600	3.12e-14	73.1
# BLASTN 2.13.0+
# Query: 2959254_38_-
# Database: B._amyloliquefaciens_NZ_CP072120.1.fasta
# 0 hits found
# BLASTN 2.13.0+
# Query: 2965645_36_+
# Database: B._amyloliquefaciens_NZ_CP072120.1.fasta
# Fields: query acc.ver, subject acc.ver, % identity, alignment length, mismatches, gap opens, q. start, q. end, s. start, s. end, evalue, bit score
# 1 hits found
2965645_36_+	NZ_CP072120.1	88.119	101	10	2	1	100	635340	635241	3.95e-28	119
# BLASTN 2.13.0+
# Query: 2978691_43_+
# Database: B._amyloliquefaciens_NZ_CP072120.1.fasta
# Fields: query acc.ver, subject acc.ver, % identity, alignment length, mismatches, gap opens, q. start, q. end, s. start, s. end, evalue, bit score
# 1 hits found
2978691_43_+	NZ_CP072120.1	83.333	102	12	5	1	100	648384	648286	3.10e-19	89.8
# BLASTN 2.13.0+
# Query: 2987695_36_+
# Database: B._amyloliquefaciens_NZ_CP072120.1.fasta
# Fields: query acc.ver, subject acc.ver, % identity, alignment length, mismatches, gap opens, q. start, q. end, s. start, s. end, evalue, bit score
# 1 hits found
2987695_36_+	NZ_CP072120.1	91.954	87	7	0	1	87	662408	662322	3.05e-29	122
# BLASTN 2.13.0+
# Query: 3009872_43_+
# Database: B._amyloliquefaciens_NZ_CP072120.1.fasta
# Fields: query acc.ver, subject acc.ver, % identity, alignment length, mismatches, gap opens, q. start, q. end, s. start, s. end, evalue, bit score
# 1 hits found
3009872_43_+	NZ_CP072120.1	86.842	38	5	0	1	38	673419	673382	2.45e-05	43.6
# BLASTN 2.13.0+
# Query: 3015071_40_+
# Database: B._amyloliquefaciens_NZ_CP072120.1.fasta
# Fields: query acc.ver, subject acc.ver, % identity, alignment length, mismatches, gap opens, q. start, q. end, s. start, s. end, evalue, bit score
# 1 hits found
3015071_40_+	NZ_CP072120.1	76.344	93	17	4	1	89	678623	678532	6.80e-06	45.4
# BLASTN 2.13.0+
# Query: 3019500_33_+
# Database: B._amyloliquefaciens_NZ_CP072120.1.fasta
# Fields: query acc.ver, subject acc.ver, % identity, alignment length, mismatches, gap opens, q. start, q. end, s. start, s. end, evalue, bit score
# 1 hits found
3019500_33_+	NZ_CP072120.1	81.538	65	8	4	40	100	682976	682912	1.46e-07	51.0
# BLASTN 2.13.0+
# Query: 3029673_56_+
# Database: B._amyloliquefaciens_NZ_CP072120.1.fasta
# 0 hits found
# BLASTN 2.13.0+
# Query: 3036562_41_+
# Database: B._amyloliquefaciens_NZ_CP072120.1.fasta
# Fields: query acc.ver, subject acc.ver, % identity, alignment length, mismatches, gap opens, q. start, q. end, s. start, s. end, evalue, bit score
# 1 hits found
3036562_41_+	NZ_CP072120.1	84.314	51	6	2	1	50	712322	712273	5.26e-07	49.1
# BLASTN 2.13.0+
# Query: 3048145_32_+
# Database: B._amyloliquefaciens_NZ_CP072120.1.fasta
# Fields: query acc.ver, subject acc.ver, % identity, alignment length, mismatches, gap opens, q. start, q. end, s. start, s. end, evalue, bit score
# 1 hits found
3048145_32_+	NZ_CP072120.1	86.076	79	7	2	5	79	723818	723740	5.18e-17	82.4
# BLASTN 2.13.0+
# Query: 3056846_50_-
# Database: B._amyloliquefaciens_NZ_CP072120.1.fasta
# Fields: query acc.ver, subject acc.ver, % identity, alignment length, mismatches, gap opens, q. start, q. end, s. start, s. end, evalue, bit score
# 1 hits found
3056846_50_-	NZ_CP072120.1	84.746	59	7	2	1	59	732044	732100	8.73e-10	58.4
# BLASTN 2.13.0+
# Query: 3072707_36_+
# Database: B._amyloliquefaciens_NZ_CP072120.1.fasta
# 0 hits found
# BLASTN 2.13.0+
# Query: 3102587_42_+
# Database: B._amyloliquefaciens_NZ_CP072120.1.fasta
# Fields: query acc.ver, subject acc.ver, % identity, alignment length, mismatches, gap opens, q. start, q. end, s. start, s. end, evalue, bit score
# 1 hits found
3102587_42_+	NZ_CP072120.1	93.103	29	1	1	13	40	758373	758345	8.79e-05	41.7
# BLASTN 2.13.0+
# Query: 3124097_92_-
# Database: B._amyloliquefaciens_NZ_CP072120.1.fasta
# 0 hits found
# BLASTN 2.13.0+
# Query: 3127788_37_+
# Database: B._amyloliquefaciens_NZ_CP072120.1.fasta
# Fields: query acc.ver, subject acc.ver, % identity, alignment length, mismatches, gap opens, q. start, q. end, s. start, s. end, evalue, bit score
# 1 hits found
3127788_37_+	NZ_CP072120.1	87.805	82	5	3	6	86	789191	789114	8.61e-20	91.6
# BLASTN 2.13.0+
# Query: 3148845_56_+
# Database: B._amyloliquefaciens_NZ_CP072120.1.fasta
# Fields: query acc.ver, subject acc.ver, % identity, alignment length, mismatches, gap opens, q. start, q. end, s. start, s. end, evalue, bit score
# 1 hits found
3148845_56_+	NZ_CP072120.1	80.392	102	14	6	1	100	806394	806297	3.12e-14	73.1
# BLASTN 2.13.0+
# Query: 3171975_1_+
# Database: B._amyloliquefaciens_NZ_CP072120.1.fasta
# Fields: query acc.ver, subject acc.ver, % identity, alignment length, mismatches, gap opens, q. start, q. end, s. start, s. end, evalue, bit score
# 1 hits found
3171975_1_+	NZ_CP072120.1	100.000	85	0	0	1	85	813026	812942	8.37e-40	158
# BLASTN 2.13.0+
# Query: 3172246_1_+
# Database: B._amyloliquefaciens_NZ_CP072120.1.fasta
# Fields: query acc.ver, subject acc.ver, % identity, alignment length, mismatches, gap opens, q. start, q. end, s. start, s. end, evalue, bit score
# 1 hits found
3172246_1_+	NZ_CP072120.1	97.826	92	2	0	9	100	813289	813198	2.33e-40	159
# BLASTN 2.13.0+
# Query: 3172330_1_+
# Database: B._amyloliquefaciens_NZ_CP072120.1.fasta
# Fields: query acc.ver, subject acc.ver, % identity, alignment length, mismatches, gap opens, q. start, q. end, s. start, s. end, evalue, bit score
# 1 hits found
3172330_1_+	NZ_CP072120.1	94.845	97	3	2	4	100	813376	813282	1.40e-37	150
# BLASTN 2.13.0+
# Query: 3173403_1_+
# Database: B._amyloliquefaciens_NZ_CP072120.1.fasta
# Fields: query acc.ver, subject acc.ver, % identity, alignment length, mismatches, gap opens, q. start, q. end, s. start, s. end, evalue, bit score
# 1 hits found
3173403_1_+	NZ_CP072120.1	100.000	80	0	0	1	80	814460	814381	5.04e-37	148
# BLASTN 2.13.0+
# Query: 3179266_60_-
# Database: B._amyloliquefaciens_NZ_CP072120.1.fasta
# Fields: query acc.ver, subject acc.ver, % identity, alignment length, mismatches, gap opens, q. start, q. end, s. start, s. end, evalue, bit score
# 1 hits found
3179266_60_-	NZ_CP072120.1	82.857	105	13	4	1	100	820104	820208	3.10e-19	89.8
# BLASTN 2.13.0+
# Query: 3183830_37_+
# Database: B._amyloliquefaciens_NZ_CP072120.1.fasta
# Fields: query acc.ver, subject acc.ver, % identity, alignment length, mismatches, gap opens, q. start, q. end, s. start, s. end, evalue, bit score
# 1 hits found
3183830_37_+	NZ_CP072120.1	87.234	94	9	2	1	91	825541	825448	1.11e-23	104
# BLASTN 2.13.0+
# Query: 3188080_32_-
# Database: B._amyloliquefaciens_NZ_CP072120.1.fasta
# 0 hits found
# BLASTN 2.13.0+
# Query: 3190429_33_+
# Database: B._amyloliquefaciens_NZ_CP072120.1.fasta
# Fields: query acc.ver, subject acc.ver, % identity, alignment length, mismatches, gap opens, q. start, q. end, s. start, s. end, evalue, bit score
# 1 hits found
3190429_33_+	NZ_CP072120.1	85.714	42	5	1	44	85	1065566	1065606	2.45e-05	43.6
# BLASTN 2.13.0+
# Query: 3194595_40_+
# Database: B._amyloliquefaciens_NZ_CP072120.1.fasta
# 0 hits found
# BLASTN 2.13.0+
# Query: 3220690_41_+
# Database: B._amyloliquefaciens_NZ_CP072120.1.fasta
# Fields: query acc.ver, subject acc.ver, % identity, alignment length, mismatches, gap opens, q. start, q. end, s. start, s. end, evalue, bit score
# 1 hits found
3220690_41_+	NZ_CP072120.1	90.698	43	4	0	1	43	857724	857682	8.73e-10	58.4
# BLASTN 2.13.0+
# Query: 3223430_41_+
# Database: B._amyloliquefaciens_NZ_CP072120.1.fasta
# 0 hits found
# BLASTN 2.13.0+
# Query: 3229986_45_-
# Database: B._amyloliquefaciens_NZ_CP072120.1.fasta
# 0 hits found
# BLASTN 2.13.0+
# Query: 3236406_16_+
# Database: B._amyloliquefaciens_NZ_CP072120.1.fasta
# Fields: query acc.ver, subject acc.ver, % identity, alignment length, mismatches, gap opens, q. start, q. end, s. start, s. end, evalue, bit score
# 1 hits found
3236406_16_+	NZ_CP072120.1	96.203	79	3	0	1	79	875124	875046	1.82e-31	130
# BLASTN 2.13.0+
# Query: 3253484_45_+
# Database: B._amyloliquefaciens_NZ_CP072120.1.fasta
# Fields: query acc.ver, subject acc.ver, % identity, alignment length, mismatches, gap opens, q. start, q. end, s. start, s. end, evalue, bit score
# 1 hits found
3253484_45_+	NZ_CP072120.1	83.000	100	17	0	1	100	890720	890621	8.61e-20	91.6
# BLASTN 2.13.0+
# Query: 3262298_32_+
# Database: B._amyloliquefaciens_NZ_CP072120.1.fasta
# Fields: query acc.ver, subject acc.ver, % identity, alignment length, mismatches, gap opens, q. start, q. end, s. start, s. end, evalue, bit score
# 1 hits found
3262298_32_+	NZ_CP072120.1	80.000	55	11	0	40	94	899439	899385	8.79e-05	41.7
# BLASTN 2.13.0+
# Query: 3280286_36_-
# Database: B._amyloliquefaciens_NZ_CP072120.1.fasta
# 0 hits found
# BLASTN 2.13.0+
# Query: 3293476_97_+
# Database: B._amyloliquefaciens_NZ_CP072120.1.fasta
# 0 hits found
# BLASTN 2.13.0+
# Query: 3304073_51_-
# Database: B._amyloliquefaciens_NZ_CP072120.1.fasta
# 0 hits found
# BLASTN 2.13.0+
# Query: 3304025_71_+
# Database: B._amyloliquefaciens_NZ_CP072120.1.fasta
# 0 hits found
# BLASTN 2.13.0+
# Query: 3306975_42_+
# Database: B._amyloliquefaciens_NZ_CP072120.1.fasta
# Fields: query acc.ver, subject acc.ver, % identity, alignment length, mismatches, gap opens, q. start, q. end, s. start, s. end, evalue, bit score
# 1 hits found
3306975_42_+	NZ_CP072120.1	89.362	94	5	4	10	100	947667	947576	1.84e-26	113
# BLASTN 2.13.0+
# Query: 3352251_61_+
# Database: B._amyloliquefaciens_NZ_CP072120.1.fasta
# 0 hits found
# BLASTN 2.13.0+
# Query: 3361729_38_+
# Database: B._amyloliquefaciens_NZ_CP072120.1.fasta
# Fields: query acc.ver, subject acc.ver, % identity, alignment length, mismatches, gap opens, q. start, q. end, s. start, s. end, evalue, bit score
# 1 hits found
3361729_38_+	NZ_CP072120.1	87.209	86	11	0	5	90	995433	995348	5.15e-22	99.0
# BLASTN 2.13.0+
# Query: 3384063_37_-
# Database: B._amyloliquefaciens_NZ_CP072120.1.fasta
# Fields: query acc.ver, subject acc.ver, % identity, alignment length, mismatches, gap opens, q. start, q. end, s. start, s. end, evalue, bit score
# 1 hits found
3384063_37_-	NZ_CP072120.1	77.011	87	14	5	1	81	1018357	1018443	6.80e-06	45.4
# BLASTN 2.13.0+
# Query: 3400487_50_+
# Database: B._amyloliquefaciens_NZ_CP072120.1.fasta
# 0 hits found
# BLASTN 2.13.0+
# Query: 3415354_33_+
# Database: B._amyloliquefaciens_NZ_CP072120.1.fasta
# 0 hits found
# BLASTN 2.13.0+
# Query: 3419619_37_+
# Database: B._amyloliquefaciens_NZ_CP072120.1.fasta
# 0 hits found
# BLASTN 2.13.0+
# Query: 3428289_42_+
# Database: B._amyloliquefaciens_NZ_CP072120.1.fasta
# Fields: query acc.ver, subject acc.ver, % identity, alignment length, mismatches, gap opens, q. start, q. end, s. start, s. end, evalue, bit score
# 1 hits found
3428289_42_+	NZ_CP072120.1	84.000	50	6	2	4	53	1065645	1065598	1.89e-06	47.3
# BLASTN 2.13.0+
# Query: 3436807_42_+
# Database: B._amyloliquefaciens_NZ_CP072120.1.fasta
# Fields: query acc.ver, subject acc.ver, % identity, alignment length, mismatches, gap opens, q. start, q. end, s. start, s. end, evalue, bit score
# 1 hits found
3436807_42_+	NZ_CP072120.1	85.714	42	5	1	48	89	1074185	1074145	2.45e-05	43.6
# BLASTN 2.13.0+
# Query: 3441092_29_+
# Database: B._amyloliquefaciens_NZ_CP072120.1.fasta
# Fields: query acc.ver, subject acc.ver, % identity, alignment length, mismatches, gap opens, q. start, q. end, s. start, s. end, evalue, bit score
# 1 hits found
3441092_29_+	NZ_CP072120.1	74.757	103	21	4	2	100	1079376	1079275	8.79e-05	41.7
# BLASTN 2.13.0+
# Query: 3445440_35_-
# Database: B._amyloliquefaciens_NZ_CP072120.1.fasta
# 0 hits found
# BLASTN 2.13.0+
# Query: 3455048_45_+
# Database: B._amyloliquefaciens_NZ_CP072120.1.fasta
# Fields: query acc.ver, subject acc.ver, % identity, alignment length, mismatches, gap opens, q. start, q. end, s. start, s. end, evalue, bit score
# 1 hits found
3455048_45_+	NZ_CP072120.1	87.805	82	10	0	1	82	1101968	1101887	1.85e-21	97.1
# BLASTN 2.13.0+
# Query: 3464095_28_-
# Database: B._amyloliquefaciens_NZ_CP072120.1.fasta
# Fields: query acc.ver, subject acc.ver, % identity, alignment length, mismatches, gap opens, q. start, q. end, s. start, s. end, evalue, bit score
# 1 hits found
3464095_28_-	NZ_CP072120.1	84.211	57	8	1	3	58	1112625	1112681	1.13e-08	54.7
# BLASTN 2.13.0+
# Query: 3464102_35_-
# Database: B._amyloliquefaciens_NZ_CP072120.1.fasta
# Fields: query acc.ver, subject acc.ver, % identity, alignment length, mismatches, gap opens, q. start, q. end, s. start, s. end, evalue, bit score
# 1 hits found
3464102_35_-	NZ_CP072120.1	84.615	52	7	1	1	51	1112630	1112681	1.46e-07	51.0
# BLASTN 2.13.0+
# Query: 3473283_43_-
# Database: B._amyloliquefaciens_NZ_CP072120.1.fasta
# 0 hits found
# BLASTN 2.13.0+
# Query: 3491284_38_+
# Database: B._amyloliquefaciens_NZ_CP072120.1.fasta
# Fields: query acc.ver, subject acc.ver, % identity, alignment length, mismatches, gap opens, q. start, q. end, s. start, s. end, evalue, bit score
# 1 hits found
3491284_38_+	NZ_CP072120.1	86.000	50	5	2	1	50	1148615	1148568	4.06e-08	52.8
# BLASTN 2.13.0+
# Query: 3501645_48_-
# Database: B._amyloliquefaciens_NZ_CP072120.1.fasta
# 0 hits found
# BLASTN 2.13.0+
# Query: 3509748_83_+
# Database: B._amyloliquefaciens_NZ_CP072120.1.fasta
# 0 hits found
# BLASTN 2.13.0+
# Query: 3545830_59_+
# Database: B._amyloliquefaciens_NZ_CP072120.1.fasta
# Fields: query acc.ver, subject acc.ver, % identity, alignment length, mismatches, gap opens, q. start, q. end, s. start, s. end, evalue, bit score
# 1 hits found
3545830_59_+	NZ_CP072120.1	89.796	49	1	4	43	90	1187793	1187748	2.43e-10	60.2
# BLASTN 2.13.0+
# Query: 3563578_35_-
# Database: B._amyloliquefaciens_NZ_CP072120.1.fasta
# Fields: query acc.ver, subject acc.ver, % identity, alignment length, mismatches, gap opens, q. start, q. end, s. start, s. end, evalue, bit score
# 1 hits found
3563578_35_-	NZ_CP072120.1	83.333	48	5	3	14	59	1205476	1205522	8.79e-05	41.7
# BLASTN 2.13.0+
# Query: 3574319_44_+
# Database: B._amyloliquefaciens_NZ_CP072120.1.fasta
# Fields: query acc.ver, subject acc.ver, % identity, alignment length, mismatches, gap opens, q. start, q. end, s. start, s. end, evalue, bit score
# 1 hits found
3574319_44_+	NZ_CP072120.1	86.765	68	8	1	19	86	1211977	1211911	8.67e-15	75.0
# BLASTN 2.13.0+
# Query: 3579635_44_+
# Database: B._amyloliquefaciens_NZ_CP072120.1.fasta
# 0 hits found
# BLASTN 2.13.0+
# Query: 3609996_68_+
# Database: B._amyloliquefaciens_NZ_CP072120.1.fasta
# 0 hits found
# BLASTN 2.13.0+
# Query: 3625698_43_+
# Database: B._amyloliquefaciens_NZ_CP072120.1.fasta
# 0 hits found
# BLASTN 2.13.0+
# Query: 3637311_27_+
# Database: B._amyloliquefaciens_NZ_CP072120.1.fasta
# 0 hits found
# BLASTN 2.13.0+
# Query: 3648618_37_-
# Database: B._amyloliquefaciens_NZ_CP072120.1.fasta
# 0 hits found
# BLASTN 2.13.0+
# Query: 3676108_51_+
# Database: B._amyloliquefaciens_NZ_CP072120.1.fasta
# 0 hits found
# BLASTN 2.13.0+
# Query: 3683355_37_-
# Database: B._amyloliquefaciens_NZ_CP072120.1.fasta
# 0 hits found
# BLASTN 2.13.0+
# Query: 3687565_32_+
# Database: B._amyloliquefaciens_NZ_CP072120.1.fasta
# 0 hits found
# BLASTN 2.13.0+
# Query: 3696255_32_-
# Database: B._amyloliquefaciens_NZ_CP072120.1.fasta
# 0 hits found
# BLASTN 2.13.0+
# Query: 3708133_39_+
# Database: B._amyloliquefaciens_NZ_CP072120.1.fasta
# 0 hits found
# BLASTN 2.13.0+
# Query: 3724386_34_+
# Database: B._amyloliquefaciens_NZ_CP072120.1.fasta
# Fields: query acc.ver, subject acc.ver, % identity, alignment length, mismatches, gap opens, q. start, q. end, s. start, s. end, evalue, bit score
# 1 hits found
3724386_34_+	NZ_CP072120.1	96.429	56	2	0	1	56	1352384	1352329	2.39e-20	93.5
# BLASTN 2.13.0+
# Query: 3731791_31_+
# Database: B._amyloliquefaciens_NZ_CP072120.1.fasta
# 0 hits found
# BLASTN 2.13.0+
# Query: 3740111_95_+
# Database: B._amyloliquefaciens_NZ_CP072120.1.fasta
# 0 hits found
# BLASTN 2.13.0+
# Query: 3743687_45_+
# Database: B._amyloliquefaciens_NZ_CP072120.1.fasta
# 0 hits found
# BLASTN 2.13.0+
# Query: 3753897_36_+
# Database: B._amyloliquefaciens_NZ_CP072120.1.fasta
# 0 hits found
# BLASTN 2.13.0+
# Query: 3761752_52_-
# Database: B._amyloliquefaciens_NZ_CP072120.1.fasta
# 0 hits found
# BLASTN 2.13.0+
# Query: 3766156_22_+
# Database: B._amyloliquefaciens_NZ_CP072120.1.fasta
# Fields: query acc.ver, subject acc.ver, % identity, alignment length, mismatches, gap opens, q. start, q. end, s. start, s. end, evalue, bit score
# 1 hits found
3766156_22_+	NZ_CP072120.1	81.159	69	13	0	6	74	1393781	1393713	3.14e-09	56.5
# BLASTN 2.13.0+
# Query: 3772280_45_+
# Database: B._amyloliquefaciens_NZ_CP072120.1.fasta
# Fields: query acc.ver, subject acc.ver, % identity, alignment length, mismatches, gap opens, q. start, q. end, s. start, s. end, evalue, bit score
# 1 hits found
3772280_45_+	NZ_CP072120.1	96.875	32	1	0	4	35	1399237	1399206	1.13e-08	54.7
# BLASTN 2.13.0+
# Query: 3786553_67_+
# Database: B._amyloliquefaciens_NZ_CP072120.1.fasta
# Fields: query acc.ver, subject acc.ver, % identity, alignment length, mismatches, gap opens, q. start, q. end, s. start, s. end, evalue, bit score
# 1 hits found
3786553_67_+	NZ_CP072120.1	96.907	97	3	0	1	97	1413240	1413144	1.80e-41	163
# BLASTN 2.13.0+
# Query: 3789146_44_+
# Database: B._amyloliquefaciens_NZ_CP072120.1.fasta
# Fields: query acc.ver, subject acc.ver, % identity, alignment length, mismatches, gap opens, q. start, q. end, s. start, s. end, evalue, bit score
# 1 hits found
3789146_44_+	NZ_CP072120.1	77.228	101	20	3	1	99	1415829	1415730	3.14e-09	56.5
# BLASTN 2.13.0+
# Query: 3795869_16_-
# Database: B._amyloliquefaciens_NZ_CP072120.1.fasta
# Fields: query acc.ver, subject acc.ver, % identity, alignment length, mismatches, gap opens, q. start, q. end, s. start, s. end, evalue, bit score
# 1 hits found
3795869_16_-	NZ_CP072120.1	80.769	52	10	0	2	53	1422328	1422379	8.79e-05	41.7
# BLASTN 2.13.0+
# Query: 3802349_56_+
# Database: B._amyloliquefaciens_NZ_CP072120.1.fasta
# 0 hits found
# BLASTN 2.13.0+
# Query: 3802350_55_+
# Database: B._amyloliquefaciens_NZ_CP072120.1.fasta
# 0 hits found
# BLASTN 2.13.0+
# Query: 3805053_37_+
# Database: B._amyloliquefaciens_NZ_CP072120.1.fasta
# Fields: query acc.ver, subject acc.ver, % identity, alignment length, mismatches, gap opens, q. start, q. end, s. start, s. end, evalue, bit score
# 1 hits found
3805053_37_+	NZ_CP072120.1	80.198	101	14	6	3	100	1431628	1431531	1.12e-13	71.3
# BLASTN 2.13.0+
# Query: 3810692_81_-
# Database: B._amyloliquefaciens_NZ_CP072120.1.fasta
# Fields: query acc.ver, subject acc.ver, % identity, alignment length, mismatches, gap opens, q. start, q. end, s. start, s. end, evalue, bit score
# 1 hits found
3810692_81_-	NZ_CP072120.1	85.246	61	6	3	41	100	1437038	1437096	2.43e-10	60.2
# BLASTN 2.13.0+
# Query: 3810647_46_+
# Database: B._amyloliquefaciens_NZ_CP072120.1.fasta
# Fields: query acc.ver, subject acc.ver, % identity, alignment length, mismatches, gap opens, q. start, q. end, s. start, s. end, evalue, bit score
# 1 hits found
3810647_46_+	NZ_CP072120.1	82.927	82	11	3	1	81	1437117	1437038	1.12e-13	71.3
# BLASTN 2.13.0+
# Query: 3833606_44_+
# Database: B._amyloliquefaciens_NZ_CP072120.1.fasta
# Fields: query acc.ver, subject acc.ver, % identity, alignment length, mismatches, gap opens, q. start, q. end, s. start, s. end, evalue, bit score
# 1 hits found
3833606_44_+	NZ_CP072120.1	90.099	101	7	3	1	100	1458793	1458695	6.56e-31	128
# BLASTN 2.13.0+
# Query: 3848748_38_+
# Database: B._amyloliquefaciens_NZ_CP072120.1.fasta
# Fields: query acc.ver, subject acc.ver, % identity, alignment length, mismatches, gap opens, q. start, q. end, s. start, s. end, evalue, bit score
# 1 hits found
3848748_38_+	NZ_CP072120.1	89.899	99	9	1	1	99	1469586	1469489	2.36e-30	126
# BLASTN 2.13.0+
# Query: 3853711_37_-
# Database: B._amyloliquefaciens_NZ_CP072120.1.fasta
# Fields: query acc.ver, subject acc.ver, % identity, alignment length, mismatches, gap opens, q. start, q. end, s. start, s. end, evalue, bit score
# 1 hits found
3853711_37_-	NZ_CP072120.1	80.303	66	11	2	2	65	1474684	1474749	5.26e-07	49.1
# BLASTN 2.13.0+
# Query: 3858955_44_+
# Database: B._amyloliquefaciens_NZ_CP072120.1.fasta
# Fields: query acc.ver, subject acc.ver, % identity, alignment length, mismatches, gap opens, q. start, q. end, s. start, s. end, evalue, bit score
# 1 hits found
3858955_44_+	NZ_CP072120.1	84.615	39	6	0	2	40	1477053	1477015	3.16e-04	39.9
# BLASTN 2.13.0+
# Query: 3865308_47_+
# Database: B._amyloliquefaciens_NZ_CP072120.1.fasta
# 0 hits found
# BLASTN 2.13.0+
# Query: 3878914_52_+
# Database: B._amyloliquefaciens_NZ_CP072120.1.fasta
# 0 hits found
# BLASTN 2.13.0+
# Query: 3914277_38_+
# Database: B._amyloliquefaciens_NZ_CP072120.1.fasta
# 0 hits found
# BLASTN 2.13.0+
# Query: 3935822_34_-
# Database: B._amyloliquefaciens_NZ_CP072120.1.fasta
# 0 hits found
# BLASTN 2.13.0+
# Query: 3983186_13_-
# Database: B._amyloliquefaciens_NZ_CP072120.1.fasta
# 0 hits found
# BLASTN 2.13.0+
# Query: 3989875_73_+
# Database: B._amyloliquefaciens_NZ_CP072120.1.fasta
# 0 hits found
# BLASTN 2.13.0+
# Query: 3989912_36_+
# Database: B._amyloliquefaciens_NZ_CP072120.1.fasta
# 0 hits found
# BLASTN 2.13.0+
# Query: 4005716_91_-
# Database: B._amyloliquefaciens_NZ_CP072120.1.fasta
# Fields: query acc.ver, subject acc.ver, % identity, alignment length, mismatches, gap opens, q. start, q. end, s. start, s. end, evalue, bit score
# 1 hits found
4005716_91_-	NZ_CP072120.1	88.235	85	8	2	14	97	1620349	1620432	1.43e-22	100
# BLASTN 2.13.0+
# Query: 4042009_71_-
# Database: B._amyloliquefaciens_NZ_CP072120.1.fasta
# Fields: query acc.ver, subject acc.ver, % identity, alignment length, mismatches, gap opens, q. start, q. end, s. start, s. end, evalue, bit score
# 1 hits found
4042009_71_-	NZ_CP072120.1	88.000	100	12	0	1	100	1649878	1649977	3.95e-28	119
# BLASTN 2.13.0+
# Query: 4068183_35_-
# Database: B._amyloliquefaciens_NZ_CP072120.1.fasta
# Fields: query acc.ver, subject acc.ver, % identity, alignment length, mismatches, gap opens, q. start, q. end, s. start, s. end, evalue, bit score
# 1 hits found
4068183_35_-	NZ_CP072120.1	95.050	101	3	2	1	100	1665636	1665735	8.37e-40	158
# BLASTN 2.13.0+
# Query: 4074839_57_+
# Database: B._amyloliquefaciens_NZ_CP072120.1.fasta
# Fields: query acc.ver, subject acc.ver, % identity, alignment length, mismatches, gap opens, q. start, q. end, s. start, s. end, evalue, bit score
# 1 hits found
4074839_57_+	NZ_CP072120.1	82.000	100	15	2	4	100	1672447	1672348	5.18e-17	82.4
# BLASTN 2.13.0+
# Query: 4086578_38_-
# Database: B._amyloliquefaciens_NZ_CP072120.1.fasta
# Fields: query acc.ver, subject acc.ver, % identity, alignment length, mismatches, gap opens, q. start, q. end, s. start, s. end, evalue, bit score
# 1 hits found
4086578_38_-	NZ_CP072120.1	86.667	45	2	3	42	85	480879	480838	1.89e-06	47.3
# BLASTN 2.13.0+
# Query: 4109138_47_+
# Database: B._amyloliquefaciens_NZ_CP072120.1.fasta
# 0 hits found
# BLASTN 2.13.0+
# Query: 4154975_78_+
# Database: B._amyloliquefaciens_NZ_CP072120.1.fasta
# Fields: query acc.ver, subject acc.ver, % identity, alignment length, mismatches, gap opens, q. start, q. end, s. start, s. end, evalue, bit score
# 1 hits found
4154975_78_+	NZ_CP072120.1	87.500	104	8	4	1	100	1749227	1749125	5.11e-27	115
# BLASTN 2.13.0+
# Query: 4173636_85_-
# Database: B._amyloliquefaciens_NZ_CP072120.1.fasta
# 0 hits found
# BLASTN 2.13.0+
# Query: 4187252_78_-
# Database: B._amyloliquefaciens_NZ_CP072120.1.fasta
# 0 hits found
# BLASTN 2.13.0+
# Query: 4198556_47_+
# Database: B._amyloliquefaciens_NZ_CP072120.1.fasta
# Fields: query acc.ver, subject acc.ver, % identity, alignment length, mismatches, gap opens, q. start, q. end, s. start, s. end, evalue, bit score
# 1 hits found
4198556_47_+	NZ_CP072120.1	83.721	86	10	2	1	85	1795571	1795489	6.70e-16	78.7
# BLAST processed 260 queries
