# BLASTN 2.13.0+
# Query: 1004944_110_-
# Database: B._anthracis_NC_007530.2.fasta
# 0 hits found
# BLASTN 2.13.0+
# Query: 1008561_42_-
# Database: B._anthracis_NC_007530.2.fasta
# 0 hits found
# BLASTN 2.13.0+
# Query: 1035272_45_-
# Database: B._anthracis_NC_007530.2.fasta
# 0 hits found
# BLASTN 2.13.0+
# Query: 1040061_37_-
# Database: B._anthracis_NC_007530.2.fasta
# 0 hits found
# BLASTN 2.13.0+
# Query: 1055135_36_-
# Database: B._anthracis_NC_007530.2.fasta
# 0 hits found
# BLASTN 2.13.0+
# Query: 1070325_39_+
# Database: B._anthracis_NC_007530.2.fasta
# 0 hits found
# BLASTN 2.13.0+
# Query: 1074602_44_+
# Database: B._anthracis_NC_007530.2.fasta
# 0 hits found
# BLASTN 2.13.0+
# Query: 2905532_39_+
# Database: B._anthracis_NC_007530.2.fasta
# 0 hits found
# BLASTN 2.13.0+
# Query: 1083202_27_+
# Database: B._anthracis_NC_007530.2.fasta
# 0 hits found
# BLASTN 2.13.0+
# Query: 1098079_41_+
# Database: B._anthracis_NC_007530.2.fasta
# 0 hits found
# BLASTN 2.13.0+
# Query: 1107559_43_-
# Database: B._anthracis_NC_007530.2.fasta
# 0 hits found
# BLASTN 2.13.0+
# Query: 1124994_29_-
# Database: B._anthracis_NC_007530.2.fasta
# 0 hits found
# BLASTN 2.13.0+
# Query: 1153665_44_-
# Database: B._anthracis_NC_007530.2.fasta
# 0 hits found
# BLASTN 2.13.0+
# Query: 1165429_20_+
# Database: B._anthracis_NC_007530.2.fasta
# 0 hits found
# BLASTN 2.13.0+
# Query: 1182442_47_-
# Database: B._anthracis_NC_007530.2.fasta
# 0 hits found
# BLASTN 2.13.0+
# Query: 1204688_43_+
# Database: B._anthracis_NC_007530.2.fasta
# 0 hits found
# BLASTN 2.13.0+
# Query: 1372590_37_-
# Database: B._anthracis_NC_007530.2.fasta
# 0 hits found
# BLASTN 2.13.0+
# Query: 1219137_27_+
# Database: B._anthracis_NC_007530.2.fasta
# Fields: query acc.ver, subject acc.ver, % identity, alignment length, mismatches, gap opens, q. start, q. end, s. start, s. end, evalue, bit score
# 1 hits found
1219137_27_+	NC_007530.2	91.429	35	3	0	20	54	1152523	1152489	6.77e-07	49.1
# BLASTN 2.13.0+
# Query: 1233579_35_+
# Database: B._anthracis_NC_007530.2.fasta
# 0 hits found
# BLASTN 2.13.0+
# Query: 1248607_43_-
# Database: B._anthracis_NC_007530.2.fasta
# 0 hits found
# BLASTN 2.13.0+
# Query: 1262894_33_-
# Database: B._anthracis_NC_007530.2.fasta
# Fields: query acc.ver, subject acc.ver, % identity, alignment length, mismatches, gap opens, q. start, q. end, s. start, s. end, evalue, bit score
# 1 hits found
1262894_33_-	NC_007530.2	89.744	39	2	2	1	38	1232649	1232612	6.77e-07	49.1
# BLASTN 2.13.0+
# Query: 1265471_94_-
# Database: B._anthracis_NC_007530.2.fasta
# 0 hits found
# BLASTN 2.13.0+
# Query: 1272604_27_-
# Database: B._anthracis_NC_007530.2.fasta
# 0 hits found
# BLASTN 2.13.0+
# Query: 1289988_49_-
# Database: B._anthracis_NC_007530.2.fasta
# 0 hits found
# BLASTN 2.13.0+
# Query: 1294993_43_-
# Database: B._anthracis_NC_007530.2.fasta
# 0 hits found
# BLASTN 2.13.0+
# Query: 1300317_65_-
# Database: B._anthracis_NC_007530.2.fasta
# 0 hits found
# BLASTN 2.13.0+
# Query: 1313795_45_+
# Database: B._anthracis_NC_007530.2.fasta
# 0 hits found
# BLASTN 2.13.0+
# Query: 1320566_40_-
# Database: B._anthracis_NC_007530.2.fasta
# 0 hits found
# BLASTN 2.13.0+
# Query: 1334297_50_-
# Database: B._anthracis_NC_007530.2.fasta
# 0 hits found
# BLASTN 2.13.0+
# Query: 1349432_36_+
# Database: B._anthracis_NC_007530.2.fasta
# 0 hits found
# BLASTN 2.13.0+
# Query: 1354072_42_-
# Database: B._anthracis_NC_007530.2.fasta
# 0 hits found
# BLASTN 2.13.0+
# Query: 1360294_22_-
# Database: B._anthracis_NC_007530.2.fasta
# 0 hits found
# BLASTN 2.13.0+
# Query: 1376475_36_-
# Database: B._anthracis_NC_007530.2.fasta
# 0 hits found
# BLASTN 2.13.0+
# Query: 1378467_24_-
# Database: B._anthracis_NC_007530.2.fasta
# 0 hits found
# BLASTN 2.13.0+
# Query: 1381405_29_+
# Database: B._anthracis_NC_007530.2.fasta
# Fields: query acc.ver, subject acc.ver, % identity, alignment length, mismatches, gap opens, q. start, q. end, s. start, s. end, evalue, bit score
# 1 hits found
1381405_29_+	NC_007530.2	80.000	60	8	3	41	99	4939145	4939089	1.13e-04	41.7
# BLASTN 2.13.0+
# Query: 1391672_67_+
# Database: B._anthracis_NC_007530.2.fasta
# 0 hits found
# BLASTN 2.13.0+
# Query: 1397407_39_-
# Database: B._anthracis_NC_007530.2.fasta
# 0 hits found
# BLASTN 2.13.0+
# Query: 1397369_42_+
# Database: B._anthracis_NC_007530.2.fasta
# 0 hits found
# BLASTN 2.13.0+
# Query: 1414089_36_+
# Database: B._anthracis_NC_007530.2.fasta
# 0 hits found
# BLASTN 2.13.0+
# Query: 1417448_32_-
# Database: B._anthracis_NC_007530.2.fasta
# 0 hits found
# BLASTN 2.13.0+
# Query: 1545756_64_+
# Database: B._anthracis_NC_007530.2.fasta
# 0 hits found
# BLASTN 2.13.0+
# Query: 1435591_37_+
# Database: B._anthracis_NC_007530.2.fasta
# 0 hits found
# BLASTN 2.13.0+
# Query: 1448234_27_-
# Database: B._anthracis_NC_007530.2.fasta
# 0 hits found
# BLASTN 2.13.0+
# Query: 1469902_40_-
# Database: B._anthracis_NC_007530.2.fasta
# 0 hits found
# BLASTN 2.13.0+
# Query: 1475100_50_+
# Database: B._anthracis_NC_007530.2.fasta
# 0 hits found
# BLASTN 2.13.0+
# Query: 1483492_21_-
# Database: B._anthracis_NC_007530.2.fasta
# 0 hits found
# BLASTN 2.13.0+
# Query: 2982572_31_+
# Database: B._anthracis_NC_007530.2.fasta
# 0 hits found
# BLASTN 2.13.0+
# Query: 1488906_38_-
# Database: B._anthracis_NC_007530.2.fasta
# 0 hits found
# BLASTN 2.13.0+
# Query: 1491217_33_-
# Database: B._anthracis_NC_007530.2.fasta
# 0 hits found
# BLASTN 2.13.0+
# Query: 1507324_26_-
# Database: B._anthracis_NC_007530.2.fasta
# Fields: query acc.ver, subject acc.ver, % identity, alignment length, mismatches, gap opens, q. start, q. end, s. start, s. end, evalue, bit score
# 1 hits found
1507324_26_-	NC_007530.2	81.818	55	10	0	2	56	4982540	4982486	2.44e-06	47.3
# BLASTN 2.13.0+
# Query: 1516297_42_+
# Database: B._anthracis_NC_007530.2.fasta
# 0 hits found
# BLASTN 2.13.0+
# Query: 1538710_18_-
# Database: B._anthracis_NC_007530.2.fasta
# 0 hits found
# BLASTN 2.13.0+
# Query: 1544933_37_-
# Database: B._anthracis_NC_007530.2.fasta
# 0 hits found
# BLASTN 2.13.0+
# Query: 1557670_39_-
# Database: B._anthracis_NC_007530.2.fasta
# 0 hits found
# BLASTN 2.13.0+
# Query: 1576019_36_-
# Database: B._anthracis_NC_007530.2.fasta
# 0 hits found
# BLASTN 2.13.0+
# Query: 1580036_41_-
# Database: B._anthracis_NC_007530.2.fasta
# 0 hits found
# BLASTN 2.13.0+
# Query: 1586171_17_-
# Database: B._anthracis_NC_007530.2.fasta
# 0 hits found
# BLASTN 2.13.0+
# Query: 1593653_79_-
# Database: B._anthracis_NC_007530.2.fasta
# 0 hits found
# BLASTN 2.13.0+
# Query: 1611637_44_-
# Database: B._anthracis_NC_007530.2.fasta
# 0 hits found
# BLASTN 2.13.0+
# Query: 1642810_40_-
# Database: B._anthracis_NC_007530.2.fasta
# Fields: query acc.ver, subject acc.ver, % identity, alignment length, mismatches, gap opens, q. start, q. end, s. start, s. end, evalue, bit score
# 1 hits found
1642810_40_-	NC_007530.2	87.179	39	4	1	52	89	3687871	3687833	3.15e-05	43.6
# BLASTN 2.13.0+
# Query: 1658129_26_-
# Database: B._anthracis_NC_007530.2.fasta
# 0 hits found
# BLASTN 2.13.0+
# Query: 1666489_30_-
# Database: B._anthracis_NC_007530.2.fasta
# 0 hits found
# BLASTN 2.13.0+
# Query: 1676435_46_-
# Database: B._anthracis_NC_007530.2.fasta
# 0 hits found
# BLASTN 2.13.0+
# Query: 1690932_34_-
# Database: B._anthracis_NC_007530.2.fasta
# 0 hits found
# BLASTN 2.13.0+
# Query: 1719729_73_-
# Database: B._anthracis_NC_007530.2.fasta
# 0 hits found
# BLASTN 2.13.0+
# Query: 1727102_78_-
# Database: B._anthracis_NC_007530.2.fasta
# 0 hits found
# BLASTN 2.13.0+
# Query: 1741541_41_-
# Database: B._anthracis_NC_007530.2.fasta
# 0 hits found
# BLASTN 2.13.0+
# Query: 1749303_63_-
# Database: B._anthracis_NC_007530.2.fasta
# 0 hits found
# BLASTN 2.13.0+
# Query: 1755541_31_-
# Database: B._anthracis_NC_007530.2.fasta
# 0 hits found
# BLASTN 2.13.0+
# Query: 1760749_28_-
# Database: B._anthracis_NC_007530.2.fasta
# 0 hits found
# BLASTN 2.13.0+
# Query: 1760750_29_-
# Database: B._anthracis_NC_007530.2.fasta
# 0 hits found
# BLASTN 2.13.0+
# Query: 1765748_57_-
# Database: B._anthracis_NC_007530.2.fasta
# 0 hits found
# BLASTN 2.13.0+
# Query: 1772720_25_-
# Database: B._anthracis_NC_007530.2.fasta
# 0 hits found
# BLASTN 2.13.0+
# Query: 1780265_45_-
# Database: B._anthracis_NC_007530.2.fasta
# 0 hits found
# BLASTN 2.13.0+
# Query: 1858525_41_+
# Database: B._anthracis_NC_007530.2.fasta
# 0 hits found
# BLASTN 2.13.0+
# Query: 1872094_16_-
# Database: B._anthracis_NC_007530.2.fasta
# 0 hits found
# BLASTN 2.13.0+
# Query: 1879799_40_-
# Database: B._anthracis_NC_007530.2.fasta
# Fields: query acc.ver, subject acc.ver, % identity, alignment length, mismatches, gap opens, q. start, q. end, s. start, s. end, evalue, bit score
# 1 hits found
1879799_40_-	NC_007530.2	77.500	80	17	1	11	89	3507145	3507066	2.44e-06	47.3
# BLASTN 2.13.0+
# Query: 1879800_41_-
# Database: B._anthracis_NC_007530.2.fasta
# Fields: query acc.ver, subject acc.ver, % identity, alignment length, mismatches, gap opens, q. start, q. end, s. start, s. end, evalue, bit score
# 1 hits found
1879800_41_-	NC_007530.2	77.500	80	17	1	10	88	3507145	3507066	2.44e-06	47.3
# BLASTN 2.13.0+
# Query: 1903070_12_-
# Database: B._anthracis_NC_007530.2.fasta
# 0 hits found
# BLASTN 2.13.0+
# Query: 1917615_35_-
# Database: B._anthracis_NC_007530.2.fasta
# 0 hits found
# BLASTN 2.13.0+
# Query: 1925606_49_+
# Database: B._anthracis_NC_007530.2.fasta
# 0 hits found
# BLASTN 2.13.0+
# Query: 1930006_13_-
# Database: B._anthracis_NC_007530.2.fasta
# 0 hits found
# BLASTN 2.13.0+
# Query: 1937905_37_-
# Database: B._anthracis_NC_007530.2.fasta
# 0 hits found
# BLASTN 2.13.0+
# Query: 2004233_29_+
# Database: B._anthracis_NC_007530.2.fasta
# Fields: query acc.ver, subject acc.ver, % identity, alignment length, mismatches, gap opens, q. start, q. end, s. start, s. end, evalue, bit score
# 1 hits found
2004233_29_+	NC_007530.2	84.906	53	8	0	2	54	365398	365450	1.46e-08	54.7
# BLASTN 2.13.0+
# Query: 2025077_83_+
# Database: B._anthracis_NC_007530.2.fasta
# 0 hits found
# BLASTN 2.13.0+
# Query: 2049532_79_-
# Database: B._anthracis_NC_007530.2.fasta
# 0 hits found
# BLASTN 2.13.0+
# Query: 2055833_35_+
# Database: B._anthracis_NC_007530.2.fasta
# 0 hits found
# BLASTN 2.13.0+
# Query: 2069725_7_+
# Database: B._anthracis_NC_007530.2.fasta
# 0 hits found
# BLASTN 2.13.0+
# Query: 2073617_41_+
# Database: B._anthracis_NC_007530.2.fasta
# 0 hits found
# BLASTN 2.13.0+
# Query: 2277481_40_+
# Database: B._anthracis_NC_007530.2.fasta
# 0 hits found
# BLASTN 2.13.0+
# Query: 2086031_51_-
# Database: B._anthracis_NC_007530.2.fasta
# 0 hits found
# BLASTN 2.13.0+
# Query: 2092848_51_+
# Database: B._anthracis_NC_007530.2.fasta
# 0 hits found
# BLASTN 2.13.0+
# Query: 2100069_78_+
# Database: B._anthracis_NC_007530.2.fasta
# 0 hits found
# BLASTN 2.13.0+
# Query: 2107462_43_+
# Database: B._anthracis_NC_007530.2.fasta
# 0 hits found
# BLASTN 2.13.0+
# Query: 2117010_41_+
# Database: B._anthracis_NC_007530.2.fasta
# 0 hits found
# BLASTN 2.13.0+
# Query: 2134525_41_+
# Database: B._anthracis_NC_007530.2.fasta
# 0 hits found
# BLASTN 2.13.0+
# Query: 2136500_38_+
# Database: B._anthracis_NC_007530.2.fasta
# 0 hits found
# BLASTN 2.13.0+
# Query: 2204028_25_-
# Database: B._anthracis_NC_007530.2.fasta
# 0 hits found
# BLASTN 2.13.0+
# Query: 2212764_18_-
# Database: B._anthracis_NC_007530.2.fasta
# 0 hits found
# BLASTN 2.13.0+
# Query: 2246611_45_+
# Database: B._anthracis_NC_007530.2.fasta
# 0 hits found
# BLASTN 2.13.0+
# Query: 2269945_43_+
# Database: B._anthracis_NC_007530.2.fasta
# 0 hits found
# BLASTN 2.13.0+
# Query: 2287049_48_+
# Database: B._anthracis_NC_007530.2.fasta
# 0 hits found
# BLASTN 2.13.0+
# Query: 2287050_47_+
# Database: B._anthracis_NC_007530.2.fasta
# 0 hits found
# BLASTN 2.13.0+
# Query: 2290043_35_+
# Database: B._anthracis_NC_007530.2.fasta
# 0 hits found
# BLASTN 2.13.0+
# Query: 2300194_27_+
# Database: B._anthracis_NC_007530.2.fasta
# 0 hits found
# BLASTN 2.13.0+
# Query: 2307702_40_-
# Database: B._anthracis_NC_007530.2.fasta
# 0 hits found
# BLASTN 2.13.0+
# Query: 2316249_37_+
# Database: B._anthracis_NC_007530.2.fasta
# 0 hits found
# BLASTN 2.13.0+
# Query: 2316250_36_+
# Database: B._anthracis_NC_007530.2.fasta
# 0 hits found
# BLASTN 2.13.0+
# Query: 2327449_39_+
# Database: B._anthracis_NC_007530.2.fasta
# 0 hits found
# BLASTN 2.13.0+
# Query: 2327450_38_+
# Database: B._anthracis_NC_007530.2.fasta
# 0 hits found
# BLASTN 2.13.0+
# Query: 2330041_34_+
# Database: B._anthracis_NC_007530.2.fasta
# 0 hits found
# BLASTN 2.13.0+
# Query: 2336907_26_+
# Database: B._anthracis_NC_007530.2.fasta
# 0 hits found
# BLASTN 2.13.0+
# Query: 2347619_41_+
# Database: B._anthracis_NC_007530.2.fasta
# 0 hits found
# BLASTN 2.13.0+
# Query: 2365696_40_+
# Database: B._anthracis_NC_007530.2.fasta
# 0 hits found
# BLASTN 2.13.0+
# Query: 2387812_42_+
# Database: B._anthracis_NC_007530.2.fasta
# 0 hits found
# BLASTN 2.13.0+
# Query: 2400177_31_+
# Database: B._anthracis_NC_007530.2.fasta
# 0 hits found
# BLASTN 2.13.0+
# Query: 2402009_58_+
# Database: B._anthracis_NC_007530.2.fasta
# 0 hits found
# BLASTN 2.13.0+
# Query: 2410015_38_-
# Database: B._anthracis_NC_007530.2.fasta
# 0 hits found
# BLASTN 2.13.0+
# Query: 2409984_33_+
# Database: B._anthracis_NC_007530.2.fasta
# 0 hits found
# BLASTN 2.13.0+
# Query: 2432281_35_+
# Database: B._anthracis_NC_007530.2.fasta
# 0 hits found
# BLASTN 2.13.0+
# Query: 2449793_48_+
# Database: B._anthracis_NC_007530.2.fasta
# 0 hits found
# BLASTN 2.13.0+
# Query: 2454287_60_+
# Database: B._anthracis_NC_007530.2.fasta
# 0 hits found
# BLASTN 2.13.0+
# Query: 2466214_42_-
# Database: B._anthracis_NC_007530.2.fasta
# 0 hits found
# BLASTN 2.13.0+
# Query: 2480673_48_-
# Database: B._anthracis_NC_007530.2.fasta
# 0 hits found
# BLASTN 2.13.0+
# Query: 2495870_45_-
# Database: B._anthracis_NC_007530.2.fasta
# 0 hits found
# BLASTN 2.13.0+
# Query: 2520528_29_+
# Database: B._anthracis_NC_007530.2.fasta
# 0 hits found
# BLASTN 2.13.0+
# Query: 2528307_97_+
# Database: B._anthracis_NC_007530.2.fasta
# 0 hits found
# BLASTN 2.13.0+
# Query: 2543407_33_+
# Database: B._anthracis_NC_007530.2.fasta
# 0 hits found
# BLASTN 2.13.0+
# Query: 2568530_43_+
# Database: B._anthracis_NC_007530.2.fasta
# 0 hits found
# BLASTN 2.13.0+
# Query: 2574342_66_+
# Database: B._anthracis_NC_007530.2.fasta
# 0 hits found
# BLASTN 2.13.0+
# Query: 2585394_40_+
# Database: B._anthracis_NC_007530.2.fasta
# 0 hits found
# BLASTN 2.13.0+
# Query: 2587899_97_+
# Database: B._anthracis_NC_007530.2.fasta
# 0 hits found
# BLASTN 2.13.0+
# Query: 2591415_30_-
# Database: B._anthracis_NC_007530.2.fasta
# 0 hits found
# BLASTN 2.13.0+
# Query: 2614456_40_+
# Database: B._anthracis_NC_007530.2.fasta
# 0 hits found
# BLASTN 2.13.0+
# Query: 2619865_45_+
# Database: B._anthracis_NC_007530.2.fasta
# 0 hits found
# BLASTN 2.13.0+
# Query: 2637542_39_-
# Database: B._anthracis_NC_007530.2.fasta
# 0 hits found
# BLASTN 2.13.0+
# Query: 2663348_58_-
# Database: B._anthracis_NC_007530.2.fasta
# 0 hits found
# BLASTN 2.13.0+
# Query: 2692614_43_-
# Database: B._anthracis_NC_007530.2.fasta
# 0 hits found
# BLASTN 2.13.0+
# Query: 2718880_79_+
# Database: B._anthracis_NC_007530.2.fasta
# 0 hits found
# BLASTN 2.13.0+
# Query: 2732918_62_+
# Database: B._anthracis_NC_007530.2.fasta
# 0 hits found
# BLASTN 2.13.0+
# Query: 2739178_73_-
# Database: B._anthracis_NC_007530.2.fasta
# 0 hits found
# BLASTN 2.13.0+
# Query: 2740905_59_-
# Database: B._anthracis_NC_007530.2.fasta
# 0 hits found
# BLASTN 2.13.0+
# Query: 2769709_55_-
# Database: B._anthracis_NC_007530.2.fasta
# 0 hits found
# BLASTN 2.13.0+
# Query: 2788917_34_-
# Database: B._anthracis_NC_007530.2.fasta
# 0 hits found
# BLASTN 2.13.0+
# Query: 2788885_35_+
# Database: B._anthracis_NC_007530.2.fasta
# 0 hits found
# BLASTN 2.13.0+
# Query: 2795857_30_+
# Database: B._anthracis_NC_007530.2.fasta
# 0 hits found
# BLASTN 2.13.0+
# Query: 2806257_29_+
# Database: B._anthracis_NC_007530.2.fasta
# 0 hits found
# BLASTN 2.13.0+
# Query: 2813604_39_+
# Database: B._anthracis_NC_007530.2.fasta
# 0 hits found
# BLASTN 2.13.0+
# Query: 2826860_40_+
# Database: B._anthracis_NC_007530.2.fasta
# 0 hits found
# BLASTN 2.13.0+
# Query: 2841483_36_-
# Database: B._anthracis_NC_007530.2.fasta
# 0 hits found
# BLASTN 2.13.0+
# Query: 2866622_42_+
# Database: B._anthracis_NC_007530.2.fasta
# 0 hits found
# BLASTN 2.13.0+
# Query: 2897043_51_+
# Database: B._anthracis_NC_007530.2.fasta
# 0 hits found
# BLASTN 2.13.0+
# Query: 2903182_35_+
# Database: B._anthracis_NC_007530.2.fasta
# 0 hits found
# BLASTN 2.13.0+
# Query: 2909513_37_-
# Database: B._anthracis_NC_007530.2.fasta
# 0 hits found
# BLASTN 2.13.0+
# Query: 2915328_37_+
# Database: B._anthracis_NC_007530.2.fasta
# 0 hits found
# BLASTN 2.13.0+
# Query: 2925066_34_+
# Database: B._anthracis_NC_007530.2.fasta
# 0 hits found
# BLASTN 2.13.0+
# Query: 2952186_38_+
# Database: B._anthracis_NC_007530.2.fasta
# 0 hits found
# BLASTN 2.13.0+
# Query: 2959254_38_-
# Database: B._anthracis_NC_007530.2.fasta
# 0 hits found
# BLASTN 2.13.0+
# Query: 2965645_36_+
# Database: B._anthracis_NC_007530.2.fasta
# 0 hits found
# BLASTN 2.13.0+
# Query: 2978691_43_+
# Database: B._anthracis_NC_007530.2.fasta
# 0 hits found
# BLASTN 2.13.0+
# Query: 2987695_36_+
# Database: B._anthracis_NC_007530.2.fasta
# 0 hits found
# BLASTN 2.13.0+
# Query: 3009872_43_+
# Database: B._anthracis_NC_007530.2.fasta
# 0 hits found
# BLASTN 2.13.0+
# Query: 3015071_40_+
# Database: B._anthracis_NC_007530.2.fasta
# 0 hits found
# BLASTN 2.13.0+
# Query: 3019500_33_+
# Database: B._anthracis_NC_007530.2.fasta
# 0 hits found
# BLASTN 2.13.0+
# Query: 3029673_56_+
# Database: B._anthracis_NC_007530.2.fasta
# 0 hits found
# BLASTN 2.13.0+
# Query: 3036562_41_+
# Database: B._anthracis_NC_007530.2.fasta
# 0 hits found
# BLASTN 2.13.0+
# Query: 3048145_32_+
# Database: B._anthracis_NC_007530.2.fasta
# 0 hits found
# BLASTN 2.13.0+
# Query: 3056846_50_-
# Database: B._anthracis_NC_007530.2.fasta
# 0 hits found
# BLASTN 2.13.0+
# Query: 3072707_36_+
# Database: B._anthracis_NC_007530.2.fasta
# 0 hits found
# BLASTN 2.13.0+
# Query: 3102587_42_+
# Database: B._anthracis_NC_007530.2.fasta
# 0 hits found
# BLASTN 2.13.0+
# Query: 3124097_92_-
# Database: B._anthracis_NC_007530.2.fasta
# 0 hits found
# BLASTN 2.13.0+
# Query: 3127788_37_+
# Database: B._anthracis_NC_007530.2.fasta
# 0 hits found
# BLASTN 2.13.0+
# Query: 3148845_56_+
# Database: B._anthracis_NC_007530.2.fasta
# 0 hits found
# BLASTN 2.13.0+
# Query: 3171975_1_+
# Database: B._anthracis_NC_007530.2.fasta
# Fields: query acc.ver, subject acc.ver, % identity, alignment length, mismatches, gap opens, q. start, q. end, s. start, s. end, evalue, bit score
# 1 hits found
3171975_1_+	NC_007530.2	84.524	84	13	0	1	84	245095	245178	1.86e-17	84.2
# BLASTN 2.13.0+
# Query: 3172246_1_+
# Database: B._anthracis_NC_007530.2.fasta
# Fields: query acc.ver, subject acc.ver, % identity, alignment length, mismatches, gap opens, q. start, q. end, s. start, s. end, evalue, bit score
# 1 hits found
3172246_1_+	NC_007530.2	86.842	76	10	0	8	83	543069	543144	5.16e-18	86.1
# BLASTN 2.13.0+
# Query: 3172330_1_+
# Database: B._anthracis_NC_007530.2.fasta
# Fields: query acc.ver, subject acc.ver, % identity, alignment length, mismatches, gap opens, q. start, q. end, s. start, s. end, evalue, bit score
# 1 hits found
3172330_1_+	NC_007530.2	96.154	78	3	0	6	83	538165	538242	8.46e-31	128
# BLASTN 2.13.0+
# Query: 3173403_1_+
# Database: B._anthracis_NC_007530.2.fasta
# Fields: query acc.ver, subject acc.ver, % identity, alignment length, mismatches, gap opens, q. start, q. end, s. start, s. end, evalue, bit score
# 1 hits found
3173403_1_+	NC_007530.2	83.750	80	10	2	2	81	746641	746717	4.02e-14	73.1
# BLASTN 2.13.0+
# Query: 3179266_60_-
# Database: B._anthracis_NC_007530.2.fasta
# 0 hits found
# BLASTN 2.13.0+
# Query: 3183830_37_+
# Database: B._anthracis_NC_007530.2.fasta
# 0 hits found
# BLASTN 2.13.0+
# Query: 3188080_32_-
# Database: B._anthracis_NC_007530.2.fasta
# 0 hits found
# BLASTN 2.13.0+
# Query: 3190429_33_+
# Database: B._anthracis_NC_007530.2.fasta
# 0 hits found
# BLASTN 2.13.0+
# Query: 3194595_40_+
# Database: B._anthracis_NC_007530.2.fasta
# 0 hits found
# BLASTN 2.13.0+
# Query: 3220690_41_+
# Database: B._anthracis_NC_007530.2.fasta
# 0 hits found
# BLASTN 2.13.0+
# Query: 3223430_41_+
# Database: B._anthracis_NC_007530.2.fasta
# 0 hits found
# BLASTN 2.13.0+
# Query: 3229986_45_-
# Database: B._anthracis_NC_007530.2.fasta
# 0 hits found
# BLASTN 2.13.0+
# Query: 3236406_16_+
# Database: B._anthracis_NC_007530.2.fasta
# 0 hits found
# BLASTN 2.13.0+
# Query: 3253484_45_+
# Database: B._anthracis_NC_007530.2.fasta
# 0 hits found
# BLASTN 2.13.0+
# Query: 3262298_32_+
# Database: B._anthracis_NC_007530.2.fasta
# 0 hits found
# BLASTN 2.13.0+
# Query: 3280286_36_-
# Database: B._anthracis_NC_007530.2.fasta
# 0 hits found
# BLASTN 2.13.0+
# Query: 3293476_97_+
# Database: B._anthracis_NC_007530.2.fasta
# 0 hits found
# BLASTN 2.13.0+
# Query: 3304073_51_-
# Database: B._anthracis_NC_007530.2.fasta
# 0 hits found
# BLASTN 2.13.0+
# Query: 3304025_71_+
# Database: B._anthracis_NC_007530.2.fasta
# 0 hits found
# BLASTN 2.13.0+
# Query: 3306975_42_+
# Database: B._anthracis_NC_007530.2.fasta
# 0 hits found
# BLASTN 2.13.0+
# Query: 3352251_61_+
# Database: B._anthracis_NC_007530.2.fasta
# 0 hits found
# BLASTN 2.13.0+
# Query: 3361729_38_+
# Database: B._anthracis_NC_007530.2.fasta
# 0 hits found
# BLASTN 2.13.0+
# Query: 3384063_37_-
# Database: B._anthracis_NC_007530.2.fasta
# 0 hits found
# BLASTN 2.13.0+
# Query: 3400487_50_+
# Database: B._anthracis_NC_007530.2.fasta
# 0 hits found
# BLASTN 2.13.0+
# Query: 3415354_33_+
# Database: B._anthracis_NC_007530.2.fasta
# 0 hits found
# BLASTN 2.13.0+
# Query: 3419619_37_+
# Database: B._anthracis_NC_007530.2.fasta
# 0 hits found
# BLASTN 2.13.0+
# Query: 3428289_42_+
# Database: B._anthracis_NC_007530.2.fasta
# 0 hits found
# BLASTN 2.13.0+
# Query: 3436807_42_+
# Database: B._anthracis_NC_007530.2.fasta
# 0 hits found
# BLASTN 2.13.0+
# Query: 3441092_29_+
# Database: B._anthracis_NC_007530.2.fasta
# 0 hits found
# BLASTN 2.13.0+
# Query: 3445440_35_-
# Database: B._anthracis_NC_007530.2.fasta
# 0 hits found
# BLASTN 2.13.0+
# Query: 3455048_45_+
# Database: B._anthracis_NC_007530.2.fasta
# 0 hits found
# BLASTN 2.13.0+
# Query: 3464095_28_-
# Database: B._anthracis_NC_007530.2.fasta
# 0 hits found
# BLASTN 2.13.0+
# Query: 3464102_35_-
# Database: B._anthracis_NC_007530.2.fasta
# 0 hits found
# BLASTN 2.13.0+
# Query: 3473283_43_-
# Database: B._anthracis_NC_007530.2.fasta
# 0 hits found
# BLASTN 2.13.0+
# Query: 3491284_38_+
# Database: B._anthracis_NC_007530.2.fasta
# 0 hits found
# BLASTN 2.13.0+
# Query: 3501645_48_-
# Database: B._anthracis_NC_007530.2.fasta
# 0 hits found
# BLASTN 2.13.0+
# Query: 3509748_83_+
# Database: B._anthracis_NC_007530.2.fasta
# 0 hits found
# BLASTN 2.13.0+
# Query: 3545830_59_+
# Database: B._anthracis_NC_007530.2.fasta
# 0 hits found
# BLASTN 2.13.0+
# Query: 3563578_35_-
# Database: B._anthracis_NC_007530.2.fasta
# 0 hits found
# BLASTN 2.13.0+
# Query: 3574319_44_+
# Database: B._anthracis_NC_007530.2.fasta
# 0 hits found
# BLASTN 2.13.0+
# Query: 3579635_44_+
# Database: B._anthracis_NC_007530.2.fasta
# 0 hits found
# BLASTN 2.13.0+
# Query: 3609996_68_+
# Database: B._anthracis_NC_007530.2.fasta
# 0 hits found
# BLASTN 2.13.0+
# Query: 3625698_43_+
# Database: B._anthracis_NC_007530.2.fasta
# 0 hits found
# BLASTN 2.13.0+
# Query: 3637311_27_+
# Database: B._anthracis_NC_007530.2.fasta
# 0 hits found
# BLASTN 2.13.0+
# Query: 3648618_37_-
# Database: B._anthracis_NC_007530.2.fasta
# 0 hits found
# BLASTN 2.13.0+
# Query: 3676108_51_+
# Database: B._anthracis_NC_007530.2.fasta
# 0 hits found
# BLASTN 2.13.0+
# Query: 3683355_37_-
# Database: B._anthracis_NC_007530.2.fasta
# 0 hits found
# BLASTN 2.13.0+
# Query: 3687565_32_+
# Database: B._anthracis_NC_007530.2.fasta
# 0 hits found
# BLASTN 2.13.0+
# Query: 3696255_32_-
# Database: B._anthracis_NC_007530.2.fasta
# 0 hits found
# BLASTN 2.13.0+
# Query: 3708133_39_+
# Database: B._anthracis_NC_007530.2.fasta
# 0 hits found
# BLASTN 2.13.0+
# Query: 3724386_34_+
# Database: B._anthracis_NC_007530.2.fasta
# 0 hits found
# BLASTN 2.13.0+
# Query: 3731791_31_+
# Database: B._anthracis_NC_007530.2.fasta
# 0 hits found
# BLASTN 2.13.0+
# Query: 3740111_95_+
# Database: B._anthracis_NC_007530.2.fasta
# 0 hits found
# BLASTN 2.13.0+
# Query: 3743687_45_+
# Database: B._anthracis_NC_007530.2.fasta
# 0 hits found
# BLASTN 2.13.0+
# Query: 3753897_36_+
# Database: B._anthracis_NC_007530.2.fasta
# 0 hits found
# BLASTN 2.13.0+
# Query: 3761752_52_-
# Database: B._anthracis_NC_007530.2.fasta
# 0 hits found
# BLASTN 2.13.0+
# Query: 3766156_22_+
# Database: B._anthracis_NC_007530.2.fasta
# 0 hits found
# BLASTN 2.13.0+
# Query: 3772280_45_+
# Database: B._anthracis_NC_007530.2.fasta
# 0 hits found
# BLASTN 2.13.0+
# Query: 3786553_67_+
# Database: B._anthracis_NC_007530.2.fasta
# 0 hits found
# BLASTN 2.13.0+
# Query: 3789146_44_+
# Database: B._anthracis_NC_007530.2.fasta
# 0 hits found
# BLASTN 2.13.0+
# Query: 3795869_16_-
# Database: B._anthracis_NC_007530.2.fasta
# 0 hits found
# BLASTN 2.13.0+
# Query: 3802349_56_+
# Database: B._anthracis_NC_007530.2.fasta
# 0 hits found
# BLASTN 2.13.0+
# Query: 3802350_55_+
# Database: B._anthracis_NC_007530.2.fasta
# 0 hits found
# BLASTN 2.13.0+
# Query: 3805053_37_+
# Database: B._anthracis_NC_007530.2.fasta
# 0 hits found
# BLASTN 2.13.0+
# Query: 3810692_81_-
# Database: B._anthracis_NC_007530.2.fasta
# 0 hits found
# BLASTN 2.13.0+
# Query: 3810647_46_+
# Database: B._anthracis_NC_007530.2.fasta
# 0 hits found
# BLASTN 2.13.0+
# Query: 3833606_44_+
# Database: B._anthracis_NC_007530.2.fasta
# 0 hits found
# BLASTN 2.13.0+
# Query: 3848748_38_+
# Database: B._anthracis_NC_007530.2.fasta
# 0 hits found
# BLASTN 2.13.0+
# Query: 3853711_37_-
# Database: B._anthracis_NC_007530.2.fasta
# 0 hits found
# BLASTN 2.13.0+
# Query: 3858955_44_+
# Database: B._anthracis_NC_007530.2.fasta
# 0 hits found
# BLASTN 2.13.0+
# Query: 3865308_47_+
# Database: B._anthracis_NC_007530.2.fasta
# 0 hits found
# BLASTN 2.13.0+
# Query: 3878914_52_+
# Database: B._anthracis_NC_007530.2.fasta
# 0 hits found
# BLASTN 2.13.0+
# Query: 3914277_38_+
# Database: B._anthracis_NC_007530.2.fasta
# 0 hits found
# BLASTN 2.13.0+
# Query: 3935822_34_-
# Database: B._anthracis_NC_007530.2.fasta
# 0 hits found
# BLASTN 2.13.0+
# Query: 3983186_13_-
# Database: B._anthracis_NC_007530.2.fasta
# 0 hits found
# BLASTN 2.13.0+
# Query: 3989875_73_+
# Database: B._anthracis_NC_007530.2.fasta
# 0 hits found
# BLASTN 2.13.0+
# Query: 3989912_36_+
# Database: B._anthracis_NC_007530.2.fasta
# 0 hits found
# BLASTN 2.13.0+
# Query: 4005716_91_-
# Database: B._anthracis_NC_007530.2.fasta
# 0 hits found
# BLASTN 2.13.0+
# Query: 4042009_71_-
# Database: B._anthracis_NC_007530.2.fasta
# 0 hits found
# BLASTN 2.13.0+
# Query: 4068183_35_-
# Database: B._anthracis_NC_007530.2.fasta
# 0 hits found
# BLASTN 2.13.0+
# Query: 4074839_57_+
# Database: B._anthracis_NC_007530.2.fasta
# 0 hits found
# BLASTN 2.13.0+
# Query: 4086578_38_-
# Database: B._anthracis_NC_007530.2.fasta
# 0 hits found
# BLASTN 2.13.0+
# Query: 4109138_47_+
# Database: B._anthracis_NC_007530.2.fasta
# 0 hits found
# BLASTN 2.13.0+
# Query: 4154975_78_+
# Database: B._anthracis_NC_007530.2.fasta
# 0 hits found
# BLASTN 2.13.0+
# Query: 4173636_85_-
# Database: B._anthracis_NC_007530.2.fasta
# 0 hits found
# BLASTN 2.13.0+
# Query: 4187252_78_-
# Database: B._anthracis_NC_007530.2.fasta
# 0 hits found
# BLASTN 2.13.0+
# Query: 4198556_47_+
# Database: B._anthracis_NC_007530.2.fasta
# 0 hits found
# BLAST processed 260 queries
