# BLASTN 2.13.0+
# Query: 1004944_110_-
# Database: B._subtilis_NC_000964.3.fasta
# Fields: query acc.ver, subject acc.ver, % identity, alignment length, mismatches, gap opens, q. start, q. end, s. start, s. end, evalue, bit score
# 1 hits found
1004944_110_-	NC_000964.3	100.000	100	0	0	1	100	1004862	1004961	3.99e-48	185
# BLASTN 2.13.0+
# Query: 1008561_42_-
# Database: B._subtilis_NC_000964.3.fasta
# Fields: query acc.ver, subject acc.ver, % identity, alignment length, mismatches, gap opens, q. start, q. end, s. start, s. end, evalue, bit score
# 1 hits found
1008561_42_-	NC_000964.3	100.000	100	0	0	1	100	1008479	1008578	3.99e-48	185
# BLASTN 2.13.0+
# Query: 1035272_45_-
# Database: B._subtilis_NC_000964.3.fasta
# Fields: query acc.ver, subject acc.ver, % identity, alignment length, mismatches, gap opens, q. start, q. end, s. start, s. end, evalue, bit score
# 1 hits found
1035272_45_-	NC_000964.3	100.000	100	0	0	1	100	1035190	1035289	3.99e-48	185
# BLASTN 2.13.0+
# Query: 1040061_37_-
# Database: B._subtilis_NC_000964.3.fasta
# Fields: query acc.ver, subject acc.ver, % identity, alignment length, mismatches, gap opens, q. start, q. end, s. start, s. end, evalue, bit score
# 1 hits found
1040061_37_-	NC_000964.3	100.000	100	0	0	1	100	1039979	1040078	3.99e-48	185
# BLASTN 2.13.0+
# Query: 1055135_36_-
# Database: B._subtilis_NC_000964.3.fasta
# Fields: query acc.ver, subject acc.ver, % identity, alignment length, mismatches, gap opens, q. start, q. end, s. start, s. end, evalue, bit score
# 1 hits found
1055135_36_-	NC_000964.3	100.000	100	0	0	1	100	1055053	1055152	3.99e-48	185
# BLASTN 2.13.0+
# Query: 1070325_39_+
# Database: B._subtilis_NC_000964.3.fasta
# Fields: query acc.ver, subject acc.ver, % identity, alignment length, mismatches, gap opens, q. start, q. end, s. start, s. end, evalue, bit score
# 1 hits found
1070325_39_+	NC_000964.3	100.000	100	0	0	1	100	1070408	1070309	3.99e-48	185
# BLASTN 2.13.0+
# Query: 1074602_44_+
# Database: B._subtilis_NC_000964.3.fasta
# Fields: query acc.ver, subject acc.ver, % identity, alignment length, mismatches, gap opens, q. start, q. end, s. start, s. end, evalue, bit score
# 1 hits found
1074602_44_+	NC_000964.3	100.000	100	0	0	1	100	1074685	1074586	3.99e-48	185
# BLASTN 2.13.0+
# Query: 2905532_39_+
# Database: B._subtilis_NC_000964.3.fasta
# Fields: query acc.ver, subject acc.ver, % identity, alignment length, mismatches, gap opens, q. start, q. end, s. start, s. end, evalue, bit score
# 1 hits found
2905532_39_+	NC_000964.3	100.000	100	0	0	1	100	2905615	2905516	3.99e-48	185
# BLASTN 2.13.0+
# Query: 1083202_27_+
# Database: B._subtilis_NC_000964.3.fasta
# Fields: query acc.ver, subject acc.ver, % identity, alignment length, mismatches, gap opens, q. start, q. end, s. start, s. end, evalue, bit score
# 1 hits found
1083202_27_+	NC_000964.3	100.000	100	0	0	1	100	1083285	1083186	3.99e-48	185
# BLASTN 2.13.0+
# Query: 1098079_41_+
# Database: B._subtilis_NC_000964.3.fasta
# Fields: query acc.ver, subject acc.ver, % identity, alignment length, mismatches, gap opens, q. start, q. end, s. start, s. end, evalue, bit score
# 1 hits found
1098079_41_+	NC_000964.3	100.000	100	0	0	1	100	1098162	1098063	3.99e-48	185
# BLASTN 2.13.0+
# Query: 1107559_43_-
# Database: B._subtilis_NC_000964.3.fasta
# Fields: query acc.ver, subject acc.ver, % identity, alignment length, mismatches, gap opens, q. start, q. end, s. start, s. end, evalue, bit score
# 1 hits found
1107559_43_-	NC_000964.3	100.000	100	0	0	1	100	1107477	1107576	3.99e-48	185
# BLASTN 2.13.0+
# Query: 1124994_29_-
# Database: B._subtilis_NC_000964.3.fasta
# Fields: query acc.ver, subject acc.ver, % identity, alignment length, mismatches, gap opens, q. start, q. end, s. start, s. end, evalue, bit score
# 1 hits found
1124994_29_-	NC_000964.3	100.000	100	0	0	1	100	1124912	1125011	3.99e-48	185
# BLASTN 2.13.0+
# Query: 1153665_44_-
# Database: B._subtilis_NC_000964.3.fasta
# Fields: query acc.ver, subject acc.ver, % identity, alignment length, mismatches, gap opens, q. start, q. end, s. start, s. end, evalue, bit score
# 1 hits found
1153665_44_-	NC_000964.3	100.000	100	0	0	1	100	1153583	1153682	3.99e-48	185
# BLASTN 2.13.0+
# Query: 1165429_20_+
# Database: B._subtilis_NC_000964.3.fasta
# Fields: query acc.ver, subject acc.ver, % identity, alignment length, mismatches, gap opens, q. start, q. end, s. start, s. end, evalue, bit score
# 1 hits found
1165429_20_+	NC_000964.3	100.000	100	0	0	1	100	1165512	1165413	3.99e-48	185
# BLASTN 2.13.0+
# Query: 1182442_47_-
# Database: B._subtilis_NC_000964.3.fasta
# Fields: query acc.ver, subject acc.ver, % identity, alignment length, mismatches, gap opens, q. start, q. end, s. start, s. end, evalue, bit score
# 1 hits found
1182442_47_-	NC_000964.3	100.000	100	0	0	1	100	1182360	1182459	3.99e-48	185
# BLASTN 2.13.0+
# Query: 1204688_43_+
# Database: B._subtilis_NC_000964.3.fasta
# Fields: query acc.ver, subject acc.ver, % identity, alignment length, mismatches, gap opens, q. start, q. end, s. start, s. end, evalue, bit score
# 1 hits found
1204688_43_+	NC_000964.3	100.000	100	0	0	1	100	1204771	1204672	3.99e-48	185
# BLASTN 2.13.0+
# Query: 1372590_37_-
# Database: B._subtilis_NC_000964.3.fasta
# Fields: query acc.ver, subject acc.ver, % identity, alignment length, mismatches, gap opens, q. start, q. end, s. start, s. end, evalue, bit score
# 1 hits found
1372590_37_-	NC_000964.3	100.000	100	0	0	1	100	1372508	1372607	3.99e-48	185
# BLASTN 2.13.0+
# Query: 1219137_27_+
# Database: B._subtilis_NC_000964.3.fasta
# Fields: query acc.ver, subject acc.ver, % identity, alignment length, mismatches, gap opens, q. start, q. end, s. start, s. end, evalue, bit score
# 1 hits found
1219137_27_+	NC_000964.3	100.000	100	0	0	1	100	1219220	1219121	3.99e-48	185
# BLASTN 2.13.0+
# Query: 1233579_35_+
# Database: B._subtilis_NC_000964.3.fasta
# Fields: query acc.ver, subject acc.ver, % identity, alignment length, mismatches, gap opens, q. start, q. end, s. start, s. end, evalue, bit score
# 1 hits found
1233579_35_+	NC_000964.3	100.000	100	0	0	1	100	1233662	1233563	3.99e-48	185
# BLASTN 2.13.0+
# Query: 1248607_43_-
# Database: B._subtilis_NC_000964.3.fasta
# Fields: query acc.ver, subject acc.ver, % identity, alignment length, mismatches, gap opens, q. start, q. end, s. start, s. end, evalue, bit score
# 1 hits found
1248607_43_-	NC_000964.3	100.000	100	0	0	1	100	1248525	1248624	3.99e-48	185
# BLASTN 2.13.0+
# Query: 1262894_33_-
# Database: B._subtilis_NC_000964.3.fasta
# Fields: query acc.ver, subject acc.ver, % identity, alignment length, mismatches, gap opens, q. start, q. end, s. start, s. end, evalue, bit score
# 1 hits found
1262894_33_-	NC_000964.3	100.000	100	0	0	1	100	1262812	1262911	3.99e-48	185
# BLASTN 2.13.0+
# Query: 1265471_94_-
# Database: B._subtilis_NC_000964.3.fasta
# Fields: query acc.ver, subject acc.ver, % identity, alignment length, mismatches, gap opens, q. start, q. end, s. start, s. end, evalue, bit score
# 1 hits found
1265471_94_-	NC_000964.3	100.000	100	0	0	1	100	1265389	1265488	3.99e-48	185
# BLASTN 2.13.0+
# Query: 1272604_27_-
# Database: B._subtilis_NC_000964.3.fasta
# Fields: query acc.ver, subject acc.ver, % identity, alignment length, mismatches, gap opens, q. start, q. end, s. start, s. end, evalue, bit score
# 1 hits found
1272604_27_-	NC_000964.3	100.000	100	0	0	1	100	1272522	1272621	3.99e-48	185
# BLASTN 2.13.0+
# Query: 1289988_49_-
# Database: B._subtilis_NC_000964.3.fasta
# Fields: query acc.ver, subject acc.ver, % identity, alignment length, mismatches, gap opens, q. start, q. end, s. start, s. end, evalue, bit score
# 1 hits found
1289988_49_-	NC_000964.3	100.000	100	0	0	1	100	1289906	1290005	3.99e-48	185
# BLASTN 2.13.0+
# Query: 1294993_43_-
# Database: B._subtilis_NC_000964.3.fasta
# Fields: query acc.ver, subject acc.ver, % identity, alignment length, mismatches, gap opens, q. start, q. end, s. start, s. end, evalue, bit score
# 1 hits found
1294993_43_-	NC_000964.3	100.000	100	0	0	1	100	1294911	1295010	3.99e-48	185
# BLASTN 2.13.0+
# Query: 1300317_65_-
# Database: B._subtilis_NC_000964.3.fasta
# Fields: query acc.ver, subject acc.ver, % identity, alignment length, mismatches, gap opens, q. start, q. end, s. start, s. end, evalue, bit score
# 1 hits found
1300317_65_-	NC_000964.3	100.000	100	0	0	1	100	1300235	1300334	3.99e-48	185
# BLASTN 2.13.0+
# Query: 1313795_45_+
# Database: B._subtilis_NC_000964.3.fasta
# Fields: query acc.ver, subject acc.ver, % identity, alignment length, mismatches, gap opens, q. start, q. end, s. start, s. end, evalue, bit score
# 1 hits found
1313795_45_+	NC_000964.3	100.000	100	0	0	1	100	1313878	1313779	3.99e-48	185
# BLASTN 2.13.0+
# Query: 1320566_40_-
# Database: B._subtilis_NC_000964.3.fasta
# Fields: query acc.ver, subject acc.ver, % identity, alignment length, mismatches, gap opens, q. start, q. end, s. start, s. end, evalue, bit score
# 1 hits found
1320566_40_-	NC_000964.3	100.000	100	0	0	1	100	1320484	1320583	3.99e-48	185
# BLASTN 2.13.0+
# Query: 1334297_50_-
# Database: B._subtilis_NC_000964.3.fasta
# Fields: query acc.ver, subject acc.ver, % identity, alignment length, mismatches, gap opens, q. start, q. end, s. start, s. end, evalue, bit score
# 1 hits found
1334297_50_-	NC_000964.3	100.000	100	0	0	1	100	1334215	1334314	3.99e-48	185
# BLASTN 2.13.0+
# Query: 1349432_36_+
# Database: B._subtilis_NC_000964.3.fasta
# Fields: query acc.ver, subject acc.ver, % identity, alignment length, mismatches, gap opens, q. start, q. end, s. start, s. end, evalue, bit score
# 1 hits found
1349432_36_+	NC_000964.3	100.000	100	0	0	1	100	1349515	1349416	3.99e-48	185
# BLASTN 2.13.0+
# Query: 1354072_42_-
# Database: B._subtilis_NC_000964.3.fasta
# Fields: query acc.ver, subject acc.ver, % identity, alignment length, mismatches, gap opens, q. start, q. end, s. start, s. end, evalue, bit score
# 1 hits found
1354072_42_-	NC_000964.3	100.000	100	0	0	1	100	1353990	1354089	3.99e-48	185
# BLASTN 2.13.0+
# Query: 1360294_22_-
# Database: B._subtilis_NC_000964.3.fasta
# Fields: query acc.ver, subject acc.ver, % identity, alignment length, mismatches, gap opens, q. start, q. end, s. start, s. end, evalue, bit score
# 1 hits found
1360294_22_-	NC_000964.3	100.000	100	0	0	1	100	1360212	1360311	3.99e-48	185
# BLASTN 2.13.0+
# Query: 1376475_36_-
# Database: B._subtilis_NC_000964.3.fasta
# Fields: query acc.ver, subject acc.ver, % identity, alignment length, mismatches, gap opens, q. start, q. end, s. start, s. end, evalue, bit score
# 1 hits found
1376475_36_-	NC_000964.3	100.000	100	0	0	1	100	1376393	1376492	3.99e-48	185
# BLASTN 2.13.0+
# Query: 1378467_24_-
# Database: B._subtilis_NC_000964.3.fasta
# Fields: query acc.ver, subject acc.ver, % identity, alignment length, mismatches, gap opens, q. start, q. end, s. start, s. end, evalue, bit score
# 1 hits found
1378467_24_-	NC_000964.3	100.000	100	0	0	1	100	1378385	1378484	3.99e-48	185
# BLASTN 2.13.0+
# Query: 1381405_29_+
# Database: B._subtilis_NC_000964.3.fasta
# Fields: query acc.ver, subject acc.ver, % identity, alignment length, mismatches, gap opens, q. start, q. end, s. start, s. end, evalue, bit score
# 1 hits found
1381405_29_+	NC_000964.3	100.000	100	0	0	1	100	1381488	1381389	3.99e-48	185
# BLASTN 2.13.0+
# Query: 1391672_67_+
# Database: B._subtilis_NC_000964.3.fasta
# Fields: query acc.ver, subject acc.ver, % identity, alignment length, mismatches, gap opens, q. start, q. end, s. start, s. end, evalue, bit score
# 1 hits found
1391672_67_+	NC_000964.3	100.000	100	0	0	1	100	1391755	1391656	3.99e-48	185
# BLASTN 2.13.0+
# Query: 1397407_39_-
# Database: B._subtilis_NC_000964.3.fasta
# Fields: query acc.ver, subject acc.ver, % identity, alignment length, mismatches, gap opens, q. start, q. end, s. start, s. end, evalue, bit score
# 1 hits found
1397407_39_-	NC_000964.3	100.000	100	0	0	1	100	1397325	1397424	3.99e-48	185
# BLASTN 2.13.0+
# Query: 1397369_42_+
# Database: B._subtilis_NC_000964.3.fasta
# Fields: query acc.ver, subject acc.ver, % identity, alignment length, mismatches, gap opens, q. start, q. end, s. start, s. end, evalue, bit score
# 1 hits found
1397369_42_+	NC_000964.3	100.000	100	0	0	1	100	1397452	1397353	3.99e-48	185
# BLASTN 2.13.0+
# Query: 1414089_36_+
# Database: B._subtilis_NC_000964.3.fasta
# Fields: query acc.ver, subject acc.ver, % identity, alignment length, mismatches, gap opens, q. start, q. end, s. start, s. end, evalue, bit score
# 1 hits found
1414089_36_+	NC_000964.3	100.000	100	0	0	1	100	1414172	1414073	3.99e-48	185
# BLASTN 2.13.0+
# Query: 1417448_32_-
# Database: B._subtilis_NC_000964.3.fasta
# Fields: query acc.ver, subject acc.ver, % identity, alignment length, mismatches, gap opens, q. start, q. end, s. start, s. end, evalue, bit score
# 1 hits found
1417448_32_-	NC_000964.3	100.000	100	0	0	1	100	1417366	1417465	3.99e-48	185
# BLASTN 2.13.0+
# Query: 1545756_64_+
# Database: B._subtilis_NC_000964.3.fasta
# Fields: query acc.ver, subject acc.ver, % identity, alignment length, mismatches, gap opens, q. start, q. end, s. start, s. end, evalue, bit score
# 1 hits found
1545756_64_+	NC_000964.3	100.000	100	0	0	1	100	1545839	1545740	3.99e-48	185
# BLASTN 2.13.0+
# Query: 1435591_37_+
# Database: B._subtilis_NC_000964.3.fasta
# Fields: query acc.ver, subject acc.ver, % identity, alignment length, mismatches, gap opens, q. start, q. end, s. start, s. end, evalue, bit score
# 1 hits found
1435591_37_+	NC_000964.3	100.000	100	0	0	1	100	1435674	1435575	3.99e-48	185
# BLASTN 2.13.0+
# Query: 1448234_27_-
# Database: B._subtilis_NC_000964.3.fasta
# Fields: query acc.ver, subject acc.ver, % identity, alignment length, mismatches, gap opens, q. start, q. end, s. start, s. end, evalue, bit score
# 1 hits found
1448234_27_-	NC_000964.3	100.000	100	0	0	1	100	1448152	1448251	3.99e-48	185
# BLASTN 2.13.0+
# Query: 1469902_40_-
# Database: B._subtilis_NC_000964.3.fasta
# Fields: query acc.ver, subject acc.ver, % identity, alignment length, mismatches, gap opens, q. start, q. end, s. start, s. end, evalue, bit score
# 1 hits found
1469902_40_-	NC_000964.3	100.000	100	0	0	1	100	1469820	1469919	3.99e-48	185
# BLASTN 2.13.0+
# Query: 1475100_50_+
# Database: B._subtilis_NC_000964.3.fasta
# Fields: query acc.ver, subject acc.ver, % identity, alignment length, mismatches, gap opens, q. start, q. end, s. start, s. end, evalue, bit score
# 1 hits found
1475100_50_+	NC_000964.3	100.000	100	0	0	1	100	1475183	1475084	3.99e-48	185
# BLASTN 2.13.0+
# Query: 1483492_21_-
# Database: B._subtilis_NC_000964.3.fasta
# Fields: query acc.ver, subject acc.ver, % identity, alignment length, mismatches, gap opens, q. start, q. end, s. start, s. end, evalue, bit score
# 1 hits found
1483492_21_-	NC_000964.3	100.000	100	0	0	1	100	1483410	1483509	3.99e-48	185
# BLASTN 2.13.0+
# Query: 2982572_31_+
# Database: B._subtilis_NC_000964.3.fasta
# Fields: query acc.ver, subject acc.ver, % identity, alignment length, mismatches, gap opens, q. start, q. end, s. start, s. end, evalue, bit score
# 1 hits found
2982572_31_+	NC_000964.3	100.000	100	0	0	1	100	2982655	2982556	3.99e-48	185
# BLASTN 2.13.0+
# Query: 1488906_38_-
# Database: B._subtilis_NC_000964.3.fasta
# Fields: query acc.ver, subject acc.ver, % identity, alignment length, mismatches, gap opens, q. start, q. end, s. start, s. end, evalue, bit score
# 1 hits found
1488906_38_-	NC_000964.3	100.000	100	0	0	1	100	1488824	1488923	3.99e-48	185
# BLASTN 2.13.0+
# Query: 1491217_33_-
# Database: B._subtilis_NC_000964.3.fasta
# Fields: query acc.ver, subject acc.ver, % identity, alignment length, mismatches, gap opens, q. start, q. end, s. start, s. end, evalue, bit score
# 1 hits found
1491217_33_-	NC_000964.3	100.000	100	0	0	1	100	1491135	1491234	3.99e-48	185
# BLASTN 2.13.0+
# Query: 1507324_26_-
# Database: B._subtilis_NC_000964.3.fasta
# Fields: query acc.ver, subject acc.ver, % identity, alignment length, mismatches, gap opens, q. start, q. end, s. start, s. end, evalue, bit score
# 1 hits found
1507324_26_-	NC_000964.3	100.000	100	0	0	1	100	1507242	1507341	3.99e-48	185
# BLASTN 2.13.0+
# Query: 1516297_42_+
# Database: B._subtilis_NC_000964.3.fasta
# Fields: query acc.ver, subject acc.ver, % identity, alignment length, mismatches, gap opens, q. start, q. end, s. start, s. end, evalue, bit score
# 1 hits found
1516297_42_+	NC_000964.3	100.000	100	0	0	1	100	1516380	1516281	3.99e-48	185
# BLASTN 2.13.0+
# Query: 1538710_18_-
# Database: B._subtilis_NC_000964.3.fasta
# Fields: query acc.ver, subject acc.ver, % identity, alignment length, mismatches, gap opens, q. start, q. end, s. start, s. end, evalue, bit score
# 1 hits found
1538710_18_-	NC_000964.3	100.000	100	0	0	1	100	1538628	1538727	3.99e-48	185
# BLASTN 2.13.0+
# Query: 1544933_37_-
# Database: B._subtilis_NC_000964.3.fasta
# Fields: query acc.ver, subject acc.ver, % identity, alignment length, mismatches, gap opens, q. start, q. end, s. start, s. end, evalue, bit score
# 1 hits found
1544933_37_-	NC_000964.3	100.000	100	0	0	1	100	1544851	1544950	3.99e-48	185
# BLASTN 2.13.0+
# Query: 1557670_39_-
# Database: B._subtilis_NC_000964.3.fasta
# Fields: query acc.ver, subject acc.ver, % identity, alignment length, mismatches, gap opens, q. start, q. end, s. start, s. end, evalue, bit score
# 1 hits found
1557670_39_-	NC_000964.3	100.000	100	0	0	1	100	1557588	1557687	3.99e-48	185
# BLASTN 2.13.0+
# Query: 1576019_36_-
# Database: B._subtilis_NC_000964.3.fasta
# Fields: query acc.ver, subject acc.ver, % identity, alignment length, mismatches, gap opens, q. start, q. end, s. start, s. end, evalue, bit score
# 1 hits found
1576019_36_-	NC_000964.3	100.000	100	0	0	1	100	1575937	1576036	3.99e-48	185
# BLASTN 2.13.0+
# Query: 1580036_41_-
# Database: B._subtilis_NC_000964.3.fasta
# Fields: query acc.ver, subject acc.ver, % identity, alignment length, mismatches, gap opens, q. start, q. end, s. start, s. end, evalue, bit score
# 1 hits found
1580036_41_-	NC_000964.3	100.000	100	0	0	1	100	1579954	1580053	3.99e-48	185
# BLASTN 2.13.0+
# Query: 1586171_17_-
# Database: B._subtilis_NC_000964.3.fasta
# Fields: query acc.ver, subject acc.ver, % identity, alignment length, mismatches, gap opens, q. start, q. end, s. start, s. end, evalue, bit score
# 1 hits found
1586171_17_-	NC_000964.3	100.000	100	0	0	1	100	1586089	1586188	3.99e-48	185
# BLASTN 2.13.0+
# Query: 1593653_79_-
# Database: B._subtilis_NC_000964.3.fasta
# Fields: query acc.ver, subject acc.ver, % identity, alignment length, mismatches, gap opens, q. start, q. end, s. start, s. end, evalue, bit score
# 1 hits found
1593653_79_-	NC_000964.3	100.000	100	0	0	1	100	1593571	1593670	3.99e-48	185
# BLASTN 2.13.0+
# Query: 1611637_44_-
# Database: B._subtilis_NC_000964.3.fasta
# Fields: query acc.ver, subject acc.ver, % identity, alignment length, mismatches, gap opens, q. start, q. end, s. start, s. end, evalue, bit score
# 1 hits found
1611637_44_-	NC_000964.3	100.000	100	0	0	1	100	1611555	1611654	3.99e-48	185
# BLASTN 2.13.0+
# Query: 1642810_40_-
# Database: B._subtilis_NC_000964.3.fasta
# Fields: query acc.ver, subject acc.ver, % identity, alignment length, mismatches, gap opens, q. start, q. end, s. start, s. end, evalue, bit score
# 1 hits found
1642810_40_-	NC_000964.3	100.000	100	0	0	1	100	1642728	1642827	3.99e-48	185
# BLASTN 2.13.0+
# Query: 1658129_26_-
# Database: B._subtilis_NC_000964.3.fasta
# Fields: query acc.ver, subject acc.ver, % identity, alignment length, mismatches, gap opens, q. start, q. end, s. start, s. end, evalue, bit score
# 1 hits found
1658129_26_-	NC_000964.3	100.000	100	0	0	1	100	1658047	1658146	3.99e-48	185
# BLASTN 2.13.0+
# Query: 1666489_30_-
# Database: B._subtilis_NC_000964.3.fasta
# Fields: query acc.ver, subject acc.ver, % identity, alignment length, mismatches, gap opens, q. start, q. end, s. start, s. end, evalue, bit score
# 1 hits found
1666489_30_-	NC_000964.3	100.000	100	0	0	1	100	1666407	1666506	3.99e-48	185
# BLASTN 2.13.0+
# Query: 1676435_46_-
# Database: B._subtilis_NC_000964.3.fasta
# Fields: query acc.ver, subject acc.ver, % identity, alignment length, mismatches, gap opens, q. start, q. end, s. start, s. end, evalue, bit score
# 1 hits found
1676435_46_-	NC_000964.3	100.000	100	0	0	1	100	1676353	1676452	3.99e-48	185
# BLASTN 2.13.0+
# Query: 1690932_34_-
# Database: B._subtilis_NC_000964.3.fasta
# Fields: query acc.ver, subject acc.ver, % identity, alignment length, mismatches, gap opens, q. start, q. end, s. start, s. end, evalue, bit score
# 1 hits found
1690932_34_-	NC_000964.3	100.000	100	0	0	1	100	1690850	1690949	3.99e-48	185
# BLASTN 2.13.0+
# Query: 1719729_73_-
# Database: B._subtilis_NC_000964.3.fasta
# Fields: query acc.ver, subject acc.ver, % identity, alignment length, mismatches, gap opens, q. start, q. end, s. start, s. end, evalue, bit score
# 1 hits found
1719729_73_-	NC_000964.3	100.000	100	0	0	1	100	1719647	1719746	3.99e-48	185
# BLASTN 2.13.0+
# Query: 1727102_78_-
# Database: B._subtilis_NC_000964.3.fasta
# Fields: query acc.ver, subject acc.ver, % identity, alignment length, mismatches, gap opens, q. start, q. end, s. start, s. end, evalue, bit score
# 1 hits found
1727102_78_-	NC_000964.3	100.000	100	0	0	1	100	1727020	1727119	3.99e-48	185
# BLASTN 2.13.0+
# Query: 1741541_41_-
# Database: B._subtilis_NC_000964.3.fasta
# Fields: query acc.ver, subject acc.ver, % identity, alignment length, mismatches, gap opens, q. start, q. end, s. start, s. end, evalue, bit score
# 1 hits found
1741541_41_-	NC_000964.3	100.000	100	0	0	1	100	1741459	1741558	3.99e-48	185
# BLASTN 2.13.0+
# Query: 1749303_63_-
# Database: B._subtilis_NC_000964.3.fasta
# Fields: query acc.ver, subject acc.ver, % identity, alignment length, mismatches, gap opens, q. start, q. end, s. start, s. end, evalue, bit score
# 1 hits found
1749303_63_-	NC_000964.3	100.000	100	0	0	1	100	1749221	1749320	3.99e-48	185
# BLASTN 2.13.0+
# Query: 1755541_31_-
# Database: B._subtilis_NC_000964.3.fasta
# Fields: query acc.ver, subject acc.ver, % identity, alignment length, mismatches, gap opens, q. start, q. end, s. start, s. end, evalue, bit score
# 1 hits found
1755541_31_-	NC_000964.3	100.000	100	0	0	1	100	1755459	1755558	3.99e-48	185
# BLASTN 2.13.0+
# Query: 1760749_28_-
# Database: B._subtilis_NC_000964.3.fasta
# Fields: query acc.ver, subject acc.ver, % identity, alignment length, mismatches, gap opens, q. start, q. end, s. start, s. end, evalue, bit score
# 1 hits found
1760749_28_-	NC_000964.3	100.000	100	0	0	1	100	1760667	1760766	3.99e-48	185
# BLASTN 2.13.0+
# Query: 1760750_29_-
# Database: B._subtilis_NC_000964.3.fasta
# Fields: query acc.ver, subject acc.ver, % identity, alignment length, mismatches, gap opens, q. start, q. end, s. start, s. end, evalue, bit score
# 1 hits found
1760750_29_-	NC_000964.3	100.000	100	0	0	1	100	1760668	1760767	3.99e-48	185
# BLASTN 2.13.0+
# Query: 1765748_57_-
# Database: B._subtilis_NC_000964.3.fasta
# Fields: query acc.ver, subject acc.ver, % identity, alignment length, mismatches, gap opens, q. start, q. end, s. start, s. end, evalue, bit score
# 1 hits found
1765748_57_-	NC_000964.3	100.000	100	0	0	1	100	1765666	1765765	3.99e-48	185
# BLASTN 2.13.0+
# Query: 1772720_25_-
# Database: B._subtilis_NC_000964.3.fasta
# Fields: query acc.ver, subject acc.ver, % identity, alignment length, mismatches, gap opens, q. start, q. end, s. start, s. end, evalue, bit score
# 1 hits found
1772720_25_-	NC_000964.3	100.000	100	0	0	1	100	1772638	1772737	3.99e-48	185
# BLASTN 2.13.0+
# Query: 1780265_45_-
# Database: B._subtilis_NC_000964.3.fasta
# Fields: query acc.ver, subject acc.ver, % identity, alignment length, mismatches, gap opens, q. start, q. end, s. start, s. end, evalue, bit score
# 1 hits found
1780265_45_-	NC_000964.3	100.000	100	0	0	1	100	1780183	1780282	3.99e-48	185
# BLASTN 2.13.0+
# Query: 1858525_41_+
# Database: B._subtilis_NC_000964.3.fasta
# Fields: query acc.ver, subject acc.ver, % identity, alignment length, mismatches, gap opens, q. start, q. end, s. start, s. end, evalue, bit score
# 1 hits found
1858525_41_+	NC_000964.3	100.000	100	0	0	1	100	1858608	1858509	3.99e-48	185
# BLASTN 2.13.0+
# Query: 1872094_16_-
# Database: B._subtilis_NC_000964.3.fasta
# Fields: query acc.ver, subject acc.ver, % identity, alignment length, mismatches, gap opens, q. start, q. end, s. start, s. end, evalue, bit score
# 1 hits found
1872094_16_-	NC_000964.3	100.000	100	0	0	1	100	1872012	1872111	3.99e-48	185
# BLASTN 2.13.0+
# Query: 1879799_40_-
# Database: B._subtilis_NC_000964.3.fasta
# Fields: query acc.ver, subject acc.ver, % identity, alignment length, mismatches, gap opens, q. start, q. end, s. start, s. end, evalue, bit score
# 1 hits found
1879799_40_-	NC_000964.3	100.000	100	0	0	1	100	1879717	1879816	3.99e-48	185
# BLASTN 2.13.0+
# Query: 1879800_41_-
# Database: B._subtilis_NC_000964.3.fasta
# Fields: query acc.ver, subject acc.ver, % identity, alignment length, mismatches, gap opens, q. start, q. end, s. start, s. end, evalue, bit score
# 1 hits found
1879800_41_-	NC_000964.3	100.000	100	0	0	1	100	1879718	1879817	3.99e-48	185
# BLASTN 2.13.0+
# Query: 1903070_12_-
# Database: B._subtilis_NC_000964.3.fasta
# Fields: query acc.ver, subject acc.ver, % identity, alignment length, mismatches, gap opens, q. start, q. end, s. start, s. end, evalue, bit score
# 1 hits found
1903070_12_-	NC_000964.3	100.000	100	0	0	1	100	1902988	1903087	3.99e-48	185
# BLASTN 2.13.0+
# Query: 1917615_35_-
# Database: B._subtilis_NC_000964.3.fasta
# Fields: query acc.ver, subject acc.ver, % identity, alignment length, mismatches, gap opens, q. start, q. end, s. start, s. end, evalue, bit score
# 1 hits found
1917615_35_-	NC_000964.3	100.000	100	0	0	1	100	1917533	1917632	3.99e-48	185
# BLASTN 2.13.0+
# Query: 1925606_49_+
# Database: B._subtilis_NC_000964.3.fasta
# Fields: query acc.ver, subject acc.ver, % identity, alignment length, mismatches, gap opens, q. start, q. end, s. start, s. end, evalue, bit score
# 1 hits found
1925606_49_+	NC_000964.3	100.000	100	0	0	1	100	1925689	1925590	3.99e-48	185
# BLASTN 2.13.0+
# Query: 1930006_13_-
# Database: B._subtilis_NC_000964.3.fasta
# Fields: query acc.ver, subject acc.ver, % identity, alignment length, mismatches, gap opens, q. start, q. end, s. start, s. end, evalue, bit score
# 1 hits found
1930006_13_-	NC_000964.3	100.000	100	0	0	1	100	1929924	1930023	3.99e-48	185
# BLASTN 2.13.0+
# Query: 1937905_37_-
# Database: B._subtilis_NC_000964.3.fasta
# Fields: query acc.ver, subject acc.ver, % identity, alignment length, mismatches, gap opens, q. start, q. end, s. start, s. end, evalue, bit score
# 1 hits found
1937905_37_-	NC_000964.3	100.000	100	0	0	1	100	1937823	1937922	3.99e-48	185
# BLASTN 2.13.0+
# Query: 2004233_29_+
# Database: B._subtilis_NC_000964.3.fasta
# Fields: query acc.ver, subject acc.ver, % identity, alignment length, mismatches, gap opens, q. start, q. end, s. start, s. end, evalue, bit score
# 1 hits found
2004233_29_+	NC_000964.3	100.000	100	0	0	1	100	2004316	2004217	3.99e-48	185
# BLASTN 2.13.0+
# Query: 2025077_83_+
# Database: B._subtilis_NC_000964.3.fasta
# Fields: query acc.ver, subject acc.ver, % identity, alignment length, mismatches, gap opens, q. start, q. end, s. start, s. end, evalue, bit score
# 1 hits found
2025077_83_+	NC_000964.3	100.000	100	0	0	1	100	2025160	2025061	3.99e-48	185
# BLASTN 2.13.0+
# Query: 2049532_79_-
# Database: B._subtilis_NC_000964.3.fasta
# Fields: query acc.ver, subject acc.ver, % identity, alignment length, mismatches, gap opens, q. start, q. end, s. start, s. end, evalue, bit score
# 1 hits found
2049532_79_-	NC_000964.3	100.000	100	0	0	1	100	2049450	2049549	3.99e-48	185
# BLASTN 2.13.0+
# Query: 2055833_35_+
# Database: B._subtilis_NC_000964.3.fasta
# Fields: query acc.ver, subject acc.ver, % identity, alignment length, mismatches, gap opens, q. start, q. end, s. start, s. end, evalue, bit score
# 1 hits found
2055833_35_+	NC_000964.3	100.000	100	0	0	1	100	2055916	2055817	3.99e-48	185
# BLASTN 2.13.0+
# Query: 2069725_7_+
# Database: B._subtilis_NC_000964.3.fasta
# Fields: query acc.ver, subject acc.ver, % identity, alignment length, mismatches, gap opens, q. start, q. end, s. start, s. end, evalue, bit score
# 1 hits found
2069725_7_+	NC_000964.3	100.000	100	0	0	1	100	2069808	2069709	3.99e-48	185
# BLASTN 2.13.0+
# Query: 2073617_41_+
# Database: B._subtilis_NC_000964.3.fasta
# Fields: query acc.ver, subject acc.ver, % identity, alignment length, mismatches, gap opens, q. start, q. end, s. start, s. end, evalue, bit score
# 1 hits found
2073617_41_+	NC_000964.3	100.000	100	0	0	1	100	2073700	2073601	3.99e-48	185
# BLASTN 2.13.0+
# Query: 2277481_40_+
# Database: B._subtilis_NC_000964.3.fasta
# Fields: query acc.ver, subject acc.ver, % identity, alignment length, mismatches, gap opens, q. start, q. end, s. start, s. end, evalue, bit score
# 1 hits found
2277481_40_+	NC_000964.3	100.000	100	0	0	1	100	2277564	2277465	3.99e-48	185
# BLASTN 2.13.0+
# Query: 2086031_51_-
# Database: B._subtilis_NC_000964.3.fasta
# Fields: query acc.ver, subject acc.ver, % identity, alignment length, mismatches, gap opens, q. start, q. end, s. start, s. end, evalue, bit score
# 1 hits found
2086031_51_-	NC_000964.3	100.000	100	0	0	1	100	2085949	2086048	3.99e-48	185
# BLASTN 2.13.0+
# Query: 2092848_51_+
# Database: B._subtilis_NC_000964.3.fasta
# Fields: query acc.ver, subject acc.ver, % identity, alignment length, mismatches, gap opens, q. start, q. end, s. start, s. end, evalue, bit score
# 1 hits found
2092848_51_+	NC_000964.3	100.000	100	0	0	1	100	2092931	2092832	3.99e-48	185
# BLASTN 2.13.0+
# Query: 2100069_78_+
# Database: B._subtilis_NC_000964.3.fasta
# Fields: query acc.ver, subject acc.ver, % identity, alignment length, mismatches, gap opens, q. start, q. end, s. start, s. end, evalue, bit score
# 1 hits found
2100069_78_+	NC_000964.3	100.000	100	0	0	1	100	2100152	2100053	3.99e-48	185
# BLASTN 2.13.0+
# Query: 2107462_43_+
# Database: B._subtilis_NC_000964.3.fasta
# Fields: query acc.ver, subject acc.ver, % identity, alignment length, mismatches, gap opens, q. start, q. end, s. start, s. end, evalue, bit score
# 1 hits found
2107462_43_+	NC_000964.3	100.000	100	0	0	1	100	2107545	2107446	3.99e-48	185
# BLASTN 2.13.0+
# Query: 2117010_41_+
# Database: B._subtilis_NC_000964.3.fasta
# Fields: query acc.ver, subject acc.ver, % identity, alignment length, mismatches, gap opens, q. start, q. end, s. start, s. end, evalue, bit score
# 1 hits found
2117010_41_+	NC_000964.3	100.000	100	0	0	1	100	2117093	2116994	3.99e-48	185
# BLASTN 2.13.0+
# Query: 2134525_41_+
# Database: B._subtilis_NC_000964.3.fasta
# Fields: query acc.ver, subject acc.ver, % identity, alignment length, mismatches, gap opens, q. start, q. end, s. start, s. end, evalue, bit score
# 1 hits found
2134525_41_+	NC_000964.3	100.000	100	0	0	1	100	2134608	2134509	3.99e-48	185
# BLASTN 2.13.0+
# Query: 2136500_38_+
# Database: B._subtilis_NC_000964.3.fasta
# Fields: query acc.ver, subject acc.ver, % identity, alignment length, mismatches, gap opens, q. start, q. end, s. start, s. end, evalue, bit score
# 1 hits found
2136500_38_+	NC_000964.3	100.000	100	0	0	1	100	2136583	2136484	3.99e-48	185
# BLASTN 2.13.0+
# Query: 2204028_25_-
# Database: B._subtilis_NC_000964.3.fasta
# Fields: query acc.ver, subject acc.ver, % identity, alignment length, mismatches, gap opens, q. start, q. end, s. start, s. end, evalue, bit score
# 1 hits found
2204028_25_-	NC_000964.3	100.000	100	0	0	1	100	2203946	2204045	3.99e-48	185
# BLASTN 2.13.0+
# Query: 2212764_18_-
# Database: B._subtilis_NC_000964.3.fasta
# Fields: query acc.ver, subject acc.ver, % identity, alignment length, mismatches, gap opens, q. start, q. end, s. start, s. end, evalue, bit score
# 1 hits found
2212764_18_-	NC_000964.3	100.000	100	0	0	1	100	2212682	2212781	3.99e-48	185
# BLASTN 2.13.0+
# Query: 2246611_45_+
# Database: B._subtilis_NC_000964.3.fasta
# Fields: query acc.ver, subject acc.ver, % identity, alignment length, mismatches, gap opens, q. start, q. end, s. start, s. end, evalue, bit score
# 1 hits found
2246611_45_+	NC_000964.3	100.000	100	0	0	1	100	2246694	2246595	3.99e-48	185
# BLASTN 2.13.0+
# Query: 2269945_43_+
# Database: B._subtilis_NC_000964.3.fasta
# Fields: query acc.ver, subject acc.ver, % identity, alignment length, mismatches, gap opens, q. start, q. end, s. start, s. end, evalue, bit score
# 1 hits found
2269945_43_+	NC_000964.3	100.000	100	0	0	1	100	2270028	2269929	3.99e-48	185
# BLASTN 2.13.0+
# Query: 2287049_48_+
# Database: B._subtilis_NC_000964.3.fasta
# Fields: query acc.ver, subject acc.ver, % identity, alignment length, mismatches, gap opens, q. start, q. end, s. start, s. end, evalue, bit score
# 1 hits found
2287049_48_+	NC_000964.3	100.000	100	0	0	1	100	2287132	2287033	3.99e-48	185
# BLASTN 2.13.0+
# Query: 2287050_47_+
# Database: B._subtilis_NC_000964.3.fasta
# Fields: query acc.ver, subject acc.ver, % identity, alignment length, mismatches, gap opens, q. start, q. end, s. start, s. end, evalue, bit score
# 1 hits found
2287050_47_+	NC_000964.3	100.000	100	0	0	1	100	2287133	2287034	3.99e-48	185
# BLASTN 2.13.0+
# Query: 2290043_35_+
# Database: B._subtilis_NC_000964.3.fasta
# Fields: query acc.ver, subject acc.ver, % identity, alignment length, mismatches, gap opens, q. start, q. end, s. start, s. end, evalue, bit score
# 1 hits found
2290043_35_+	NC_000964.3	100.000	100	0	0	1	100	2290126	2290027	3.99e-48	185
# BLASTN 2.13.0+
# Query: 2300194_27_+
# Database: B._subtilis_NC_000964.3.fasta
# Fields: query acc.ver, subject acc.ver, % identity, alignment length, mismatches, gap opens, q. start, q. end, s. start, s. end, evalue, bit score
# 1 hits found
2300194_27_+	NC_000964.3	100.000	100	0	0	1	100	2300277	2300178	3.99e-48	185
# BLASTN 2.13.0+
# Query: 2307702_40_-
# Database: B._subtilis_NC_000964.3.fasta
# Fields: query acc.ver, subject acc.ver, % identity, alignment length, mismatches, gap opens, q. start, q. end, s. start, s. end, evalue, bit score
# 1 hits found
2307702_40_-	NC_000964.3	100.000	100	0	0	1	100	2307620	2307719	3.99e-48	185
# BLASTN 2.13.0+
# Query: 2316249_37_+
# Database: B._subtilis_NC_000964.3.fasta
# Fields: query acc.ver, subject acc.ver, % identity, alignment length, mismatches, gap opens, q. start, q. end, s. start, s. end, evalue, bit score
# 1 hits found
2316249_37_+	NC_000964.3	100.000	100	0	0	1	100	2316332	2316233	3.99e-48	185
# BLASTN 2.13.0+
# Query: 2316250_36_+
# Database: B._subtilis_NC_000964.3.fasta
# Fields: query acc.ver, subject acc.ver, % identity, alignment length, mismatches, gap opens, q. start, q. end, s. start, s. end, evalue, bit score
# 1 hits found
2316250_36_+	NC_000964.3	100.000	100	0	0	1	100	2316333	2316234	3.99e-48	185
# BLASTN 2.13.0+
# Query: 2327449_39_+
# Database: B._subtilis_NC_000964.3.fasta
# Fields: query acc.ver, subject acc.ver, % identity, alignment length, mismatches, gap opens, q. start, q. end, s. start, s. end, evalue, bit score
# 1 hits found
2327449_39_+	NC_000964.3	100.000	100	0	0	1	100	2327532	2327433	3.99e-48	185
# BLASTN 2.13.0+
# Query: 2327450_38_+
# Database: B._subtilis_NC_000964.3.fasta
# Fields: query acc.ver, subject acc.ver, % identity, alignment length, mismatches, gap opens, q. start, q. end, s. start, s. end, evalue, bit score
# 1 hits found
2327450_38_+	NC_000964.3	100.000	100	0	0	1	100	2327533	2327434	3.99e-48	185
# BLASTN 2.13.0+
# Query: 2330041_34_+
# Database: B._subtilis_NC_000964.3.fasta
# Fields: query acc.ver, subject acc.ver, % identity, alignment length, mismatches, gap opens, q. start, q. end, s. start, s. end, evalue, bit score
# 1 hits found
2330041_34_+	NC_000964.3	100.000	100	0	0	1	100	2330124	2330025	3.99e-48	185
# BLASTN 2.13.0+
# Query: 2336907_26_+
# Database: B._subtilis_NC_000964.3.fasta
# Fields: query acc.ver, subject acc.ver, % identity, alignment length, mismatches, gap opens, q. start, q. end, s. start, s. end, evalue, bit score
# 1 hits found
2336907_26_+	NC_000964.3	100.000	100	0	0	1	100	2336990	2336891	3.99e-48	185
# BLASTN 2.13.0+
# Query: 2347619_41_+
# Database: B._subtilis_NC_000964.3.fasta
# Fields: query acc.ver, subject acc.ver, % identity, alignment length, mismatches, gap opens, q. start, q. end, s. start, s. end, evalue, bit score
# 1 hits found
2347619_41_+	NC_000964.3	100.000	100	0	0	1	100	2347702	2347603	3.99e-48	185
# BLASTN 2.13.0+
# Query: 2365696_40_+
# Database: B._subtilis_NC_000964.3.fasta
# Fields: query acc.ver, subject acc.ver, % identity, alignment length, mismatches, gap opens, q. start, q. end, s. start, s. end, evalue, bit score
# 1 hits found
2365696_40_+	NC_000964.3	100.000	100	0	0	1	100	2365779	2365680	3.99e-48	185
# BLASTN 2.13.0+
# Query: 2387812_42_+
# Database: B._subtilis_NC_000964.3.fasta
# Fields: query acc.ver, subject acc.ver, % identity, alignment length, mismatches, gap opens, q. start, q. end, s. start, s. end, evalue, bit score
# 1 hits found
2387812_42_+	NC_000964.3	100.000	100	0	0	1	100	2387895	2387796	3.99e-48	185
# BLASTN 2.13.0+
# Query: 2400177_31_+
# Database: B._subtilis_NC_000964.3.fasta
# Fields: query acc.ver, subject acc.ver, % identity, alignment length, mismatches, gap opens, q. start, q. end, s. start, s. end, evalue, bit score
# 1 hits found
2400177_31_+	NC_000964.3	100.000	100	0	0	1	100	2400260	2400161	3.99e-48	185
# BLASTN 2.13.0+
# Query: 2402009_58_+
# Database: B._subtilis_NC_000964.3.fasta
# Fields: query acc.ver, subject acc.ver, % identity, alignment length, mismatches, gap opens, q. start, q. end, s. start, s. end, evalue, bit score
# 1 hits found
2402009_58_+	NC_000964.3	100.000	100	0	0	1	100	2402092	2401993	3.99e-48	185
# BLASTN 2.13.0+
# Query: 2410015_38_-
# Database: B._subtilis_NC_000964.3.fasta
# Fields: query acc.ver, subject acc.ver, % identity, alignment length, mismatches, gap opens, q. start, q. end, s. start, s. end, evalue, bit score
# 1 hits found
2410015_38_-	NC_000964.3	100.000	100	0	0	1	100	2409933	2410032	3.99e-48	185
# BLASTN 2.13.0+
# Query: 2409984_33_+
# Database: B._subtilis_NC_000964.3.fasta
# Fields: query acc.ver, subject acc.ver, % identity, alignment length, mismatches, gap opens, q. start, q. end, s. start, s. end, evalue, bit score
# 1 hits found
2409984_33_+	NC_000964.3	100.000	100	0	0	1	100	2410067	2409968	3.99e-48	185
# BLASTN 2.13.0+
# Query: 2432281_35_+
# Database: B._subtilis_NC_000964.3.fasta
# Fields: query acc.ver, subject acc.ver, % identity, alignment length, mismatches, gap opens, q. start, q. end, s. start, s. end, evalue, bit score
# 1 hits found
2432281_35_+	NC_000964.3	100.000	100	0	0	1	100	2432364	2432265	3.99e-48	185
# BLASTN 2.13.0+
# Query: 2449793_48_+
# Database: B._subtilis_NC_000964.3.fasta
# Fields: query acc.ver, subject acc.ver, % identity, alignment length, mismatches, gap opens, q. start, q. end, s. start, s. end, evalue, bit score
# 1 hits found
2449793_48_+	NC_000964.3	100.000	100	0	0	1	100	2449876	2449777	3.99e-48	185
# BLASTN 2.13.0+
# Query: 2454287_60_+
# Database: B._subtilis_NC_000964.3.fasta
# Fields: query acc.ver, subject acc.ver, % identity, alignment length, mismatches, gap opens, q. start, q. end, s. start, s. end, evalue, bit score
# 1 hits found
2454287_60_+	NC_000964.3	100.000	100	0	0	1	100	2454370	2454271	3.99e-48	185
# BLASTN 2.13.0+
# Query: 2466214_42_-
# Database: B._subtilis_NC_000964.3.fasta
# Fields: query acc.ver, subject acc.ver, % identity, alignment length, mismatches, gap opens, q. start, q. end, s. start, s. end, evalue, bit score
# 1 hits found
2466214_42_-	NC_000964.3	100.000	100	0	0	1	100	2466132	2466231	3.99e-48	185
# BLASTN 2.13.0+
# Query: 2480673_48_-
# Database: B._subtilis_NC_000964.3.fasta
# Fields: query acc.ver, subject acc.ver, % identity, alignment length, mismatches, gap opens, q. start, q. end, s. start, s. end, evalue, bit score
# 1 hits found
2480673_48_-	NC_000964.3	100.000	100	0	0	1	100	2480591	2480690	3.99e-48	185
# BLASTN 2.13.0+
# Query: 2495870_45_-
# Database: B._subtilis_NC_000964.3.fasta
# Fields: query acc.ver, subject acc.ver, % identity, alignment length, mismatches, gap opens, q. start, q. end, s. start, s. end, evalue, bit score
# 1 hits found
2495870_45_-	NC_000964.3	100.000	100	0	0	1	100	2495788	2495887	3.99e-48	185
# BLASTN 2.13.0+
# Query: 2520528_29_+
# Database: B._subtilis_NC_000964.3.fasta
# Fields: query acc.ver, subject acc.ver, % identity, alignment length, mismatches, gap opens, q. start, q. end, s. start, s. end, evalue, bit score
# 1 hits found
2520528_29_+	NC_000964.3	100.000	100	0	0	1	100	2520611	2520512	3.99e-48	185
# BLASTN 2.13.0+
# Query: 2528307_97_+
# Database: B._subtilis_NC_000964.3.fasta
# Fields: query acc.ver, subject acc.ver, % identity, alignment length, mismatches, gap opens, q. start, q. end, s. start, s. end, evalue, bit score
# 1 hits found
2528307_97_+	NC_000964.3	100.000	100	0	0	1	100	2528390	2528291	3.99e-48	185
# BLASTN 2.13.0+
# Query: 2543407_33_+
# Database: B._subtilis_NC_000964.3.fasta
# Fields: query acc.ver, subject acc.ver, % identity, alignment length, mismatches, gap opens, q. start, q. end, s. start, s. end, evalue, bit score
# 1 hits found
2543407_33_+	NC_000964.3	100.000	100	0	0	1	100	2543490	2543391	3.99e-48	185
# BLASTN 2.13.0+
# Query: 2568530_43_+
# Database: B._subtilis_NC_000964.3.fasta
# Fields: query acc.ver, subject acc.ver, % identity, alignment length, mismatches, gap opens, q. start, q. end, s. start, s. end, evalue, bit score
# 1 hits found
2568530_43_+	NC_000964.3	100.000	100	0	0	1	100	2568613	2568514	3.99e-48	185
# BLASTN 2.13.0+
# Query: 2574342_66_+
# Database: B._subtilis_NC_000964.3.fasta
# Fields: query acc.ver, subject acc.ver, % identity, alignment length, mismatches, gap opens, q. start, q. end, s. start, s. end, evalue, bit score
# 1 hits found
2574342_66_+	NC_000964.3	100.000	100	0	0	1	100	2574425	2574326	3.99e-48	185
# BLASTN 2.13.0+
# Query: 2585394_40_+
# Database: B._subtilis_NC_000964.3.fasta
# Fields: query acc.ver, subject acc.ver, % identity, alignment length, mismatches, gap opens, q. start, q. end, s. start, s. end, evalue, bit score
# 1 hits found
2585394_40_+	NC_000964.3	100.000	100	0	0	1	100	2585477	2585378	3.99e-48	185
# BLASTN 2.13.0+
# Query: 2587899_97_+
# Database: B._subtilis_NC_000964.3.fasta
# Fields: query acc.ver, subject acc.ver, % identity, alignment length, mismatches, gap opens, q. start, q. end, s. start, s. end, evalue, bit score
# 1 hits found
2587899_97_+	NC_000964.3	100.000	100	0	0	1	100	2587982	2587883	3.99e-48	185
# BLASTN 2.13.0+
# Query: 2591415_30_-
# Database: B._subtilis_NC_000964.3.fasta
# Fields: query acc.ver, subject acc.ver, % identity, alignment length, mismatches, gap opens, q. start, q. end, s. start, s. end, evalue, bit score
# 1 hits found
2591415_30_-	NC_000964.3	100.000	100	0	0	1	100	2591333	2591432	3.99e-48	185
# BLASTN 2.13.0+
# Query: 2614456_40_+
# Database: B._subtilis_NC_000964.3.fasta
# Fields: query acc.ver, subject acc.ver, % identity, alignment length, mismatches, gap opens, q. start, q. end, s. start, s. end, evalue, bit score
# 1 hits found
2614456_40_+	NC_000964.3	100.000	100	0	0	1	100	2614539	2614440	3.99e-48	185
# BLASTN 2.13.0+
# Query: 2619865_45_+
# Database: B._subtilis_NC_000964.3.fasta
# Fields: query acc.ver, subject acc.ver, % identity, alignment length, mismatches, gap opens, q. start, q. end, s. start, s. end, evalue, bit score
# 1 hits found
2619865_45_+	NC_000964.3	100.000	100	0	0	1	100	2619948	2619849	3.99e-48	185
# BLASTN 2.13.0+
# Query: 2637542_39_-
# Database: B._subtilis_NC_000964.3.fasta
# Fields: query acc.ver, subject acc.ver, % identity, alignment length, mismatches, gap opens, q. start, q. end, s. start, s. end, evalue, bit score
# 1 hits found
2637542_39_-	NC_000964.3	100.000	100	0	0	1	100	2637460	2637559	3.99e-48	185
# BLASTN 2.13.0+
# Query: 2663348_58_-
# Database: B._subtilis_NC_000964.3.fasta
# Fields: query acc.ver, subject acc.ver, % identity, alignment length, mismatches, gap opens, q. start, q. end, s. start, s. end, evalue, bit score
# 1 hits found
2663348_58_-	NC_000964.3	100.000	100	0	0	1	100	2663266	2663365	3.99e-48	185
# BLASTN 2.13.0+
# Query: 2692614_43_-
# Database: B._subtilis_NC_000964.3.fasta
# Fields: query acc.ver, subject acc.ver, % identity, alignment length, mismatches, gap opens, q. start, q. end, s. start, s. end, evalue, bit score
# 1 hits found
2692614_43_-	NC_000964.3	100.000	100	0	0	1	100	2692532	2692631	3.99e-48	185
# BLASTN 2.13.0+
# Query: 2718880_79_+
# Database: B._subtilis_NC_000964.3.fasta
# Fields: query acc.ver, subject acc.ver, % identity, alignment length, mismatches, gap opens, q. start, q. end, s. start, s. end, evalue, bit score
# 1 hits found
2718880_79_+	NC_000964.3	100.000	100	0	0	1	100	2718963	2718864	3.99e-48	185
# BLASTN 2.13.0+
# Query: 2732918_62_+
# Database: B._subtilis_NC_000964.3.fasta
# Fields: query acc.ver, subject acc.ver, % identity, alignment length, mismatches, gap opens, q. start, q. end, s. start, s. end, evalue, bit score
# 1 hits found
2732918_62_+	NC_000964.3	100.000	100	0	0	1	100	2733001	2732902	3.99e-48	185
# BLASTN 2.13.0+
# Query: 2739178_73_-
# Database: B._subtilis_NC_000964.3.fasta
# Fields: query acc.ver, subject acc.ver, % identity, alignment length, mismatches, gap opens, q. start, q. end, s. start, s. end, evalue, bit score
# 1 hits found
2739178_73_-	NC_000964.3	100.000	100	0	0	1	100	2739096	2739195	3.99e-48	185
# BLASTN 2.13.0+
# Query: 2740905_59_-
# Database: B._subtilis_NC_000964.3.fasta
# Fields: query acc.ver, subject acc.ver, % identity, alignment length, mismatches, gap opens, q. start, q. end, s. start, s. end, evalue, bit score
# 1 hits found
2740905_59_-	NC_000964.3	100.000	100	0	0	1	100	2740823	2740922	3.99e-48	185
# BLASTN 2.13.0+
# Query: 2769709_55_-
# Database: B._subtilis_NC_000964.3.fasta
# Fields: query acc.ver, subject acc.ver, % identity, alignment length, mismatches, gap opens, q. start, q. end, s. start, s. end, evalue, bit score
# 1 hits found
2769709_55_-	NC_000964.3	100.000	100	0	0	1	100	2769627	2769726	3.99e-48	185
# BLASTN 2.13.0+
# Query: 2788917_34_-
# Database: B._subtilis_NC_000964.3.fasta
# Fields: query acc.ver, subject acc.ver, % identity, alignment length, mismatches, gap opens, q. start, q. end, s. start, s. end, evalue, bit score
# 1 hits found
2788917_34_-	NC_000964.3	100.000	100	0	0	1	100	2788835	2788934	3.99e-48	185
# BLASTN 2.13.0+
# Query: 2788885_35_+
# Database: B._subtilis_NC_000964.3.fasta
# Fields: query acc.ver, subject acc.ver, % identity, alignment length, mismatches, gap opens, q. start, q. end, s. start, s. end, evalue, bit score
# 1 hits found
2788885_35_+	NC_000964.3	100.000	100	0	0	1	100	2788968	2788869	3.99e-48	185
# BLASTN 2.13.0+
# Query: 2795857_30_+
# Database: B._subtilis_NC_000964.3.fasta
# Fields: query acc.ver, subject acc.ver, % identity, alignment length, mismatches, gap opens, q. start, q. end, s. start, s. end, evalue, bit score
# 1 hits found
2795857_30_+	NC_000964.3	100.000	100	0	0	1	100	2795940	2795841	3.99e-48	185
# BLASTN 2.13.0+
# Query: 2806257_29_+
# Database: B._subtilis_NC_000964.3.fasta
# Fields: query acc.ver, subject acc.ver, % identity, alignment length, mismatches, gap opens, q. start, q. end, s. start, s. end, evalue, bit score
# 1 hits found
2806257_29_+	NC_000964.3	100.000	100	0	0	1	100	2806340	2806241	3.99e-48	185
# BLASTN 2.13.0+
# Query: 2813604_39_+
# Database: B._subtilis_NC_000964.3.fasta
# Fields: query acc.ver, subject acc.ver, % identity, alignment length, mismatches, gap opens, q. start, q. end, s. start, s. end, evalue, bit score
# 1 hits found
2813604_39_+	NC_000964.3	100.000	100	0	0	1	100	2813687	2813588	3.99e-48	185
# BLASTN 2.13.0+
# Query: 2826860_40_+
# Database: B._subtilis_NC_000964.3.fasta
# Fields: query acc.ver, subject acc.ver, % identity, alignment length, mismatches, gap opens, q. start, q. end, s. start, s. end, evalue, bit score
# 1 hits found
2826860_40_+	NC_000964.3	100.000	100	0	0	1	100	2826943	2826844	3.99e-48	185
# BLASTN 2.13.0+
# Query: 2841483_36_-
# Database: B._subtilis_NC_000964.3.fasta
# Fields: query acc.ver, subject acc.ver, % identity, alignment length, mismatches, gap opens, q. start, q. end, s. start, s. end, evalue, bit score
# 1 hits found
2841483_36_-	NC_000964.3	100.000	100	0	0	1	100	2841401	2841500	3.99e-48	185
# BLASTN 2.13.0+
# Query: 2866622_42_+
# Database: B._subtilis_NC_000964.3.fasta
# Fields: query acc.ver, subject acc.ver, % identity, alignment length, mismatches, gap opens, q. start, q. end, s. start, s. end, evalue, bit score
# 1 hits found
2866622_42_+	NC_000964.3	100.000	100	0	0	1	100	2866705	2866606	3.99e-48	185
# BLASTN 2.13.0+
# Query: 2897043_51_+
# Database: B._subtilis_NC_000964.3.fasta
# Fields: query acc.ver, subject acc.ver, % identity, alignment length, mismatches, gap opens, q. start, q. end, s. start, s. end, evalue, bit score
# 1 hits found
2897043_51_+	NC_000964.3	100.000	100	0	0	1	100	2897126	2897027	3.99e-48	185
# BLASTN 2.13.0+
# Query: 2903182_35_+
# Database: B._subtilis_NC_000964.3.fasta
# Fields: query acc.ver, subject acc.ver, % identity, alignment length, mismatches, gap opens, q. start, q. end, s. start, s. end, evalue, bit score
# 1 hits found
2903182_35_+	NC_000964.3	100.000	100	0	0	1	100	2903265	2903166	3.99e-48	185
# BLASTN 2.13.0+
# Query: 2909513_37_-
# Database: B._subtilis_NC_000964.3.fasta
# Fields: query acc.ver, subject acc.ver, % identity, alignment length, mismatches, gap opens, q. start, q. end, s. start, s. end, evalue, bit score
# 1 hits found
2909513_37_-	NC_000964.3	100.000	100	0	0	1	100	2909431	2909530	3.99e-48	185
# BLASTN 2.13.0+
# Query: 2915328_37_+
# Database: B._subtilis_NC_000964.3.fasta
# Fields: query acc.ver, subject acc.ver, % identity, alignment length, mismatches, gap opens, q. start, q. end, s. start, s. end, evalue, bit score
# 1 hits found
2915328_37_+	NC_000964.3	100.000	100	0	0	1	100	2915411	2915312	3.99e-48	185
# BLASTN 2.13.0+
# Query: 2925066_34_+
# Database: B._subtilis_NC_000964.3.fasta
# Fields: query acc.ver, subject acc.ver, % identity, alignment length, mismatches, gap opens, q. start, q. end, s. start, s. end, evalue, bit score
# 1 hits found
2925066_34_+	NC_000964.3	100.000	100	0	0	1	100	2925149	2925050	3.99e-48	185
# BLASTN 2.13.0+
# Query: 2952186_38_+
# Database: B._subtilis_NC_000964.3.fasta
# Fields: query acc.ver, subject acc.ver, % identity, alignment length, mismatches, gap opens, q. start, q. end, s. start, s. end, evalue, bit score
# 1 hits found
2952186_38_+	NC_000964.3	100.000	100	0	0	1	100	2952269	2952170	3.99e-48	185
# BLASTN 2.13.0+
# Query: 2959254_38_-
# Database: B._subtilis_NC_000964.3.fasta
# Fields: query acc.ver, subject acc.ver, % identity, alignment length, mismatches, gap opens, q. start, q. end, s. start, s. end, evalue, bit score
# 1 hits found
2959254_38_-	NC_000964.3	100.000	100	0	0	1	100	2959172	2959271	3.99e-48	185
# BLASTN 2.13.0+
# Query: 2965645_36_+
# Database: B._subtilis_NC_000964.3.fasta
# Fields: query acc.ver, subject acc.ver, % identity, alignment length, mismatches, gap opens, q. start, q. end, s. start, s. end, evalue, bit score
# 1 hits found
2965645_36_+	NC_000964.3	100.000	100	0	0	1	100	2965728	2965629	3.99e-48	185
# BLASTN 2.13.0+
# Query: 2978691_43_+
# Database: B._subtilis_NC_000964.3.fasta
# Fields: query acc.ver, subject acc.ver, % identity, alignment length, mismatches, gap opens, q. start, q. end, s. start, s. end, evalue, bit score
# 1 hits found
2978691_43_+	NC_000964.3	100.000	100	0	0	1	100	2978774	2978675	3.99e-48	185
# BLASTN 2.13.0+
# Query: 2987695_36_+
# Database: B._subtilis_NC_000964.3.fasta
# Fields: query acc.ver, subject acc.ver, % identity, alignment length, mismatches, gap opens, q. start, q. end, s. start, s. end, evalue, bit score
# 1 hits found
2987695_36_+	NC_000964.3	100.000	100	0	0	1	100	2987778	2987679	3.99e-48	185
# BLASTN 2.13.0+
# Query: 3009872_43_+
# Database: B._subtilis_NC_000964.3.fasta
# Fields: query acc.ver, subject acc.ver, % identity, alignment length, mismatches, gap opens, q. start, q. end, s. start, s. end, evalue, bit score
# 1 hits found
3009872_43_+	NC_000964.3	100.000	100	0	0	1	100	3009955	3009856	3.99e-48	185
# BLASTN 2.13.0+
# Query: 3015071_40_+
# Database: B._subtilis_NC_000964.3.fasta
# Fields: query acc.ver, subject acc.ver, % identity, alignment length, mismatches, gap opens, q. start, q. end, s. start, s. end, evalue, bit score
# 1 hits found
3015071_40_+	NC_000964.3	100.000	100	0	0	1	100	3015154	3015055	3.99e-48	185
# BLASTN 2.13.0+
# Query: 3019500_33_+
# Database: B._subtilis_NC_000964.3.fasta
# Fields: query acc.ver, subject acc.ver, % identity, alignment length, mismatches, gap opens, q. start, q. end, s. start, s. end, evalue, bit score
# 1 hits found
3019500_33_+	NC_000964.3	100.000	100	0	0	1	100	3019583	3019484	3.99e-48	185
# BLASTN 2.13.0+
# Query: 3029673_56_+
# Database: B._subtilis_NC_000964.3.fasta
# Fields: query acc.ver, subject acc.ver, % identity, alignment length, mismatches, gap opens, q. start, q. end, s. start, s. end, evalue, bit score
# 1 hits found
3029673_56_+	NC_000964.3	100.000	100	0	0	1	100	3029756	3029657	3.99e-48	185
# BLASTN 2.13.0+
# Query: 3036562_41_+
# Database: B._subtilis_NC_000964.3.fasta
# Fields: query acc.ver, subject acc.ver, % identity, alignment length, mismatches, gap opens, q. start, q. end, s. start, s. end, evalue, bit score
# 1 hits found
3036562_41_+	NC_000964.3	100.000	100	0	0	1	100	3036645	3036546	3.99e-48	185
# BLASTN 2.13.0+
# Query: 3048145_32_+
# Database: B._subtilis_NC_000964.3.fasta
# Fields: query acc.ver, subject acc.ver, % identity, alignment length, mismatches, gap opens, q. start, q. end, s. start, s. end, evalue, bit score
# 1 hits found
3048145_32_+	NC_000964.3	100.000	100	0	0	1	100	3048228	3048129	3.99e-48	185
# BLASTN 2.13.0+
# Query: 3056846_50_-
# Database: B._subtilis_NC_000964.3.fasta
# Fields: query acc.ver, subject acc.ver, % identity, alignment length, mismatches, gap opens, q. start, q. end, s. start, s. end, evalue, bit score
# 1 hits found
3056846_50_-	NC_000964.3	100.000	100	0	0	1	100	3056764	3056863	3.99e-48	185
# BLASTN 2.13.0+
# Query: 3072707_36_+
# Database: B._subtilis_NC_000964.3.fasta
# Fields: query acc.ver, subject acc.ver, % identity, alignment length, mismatches, gap opens, q. start, q. end, s. start, s. end, evalue, bit score
# 1 hits found
3072707_36_+	NC_000964.3	100.000	100	0	0	1	100	3072790	3072691	3.99e-48	185
# BLASTN 2.13.0+
# Query: 3102587_42_+
# Database: B._subtilis_NC_000964.3.fasta
# Fields: query acc.ver, subject acc.ver, % identity, alignment length, mismatches, gap opens, q. start, q. end, s. start, s. end, evalue, bit score
# 1 hits found
3102587_42_+	NC_000964.3	100.000	100	0	0	1	100	3102670	3102571	3.99e-48	185
# BLASTN 2.13.0+
# Query: 3124097_92_-
# Database: B._subtilis_NC_000964.3.fasta
# Fields: query acc.ver, subject acc.ver, % identity, alignment length, mismatches, gap opens, q. start, q. end, s. start, s. end, evalue, bit score
# 1 hits found
3124097_92_-	NC_000964.3	100.000	100	0	0	1	100	3124015	3124114	3.99e-48	185
# BLASTN 2.13.0+
# Query: 3127788_37_+
# Database: B._subtilis_NC_000964.3.fasta
# Fields: query acc.ver, subject acc.ver, % identity, alignment length, mismatches, gap opens, q. start, q. end, s. start, s. end, evalue, bit score
# 1 hits found
3127788_37_+	NC_000964.3	100.000	100	0	0	1	100	3127871	3127772	3.99e-48	185
# BLASTN 2.13.0+
# Query: 3148845_56_+
# Database: B._subtilis_NC_000964.3.fasta
# Fields: query acc.ver, subject acc.ver, % identity, alignment length, mismatches, gap opens, q. start, q. end, s. start, s. end, evalue, bit score
# 1 hits found
3148845_56_+	NC_000964.3	100.000	100	0	0	1	100	3148928	3148829	3.99e-48	185
# BLASTN 2.13.0+
# Query: 3171975_1_+
# Database: B._subtilis_NC_000964.3.fasta
# Fields: query acc.ver, subject acc.ver, % identity, alignment length, mismatches, gap opens, q. start, q. end, s. start, s. end, evalue, bit score
# 1 hits found
3171975_1_+	NC_000964.3	100.000	100	0	0	1	100	3172058	3171959	3.99e-48	185
# BLASTN 2.13.0+
# Query: 3172246_1_+
# Database: B._subtilis_NC_000964.3.fasta
# Fields: query acc.ver, subject acc.ver, % identity, alignment length, mismatches, gap opens, q. start, q. end, s. start, s. end, evalue, bit score
# 1 hits found
3172246_1_+	NC_000964.3	100.000	100	0	0	1	100	3172329	3172230	3.99e-48	185
# BLASTN 2.13.0+
# Query: 3172330_1_+
# Database: B._subtilis_NC_000964.3.fasta
# Fields: query acc.ver, subject acc.ver, % identity, alignment length, mismatches, gap opens, q. start, q. end, s. start, s. end, evalue, bit score
# 1 hits found
3172330_1_+	NC_000964.3	100.000	100	0	0	1	100	3172413	3172314	3.99e-48	185
# BLASTN 2.13.0+
# Query: 3173403_1_+
# Database: B._subtilis_NC_000964.3.fasta
# Fields: query acc.ver, subject acc.ver, % identity, alignment length, mismatches, gap opens, q. start, q. end, s. start, s. end, evalue, bit score
# 1 hits found
3173403_1_+	NC_000964.3	100.000	100	0	0	1	100	3173486	3173387	3.99e-48	185
# BLASTN 2.13.0+
# Query: 3179266_60_-
# Database: B._subtilis_NC_000964.3.fasta
# Fields: query acc.ver, subject acc.ver, % identity, alignment length, mismatches, gap opens, q. start, q. end, s. start, s. end, evalue, bit score
# 1 hits found
3179266_60_-	NC_000964.3	100.000	100	0	0	1	100	3179184	3179283	3.99e-48	185
# BLASTN 2.13.0+
# Query: 3183830_37_+
# Database: B._subtilis_NC_000964.3.fasta
# Fields: query acc.ver, subject acc.ver, % identity, alignment length, mismatches, gap opens, q. start, q. end, s. start, s. end, evalue, bit score
# 1 hits found
3183830_37_+	NC_000964.3	100.000	100	0	0	1	100	3183913	3183814	3.99e-48	185
# BLASTN 2.13.0+
# Query: 3188080_32_-
# Database: B._subtilis_NC_000964.3.fasta
# Fields: query acc.ver, subject acc.ver, % identity, alignment length, mismatches, gap opens, q. start, q. end, s. start, s. end, evalue, bit score
# 1 hits found
3188080_32_-	NC_000964.3	100.000	100	0	0	1	100	3187998	3188097	3.99e-48	185
# BLASTN 2.13.0+
# Query: 3190429_33_+
# Database: B._subtilis_NC_000964.3.fasta
# Fields: query acc.ver, subject acc.ver, % identity, alignment length, mismatches, gap opens, q. start, q. end, s. start, s. end, evalue, bit score
# 1 hits found
3190429_33_+	NC_000964.3	100.000	100	0	0	1	100	3190512	3190413	3.99e-48	185
# BLASTN 2.13.0+
# Query: 3194595_40_+
# Database: B._subtilis_NC_000964.3.fasta
# Fields: query acc.ver, subject acc.ver, % identity, alignment length, mismatches, gap opens, q. start, q. end, s. start, s. end, evalue, bit score
# 1 hits found
3194595_40_+	NC_000964.3	100.000	100	0	0	1	100	3194678	3194579	3.99e-48	185
# BLASTN 2.13.0+
# Query: 3220690_41_+
# Database: B._subtilis_NC_000964.3.fasta
# Fields: query acc.ver, subject acc.ver, % identity, alignment length, mismatches, gap opens, q. start, q. end, s. start, s. end, evalue, bit score
# 1 hits found
3220690_41_+	NC_000964.3	100.000	100	0	0	1	100	3220773	3220674	3.99e-48	185
# BLASTN 2.13.0+
# Query: 3223430_41_+
# Database: B._subtilis_NC_000964.3.fasta
# Fields: query acc.ver, subject acc.ver, % identity, alignment length, mismatches, gap opens, q. start, q. end, s. start, s. end, evalue, bit score
# 1 hits found
3223430_41_+	NC_000964.3	100.000	100	0	0	1	100	3223513	3223414	3.99e-48	185
# BLASTN 2.13.0+
# Query: 3229986_45_-
# Database: B._subtilis_NC_000964.3.fasta
# Fields: query acc.ver, subject acc.ver, % identity, alignment length, mismatches, gap opens, q. start, q. end, s. start, s. end, evalue, bit score
# 1 hits found
3229986_45_-	NC_000964.3	100.000	100	0	0	1	100	3229904	3230003	3.99e-48	185
# BLASTN 2.13.0+
# Query: 3236406_16_+
# Database: B._subtilis_NC_000964.3.fasta
# Fields: query acc.ver, subject acc.ver, % identity, alignment length, mismatches, gap opens, q. start, q. end, s. start, s. end, evalue, bit score
# 1 hits found
3236406_16_+	NC_000964.3	100.000	100	0	0	1	100	3236489	3236390	3.99e-48	185
# BLASTN 2.13.0+
# Query: 3253484_45_+
# Database: B._subtilis_NC_000964.3.fasta
# Fields: query acc.ver, subject acc.ver, % identity, alignment length, mismatches, gap opens, q. start, q. end, s. start, s. end, evalue, bit score
# 1 hits found
3253484_45_+	NC_000964.3	100.000	100	0	0	1	100	3253567	3253468	3.99e-48	185
# BLASTN 2.13.0+
# Query: 3262298_32_+
# Database: B._subtilis_NC_000964.3.fasta
# Fields: query acc.ver, subject acc.ver, % identity, alignment length, mismatches, gap opens, q. start, q. end, s. start, s. end, evalue, bit score
# 1 hits found
3262298_32_+	NC_000964.3	100.000	100	0	0	1	100	3262381	3262282	3.99e-48	185
# BLASTN 2.13.0+
# Query: 3280286_36_-
# Database: B._subtilis_NC_000964.3.fasta
# Fields: query acc.ver, subject acc.ver, % identity, alignment length, mismatches, gap opens, q. start, q. end, s. start, s. end, evalue, bit score
# 1 hits found
3280286_36_-	NC_000964.3	100.000	100	0	0	1	100	3280204	3280303	3.99e-48	185
# BLASTN 2.13.0+
# Query: 3293476_97_+
# Database: B._subtilis_NC_000964.3.fasta
# Fields: query acc.ver, subject acc.ver, % identity, alignment length, mismatches, gap opens, q. start, q. end, s. start, s. end, evalue, bit score
# 1 hits found
3293476_97_+	NC_000964.3	100.000	100	0	0	1	100	3293559	3293460	3.99e-48	185
# BLASTN 2.13.0+
# Query: 3304073_51_-
# Database: B._subtilis_NC_000964.3.fasta
# Fields: query acc.ver, subject acc.ver, % identity, alignment length, mismatches, gap opens, q. start, q. end, s. start, s. end, evalue, bit score
# 1 hits found
3304073_51_-	NC_000964.3	100.000	100	0	0	1	100	3303991	3304090	3.99e-48	185
# BLASTN 2.13.0+
# Query: 3304025_71_+
# Database: B._subtilis_NC_000964.3.fasta
# Fields: query acc.ver, subject acc.ver, % identity, alignment length, mismatches, gap opens, q. start, q. end, s. start, s. end, evalue, bit score
# 1 hits found
3304025_71_+	NC_000964.3	100.000	100	0	0	1	100	3304108	3304009	3.99e-48	185
# BLASTN 2.13.0+
# Query: 3306975_42_+
# Database: B._subtilis_NC_000964.3.fasta
# Fields: query acc.ver, subject acc.ver, % identity, alignment length, mismatches, gap opens, q. start, q. end, s. start, s. end, evalue, bit score
# 1 hits found
3306975_42_+	NC_000964.3	100.000	100	0	0	1	100	3307058	3306959	3.99e-48	185
# BLASTN 2.13.0+
# Query: 3352251_61_+
# Database: B._subtilis_NC_000964.3.fasta
# Fields: query acc.ver, subject acc.ver, % identity, alignment length, mismatches, gap opens, q. start, q. end, s. start, s. end, evalue, bit score
# 1 hits found
3352251_61_+	NC_000964.3	100.000	100	0	0	1	100	3352334	3352235	3.99e-48	185
# BLASTN 2.13.0+
# Query: 3361729_38_+
# Database: B._subtilis_NC_000964.3.fasta
# Fields: query acc.ver, subject acc.ver, % identity, alignment length, mismatches, gap opens, q. start, q. end, s. start, s. end, evalue, bit score
# 1 hits found
3361729_38_+	NC_000964.3	100.000	100	0	0	1	100	3361812	3361713	3.99e-48	185
# BLASTN 2.13.0+
# Query: 3384063_37_-
# Database: B._subtilis_NC_000964.3.fasta
# Fields: query acc.ver, subject acc.ver, % identity, alignment length, mismatches, gap opens, q. start, q. end, s. start, s. end, evalue, bit score
# 1 hits found
3384063_37_-	NC_000964.3	100.000	100	0	0	1	100	3383981	3384080	3.99e-48	185
# BLASTN 2.13.0+
# Query: 3400487_50_+
# Database: B._subtilis_NC_000964.3.fasta
# Fields: query acc.ver, subject acc.ver, % identity, alignment length, mismatches, gap opens, q. start, q. end, s. start, s. end, evalue, bit score
# 1 hits found
3400487_50_+	NC_000964.3	100.000	100	0	0	1	100	3400570	3400471	3.99e-48	185
# BLASTN 2.13.0+
# Query: 3415354_33_+
# Database: B._subtilis_NC_000964.3.fasta
# Fields: query acc.ver, subject acc.ver, % identity, alignment length, mismatches, gap opens, q. start, q. end, s. start, s. end, evalue, bit score
# 1 hits found
3415354_33_+	NC_000964.3	100.000	100	0	0	1	100	3415437	3415338	3.99e-48	185
# BLASTN 2.13.0+
# Query: 3419619_37_+
# Database: B._subtilis_NC_000964.3.fasta
# Fields: query acc.ver, subject acc.ver, % identity, alignment length, mismatches, gap opens, q. start, q. end, s. start, s. end, evalue, bit score
# 1 hits found
3419619_37_+	NC_000964.3	100.000	100	0	0	1	100	3419702	3419603	3.99e-48	185
# BLASTN 2.13.0+
# Query: 3428289_42_+
# Database: B._subtilis_NC_000964.3.fasta
# Fields: query acc.ver, subject acc.ver, % identity, alignment length, mismatches, gap opens, q. start, q. end, s. start, s. end, evalue, bit score
# 1 hits found
3428289_42_+	NC_000964.3	100.000	100	0	0	1	100	3428372	3428273	3.99e-48	185
# BLASTN 2.13.0+
# Query: 3436807_42_+
# Database: B._subtilis_NC_000964.3.fasta
# Fields: query acc.ver, subject acc.ver, % identity, alignment length, mismatches, gap opens, q. start, q. end, s. start, s. end, evalue, bit score
# 1 hits found
3436807_42_+	NC_000964.3	100.000	100	0	0	1	100	3436890	3436791	3.99e-48	185
# BLASTN 2.13.0+
# Query: 3441092_29_+
# Database: B._subtilis_NC_000964.3.fasta
# Fields: query acc.ver, subject acc.ver, % identity, alignment length, mismatches, gap opens, q. start, q. end, s. start, s. end, evalue, bit score
# 1 hits found
3441092_29_+	NC_000964.3	100.000	100	0	0	1	100	3441175	3441076	3.99e-48	185
# BLASTN 2.13.0+
# Query: 3445440_35_-
# Database: B._subtilis_NC_000964.3.fasta
# Fields: query acc.ver, subject acc.ver, % identity, alignment length, mismatches, gap opens, q. start, q. end, s. start, s. end, evalue, bit score
# 1 hits found
3445440_35_-	NC_000964.3	100.000	100	0	0	1	100	3445358	3445457	3.99e-48	185
# BLASTN 2.13.0+
# Query: 3455048_45_+
# Database: B._subtilis_NC_000964.3.fasta
# Fields: query acc.ver, subject acc.ver, % identity, alignment length, mismatches, gap opens, q. start, q. end, s. start, s. end, evalue, bit score
# 1 hits found
3455048_45_+	NC_000964.3	100.000	100	0	0	1	100	3455131	3455032	3.99e-48	185
# BLASTN 2.13.0+
# Query: 3464095_28_-
# Database: B._subtilis_NC_000964.3.fasta
# Fields: query acc.ver, subject acc.ver, % identity, alignment length, mismatches, gap opens, q. start, q. end, s. start, s. end, evalue, bit score
# 1 hits found
3464095_28_-	NC_000964.3	100.000	100	0	0	1	100	3464013	3464112	3.99e-48	185
# BLASTN 2.13.0+
# Query: 3464102_35_-
# Database: B._subtilis_NC_000964.3.fasta
# Fields: query acc.ver, subject acc.ver, % identity, alignment length, mismatches, gap opens, q. start, q. end, s. start, s. end, evalue, bit score
# 1 hits found
3464102_35_-	NC_000964.3	100.000	100	0	0	1	100	3464020	3464119	3.99e-48	185
# BLASTN 2.13.0+
# Query: 3473283_43_-
# Database: B._subtilis_NC_000964.3.fasta
# Fields: query acc.ver, subject acc.ver, % identity, alignment length, mismatches, gap opens, q. start, q. end, s. start, s. end, evalue, bit score
# 1 hits found
3473283_43_-	NC_000964.3	100.000	100	0	0	1	100	3473201	3473300	3.99e-48	185
# BLASTN 2.13.0+
# Query: 3491284_38_+
# Database: B._subtilis_NC_000964.3.fasta
# Fields: query acc.ver, subject acc.ver, % identity, alignment length, mismatches, gap opens, q. start, q. end, s. start, s. end, evalue, bit score
# 1 hits found
3491284_38_+	NC_000964.3	100.000	100	0	0	1	100	3491367	3491268	3.99e-48	185
# BLASTN 2.13.0+
# Query: 3501645_48_-
# Database: B._subtilis_NC_000964.3.fasta
# Fields: query acc.ver, subject acc.ver, % identity, alignment length, mismatches, gap opens, q. start, q. end, s. start, s. end, evalue, bit score
# 1 hits found
3501645_48_-	NC_000964.3	100.000	100	0	0	1	100	3501563	3501662	3.99e-48	185
# BLASTN 2.13.0+
# Query: 3509748_83_+
# Database: B._subtilis_NC_000964.3.fasta
# Fields: query acc.ver, subject acc.ver, % identity, alignment length, mismatches, gap opens, q. start, q. end, s. start, s. end, evalue, bit score
# 1 hits found
3509748_83_+	NC_000964.3	100.000	100	0	0	1	100	3509831	3509732	3.99e-48	185
# BLASTN 2.13.0+
# Query: 3545830_59_+
# Database: B._subtilis_NC_000964.3.fasta
# Fields: query acc.ver, subject acc.ver, % identity, alignment length, mismatches, gap opens, q. start, q. end, s. start, s. end, evalue, bit score
# 1 hits found
3545830_59_+	NC_000964.3	100.000	100	0	0	1	100	3545913	3545814	3.99e-48	185
# BLASTN 2.13.0+
# Query: 3563578_35_-
# Database: B._subtilis_NC_000964.3.fasta
# Fields: query acc.ver, subject acc.ver, % identity, alignment length, mismatches, gap opens, q. start, q. end, s. start, s. end, evalue, bit score
# 1 hits found
3563578_35_-	NC_000964.3	100.000	100	0	0	1	100	3563496	3563595	3.99e-48	185
# BLASTN 2.13.0+
# Query: 3574319_44_+
# Database: B._subtilis_NC_000964.3.fasta
# Fields: query acc.ver, subject acc.ver, % identity, alignment length, mismatches, gap opens, q. start, q. end, s. start, s. end, evalue, bit score
# 1 hits found
3574319_44_+	NC_000964.3	100.000	100	0	0	1	100	3574402	3574303	3.99e-48	185
# BLASTN 2.13.0+
# Query: 3579635_44_+
# Database: B._subtilis_NC_000964.3.fasta
# Fields: query acc.ver, subject acc.ver, % identity, alignment length, mismatches, gap opens, q. start, q. end, s. start, s. end, evalue, bit score
# 1 hits found
3579635_44_+	NC_000964.3	100.000	100	0	0	1	100	3579718	3579619	3.99e-48	185
# BLASTN 2.13.0+
# Query: 3609996_68_+
# Database: B._subtilis_NC_000964.3.fasta
# Fields: query acc.ver, subject acc.ver, % identity, alignment length, mismatches, gap opens, q. start, q. end, s. start, s. end, evalue, bit score
# 1 hits found
3609996_68_+	NC_000964.3	100.000	100	0	0	1	100	3610079	3609980	3.99e-48	185
# BLASTN 2.13.0+
# Query: 3625698_43_+
# Database: B._subtilis_NC_000964.3.fasta
# Fields: query acc.ver, subject acc.ver, % identity, alignment length, mismatches, gap opens, q. start, q. end, s. start, s. end, evalue, bit score
# 1 hits found
3625698_43_+	NC_000964.3	100.000	100	0	0	1	100	3625781	3625682	3.99e-48	185
# BLASTN 2.13.0+
# Query: 3637311_27_+
# Database: B._subtilis_NC_000964.3.fasta
# Fields: query acc.ver, subject acc.ver, % identity, alignment length, mismatches, gap opens, q. start, q. end, s. start, s. end, evalue, bit score
# 1 hits found
3637311_27_+	NC_000964.3	100.000	100	0	0	1	100	3637394	3637295	3.99e-48	185
# BLASTN 2.13.0+
# Query: 3648618_37_-
# Database: B._subtilis_NC_000964.3.fasta
# Fields: query acc.ver, subject acc.ver, % identity, alignment length, mismatches, gap opens, q. start, q. end, s. start, s. end, evalue, bit score
# 1 hits found
3648618_37_-	NC_000964.3	100.000	100	0	0	1	100	3648536	3648635	3.99e-48	185
# BLASTN 2.13.0+
# Query: 3676108_51_+
# Database: B._subtilis_NC_000964.3.fasta
# Fields: query acc.ver, subject acc.ver, % identity, alignment length, mismatches, gap opens, q. start, q. end, s. start, s. end, evalue, bit score
# 1 hits found
3676108_51_+	NC_000964.3	100.000	100	0	0	1	100	3676191	3676092	3.99e-48	185
# BLASTN 2.13.0+
# Query: 3683355_37_-
# Database: B._subtilis_NC_000964.3.fasta
# Fields: query acc.ver, subject acc.ver, % identity, alignment length, mismatches, gap opens, q. start, q. end, s. start, s. end, evalue, bit score
# 1 hits found
3683355_37_-	NC_000964.3	100.000	100	0	0	1	100	3683273	3683372	3.99e-48	185
# BLASTN 2.13.0+
# Query: 3687565_32_+
# Database: B._subtilis_NC_000964.3.fasta
# Fields: query acc.ver, subject acc.ver, % identity, alignment length, mismatches, gap opens, q. start, q. end, s. start, s. end, evalue, bit score
# 1 hits found
3687565_32_+	NC_000964.3	100.000	100	0	0	1	100	3687648	3687549	3.99e-48	185
# BLASTN 2.13.0+
# Query: 3696255_32_-
# Database: B._subtilis_NC_000964.3.fasta
# Fields: query acc.ver, subject acc.ver, % identity, alignment length, mismatches, gap opens, q. start, q. end, s. start, s. end, evalue, bit score
# 1 hits found
3696255_32_-	NC_000964.3	100.000	100	0	0	1	100	3696173	3696272	3.99e-48	185
# BLASTN 2.13.0+
# Query: 3708133_39_+
# Database: B._subtilis_NC_000964.3.fasta
# Fields: query acc.ver, subject acc.ver, % identity, alignment length, mismatches, gap opens, q. start, q. end, s. start, s. end, evalue, bit score
# 1 hits found
3708133_39_+	NC_000964.3	100.000	100	0	0	1	100	3708216	3708117	3.99e-48	185
# BLASTN 2.13.0+
# Query: 3724386_34_+
# Database: B._subtilis_NC_000964.3.fasta
# Fields: query acc.ver, subject acc.ver, % identity, alignment length, mismatches, gap opens, q. start, q. end, s. start, s. end, evalue, bit score
# 1 hits found
3724386_34_+	NC_000964.3	100.000	100	0	0	1	100	3724469	3724370	3.99e-48	185
# BLASTN 2.13.0+
# Query: 3731791_31_+
# Database: B._subtilis_NC_000964.3.fasta
# Fields: query acc.ver, subject acc.ver, % identity, alignment length, mismatches, gap opens, q. start, q. end, s. start, s. end, evalue, bit score
# 1 hits found
3731791_31_+	NC_000964.3	100.000	100	0	0	1	100	3731874	3731775	3.99e-48	185
# BLASTN 2.13.0+
# Query: 3740111_95_+
# Database: B._subtilis_NC_000964.3.fasta
# Fields: query acc.ver, subject acc.ver, % identity, alignment length, mismatches, gap opens, q. start, q. end, s. start, s. end, evalue, bit score
# 1 hits found
3740111_95_+	NC_000964.3	100.000	100	0	0	1	100	3740194	3740095	3.99e-48	185
# BLASTN 2.13.0+
# Query: 3743687_45_+
# Database: B._subtilis_NC_000964.3.fasta
# Fields: query acc.ver, subject acc.ver, % identity, alignment length, mismatches, gap opens, q. start, q. end, s. start, s. end, evalue, bit score
# 1 hits found
3743687_45_+	NC_000964.3	100.000	100	0	0	1	100	3743770	3743671	3.99e-48	185
# BLASTN 2.13.0+
# Query: 3753897_36_+
# Database: B._subtilis_NC_000964.3.fasta
# Fields: query acc.ver, subject acc.ver, % identity, alignment length, mismatches, gap opens, q. start, q. end, s. start, s. end, evalue, bit score
# 1 hits found
3753897_36_+	NC_000964.3	100.000	100	0	0	1	100	3753980	3753881	3.99e-48	185
# BLASTN 2.13.0+
# Query: 3761752_52_-
# Database: B._subtilis_NC_000964.3.fasta
# Fields: query acc.ver, subject acc.ver, % identity, alignment length, mismatches, gap opens, q. start, q. end, s. start, s. end, evalue, bit score
# 1 hits found
3761752_52_-	NC_000964.3	100.000	100	0	0	1	100	3761670	3761769	3.99e-48	185
# BLASTN 2.13.0+
# Query: 3766156_22_+
# Database: B._subtilis_NC_000964.3.fasta
# Fields: query acc.ver, subject acc.ver, % identity, alignment length, mismatches, gap opens, q. start, q. end, s. start, s. end, evalue, bit score
# 1 hits found
3766156_22_+	NC_000964.3	100.000	100	0	0	1	100	3766239	3766140	3.99e-48	185
# BLASTN 2.13.0+
# Query: 3772280_45_+
# Database: B._subtilis_NC_000964.3.fasta
# Fields: query acc.ver, subject acc.ver, % identity, alignment length, mismatches, gap opens, q. start, q. end, s. start, s. end, evalue, bit score
# 1 hits found
3772280_45_+	NC_000964.3	100.000	100	0	0	1	100	3772363	3772264	3.99e-48	185
# BLASTN 2.13.0+
# Query: 3786553_67_+
# Database: B._subtilis_NC_000964.3.fasta
# Fields: query acc.ver, subject acc.ver, % identity, alignment length, mismatches, gap opens, q. start, q. end, s. start, s. end, evalue, bit score
# 1 hits found
3786553_67_+	NC_000964.3	100.000	100	0	0	1	100	3786636	3786537	3.99e-48	185
# BLASTN 2.13.0+
# Query: 3789146_44_+
# Database: B._subtilis_NC_000964.3.fasta
# Fields: query acc.ver, subject acc.ver, % identity, alignment length, mismatches, gap opens, q. start, q. end, s. start, s. end, evalue, bit score
# 1 hits found
3789146_44_+	NC_000964.3	100.000	100	0	0	1	100	3789229	3789130	3.99e-48	185
# BLASTN 2.13.0+
# Query: 3795869_16_-
# Database: B._subtilis_NC_000964.3.fasta
# Fields: query acc.ver, subject acc.ver, % identity, alignment length, mismatches, gap opens, q. start, q. end, s. start, s. end, evalue, bit score
# 1 hits found
3795869_16_-	NC_000964.3	100.000	100	0	0	1	100	3795787	3795886	3.99e-48	185
# BLASTN 2.13.0+
# Query: 3802349_56_+
# Database: B._subtilis_NC_000964.3.fasta
# Fields: query acc.ver, subject acc.ver, % identity, alignment length, mismatches, gap opens, q. start, q. end, s. start, s. end, evalue, bit score
# 1 hits found
3802349_56_+	NC_000964.3	100.000	100	0	0	1	100	3802432	3802333	3.99e-48	185
# BLASTN 2.13.0+
# Query: 3802350_55_+
# Database: B._subtilis_NC_000964.3.fasta
# Fields: query acc.ver, subject acc.ver, % identity, alignment length, mismatches, gap opens, q. start, q. end, s. start, s. end, evalue, bit score
# 1 hits found
3802350_55_+	NC_000964.3	100.000	100	0	0	1	100	3802433	3802334	3.99e-48	185
# BLASTN 2.13.0+
# Query: 3805053_37_+
# Database: B._subtilis_NC_000964.3.fasta
# Fields: query acc.ver, subject acc.ver, % identity, alignment length, mismatches, gap opens, q. start, q. end, s. start, s. end, evalue, bit score
# 1 hits found
3805053_37_+	NC_000964.3	100.000	100	0	0	1	100	3805136	3805037	3.99e-48	185
# BLASTN 2.13.0+
# Query: 3810692_81_-
# Database: B._subtilis_NC_000964.3.fasta
# Fields: query acc.ver, subject acc.ver, % identity, alignment length, mismatches, gap opens, q. start, q. end, s. start, s. end, evalue, bit score
# 1 hits found
3810692_81_-	NC_000964.3	100.000	100	0	0	1	100	3810610	3810709	3.99e-48	185
# BLASTN 2.13.0+
# Query: 3810647_46_+
# Database: B._subtilis_NC_000964.3.fasta
# Fields: query acc.ver, subject acc.ver, % identity, alignment length, mismatches, gap opens, q. start, q. end, s. start, s. end, evalue, bit score
# 1 hits found
3810647_46_+	NC_000964.3	100.000	100	0	0	1	100	3810730	3810631	3.99e-48	185
# BLASTN 2.13.0+
# Query: 3833606_44_+
# Database: B._subtilis_NC_000964.3.fasta
# Fields: query acc.ver, subject acc.ver, % identity, alignment length, mismatches, gap opens, q. start, q. end, s. start, s. end, evalue, bit score
# 1 hits found
3833606_44_+	NC_000964.3	100.000	100	0	0	1	100	3833689	3833590	3.99e-48	185
# BLASTN 2.13.0+
# Query: 3848748_38_+
# Database: B._subtilis_NC_000964.3.fasta
# Fields: query acc.ver, subject acc.ver, % identity, alignment length, mismatches, gap opens, q. start, q. end, s. start, s. end, evalue, bit score
# 1 hits found
3848748_38_+	NC_000964.3	100.000	100	0	0	1	100	3848831	3848732	3.99e-48	185
# BLASTN 2.13.0+
# Query: 3853711_37_-
# Database: B._subtilis_NC_000964.3.fasta
# Fields: query acc.ver, subject acc.ver, % identity, alignment length, mismatches, gap opens, q. start, q. end, s. start, s. end, evalue, bit score
# 1 hits found
3853711_37_-	NC_000964.3	100.000	100	0	0	1	100	3853629	3853728	3.99e-48	185
# BLASTN 2.13.0+
# Query: 3858955_44_+
# Database: B._subtilis_NC_000964.3.fasta
# Fields: query acc.ver, subject acc.ver, % identity, alignment length, mismatches, gap opens, q. start, q. end, s. start, s. end, evalue, bit score
# 1 hits found
3858955_44_+	NC_000964.3	100.000	100	0	0	1	100	3859038	3858939	3.99e-48	185
# BLASTN 2.13.0+
# Query: 3865308_47_+
# Database: B._subtilis_NC_000964.3.fasta
# Fields: query acc.ver, subject acc.ver, % identity, alignment length, mismatches, gap opens, q. start, q. end, s. start, s. end, evalue, bit score
# 1 hits found
3865308_47_+	NC_000964.3	100.000	100	0	0	1	100	3865391	3865292	3.99e-48	185
# BLASTN 2.13.0+
# Query: 3878914_52_+
# Database: B._subtilis_NC_000964.3.fasta
# Fields: query acc.ver, subject acc.ver, % identity, alignment length, mismatches, gap opens, q. start, q. end, s. start, s. end, evalue, bit score
# 1 hits found
3878914_52_+	NC_000964.3	100.000	100	0	0	1	100	3878997	3878898	3.99e-48	185
# BLASTN 2.13.0+
# Query: 3914277_38_+
# Database: B._subtilis_NC_000964.3.fasta
# Fields: query acc.ver, subject acc.ver, % identity, alignment length, mismatches, gap opens, q. start, q. end, s. start, s. end, evalue, bit score
# 1 hits found
3914277_38_+	NC_000964.3	100.000	100	0	0	1	100	3914360	3914261	3.99e-48	185
# BLASTN 2.13.0+
# Query: 3935822_34_-
# Database: B._subtilis_NC_000964.3.fasta
# Fields: query acc.ver, subject acc.ver, % identity, alignment length, mismatches, gap opens, q. start, q. end, s. start, s. end, evalue, bit score
# 1 hits found
3935822_34_-	NC_000964.3	100.000	100	0	0	1	100	3935740	3935839	3.99e-48	185
# BLASTN 2.13.0+
# Query: 3983186_13_-
# Database: B._subtilis_NC_000964.3.fasta
# Fields: query acc.ver, subject acc.ver, % identity, alignment length, mismatches, gap opens, q. start, q. end, s. start, s. end, evalue, bit score
# 1 hits found
3983186_13_-	NC_000964.3	100.000	100	0	0	1	100	3983104	3983203	3.99e-48	185
# BLASTN 2.13.0+
# Query: 3989875_73_+
# Database: B._subtilis_NC_000964.3.fasta
# Fields: query acc.ver, subject acc.ver, % identity, alignment length, mismatches, gap opens, q. start, q. end, s. start, s. end, evalue, bit score
# 1 hits found
3989875_73_+	NC_000964.3	100.000	100	0	0	1	100	3989958	3989859	3.99e-48	185
# BLASTN 2.13.0+
# Query: 3989912_36_+
# Database: B._subtilis_NC_000964.3.fasta
# Fields: query acc.ver, subject acc.ver, % identity, alignment length, mismatches, gap opens, q. start, q. end, s. start, s. end, evalue, bit score
# 1 hits found
3989912_36_+	NC_000964.3	100.000	100	0	0	1	100	3989995	3989896	3.99e-48	185
# BLASTN 2.13.0+
# Query: 4005716_91_-
# Database: B._subtilis_NC_000964.3.fasta
# Fields: query acc.ver, subject acc.ver, % identity, alignment length, mismatches, gap opens, q. start, q. end, s. start, s. end, evalue, bit score
# 1 hits found
4005716_91_-	NC_000964.3	100.000	100	0	0	1	100	4005634	4005733	3.99e-48	185
# BLASTN 2.13.0+
# Query: 4042009_71_-
# Database: B._subtilis_NC_000964.3.fasta
# Fields: query acc.ver, subject acc.ver, % identity, alignment length, mismatches, gap opens, q. start, q. end, s. start, s. end, evalue, bit score
# 1 hits found
4042009_71_-	NC_000964.3	100.000	100	0	0	1	100	4041927	4042026	3.99e-48	185
# BLASTN 2.13.0+
# Query: 4068183_35_-
# Database: B._subtilis_NC_000964.3.fasta
# Fields: query acc.ver, subject acc.ver, % identity, alignment length, mismatches, gap opens, q. start, q. end, s. start, s. end, evalue, bit score
# 1 hits found
4068183_35_-	NC_000964.3	100.000	100	0	0	1	100	4068101	4068200	3.99e-48	185
# BLASTN 2.13.0+
# Query: 4074839_57_+
# Database: B._subtilis_NC_000964.3.fasta
# Fields: query acc.ver, subject acc.ver, % identity, alignment length, mismatches, gap opens, q. start, q. end, s. start, s. end, evalue, bit score
# 1 hits found
4074839_57_+	NC_000964.3	100.000	100	0	0	1	100	4074922	4074823	3.99e-48	185
# BLASTN 2.13.0+
# Query: 4086578_38_-
# Database: B._subtilis_NC_000964.3.fasta
# Fields: query acc.ver, subject acc.ver, % identity, alignment length, mismatches, gap opens, q. start, q. end, s. start, s. end, evalue, bit score
# 1 hits found
4086578_38_-	NC_000964.3	100.000	100	0	0	1	100	4086496	4086595	3.99e-48	185
# BLASTN 2.13.0+
# Query: 4109138_47_+
# Database: B._subtilis_NC_000964.3.fasta
# Fields: query acc.ver, subject acc.ver, % identity, alignment length, mismatches, gap opens, q. start, q. end, s. start, s. end, evalue, bit score
# 1 hits found
4109138_47_+	NC_000964.3	100.000	100	0	0	1	100	4109221	4109122	3.99e-48	185
# BLASTN 2.13.0+
# Query: 4154975_78_+
# Database: B._subtilis_NC_000964.3.fasta
# Fields: query acc.ver, subject acc.ver, % identity, alignment length, mismatches, gap opens, q. start, q. end, s. start, s. end, evalue, bit score
# 1 hits found
4154975_78_+	NC_000964.3	100.000	100	0	0	1	100	4155058	4154959	3.99e-48	185
# BLASTN 2.13.0+
# Query: 4173636_85_-
# Database: B._subtilis_NC_000964.3.fasta
# Fields: query acc.ver, subject acc.ver, % identity, alignment length, mismatches, gap opens, q. start, q. end, s. start, s. end, evalue, bit score
# 1 hits found
4173636_85_-	NC_000964.3	100.000	100	0	0	1	100	4173554	4173653	3.99e-48	185
# BLASTN 2.13.0+
# Query: 4187252_78_-
# Database: B._subtilis_NC_000964.3.fasta
# Fields: query acc.ver, subject acc.ver, % identity, alignment length, mismatches, gap opens, q. start, q. end, s. start, s. end, evalue, bit score
# 1 hits found
4187252_78_-	NC_000964.3	100.000	100	0	0	1	100	4187170	4187269	3.99e-48	185
# BLASTN 2.13.0+
# Query: 4198556_47_+
# Database: B._subtilis_NC_000964.3.fasta
# Fields: query acc.ver, subject acc.ver, % identity, alignment length, mismatches, gap opens, q. start, q. end, s. start, s. end, evalue, bit score
# 1 hits found
4198556_47_+	NC_000964.3	100.000	100	0	0	1	100	4198639	4198540	3.99e-48	185
# BLAST processed 260 queries
