# BLASTN 2.13.0+
# Query: 1004944_110_-
# Database: B._tequilensis_NZ_CP048852.1.fasta
# Fields: query acc.ver, subject acc.ver, % identity, alignment length, mismatches, gap opens, q. start, q. end, s. start, s. end, evalue, bit score
# 1 hits found
1004944_110_-	NZ_CP048852.1	98.889	90	1	0	1	90	935889	935978	6.40e-41	161
# BLASTN 2.13.0+
# Query: 1008561_42_-
# Database: B._tequilensis_NZ_CP048852.1.fasta
# Fields: query acc.ver, subject acc.ver, % identity, alignment length, mismatches, gap opens, q. start, q. end, s. start, s. end, evalue, bit score
# 1 hits found
1008561_42_-	NZ_CP048852.1	86.139	101	13	1	1	100	939508	939608	8.46e-25	108
# BLASTN 2.13.0+
# Query: 1035272_45_-
# Database: B._tequilensis_NZ_CP048852.1.fasta
# Fields: query acc.ver, subject acc.ver, % identity, alignment length, mismatches, gap opens, q. start, q. end, s. start, s. end, evalue, bit score
# 1 hits found
1035272_45_-	NZ_CP048852.1	83.908	87	12	2	1	86	967405	967490	5.13e-17	82.4
# BLASTN 2.13.0+
# Query: 1040061_37_-
# Database: B._tequilensis_NZ_CP048852.1.fasta
# Fields: query acc.ver, subject acc.ver, % identity, alignment length, mismatches, gap opens, q. start, q. end, s. start, s. end, evalue, bit score
# 1 hits found
1040061_37_-	NZ_CP048852.1	85.437	103	12	3	1	100	972152	972254	1.09e-23	104
# BLASTN 2.13.0+
# Query: 1055135_36_-
# Database: B._tequilensis_NZ_CP048852.1.fasta
# Fields: query acc.ver, subject acc.ver, % identity, alignment length, mismatches, gap opens, q. start, q. end, s. start, s. end, evalue, bit score
# 1 hits found
1055135_36_-	NZ_CP048852.1	95.000	100	4	1	1	100	987399	987497	2.98e-39	156
# BLASTN 2.13.0+
# Query: 1070325_39_+
# Database: B._tequilensis_NZ_CP048852.1.fasta
# Fields: query acc.ver, subject acc.ver, % identity, alignment length, mismatches, gap opens, q. start, q. end, s. start, s. end, evalue, bit score
# 1 hits found
1070325_39_+	NZ_CP048852.1	89.583	96	9	1	6	100	1002753	1002658	1.09e-28	121
# BLASTN 2.13.0+
# Query: 1074602_44_+
# Database: B._tequilensis_NZ_CP048852.1.fasta
# Fields: query acc.ver, subject acc.ver, % identity, alignment length, mismatches, gap opens, q. start, q. end, s. start, s. end, evalue, bit score
# 1 hits found
1074602_44_+	NZ_CP048852.1	90.000	100	10	0	1	100	1007030	1006931	1.80e-31	130
# BLASTN 2.13.0+
# Query: 2905532_39_+
# Database: B._tequilensis_NZ_CP048852.1.fasta
# Fields: query acc.ver, subject acc.ver, % identity, alignment length, mismatches, gap opens, q. start, q. end, s. start, s. end, evalue, bit score
# 1 hits found
2905532_39_+	NZ_CP048852.1	99.000	100	0	1	1	100	2722589	2722491	6.36e-46	178
# BLASTN 2.13.0+
# Query: 1083202_27_+
# Database: B._tequilensis_NZ_CP048852.1.fasta
# Fields: query acc.ver, subject acc.ver, % identity, alignment length, mismatches, gap opens, q. start, q. end, s. start, s. end, evalue, bit score
# 1 hits found
1083202_27_+	NZ_CP048852.1	91.000	100	8	1	1	100	1015549	1015451	1.40e-32	134
# BLASTN 2.13.0+
# Query: 1098079_41_+
# Database: B._tequilensis_NZ_CP048852.1.fasta
# Fields: query acc.ver, subject acc.ver, % identity, alignment length, mismatches, gap opens, q. start, q. end, s. start, s. end, evalue, bit score
# 1 hits found
1098079_41_+	NZ_CP048852.1	96.000	100	4	0	1	100	1030430	1030331	1.78e-41	163
# BLASTN 2.13.0+
# Query: 1107559_43_-
# Database: B._tequilensis_NZ_CP048852.1.fasta
# Fields: query acc.ver, subject acc.ver, % identity, alignment length, mismatches, gap opens, q. start, q. end, s. start, s. end, evalue, bit score
# 1 hits found
1107559_43_-	NZ_CP048852.1	86.022	93	11	1	1	91	1039764	1039856	5.09e-22	99.0
# BLASTN 2.13.0+
# Query: 1124994_29_-
# Database: B._tequilensis_NZ_CP048852.1.fasta
# Fields: query acc.ver, subject acc.ver, % identity, alignment length, mismatches, gap opens, q. start, q. end, s. start, s. end, evalue, bit score
# 1 hits found
1124994_29_-	NZ_CP048852.1	87.000	100	13	0	1	100	1057178	1057277	1.82e-26	113
# BLASTN 2.13.0+
# Query: 1153665_44_-
# Database: B._tequilensis_NZ_CP048852.1.fasta
# Fields: query acc.ver, subject acc.ver, % identity, alignment length, mismatches, gap opens, q. start, q. end, s. start, s. end, evalue, bit score
# 1 hits found
1153665_44_-	NZ_CP048852.1	90.361	83	6	2	1	82	1086245	1086326	8.46e-25	108
# BLASTN 2.13.0+
# Query: 1165429_20_+
# Database: B._tequilensis_NZ_CP048852.1.fasta
# Fields: query acc.ver, subject acc.ver, % identity, alignment length, mismatches, gap opens, q. start, q. end, s. start, s. end, evalue, bit score
# 1 hits found
1165429_20_+	NZ_CP048852.1	84.810	79	10	2	1	78	1096731	1096654	6.63e-16	78.7
# BLASTN 2.13.0+
# Query: 1182442_47_-
# Database: B._tequilensis_NZ_CP048852.1.fasta
# Fields: query acc.ver, subject acc.ver, % identity, alignment length, mismatches, gap opens, q. start, q. end, s. start, s. end, evalue, bit score
# 1 hits found
1182442_47_-	NZ_CP048852.1	94.444	36	2	0	1	36	1113557	1113592	3.11e-09	56.5
# BLASTN 2.13.0+
# Query: 1204688_43_+
# Database: B._tequilensis_NZ_CP048852.1.fasta
# Fields: query acc.ver, subject acc.ver, % identity, alignment length, mismatches, gap opens, q. start, q. end, s. start, s. end, evalue, bit score
# 1 hits found
1204688_43_+	NZ_CP048852.1	96.939	98	3	0	3	100	1131104	1131007	4.95e-42	165
# BLASTN 2.13.0+
# Query: 1372590_37_-
# Database: B._tequilensis_NZ_CP048852.1.fasta
# Fields: query acc.ver, subject acc.ver, % identity, alignment length, mismatches, gap opens, q. start, q. end, s. start, s. end, evalue, bit score
# 1 hits found
1372590_37_-	NZ_CP048852.1	89.474	95	9	1	1	94	1286214	1286308	3.91e-28	119
# BLASTN 2.13.0+
# Query: 1219137_27_+
# Database: B._tequilensis_NZ_CP048852.1.fasta
# Fields: query acc.ver, subject acc.ver, % identity, alignment length, mismatches, gap opens, q. start, q. end, s. start, s. end, evalue, bit score
# 1 hits found
1219137_27_+	NZ_CP048852.1	100.000	100	0	0	1	100	1145538	1145439	3.80e-48	185
# BLASTN 2.13.0+
# Query: 1233579_35_+
# Database: B._tequilensis_NZ_CP048852.1.fasta
# Fields: query acc.ver, subject acc.ver, % identity, alignment length, mismatches, gap opens, q. start, q. end, s. start, s. end, evalue, bit score
# 1 hits found
1233579_35_+	NZ_CP048852.1	93.878	98	6	0	1	98	1160094	1159997	4.98e-37	148
# BLASTN 2.13.0+
# Query: 1248607_43_-
# Database: B._tequilensis_NZ_CP048852.1.fasta
# Fields: query acc.ver, subject acc.ver, % identity, alignment length, mismatches, gap opens, q. start, q. end, s. start, s. end, evalue, bit score
# 1 hits found
1248607_43_-	NZ_CP048852.1	94.000	100	5	1	2	100	1174960	1175059	1.39e-37	150
# BLASTN 2.13.0+
# Query: 1262894_33_-
# Database: B._tequilensis_NZ_CP048852.1.fasta
# Fields: query acc.ver, subject acc.ver, % identity, alignment length, mismatches, gap opens, q. start, q. end, s. start, s. end, evalue, bit score
# 1 hits found
1262894_33_-	NZ_CP048852.1	98.925	93	0	1	1	93	1189855	1189946	4.95e-42	165
# BLASTN 2.13.0+
# Query: 1265471_94_-
# Database: B._tequilensis_NZ_CP048852.1.fasta
# Fields: query acc.ver, subject acc.ver, % identity, alignment length, mismatches, gap opens, q. start, q. end, s. start, s. end, evalue, bit score
# 1 hits found
1265471_94_-	NZ_CP048852.1	84.615	78	10	2	8	85	1241743	1241818	2.38e-15	76.8
# BLASTN 2.13.0+
# Query: 1272604_27_-
# Database: B._tequilensis_NZ_CP048852.1.fasta
# 0 hits found
# BLASTN 2.13.0+
# Query: 1289988_49_-
# Database: B._tequilensis_NZ_CP048852.1.fasta
# Fields: query acc.ver, subject acc.ver, % identity, alignment length, mismatches, gap opens, q. start, q. end, s. start, s. end, evalue, bit score
# 1 hits found
1289988_49_-	NZ_CP048852.1	85.106	94	11	3	1	94	1219551	1219641	2.37e-20	93.5
# BLASTN 2.13.0+
# Query: 1294993_43_-
# Database: B._tequilensis_NZ_CP048852.1.fasta
# Fields: query acc.ver, subject acc.ver, % identity, alignment length, mismatches, gap opens, q. start, q. end, s. start, s. end, evalue, bit score
# 1 hits found
1294993_43_-	NZ_CP048852.1	85.149	101	13	2	1	100	1224553	1224652	3.93e-23	102
# BLASTN 2.13.0+
# Query: 1300317_65_-
# Database: B._tequilensis_NZ_CP048852.1.fasta
# Fields: query acc.ver, subject acc.ver, % identity, alignment length, mismatches, gap opens, q. start, q. end, s. start, s. end, evalue, bit score
# 1 hits found
1300317_65_-	NZ_CP048852.1	77.907	86	18	1	1	85	1229877	1229962	4.02e-08	52.8
# BLASTN 2.13.0+
# Query: 1313795_45_+
# Database: B._tequilensis_NZ_CP048852.1.fasta
# Fields: query acc.ver, subject acc.ver, % identity, alignment length, mismatches, gap opens, q. start, q. end, s. start, s. end, evalue, bit score
# 1 hits found
1313795_45_+	NZ_CP048852.1	91.111	90	7	1	1	90	1231434	1231346	1.09e-28	121
# BLASTN 2.13.0+
# Query: 1320566_40_-
# Database: B._tequilensis_NZ_CP048852.1.fasta
# 0 hits found
# BLASTN 2.13.0+
# Query: 1334297_50_-
# Database: B._tequilensis_NZ_CP048852.1.fasta
# Fields: query acc.ver, subject acc.ver, % identity, alignment length, mismatches, gap opens, q. start, q. end, s. start, s. end, evalue, bit score
# 1 hits found
1334297_50_-	NZ_CP048852.1	87.129	101	10	3	1	99	1251591	1251690	6.54e-26	111
# BLASTN 2.13.0+
# Query: 1349432_36_+
# Database: B._tequilensis_NZ_CP048852.1.fasta
# Fields: query acc.ver, subject acc.ver, % identity, alignment length, mismatches, gap opens, q. start, q. end, s. start, s. end, evalue, bit score
# 1 hits found
1349432_36_+	NZ_CP048852.1	97.000	100	3	0	1	100	1266729	1266630	3.82e-43	169
# BLASTN 2.13.0+
# Query: 1354072_42_-
# Database: B._tequilensis_NZ_CP048852.1.fasta
# Fields: query acc.ver, subject acc.ver, % identity, alignment length, mismatches, gap opens, q. start, q. end, s. start, s. end, evalue, bit score
# 1 hits found
1354072_42_-	NZ_CP048852.1	89.655	87	9	0	1	87	1271206	1271292	6.54e-26	111
# BLASTN 2.13.0+
# Query: 1360294_22_-
# Database: B._tequilensis_NZ_CP048852.1.fasta
# Fields: query acc.ver, subject acc.ver, % identity, alignment length, mismatches, gap opens, q. start, q. end, s. start, s. end, evalue, bit score
# 1 hits found
1360294_22_-	NZ_CP048852.1	86.458	96	11	2	1	95	1273896	1273990	1.09e-23	104
# BLASTN 2.13.0+
# Query: 1376475_36_-
# Database: B._tequilensis_NZ_CP048852.1.fasta
# Fields: query acc.ver, subject acc.ver, % identity, alignment length, mismatches, gap opens, q. start, q. end, s. start, s. end, evalue, bit score
# 1 hits found
1376475_36_-	NZ_CP048852.1	97.000	100	3	0	1	100	1290116	1290215	3.82e-43	169
# BLASTN 2.13.0+
# Query: 1378467_24_-
# Database: B._tequilensis_NZ_CP048852.1.fasta
# Fields: query acc.ver, subject acc.ver, % identity, alignment length, mismatches, gap opens, q. start, q. end, s. start, s. end, evalue, bit score
# 1 hits found
1378467_24_-	NZ_CP048852.1	96.000	100	3	1	1	100	1292108	1292206	6.40e-41	161
# BLASTN 2.13.0+
# Query: 1381405_29_+
# Database: B._tequilensis_NZ_CP048852.1.fasta
# Fields: query acc.ver, subject acc.ver, % identity, alignment length, mismatches, gap opens, q. start, q. end, s. start, s. end, evalue, bit score
# 1 hits found
1381405_29_+	NZ_CP048852.1	91.000	100	6	3	2	100	1295177	1295080	5.02e-32	132
# BLASTN 2.13.0+
# Query: 1391672_67_+
# Database: B._tequilensis_NZ_CP048852.1.fasta
# Fields: query acc.ver, subject acc.ver, % identity, alignment length, mismatches, gap opens, q. start, q. end, s. start, s. end, evalue, bit score
# 1 hits found
1391672_67_+	NZ_CP048852.1	95.098	102	2	3	1	100	1306962	1306862	8.28e-40	158
# BLASTN 2.13.0+
# Query: 1397407_39_-
# Database: B._tequilensis_NZ_CP048852.1.fasta
# Fields: query acc.ver, subject acc.ver, % identity, alignment length, mismatches, gap opens, q. start, q. end, s. start, s. end, evalue, bit score
# 1 hits found
1397407_39_-	NZ_CP048852.1	88.000	100	12	0	1	100	1309316	1309415	3.91e-28	119
# BLASTN 2.13.0+
# Query: 1397369_42_+
# Database: B._tequilensis_NZ_CP048852.1.fasta
# Fields: query acc.ver, subject acc.ver, % identity, alignment length, mismatches, gap opens, q. start, q. end, s. start, s. end, evalue, bit score
# 1 hits found
1397369_42_+	NZ_CP048852.1	91.000	100	9	0	1	100	1309443	1309344	3.88e-33	135
# BLASTN 2.13.0+
# Query: 1414089_36_+
# Database: B._tequilensis_NZ_CP048852.1.fasta
# Fields: query acc.ver, subject acc.ver, % identity, alignment length, mismatches, gap opens, q. start, q. end, s. start, s. end, evalue, bit score
# 1 hits found
1414089_36_+	NZ_CP048852.1	85.149	101	13	2	1	100	1326258	1326159	3.93e-23	102
# BLASTN 2.13.0+
# Query: 1417448_32_-
# Database: B._tequilensis_NZ_CP048852.1.fasta
# Fields: query acc.ver, subject acc.ver, % identity, alignment length, mismatches, gap opens, q. start, q. end, s. start, s. end, evalue, bit score
# 1 hits found
1417448_32_-	NZ_CP048852.1	91.919	99	8	0	1	99	1329450	1329548	3.00e-34	139
# BLASTN 2.13.0+
# Query: 1545756_64_+
# Database: B._tequilensis_NZ_CP048852.1.fasta
# Fields: query acc.ver, subject acc.ver, % identity, alignment length, mismatches, gap opens, q. start, q. end, s. start, s. end, evalue, bit score
# 1 hits found
1545756_64_+	NZ_CP048852.1	92.784	97	5	1	6	100	1451109	1451013	3.00e-34	139
# BLASTN 2.13.0+
# Query: 1435591_37_+
# Database: B._tequilensis_NZ_CP048852.1.fasta
# Fields: query acc.ver, subject acc.ver, % identity, alignment length, mismatches, gap opens, q. start, q. end, s. start, s. end, evalue, bit score
# 1 hits found
1435591_37_+	NZ_CP048852.1	91.000	100	7	1	1	100	1347760	1347663	1.40e-32	134
# BLASTN 2.13.0+
# Query: 1448234_27_-
# Database: B._tequilensis_NZ_CP048852.1.fasta
# Fields: query acc.ver, subject acc.ver, % identity, alignment length, mismatches, gap opens, q. start, q. end, s. start, s. end, evalue, bit score
# 1 hits found
1448234_27_-	NZ_CP048852.1	97.938	97	2	0	1	97	1357000	1357096	3.82e-43	169
# BLASTN 2.13.0+
# Query: 1469902_40_-
# Database: B._tequilensis_NZ_CP048852.1.fasta
# Fields: query acc.ver, subject acc.ver, % identity, alignment length, mismatches, gap opens, q. start, q. end, s. start, s. end, evalue, bit score
# 1 hits found
1469902_40_-	NZ_CP048852.1	89.109	101	10	1	1	100	1378476	1378576	8.40e-30	124
# BLASTN 2.13.0+
# Query: 1475100_50_+
# Database: B._tequilensis_NZ_CP048852.1.fasta
# Fields: query acc.ver, subject acc.ver, % identity, alignment length, mismatches, gap opens, q. start, q. end, s. start, s. end, evalue, bit score
# 1 hits found
1475100_50_+	NZ_CP048852.1	93.617	94	6	0	7	100	1383831	1383738	8.34e-35	141
# BLASTN 2.13.0+
# Query: 1483492_21_-
# Database: B._tequilensis_NZ_CP048852.1.fasta
# Fields: query acc.ver, subject acc.ver, % identity, alignment length, mismatches, gap opens, q. start, q. end, s. start, s. end, evalue, bit score
# 1 hits found
1483492_21_-	NZ_CP048852.1	95.050	101	4	1	1	100	1388711	1388811	8.28e-40	158
# BLASTN 2.13.0+
# Query: 2982572_31_+
# Database: B._tequilensis_NZ_CP048852.1.fasta
# Fields: query acc.ver, subject acc.ver, % identity, alignment length, mismatches, gap opens, q. start, q. end, s. start, s. end, evalue, bit score
# 1 hits found
2982572_31_+	NZ_CP048852.1	92.157	102	4	2	1	100	2799820	2799721	8.34e-35	141
# BLASTN 2.13.0+
# Query: 1488906_38_-
# Database: B._tequilensis_NZ_CP048852.1.fasta
# Fields: query acc.ver, subject acc.ver, % identity, alignment length, mismatches, gap opens, q. start, q. end, s. start, s. end, evalue, bit score
# 1 hits found
1488906_38_-	NZ_CP048852.1	93.814	97	5	1	4	100	1394130	1394225	6.45e-36	145
# BLASTN 2.13.0+
# Query: 1491217_33_-
# Database: B._tequilensis_NZ_CP048852.1.fasta
# Fields: query acc.ver, subject acc.ver, % identity, alignment length, mismatches, gap opens, q. start, q. end, s. start, s. end, evalue, bit score
# 1 hits found
1491217_33_-	NZ_CP048852.1	92.000	100	8	0	1	100	1396436	1396535	8.34e-35	141
# BLASTN 2.13.0+
# Query: 1507324_26_-
# Database: B._tequilensis_NZ_CP048852.1.fasta
# Fields: query acc.ver, subject acc.ver, % identity, alignment length, mismatches, gap opens, q. start, q. end, s. start, s. end, evalue, bit score
# 1 hits found
1507324_26_-	NZ_CP048852.1	92.000	100	8	0	1	100	1412557	1412656	8.34e-35	141
# BLASTN 2.13.0+
# Query: 1516297_42_+
# Database: B._tequilensis_NZ_CP048852.1.fasta
# Fields: query acc.ver, subject acc.ver, % identity, alignment length, mismatches, gap opens, q. start, q. end, s. start, s. end, evalue, bit score
# 1 hits found
1516297_42_+	NZ_CP048852.1	88.119	101	9	3	1	100	1421689	1421591	1.41e-27	117
# BLASTN 2.13.0+
# Query: 1538710_18_-
# Database: B._tequilensis_NZ_CP048852.1.fasta
# Fields: query acc.ver, subject acc.ver, % identity, alignment length, mismatches, gap opens, q. start, q. end, s. start, s. end, evalue, bit score
# 1 hits found
1538710_18_-	NZ_CP048852.1	86.076	79	11	0	3	81	1443912	1443990	3.96e-18	86.1
# BLASTN 2.13.0+
# Query: 1544933_37_-
# Database: B._tequilensis_NZ_CP048852.1.fasta
# Fields: query acc.ver, subject acc.ver, % identity, alignment length, mismatches, gap opens, q. start, q. end, s. start, s. end, evalue, bit score
# 1 hits found
1544933_37_-	NZ_CP048852.1	83.871	93	13	2	1	91	1450122	1450214	1.10e-18	87.9
# BLASTN 2.13.0+
# Query: 1557670_39_-
# Database: B._tequilensis_NZ_CP048852.1.fasta
# Fields: query acc.ver, subject acc.ver, % identity, alignment length, mismatches, gap opens, q. start, q. end, s. start, s. end, evalue, bit score
# 1 hits found
1557670_39_-	NZ_CP048852.1	88.372	86	7	3	1	84	1465133	1465217	1.42e-22	100
# BLASTN 2.13.0+
# Query: 1576019_36_-
# Database: B._tequilensis_NZ_CP048852.1.fasta
# Fields: query acc.ver, subject acc.ver, % identity, alignment length, mismatches, gap opens, q. start, q. end, s. start, s. end, evalue, bit score
# 1 hits found
1576019_36_-	NZ_CP048852.1	97.000	100	3	0	1	100	1483346	1483445	3.82e-43	169
# BLASTN 2.13.0+
# Query: 1580036_41_-
# Database: B._tequilensis_NZ_CP048852.1.fasta
# Fields: query acc.ver, subject acc.ver, % identity, alignment length, mismatches, gap opens, q. start, q. end, s. start, s. end, evalue, bit score
# 1 hits found
1580036_41_-	NZ_CP048852.1	97.000	100	3	0	1	100	1487360	1487459	3.82e-43	169
# BLASTN 2.13.0+
# Query: 1586171_17_-
# Database: B._tequilensis_NZ_CP048852.1.fasta
# Fields: query acc.ver, subject acc.ver, % identity, alignment length, mismatches, gap opens, q. start, q. end, s. start, s. end, evalue, bit score
# 1 hits found
1586171_17_-	NZ_CP048852.1	97.000	100	3	0	1	100	1493495	1493594	3.82e-43	169
# BLASTN 2.13.0+
# Query: 1593653_79_-
# Database: B._tequilensis_NZ_CP048852.1.fasta
# Fields: query acc.ver, subject acc.ver, % identity, alignment length, mismatches, gap opens, q. start, q. end, s. start, s. end, evalue, bit score
# 1 hits found
1593653_79_-	NZ_CP048852.1	97.000	100	3	0	1	100	1500976	1501075	3.82e-43	169
# BLASTN 2.13.0+
# Query: 1611637_44_-
# Database: B._tequilensis_NZ_CP048852.1.fasta
# Fields: query acc.ver, subject acc.ver, % identity, alignment length, mismatches, gap opens, q. start, q. end, s. start, s. end, evalue, bit score
# 1 hits found
1611637_44_-	NZ_CP048852.1	97.030	101	2	1	1	100	1518945	1519045	3.82e-43	169
# BLASTN 2.13.0+
# Query: 1642810_40_-
# Database: B._tequilensis_NZ_CP048852.1.fasta
# Fields: query acc.ver, subject acc.ver, % identity, alignment length, mismatches, gap opens, q. start, q. end, s. start, s. end, evalue, bit score
# 1 hits found
1642810_40_-	NZ_CP048852.1	100.000	98	0	0	1	98	1550125	1550222	4.91e-47	182
# BLASTN 2.13.0+
# Query: 1658129_26_-
# Database: B._tequilensis_NZ_CP048852.1.fasta
# Fields: query acc.ver, subject acc.ver, % identity, alignment length, mismatches, gap opens, q. start, q. end, s. start, s. end, evalue, bit score
# 1 hits found
1658129_26_-	NZ_CP048852.1	93.939	99	6	0	2	100	1565446	1565544	1.39e-37	150
# BLASTN 2.13.0+
# Query: 1666489_30_-
# Database: B._tequilensis_NZ_CP048852.1.fasta
# Fields: query acc.ver, subject acc.ver, % identity, alignment length, mismatches, gap opens, q. start, q. end, s. start, s. end, evalue, bit score
# 1 hits found
1666489_30_-	NZ_CP048852.1	91.089	101	7	2	1	100	1573803	1573902	3.88e-33	135
# BLASTN 2.13.0+
# Query: 1676435_46_-
# Database: B._tequilensis_NZ_CP048852.1.fasta
# Fields: query acc.ver, subject acc.ver, % identity, alignment length, mismatches, gap opens, q. start, q. end, s. start, s. end, evalue, bit score
# 1 hits found
1676435_46_-	NZ_CP048852.1	100.000	100	0	0	1	100	1584033	1584132	3.80e-48	185
# BLASTN 2.13.0+
# Query: 1690932_34_-
# Database: B._tequilensis_NZ_CP048852.1.fasta
# Fields: query acc.ver, subject acc.ver, % identity, alignment length, mismatches, gap opens, q. start, q. end, s. start, s. end, evalue, bit score
# 1 hits found
1690932_34_-	NZ_CP048852.1	88.889	99	8	2	3	100	1598532	1598628	3.91e-28	119
# BLASTN 2.13.0+
# Query: 1719729_73_-
# Database: B._tequilensis_NZ_CP048852.1.fasta
# Fields: query acc.ver, subject acc.ver, % identity, alignment length, mismatches, gap opens, q. start, q. end, s. start, s. end, evalue, bit score
# 1 hits found
1719729_73_-	NZ_CP048852.1	96.000	100	4	0	1	100	1627294	1627393	1.78e-41	163
# BLASTN 2.13.0+
# Query: 1727102_78_-
# Database: B._tequilensis_NZ_CP048852.1.fasta
# Fields: query acc.ver, subject acc.ver, % identity, alignment length, mismatches, gap opens, q. start, q. end, s. start, s. end, evalue, bit score
# 1 hits found
1727102_78_-	NZ_CP048852.1	98.000	100	2	0	1	100	1634667	1634766	8.22e-45	174
# BLASTN 2.13.0+
# Query: 1741541_41_-
# Database: B._tequilensis_NZ_CP048852.1.fasta
# Fields: query acc.ver, subject acc.ver, % identity, alignment length, mismatches, gap opens, q. start, q. end, s. start, s. end, evalue, bit score
# 1 hits found
1741541_41_-	NZ_CP048852.1	98.000	100	0	2	1	100	1649113	1649210	2.96e-44	172
# BLASTN 2.13.0+
# Query: 1749303_63_-
# Database: B._tequilensis_NZ_CP048852.1.fasta
# Fields: query acc.ver, subject acc.ver, % identity, alignment length, mismatches, gap opens, q. start, q. end, s. start, s. end, evalue, bit score
# 1 hits found
1749303_63_-	NZ_CP048852.1	99.000	100	1	0	1	100	1656851	1656950	1.77e-46	180
# BLASTN 2.13.0+
# Query: 1755541_31_-
# Database: B._tequilensis_NZ_CP048852.1.fasta
# Fields: query acc.ver, subject acc.ver, % identity, alignment length, mismatches, gap opens, q. start, q. end, s. start, s. end, evalue, bit score
# 1 hits found
1755541_31_-	NZ_CP048852.1	95.050	101	2	3	1	100	1663080	1663178	2.98e-39	156
# BLASTN 2.13.0+
# Query: 1760749_28_-
# Database: B._tequilensis_NZ_CP048852.1.fasta
# Fields: query acc.ver, subject acc.ver, % identity, alignment length, mismatches, gap opens, q. start, q. end, s. start, s. end, evalue, bit score
# 1 hits found
1760749_28_-	NZ_CP048852.1	96.000	100	4	0	1	100	1668284	1668383	1.78e-41	163
# BLASTN 2.13.0+
# Query: 1760750_29_-
# Database: B._tequilensis_NZ_CP048852.1.fasta
# Fields: query acc.ver, subject acc.ver, % identity, alignment length, mismatches, gap opens, q. start, q. end, s. start, s. end, evalue, bit score
# 1 hits found
1760750_29_-	NZ_CP048852.1	96.000	100	4	0	1	100	1668285	1668384	1.78e-41	163
# BLASTN 2.13.0+
# Query: 1765748_57_-
# Database: B._tequilensis_NZ_CP048852.1.fasta
# Fields: query acc.ver, subject acc.ver, % identity, alignment length, mismatches, gap opens, q. start, q. end, s. start, s. end, evalue, bit score
# 1 hits found
1765748_57_-	NZ_CP048852.1	94.845	97	5	0	1	97	1673279	1673375	3.85e-38	152
# BLASTN 2.13.0+
# Query: 1772720_25_-
# Database: B._tequilensis_NZ_CP048852.1.fasta
# Fields: query acc.ver, subject acc.ver, % identity, alignment length, mismatches, gap opens, q. start, q. end, s. start, s. end, evalue, bit score
# 1 hits found
1772720_25_-	NZ_CP048852.1	93.000	100	4	1	1	100	1680254	1680350	2.32e-35	143
# BLASTN 2.13.0+
# Query: 1780265_45_-
# Database: B._tequilensis_NZ_CP048852.1.fasta
# Fields: query acc.ver, subject acc.ver, % identity, alignment length, mismatches, gap opens, q. start, q. end, s. start, s. end, evalue, bit score
# 1 hits found
1780265_45_-	NZ_CP048852.1	84.043	94	6	3	9	93	1690566	1690659	5.13e-17	82.4
# BLASTN 2.13.0+
# Query: 1858525_41_+
# Database: B._tequilensis_NZ_CP048852.1.fasta
# 0 hits found
# BLASTN 2.13.0+
# Query: 1872094_16_-
# Database: B._tequilensis_NZ_CP048852.1.fasta
# Fields: query acc.ver, subject acc.ver, % identity, alignment length, mismatches, gap opens, q. start, q. end, s. start, s. end, evalue, bit score
# 1 hits found
1872094_16_-	NZ_CP048852.1	95.000	100	5	0	1	100	1705708	1705807	8.28e-40	158
# BLASTN 2.13.0+
# Query: 1879799_40_-
# Database: B._tequilensis_NZ_CP048852.1.fasta
# Fields: query acc.ver, subject acc.ver, % identity, alignment length, mismatches, gap opens, q. start, q. end, s. start, s. end, evalue, bit score
# 1 hits found
1879799_40_-	NZ_CP048852.1	90.476	84	8	0	1	84	1850543	1850626	6.54e-26	111
# BLASTN 2.13.0+
# Query: 1879800_41_-
# Database: B._tequilensis_NZ_CP048852.1.fasta
# Fields: query acc.ver, subject acc.ver, % identity, alignment length, mismatches, gap opens, q. start, q. end, s. start, s. end, evalue, bit score
# 1 hits found
1879800_41_-	NZ_CP048852.1	90.361	83	8	0	1	83	1850544	1850626	2.35e-25	110
# BLASTN 2.13.0+
# Query: 1903070_12_-
# Database: B._tequilensis_NZ_CP048852.1.fasta
# Fields: query acc.ver, subject acc.ver, % identity, alignment length, mismatches, gap opens, q. start, q. end, s. start, s. end, evalue, bit score
# 1 hits found
1903070_12_-	NZ_CP048852.1	95.402	87	4	0	1	87	1836077	1836163	3.00e-34	139
# BLASTN 2.13.0+
# Query: 1917615_35_-
# Database: B._tequilensis_NZ_CP048852.1.fasta
# Fields: query acc.ver, subject acc.ver, % identity, alignment length, mismatches, gap opens, q. start, q. end, s. start, s. end, evalue, bit score
# 1 hits found
1917615_35_-	NZ_CP048852.1	89.157	83	8	1	1	83	1879621	1879702	3.93e-23	102
# BLASTN 2.13.0+
# Query: 1925606_49_+
# Database: B._tequilensis_NZ_CP048852.1.fasta
# Fields: query acc.ver, subject acc.ver, % identity, alignment length, mismatches, gap opens, q. start, q. end, s. start, s. end, evalue, bit score
# 1 hits found
1925606_49_+	NZ_CP048852.1	97.959	98	1	1	3	100	1887770	1887674	3.82e-43	169
# BLASTN 2.13.0+
# Query: 1930006_13_-
# Database: B._tequilensis_NZ_CP048852.1.fasta
# Fields: query acc.ver, subject acc.ver, % identity, alignment length, mismatches, gap opens, q. start, q. end, s. start, s. end, evalue, bit score
# 1 hits found
1930006_13_-	NZ_CP048852.1	87.000	100	12	1	1	100	1892005	1892103	6.54e-26	111
# BLASTN 2.13.0+
# Query: 1937905_37_-
# Database: B._tequilensis_NZ_CP048852.1.fasta
# Fields: query acc.ver, subject acc.ver, % identity, alignment length, mismatches, gap opens, q. start, q. end, s. start, s. end, evalue, bit score
# 1 hits found
1937905_37_-	NZ_CP048852.1	91.000	100	8	1	1	100	1899893	1899991	1.40e-32	134
# BLASTN 2.13.0+
# Query: 2004233_29_+
# Database: B._tequilensis_NZ_CP048852.1.fasta
# Fields: query acc.ver, subject acc.ver, % identity, alignment length, mismatches, gap opens, q. start, q. end, s. start, s. end, evalue, bit score
# 1 hits found
2004233_29_+	NZ_CP048852.1	93.750	96	4	1	1	94	2017940	2017845	2.32e-35	143
# BLASTN 2.13.0+
# Query: 2025077_83_+
# Database: B._tequilensis_NZ_CP048852.1.fasta
# Fields: query acc.ver, subject acc.ver, % identity, alignment length, mismatches, gap opens, q. start, q. end, s. start, s. end, evalue, bit score
# 1 hits found
2025077_83_+	NZ_CP048852.1	91.176	102	5	4	1	100	2042389	2042290	3.88e-33	135
# BLASTN 2.13.0+
# Query: 2049532_79_-
# Database: B._tequilensis_NZ_CP048852.1.fasta
# Fields: query acc.ver, subject acc.ver, % identity, alignment length, mismatches, gap opens, q. start, q. end, s. start, s. end, evalue, bit score
# 1 hits found
2049532_79_-	NZ_CP048852.1	80.488	82	12	3	6	87	2065749	2065826	2.40e-10	60.2
# BLASTN 2.13.0+
# Query: 2055833_35_+
# Database: B._tequilensis_NZ_CP048852.1.fasta
# 0 hits found
# BLASTN 2.13.0+
# Query: 2069725_7_+
# Database: B._tequilensis_NZ_CP048852.1.fasta
# Fields: query acc.ver, subject acc.ver, % identity, alignment length, mismatches, gap opens, q. start, q. end, s. start, s. end, evalue, bit score
# 1 hits found
2069725_7_+	NZ_CP048852.1	87.879	99	11	1	3	100	2079692	2079594	5.05e-27	115
# BLASTN 2.13.0+
# Query: 2073617_41_+
# Database: B._tequilensis_NZ_CP048852.1.fasta
# Fields: query acc.ver, subject acc.ver, % identity, alignment length, mismatches, gap opens, q. start, q. end, s. start, s. end, evalue, bit score
# 1 hits found
2073617_41_+	NZ_CP048852.1	89.247	93	7	2	1	92	1714807	1714897	1.82e-26	113
# BLASTN 2.13.0+
# Query: 2277481_40_+
# Database: B._tequilensis_NZ_CP048852.1.fasta
# Fields: query acc.ver, subject acc.ver, % identity, alignment length, mismatches, gap opens, q. start, q. end, s. start, s. end, evalue, bit score
# 1 hits found
2277481_40_+	NZ_CP048852.1	91.837	98	8	0	1	98	1714806	1714903	1.08e-33	137
# BLASTN 2.13.0+
# Query: 2086031_51_-
# Database: B._tequilensis_NZ_CP048852.1.fasta
# Fields: query acc.ver, subject acc.ver, % identity, alignment length, mismatches, gap opens, q. start, q. end, s. start, s. end, evalue, bit score
# 1 hits found
2086031_51_-	NZ_CP048852.1	88.119	101	9	2	1	100	2101223	2101321	1.41e-27	117
# BLASTN 2.13.0+
# Query: 2092848_51_+
# Database: B._tequilensis_NZ_CP048852.1.fasta
# Fields: query acc.ver, subject acc.ver, % identity, alignment length, mismatches, gap opens, q. start, q. end, s. start, s. end, evalue, bit score
# 1 hits found
2092848_51_+	NZ_CP048852.1	87.000	100	8	1	1	100	2107998	2107904	8.46e-25	108
# BLASTN 2.13.0+
# Query: 2100069_78_+
# Database: B._tequilensis_NZ_CP048852.1.fasta
# Fields: query acc.ver, subject acc.ver, % identity, alignment length, mismatches, gap opens, q. start, q. end, s. start, s. end, evalue, bit score
# 1 hits found
2100069_78_+	NZ_CP048852.1	87.037	54	5	2	48	99	2115162	2115109	2.40e-10	60.2
# BLASTN 2.13.0+
# Query: 2107462_43_+
# Database: B._tequilensis_NZ_CP048852.1.fasta
# Fields: query acc.ver, subject acc.ver, % identity, alignment length, mismatches, gap opens, q. start, q. end, s. start, s. end, evalue, bit score
# 1 hits found
2107462_43_+	NZ_CP048852.1	93.750	96	5	1	1	96	2122613	2122519	2.32e-35	143
# BLASTN 2.13.0+
# Query: 2117010_41_+
# Database: B._tequilensis_NZ_CP048852.1.fasta
# Fields: query acc.ver, subject acc.ver, % identity, alignment length, mismatches, gap opens, q. start, q. end, s. start, s. end, evalue, bit score
# 1 hits found
2117010_41_+	NZ_CP048852.1	84.615	52	7	1	27	78	2132106	2132056	1.45e-07	51.0
# BLASTN 2.13.0+
# Query: 2134525_41_+
# Database: B._tequilensis_NZ_CP048852.1.fasta
# Fields: query acc.ver, subject acc.ver, % identity, alignment length, mismatches, gap opens, q. start, q. end, s. start, s. end, evalue, bit score
# 1 hits found
2134525_41_+	NZ_CP048852.1	95.960	99	4	0	1	99	2147410	2147312	6.40e-41	161
# BLASTN 2.13.0+
# Query: 2136500_38_+
# Database: B._tequilensis_NZ_CP048852.1.fasta
# Fields: query acc.ver, subject acc.ver, % identity, alignment length, mismatches, gap opens, q. start, q. end, s. start, s. end, evalue, bit score
# 1 hits found
2136500_38_+	NZ_CP048852.1	92.000	100	7	1	1	100	2149390	2149292	3.00e-34	139
# BLASTN 2.13.0+
# Query: 2204028_25_-
# Database: B._tequilensis_NZ_CP048852.1.fasta
# Fields: query acc.ver, subject acc.ver, % identity, alignment length, mismatches, gap opens, q. start, q. end, s. start, s. end, evalue, bit score
# 1 hits found
2204028_25_-	NZ_CP048852.1	99.000	100	1	0	1	100	1795311	1795212	1.77e-46	180
# BLASTN 2.13.0+
# Query: 2212764_18_-
# Database: B._tequilensis_NZ_CP048852.1.fasta
# Fields: query acc.ver, subject acc.ver, % identity, alignment length, mismatches, gap opens, q. start, q. end, s. start, s. end, evalue, bit score
# 1 hits found
2212764_18_-	NZ_CP048852.1	88.095	84	10	0	1	84	1786942	1786859	1.42e-22	100
# BLASTN 2.13.0+
# Query: 2246611_45_+
# Database: B._tequilensis_NZ_CP048852.1.fasta
# 0 hits found
# BLASTN 2.13.0+
# Query: 2269945_43_+
# Database: B._tequilensis_NZ_CP048852.1.fasta
# 0 hits found
# BLASTN 2.13.0+
# Query: 2287049_48_+
# Database: B._tequilensis_NZ_CP048852.1.fasta
# Fields: query acc.ver, subject acc.ver, % identity, alignment length, mismatches, gap opens, q. start, q. end, s. start, s. end, evalue, bit score
# 1 hits found
2287049_48_+	NZ_CP048852.1	91.089	101	8	1	1	100	2164235	2164135	3.88e-33	135
# BLASTN 2.13.0+
# Query: 2287050_47_+
# Database: B._tequilensis_NZ_CP048852.1.fasta
# Fields: query acc.ver, subject acc.ver, % identity, alignment length, mismatches, gap opens, q. start, q. end, s. start, s. end, evalue, bit score
# 1 hits found
2287050_47_+	NZ_CP048852.1	91.089	101	8	1	1	100	2164236	2164136	3.88e-33	135
# BLASTN 2.13.0+
# Query: 2290043_35_+
# Database: B._tequilensis_NZ_CP048852.1.fasta
# Fields: query acc.ver, subject acc.ver, % identity, alignment length, mismatches, gap opens, q. start, q. end, s. start, s. end, evalue, bit score
# 1 hits found
2290043_35_+	NZ_CP048852.1	91.000	100	9	0	1	100	2167233	2167134	3.88e-33	135
# BLASTN 2.13.0+
# Query: 2300194_27_+
# Database: B._tequilensis_NZ_CP048852.1.fasta
# Fields: query acc.ver, subject acc.ver, % identity, alignment length, mismatches, gap opens, q. start, q. end, s. start, s. end, evalue, bit score
# 1 hits found
2300194_27_+	NZ_CP048852.1	94.000	100	6	0	1	100	2177401	2177302	3.85e-38	152
# BLASTN 2.13.0+
# Query: 2307702_40_-
# Database: B._tequilensis_NZ_CP048852.1.fasta
# Fields: query acc.ver, subject acc.ver, % identity, alignment length, mismatches, gap opens, q. start, q. end, s. start, s. end, evalue, bit score
# 1 hits found
2307702_40_-	NZ_CP048852.1	91.667	96	6	2	1	96	2184688	2184781	5.02e-32	132
# BLASTN 2.13.0+
# Query: 2316249_37_+
# Database: B._tequilensis_NZ_CP048852.1.fasta
# Fields: query acc.ver, subject acc.ver, % identity, alignment length, mismatches, gap opens, q. start, q. end, s. start, s. end, evalue, bit score
# 1 hits found
2316249_37_+	NZ_CP048852.1	94.898	98	5	0	3	100	2193396	2193299	1.07e-38	154
# BLASTN 2.13.0+
# Query: 2316250_36_+
# Database: B._tequilensis_NZ_CP048852.1.fasta
# Fields: query acc.ver, subject acc.ver, % identity, alignment length, mismatches, gap opens, q. start, q. end, s. start, s. end, evalue, bit score
# 1 hits found
2316250_36_+	NZ_CP048852.1	94.845	97	5	0	4	100	2193396	2193300	3.85e-38	152
# BLASTN 2.13.0+
# Query: 2327449_39_+
# Database: B._tequilensis_NZ_CP048852.1.fasta
# Fields: query acc.ver, subject acc.ver, % identity, alignment length, mismatches, gap opens, q. start, q. end, s. start, s. end, evalue, bit score
# 1 hits found
2327449_39_+	NZ_CP048852.1	91.566	83	4	2	7	86	2199648	2199566	6.54e-26	111
# BLASTN 2.13.0+
# Query: 2327450_38_+
# Database: B._tequilensis_NZ_CP048852.1.fasta
# Fields: query acc.ver, subject acc.ver, % identity, alignment length, mismatches, gap opens, q. start, q. end, s. start, s. end, evalue, bit score
# 1 hits found
2327450_38_+	NZ_CP048852.1	91.566	83	4	2	8	87	2199648	2199566	6.54e-26	111
# BLASTN 2.13.0+
# Query: 2330041_34_+
# Database: B._tequilensis_NZ_CP048852.1.fasta
# Fields: query acc.ver, subject acc.ver, % identity, alignment length, mismatches, gap opens, q. start, q. end, s. start, s. end, evalue, bit score
# 1 hits found
2330041_34_+	NZ_CP048852.1	93.000	100	6	1	1	100	2202246	2202148	6.45e-36	145
# BLASTN 2.13.0+
# Query: 2336907_26_+
# Database: B._tequilensis_NZ_CP048852.1.fasta
# Fields: query acc.ver, subject acc.ver, % identity, alignment length, mismatches, gap opens, q. start, q. end, s. start, s. end, evalue, bit score
# 1 hits found
2336907_26_+	NZ_CP048852.1	90.000	100	10	0	1	100	2209118	2209019	1.80e-31	130
# BLASTN 2.13.0+
# Query: 2347619_41_+
# Database: B._tequilensis_NZ_CP048852.1.fasta
# Fields: query acc.ver, subject acc.ver, % identity, alignment length, mismatches, gap opens, q. start, q. end, s. start, s. end, evalue, bit score
# 1 hits found
2347619_41_+	NZ_CP048852.1	97.895	95	2	0	6	100	2219798	2219704	4.95e-42	165
# BLASTN 2.13.0+
# Query: 2365696_40_+
# Database: B._tequilensis_NZ_CP048852.1.fasta
# Fields: query acc.ver, subject acc.ver, % identity, alignment length, mismatches, gap opens, q. start, q. end, s. start, s. end, evalue, bit score
# 1 hits found
2365696_40_+	NZ_CP048852.1	91.837	98	7	1	3	100	2237877	2237781	3.88e-33	135
# BLASTN 2.13.0+
# Query: 2387812_42_+
# Database: B._tequilensis_NZ_CP048852.1.fasta
# Fields: query acc.ver, subject acc.ver, % identity, alignment length, mismatches, gap opens, q. start, q. end, s. start, s. end, evalue, bit score
# 1 hits found
2387812_42_+	NZ_CP048852.1	95.098	102	3	2	1	100	2259994	2259893	2.30e-40	159
# BLASTN 2.13.0+
# Query: 2400177_31_+
# Database: B._tequilensis_NZ_CP048852.1.fasta
# Fields: query acc.ver, subject acc.ver, % identity, alignment length, mismatches, gap opens, q. start, q. end, s. start, s. end, evalue, bit score
# 1 hits found
2400177_31_+	NZ_CP048852.1	94.565	92	4	1	3	94	2272448	2272358	8.34e-35	141
# BLASTN 2.13.0+
# Query: 2402009_58_+
# Database: B._tequilensis_NZ_CP048852.1.fasta
# Fields: query acc.ver, subject acc.ver, % identity, alignment length, mismatches, gap opens, q. start, q. end, s. start, s. end, evalue, bit score
# 1 hits found
2402009_58_+	NZ_CP048852.1	100.000	98	0	0	1	98	2274283	2274186	4.91e-47	182
# BLASTN 2.13.0+
# Query: 2410015_38_-
# Database: B._tequilensis_NZ_CP048852.1.fasta
# Fields: query acc.ver, subject acc.ver, % identity, alignment length, mismatches, gap opens, q. start, q. end, s. start, s. end, evalue, bit score
# 1 hits found
2410015_38_-	NZ_CP048852.1	94.624	93	4	1	1	93	2282122	2282213	2.32e-35	143
# BLASTN 2.13.0+
# Query: 2409984_33_+
# Database: B._tequilensis_NZ_CP048852.1.fasta
# Fields: query acc.ver, subject acc.ver, % identity, alignment length, mismatches, gap opens, q. start, q. end, s. start, s. end, evalue, bit score
# 1 hits found
2409984_33_+	NZ_CP048852.1	90.722	97	8	1	4	100	2282252	2282157	6.49e-31	128
# BLASTN 2.13.0+
# Query: 2432281_35_+
# Database: B._tequilensis_NZ_CP048852.1.fasta
# Fields: query acc.ver, subject acc.ver, % identity, alignment length, mismatches, gap opens, q. start, q. end, s. start, s. end, evalue, bit score
# 1 hits found
2432281_35_+	NZ_CP048852.1	86.408	103	11	3	1	100	2304570	2304468	2.35e-25	110
# BLASTN 2.13.0+
# Query: 2449793_48_+
# Database: B._tequilensis_NZ_CP048852.1.fasta
# Fields: query acc.ver, subject acc.ver, % identity, alignment length, mismatches, gap opens, q. start, q. end, s. start, s. end, evalue, bit score
# 1 hits found
2449793_48_+	NZ_CP048852.1	100.000	100	0	0	1	100	2322801	2322702	3.80e-48	185
# BLASTN 2.13.0+
# Query: 2454287_60_+
# Database: B._tequilensis_NZ_CP048852.1.fasta
# Fields: query acc.ver, subject acc.ver, % identity, alignment length, mismatches, gap opens, q. start, q. end, s. start, s. end, evalue, bit score
# 1 hits found
2454287_60_+	NZ_CP048852.1	95.050	101	4	1	1	100	2327299	2327199	8.28e-40	158
# BLASTN 2.13.0+
# Query: 2466214_42_-
# Database: B._tequilensis_NZ_CP048852.1.fasta
# Fields: query acc.ver, subject acc.ver, % identity, alignment length, mismatches, gap opens, q. start, q. end, s. start, s. end, evalue, bit score
# 1 hits found
2466214_42_-	NZ_CP048852.1	95.652	46	2	0	1	46	2339041	2339086	8.58e-15	75.0
# BLASTN 2.13.0+
# Query: 2480673_48_-
# Database: B._tequilensis_NZ_CP048852.1.fasta
# Fields: query acc.ver, subject acc.ver, % identity, alignment length, mismatches, gap opens, q. start, q. end, s. start, s. end, evalue, bit score
# 1 hits found
2480673_48_-	NZ_CP048852.1	91.429	35	3	0	1	35	2353518	2353552	5.20e-07	49.1
# BLASTN 2.13.0+
# Query: 2495870_45_-
# Database: B._tequilensis_NZ_CP048852.1.fasta
# Fields: query acc.ver, subject acc.ver, % identity, alignment length, mismatches, gap opens, q. start, q. end, s. start, s. end, evalue, bit score
# 1 hits found
2495870_45_-	NZ_CP048852.1	90.000	100	8	2	1	100	2368667	2368764	6.49e-31	128
# BLASTN 2.13.0+
# Query: 2520528_29_+
# Database: B._tequilensis_NZ_CP048852.1.fasta
# Fields: query acc.ver, subject acc.ver, % identity, alignment length, mismatches, gap opens, q. start, q. end, s. start, s. end, evalue, bit score
# 1 hits found
2520528_29_+	NZ_CP048852.1	96.000	100	4	0	1	100	2393571	2393472	1.78e-41	163
# BLASTN 2.13.0+
# Query: 2528307_97_+
# Database: B._tequilensis_NZ_CP048852.1.fasta
# Fields: query acc.ver, subject acc.ver, % identity, alignment length, mismatches, gap opens, q. start, q. end, s. start, s. end, evalue, bit score
# 1 hits found
2528307_97_+	NZ_CP048852.1	94.000	100	5	1	1	100	2401350	2401252	1.39e-37	150
# BLASTN 2.13.0+
# Query: 2543407_33_+
# Database: B._tequilensis_NZ_CP048852.1.fasta
# Fields: query acc.ver, subject acc.ver, % identity, alignment length, mismatches, gap opens, q. start, q. end, s. start, s. end, evalue, bit score
# 1 hits found
2543407_33_+	NZ_CP048852.1	94.792	96	3	2	1	96	2416440	2416347	4.98e-37	148
# BLASTN 2.13.0+
# Query: 2568530_43_+
# Database: B._tequilensis_NZ_CP048852.1.fasta
# Fields: query acc.ver, subject acc.ver, % identity, alignment length, mismatches, gap opens, q. start, q. end, s. start, s. end, evalue, bit score
# 1 hits found
2568530_43_+	NZ_CP048852.1	93.000	100	7	0	1	100	2441746	2441647	1.79e-36	147
# BLASTN 2.13.0+
# Query: 2574342_66_+
# Database: B._tequilensis_NZ_CP048852.1.fasta
# Fields: query acc.ver, subject acc.ver, % identity, alignment length, mismatches, gap opens, q. start, q. end, s. start, s. end, evalue, bit score
# 1 hits found
2574342_66_+	NZ_CP048852.1	92.079	101	6	2	1	100	2447544	2447445	8.34e-35	141
# BLASTN 2.13.0+
# Query: 2585394_40_+
# Database: B._tequilensis_NZ_CP048852.1.fasta
# Fields: query acc.ver, subject acc.ver, % identity, alignment length, mismatches, gap opens, q. start, q. end, s. start, s. end, evalue, bit score
# 1 hits found
2585394_40_+	NZ_CP048852.1	90.816	98	8	1	3	100	2458598	2458502	1.80e-31	130
# BLASTN 2.13.0+
# Query: 2587899_97_+
# Database: B._tequilensis_NZ_CP048852.1.fasta
# 0 hits found
# BLASTN 2.13.0+
# Query: 2591415_30_-
# Database: B._tequilensis_NZ_CP048852.1.fasta
# Fields: query acc.ver, subject acc.ver, % identity, alignment length, mismatches, gap opens, q. start, q. end, s. start, s. end, evalue, bit score
# 1 hits found
2591415_30_-	NZ_CP048852.1	90.769	65	6	0	1	65	2463427	2463491	1.10e-18	87.9
# BLASTN 2.13.0+
# Query: 2614456_40_+
# Database: B._tequilensis_NZ_CP048852.1.fasta
# Fields: query acc.ver, subject acc.ver, % identity, alignment length, mismatches, gap opens, q. start, q. end, s. start, s. end, evalue, bit score
# 1 hits found
2614456_40_+	NZ_CP048852.1	99.000	100	1	0	1	100	2486637	2486538	1.77e-46	180
# BLASTN 2.13.0+
# Query: 2619865_45_+
# Database: B._tequilensis_NZ_CP048852.1.fasta
# Fields: query acc.ver, subject acc.ver, % identity, alignment length, mismatches, gap opens, q. start, q. end, s. start, s. end, evalue, bit score
# 1 hits found
2619865_45_+	NZ_CP048852.1	100.000	100	0	0	1	100	2492040	2491941	3.80e-48	185
# BLASTN 2.13.0+
# Query: 2637542_39_-
# Database: B._tequilensis_NZ_CP048852.1.fasta
# Fields: query acc.ver, subject acc.ver, % identity, alignment length, mismatches, gap opens, q. start, q. end, s. start, s. end, evalue, bit score
# 1 hits found
2637542_39_-	NZ_CP048852.1	97.030	101	2	1	1	100	2509555	2509655	3.82e-43	169
# BLASTN 2.13.0+
# Query: 2663348_58_-
# Database: B._tequilensis_NZ_CP048852.1.fasta
# 0 hits found
# BLASTN 2.13.0+
# Query: 2692614_43_-
# Database: B._tequilensis_NZ_CP048852.1.fasta
# 0 hits found
# BLASTN 2.13.0+
# Query: 2718880_79_+
# Database: B._tequilensis_NZ_CP048852.1.fasta
# 0 hits found
# BLASTN 2.13.0+
# Query: 2732918_62_+
# Database: B._tequilensis_NZ_CP048852.1.fasta
# Fields: query acc.ver, subject acc.ver, % identity, alignment length, mismatches, gap opens, q. start, q. end, s. start, s. end, evalue, bit score
# 1 hits found
2732918_62_+	NZ_CP048852.1	80.328	61	7	3	1	61	1198029	1198084	8.70e-05	41.7
# BLASTN 2.13.0+
# Query: 2739178_73_-
# Database: B._tequilensis_NZ_CP048852.1.fasta
# 0 hits found
# BLASTN 2.13.0+
# Query: 2740905_59_-
# Database: B._tequilensis_NZ_CP048852.1.fasta
# Fields: query acc.ver, subject acc.ver, % identity, alignment length, mismatches, gap opens, q. start, q. end, s. start, s. end, evalue, bit score
# 1 hits found
2740905_59_-	NZ_CP048852.1	88.889	36	2	2	52	87	2567166	2567199	2.42e-05	43.6
# BLASTN 2.13.0+
# Query: 2769709_55_-
# Database: B._tequilensis_NZ_CP048852.1.fasta
# Fields: query acc.ver, subject acc.ver, % identity, alignment length, mismatches, gap opens, q. start, q. end, s. start, s. end, evalue, bit score
# 1 hits found
2769709_55_-	NZ_CP048852.1	100.000	26	0	0	2	27	2588015	2588040	5.20e-07	49.1
# BLASTN 2.13.0+
# Query: 2788917_34_-
# Database: B._tequilensis_NZ_CP048852.1.fasta
# Fields: query acc.ver, subject acc.ver, % identity, alignment length, mismatches, gap opens, q. start, q. end, s. start, s. end, evalue, bit score
# 1 hits found
2788917_34_-	NZ_CP048852.1	92.000	100	7	1	2	100	2607132	2607231	3.00e-34	139
# BLASTN 2.13.0+
# Query: 2788885_35_+
# Database: B._tequilensis_NZ_CP048852.1.fasta
# Fields: query acc.ver, subject acc.ver, % identity, alignment length, mismatches, gap opens, q. start, q. end, s. start, s. end, evalue, bit score
# 1 hits found
2788885_35_+	NZ_CP048852.1	92.000	100	7	1	1	99	2607265	2607166	3.00e-34	139
# BLASTN 2.13.0+
# Query: 2795857_30_+
# Database: B._tequilensis_NZ_CP048852.1.fasta
# Fields: query acc.ver, subject acc.ver, % identity, alignment length, mismatches, gap opens, q. start, q. end, s. start, s. end, evalue, bit score
# 1 hits found
2795857_30_+	NZ_CP048852.1	95.000	100	5	0	1	100	2614219	2614120	8.28e-40	158
# BLASTN 2.13.0+
# Query: 2806257_29_+
# Database: B._tequilensis_NZ_CP048852.1.fasta
# Fields: query acc.ver, subject acc.ver, % identity, alignment length, mismatches, gap opens, q. start, q. end, s. start, s. end, evalue, bit score
# 1 hits found
2806257_29_+	NZ_CP048852.1	88.158	76	9	0	8	83	2621555	2621480	8.52e-20	91.6
# BLASTN 2.13.0+
# Query: 2813604_39_+
# Database: B._tequilensis_NZ_CP048852.1.fasta
# Fields: query acc.ver, subject acc.ver, % identity, alignment length, mismatches, gap opens, q. start, q. end, s. start, s. end, evalue, bit score
# 1 hits found
2813604_39_+	NZ_CP048852.1	87.379	103	6	3	1	100	2628908	2628810	6.54e-26	111
# BLASTN 2.13.0+
# Query: 2826860_40_+
# Database: B._tequilensis_NZ_CP048852.1.fasta
# Fields: query acc.ver, subject acc.ver, % identity, alignment length, mismatches, gap opens, q. start, q. end, s. start, s. end, evalue, bit score
# 1 hits found
2826860_40_+	NZ_CP048852.1	95.000	100	5	0	1	100	2642148	2642049	8.28e-40	158
# BLASTN 2.13.0+
# Query: 2841483_36_-
# Database: B._tequilensis_NZ_CP048852.1.fasta
# Fields: query acc.ver, subject acc.ver, % identity, alignment length, mismatches, gap opens, q. start, q. end, s. start, s. end, evalue, bit score
# 1 hits found
2841483_36_-	NZ_CP048852.1	82.828	99	14	3	3	100	2656692	2656788	3.96e-18	86.1
# BLASTN 2.13.0+
# Query: 2866622_42_+
# Database: B._tequilensis_NZ_CP048852.1.fasta
# Fields: query acc.ver, subject acc.ver, % identity, alignment length, mismatches, gap opens, q. start, q. end, s. start, s. end, evalue, bit score
# 1 hits found
2866622_42_+	NZ_CP048852.1	97.000	100	3	0	1	100	2681958	2681859	3.82e-43	169
# BLASTN 2.13.0+
# Query: 2897043_51_+
# Database: B._tequilensis_NZ_CP048852.1.fasta
# Fields: query acc.ver, subject acc.ver, % identity, alignment length, mismatches, gap opens, q. start, q. end, s. start, s. end, evalue, bit score
# 1 hits found
2897043_51_+	NZ_CP048852.1	95.000	100	5	0	1	100	2712410	2712311	8.28e-40	158
# BLASTN 2.13.0+
# Query: 2903182_35_+
# Database: B._tequilensis_NZ_CP048852.1.fasta
# Fields: query acc.ver, subject acc.ver, % identity, alignment length, mismatches, gap opens, q. start, q. end, s. start, s. end, evalue, bit score
# 1 hits found
2903182_35_+	NZ_CP048852.1	91.089	101	7	2	1	100	2720248	2720149	3.88e-33	135
# BLASTN 2.13.0+
# Query: 2909513_37_-
# Database: B._tequilensis_NZ_CP048852.1.fasta
# Fields: query acc.ver, subject acc.ver, % identity, alignment length, mismatches, gap opens, q. start, q. end, s. start, s. end, evalue, bit score
# 1 hits found
2909513_37_-	NZ_CP048852.1	98.000	100	1	1	1	100	2726402	2726500	2.96e-44	172
# BLASTN 2.13.0+
# Query: 2915328_37_+
# Database: B._tequilensis_NZ_CP048852.1.fasta
# Fields: query acc.ver, subject acc.ver, % identity, alignment length, mismatches, gap opens, q. start, q. end, s. start, s. end, evalue, bit score
# 1 hits found
2915328_37_+	NZ_CP048852.1	79.592	98	19	1	3	100	2732383	2732287	3.99e-13	69.4
# BLASTN 2.13.0+
# Query: 2925066_34_+
# Database: B._tequilensis_NZ_CP048852.1.fasta
# Fields: query acc.ver, subject acc.ver, % identity, alignment length, mismatches, gap opens, q. start, q. end, s. start, s. end, evalue, bit score
# 1 hits found
2925066_34_+	NZ_CP048852.1	93.000	100	6	1	1	100	2742135	2742037	6.45e-36	145
# BLASTN 2.13.0+
# Query: 2952186_38_+
# Database: B._tequilensis_NZ_CP048852.1.fasta
# Fields: query acc.ver, subject acc.ver, % identity, alignment length, mismatches, gap opens, q. start, q. end, s. start, s. end, evalue, bit score
# 1 hits found
2952186_38_+	NZ_CP048852.1	93.000	100	6	1	1	100	2769258	2769160	6.45e-36	145
# BLASTN 2.13.0+
# Query: 2959254_38_-
# Database: B._tequilensis_NZ_CP048852.1.fasta
# Fields: query acc.ver, subject acc.ver, % identity, alignment length, mismatches, gap opens, q. start, q. end, s. start, s. end, evalue, bit score
# 1 hits found
2959254_38_-	NZ_CP048852.1	95.000	100	4	1	1	100	2776346	2776444	2.98e-39	156
# BLASTN 2.13.0+
# Query: 2965645_36_+
# Database: B._tequilensis_NZ_CP048852.1.fasta
# Fields: query acc.ver, subject acc.ver, % identity, alignment length, mismatches, gap opens, q. start, q. end, s. start, s. end, evalue, bit score
# 1 hits found
2965645_36_+	NZ_CP048852.1	96.000	100	4	0	1	100	2782904	2782805	1.78e-41	163
# BLASTN 2.13.0+
# Query: 2978691_43_+
# Database: B._tequilensis_NZ_CP048852.1.fasta
# Fields: query acc.ver, subject acc.ver, % identity, alignment length, mismatches, gap opens, q. start, q. end, s. start, s. end, evalue, bit score
# 1 hits found
2978691_43_+	NZ_CP048852.1	96.000	100	4	0	1	100	2795938	2795839	1.78e-41	163
# BLASTN 2.13.0+
# Query: 2987695_36_+
# Database: B._tequilensis_NZ_CP048852.1.fasta
# Fields: query acc.ver, subject acc.ver, % identity, alignment length, mismatches, gap opens, q. start, q. end, s. start, s. end, evalue, bit score
# 1 hits found
2987695_36_+	NZ_CP048852.1	97.000	100	3	0	1	100	2804941	2804842	3.82e-43	169
# BLASTN 2.13.0+
# Query: 3009872_43_+
# Database: B._tequilensis_NZ_CP048852.1.fasta
# Fields: query acc.ver, subject acc.ver, % identity, alignment length, mismatches, gap opens, q. start, q. end, s. start, s. end, evalue, bit score
# 1 hits found
3009872_43_+	NZ_CP048852.1	86.207	87	11	1	1	86	2827107	2827021	2.37e-20	93.5
# BLASTN 2.13.0+
# Query: 3015071_40_+
# Database: B._tequilensis_NZ_CP048852.1.fasta
# Fields: query acc.ver, subject acc.ver, % identity, alignment length, mismatches, gap opens, q. start, q. end, s. start, s. end, evalue, bit score
# 1 hits found
3015071_40_+	NZ_CP048852.1	97.000	100	3	0	1	100	2832301	2832202	3.82e-43	169
# BLASTN 2.13.0+
# Query: 3019500_33_+
# Database: B._tequilensis_NZ_CP048852.1.fasta
# Fields: query acc.ver, subject acc.ver, % identity, alignment length, mismatches, gap opens, q. start, q. end, s. start, s. end, evalue, bit score
# 1 hits found
3019500_33_+	NZ_CP048852.1	90.099	101	8	2	1	100	2836728	2836629	1.80e-31	130
# BLASTN 2.13.0+
# Query: 3029673_56_+
# Database: B._tequilensis_NZ_CP048852.1.fasta
# Fields: query acc.ver, subject acc.ver, % identity, alignment length, mismatches, gap opens, q. start, q. end, s. start, s. end, evalue, bit score
# 1 hits found
3029673_56_+	NZ_CP048852.1	89.109	101	7	4	1	100	2846900	2846803	3.02e-29	122
# BLASTN 2.13.0+
# Query: 3036562_41_+
# Database: B._tequilensis_NZ_CP048852.1.fasta
# Fields: query acc.ver, subject acc.ver, % identity, alignment length, mismatches, gap opens, q. start, q. end, s. start, s. end, evalue, bit score
# 1 hits found
3036562_41_+	NZ_CP048852.1	89.320	103	6	4	1	99	2853805	2853704	8.40e-30	124
# BLASTN 2.13.0+
# Query: 3048145_32_+
# Database: B._tequilensis_NZ_CP048852.1.fasta
# Fields: query acc.ver, subject acc.ver, % identity, alignment length, mismatches, gap opens, q. start, q. end, s. start, s. end, evalue, bit score
# 1 hits found
3048145_32_+	NZ_CP048852.1	98.000	100	2	0	1	100	2865385	2865286	8.22e-45	174
# BLASTN 2.13.0+
# Query: 3056846_50_-
# Database: B._tequilensis_NZ_CP048852.1.fasta
# Fields: query acc.ver, subject acc.ver, % identity, alignment length, mismatches, gap opens, q. start, q. end, s. start, s. end, evalue, bit score
# 1 hits found
3056846_50_-	NZ_CP048852.1	89.855	69	7	0	1	69	2873913	2873981	3.06e-19	89.8
# BLASTN 2.13.0+
# Query: 3072707_36_+
# Database: B._tequilensis_NZ_CP048852.1.fasta
# Fields: query acc.ver, subject acc.ver, % identity, alignment length, mismatches, gap opens, q. start, q. end, s. start, s. end, evalue, bit score
# 1 hits found
3072707_36_+	NZ_CP048852.1	82.692	104	12	3	1	100	2891228	2891127	1.10e-18	87.9
# BLASTN 2.13.0+
# Query: 3102587_42_+
# Database: B._tequilensis_NZ_CP048852.1.fasta
# Fields: query acc.ver, subject acc.ver, % identity, alignment length, mismatches, gap opens, q. start, q. end, s. start, s. end, evalue, bit score
# 1 hits found
3102587_42_+	NZ_CP048852.1	89.000	100	10	1	1	100	2904712	2904614	3.02e-29	122
# BLASTN 2.13.0+
# Query: 3124097_92_-
# Database: B._tequilensis_NZ_CP048852.1.fasta
# Fields: query acc.ver, subject acc.ver, % identity, alignment length, mismatches, gap opens, q. start, q. end, s. start, s. end, evalue, bit score
# 1 hits found
3124097_92_-	NZ_CP048852.1	92.079	101	7	1	1	100	2929308	2929408	8.34e-35	141
# BLASTN 2.13.0+
# Query: 3127788_37_+
# Database: B._tequilensis_NZ_CP048852.1.fasta
# Fields: query acc.ver, subject acc.ver, % identity, alignment length, mismatches, gap opens, q. start, q. end, s. start, s. end, evalue, bit score
# 1 hits found
3127788_37_+	NZ_CP048852.1	97.959	98	1	1	3	100	2933164	2933068	3.82e-43	169
# BLASTN 2.13.0+
# Query: 3148845_56_+
# Database: B._tequilensis_NZ_CP048852.1.fasta
# Fields: query acc.ver, subject acc.ver, % identity, alignment length, mismatches, gap opens, q. start, q. end, s. start, s. end, evalue, bit score
# 1 hits found
3148845_56_+	NZ_CP048852.1	96.000	100	4	0	1	100	2950535	2950436	1.78e-41	163
# BLASTN 2.13.0+
# Query: 3171975_1_+
# Database: B._tequilensis_NZ_CP048852.1.fasta
# Fields: query acc.ver, subject acc.ver, % identity, alignment length, mismatches, gap opens, q. start, q. end, s. start, s. end, evalue, bit score
# 1 hits found
3171975_1_+	NZ_CP048852.1	100.000	98	0	0	1	98	2973805	2973708	4.91e-47	182
# BLASTN 2.13.0+
# Query: 3172246_1_+
# Database: B._tequilensis_NZ_CP048852.1.fasta
# Fields: query acc.ver, subject acc.ver, % identity, alignment length, mismatches, gap opens, q. start, q. end, s. start, s. end, evalue, bit score
# 1 hits found
3172246_1_+	NZ_CP048852.1	97.000	100	3	0	1	100	2974078	2973979	3.82e-43	169
# BLASTN 2.13.0+
# Query: 3172330_1_+
# Database: B._tequilensis_NZ_CP048852.1.fasta
# Fields: query acc.ver, subject acc.ver, % identity, alignment length, mismatches, gap opens, q. start, q. end, s. start, s. end, evalue, bit score
# 1 hits found
3172330_1_+	NZ_CP048852.1	98.969	97	1	0	4	100	2974159	2974063	8.22e-45	174
# BLASTN 2.13.0+
# Query: 3173403_1_+
# Database: B._tequilensis_NZ_CP048852.1.fasta
# Fields: query acc.ver, subject acc.ver, % identity, alignment length, mismatches, gap opens, q. start, q. end, s. start, s. end, evalue, bit score
# 1 hits found
3173403_1_+	NZ_CP048852.1	99.000	100	1	0	1	100	2975288	2975189	1.77e-46	180
# BLASTN 2.13.0+
# Query: 3179266_60_-
# Database: B._tequilensis_NZ_CP048852.1.fasta
# Fields: query acc.ver, subject acc.ver, % identity, alignment length, mismatches, gap opens, q. start, q. end, s. start, s. end, evalue, bit score
# 1 hits found
3179266_60_-	NZ_CP048852.1	98.020	101	1	1	1	100	2980974	2981074	8.22e-45	174
# BLASTN 2.13.0+
# Query: 3183830_37_+
# Database: B._tequilensis_NZ_CP048852.1.fasta
# Fields: query acc.ver, subject acc.ver, % identity, alignment length, mismatches, gap opens, q. start, q. end, s. start, s. end, evalue, bit score
# 1 hits found
3183830_37_+	NZ_CP048852.1	83.838	99	14	2	3	99	2985705	2985607	2.37e-20	93.5
# BLASTN 2.13.0+
# Query: 3188080_32_-
# Database: B._tequilensis_NZ_CP048852.1.fasta
# Fields: query acc.ver, subject acc.ver, % identity, alignment length, mismatches, gap opens, q. start, q. end, s. start, s. end, evalue, bit score
# 1 hits found
3188080_32_-	NZ_CP048852.1	89.247	93	10	0	1	93	2989801	2989893	1.41e-27	117
# BLASTN 2.13.0+
# Query: 3190429_33_+
# Database: B._tequilensis_NZ_CP048852.1.fasta
# Fields: query acc.ver, subject acc.ver, % identity, alignment length, mismatches, gap opens, q. start, q. end, s. start, s. end, evalue, bit score
# 1 hits found
3190429_33_+	NZ_CP048852.1	93.814	97	5	1	4	100	2992307	2992212	6.45e-36	145
# BLASTN 2.13.0+
# Query: 3194595_40_+
# Database: B._tequilensis_NZ_CP048852.1.fasta
# Fields: query acc.ver, subject acc.ver, % identity, alignment length, mismatches, gap opens, q. start, q. end, s. start, s. end, evalue, bit score
# 1 hits found
3194595_40_+	NZ_CP048852.1	91.089	101	8	1	1	100	2998704	2998604	3.88e-33	135
# BLASTN 2.13.0+
# Query: 3220690_41_+
# Database: B._tequilensis_NZ_CP048852.1.fasta
# Fields: query acc.ver, subject acc.ver, % identity, alignment length, mismatches, gap opens, q. start, q. end, s. start, s. end, evalue, bit score
# 1 hits found
3220690_41_+	NZ_CP048852.1	95.000	100	5	0	1	100	3019597	3019498	8.28e-40	158
# BLASTN 2.13.0+
# Query: 3223430_41_+
# Database: B._tequilensis_NZ_CP048852.1.fasta
# Fields: query acc.ver, subject acc.ver, % identity, alignment length, mismatches, gap opens, q. start, q. end, s. start, s. end, evalue, bit score
# 1 hits found
3223430_41_+	NZ_CP048852.1	88.119	101	10	2	1	100	3022337	3022238	3.91e-28	119
# BLASTN 2.13.0+
# Query: 3229986_45_-
# Database: B._tequilensis_NZ_CP048852.1.fasta
# Fields: query acc.ver, subject acc.ver, % identity, alignment length, mismatches, gap opens, q. start, q. end, s. start, s. end, evalue, bit score
# 1 hits found
3229986_45_-	NZ_CP048852.1	91.089	101	7	2	1	100	3028890	3028989	3.88e-33	135
# BLASTN 2.13.0+
# Query: 3236406_16_+
# Database: B._tequilensis_NZ_CP048852.1.fasta
# Fields: query acc.ver, subject acc.ver, % identity, alignment length, mismatches, gap opens, q. start, q. end, s. start, s. end, evalue, bit score
# 1 hits found
3236406_16_+	NZ_CP048852.1	100.000	79	0	0	1	79	3035288	3035210	1.79e-36	147
# BLASTN 2.13.0+
# Query: 3253484_45_+
# Database: B._tequilensis_NZ_CP048852.1.fasta
# Fields: query acc.ver, subject acc.ver, % identity, alignment length, mismatches, gap opens, q. start, q. end, s. start, s. end, evalue, bit score
# 1 hits found
3253484_45_+	NZ_CP048852.1	95.000	100	5	0	1	100	3047558	3047459	8.28e-40	158
# BLASTN 2.13.0+
# Query: 3262298_32_+
# Database: B._tequilensis_NZ_CP048852.1.fasta
# Fields: query acc.ver, subject acc.ver, % identity, alignment length, mismatches, gap opens, q. start, q. end, s. start, s. end, evalue, bit score
# 1 hits found
3262298_32_+	NZ_CP048852.1	94.000	100	5	1	1	100	3056401	3056303	1.39e-37	150
# BLASTN 2.13.0+
# Query: 3280286_36_-
# Database: B._tequilensis_NZ_CP048852.1.fasta
# Fields: query acc.ver, subject acc.ver, % identity, alignment length, mismatches, gap opens, q. start, q. end, s. start, s. end, evalue, bit score
# 1 hits found
3280286_36_-	NZ_CP048852.1	92.000	100	8	0	1	100	3075513	3075612	8.34e-35	141
# BLASTN 2.13.0+
# Query: 3293476_97_+
# Database: B._tequilensis_NZ_CP048852.1.fasta
# Fields: query acc.ver, subject acc.ver, % identity, alignment length, mismatches, gap opens, q. start, q. end, s. start, s. end, evalue, bit score
# 1 hits found
3293476_97_+	NZ_CP048852.1	90.789	76	7	0	25	100	3088851	3088776	3.93e-23	102
# BLASTN 2.13.0+
# Query: 3304073_51_-
# Database: B._tequilensis_NZ_CP048852.1.fasta
# Fields: query acc.ver, subject acc.ver, % identity, alignment length, mismatches, gap opens, q. start, q. end, s. start, s. end, evalue, bit score
# 1 hits found
3304073_51_-	NZ_CP048852.1	85.542	83	12	0	1	83	3099307	3099389	1.10e-18	87.9
# BLASTN 2.13.0+
# Query: 3304025_71_+
# Database: B._tequilensis_NZ_CP048852.1.fasta
# Fields: query acc.ver, subject acc.ver, % identity, alignment length, mismatches, gap opens, q. start, q. end, s. start, s. end, evalue, bit score
# 1 hits found
3304025_71_+	NZ_CP048852.1	93.478	46	3	0	36	81	3099389	3099344	3.99e-13	69.4
# BLASTN 2.13.0+
# Query: 3306975_42_+
# Database: B._tequilensis_NZ_CP048852.1.fasta
# Fields: query acc.ver, subject acc.ver, % identity, alignment length, mismatches, gap opens, q. start, q. end, s. start, s. end, evalue, bit score
# 1 hits found
3306975_42_+	NZ_CP048852.1	97.000	100	3	0	1	100	3101927	3101828	3.82e-43	169
# BLASTN 2.13.0+
# Query: 3352251_61_+
# Database: B._tequilensis_NZ_CP048852.1.fasta
# 0 hits found
# BLASTN 2.13.0+
# Query: 3361729_38_+
# Database: B._tequilensis_NZ_CP048852.1.fasta
# Fields: query acc.ver, subject acc.ver, % identity, alignment length, mismatches, gap opens, q. start, q. end, s. start, s. end, evalue, bit score
# 1 hits found
3361729_38_+	NZ_CP048852.1	96.104	77	3	0	1	77	3173530	3173454	2.33e-30	126
# BLASTN 2.13.0+
# Query: 3384063_37_-
# Database: B._tequilensis_NZ_CP048852.1.fasta
# Fields: query acc.ver, subject acc.ver, % identity, alignment length, mismatches, gap opens, q. start, q. end, s. start, s. end, evalue, bit score
# 1 hits found
3384063_37_-	NZ_CP048852.1	86.667	60	6	2	2	61	3195683	3195740	5.16e-12	65.8
# BLASTN 2.13.0+
# Query: 3400487_50_+
# Database: B._tequilensis_NZ_CP048852.1.fasta
# Fields: query acc.ver, subject acc.ver, % identity, alignment length, mismatches, gap opens, q. start, q. end, s. start, s. end, evalue, bit score
# 1 hits found
3400487_50_+	NZ_CP048852.1	92.857	98	6	1	1	98	3213555	3213459	8.34e-35	141
# BLASTN 2.13.0+
# Query: 3415354_33_+
# Database: B._tequilensis_NZ_CP048852.1.fasta
# Fields: query acc.ver, subject acc.ver, % identity, alignment length, mismatches, gap opens, q. start, q. end, s. start, s. end, evalue, bit score
# 1 hits found
3415354_33_+	NZ_CP048852.1	81.818	99	16	2	4	100	3228419	3228321	5.13e-17	82.4
# BLASTN 2.13.0+
# Query: 3419619_37_+
# Database: B._tequilensis_NZ_CP048852.1.fasta
# Fields: query acc.ver, subject acc.ver, % identity, alignment length, mismatches, gap opens, q. start, q. end, s. start, s. end, evalue, bit score
# 1 hits found
3419619_37_+	NZ_CP048852.1	87.129	101	6	5	1	95	3232665	3232566	8.46e-25	108
# BLASTN 2.13.0+
# Query: 3428289_42_+
# Database: B._tequilensis_NZ_CP048852.1.fasta
# Fields: query acc.ver, subject acc.ver, % identity, alignment length, mismatches, gap opens, q. start, q. end, s. start, s. end, evalue, bit score
# 1 hits found
3428289_42_+	NZ_CP048852.1	90.000	100	10	0	1	100	3241322	3241223	1.80e-31	130
# BLASTN 2.13.0+
# Query: 3436807_42_+
# Database: B._tequilensis_NZ_CP048852.1.fasta
# Fields: query acc.ver, subject acc.ver, % identity, alignment length, mismatches, gap opens, q. start, q. end, s. start, s. end, evalue, bit score
# 1 hits found
3436807_42_+	NZ_CP048852.1	89.610	77	7	1	4	80	3249808	3249733	1.83e-21	97.1
# BLASTN 2.13.0+
# Query: 3441092_29_+
# Database: B._tequilensis_NZ_CP048852.1.fasta
# Fields: query acc.ver, subject acc.ver, % identity, alignment length, mismatches, gap opens, q. start, q. end, s. start, s. end, evalue, bit score
# 1 hits found
3441092_29_+	NZ_CP048852.1	89.000	100	11	0	1	100	3254087	3253988	8.40e-30	124
# BLASTN 2.13.0+
# Query: 3445440_35_-
# Database: B._tequilensis_NZ_CP048852.1.fasta
# Fields: query acc.ver, subject acc.ver, % identity, alignment length, mismatches, gap opens, q. start, q. end, s. start, s. end, evalue, bit score
# 1 hits found
3445440_35_-	NZ_CP048852.1	86.275	102	11	2	1	100	3258274	3258374	8.46e-25	108
# BLASTN 2.13.0+
# Query: 3455048_45_+
# Database: B._tequilensis_NZ_CP048852.1.fasta
# Fields: query acc.ver, subject acc.ver, % identity, alignment length, mismatches, gap opens, q. start, q. end, s. start, s. end, evalue, bit score
# 1 hits found
3455048_45_+	NZ_CP048852.1	96.000	100	4	0	1	100	3269694	3269595	1.78e-41	163
# BLASTN 2.13.0+
# Query: 3464095_28_-
# Database: B._tequilensis_NZ_CP048852.1.fasta
# Fields: query acc.ver, subject acc.ver, % identity, alignment length, mismatches, gap opens, q. start, q. end, s. start, s. end, evalue, bit score
# 1 hits found
3464095_28_-	NZ_CP048852.1	98.276	58	1	0	1	58	3278578	3278635	3.93e-23	102
# BLASTN 2.13.0+
# Query: 3464102_35_-
# Database: B._tequilensis_NZ_CP048852.1.fasta
# Fields: query acc.ver, subject acc.ver, % identity, alignment length, mismatches, gap opens, q. start, q. end, s. start, s. end, evalue, bit score
# 1 hits found
3464102_35_-	NZ_CP048852.1	98.039	51	1	0	1	51	3278585	3278635	3.06e-19	89.8
# BLASTN 2.13.0+
# Query: 3473283_43_-
# Database: B._tequilensis_NZ_CP048852.1.fasta
# 0 hits found
# BLASTN 2.13.0+
# Query: 3491284_38_+
# Database: B._tequilensis_NZ_CP048852.1.fasta
# Fields: query acc.ver, subject acc.ver, % identity, alignment length, mismatches, gap opens, q. start, q. end, s. start, s. end, evalue, bit score
# 1 hits found
3491284_38_+	NZ_CP048852.1	96.078	102	2	2	1	100	3312688	3312587	4.95e-42	165
# BLASTN 2.13.0+
# Query: 3501645_48_-
# Database: B._tequilensis_NZ_CP048852.1.fasta
# Fields: query acc.ver, subject acc.ver, % identity, alignment length, mismatches, gap opens, q. start, q. end, s. start, s. end, evalue, bit score
# 1 hits found
3501645_48_-	NZ_CP048852.1	90.000	50	4	1	1	49	3323949	3323998	1.86e-11	63.9
# BLASTN 2.13.0+
# Query: 3509748_83_+
# Database: B._tequilensis_NZ_CP048852.1.fasta
# Fields: query acc.ver, subject acc.ver, % identity, alignment length, mismatches, gap opens, q. start, q. end, s. start, s. end, evalue, bit score
# 1 hits found
3509748_83_+	NZ_CP048852.1	90.244	82	5	3	3	82	3329590	3329510	1.09e-23	104
# BLASTN 2.13.0+
# Query: 3545830_59_+
# Database: B._tequilensis_NZ_CP048852.1.fasta
# Fields: query acc.ver, subject acc.ver, % identity, alignment length, mismatches, gap opens, q. start, q. end, s. start, s. end, evalue, bit score
# 1 hits found
3545830_59_+	NZ_CP048852.1	95.050	101	2	3	1	100	3366423	3366325	2.98e-39	156
# BLASTN 2.13.0+
# Query: 3563578_35_-
# Database: B._tequilensis_NZ_CP048852.1.fasta
# Fields: query acc.ver, subject acc.ver, % identity, alignment length, mismatches, gap opens, q. start, q. end, s. start, s. end, evalue, bit score
# 1 hits found
3563578_35_-	NZ_CP048852.1	86.250	80	9	2	1	79	3384005	3384083	3.96e-18	86.1
# BLASTN 2.13.0+
# Query: 3574319_44_+
# Database: B._tequilensis_NZ_CP048852.1.fasta
# Fields: query acc.ver, subject acc.ver, % identity, alignment length, mismatches, gap opens, q. start, q. end, s. start, s. end, evalue, bit score
# 1 hits found
3574319_44_+	NZ_CP048852.1	91.667	84	5	1	19	100	3394906	3394823	5.05e-27	115
# BLASTN 2.13.0+
# Query: 3579635_44_+
# Database: B._tequilensis_NZ_CP048852.1.fasta
# Fields: query acc.ver, subject acc.ver, % identity, alignment length, mismatches, gap opens, q. start, q. end, s. start, s. end, evalue, bit score
# 1 hits found
3579635_44_+	NZ_CP048852.1	88.119	101	11	1	1	100	3400219	3400119	3.91e-28	119
# BLASTN 2.13.0+
# Query: 3609996_68_+
# Database: B._tequilensis_NZ_CP048852.1.fasta
# Fields: query acc.ver, subject acc.ver, % identity, alignment length, mismatches, gap opens, q. start, q. end, s. start, s. end, evalue, bit score
# 1 hits found
3609996_68_+	NZ_CP048852.1	87.778	90	7	4	1	87	3429618	3429530	3.93e-23	102
# BLASTN 2.13.0+
# Query: 3625698_43_+
# Database: B._tequilensis_NZ_CP048852.1.fasta
# Fields: query acc.ver, subject acc.ver, % identity, alignment length, mismatches, gap opens, q. start, q. end, s. start, s. end, evalue, bit score
# 1 hits found
3625698_43_+	NZ_CP048852.1	91.089	101	8	1	1	100	3445784	3445684	3.88e-33	135
# BLASTN 2.13.0+
# Query: 3637311_27_+
# Database: B._tequilensis_NZ_CP048852.1.fasta
# Fields: query acc.ver, subject acc.ver, % identity, alignment length, mismatches, gap opens, q. start, q. end, s. start, s. end, evalue, bit score
# 1 hits found
3637311_27_+	NZ_CP048852.1	95.000	100	5	0	1	100	3458693	3458594	8.28e-40	158
# BLASTN 2.13.0+
# Query: 3648618_37_-
# Database: B._tequilensis_NZ_CP048852.1.fasta
# Fields: query acc.ver, subject acc.ver, % identity, alignment length, mismatches, gap opens, q. start, q. end, s. start, s. end, evalue, bit score
# 1 hits found
3648618_37_-	NZ_CP048852.1	94.624	93	4	1	8	100	3469842	3469933	2.32e-35	143
# BLASTN 2.13.0+
# Query: 3676108_51_+
# Database: B._tequilensis_NZ_CP048852.1.fasta
# 0 hits found
# BLASTN 2.13.0+
# Query: 3683355_37_-
# Database: B._tequilensis_NZ_CP048852.1.fasta
# 0 hits found
# BLASTN 2.13.0+
# Query: 3687565_32_+
# Database: B._tequilensis_NZ_CP048852.1.fasta
# Fields: query acc.ver, subject acc.ver, % identity, alignment length, mismatches, gap opens, q. start, q. end, s. start, s. end, evalue, bit score
# 1 hits found
3687565_32_+	NZ_CP048852.1	87.879	99	11	1	1	98	3508439	3508341	5.05e-27	115
# BLASTN 2.13.0+
# Query: 3696255_32_-
# Database: B._tequilensis_NZ_CP048852.1.fasta
# Fields: query acc.ver, subject acc.ver, % identity, alignment length, mismatches, gap opens, q. start, q. end, s. start, s. end, evalue, bit score
# 1 hits found
3696255_32_-	NZ_CP048852.1	89.320	103	7	3	1	100	3516944	3517045	2.33e-30	126
# BLASTN 2.13.0+
# Query: 3708133_39_+
# Database: B._tequilensis_NZ_CP048852.1.fasta
# Fields: query acc.ver, subject acc.ver, % identity, alignment length, mismatches, gap opens, q. start, q. end, s. start, s. end, evalue, bit score
# 1 hits found
3708133_39_+	NZ_CP048852.1	80.392	102	16	4	1	99	3529013	3528913	8.58e-15	75.0
# BLASTN 2.13.0+
# Query: 3724386_34_+
# Database: B._tequilensis_NZ_CP048852.1.fasta
# Fields: query acc.ver, subject acc.ver, % identity, alignment length, mismatches, gap opens, q. start, q. end, s. start, s. end, evalue, bit score
# 1 hits found
3724386_34_+	NZ_CP048852.1	93.103	87	5	1	3	89	3545153	3545068	2.33e-30	126
# BLASTN 2.13.0+
# Query: 3731791_31_+
# Database: B._tequilensis_NZ_CP048852.1.fasta
# Fields: query acc.ver, subject acc.ver, % identity, alignment length, mismatches, gap opens, q. start, q. end, s. start, s. end, evalue, bit score
# 1 hits found
3731791_31_+	NZ_CP048852.1	90.099	101	8	2	1	100	3554125	3554026	1.80e-31	130
# BLASTN 2.13.0+
# Query: 3740111_95_+
# Database: B._tequilensis_NZ_CP048852.1.fasta
# Fields: query acc.ver, subject acc.ver, % identity, alignment length, mismatches, gap opens, q. start, q. end, s. start, s. end, evalue, bit score
# 1 hits found
3740111_95_+	NZ_CP048852.1	92.135	89	7	0	1	89	3562430	3562342	2.33e-30	126
# BLASTN 2.13.0+
# Query: 3743687_45_+
# Database: B._tequilensis_NZ_CP048852.1.fasta
# Fields: query acc.ver, subject acc.ver, % identity, alignment length, mismatches, gap opens, q. start, q. end, s. start, s. end, evalue, bit score
# 1 hits found
3743687_45_+	NZ_CP048852.1	90.909	99	8	1	1	99	3564789	3564692	5.02e-32	132
# BLASTN 2.13.0+
# Query: 3753897_36_+
# Database: B._tequilensis_NZ_CP048852.1.fasta
# Fields: query acc.ver, subject acc.ver, % identity, alignment length, mismatches, gap opens, q. start, q. end, s. start, s. end, evalue, bit score
# 1 hits found
3753897_36_+	NZ_CP048852.1	89.109	101	9	2	1	100	3575829	3575730	8.40e-30	124
# BLASTN 2.13.0+
# Query: 3761752_52_-
# Database: B._tequilensis_NZ_CP048852.1.fasta
# Fields: query acc.ver, subject acc.ver, % identity, alignment length, mismatches, gap opens, q. start, q. end, s. start, s. end, evalue, bit score
# 1 hits found
3761752_52_-	NZ_CP048852.1	100.000	31	0	0	1	31	3583517	3583547	8.64e-10	58.4
# BLASTN 2.13.0+
# Query: 3766156_22_+
# Database: B._tequilensis_NZ_CP048852.1.fasta
# Fields: query acc.ver, subject acc.ver, % identity, alignment length, mismatches, gap opens, q. start, q. end, s. start, s. end, evalue, bit score
# 1 hits found
3766156_22_+	NZ_CP048852.1	94.059	101	5	1	1	100	3594962	3594862	3.85e-38	152
# BLASTN 2.13.0+
# Query: 3772280_45_+
# Database: B._tequilensis_NZ_CP048852.1.fasta
# Fields: query acc.ver, subject acc.ver, % identity, alignment length, mismatches, gap opens, q. start, q. end, s. start, s. end, evalue, bit score
# 1 hits found
3772280_45_+	NZ_CP048852.1	90.909	88	6	2	3	89	3605083	3604997	1.41e-27	117
# BLASTN 2.13.0+
# Query: 3786553_67_+
# Database: B._tequilensis_NZ_CP048852.1.fasta
# Fields: query acc.ver, subject acc.ver, % identity, alignment length, mismatches, gap opens, q. start, q. end, s. start, s. end, evalue, bit score
# 1 hits found
3786553_67_+	NZ_CP048852.1	99.000	100	1	0	1	100	3619336	3619237	1.77e-46	180
# BLASTN 2.13.0+
# Query: 3789146_44_+
# Database: B._tequilensis_NZ_CP048852.1.fasta
# Fields: query acc.ver, subject acc.ver, % identity, alignment length, mismatches, gap opens, q. start, q. end, s. start, s. end, evalue, bit score
# 1 hits found
3789146_44_+	NZ_CP048852.1	91.919	99	7	1	2	100	3621925	3621828	1.08e-33	137
# BLASTN 2.13.0+
# Query: 3795869_16_-
# Database: B._tequilensis_NZ_CP048852.1.fasta
# Fields: query acc.ver, subject acc.ver, % identity, alignment length, mismatches, gap opens, q. start, q. end, s. start, s. end, evalue, bit score
# 1 hits found
3795869_16_-	NZ_CP048852.1	92.000	100	8	0	1	100	3628488	3628587	8.34e-35	141
# BLASTN 2.13.0+
# Query: 3802349_56_+
# Database: B._tequilensis_NZ_CP048852.1.fasta
# Fields: query acc.ver, subject acc.ver, % identity, alignment length, mismatches, gap opens, q. start, q. end, s. start, s. end, evalue, bit score
# 1 hits found
3802349_56_+	NZ_CP048852.1	89.796	98	9	1	2	99	3635133	3635037	8.40e-30	124
# BLASTN 2.13.0+
# Query: 3802350_55_+
# Database: B._tequilensis_NZ_CP048852.1.fasta
# Fields: query acc.ver, subject acc.ver, % identity, alignment length, mismatches, gap opens, q. start, q. end, s. start, s. end, evalue, bit score
# 1 hits found
3802350_55_+	NZ_CP048852.1	89.796	98	9	1	3	100	3635133	3635037	8.40e-30	124
# BLASTN 2.13.0+
# Query: 3805053_37_+
# Database: B._tequilensis_NZ_CP048852.1.fasta
# Fields: query acc.ver, subject acc.ver, % identity, alignment length, mismatches, gap opens, q. start, q. end, s. start, s. end, evalue, bit score
# 1 hits found
3805053_37_+	NZ_CP048852.1	90.000	100	9	1	1	100	3637838	3637740	6.49e-31	128
# BLASTN 2.13.0+
# Query: 3810692_81_-
# Database: B._tequilensis_NZ_CP048852.1.fasta
# Fields: query acc.ver, subject acc.ver, % identity, alignment length, mismatches, gap opens, q. start, q. end, s. start, s. end, evalue, bit score
# 1 hits found
3810692_81_-	NZ_CP048852.1	96.040	101	3	1	1	100	3643297	3643397	1.78e-41	163
# BLASTN 2.13.0+
# Query: 3810647_46_+
# Database: B._tequilensis_NZ_CP048852.1.fasta
# Fields: query acc.ver, subject acc.ver, % identity, alignment length, mismatches, gap opens, q. start, q. end, s. start, s. end, evalue, bit score
# 1 hits found
3810647_46_+	NZ_CP048852.1	97.917	96	1	1	3	97	3643416	3643321	4.95e-42	165
# BLASTN 2.13.0+
# Query: 3833606_44_+
# Database: B._tequilensis_NZ_CP048852.1.fasta
# Fields: query acc.ver, subject acc.ver, % identity, alignment length, mismatches, gap opens, q. start, q. end, s. start, s. end, evalue, bit score
# 1 hits found
3833606_44_+	NZ_CP048852.1	93.000	100	6	1	1	100	3664763	3664665	6.45e-36	145
# BLASTN 2.13.0+
# Query: 3848748_38_+
# Database: B._tequilensis_NZ_CP048852.1.fasta
# Fields: query acc.ver, subject acc.ver, % identity, alignment length, mismatches, gap opens, q. start, q. end, s. start, s. end, evalue, bit score
# 1 hits found
3848748_38_+	NZ_CP048852.1	96.000	100	4	0	1	100	3681962	3681863	1.78e-41	163
# BLASTN 2.13.0+
# Query: 3853711_37_-
# Database: B._tequilensis_NZ_CP048852.1.fasta
# Fields: query acc.ver, subject acc.ver, % identity, alignment length, mismatches, gap opens, q. start, q. end, s. start, s. end, evalue, bit score
# 1 hits found
3853711_37_-	NZ_CP048852.1	92.632	95	6	1	1	94	3687056	3687150	3.88e-33	135
# BLASTN 2.13.0+
# Query: 3858955_44_+
# Database: B._tequilensis_NZ_CP048852.1.fasta
# Fields: query acc.ver, subject acc.ver, % identity, alignment length, mismatches, gap opens, q. start, q. end, s. start, s. end, evalue, bit score
# 1 hits found
3858955_44_+	NZ_CP048852.1	90.291	103	7	1	1	100	3692463	3692361	5.02e-32	132
# BLASTN 2.13.0+
# Query: 3865308_47_+
# Database: B._tequilensis_NZ_CP048852.1.fasta
# Fields: query acc.ver, subject acc.ver, % identity, alignment length, mismatches, gap opens, q. start, q. end, s. start, s. end, evalue, bit score
# 1 hits found
3865308_47_+	NZ_CP048852.1	88.506	87	7	2	1	86	3698816	3698732	3.93e-23	102
# BLASTN 2.13.0+
# Query: 3878914_52_+
# Database: B._tequilensis_NZ_CP048852.1.fasta
# Fields: query acc.ver, subject acc.ver, % identity, alignment length, mismatches, gap opens, q. start, q. end, s. start, s. end, evalue, bit score
# 1 hits found
3878914_52_+	NZ_CP048852.1	87.931	58	7	0	1	58	3709278	3709221	3.99e-13	69.4
# BLASTN 2.13.0+
# Query: 3914277_38_+
# Database: B._tequilensis_NZ_CP048852.1.fasta
# Fields: query acc.ver, subject acc.ver, % identity, alignment length, mismatches, gap opens, q. start, q. end, s. start, s. end, evalue, bit score
# 1 hits found
3914277_38_+	NZ_CP048852.1	94.949	99	5	0	1	99	3736464	3736366	2.98e-39	156
# BLASTN 2.13.0+
# Query: 3935822_34_-
# Database: B._tequilensis_NZ_CP048852.1.fasta
# Fields: query acc.ver, subject acc.ver, % identity, alignment length, mismatches, gap opens, q. start, q. end, s. start, s. end, evalue, bit score
# 1 hits found
3935822_34_-	NZ_CP048852.1	91.919	99	7	1	2	100	3757641	3757738	1.08e-33	137
# BLASTN 2.13.0+
# Query: 3983186_13_-
# Database: B._tequilensis_NZ_CP048852.1.fasta
# Fields: query acc.ver, subject acc.ver, % identity, alignment length, mismatches, gap opens, q. start, q. end, s. start, s. end, evalue, bit score
# 1 hits found
3983186_13_-	NZ_CP048852.1	90.385	52	4	1	49	100	3804492	3804542	1.44e-12	67.6
# BLASTN 2.13.0+
# Query: 3989875_73_+
# Database: B._tequilensis_NZ_CP048852.1.fasta
# 0 hits found
# BLASTN 2.13.0+
# Query: 3989912_36_+
# Database: B._tequilensis_NZ_CP048852.1.fasta
# Fields: query acc.ver, subject acc.ver, % identity, alignment length, mismatches, gap opens, q. start, q. end, s. start, s. end, evalue, bit score
# 1 hits found
3989912_36_+	NZ_CP048852.1	100.000	40	0	0	1	40	3811539	3811500	8.58e-15	75.0
# BLASTN 2.13.0+
# Query: 4005716_91_-
# Database: B._tequilensis_NZ_CP048852.1.fasta
# Fields: query acc.ver, subject acc.ver, % identity, alignment length, mismatches, gap opens, q. start, q. end, s. start, s. end, evalue, bit score
# 1 hits found
4005716_91_-	NZ_CP048852.1	94.898	98	4	1	1	98	3825671	3825767	3.85e-38	152
# BLASTN 2.13.0+
# Query: 4042009_71_-
# Database: B._tequilensis_NZ_CP048852.1.fasta
# 0 hits found
# BLASTN 2.13.0+
# Query: 4068183_35_-
# Database: B._tequilensis_NZ_CP048852.1.fasta
# Fields: query acc.ver, subject acc.ver, % identity, alignment length, mismatches, gap opens, q. start, q. end, s. start, s. end, evalue, bit score
# 1 hits found
4068183_35_-	NZ_CP048852.1	96.104	77	2	1	1	77	3890255	3890330	8.40e-30	124
# BLASTN 2.13.0+
# Query: 4074839_57_+
# Database: B._tequilensis_NZ_CP048852.1.fasta
# 0 hits found
# BLASTN 2.13.0+
# Query: 4086578_38_-
# Database: B._tequilensis_NZ_CP048852.1.fasta
# Fields: query acc.ver, subject acc.ver, % identity, alignment length, mismatches, gap opens, q. start, q. end, s. start, s. end, evalue, bit score
# 1 hits found
4086578_38_-	NZ_CP048852.1	91.398	93	3	3	1	89	3894063	3894154	3.02e-29	122
# BLASTN 2.13.0+
# Query: 4109138_47_+
# Database: B._tequilensis_NZ_CP048852.1.fasta
# Fields: query acc.ver, subject acc.ver, % identity, alignment length, mismatches, gap opens, q. start, q. end, s. start, s. end, evalue, bit score
# 1 hits found
4109138_47_+	NZ_CP048852.1	87.629	97	6	3	6	100	3910708	3910616	8.46e-25	108
# BLASTN 2.13.0+
# Query: 4154975_78_+
# Database: B._tequilensis_NZ_CP048852.1.fasta
# Fields: query acc.ver, subject acc.ver, % identity, alignment length, mismatches, gap opens, q. start, q. end, s. start, s. end, evalue, bit score
# 1 hits found
4154975_78_+	NZ_CP048852.1	99.010	101	0	1	1	100	3951762	3951662	1.77e-46	180
# BLASTN 2.13.0+
# Query: 4173636_85_-
# Database: B._tequilensis_NZ_CP048852.1.fasta
# 0 hits found
# BLASTN 2.13.0+
# Query: 4187252_78_-
# Database: B._tequilensis_NZ_CP048852.1.fasta
# Fields: query acc.ver, subject acc.ver, % identity, alignment length, mismatches, gap opens, q. start, q. end, s. start, s. end, evalue, bit score
# 1 hits found
4187252_78_-	NZ_CP048852.1	92.308	52	1	2	49	100	3059356	3059308	1.11e-13	71.3
# BLASTN 2.13.0+
# Query: 4198556_47_+
# Database: B._tequilensis_NZ_CP048852.1.fasta
# Fields: query acc.ver, subject acc.ver, % identity, alignment length, mismatches, gap opens, q. start, q. end, s. start, s. end, evalue, bit score
# 1 hits found
4198556_47_+	NZ_CP048852.1	96.667	90	3	0	1	90	3994966	3994877	1.39e-37	150
# BLAST processed 260 queries
