# BLASTN 2.13.0+
# Query: 1004944_110_-
# Database: B._velezensis_NZ_CP009679.1.fasta
# Fields: query acc.ver, subject acc.ver, % identity, alignment length, mismatches, gap opens, q. start, q. end, s. start, s. end, evalue, bit score
# 1 hits found
1004944_110_-	NZ_CP009679.1	93.069	101	3	3	1	100	926424	926521	6.44e-36	145
# BLASTN 2.13.0+
# Query: 1008561_42_-
# Database: B._velezensis_NZ_CP009679.1.fasta
# 0 hits found
# BLASTN 2.13.0+
# Query: 1035272_45_-
# Database: B._velezensis_NZ_CP009679.1.fasta
# 0 hits found
# BLASTN 2.13.0+
# Query: 1040061_37_-
# Database: B._velezensis_NZ_CP009679.1.fasta
# 0 hits found
# BLASTN 2.13.0+
# Query: 1055135_36_-
# Database: B._velezensis_NZ_CP009679.1.fasta
# Fields: query acc.ver, subject acc.ver, % identity, alignment length, mismatches, gap opens, q. start, q. end, s. start, s. end, evalue, bit score
# 1 hits found
1055135_36_-	NZ_CP009679.1	91.176	34	3	0	1	34	974182	974215	1.87e-06	47.3
# BLASTN 2.13.0+
# Query: 1070325_39_+
# Database: B._velezensis_NZ_CP009679.1.fasta
# Fields: query acc.ver, subject acc.ver, % identity, alignment length, mismatches, gap opens, q. start, q. end, s. start, s. end, evalue, bit score
# 1 hits found
1070325_39_+	NZ_CP009679.1	85.000	60	3	4	44	100	990816	990760	3.10e-09	56.5
# BLASTN 2.13.0+
# Query: 1074602_44_+
# Database: B._velezensis_NZ_CP009679.1.fasta
# 0 hits found
# BLASTN 2.13.0+
# Query: 2905532_39_+
# Database: B._velezensis_NZ_CP009679.1.fasta
# Fields: query acc.ver, subject acc.ver, % identity, alignment length, mismatches, gap opens, q. start, q. end, s. start, s. end, evalue, bit score
# 1 hits found
2905532_39_+	NZ_CP009679.1	90.588	85	3	3	4	83	2725722	2725638	8.44e-25	108
# BLASTN 2.13.0+
# Query: 1083202_27_+
# Database: B._velezensis_NZ_CP009679.1.fasta
# 0 hits found
# BLASTN 2.13.0+
# Query: 1098079_41_+
# Database: B._velezensis_NZ_CP009679.1.fasta
# 0 hits found
# BLASTN 2.13.0+
# Query: 1107559_43_-
# Database: B._velezensis_NZ_CP009679.1.fasta
# 0 hits found
# BLASTN 2.13.0+
# Query: 1124994_29_-
# Database: B._velezensis_NZ_CP009679.1.fasta
# Fields: query acc.ver, subject acc.ver, % identity, alignment length, mismatches, gap opens, q. start, q. end, s. start, s. end, evalue, bit score
# 1 hits found
1124994_29_-	NZ_CP009679.1	86.486	37	3	2	46	81	1043758	1043793	3.12e-04	39.9
# BLASTN 2.13.0+
# Query: 1153665_44_-
# Database: B._velezensis_NZ_CP009679.1.fasta
# 0 hits found
# BLASTN 2.13.0+
# Query: 1165429_20_+
# Database: B._velezensis_NZ_CP009679.1.fasta
# 0 hits found
# BLASTN 2.13.0+
# Query: 1182442_47_-
# Database: B._velezensis_NZ_CP009679.1.fasta
# 0 hits found
# BLASTN 2.13.0+
# Query: 1204688_43_+
# Database: B._velezensis_NZ_CP009679.1.fasta
# Fields: query acc.ver, subject acc.ver, % identity, alignment length, mismatches, gap opens, q. start, q. end, s. start, s. end, evalue, bit score
# 1 hits found
1204688_43_+	NZ_CP009679.1	94.286	35	1	1	48	81	2250161	2250195	4.01e-08	52.8
# BLASTN 2.13.0+
# Query: 1372590_37_-
# Database: B._velezensis_NZ_CP009679.1.fasta
# Fields: query acc.ver, subject acc.ver, % identity, alignment length, mismatches, gap opens, q. start, q. end, s. start, s. end, evalue, bit score
# 1 hits found
1372590_37_-	NZ_CP009679.1	90.909	33	2	1	52	83	2250192	2250160	2.42e-05	43.6
# BLASTN 2.13.0+
# Query: 1219137_27_+
# Database: B._velezensis_NZ_CP009679.1.fasta
# Fields: query acc.ver, subject acc.ver, % identity, alignment length, mismatches, gap opens, q. start, q. end, s. start, s. end, evalue, bit score
# 1 hits found
1219137_27_+	NZ_CP009679.1	91.837	98	7	1	4	100	1114940	1114843	3.87e-33	135
# BLASTN 2.13.0+
# Query: 1233579_35_+
# Database: B._velezensis_NZ_CP009679.1.fasta
# 0 hits found
# BLASTN 2.13.0+
# Query: 1248607_43_-
# Database: B._velezensis_NZ_CP009679.1.fasta
# Fields: query acc.ver, subject acc.ver, % identity, alignment length, mismatches, gap opens, q. start, q. end, s. start, s. end, evalue, bit score
# 1 hits found
1248607_43_-	NZ_CP009679.1	78.571	98	12	6	1	98	1144087	1144175	3.10e-09	56.5
# BLASTN 2.13.0+
# Query: 1262894_33_-
# Database: B._velezensis_NZ_CP009679.1.fasta
# Fields: query acc.ver, subject acc.ver, % identity, alignment length, mismatches, gap opens, q. start, q. end, s. start, s. end, evalue, bit score
# 1 hits found
1262894_33_-	NZ_CP009679.1	91.753	97	8	0	4	100	687142	687238	3.87e-33	135
# BLASTN 2.13.0+
# Query: 1265471_94_-
# Database: B._velezensis_NZ_CP009679.1.fasta
# Fields: query acc.ver, subject acc.ver, % identity, alignment length, mismatches, gap opens, q. start, q. end, s. start, s. end, evalue, bit score
# 1 hits found
1265471_94_-	NZ_CP009679.1	84.524	84	12	1	2	85	1165223	1165305	5.12e-17	82.4
# BLASTN 2.13.0+
# Query: 1272604_27_-
# Database: B._velezensis_NZ_CP009679.1.fasta
# Fields: query acc.ver, subject acc.ver, % identity, alignment length, mismatches, gap opens, q. start, q. end, s. start, s. end, evalue, bit score
# 1 hits found
1272604_27_-	NZ_CP009679.1	81.818	99	14	3	6	100	2586414	2586316	1.84e-16	80.5
# BLASTN 2.13.0+
# Query: 1289988_49_-
# Database: B._velezensis_NZ_CP009679.1.fasta
# 0 hits found
# BLASTN 2.13.0+
# Query: 1294993_43_-
# Database: B._velezensis_NZ_CP009679.1.fasta
# 0 hits found
# BLASTN 2.13.0+
# Query: 1300317_65_-
# Database: B._velezensis_NZ_CP009679.1.fasta
# 0 hits found
# BLASTN 2.13.0+
# Query: 1313795_45_+
# Database: B._velezensis_NZ_CP009679.1.fasta
# 0 hits found
# BLASTN 2.13.0+
# Query: 1320566_40_-
# Database: B._velezensis_NZ_CP009679.1.fasta
# 0 hits found
# BLASTN 2.13.0+
# Query: 1334297_50_-
# Database: B._velezensis_NZ_CP009679.1.fasta
# 0 hits found
# BLASTN 2.13.0+
# Query: 1349432_36_+
# Database: B._velezensis_NZ_CP009679.1.fasta
# Fields: query acc.ver, subject acc.ver, % identity, alignment length, mismatches, gap opens, q. start, q. end, s. start, s. end, evalue, bit score
# 1 hits found
1349432_36_+	NZ_CP009679.1	76.289	97	15	8	4	98	1240437	1240347	6.71e-06	45.4
# BLASTN 2.13.0+
# Query: 1354072_42_-
# Database: B._velezensis_NZ_CP009679.1.fasta
# 0 hits found
# BLASTN 2.13.0+
# Query: 1360294_22_-
# Database: B._velezensis_NZ_CP009679.1.fasta
# 0 hits found
# BLASTN 2.13.0+
# Query: 1376475_36_-
# Database: B._velezensis_NZ_CP009679.1.fasta
# Fields: query acc.ver, subject acc.ver, % identity, alignment length, mismatches, gap opens, q. start, q. end, s. start, s. end, evalue, bit score
# 1 hits found
1376475_36_-	NZ_CP009679.1	95.775	71	3	0	12	82	1264754	1264824	5.05e-27	115
# BLASTN 2.13.0+
# Query: 1378467_24_-
# Database: B._velezensis_NZ_CP009679.1.fasta
# Fields: query acc.ver, subject acc.ver, % identity, alignment length, mismatches, gap opens, q. start, q. end, s. start, s. end, evalue, bit score
# 1 hits found
1378467_24_-	NZ_CP009679.1	85.714	98	10	4	3	98	1266728	1266823	1.41e-22	100
# BLASTN 2.13.0+
# Query: 1381405_29_+
# Database: B._velezensis_NZ_CP009679.1.fasta
# 0 hits found
# BLASTN 2.13.0+
# Query: 1391672_67_+
# Database: B._velezensis_NZ_CP009679.1.fasta
# Fields: query acc.ver, subject acc.ver, % identity, alignment length, mismatches, gap opens, q. start, q. end, s. start, s. end, evalue, bit score
# 1 hits found
1391672_67_+	NZ_CP009679.1	94.444	36	1	1	53	88	1285541	1285507	1.12e-08	54.7
# BLASTN 2.13.0+
# Query: 1397407_39_-
# Database: B._velezensis_NZ_CP009679.1.fasta
# Fields: query acc.ver, subject acc.ver, % identity, alignment length, mismatches, gap opens, q. start, q. end, s. start, s. end, evalue, bit score
# 1 hits found
1397407_39_-	NZ_CP009679.1	77.551	98	15	5	1	98	1289147	1289237	4.01e-08	52.8
# BLASTN 2.13.0+
# Query: 1397369_42_+
# Database: B._velezensis_NZ_CP009679.1.fasta
# Fields: query acc.ver, subject acc.ver, % identity, alignment length, mismatches, gap opens, q. start, q. end, s. start, s. end, evalue, bit score
# 1 hits found
1397369_42_+	NZ_CP009679.1	82.432	74	10	3	7	80	1289261	1289191	6.67e-11	62.1
# BLASTN 2.13.0+
# Query: 1414089_36_+
# Database: B._velezensis_NZ_CP009679.1.fasta
# 0 hits found
# BLASTN 2.13.0+
# Query: 1417448_32_-
# Database: B._velezensis_NZ_CP009679.1.fasta
# Fields: query acc.ver, subject acc.ver, % identity, alignment length, mismatches, gap opens, q. start, q. end, s. start, s. end, evalue, bit score
# 1 hits found
1417448_32_-	NZ_CP009679.1	93.617	47	3	0	1	47	1302197	1302243	1.11e-13	71.3
# BLASTN 2.13.0+
# Query: 1545756_64_+
# Database: B._velezensis_NZ_CP009679.1.fasta
# 0 hits found
# BLASTN 2.13.0+
# Query: 1435591_37_+
# Database: B._velezensis_NZ_CP009679.1.fasta
# 0 hits found
# BLASTN 2.13.0+
# Query: 1448234_27_-
# Database: B._velezensis_NZ_CP009679.1.fasta
# Fields: query acc.ver, subject acc.ver, % identity, alignment length, mismatches, gap opens, q. start, q. end, s. start, s. end, evalue, bit score
# 1 hits found
1448234_27_-	NZ_CP009679.1	83.333	84	14	0	1	84	1330758	1330841	6.62e-16	78.7
# BLASTN 2.13.0+
# Query: 1469902_40_-
# Database: B._velezensis_NZ_CP009679.1.fasta
# 0 hits found
# BLASTN 2.13.0+
# Query: 1475100_50_+
# Database: B._velezensis_NZ_CP009679.1.fasta
# Fields: query acc.ver, subject acc.ver, % identity, alignment length, mismatches, gap opens, q. start, q. end, s. start, s. end, evalue, bit score
# 1 hits found
1475100_50_+	NZ_CP009679.1	77.660	94	18	3	8	100	1358035	1357944	1.12e-08	54.7
# BLASTN 2.13.0+
# Query: 1483492_21_-
# Database: B._velezensis_NZ_CP009679.1.fasta
# Fields: query acc.ver, subject acc.ver, % identity, alignment length, mismatches, gap opens, q. start, q. end, s. start, s. end, evalue, bit score
# 1 hits found
1483492_21_-	NZ_CP009679.1	79.412	102	15	4	3	99	1363683	1363783	1.43e-12	67.6
# BLASTN 2.13.0+
# Query: 2982572_31_+
# Database: B._velezensis_NZ_CP009679.1.fasta
# Fields: query acc.ver, subject acc.ver, % identity, alignment length, mismatches, gap opens, q. start, q. end, s. start, s. end, evalue, bit score
# 1 hits found
2982572_31_+	NZ_CP009679.1	83.333	66	7	3	21	83	2805680	2805616	8.62e-10	58.4
# BLASTN 2.13.0+
# Query: 1488906_38_-
# Database: B._velezensis_NZ_CP009679.1.fasta
# Fields: query acc.ver, subject acc.ver, % identity, alignment length, mismatches, gap opens, q. start, q. end, s. start, s. end, evalue, bit score
# 1 hits found
1488906_38_-	NZ_CP009679.1	94.286	35	0	2	66	99	1368955	1368988	4.01e-08	52.8
# BLASTN 2.13.0+
# Query: 1491217_33_-
# Database: B._velezensis_NZ_CP009679.1.fasta
# Fields: query acc.ver, subject acc.ver, % identity, alignment length, mismatches, gap opens, q. start, q. end, s. start, s. end, evalue, bit score
# 1 hits found
1491217_33_-	NZ_CP009679.1	75.862	87	18	3	3	87	1371202	1371287	8.69e-05	41.7
# BLASTN 2.13.0+
# Query: 1507324_26_-
# Database: B._velezensis_NZ_CP009679.1.fasta
# 0 hits found
# BLASTN 2.13.0+
# Query: 1516297_42_+
# Database: B._velezensis_NZ_CP009679.1.fasta
# 0 hits found
# BLASTN 2.13.0+
# Query: 1538710_18_-
# Database: B._velezensis_NZ_CP009679.1.fasta
# 0 hits found
# BLASTN 2.13.0+
# Query: 1544933_37_-
# Database: B._velezensis_NZ_CP009679.1.fasta
# Fields: query acc.ver, subject acc.ver, % identity, alignment length, mismatches, gap opens, q. start, q. end, s. start, s. end, evalue, bit score
# 1 hits found
1544933_37_-	NZ_CP009679.1	87.179	39	4	1	17	55	1473966	1474003	2.42e-05	43.6
# BLASTN 2.13.0+
# Query: 1557670_39_-
# Database: B._velezensis_NZ_CP009679.1.fasta
# 0 hits found
# BLASTN 2.13.0+
# Query: 1576019_36_-
# Database: B._velezensis_NZ_CP009679.1.fasta
# Fields: query acc.ver, subject acc.ver, % identity, alignment length, mismatches, gap opens, q. start, q. end, s. start, s. end, evalue, bit score
# 1 hits found
1576019_36_-	NZ_CP009679.1	93.878	49	3	0	1	49	1504604	1504652	8.56e-15	75.0
# BLASTN 2.13.0+
# Query: 1580036_41_-
# Database: B._velezensis_NZ_CP009679.1.fasta
# Fields: query acc.ver, subject acc.ver, % identity, alignment length, mismatches, gap opens, q. start, q. end, s. start, s. end, evalue, bit score
# 1 hits found
1580036_41_-	NZ_CP009679.1	95.000	100	5	0	1	100	1508616	1508715	8.27e-40	158
# BLASTN 2.13.0+
# Query: 1586171_17_-
# Database: B._velezensis_NZ_CP009679.1.fasta
# Fields: query acc.ver, subject acc.ver, % identity, alignment length, mismatches, gap opens, q. start, q. end, s. start, s. end, evalue, bit score
# 1 hits found
1586171_17_-	NZ_CP009679.1	80.000	80	14	2	1	78	1514752	1514831	8.62e-10	58.4
# BLASTN 2.13.0+
# Query: 1593653_79_-
# Database: B._velezensis_NZ_CP009679.1.fasta
# Fields: query acc.ver, subject acc.ver, % identity, alignment length, mismatches, gap opens, q. start, q. end, s. start, s. end, evalue, bit score
# 1 hits found
1593653_79_-	NZ_CP009679.1	83.333	66	10	1	27	91	1522229	1522294	2.40e-10	60.2
# BLASTN 2.13.0+
# Query: 1611637_44_-
# Database: B._velezensis_NZ_CP009679.1.fasta
# Fields: query acc.ver, subject acc.ver, % identity, alignment length, mismatches, gap opens, q. start, q. end, s. start, s. end, evalue, bit score
# 1 hits found
1611637_44_-	NZ_CP009679.1	92.063	63	5	0	35	97	1538713	1538775	3.06e-19	89.8
# BLASTN 2.13.0+
# Query: 1642810_40_-
# Database: B._velezensis_NZ_CP009679.1.fasta
# Fields: query acc.ver, subject acc.ver, % identity, alignment length, mismatches, gap opens, q. start, q. end, s. start, s. end, evalue, bit score
# 1 hits found
1642810_40_-	NZ_CP009679.1	85.870	92	11	2	1	90	1570159	1570250	1.83e-21	97.1
# BLASTN 2.13.0+
# Query: 1658129_26_-
# Database: B._velezensis_NZ_CP009679.1.fasta
# Fields: query acc.ver, subject acc.ver, % identity, alignment length, mismatches, gap opens, q. start, q. end, s. start, s. end, evalue, bit score
# 1 hits found
1658129_26_-	NZ_CP009679.1	83.333	90	13	2	1	88	1585465	1585554	5.12e-17	82.4
# BLASTN 2.13.0+
# Query: 1666489_30_-
# Database: B._velezensis_NZ_CP009679.1.fasta
# Fields: query acc.ver, subject acc.ver, % identity, alignment length, mismatches, gap opens, q. start, q. end, s. start, s. end, evalue, bit score
# 1 hits found
1666489_30_-	NZ_CP009679.1	85.714	91	11	2	3	92	1593821	1593910	6.57e-21	95.3
# BLASTN 2.13.0+
# Query: 1676435_46_-
# Database: B._velezensis_NZ_CP009679.1.fasta
# Fields: query acc.ver, subject acc.ver, % identity, alignment length, mismatches, gap opens, q. start, q. end, s. start, s. end, evalue, bit score
# 1 hits found
1676435_46_-	NZ_CP009679.1	93.069	101	6	1	1	100	1604013	1604113	1.79e-36	147
# BLASTN 2.13.0+
# Query: 1690932_34_-
# Database: B._velezensis_NZ_CP009679.1.fasta
# Fields: query acc.ver, subject acc.ver, % identity, alignment length, mismatches, gap opens, q. start, q. end, s. start, s. end, evalue, bit score
# 1 hits found
1690932_34_-	NZ_CP009679.1	89.583	48	5	0	2	49	1618472	1618519	6.67e-11	62.1
# BLASTN 2.13.0+
# Query: 1719729_73_-
# Database: B._velezensis_NZ_CP009679.1.fasta
# Fields: query acc.ver, subject acc.ver, % identity, alignment length, mismatches, gap opens, q. start, q. end, s. start, s. end, evalue, bit score
# 1 hits found
1719729_73_-	NZ_CP009679.1	86.000	100	14	0	1	100	1647064	1647163	8.44e-25	108
# BLASTN 2.13.0+
# Query: 1727102_78_-
# Database: B._velezensis_NZ_CP009679.1.fasta
# Fields: query acc.ver, subject acc.ver, % identity, alignment length, mismatches, gap opens, q. start, q. end, s. start, s. end, evalue, bit score
# 1 hits found
1727102_78_-	NZ_CP009679.1	86.538	104	9	3	1	100	1654414	1654516	2.35e-25	110
# BLASTN 2.13.0+
# Query: 1741541_41_-
# Database: B._velezensis_NZ_CP009679.1.fasta
# Fields: query acc.ver, subject acc.ver, % identity, alignment length, mismatches, gap opens, q. start, q. end, s. start, s. end, evalue, bit score
# 1 hits found
1741541_41_-	NZ_CP009679.1	89.474	95	3	3	1	88	1668779	1668873	1.81e-26	113
# BLASTN 2.13.0+
# Query: 1749303_63_-
# Database: B._velezensis_NZ_CP009679.1.fasta
# Fields: query acc.ver, subject acc.ver, % identity, alignment length, mismatches, gap opens, q. start, q. end, s. start, s. end, evalue, bit score
# 1 hits found
1749303_63_-	NZ_CP009679.1	85.567	97	11	3	6	100	1676504	1676599	5.08e-22	99.0
# BLASTN 2.13.0+
# Query: 1755541_31_-
# Database: B._velezensis_NZ_CP009679.1.fasta
# Fields: query acc.ver, subject acc.ver, % identity, alignment length, mismatches, gap opens, q. start, q. end, s. start, s. end, evalue, bit score
# 1 hits found
1755541_31_-	NZ_CP009679.1	79.775	89	14	3	1	88	1682717	1682802	6.67e-11	62.1
# BLASTN 2.13.0+
# Query: 1760749_28_-
# Database: B._velezensis_NZ_CP009679.1.fasta
# Fields: query acc.ver, subject acc.ver, % identity, alignment length, mismatches, gap opens, q. start, q. end, s. start, s. end, evalue, bit score
# 1 hits found
1760749_28_-	NZ_CP009679.1	88.542	96	7	4	1	95	1691572	1691664	1.81e-26	113
# BLASTN 2.13.0+
# Query: 1760750_29_-
# Database: B._velezensis_NZ_CP009679.1.fasta
# Fields: query acc.ver, subject acc.ver, % identity, alignment length, mismatches, gap opens, q. start, q. end, s. start, s. end, evalue, bit score
# 1 hits found
1760750_29_-	NZ_CP009679.1	89.247	93	6	4	3	94	1691575	1691664	1.81e-26	113
# BLASTN 2.13.0+
# Query: 1765748_57_-
# Database: B._velezensis_NZ_CP009679.1.fasta
# 0 hits found
# BLASTN 2.13.0+
# Query: 1772720_25_-
# Database: B._velezensis_NZ_CP009679.1.fasta
# 0 hits found
# BLASTN 2.13.0+
# Query: 1780265_45_-
# Database: B._velezensis_NZ_CP009679.1.fasta
# Fields: query acc.ver, subject acc.ver, % identity, alignment length, mismatches, gap opens, q. start, q. end, s. start, s. end, evalue, bit score
# 1 hits found
1780265_45_-	NZ_CP009679.1	88.889	36	4	0	3	38	1711072	1711107	6.71e-06	45.4
# BLASTN 2.13.0+
# Query: 1858525_41_+
# Database: B._velezensis_NZ_CP009679.1.fasta
# 0 hits found
# BLASTN 2.13.0+
# Query: 1872094_16_-
# Database: B._velezensis_NZ_CP009679.1.fasta
# Fields: query acc.ver, subject acc.ver, % identity, alignment length, mismatches, gap opens, q. start, q. end, s. start, s. end, evalue, bit score
# 1 hits found
1872094_16_-	NZ_CP009679.1	82.609	92	9	3	1	89	1801125	1801212	8.56e-15	75.0
# BLASTN 2.13.0+
# Query: 1879799_40_-
# Database: B._velezensis_NZ_CP009679.1.fasta
# Fields: query acc.ver, subject acc.ver, % identity, alignment length, mismatches, gap opens, q. start, q. end, s. start, s. end, evalue, bit score
# 1 hits found
1879799_40_-	NZ_CP009679.1	91.566	83	7	0	2	84	1808482	1808564	5.05e-27	115
# BLASTN 2.13.0+
# Query: 1879800_41_-
# Database: B._velezensis_NZ_CP009679.1.fasta
# Fields: query acc.ver, subject acc.ver, % identity, alignment length, mismatches, gap opens, q. start, q. end, s. start, s. end, evalue, bit score
# 1 hits found
1879800_41_-	NZ_CP009679.1	91.566	83	7	0	1	83	1808482	1808564	5.05e-27	115
# BLASTN 2.13.0+
# Query: 1903070_12_-
# Database: B._velezensis_NZ_CP009679.1.fasta
# 0 hits found
# BLASTN 2.13.0+
# Query: 1917615_35_-
# Database: B._velezensis_NZ_CP009679.1.fasta
# 0 hits found
# BLASTN 2.13.0+
# Query: 1925606_49_+
# Database: B._velezensis_NZ_CP009679.1.fasta
# Fields: query acc.ver, subject acc.ver, % identity, alignment length, mismatches, gap opens, q. start, q. end, s. start, s. end, evalue, bit score
# 1 hits found
1925606_49_+	NZ_CP009679.1	79.012	81	9	6	6	84	1857662	1857588	5.19e-07	49.1
# BLASTN 2.13.0+
# Query: 1930006_13_-
# Database: B._velezensis_NZ_CP009679.1.fasta
# Fields: query acc.ver, subject acc.ver, % identity, alignment length, mismatches, gap opens, q. start, q. end, s. start, s. end, evalue, bit score
# 1 hits found
1930006_13_-	NZ_CP009679.1	87.879	66	6	1	20	83	1861902	1861967	2.38e-15	76.8
# BLASTN 2.13.0+
# Query: 1937905_37_-
# Database: B._velezensis_NZ_CP009679.1.fasta
# 0 hits found
# BLASTN 2.13.0+
# Query: 2004233_29_+
# Database: B._velezensis_NZ_CP009679.1.fasta
# Fields: query acc.ver, subject acc.ver, % identity, alignment length, mismatches, gap opens, q. start, q. end, s. start, s. end, evalue, bit score
# 1 hits found
2004233_29_+	NZ_CP009679.1	85.556	90	12	1	8	97	1997095	1997007	2.36e-20	93.5
# BLASTN 2.13.0+
# Query: 2025077_83_+
# Database: B._velezensis_NZ_CP009679.1.fasta
# Fields: query acc.ver, subject acc.ver, % identity, alignment length, mismatches, gap opens, q. start, q. end, s. start, s. end, evalue, bit score
# 1 hits found
2025077_83_+	NZ_CP009679.1	90.000	50	2	2	45	92	2019682	2019634	6.67e-11	62.1
# BLASTN 2.13.0+
# Query: 2049532_79_-
# Database: B._velezensis_NZ_CP009679.1.fasta
# 0 hits found
# BLASTN 2.13.0+
# Query: 2055833_35_+
# Database: B._velezensis_NZ_CP009679.1.fasta
# 0 hits found
# BLASTN 2.13.0+
# Query: 2069725_7_+
# Database: B._velezensis_NZ_CP009679.1.fasta
# Fields: query acc.ver, subject acc.ver, % identity, alignment length, mismatches, gap opens, q. start, q. end, s. start, s. end, evalue, bit score
# 1 hits found
2069725_7_+	NZ_CP009679.1	93.069	101	6	1	1	100	2119477	2119377	1.79e-36	147
# BLASTN 2.13.0+
# Query: 2073617_41_+
# Database: B._velezensis_NZ_CP009679.1.fasta
# 0 hits found
# BLASTN 2.13.0+
# Query: 2277481_40_+
# Database: B._velezensis_NZ_CP009679.1.fasta
# 0 hits found
# BLASTN 2.13.0+
# Query: 2086031_51_-
# Database: B._velezensis_NZ_CP009679.1.fasta
# Fields: query acc.ver, subject acc.ver, % identity, alignment length, mismatches, gap opens, q. start, q. end, s. start, s. end, evalue, bit score
# 1 hits found
2086031_51_-	NZ_CP009679.1	85.366	41	3	3	53	93	3583033	3583070	3.12e-04	39.9
# BLASTN 2.13.0+
# Query: 2092848_51_+
# Database: B._velezensis_NZ_CP009679.1.fasta
# 0 hits found
# BLASTN 2.13.0+
# Query: 2100069_78_+
# Database: B._velezensis_NZ_CP009679.1.fasta
# 0 hits found
# BLASTN 2.13.0+
# Query: 2107462_43_+
# Database: B._velezensis_NZ_CP009679.1.fasta
# 0 hits found
# BLASTN 2.13.0+
# Query: 2117010_41_+
# Database: B._velezensis_NZ_CP009679.1.fasta
# 0 hits found
# BLASTN 2.13.0+
# Query: 2134525_41_+
# Database: B._velezensis_NZ_CP009679.1.fasta
# Fields: query acc.ver, subject acc.ver, % identity, alignment length, mismatches, gap opens, q. start, q. end, s. start, s. end, evalue, bit score
# 1 hits found
2134525_41_+	NZ_CP009679.1	78.750	80	13	4	2	78	2079536	2079458	1.44e-07	51.0
# BLASTN 2.13.0+
# Query: 2136500_38_+
# Database: B._velezensis_NZ_CP009679.1.fasta
# 0 hits found
# BLASTN 2.13.0+
# Query: 2204028_25_-
# Database: B._velezensis_NZ_CP009679.1.fasta
# 0 hits found
# BLASTN 2.13.0+
# Query: 2212764_18_-
# Database: B._velezensis_NZ_CP009679.1.fasta
# 0 hits found
# BLASTN 2.13.0+
# Query: 2246611_45_+
# Database: B._velezensis_NZ_CP009679.1.fasta
# 0 hits found
# BLASTN 2.13.0+
# Query: 2269945_43_+
# Database: B._velezensis_NZ_CP009679.1.fasta
# 0 hits found
# BLASTN 2.13.0+
# Query: 2287049_48_+
# Database: B._velezensis_NZ_CP009679.1.fasta
# 0 hits found
# BLASTN 2.13.0+
# Query: 2287050_47_+
# Database: B._velezensis_NZ_CP009679.1.fasta
# 0 hits found
# BLASTN 2.13.0+
# Query: 2290043_35_+
# Database: B._velezensis_NZ_CP009679.1.fasta
# 0 hits found
# BLASTN 2.13.0+
# Query: 2300194_27_+
# Database: B._velezensis_NZ_CP009679.1.fasta
# Fields: query acc.ver, subject acc.ver, % identity, alignment length, mismatches, gap opens, q. start, q. end, s. start, s. end, evalue, bit score
# 1 hits found
2300194_27_+	NZ_CP009679.1	90.244	82	7	1	7	87	2139495	2139414	3.04e-24	106
# BLASTN 2.13.0+
# Query: 2307702_40_-
# Database: B._velezensis_NZ_CP009679.1.fasta
# 0 hits found
# BLASTN 2.13.0+
# Query: 2316249_37_+
# Database: B._velezensis_NZ_CP009679.1.fasta
# 0 hits found
# BLASTN 2.13.0+
# Query: 2316250_36_+
# Database: B._velezensis_NZ_CP009679.1.fasta
# 0 hits found
# BLASTN 2.13.0+
# Query: 2327449_39_+
# Database: B._velezensis_NZ_CP009679.1.fasta
# Fields: query acc.ver, subject acc.ver, % identity, alignment length, mismatches, gap opens, q. start, q. end, s. start, s. end, evalue, bit score
# 1 hits found
2327449_39_+	NZ_CP009679.1	90.625	32	1	1	51	80	194607	194576	8.69e-05	41.7
# BLASTN 2.13.0+
# Query: 2327450_38_+
# Database: B._velezensis_NZ_CP009679.1.fasta
# Fields: query acc.ver, subject acc.ver, % identity, alignment length, mismatches, gap opens, q. start, q. end, s. start, s. end, evalue, bit score
# 1 hits found
2327450_38_+	NZ_CP009679.1	90.625	32	1	1	52	81	194607	194576	8.69e-05	41.7
# BLASTN 2.13.0+
# Query: 2330041_34_+
# Database: B._velezensis_NZ_CP009679.1.fasta
# 0 hits found
# BLASTN 2.13.0+
# Query: 2336907_26_+
# Database: B._velezensis_NZ_CP009679.1.fasta
# 0 hits found
# BLASTN 2.13.0+
# Query: 2347619_41_+
# Database: B._velezensis_NZ_CP009679.1.fasta
# Fields: query acc.ver, subject acc.ver, % identity, alignment length, mismatches, gap opens, q. start, q. end, s. start, s. end, evalue, bit score
# 1 hits found
2347619_41_+	NZ_CP009679.1	87.879	33	4	0	67	99	2185014	2184982	3.12e-04	39.9
# BLASTN 2.13.0+
# Query: 2365696_40_+
# Database: B._velezensis_NZ_CP009679.1.fasta
# Fields: query acc.ver, subject acc.ver, % identity, alignment length, mismatches, gap opens, q. start, q. end, s. start, s. end, evalue, bit score
# 1 hits found
2365696_40_+	NZ_CP009679.1	84.375	96	11	4	4	99	2204315	2204224	8.50e-20	91.6
# BLASTN 2.13.0+
# Query: 2387812_42_+
# Database: B._velezensis_NZ_CP009679.1.fasta
# Fields: query acc.ver, subject acc.ver, % identity, alignment length, mismatches, gap opens, q. start, q. end, s. start, s. end, evalue, bit score
# 1 hits found
2387812_42_+	NZ_CP009679.1	87.368	95	11	1	1	94	2226385	2226291	8.44e-25	108
# BLASTN 2.13.0+
# Query: 2400177_31_+
# Database: B._velezensis_NZ_CP009679.1.fasta
# Fields: query acc.ver, subject acc.ver, % identity, alignment length, mismatches, gap opens, q. start, q. end, s. start, s. end, evalue, bit score
# 1 hits found
2400177_31_+	NZ_CP009679.1	82.000	50	8	1	7	56	2237602	2237554	8.69e-05	41.7
# BLASTN 2.13.0+
# Query: 2402009_58_+
# Database: B._velezensis_NZ_CP009679.1.fasta
# Fields: query acc.ver, subject acc.ver, % identity, alignment length, mismatches, gap opens, q. start, q. end, s. start, s. end, evalue, bit score
# 1 hits found
2402009_58_+	NZ_CP009679.1	87.059	85	10	1	1	84	2239423	2239339	6.57e-21	95.3
# BLASTN 2.13.0+
# Query: 2410015_38_-
# Database: B._velezensis_NZ_CP009679.1.fasta
# Fields: query acc.ver, subject acc.ver, % identity, alignment length, mismatches, gap opens, q. start, q. end, s. start, s. end, evalue, bit score
# 1 hits found
2410015_38_-	NZ_CP009679.1	91.176	34	2	1	53	85	2638617	2638650	6.71e-06	45.4
# BLASTN 2.13.0+
# Query: 2409984_33_+
# Database: B._velezensis_NZ_CP009679.1.fasta
# Fields: query acc.ver, subject acc.ver, % identity, alignment length, mismatches, gap opens, q. start, q. end, s. start, s. end, evalue, bit score
# 1 hits found
2409984_33_+	NZ_CP009679.1	91.176	34	2	1	51	83	2638650	2638617	6.71e-06	45.4
# BLASTN 2.13.0+
# Query: 2432281_35_+
# Database: B._velezensis_NZ_CP009679.1.fasta
# Fields: query acc.ver, subject acc.ver, % identity, alignment length, mismatches, gap opens, q. start, q. end, s. start, s. end, evalue, bit score
# 1 hits found
2432281_35_+	NZ_CP009679.1	84.783	46	6	1	2	46	2269113	2269068	6.71e-06	45.4
# BLASTN 2.13.0+
# Query: 2449793_48_+
# Database: B._velezensis_NZ_CP009679.1.fasta
# Fields: query acc.ver, subject acc.ver, % identity, alignment length, mismatches, gap opens, q. start, q. end, s. start, s. end, evalue, bit score
# 1 hits found
2449793_48_+	NZ_CP009679.1	88.000	50	5	1	50	99	2284906	2284858	8.62e-10	58.4
# BLASTN 2.13.0+
# Query: 2454287_60_+
# Database: B._velezensis_NZ_CP009679.1.fasta
# 0 hits found
# BLASTN 2.13.0+
# Query: 2466214_42_-
# Database: B._velezensis_NZ_CP009679.1.fasta
# 0 hits found
# BLASTN 2.13.0+
# Query: 2480673_48_-
# Database: B._velezensis_NZ_CP009679.1.fasta
# 0 hits found
# BLASTN 2.13.0+
# Query: 2495870_45_-
# Database: B._velezensis_NZ_CP009679.1.fasta
# 0 hits found
# BLASTN 2.13.0+
# Query: 2520528_29_+
# Database: B._velezensis_NZ_CP009679.1.fasta
# Fields: query acc.ver, subject acc.ver, % identity, alignment length, mismatches, gap opens, q. start, q. end, s. start, s. end, evalue, bit score
# 1 hits found
2520528_29_+	NZ_CP009679.1	80.233	86	12	5	1	84	2426490	2426408	2.40e-10	60.2
# BLASTN 2.13.0+
# Query: 2528307_97_+
# Database: B._velezensis_NZ_CP009679.1.fasta
# Fields: query acc.ver, subject acc.ver, % identity, alignment length, mismatches, gap opens, q. start, q. end, s. start, s. end, evalue, bit score
# 1 hits found
2528307_97_+	NZ_CP009679.1	89.655	58	4	2	32	88	2434200	2434144	3.08e-14	73.1
# BLASTN 2.13.0+
# Query: 2543407_33_+
# Database: B._velezensis_NZ_CP009679.1.fasta
# 0 hits found
# BLASTN 2.13.0+
# Query: 2568530_43_+
# Database: B._velezensis_NZ_CP009679.1.fasta
# 0 hits found
# BLASTN 2.13.0+
# Query: 2574342_66_+
# Database: B._velezensis_NZ_CP009679.1.fasta
# Fields: query acc.ver, subject acc.ver, % identity, alignment length, mismatches, gap opens, q. start, q. end, s. start, s. end, evalue, bit score
# 1 hits found
2574342_66_+	NZ_CP009679.1	84.444	45	5	2	44	87	2477232	2477189	2.42e-05	43.6
# BLASTN 2.13.0+
# Query: 2585394_40_+
# Database: B._velezensis_NZ_CP009679.1.fasta
# Fields: query acc.ver, subject acc.ver, % identity, alignment length, mismatches, gap opens, q. start, q. end, s. start, s. end, evalue, bit score
# 1 hits found
2585394_40_+	NZ_CP009679.1	90.698	43	4	0	3	45	2486898	2486856	8.62e-10	58.4
# BLASTN 2.13.0+
# Query: 2587899_97_+
# Database: B._velezensis_NZ_CP009679.1.fasta
# 0 hits found
# BLASTN 2.13.0+
# Query: 2591415_30_-
# Database: B._velezensis_NZ_CP009679.1.fasta
# 0 hits found
# BLASTN 2.13.0+
# Query: 2614456_40_+
# Database: B._velezensis_NZ_CP009679.1.fasta
# Fields: query acc.ver, subject acc.ver, % identity, alignment length, mismatches, gap opens, q. start, q. end, s. start, s. end, evalue, bit score
# 1 hits found
2614456_40_+	NZ_CP009679.1	89.412	85	8	1	1	84	2514797	2514713	3.04e-24	106
# BLASTN 2.13.0+
# Query: 2619865_45_+
# Database: B._velezensis_NZ_CP009679.1.fasta
# Fields: query acc.ver, subject acc.ver, % identity, alignment length, mismatches, gap opens, q. start, q. end, s. start, s. end, evalue, bit score
# 1 hits found
2619865_45_+	NZ_CP009679.1	86.458	96	13	0	5	100	2520209	2520114	3.04e-24	106
# BLASTN 2.13.0+
# Query: 2637542_39_-
# Database: B._velezensis_NZ_CP009679.1.fasta
# 0 hits found
# BLASTN 2.13.0+
# Query: 2663348_58_-
# Database: B._velezensis_NZ_CP009679.1.fasta
# Fields: query acc.ver, subject acc.ver, % identity, alignment length, mismatches, gap opens, q. start, q. end, s. start, s. end, evalue, bit score
# 1 hits found
2663348_58_-	NZ_CP009679.1	88.235	34	3	1	46	78	1159609	1159642	3.12e-04	39.9
# BLASTN 2.13.0+
# Query: 2692614_43_-
# Database: B._velezensis_NZ_CP009679.1.fasta
# 0 hits found
# BLASTN 2.13.0+
# Query: 2718880_79_+
# Database: B._velezensis_NZ_CP009679.1.fasta
# 0 hits found
# BLASTN 2.13.0+
# Query: 2732918_62_+
# Database: B._velezensis_NZ_CP009679.1.fasta
# 0 hits found
# BLASTN 2.13.0+
# Query: 2739178_73_-
# Database: B._velezensis_NZ_CP009679.1.fasta
# 0 hits found
# BLASTN 2.13.0+
# Query: 2740905_59_-
# Database: B._velezensis_NZ_CP009679.1.fasta
# Fields: query acc.ver, subject acc.ver, % identity, alignment length, mismatches, gap opens, q. start, q. end, s. start, s. end, evalue, bit score
# 1 hits found
2740905_59_-	NZ_CP009679.1	92.857	28	1	1	49	76	1824403	1824377	3.12e-04	39.9
# BLASTN 2.13.0+
# Query: 2769709_55_-
# Database: B._velezensis_NZ_CP009679.1.fasta
# 0 hits found
# BLASTN 2.13.0+
# Query: 2788917_34_-
# Database: B._velezensis_NZ_CP009679.1.fasta
# 0 hits found
# BLASTN 2.13.0+
# Query: 2788885_35_+
# Database: B._velezensis_NZ_CP009679.1.fasta
# Fields: query acc.ver, subject acc.ver, % identity, alignment length, mismatches, gap opens, q. start, q. end, s. start, s. end, evalue, bit score
# 1 hits found
2788885_35_+	NZ_CP009679.1	92.683	41	3	0	9	49	2607438	2607398	2.40e-10	60.2
# BLASTN 2.13.0+
# Query: 2795857_30_+
# Database: B._velezensis_NZ_CP009679.1.fasta
# Fields: query acc.ver, subject acc.ver, % identity, alignment length, mismatches, gap opens, q. start, q. end, s. start, s. end, evalue, bit score
# 1 hits found
2795857_30_+	NZ_CP009679.1	81.373	102	13	5	1	100	2614434	2614337	6.62e-16	78.7
# BLASTN 2.13.0+
# Query: 2806257_29_+
# Database: B._velezensis_NZ_CP009679.1.fasta
# 0 hits found
# BLASTN 2.13.0+
# Query: 2813604_39_+
# Database: B._velezensis_NZ_CP009679.1.fasta
# Fields: query acc.ver, subject acc.ver, % identity, alignment length, mismatches, gap opens, q. start, q. end, s. start, s. end, evalue, bit score
# 1 hits found
2813604_39_+	NZ_CP009679.1	83.673	49	5	3	51	97	2632205	2632252	2.42e-05	43.6
# BLASTN 2.13.0+
# Query: 2826860_40_+
# Database: B._velezensis_NZ_CP009679.1.fasta
# Fields: query acc.ver, subject acc.ver, % identity, alignment length, mismatches, gap opens, q. start, q. end, s. start, s. end, evalue, bit score
# 1 hits found
2826860_40_+	NZ_CP009679.1	82.353	51	5	3	52	100	2645408	2645360	8.69e-05	41.7
# BLASTN 2.13.0+
# Query: 2841483_36_-
# Database: B._velezensis_NZ_CP009679.1.fasta
# 0 hits found
# BLASTN 2.13.0+
# Query: 2866622_42_+
# Database: B._velezensis_NZ_CP009679.1.fasta
# Fields: query acc.ver, subject acc.ver, % identity, alignment length, mismatches, gap opens, q. start, q. end, s. start, s. end, evalue, bit score
# 1 hits found
2866622_42_+	NZ_CP009679.1	87.500	72	5	4	28	97	2678996	2678927	1.84e-16	80.5
# BLASTN 2.13.0+
# Query: 2897043_51_+
# Database: B._velezensis_NZ_CP009679.1.fasta
# Fields: query acc.ver, subject acc.ver, % identity, alignment length, mismatches, gap opens, q. start, q. end, s. start, s. end, evalue, bit score
# 1 hits found
2897043_51_+	NZ_CP009679.1	83.529	85	13	1	1	85	2709565	2709482	6.62e-16	78.7
# BLASTN 2.13.0+
# Query: 2903182_35_+
# Database: B._velezensis_NZ_CP009679.1.fasta
# 0 hits found
# BLASTN 2.13.0+
# Query: 2909513_37_-
# Database: B._velezensis_NZ_CP009679.1.fasta
# Fields: query acc.ver, subject acc.ver, % identity, alignment length, mismatches, gap opens, q. start, q. end, s. start, s. end, evalue, bit score
# 1 hits found
2909513_37_-	NZ_CP009679.1	85.714	84	9	2	1	82	2729542	2729624	3.96e-18	86.1
# BLASTN 2.13.0+
# Query: 2915328_37_+
# Database: B._velezensis_NZ_CP009679.1.fasta
# 0 hits found
# BLASTN 2.13.0+
# Query: 2925066_34_+
# Database: B._velezensis_NZ_CP009679.1.fasta
# Fields: query acc.ver, subject acc.ver, % identity, alignment length, mismatches, gap opens, q. start, q. end, s. start, s. end, evalue, bit score
# 1 hits found
2925066_34_+	NZ_CP009679.1	89.873	79	7	1	7	85	2745849	2745772	1.41e-22	100
# BLASTN 2.13.0+
# Query: 2952186_38_+
# Database: B._velezensis_NZ_CP009679.1.fasta
# Fields: query acc.ver, subject acc.ver, % identity, alignment length, mismatches, gap opens, q. start, q. end, s. start, s. end, evalue, bit score
# 1 hits found
2952186_38_+	NZ_CP009679.1	87.500	64	6	2	2	64	2772416	2772354	3.08e-14	73.1
# BLASTN 2.13.0+
# Query: 2959254_38_-
# Database: B._velezensis_NZ_CP009679.1.fasta
# 0 hits found
# BLASTN 2.13.0+
# Query: 2965645_36_+
# Database: B._velezensis_NZ_CP009679.1.fasta
# Fields: query acc.ver, subject acc.ver, % identity, alignment length, mismatches, gap opens, q. start, q. end, s. start, s. end, evalue, bit score
# 1 hits found
2965645_36_+	NZ_CP009679.1	88.119	101	10	2	1	100	2785098	2784999	3.90e-28	119
# BLASTN 2.13.0+
# Query: 2978691_43_+
# Database: B._velezensis_NZ_CP009679.1.fasta
# Fields: query acc.ver, subject acc.ver, % identity, alignment length, mismatches, gap opens, q. start, q. end, s. start, s. end, evalue, bit score
# 1 hits found
2978691_43_+	NZ_CP009679.1	83.333	102	12	5	1	100	2798142	2798044	3.06e-19	89.8
# BLASTN 2.13.0+
# Query: 2987695_36_+
# Database: B._velezensis_NZ_CP009679.1.fasta
# Fields: query acc.ver, subject acc.ver, % identity, alignment length, mismatches, gap opens, q. start, q. end, s. start, s. end, evalue, bit score
# 1 hits found
2987695_36_+	NZ_CP009679.1	93.103	87	6	0	1	87	2810847	2810761	6.48e-31	128
# BLASTN 2.13.0+
# Query: 3009872_43_+
# Database: B._velezensis_NZ_CP009679.1.fasta
# Fields: query acc.ver, subject acc.ver, % identity, alignment length, mismatches, gap opens, q. start, q. end, s. start, s. end, evalue, bit score
# 1 hits found
3009872_43_+	NZ_CP009679.1	89.474	38	4	0	1	38	2821858	2821821	5.19e-07	49.1
# BLASTN 2.13.0+
# Query: 3015071_40_+
# Database: B._velezensis_NZ_CP009679.1.fasta
# Fields: query acc.ver, subject acc.ver, % identity, alignment length, mismatches, gap opens, q. start, q. end, s. start, s. end, evalue, bit score
# 1 hits found
3015071_40_+	NZ_CP009679.1	77.419	93	16	4	1	89	2827060	2826969	1.44e-07	51.0
# BLASTN 2.13.0+
# Query: 3019500_33_+
# Database: B._velezensis_NZ_CP009679.1.fasta
# Fields: query acc.ver, subject acc.ver, % identity, alignment length, mismatches, gap opens, q. start, q. end, s. start, s. end, evalue, bit score
# 1 hits found
3019500_33_+	NZ_CP009679.1	80.000	65	9	4	40	100	2831413	2831349	6.71e-06	45.4
# BLASTN 2.13.0+
# Query: 3029673_56_+
# Database: B._velezensis_NZ_CP009679.1.fasta
# 0 hits found
# BLASTN 2.13.0+
# Query: 3036562_41_+
# Database: B._velezensis_NZ_CP009679.1.fasta
# Fields: query acc.ver, subject acc.ver, % identity, alignment length, mismatches, gap opens, q. start, q. end, s. start, s. end, evalue, bit score
# 1 hits found
3036562_41_+	NZ_CP009679.1	84.314	51	6	2	1	50	2862373	2862324	5.19e-07	49.1
# BLASTN 2.13.0+
# Query: 3048145_32_+
# Database: B._velezensis_NZ_CP009679.1.fasta
# Fields: query acc.ver, subject acc.ver, % identity, alignment length, mismatches, gap opens, q. start, q. end, s. start, s. end, evalue, bit score
# 1 hits found
3048145_32_+	NZ_CP009679.1	86.076	79	7	2	5	79	2873869	2873791	5.12e-17	82.4
# BLASTN 2.13.0+
# Query: 3056846_50_-
# Database: B._velezensis_NZ_CP009679.1.fasta
# Fields: query acc.ver, subject acc.ver, % identity, alignment length, mismatches, gap opens, q. start, q. end, s. start, s. end, evalue, bit score
# 1 hits found
3056846_50_-	NZ_CP009679.1	84.746	59	7	2	1	59	2882095	2882151	8.62e-10	58.4
# BLASTN 2.13.0+
# Query: 3072707_36_+
# Database: B._velezensis_NZ_CP009679.1.fasta
# 0 hits found
# BLASTN 2.13.0+
# Query: 3102587_42_+
# Database: B._velezensis_NZ_CP009679.1.fasta
# Fields: query acc.ver, subject acc.ver, % identity, alignment length, mismatches, gap opens, q. start, q. end, s. start, s. end, evalue, bit score
# 1 hits found
3102587_42_+	NZ_CP009679.1	93.103	29	1	1	13	40	2908424	2908396	8.69e-05	41.7
# BLASTN 2.13.0+
# Query: 3124097_92_-
# Database: B._velezensis_NZ_CP009679.1.fasta
# 0 hits found
# BLASTN 2.13.0+
# Query: 3127788_37_+
# Database: B._velezensis_NZ_CP009679.1.fasta
# Fields: query acc.ver, subject acc.ver, % identity, alignment length, mismatches, gap opens, q. start, q. end, s. start, s. end, evalue, bit score
# 1 hits found
3127788_37_+	NZ_CP009679.1	87.805	82	5	3	6	86	2935780	2935703	8.50e-20	91.6
# BLASTN 2.13.0+
# Query: 3148845_56_+
# Database: B._velezensis_NZ_CP009679.1.fasta
# Fields: query acc.ver, subject acc.ver, % identity, alignment length, mismatches, gap opens, q. start, q. end, s. start, s. end, evalue, bit score
# 1 hits found
3148845_56_+	NZ_CP009679.1	80.899	89	13	3	1	89	2956731	2956647	1.43e-12	67.6
# BLASTN 2.13.0+
# Query: 3171975_1_+
# Database: B._velezensis_NZ_CP009679.1.fasta
# Fields: query acc.ver, subject acc.ver, % identity, alignment length, mismatches, gap opens, q. start, q. end, s. start, s. end, evalue, bit score
# 1 hits found
3171975_1_+	NZ_CP009679.1	100.000	85	0	0	1	85	2963363	2963279	8.27e-40	158
# BLASTN 2.13.0+
# Query: 3172246_1_+
# Database: B._velezensis_NZ_CP009679.1.fasta
# Fields: query acc.ver, subject acc.ver, % identity, alignment length, mismatches, gap opens, q. start, q. end, s. start, s. end, evalue, bit score
# 1 hits found
3172246_1_+	NZ_CP009679.1	97.826	92	2	0	9	100	2963626	2963535	2.30e-40	159
# BLASTN 2.13.0+
# Query: 3172330_1_+
# Database: B._velezensis_NZ_CP009679.1.fasta
# Fields: query acc.ver, subject acc.ver, % identity, alignment length, mismatches, gap opens, q. start, q. end, s. start, s. end, evalue, bit score
# 1 hits found
3172330_1_+	NZ_CP009679.1	94.845	97	3	2	4	100	2963713	2963619	1.38e-37	150
# BLASTN 2.13.0+
# Query: 3173403_1_+
# Database: B._velezensis_NZ_CP009679.1.fasta
# Fields: query acc.ver, subject acc.ver, % identity, alignment length, mismatches, gap opens, q. start, q. end, s. start, s. end, evalue, bit score
# 1 hits found
3173403_1_+	NZ_CP009679.1	100.000	80	0	0	1	80	2964795	2964716	4.98e-37	148
# BLASTN 2.13.0+
# Query: 3179266_60_-
# Database: B._velezensis_NZ_CP009679.1.fasta
# Fields: query acc.ver, subject acc.ver, % identity, alignment length, mismatches, gap opens, q. start, q. end, s. start, s. end, evalue, bit score
# 1 hits found
3179266_60_-	NZ_CP009679.1	84.375	96	9	4	1	92	2970565	2970658	3.06e-19	89.8
# BLASTN 2.13.0+
# Query: 3183830_37_+
# Database: B._velezensis_NZ_CP009679.1.fasta
# Fields: query acc.ver, subject acc.ver, % identity, alignment length, mismatches, gap opens, q. start, q. end, s. start, s. end, evalue, bit score
# 1 hits found
3183830_37_+	NZ_CP009679.1	86.170	94	10	2	1	91	2974715	2974622	5.08e-22	99.0
# BLASTN 2.13.0+
# Query: 3188080_32_-
# Database: B._velezensis_NZ_CP009679.1.fasta
# 0 hits found
# BLASTN 2.13.0+
# Query: 3190429_33_+
# Database: B._velezensis_NZ_CP009679.1.fasta
# 0 hits found
# BLASTN 2.13.0+
# Query: 3194595_40_+
# Database: B._velezensis_NZ_CP009679.1.fasta
# 0 hits found
# BLASTN 2.13.0+
# Query: 3220690_41_+
# Database: B._velezensis_NZ_CP009679.1.fasta
# Fields: query acc.ver, subject acc.ver, % identity, alignment length, mismatches, gap opens, q. start, q. end, s. start, s. end, evalue, bit score
# 1 hits found
3220690_41_+	NZ_CP009679.1	90.698	43	4	0	1	43	3004726	3004684	8.62e-10	58.4
# BLASTN 2.13.0+
# Query: 3223430_41_+
# Database: B._velezensis_NZ_CP009679.1.fasta
# 0 hits found
# BLASTN 2.13.0+
# Query: 3229986_45_-
# Database: B._velezensis_NZ_CP009679.1.fasta
# 0 hits found
# BLASTN 2.13.0+
# Query: 3236406_16_+
# Database: B._velezensis_NZ_CP009679.1.fasta
# Fields: query acc.ver, subject acc.ver, % identity, alignment length, mismatches, gap opens, q. start, q. end, s. start, s. end, evalue, bit score
# 1 hits found
3236406_16_+	NZ_CP009679.1	96.203	79	3	0	1	79	3022049	3021971	1.80e-31	130
# BLASTN 2.13.0+
# Query: 3253484_45_+
# Database: B._velezensis_NZ_CP009679.1.fasta
# Fields: query acc.ver, subject acc.ver, % identity, alignment length, mismatches, gap opens, q. start, q. end, s. start, s. end, evalue, bit score
# 1 hits found
3253484_45_+	NZ_CP009679.1	84.000	100	16	0	1	100	3037646	3037547	1.83e-21	97.1
# BLASTN 2.13.0+
# Query: 3262298_32_+
# Database: B._velezensis_NZ_CP009679.1.fasta
# 0 hits found
# BLASTN 2.13.0+
# Query: 3280286_36_-
# Database: B._velezensis_NZ_CP009679.1.fasta
# 0 hits found
# BLASTN 2.13.0+
# Query: 3293476_97_+
# Database: B._velezensis_NZ_CP009679.1.fasta
# 0 hits found
# BLASTN 2.13.0+
# Query: 3304073_51_-
# Database: B._velezensis_NZ_CP009679.1.fasta
# 0 hits found
# BLASTN 2.13.0+
# Query: 3304025_71_+
# Database: B._velezensis_NZ_CP009679.1.fasta
# 0 hits found
# BLASTN 2.13.0+
# Query: 3306975_42_+
# Database: B._velezensis_NZ_CP009679.1.fasta
# Fields: query acc.ver, subject acc.ver, % identity, alignment length, mismatches, gap opens, q. start, q. end, s. start, s. end, evalue, bit score
# 1 hits found
3306975_42_+	NZ_CP009679.1	89.362	94	5	4	10	100	3094561	3094470	1.81e-26	113
# BLASTN 2.13.0+
# Query: 3352251_61_+
# Database: B._velezensis_NZ_CP009679.1.fasta
# 0 hits found
# BLASTN 2.13.0+
# Query: 3361729_38_+
# Database: B._velezensis_NZ_CP009679.1.fasta
# Fields: query acc.ver, subject acc.ver, % identity, alignment length, mismatches, gap opens, q. start, q. end, s. start, s. end, evalue, bit score
# 1 hits found
3361729_38_+	NZ_CP009679.1	87.209	86	11	0	5	90	3146860	3146775	5.08e-22	99.0
# BLASTN 2.13.0+
# Query: 3384063_37_-
# Database: B._velezensis_NZ_CP009679.1.fasta
# Fields: query acc.ver, subject acc.ver, % identity, alignment length, mismatches, gap opens, q. start, q. end, s. start, s. end, evalue, bit score
# 1 hits found
3384063_37_-	NZ_CP009679.1	77.011	87	14	4	1	81	3169779	3169865	6.71e-06	45.4
# BLASTN 2.13.0+
# Query: 3400487_50_+
# Database: B._velezensis_NZ_CP009679.1.fasta
# 0 hits found
# BLASTN 2.13.0+
# Query: 3415354_33_+
# Database: B._velezensis_NZ_CP009679.1.fasta
# 0 hits found
# BLASTN 2.13.0+
# Query: 3419619_37_+
# Database: B._velezensis_NZ_CP009679.1.fasta
# 0 hits found
# BLASTN 2.13.0+
# Query: 3428289_42_+
# Database: B._velezensis_NZ_CP009679.1.fasta
# Fields: query acc.ver, subject acc.ver, % identity, alignment length, mismatches, gap opens, q. start, q. end, s. start, s. end, evalue, bit score
# 1 hits found
3428289_42_+	NZ_CP009679.1	87.500	40	5	0	4	43	3230888	3230849	1.87e-06	47.3
# BLASTN 2.13.0+
# Query: 3436807_42_+
# Database: B._velezensis_NZ_CP009679.1.fasta
# Fields: query acc.ver, subject acc.ver, % identity, alignment length, mismatches, gap opens, q. start, q. end, s. start, s. end, evalue, bit score
# 1 hits found
3436807_42_+	NZ_CP009679.1	89.744	39	3	1	47	84	3239385	3239423	5.19e-07	49.1
# BLASTN 2.13.0+
# Query: 3441092_29_+
# Database: B._velezensis_NZ_CP009679.1.fasta
# Fields: query acc.ver, subject acc.ver, % identity, alignment length, mismatches, gap opens, q. start, q. end, s. start, s. end, evalue, bit score
# 1 hits found
3441092_29_+	NZ_CP009679.1	75.728	103	20	4	2	100	3244607	3244506	1.87e-06	47.3
# BLASTN 2.13.0+
# Query: 3445440_35_-
# Database: B._velezensis_NZ_CP009679.1.fasta
# 0 hits found
# BLASTN 2.13.0+
# Query: 3455048_45_+
# Database: B._velezensis_NZ_CP009679.1.fasta
# Fields: query acc.ver, subject acc.ver, % identity, alignment length, mismatches, gap opens, q. start, q. end, s. start, s. end, evalue, bit score
# 1 hits found
3455048_45_+	NZ_CP009679.1	87.805	82	10	0	1	82	3264396	3264315	1.83e-21	97.1
# BLASTN 2.13.0+
# Query: 3464095_28_-
# Database: B._velezensis_NZ_CP009679.1.fasta
# Fields: query acc.ver, subject acc.ver, % identity, alignment length, mismatches, gap opens, q. start, q. end, s. start, s. end, evalue, bit score
# 1 hits found
3464095_28_-	NZ_CP009679.1	84.211	57	8	1	3	58	3275067	3275123	1.12e-08	54.7
# BLASTN 2.13.0+
# Query: 3464102_35_-
# Database: B._velezensis_NZ_CP009679.1.fasta
# Fields: query acc.ver, subject acc.ver, % identity, alignment length, mismatches, gap opens, q. start, q. end, s. start, s. end, evalue, bit score
# 1 hits found
3464102_35_-	NZ_CP009679.1	84.615	52	7	1	1	51	3275072	3275123	1.44e-07	51.0
# BLASTN 2.13.0+
# Query: 3473283_43_-
# Database: B._velezensis_NZ_CP009679.1.fasta
# 0 hits found
# BLASTN 2.13.0+
# Query: 3491284_38_+
# Database: B._velezensis_NZ_CP009679.1.fasta
# Fields: query acc.ver, subject acc.ver, % identity, alignment length, mismatches, gap opens, q. start, q. end, s. start, s. end, evalue, bit score
# 1 hits found
3491284_38_+	NZ_CP009679.1	86.667	45	5	1	1	45	3298415	3298372	5.19e-07	49.1
# BLASTN 2.13.0+
# Query: 3501645_48_-
# Database: B._velezensis_NZ_CP009679.1.fasta
# 0 hits found
# BLASTN 2.13.0+
# Query: 3509748_83_+
# Database: B._velezensis_NZ_CP009679.1.fasta
# 0 hits found
# BLASTN 2.13.0+
# Query: 3545830_59_+
# Database: B._velezensis_NZ_CP009679.1.fasta
# Fields: query acc.ver, subject acc.ver, % identity, alignment length, mismatches, gap opens, q. start, q. end, s. start, s. end, evalue, bit score
# 1 hits found
3545830_59_+	NZ_CP009679.1	87.500	48	5	1	39	85	514541	514588	1.12e-08	54.7
# BLASTN 2.13.0+
# Query: 3563578_35_-
# Database: B._velezensis_NZ_CP009679.1.fasta
# Fields: query acc.ver, subject acc.ver, % identity, alignment length, mismatches, gap opens, q. start, q. end, s. start, s. end, evalue, bit score
# 1 hits found
3563578_35_-	NZ_CP009679.1	83.333	48	5	3	14	59	3359188	3359234	8.69e-05	41.7
# BLASTN 2.13.0+
# Query: 3574319_44_+
# Database: B._velezensis_NZ_CP009679.1.fasta
# Fields: query acc.ver, subject acc.ver, % identity, alignment length, mismatches, gap opens, q. start, q. end, s. start, s. end, evalue, bit score
# 1 hits found
3574319_44_+	NZ_CP009679.1	88.235	68	7	1	19	86	3365686	3365620	1.84e-16	80.5
# BLASTN 2.13.0+
# Query: 3579635_44_+
# Database: B._velezensis_NZ_CP009679.1.fasta
# 0 hits found
# BLASTN 2.13.0+
# Query: 3609996_68_+
# Database: B._velezensis_NZ_CP009679.1.fasta
# 0 hits found
# BLASTN 2.13.0+
# Query: 3625698_43_+
# Database: B._velezensis_NZ_CP009679.1.fasta
# 0 hits found
# BLASTN 2.13.0+
# Query: 3637311_27_+
# Database: B._velezensis_NZ_CP009679.1.fasta
# 0 hits found
# BLASTN 2.13.0+
# Query: 3648618_37_-
# Database: B._velezensis_NZ_CP009679.1.fasta
# 0 hits found
# BLASTN 2.13.0+
# Query: 3676108_51_+
# Database: B._velezensis_NZ_CP009679.1.fasta
# 0 hits found
# BLASTN 2.13.0+
# Query: 3683355_37_-
# Database: B._velezensis_NZ_CP009679.1.fasta
# 0 hits found
# BLASTN 2.13.0+
# Query: 3687565_32_+
# Database: B._velezensis_NZ_CP009679.1.fasta
# Fields: query acc.ver, subject acc.ver, % identity, alignment length, mismatches, gap opens, q. start, q. end, s. start, s. end, evalue, bit score
# 1 hits found
3687565_32_+	NZ_CP009679.1	76.238	101	16	4	1	93	3497136	3497036	1.87e-06	47.3
# BLASTN 2.13.0+
# Query: 3696255_32_-
# Database: B._velezensis_NZ_CP009679.1.fasta
# 0 hits found
# BLASTN 2.13.0+
# Query: 3708133_39_+
# Database: B._velezensis_NZ_CP009679.1.fasta
# 0 hits found
# BLASTN 2.13.0+
# Query: 3724386_34_+
# Database: B._velezensis_NZ_CP009679.1.fasta
# Fields: query acc.ver, subject acc.ver, % identity, alignment length, mismatches, gap opens, q. start, q. end, s. start, s. end, evalue, bit score
# 1 hits found
3724386_34_+	NZ_CP009679.1	92.473	93	7	0	1	93	3539206	3539114	1.39e-32	134
# BLASTN 2.13.0+
# Query: 3731791_31_+
# Database: B._velezensis_NZ_CP009679.1.fasta
# 0 hits found
# BLASTN 2.13.0+
# Query: 3740111_95_+
# Database: B._velezensis_NZ_CP009679.1.fasta
# 0 hits found
# BLASTN 2.13.0+
# Query: 3743687_45_+
# Database: B._velezensis_NZ_CP009679.1.fasta
# 0 hits found
# BLASTN 2.13.0+
# Query: 3753897_36_+
# Database: B._velezensis_NZ_CP009679.1.fasta
# 0 hits found
# BLASTN 2.13.0+
# Query: 3761752_52_-
# Database: B._velezensis_NZ_CP009679.1.fasta
# 0 hits found
# BLASTN 2.13.0+
# Query: 3766156_22_+
# Database: B._velezensis_NZ_CP009679.1.fasta
# Fields: query acc.ver, subject acc.ver, % identity, alignment length, mismatches, gap opens, q. start, q. end, s. start, s. end, evalue, bit score
# 1 hits found
3766156_22_+	NZ_CP009679.1	79.762	84	14	3	6	88	3579843	3579762	8.62e-10	58.4
# BLASTN 2.13.0+
# Query: 3772280_45_+
# Database: B._velezensis_NZ_CP009679.1.fasta
# Fields: query acc.ver, subject acc.ver, % identity, alignment length, mismatches, gap opens, q. start, q. end, s. start, s. end, evalue, bit score
# 1 hits found
3772280_45_+	NZ_CP009679.1	96.875	32	1	0	4	35	3585298	3585267	1.12e-08	54.7
# BLASTN 2.13.0+
# Query: 3786553_67_+
# Database: B._velezensis_NZ_CP009679.1.fasta
# Fields: query acc.ver, subject acc.ver, % identity, alignment length, mismatches, gap opens, q. start, q. end, s. start, s. end, evalue, bit score
# 1 hits found
3786553_67_+	NZ_CP009679.1	96.907	97	3	0	1	97	3599302	3599206	1.78e-41	163
# BLASTN 2.13.0+
# Query: 3789146_44_+
# Database: B._velezensis_NZ_CP009679.1.fasta
# Fields: query acc.ver, subject acc.ver, % identity, alignment length, mismatches, gap opens, q. start, q. end, s. start, s. end, evalue, bit score
# 1 hits found
3789146_44_+	NZ_CP009679.1	78.218	101	19	3	1	99	3601892	3601793	6.67e-11	62.1
# BLASTN 2.13.0+
# Query: 3795869_16_-
# Database: B._velezensis_NZ_CP009679.1.fasta
# Fields: query acc.ver, subject acc.ver, % identity, alignment length, mismatches, gap opens, q. start, q. end, s. start, s. end, evalue, bit score
# 1 hits found
3795869_16_-	NZ_CP009679.1	80.769	52	10	0	2	53	3608391	3608442	8.69e-05	41.7
# BLASTN 2.13.0+
# Query: 3802349_56_+
# Database: B._velezensis_NZ_CP009679.1.fasta
# 0 hits found
# BLASTN 2.13.0+
# Query: 3802350_55_+
# Database: B._velezensis_NZ_CP009679.1.fasta
# 0 hits found
# BLASTN 2.13.0+
# Query: 3805053_37_+
# Database: B._velezensis_NZ_CP009679.1.fasta
# Fields: query acc.ver, subject acc.ver, % identity, alignment length, mismatches, gap opens, q. start, q. end, s. start, s. end, evalue, bit score
# 1 hits found
3805053_37_+	NZ_CP009679.1	80.198	101	14	6	3	100	3617689	3617592	1.11e-13	71.3
# BLASTN 2.13.0+
# Query: 3810692_81_-
# Database: B._velezensis_NZ_CP009679.1.fasta
# Fields: query acc.ver, subject acc.ver, % identity, alignment length, mismatches, gap opens, q. start, q. end, s. start, s. end, evalue, bit score
# 1 hits found
3810692_81_-	NZ_CP009679.1	85.246	61	6	3	41	100	3623100	3623158	2.40e-10	60.2
# BLASTN 2.13.0+
# Query: 3810647_46_+
# Database: B._velezensis_NZ_CP009679.1.fasta
# Fields: query acc.ver, subject acc.ver, % identity, alignment length, mismatches, gap opens, q. start, q. end, s. start, s. end, evalue, bit score
# 1 hits found
3810647_46_+	NZ_CP009679.1	82.927	82	11	3	1	81	3623179	3623100	1.11e-13	71.3
# BLASTN 2.13.0+
# Query: 3833606_44_+
# Database: B._velezensis_NZ_CP009679.1.fasta
# Fields: query acc.ver, subject acc.ver, % identity, alignment length, mismatches, gap opens, q. start, q. end, s. start, s. end, evalue, bit score
# 1 hits found
3833606_44_+	NZ_CP009679.1	90.196	102	6	4	1	100	3644864	3644765	1.80e-31	130
# BLASTN 2.13.0+
# Query: 3848748_38_+
# Database: B._velezensis_NZ_CP009679.1.fasta
# Fields: query acc.ver, subject acc.ver, % identity, alignment length, mismatches, gap opens, q. start, q. end, s. start, s. end, evalue, bit score
# 1 hits found
3848748_38_+	NZ_CP009679.1	89.899	99	9	1	1	99	3652261	3652164	2.33e-30	126
# BLASTN 2.13.0+
# Query: 3853711_37_-
# Database: B._velezensis_NZ_CP009679.1.fasta
# Fields: query acc.ver, subject acc.ver, % identity, alignment length, mismatches, gap opens, q. start, q. end, s. start, s. end, evalue, bit score
# 1 hits found
3853711_37_-	NZ_CP009679.1	80.303	66	11	2	2	65	3657358	3657423	5.19e-07	49.1
# BLASTN 2.13.0+
# Query: 3858955_44_+
# Database: B._velezensis_NZ_CP009679.1.fasta
# Fields: query acc.ver, subject acc.ver, % identity, alignment length, mismatches, gap opens, q. start, q. end, s. start, s. end, evalue, bit score
# 1 hits found
3858955_44_+	NZ_CP009679.1	87.179	39	5	0	2	40	3659725	3659687	6.71e-06	45.4
# BLASTN 2.13.0+
# Query: 3865308_47_+
# Database: B._velezensis_NZ_CP009679.1.fasta
# 0 hits found
# BLASTN 2.13.0+
# Query: 3878914_52_+
# Database: B._velezensis_NZ_CP009679.1.fasta
# 0 hits found
# BLASTN 2.13.0+
# Query: 3914277_38_+
# Database: B._velezensis_NZ_CP009679.1.fasta
# 0 hits found
# BLASTN 2.13.0+
# Query: 3935822_34_-
# Database: B._velezensis_NZ_CP009679.1.fasta
# 0 hits found
# BLASTN 2.13.0+
# Query: 3983186_13_-
# Database: B._velezensis_NZ_CP009679.1.fasta
# 0 hits found
# BLASTN 2.13.0+
# Query: 3989875_73_+
# Database: B._velezensis_NZ_CP009679.1.fasta
# 0 hits found
# BLASTN 2.13.0+
# Query: 3989912_36_+
# Database: B._velezensis_NZ_CP009679.1.fasta
# 0 hits found
# BLASTN 2.13.0+
# Query: 4005716_91_-
# Database: B._velezensis_NZ_CP009679.1.fasta
# Fields: query acc.ver, subject acc.ver, % identity, alignment length, mismatches, gap opens, q. start, q. end, s. start, s. end, evalue, bit score
# 1 hits found
4005716_91_-	NZ_CP009679.1	88.235	85	8	2	14	97	3801310	3801393	1.41e-22	100
# BLASTN 2.13.0+
# Query: 4042009_71_-
# Database: B._velezensis_NZ_CP009679.1.fasta
# Fields: query acc.ver, subject acc.ver, % identity, alignment length, mismatches, gap opens, q. start, q. end, s. start, s. end, evalue, bit score
# 1 hits found
4042009_71_-	NZ_CP009679.1	89.109	101	9	2	1	100	3832489	3832588	8.38e-30	124
# BLASTN 2.13.0+
# Query: 4068183_35_-
# Database: B._velezensis_NZ_CP009679.1.fasta
# Fields: query acc.ver, subject acc.ver, % identity, alignment length, mismatches, gap opens, q. start, q. end, s. start, s. end, evalue, bit score
# 1 hits found
4068183_35_-	NZ_CP009679.1	94.059	101	4	2	1	100	3848247	3848346	3.85e-38	152
# BLASTN 2.13.0+
# Query: 4074839_57_+
# Database: B._velezensis_NZ_CP009679.1.fasta
# Fields: query acc.ver, subject acc.ver, % identity, alignment length, mismatches, gap opens, q. start, q. end, s. start, s. end, evalue, bit score
# 1 hits found
4074839_57_+	NZ_CP009679.1	80.000	100	17	2	4	100	3860177	3860078	1.11e-13	71.3
# BLASTN 2.13.0+
# Query: 4086578_38_-
# Database: B._velezensis_NZ_CP009679.1.fasta
# Fields: query acc.ver, subject acc.ver, % identity, alignment length, mismatches, gap opens, q. start, q. end, s. start, s. end, evalue, bit score
# 1 hits found
4086578_38_-	NZ_CP009679.1	86.364	44	2	3	42	84	2632244	2632204	6.71e-06	45.4
# BLASTN 2.13.0+
# Query: 4109138_47_+
# Database: B._velezensis_NZ_CP009679.1.fasta
# 0 hits found
# BLASTN 2.13.0+
# Query: 4154975_78_+
# Database: B._velezensis_NZ_CP009679.1.fasta
# Fields: query acc.ver, subject acc.ver, % identity, alignment length, mismatches, gap opens, q. start, q. end, s. start, s. end, evalue, bit score
# 1 hits found
4154975_78_+	NZ_CP009679.1	87.500	104	8	4	1	100	3938676	3938574	5.05e-27	115
# BLASTN 2.13.0+
# Query: 4173636_85_-
# Database: B._velezensis_NZ_CP009679.1.fasta
# 0 hits found
# BLASTN 2.13.0+
# Query: 4187252_78_-
# Database: B._velezensis_NZ_CP009679.1.fasta
# 0 hits found
# BLASTN 2.13.0+
# Query: 4198556_47_+
# Database: B._velezensis_NZ_CP009679.1.fasta
# Fields: query acc.ver, subject acc.ver, % identity, alignment length, mismatches, gap opens, q. start, q. end, s. start, s. end, evalue, bit score
# 1 hits found
4198556_47_+	NZ_CP009679.1	83.721	86	10	2	1	85	3989213	3989131	6.62e-16	78.7
# BLAST processed 260 queries
