# BLASTN 2.13.0+
# Query: dnaA,dnaN
# Database: B._anthracis_NC_007530.2.fasta
# 0 hits found
# BLASTN 2.13.0+
# Query: guaB
# Database: B._anthracis_NC_007530.2.fasta
# 0 hits found
# BLASTN 2.13.0+
# Query: yaaH
# Database: B._anthracis_NC_007530.2.fasta
# 0 hits found
# BLASTN 2.13.0+
# Query: metS
# Database: B._anthracis_NC_007530.2.fasta
# Fields: query acc.ver, subject acc.ver, % identity, alignment length, mismatches, gap opens, q. start, q. end, s. start, s. end, evalue, bit score
# 1 hits found
metS	NC_007530.2	80.000	60	8	4	8	63	43555	43614	1.59e-04	41.7
# BLASTN 2.13.0+
# Query: yabG
# Database: B._anthracis_NC_007530.2.fasta
# 0 hits found
# BLASTN 2.13.0+
# Query: veg
# Database: B._anthracis_NC_007530.2.fasta
# 0 hits found
# BLASTN 2.13.0+
# Query: sspF
# Database: B._anthracis_NC_007530.2.fasta
# 0 hits found
# BLASTN 2.13.0+
# Query: spoVG
# Database: B._anthracis_NC_007530.2.fasta
# 0 hits found
# BLASTN 2.13.0+
# Query: pabB,pabA,pabC,sul,folB,folK,yazB,yacF,lysS
# Database: B._anthracis_NC_007530.2.fasta
# Fields: query acc.ver, subject acc.ver, % identity, alignment length, mismatches, gap opens, q. start, q. end, s. start, s. end, evalue, bit score
# 1 hits found
pabB,pabA,pabC,sul,folB,folK,yazB,yacF,lysS	NC_007530.2	89.655	29	2	1	82	110	2588237	2588264	0.008	36.2
# BLASTN 2.13.0+
# Query: adaA,adaB
# Database: B._anthracis_NC_007530.2.fasta
# Fields: query acc.ver, subject acc.ver, % identity, alignment length, mismatches, gap opens, q. start, q. end, s. start, s. end, evalue, bit score
# 1 hits found
adaA,adaB	NC_007530.2	83.761	117	17	2	7	122	2932118	2932003	5.32e-25	110
# BLASTN 2.13.0+
# Query: ybcL
# Database: B._anthracis_NC_007530.2.fasta
# 0 hits found
# BLASTN 2.13.0+
# Query: ybdO
# Database: B._anthracis_NC_007530.2.fasta
# 0 hits found
# BLASTN 2.13.0+
# Query: csgA,ybxH
# Database: B._anthracis_NC_007530.2.fasta
# 0 hits found
# BLASTN 2.13.0+
# Query: glpT,glpQ
# Database: B._anthracis_NC_007530.2.fasta
# 0 hits found
# BLASTN 2.13.0+
# Query: ybgE
# Database: B._anthracis_NC_007530.2.fasta
# Fields: query acc.ver, subject acc.ver, % identity, alignment length, mismatches, gap opens, q. start, q. end, s. start, s. end, evalue, bit score
# 1 hits found
ybgE	NC_007530.2	88.235	34	1	2	42	72	3319924	3319891	0.002	38.1
# BLASTN 2.13.0+
# Query: ycbC,ycbD,ycbE,ycbF,ycbG,ycbH,ycbJ
# Database: B._anthracis_NC_007530.2.fasta
# Fields: query acc.ver, subject acc.ver, % identity, alignment length, mismatches, gap opens, q. start, q. end, s. start, s. end, evalue, bit score
# 1 hits found
ycbC,ycbD,ycbE,ycbF,ycbG,ycbH,ycbJ	NC_007530.2	92.105	38	2	1	21	57	4266358	4266321	6.94e-08	52.8
# BLASTN 2.13.0+
# Query: cwlJ
# Database: B._anthracis_NC_007530.2.fasta
# Fields: query acc.ver, subject acc.ver, % identity, alignment length, mismatches, gap opens, q. start, q. end, s. start, s. end, evalue, bit score
# 1 hits found
cwlJ	NC_007530.2	89.655	29	2	1	48	76	3794351	3794324	0.007	36.2
# BLASTN 2.13.0+
# Query: natA,natB
# Database: B._anthracis_NC_007530.2.fasta
# 0 hits found
# BLASTN 2.13.0+
# Query: mdr
# Database: B._anthracis_NC_007530.2.fasta
# Fields: query acc.ver, subject acc.ver, % identity, alignment length, mismatches, gap opens, q. start, q. end, s. start, s. end, evalue, bit score
# 1 hits found
mdr	NC_007530.2	95.652	23	0	1	87	109	1067759	1067738	0.007	36.2
# BLASTN 2.13.0+
# Query: nasB,nasC,nasD,nasE,nasF
# Database: B._anthracis_NC_007530.2.fasta
# 0 hits found
# BLASTN 2.13.0+
# Query: srfAA,srfAB,comS,srfAC,srfAD
# Database: B._anthracis_NC_007530.2.fasta
# 0 hits found
# BLASTN 2.13.0+
# Query: ycxC,ycxB
# Database: B._anthracis_NC_007530.2.fasta
# 0 hits found
# BLASTN 2.13.0+
# Query: yclE
# Database: B._anthracis_NC_007530.2.fasta
# 0 hits found
# BLASTN 2.13.0+
# Query: ycnC,ycnB
# Database: B._anthracis_NC_007530.2.fasta
# 0 hits found
# BLASTN 2.13.0+
# Query: ycnL
# Database: B._anthracis_NC_007530.2.fasta
# 0 hits found
# BLASTN 2.13.0+
# Query: ycsA
# Database: B._anthracis_NC_007530.2.fasta
# 0 hits found
# BLASTN 2.13.0+
# Query: ycsD
# Database: B._anthracis_NC_007530.2.fasta
# 0 hits found
# BLASTN 2.13.0+
# Query: gsiB
# Database: B._anthracis_NC_007530.2.fasta
# 0 hits found
# BLASTN 2.13.0+
# Query: phoB,ydhF
# Database: B._anthracis_NC_007530.2.fasta
# Fields: query acc.ver, subject acc.ver, % identity, alignment length, mismatches, gap opens, q. start, q. end, s. start, s. end, evalue, bit score
# 1 hits found
phoB,ydhF	NC_007530.2	100.000	19	0	0	37	55	1259035	1259017	0.007	36.2
# BLASTN 2.13.0+
# Query: ydiO,ydiP
# Database: B._anthracis_NC_007530.2.fasta
# 0 hits found
# BLASTN 2.13.0+
# Query: yfnB
# Database: B._anthracis_NC_007530.2.fasta
# 0 hits found
# BLASTN 2.13.0+
# Query: yfmQ
# Database: B._anthracis_NC_007530.2.fasta
# 0 hits found
# BLASTN 2.13.0+
# Query: yfmK
# Database: B._anthracis_NC_007530.2.fasta
# 0 hits found
# BLASTN 2.13.0+
# Query: yfmI,yfmJ
# Database: B._anthracis_NC_007530.2.fasta
# 0 hits found
# BLASTN 2.13.0+
# Query: yfjQ
# Database: B._anthracis_NC_007530.2.fasta
# 0 hits found
# BLASTN 2.13.0+
# Query: yfjP,yfjO
# Database: B._anthracis_NC_007530.2.fasta
# 0 hits found
# BLASTN 2.13.0+
# Query: yfjA,yfjB,yfjC,yfjD,yfjE,yfjF
# Database: B._anthracis_NC_007530.2.fasta
# 0 hits found
# BLASTN 2.13.0+
# Query: lipB
# Database: B._anthracis_NC_007530.2.fasta
# 0 hits found
# BLASTN 2.13.0+
# Query: yfiZ,yfhA
# Database: B._anthracis_NC_007530.2.fasta
# Fields: query acc.ver, subject acc.ver, % identity, alignment length, mismatches, gap opens, q. start, q. end, s. start, s. end, evalue, bit score
# 1 hits found
yfiZ,yfhA	NC_007530.2	95.652	23	0	1	21	42	3470012	3470034	0.007	36.2
# BLASTN 2.13.0+
# Query: yfhQ,fabL,sspE
# Database: B._anthracis_NC_007530.2.fasta
# Fields: query acc.ver, subject acc.ver, % identity, alignment length, mismatches, gap opens, q. start, q. end, s. start, s. end, evalue, bit score
# 1 hits found
yfhQ,fabL,sspE	NC_007530.2	92.308	26	1	1	83	108	3663857	3663833	0.007	36.2
# BLASTN 2.13.0+
# Query: yfhS
# Database: B._anthracis_NC_007530.2.fasta
# 0 hits found
# BLASTN 2.13.0+
# Query: yhdG
# Database: B._anthracis_NC_007530.2.fasta
# 0 hits found
# BLASTN 2.13.0+
# Query: sigM,yhdL,yhdK
# Database: B._anthracis_NC_007530.2.fasta
# 0 hits found
# BLASTN 2.13.0+
# Query: sspB
# Database: B._anthracis_NC_007530.2.fasta
# 0 hits found
# BLASTN 2.13.0+
# Query: oppA,oppB,oppC,oppD,oppF
# Database: B._anthracis_NC_007530.2.fasta
# Fields: query acc.ver, subject acc.ver, % identity, alignment length, mismatches, gap opens, q. start, q. end, s. start, s. end, evalue, bit score
# 1 hits found
oppA,oppB,oppC,oppD,oppF	NC_007530.2	86.111	36	1	3	17	50	196253	196286	0.007	36.2
# BLASTN 2.13.0+
# Query: yjbC,yjbD
# Database: B._anthracis_NC_007530.2.fasta
# 0 hits found
# BLASTN 2.13.0+
# Query: cotY,cotZ
# Database: B._anthracis_NC_007530.2.fasta
# 0 hits found
# BLASTN 2.13.0+
# Query: yjcI,yjcJ
# Database: B._anthracis_NC_007530.2.fasta
# Fields: query acc.ver, subject acc.ver, % identity, alignment length, mismatches, gap opens, q. start, q. end, s. start, s. end, evalue, bit score
# 1 hits found
yjcI,yjcJ	NC_007530.2	81.132	53	7	3	34	85	1239523	1239473	5.25e-04	39.9
# BLASTN 2.13.0+
# Query: yjfB
# Database: B._anthracis_NC_007530.2.fasta
# 0 hits found
# BLASTN 2.13.0+
# Query: dppA,dppB,dppC,dppD,dppE
# Database: B._anthracis_NC_007530.2.fasta
# 0 hits found
# BLASTN 2.13.0+
# Query: sspD
# Database: B._anthracis_NC_007530.2.fasta
# 0 hits found
# BLASTN 2.13.0+
# Query: splA,splB
# Database: B._anthracis_NC_007530.2.fasta
# 0 hits found
# BLASTN 2.13.0+
# Query: ykuD
# Database: B._anthracis_NC_007530.2.fasta
# 0 hits found
# BLASTN 2.13.0+
# Query: pdhA,pdhB,pdhC,pdhD
# Database: B._anthracis_NC_007530.2.fasta
# 0 hits found
# BLASTN 2.13.0+
# Query: ctaA
# Database: B._anthracis_NC_007530.2.fasta
# 0 hits found
# BLASTN 2.13.0+
# Query: spoIIGA,sigE,sigG
# Database: B._anthracis_NC_007530.2.fasta
# 0 hits found
# BLASTN 2.13.0+
# Query: pyrR,pyrP,pyrB,pyrC,pyrAA,pyrAB,pyrK,pyrD,pyrF,pyrE
# Database: B._anthracis_NC_007530.2.fasta
# 0 hits found
# BLASTN 2.13.0+
# Query: ylqB
# Database: B._anthracis_NC_007530.2.fasta
# Fields: query acc.ver, subject acc.ver, % identity, alignment length, mismatches, gap opens, q. start, q. end, s. start, s. end, evalue, bit score
# 1 hits found
ylqB	NC_007530.2	89.655	29	1	2	80	107	3965522	3965549	0.007	36.2
# BLASTN 2.13.0+
# Query: yneA,yneB,ynzC
# Database: B._anthracis_NC_007530.2.fasta
# 0 hits found
# BLASTN 2.13.0+
# Query: ccdA,yneI,yneJ
# Database: B._anthracis_NC_007530.2.fasta
# 0 hits found
# BLASTN 2.13.0+
# Query: yoxA,dacC
# Database: B._anthracis_NC_007530.2.fasta
# 0 hits found
# BLASTN 2.13.0+
# Query: yoaW
# Database: B._anthracis_NC_007530.2.fasta
# 0 hits found
# BLASTN 2.13.0+
# Query: phrK
# Database: B._anthracis_NC_007530.2.fasta
# 0 hits found
# BLASTN 2.13.0+
# Query: yocF,yocG
# Database: B._anthracis_NC_007530.2.fasta
# 0 hits found
# BLASTN 2.13.0+
# Query: cgeC,cgeD,cgeE
# Database: B._anthracis_NC_007530.2.fasta
# Fields: query acc.ver, subject acc.ver, % identity, alignment length, mismatches, gap opens, q. start, q. end, s. start, s. end, evalue, bit score
# 1 hits found
cgeC,cgeD,cgeE	NC_007530.2	81.818	44	7	1	41	83	4354913	4354956	0.007	36.2
# BLASTN 2.13.0+
# Query: sspC
# Database: B._anthracis_NC_007530.2.fasta
# 0 hits found
# BLASTN 2.13.0+
# Query: ilvA,ypmP
# Database: B._anthracis_NC_007530.2.fasta
# 0 hits found
# BLASTN 2.13.0+
# Query: ilvD
# Database: B._anthracis_NC_007530.2.fasta
# Fields: query acc.ver, subject acc.ver, % identity, alignment length, mismatches, gap opens, q. start, q. end, s. start, s. end, evalue, bit score
# 1 hits found
ilvD	NC_007530.2	93.750	32	2	0	17	48	2023159	2023128	1.19e-06	49.1
# BLASTN 2.13.0+
# Query: kdgR,kdgK,kdgA,kdgT
# Database: B._anthracis_NC_007530.2.fasta
# Fields: query acc.ver, subject acc.ver, % identity, alignment length, mismatches, gap opens, q. start, q. end, s. start, s. end, evalue, bit score
# 1 hits found
kdgR,kdgK,kdgA,kdgT	NC_007530.2	82.609	46	2	5	76	119	670233	670274	0.007	36.2
# BLASTN 2.13.0+
# Query: recU,ponA
# Database: B._anthracis_NC_007530.2.fasta
# 0 hits found
# BLASTN 2.13.0+
# Query: spoIVA
# Database: B._anthracis_NC_007530.2.fasta
# 0 hits found
# BLASTN 2.13.0+
# Query: sigX,rsiX
# Database: B._anthracis_NC_007530.2.fasta
# 0 hits found
# BLASTN 2.13.0+
# Query: ypuD
# Database: B._anthracis_NC_007530.2.fasta
# 0 hits found
# BLASTN 2.13.0+
# Query: drm,punA
# Database: B._anthracis_NC_007530.2.fasta
# 0 hits found
# BLASTN 2.13.0+
# Query: yqjP,yqjQ,dsdA,coaA,yqjT
# Database: B._anthracis_NC_007530.2.fasta
# 0 hits found
# BLASTN 2.13.0+
# Query: yqjM
# Database: B._anthracis_NC_007530.2.fasta
# 0 hits found
# BLASTN 2.13.0+
# Query: yqjH,yqjI
# Database: B._anthracis_NC_007530.2.fasta
# 0 hits found
# BLASTN 2.13.0+
# Query: bmrU,bmr,bmrR
# Database: B._anthracis_NC_007530.2.fasta
# 0 hits found
# BLASTN 2.13.0+
# Query: spo0A
# Database: B._anthracis_NC_007530.2.fasta
# 0 hits found
# BLASTN 2.13.0+
# Query: yqhV,spoIIIAA,spoIIIAB,spoIIIAC,spoIIIAD,spoIIIAE,spoIIIAF,spoIIIAG,spoIIIAH
# Database: B._anthracis_NC_007530.2.fasta
# 0 hits found
# BLASTN 2.13.0+
# Query: yqxD,dnaG,sigA
# Database: B._anthracis_NC_007530.2.fasta
# 0 hits found
# BLASTN 2.13.0+
# Query: antE
# Database: B._anthracis_NC_007530.2.fasta
# 0 hits found
# BLASTN 2.13.0+
# Query: comER
# Database: B._anthracis_NC_007530.2.fasta
# 0 hits found
# BLASTN 2.13.0+
# Query: levD,levE,levF,levG,sacC
# Database: B._anthracis_NC_007530.2.fasta
# 0 hits found
# BLASTN 2.13.0+
# Query: glnQ,glnH,glnM,glnP
# Database: B._anthracis_NC_007530.2.fasta
# Fields: query acc.ver, subject acc.ver, % identity, alignment length, mismatches, gap opens, q. start, q. end, s. start, s. end, evalue, bit score
# 1 hits found
glnQ,glnH,glnM,glnP	NC_007530.2	92.308	26	1	1	78	103	3572317	3572341	0.007	36.2
# BLASTN 2.13.0+
# Query: yrbD
# Database: B._anthracis_NC_007530.2.fasta
# 0 hits found
# BLASTN 2.13.0+
# Query: safA,coxA
# Database: B._anthracis_NC_007530.2.fasta
# 0 hits found
# BLASTN 2.13.0+
# Query: spoVID,ysxE
# Database: B._anthracis_NC_007530.2.fasta
# Fields: query acc.ver, subject acc.ver, % identity, alignment length, mismatches, gap opens, q. start, q. end, s. start, s. end, evalue, bit score
# 1 hits found
spoVID,ysxE	NC_007530.2	80.357	56	9	2	51	106	3133396	3133449	1.62e-04	41.7
# BLASTN 2.13.0+
# Query: hemA,hemX,hemC,hemD,hemB,hemL
# Database: B._anthracis_NC_007530.2.fasta
# 0 hits found
# BLASTN 2.13.0+
# Query: clpX
# Database: B._anthracis_NC_007530.2.fasta
# 0 hits found
# BLASTN 2.13.0+
# Query: araA,araB,araD,araL,araM,araN,araP,araQ,abfA
# Database: B._anthracis_NC_007530.2.fasta
# 0 hits found
# BLASTN 2.13.0+
# Query: gapB,speD
# Database: B._anthracis_NC_007530.2.fasta
# 0 hits found
# BLASTN 2.13.0+
# Query: phoP,phoR
# Database: B._anthracis_NC_007530.2.fasta
# Fields: query acc.ver, subject acc.ver, % identity, alignment length, mismatches, gap opens, q. start, q. end, s. start, s. end, evalue, bit score
# 1 hits found
phoP,phoR	NC_007530.2	90.625	32	1	2	82	112	4395245	4395275	1.52e-04	41.7
# BLASTN 2.13.0+
# Query: pfkA,pyk,ytzA
# Database: B._anthracis_NC_007530.2.fasta
# 0 hits found
# BLASTN 2.13.0+
# Query: bioW,bioA,bioF,bioD,bioB,bioI,ytbQ
# Database: B._anthracis_NC_007530.2.fasta
# 0 hits found
# BLASTN 2.13.0+
# Query: ytrA,ytrB,ytrC,ytrD,ytrE,ytrF
# Database: B._anthracis_NC_007530.2.fasta
# 0 hits found
# BLASTN 2.13.0+
# Query: asnB,ytnA
# Database: B._anthracis_NC_007530.2.fasta
# 0 hits found
# BLASTN 2.13.0+
# Query: yufN
# Database: B._anthracis_NC_007530.2.fasta
# Fields: query acc.ver, subject acc.ver, % identity, alignment length, mismatches, gap opens, q. start, q. end, s. start, s. end, evalue, bit score
# 1 hits found
yufN	NC_007530.2	95.833	24	0	1	80	102	3248701	3248678	0.002	38.1
# BLASTN 2.13.0+
# Query: yunB
# Database: B._anthracis_NC_007530.2.fasta
# 0 hits found
# BLASTN 2.13.0+
# Query: pucR,pucJ,pucK,pucL,pucM
# Database: B._anthracis_NC_007530.2.fasta
# Fields: query acc.ver, subject acc.ver, % identity, alignment length, mismatches, gap opens, q. start, q. end, s. start, s. end, evalue, bit score
# 1 hits found
pucR,pucJ,pucK,pucL,pucM	NC_007530.2	89.655	29	3	0	64	92	2387728	2387700	0.002	38.1
# BLASTN 2.13.0+
# Query: yvgR,yvgQ
# Database: B._anthracis_NC_007530.2.fasta
# 0 hits found
# BLASTN 2.13.0+
# Query: cggR,gapA,pgk,tpiA,pgm,eno
# Database: B._anthracis_NC_007530.2.fasta
# Fields: query acc.ver, subject acc.ver, % identity, alignment length, mismatches, gap opens, q. start, q. end, s. start, s. end, evalue, bit score
# 1 hits found
cggR,gapA,pgk,tpiA,pgm,eno	NC_007530.2	85.714	35	3	2	87	120	4841837	4841870	0.007	36.2
# BLASTN 2.13.0+
# Query: yvfG
# Database: B._anthracis_NC_007530.2.fasta
# 0 hits found
# BLASTN 2.13.0+
# Query: pbpE,racX
# Database: B._anthracis_NC_007530.2.fasta
# 0 hits found
# BLASTN 2.13.0+
# Query: sacB,yveB,yveA
# Database: B._anthracis_NC_007530.2.fasta
# 0 hits found
# BLASTN 2.13.0+
# Query: clpP
# Database: B._anthracis_NC_007530.2.fasta
# 0 hits found
# BLASTN 2.13.0+
# Query: yvzB
# Database: B._anthracis_NC_007530.2.fasta
# 0 hits found
# BLASTN 2.13.0+
# Query: csbA
# Database: B._anthracis_NC_007530.2.fasta
# 0 hits found
# BLASTN 2.13.0+
# Query: hag
# Database: B._anthracis_NC_007530.2.fasta
# 0 hits found
# BLASTN 2.13.0+
# Query: degS,degU
# Database: B._anthracis_NC_007530.2.fasta
# 0 hits found
# BLASTN 2.13.0+
# Query: spoIID
# Database: B._anthracis_NC_007530.2.fasta
# 0 hits found
# BLASTN 2.13.0+
# Query: ywlF,ywlG
# Database: B._anthracis_NC_007530.2.fasta
# 0 hits found
# BLASTN 2.13.0+
# Query: fbaA,ywjH
# Database: B._anthracis_NC_007530.2.fasta
# 0 hits found
# BLASTN 2.13.0+
# Query: sigY,yxlC,yxlD,yxlE,yxlF,yxlG
# Database: B._anthracis_NC_007530.2.fasta
# 0 hits found
# BLASTN 2.13.0+
# Query: yxiT
# Database: B._anthracis_NC_007530.2.fasta
# 0 hits found
# BLASTN 2.13.0+
# Query: licT,bglS
# Database: B._anthracis_NC_007530.2.fasta
# 0 hits found
# BLASTN 2.13.0+
# Query: wapA,yxxG
# Database: B._anthracis_NC_007530.2.fasta
# 0 hits found
# BLASTN 2.13.0+
# Query: deoR,dra,nupC,pdp
# Database: B._anthracis_NC_007530.2.fasta
# 0 hits found
# BLASTN 2.13.0+
# Query: yxeF,yxeG,yxeH
# Database: B._anthracis_NC_007530.2.fasta
# 0 hits found
# BLASTN 2.13.0+
# Query: yxeE
# Database: B._anthracis_NC_007530.2.fasta
# 0 hits found
# BLASTN 2.13.0+
# Query: htpG
# Database: B._anthracis_NC_007530.2.fasta
# 0 hits found
# BLASTN 2.13.0+
# Query: yxbB,yxbA,yxnB,asnH,yxaM
# Database: B._anthracis_NC_007530.2.fasta
# 0 hits found
# BLASTN 2.13.0+
# Query: yxaG,yxaH
# Database: B._anthracis_NC_007530.2.fasta
# 0 hits found
# BLASTN 2.13.0+
# Query: gntR,gntK,gntP,gntZ
# Database: B._anthracis_NC_007530.2.fasta
# 0 hits found
# BLASTN 2.13.0+
# Query: ahpC,ahpF
# Database: B._anthracis_NC_007530.2.fasta
# Fields: query acc.ver, subject acc.ver, % identity, alignment length, mismatches, gap opens, q. start, q. end, s. start, s. end, evalue, bit score
# 1 hits found
ahpC,ahpF	NC_007530.2	96.429	28	1	0	13	40	354379	354352	3.44e-06	47.3
# BLASTN 2.13.0+
# Query: yyzE,bglA
# Database: B._anthracis_NC_007530.2.fasta
# 0 hits found
# BLASTN 2.13.0+
# Query: rapG,phrG
# Database: B._anthracis_NC_007530.2.fasta
# 0 hits found
# BLASTN 2.13.0+
# Query: purA
# Database: B._anthracis_NC_007530.2.fasta
# 0 hits found
# BLASTN 2.13.0+
# Query: yyaO
# Database: B._anthracis_NC_007530.2.fasta
# 0 hits found
# BLASTN 2.13.0+
# Query: soj,spo0J
# Database: B._anthracis_NC_007530.2.fasta
# 0 hits found
# BLAST processed 130 queries
