# BLASTN 2.13.0+
# Query: dnaA,dnaN
# Database: B._cereus_NZ_CP017060.1.fasta
# 0 hits found
# BLASTN 2.13.0+
# Query: guaB
# Database: B._cereus_NZ_CP017060.1.fasta
# 0 hits found
# BLASTN 2.13.0+
# Query: yaaH
# Database: B._cereus_NZ_CP017060.1.fasta
# Fields: query acc.ver, subject acc.ver, % identity, alignment length, mismatches, gap opens, q. start, q. end, s. start, s. end, evalue, bit score
# 1 hits found
yaaH	NZ_CP017060.1	92.000	25	2	0	57	81	119070	119094	0.007	36.2
# BLASTN 2.13.0+
# Query: metS
# Database: B._cereus_NZ_CP017060.1.fasta
# Fields: query acc.ver, subject acc.ver, % identity, alignment length, mismatches, gap opens, q. start, q. end, s. start, s. end, evalue, bit score
# 1 hits found
metS	NZ_CP017060.1	80.000	60	8	4	8	63	43062	43121	1.63e-04	41.7
# BLASTN 2.13.0+
# Query: yabG
# Database: B._cereus_NZ_CP017060.1.fasta
# 0 hits found
# BLASTN 2.13.0+
# Query: veg
# Database: B._cereus_NZ_CP017060.1.fasta
# 0 hits found
# BLASTN 2.13.0+
# Query: sspF
# Database: B._cereus_NZ_CP017060.1.fasta
# 0 hits found
# BLASTN 2.13.0+
# Query: spoVG
# Database: B._cereus_NZ_CP017060.1.fasta
# 0 hits found
# BLASTN 2.13.0+
# Query: pabB,pabA,pabC,sul,folB,folK,yazB,yacF,lysS
# Database: B._cereus_NZ_CP017060.1.fasta
# 0 hits found
# BLASTN 2.13.0+
# Query: adaA,adaB
# Database: B._cereus_NZ_CP017060.1.fasta
# Fields: query acc.ver, subject acc.ver, % identity, alignment length, mismatches, gap opens, q. start, q. end, s. start, s. end, evalue, bit score
# 1 hits found
adaA,adaB	NZ_CP017060.1	83.051	118	18	2	7	123	3046713	3046597	7.07e-24	106
# BLASTN 2.13.0+
# Query: ybcL
# Database: B._cereus_NZ_CP017060.1.fasta
# Fields: query acc.ver, subject acc.ver, % identity, alignment length, mismatches, gap opens, q. start, q. end, s. start, s. end, evalue, bit score
# 1 hits found
ybcL	NZ_CP017060.1	90.909	33	1	2	11	41	321672	321640	4.25e-05	43.6
# BLASTN 2.13.0+
# Query: ybdO
# Database: B._cereus_NZ_CP017060.1.fasta
# Fields: query acc.ver, subject acc.ver, % identity, alignment length, mismatches, gap opens, q. start, q. end, s. start, s. end, evalue, bit score
# 1 hits found
ybdO	NZ_CP017060.1	90.625	32	1	2	46	76	3055236	3055266	1.53e-04	41.7
# BLASTN 2.13.0+
# Query: csgA,ybxH
# Database: B._cereus_NZ_CP017060.1.fasta
# Fields: query acc.ver, subject acc.ver, % identity, alignment length, mismatches, gap opens, q. start, q. end, s. start, s. end, evalue, bit score
# 1 hits found
csgA,ybxH	NZ_CP017060.1	88.235	34	2	2	42	74	2516086	2516054	5.28e-04	39.9
# BLASTN 2.13.0+
# Query: glpT,glpQ
# Database: B._cereus_NZ_CP017060.1.fasta
# 0 hits found
# BLASTN 2.13.0+
# Query: ybgE
# Database: B._cereus_NZ_CP017060.1.fasta
# 0 hits found
# BLASTN 2.13.0+
# Query: ycbC,ycbD,ycbE,ycbF,ycbG,ycbH,ycbJ
# Database: B._cereus_NZ_CP017060.1.fasta
# Fields: query acc.ver, subject acc.ver, % identity, alignment length, mismatches, gap opens, q. start, q. end, s. start, s. end, evalue, bit score
# 1 hits found
ycbC,ycbD,ycbE,ycbF,ycbG,ycbH,ycbJ	NZ_CP017060.1	92.105	38	2	1	21	57	4370627	4370590	7.12e-08	52.8
# BLASTN 2.13.0+
# Query: cwlJ
# Database: B._cereus_NZ_CP017060.1.fasta
# Fields: query acc.ver, subject acc.ver, % identity, alignment length, mismatches, gap opens, q. start, q. end, s. start, s. end, evalue, bit score
# 1 hits found
cwlJ	NZ_CP017060.1	89.286	28	3	0	76	103	5108124	5108097	0.007	36.2
# BLASTN 2.13.0+
# Query: natA,natB
# Database: B._cereus_NZ_CP017060.1.fasta
# 0 hits found
# BLASTN 2.13.0+
# Query: mdr
# Database: B._cereus_NZ_CP017060.1.fasta
# 0 hits found
# BLASTN 2.13.0+
# Query: nasB,nasC,nasD,nasE,nasF
# Database: B._cereus_NZ_CP017060.1.fasta
# 0 hits found
# BLASTN 2.13.0+
# Query: srfAA,srfAB,comS,srfAC,srfAD
# Database: B._cereus_NZ_CP017060.1.fasta
# 0 hits found
# BLASTN 2.13.0+
# Query: ycxC,ycxB
# Database: B._cereus_NZ_CP017060.1.fasta
# 0 hits found
# BLASTN 2.13.0+
# Query: yclE
# Database: B._cereus_NZ_CP017060.1.fasta
# 0 hits found
# BLASTN 2.13.0+
# Query: ycnC,ycnB
# Database: B._cereus_NZ_CP017060.1.fasta
# Fields: query acc.ver, subject acc.ver, % identity, alignment length, mismatches, gap opens, q. start, q. end, s. start, s. end, evalue, bit score
# 1 hits found
ycnC,ycnB	NZ_CP017060.1	100.000	19	0	0	7	25	2830324	2830306	0.007	36.2
# BLASTN 2.13.0+
# Query: ycnL
# Database: B._cereus_NZ_CP017060.1.fasta
# 0 hits found
# BLASTN 2.13.0+
# Query: ycsA
# Database: B._cereus_NZ_CP017060.1.fasta
# 0 hits found
# BLASTN 2.13.0+
# Query: ycsD
# Database: B._cereus_NZ_CP017060.1.fasta
# 0 hits found
# BLASTN 2.13.0+
# Query: gsiB
# Database: B._cereus_NZ_CP017060.1.fasta
# 0 hits found
# BLASTN 2.13.0+
# Query: phoB,ydhF
# Database: B._cereus_NZ_CP017060.1.fasta
# 0 hits found
# BLASTN 2.13.0+
# Query: ydiO,ydiP
# Database: B._cereus_NZ_CP017060.1.fasta
# 0 hits found
# BLASTN 2.13.0+
# Query: yfnB
# Database: B._cereus_NZ_CP017060.1.fasta
# 0 hits found
# BLASTN 2.13.0+
# Query: yfmQ
# Database: B._cereus_NZ_CP017060.1.fasta
# 0 hits found
# BLASTN 2.13.0+
# Query: yfmK
# Database: B._cereus_NZ_CP017060.1.fasta
# 0 hits found
# BLASTN 2.13.0+
# Query: yfmI,yfmJ
# Database: B._cereus_NZ_CP017060.1.fasta
# 0 hits found
# BLASTN 2.13.0+
# Query: yfjQ
# Database: B._cereus_NZ_CP017060.1.fasta
# 0 hits found
# BLASTN 2.13.0+
# Query: yfjP,yfjO
# Database: B._cereus_NZ_CP017060.1.fasta
# Fields: query acc.ver, subject acc.ver, % identity, alignment length, mismatches, gap opens, q. start, q. end, s. start, s. end, evalue, bit score
# 1 hits found
yfjP,yfjO	NZ_CP017060.1	95.455	22	1	0	51	72	4885015	4884994	0.008	36.2
# BLASTN 2.13.0+
# Query: yfjA,yfjB,yfjC,yfjD,yfjE,yfjF
# Database: B._cereus_NZ_CP017060.1.fasta
# 0 hits found
# BLASTN 2.13.0+
# Query: lipB
# Database: B._cereus_NZ_CP017060.1.fasta
# 0 hits found
# BLASTN 2.13.0+
# Query: yfiZ,yfhA
# Database: B._cereus_NZ_CP017060.1.fasta
# 0 hits found
# BLASTN 2.13.0+
# Query: yfhQ,fabL,sspE
# Database: B._cereus_NZ_CP017060.1.fasta
# 0 hits found
# BLASTN 2.13.0+
# Query: yfhS
# Database: B._cereus_NZ_CP017060.1.fasta
# 0 hits found
# BLASTN 2.13.0+
# Query: yhdG
# Database: B._cereus_NZ_CP017060.1.fasta
# Fields: query acc.ver, subject acc.ver, % identity, alignment length, mismatches, gap opens, q. start, q. end, s. start, s. end, evalue, bit score
# 1 hits found
yhdG	NZ_CP017060.1	93.548	31	2	0	18	48	1203183	1203153	3.25e-06	47.3
# BLASTN 2.13.0+
# Query: sigM,yhdL,yhdK
# Database: B._cereus_NZ_CP017060.1.fasta
# Fields: query acc.ver, subject acc.ver, % identity, alignment length, mismatches, gap opens, q. start, q. end, s. start, s. end, evalue, bit score
# 1 hits found
sigM,yhdL,yhdK	NZ_CP017060.1	95.652	23	0	1	94	116	4658358	4658379	0.007	36.2
# BLASTN 2.13.0+
# Query: sspB
# Database: B._cereus_NZ_CP017060.1.fasta
# 0 hits found
# BLASTN 2.13.0+
# Query: oppA,oppB,oppC,oppD,oppF
# Database: B._cereus_NZ_CP017060.1.fasta
# 0 hits found
# BLASTN 2.13.0+
# Query: yjbC,yjbD
# Database: B._cereus_NZ_CP017060.1.fasta
# 0 hits found
# BLASTN 2.13.0+
# Query: cotY,cotZ
# Database: B._cereus_NZ_CP017060.1.fasta
# 0 hits found
# BLASTN 2.13.0+
# Query: yjcI,yjcJ
# Database: B._cereus_NZ_CP017060.1.fasta
# 0 hits found
# BLASTN 2.13.0+
# Query: yjfB
# Database: B._cereus_NZ_CP017060.1.fasta
# 0 hits found
# BLASTN 2.13.0+
# Query: dppA,dppB,dppC,dppD,dppE
# Database: B._cereus_NZ_CP017060.1.fasta
# 0 hits found
# BLASTN 2.13.0+
# Query: sspD
# Database: B._cereus_NZ_CP017060.1.fasta
# 0 hits found
# BLASTN 2.13.0+
# Query: splA,splB
# Database: B._cereus_NZ_CP017060.1.fasta
# 0 hits found
# BLASTN 2.13.0+
# Query: ykuD
# Database: B._cereus_NZ_CP017060.1.fasta
# Fields: query acc.ver, subject acc.ver, % identity, alignment length, mismatches, gap opens, q. start, q. end, s. start, s. end, evalue, bit score
# 1 hits found
ykuD	NZ_CP017060.1	100.000	20	0	0	41	60	3240795	3240776	0.002	38.1
# BLASTN 2.13.0+
# Query: pdhA,pdhB,pdhC,pdhD
# Database: B._cereus_NZ_CP017060.1.fasta
# 0 hits found
# BLASTN 2.13.0+
# Query: ctaA
# Database: B._cereus_NZ_CP017060.1.fasta
# 0 hits found
# BLASTN 2.13.0+
# Query: spoIIGA,sigE,sigG
# Database: B._cereus_NZ_CP017060.1.fasta
# 0 hits found
# BLASTN 2.13.0+
# Query: pyrR,pyrP,pyrB,pyrC,pyrAA,pyrAB,pyrK,pyrD,pyrF,pyrE
# Database: B._cereus_NZ_CP017060.1.fasta
# 0 hits found
# BLASTN 2.13.0+
# Query: ylqB
# Database: B._cereus_NZ_CP017060.1.fasta
# Fields: query acc.ver, subject acc.ver, % identity, alignment length, mismatches, gap opens, q. start, q. end, s. start, s. end, evalue, bit score
# 1 hits found
ylqB	NZ_CP017060.1	92.000	25	2	0	71	95	2076095	2076071	0.007	36.2
# BLASTN 2.13.0+
# Query: yneA,yneB,ynzC
# Database: B._cereus_NZ_CP017060.1.fasta
# 0 hits found
# BLASTN 2.13.0+
# Query: ccdA,yneI,yneJ
# Database: B._cereus_NZ_CP017060.1.fasta
# Fields: query acc.ver, subject acc.ver, % identity, alignment length, mismatches, gap opens, q. start, q. end, s. start, s. end, evalue, bit score
# 1 hits found
ccdA,yneI,yneJ	NZ_CP017060.1	84.444	45	2	5	40	79	4037820	4037776	5.33e-04	39.9
# BLASTN 2.13.0+
# Query: yoxA,dacC
# Database: B._cereus_NZ_CP017060.1.fasta
# 0 hits found
# BLASTN 2.13.0+
# Query: yoaW
# Database: B._cereus_NZ_CP017060.1.fasta
# 0 hits found
# BLASTN 2.13.0+
# Query: phrK
# Database: B._cereus_NZ_CP017060.1.fasta
# 0 hits found
# BLASTN 2.13.0+
# Query: yocF,yocG
# Database: B._cereus_NZ_CP017060.1.fasta
# 0 hits found
# BLASTN 2.13.0+
# Query: cgeC,cgeD,cgeE
# Database: B._cereus_NZ_CP017060.1.fasta
# 0 hits found
# BLASTN 2.13.0+
# Query: sspC
# Database: B._cereus_NZ_CP017060.1.fasta
# Fields: query acc.ver, subject acc.ver, % identity, alignment length, mismatches, gap opens, q. start, q. end, s. start, s. end, evalue, bit score
# 1 hits found
sspC	NZ_CP017060.1	88.235	34	1	3	46	79	3081709	3081679	0.002	38.1
# BLASTN 2.13.0+
# Query: ilvA,ypmP
# Database: B._cereus_NZ_CP017060.1.fasta
# 0 hits found
# BLASTN 2.13.0+
# Query: ilvD
# Database: B._cereus_NZ_CP017060.1.fasta
# Fields: query acc.ver, subject acc.ver, % identity, alignment length, mismatches, gap opens, q. start, q. end, s. start, s. end, evalue, bit score
# 1 hits found
ilvD	NZ_CP017060.1	93.750	32	2	0	17	48	2035759	2035728	1.23e-06	49.1
# BLASTN 2.13.0+
# Query: kdgR,kdgK,kdgA,kdgT
# Database: B._cereus_NZ_CP017060.1.fasta
# 0 hits found
# BLASTN 2.13.0+
# Query: recU,ponA
# Database: B._cereus_NZ_CP017060.1.fasta
# 0 hits found
# BLASTN 2.13.0+
# Query: spoIVA
# Database: B._cereus_NZ_CP017060.1.fasta
# 0 hits found
# BLASTN 2.13.0+
# Query: sigX,rsiX
# Database: B._cereus_NZ_CP017060.1.fasta
# 0 hits found
# BLASTN 2.13.0+
# Query: ypuD
# Database: B._cereus_NZ_CP017060.1.fasta
# 0 hits found
# BLASTN 2.13.0+
# Query: drm,punA
# Database: B._cereus_NZ_CP017060.1.fasta
# 0 hits found
# BLASTN 2.13.0+
# Query: yqjP,yqjQ,dsdA,coaA,yqjT
# Database: B._cereus_NZ_CP017060.1.fasta
# 0 hits found
# BLASTN 2.13.0+
# Query: yqjM
# Database: B._cereus_NZ_CP017060.1.fasta
# 0 hits found
# BLASTN 2.13.0+
# Query: yqjH,yqjI
# Database: B._cereus_NZ_CP017060.1.fasta
# 0 hits found
# BLASTN 2.13.0+
# Query: bmrU,bmr,bmrR
# Database: B._cereus_NZ_CP017060.1.fasta
# Fields: query acc.ver, subject acc.ver, % identity, alignment length, mismatches, gap opens, q. start, q. end, s. start, s. end, evalue, bit score
# 1 hits found
bmrU,bmr,bmrR	NZ_CP017060.1	85.714	35	4	1	55	88	1129729	1129695	0.008	36.2
# BLASTN 2.13.0+
# Query: spo0A
# Database: B._cereus_NZ_CP017060.1.fasta
# 0 hits found
# BLASTN 2.13.0+
# Query: yqhV,spoIIIAA,spoIIIAB,spoIIIAC,spoIIIAD,spoIIIAE,spoIIIAF,spoIIIAG,spoIIIAH
# Database: B._cereus_NZ_CP017060.1.fasta
# 0 hits found
# BLASTN 2.13.0+
# Query: yqxD,dnaG,sigA
# Database: B._cereus_NZ_CP017060.1.fasta
# 0 hits found
# BLASTN 2.13.0+
# Query: antE
# Database: B._cereus_NZ_CP017060.1.fasta
# 0 hits found
# BLASTN 2.13.0+
# Query: comER
# Database: B._cereus_NZ_CP017060.1.fasta
# 0 hits found
# BLASTN 2.13.0+
# Query: levD,levE,levF,levG,sacC
# Database: B._cereus_NZ_CP017060.1.fasta
# 0 hits found
# BLASTN 2.13.0+
# Query: glnQ,glnH,glnM,glnP
# Database: B._cereus_NZ_CP017060.1.fasta
# 0 hits found
# BLASTN 2.13.0+
# Query: yrbD
# Database: B._cereus_NZ_CP017060.1.fasta
# 0 hits found
# BLASTN 2.13.0+
# Query: safA,coxA
# Database: B._cereus_NZ_CP017060.1.fasta
# 0 hits found
# BLASTN 2.13.0+
# Query: spoVID,ysxE
# Database: B._cereus_NZ_CP017060.1.fasta
# Fields: query acc.ver, subject acc.ver, % identity, alignment length, mismatches, gap opens, q. start, q. end, s. start, s. end, evalue, bit score
# 1 hits found
spoVID,ysxE	NZ_CP017060.1	82.456	57	5	4	51	106	3226652	3226704	1.28e-05	45.4
# BLASTN 2.13.0+
# Query: hemA,hemX,hemC,hemD,hemB,hemL
# Database: B._cereus_NZ_CP017060.1.fasta
# 0 hits found
# BLASTN 2.13.0+
# Query: clpX
# Database: B._cereus_NZ_CP017060.1.fasta
# 0 hits found
# BLASTN 2.13.0+
# Query: araA,araB,araD,araL,araM,araN,araP,araQ,abfA
# Database: B._cereus_NZ_CP017060.1.fasta
# 0 hits found
# BLASTN 2.13.0+
# Query: gapB,speD
# Database: B._cereus_NZ_CP017060.1.fasta
# Fields: query acc.ver, subject acc.ver, % identity, alignment length, mismatches, gap opens, q. start, q. end, s. start, s. end, evalue, bit score
# 1 hits found
gapB,speD	NZ_CP017060.1	90.323	31	2	1	84	113	5164436	5164466	6.59e-04	39.9
# BLASTN 2.13.0+
# Query: phoP,phoR
# Database: B._cereus_NZ_CP017060.1.fasta
# Fields: query acc.ver, subject acc.ver, % identity, alignment length, mismatches, gap opens, q. start, q. end, s. start, s. end, evalue, bit score
# 1 hits found
phoP,phoR	NZ_CP017060.1	90.625	32	1	2	82	112	4485251	4485281	1.56e-04	41.7
# BLASTN 2.13.0+
# Query: pfkA,pyk,ytzA
# Database: B._cereus_NZ_CP017060.1.fasta
# 0 hits found
# BLASTN 2.13.0+
# Query: bioW,bioA,bioF,bioD,bioB,bioI,ytbQ
# Database: B._cereus_NZ_CP017060.1.fasta
# 0 hits found
# BLASTN 2.13.0+
# Query: ytrA,ytrB,ytrC,ytrD,ytrE,ytrF
# Database: B._cereus_NZ_CP017060.1.fasta
# 0 hits found
# BLASTN 2.13.0+
# Query: asnB,ytnA
# Database: B._cereus_NZ_CP017060.1.fasta
# 0 hits found
# BLASTN 2.13.0+
# Query: yufN
# Database: B._cereus_NZ_CP017060.1.fasta
# 0 hits found
# BLASTN 2.13.0+
# Query: yunB
# Database: B._cereus_NZ_CP017060.1.fasta
# Fields: query acc.ver, subject acc.ver, % identity, alignment length, mismatches, gap opens, q. start, q. end, s. start, s. end, evalue, bit score
# 1 hits found
yunB	NZ_CP017060.1	95.455	22	1	0	76	97	4813558	4813579	0.007	36.2
# BLASTN 2.13.0+
# Query: pucR,pucJ,pucK,pucL,pucM
# Database: B._cereus_NZ_CP017060.1.fasta
# Fields: query acc.ver, subject acc.ver, % identity, alignment length, mismatches, gap opens, q. start, q. end, s. start, s. end, evalue, bit score
# 1 hits found
pucR,pucJ,pucK,pucL,pucM	NZ_CP017060.1	82.000	50	6	2	36	85	4013411	4013365	5.18e-04	39.9
# BLASTN 2.13.0+
# Query: yvgR,yvgQ
# Database: B._cereus_NZ_CP017060.1.fasta
# 0 hits found
# BLASTN 2.13.0+
# Query: cggR,gapA,pgk,tpiA,pgm,eno
# Database: B._cereus_NZ_CP017060.1.fasta
# 0 hits found
# BLASTN 2.13.0+
# Query: yvfG
# Database: B._cereus_NZ_CP017060.1.fasta
# 0 hits found
# BLASTN 2.13.0+
# Query: pbpE,racX
# Database: B._cereus_NZ_CP017060.1.fasta
# 0 hits found
# BLASTN 2.13.0+
# Query: sacB,yveB,yveA
# Database: B._cereus_NZ_CP017060.1.fasta
# 0 hits found
# BLASTN 2.13.0+
# Query: clpP
# Database: B._cereus_NZ_CP017060.1.fasta
# 0 hits found
# BLASTN 2.13.0+
# Query: yvzB
# Database: B._cereus_NZ_CP017060.1.fasta
# 0 hits found
# BLASTN 2.13.0+
# Query: csbA
# Database: B._cereus_NZ_CP017060.1.fasta
# Fields: query acc.ver, subject acc.ver, % identity, alignment length, mismatches, gap opens, q. start, q. end, s. start, s. end, evalue, bit score
# 1 hits found
csbA	NZ_CP017060.1	86.111	36	2	3	37	69	1633607	1633572	0.007	36.2
# BLASTN 2.13.0+
# Query: hag
# Database: B._cereus_NZ_CP017060.1.fasta
# 0 hits found
# BLASTN 2.13.0+
# Query: degS,degU
# Database: B._cereus_NZ_CP017060.1.fasta
# 0 hits found
# BLASTN 2.13.0+
# Query: spoIID
# Database: B._cereus_NZ_CP017060.1.fasta
# 0 hits found
# BLASTN 2.13.0+
# Query: ywlF,ywlG
# Database: B._cereus_NZ_CP017060.1.fasta
# Fields: query acc.ver, subject acc.ver, % identity, alignment length, mismatches, gap opens, q. start, q. end, s. start, s. end, evalue, bit score
# 1 hits found
ywlF,ywlG	NZ_CP017060.1	82.927	41	5	2	8	48	3674864	3674902	0.006	36.2
# BLASTN 2.13.0+
# Query: fbaA,ywjH
# Database: B._cereus_NZ_CP017060.1.fasta
# 0 hits found
# BLASTN 2.13.0+
# Query: sigY,yxlC,yxlD,yxlE,yxlF,yxlG
# Database: B._cereus_NZ_CP017060.1.fasta
# 0 hits found
# BLASTN 2.13.0+
# Query: yxiT
# Database: B._cereus_NZ_CP017060.1.fasta
# Fields: query acc.ver, subject acc.ver, % identity, alignment length, mismatches, gap opens, q. start, q. end, s. start, s. end, evalue, bit score
# 1 hits found
yxiT	NZ_CP017060.1	92.000	25	2	0	79	103	1165553	1165529	0.008	36.2
# BLASTN 2.13.0+
# Query: licT,bglS
# Database: B._cereus_NZ_CP017060.1.fasta
# 0 hits found
# BLASTN 2.13.0+
# Query: wapA,yxxG
# Database: B._cereus_NZ_CP017060.1.fasta
# 0 hits found
# BLASTN 2.13.0+
# Query: deoR,dra,nupC,pdp
# Database: B._cereus_NZ_CP017060.1.fasta
# 0 hits found
# BLASTN 2.13.0+
# Query: yxeF,yxeG,yxeH
# Database: B._cereus_NZ_CP017060.1.fasta
# 0 hits found
# BLASTN 2.13.0+
# Query: yxeE
# Database: B._cereus_NZ_CP017060.1.fasta
# 0 hits found
# BLASTN 2.13.0+
# Query: htpG
# Database: B._cereus_NZ_CP017060.1.fasta
# 0 hits found
# BLASTN 2.13.0+
# Query: yxbB,yxbA,yxnB,asnH,yxaM
# Database: B._cereus_NZ_CP017060.1.fasta
# 0 hits found
# BLASTN 2.13.0+
# Query: yxaG,yxaH
# Database: B._cereus_NZ_CP017060.1.fasta
# 0 hits found
# BLASTN 2.13.0+
# Query: gntR,gntK,gntP,gntZ
# Database: B._cereus_NZ_CP017060.1.fasta
# 0 hits found
# BLASTN 2.13.0+
# Query: ahpC,ahpF
# Database: B._cereus_NZ_CP017060.1.fasta
# Fields: query acc.ver, subject acc.ver, % identity, alignment length, mismatches, gap opens, q. start, q. end, s. start, s. end, evalue, bit score
# 1 hits found
ahpC,ahpF	NZ_CP017060.1	90.909	33	2	1	13	45	365990	365959	4.57e-05	43.6
# BLASTN 2.13.0+
# Query: yyzE,bglA
# Database: B._cereus_NZ_CP017060.1.fasta
# 0 hits found
# BLASTN 2.13.0+
# Query: rapG,phrG
# Database: B._cereus_NZ_CP017060.1.fasta
# 0 hits found
# BLASTN 2.13.0+
# Query: purA
# Database: B._cereus_NZ_CP017060.1.fasta
# 0 hits found
# BLASTN 2.13.0+
# Query: yyaO
# Database: B._cereus_NZ_CP017060.1.fasta
# 0 hits found
# BLASTN 2.13.0+
# Query: soj,spo0J
# Database: B._cereus_NZ_CP017060.1.fasta
# Fields: query acc.ver, subject acc.ver, % identity, alignment length, mismatches, gap opens, q. start, q. end, s. start, s. end, evalue, bit score
# 1 hits found
soj,spo0J	NZ_CP017060.1	82.609	46	4	3	42	87	2260079	2260038	0.002	38.1
# BLAST processed 130 queries
