# BLASTN 2.13.0+
# Query: dnaA,dnaN
# Database: B._mycoides_NZ_CP035997.1.fasta
# 0 hits found
# BLASTN 2.13.0+
# Query: guaB
# Database: B._mycoides_NZ_CP035997.1.fasta
# 0 hits found
# BLASTN 2.13.0+
# Query: yaaH
# Database: B._mycoides_NZ_CP035997.1.fasta
# Fields: query acc.ver, subject acc.ver, % identity, alignment length, mismatches, gap opens, q. start, q. end, s. start, s. end, evalue, bit score
# 1 hits found
yaaH	NZ_CP035997.1	92.000	25	2	0	57	81	2661191	2661167	0.007	36.2
# BLASTN 2.13.0+
# Query: metS
# Database: B._mycoides_NZ_CP035997.1.fasta
# Fields: query acc.ver, subject acc.ver, % identity, alignment length, mismatches, gap opens, q. start, q. end, s. start, s. end, evalue, bit score
# 1 hits found
metS	NZ_CP035997.1	80.282	71	8	6	7	73	2737276	2737208	9.46e-07	49.1
# BLASTN 2.13.0+
# Query: yabG
# Database: B._mycoides_NZ_CP035997.1.fasta
# 0 hits found
# BLASTN 2.13.0+
# Query: veg
# Database: B._mycoides_NZ_CP035997.1.fasta
# 0 hits found
# BLASTN 2.13.0+
# Query: sspF
# Database: B._mycoides_NZ_CP035997.1.fasta
# 0 hits found
# BLASTN 2.13.0+
# Query: spoVG
# Database: B._mycoides_NZ_CP035997.1.fasta
# 0 hits found
# BLASTN 2.13.0+
# Query: pabB,pabA,pabC,sul,folB,folK,yazB,yacF,lysS
# Database: B._mycoides_NZ_CP035997.1.fasta
# 0 hits found
# BLASTN 2.13.0+
# Query: adaA,adaB
# Database: B._mycoides_NZ_CP035997.1.fasta
# 0 hits found
# BLASTN 2.13.0+
# Query: ybcL
# Database: B._mycoides_NZ_CP035997.1.fasta
# 0 hits found
# BLASTN 2.13.0+
# Query: ybdO
# Database: B._mycoides_NZ_CP035997.1.fasta
# Fields: query acc.ver, subject acc.ver, % identity, alignment length, mismatches, gap opens, q. start, q. end, s. start, s. end, evalue, bit score
# 1 hits found
ybdO	NZ_CP035997.1	86.364	44	3	3	35	76	5068679	5068637	1.15e-05	45.4
# BLASTN 2.13.0+
# Query: csgA,ybxH
# Database: B._mycoides_NZ_CP035997.1.fasta
# 0 hits found
# BLASTN 2.13.0+
# Query: glpT,glpQ
# Database: B._mycoides_NZ_CP035997.1.fasta
# 0 hits found
# BLASTN 2.13.0+
# Query: ybgE
# Database: B._mycoides_NZ_CP035997.1.fasta
# 0 hits found
# BLASTN 2.13.0+
# Query: ycbC,ycbD,ycbE,ycbF,ycbG,ycbH,ycbJ
# Database: B._mycoides_NZ_CP035997.1.fasta
# Fields: query acc.ver, subject acc.ver, % identity, alignment length, mismatches, gap opens, q. start, q. end, s. start, s. end, evalue, bit score
# 1 hits found
ycbC,ycbD,ycbE,ycbF,ycbG,ycbH,ycbJ	NZ_CP035997.1	92.105	38	2	1	21	57	3762742	3762779	6.92e-08	52.8
# BLASTN 2.13.0+
# Query: cwlJ
# Database: B._mycoides_NZ_CP035997.1.fasta
# Fields: query acc.ver, subject acc.ver, % identity, alignment length, mismatches, gap opens, q. start, q. end, s. start, s. end, evalue, bit score
# 1 hits found
cwlJ	NZ_CP035997.1	89.286	28	3	0	76	103	3047175	3047202	0.007	36.2
# BLASTN 2.13.0+
# Query: natA,natB
# Database: B._mycoides_NZ_CP035997.1.fasta
# Fields: query acc.ver, subject acc.ver, % identity, alignment length, mismatches, gap opens, q. start, q. end, s. start, s. end, evalue, bit score
# 1 hits found
natA,natB	NZ_CP035997.1	89.655	29	3	0	46	74	1312266	1312238	0.002	38.1
# BLASTN 2.13.0+
# Query: mdr
# Database: B._mycoides_NZ_CP035997.1.fasta
# 0 hits found
# BLASTN 2.13.0+
# Query: nasB,nasC,nasD,nasE,nasF
# Database: B._mycoides_NZ_CP035997.1.fasta
# 0 hits found
# BLASTN 2.13.0+
# Query: srfAA,srfAB,comS,srfAC,srfAD
# Database: B._mycoides_NZ_CP035997.1.fasta
# 0 hits found
# BLASTN 2.13.0+
# Query: ycxC,ycxB
# Database: B._mycoides_NZ_CP035997.1.fasta
# 0 hits found
# BLASTN 2.13.0+
# Query: yclE
# Database: B._mycoides_NZ_CP035997.1.fasta
# 0 hits found
# BLASTN 2.13.0+
# Query: ycnC,ycnB
# Database: B._mycoides_NZ_CP035997.1.fasta
# 0 hits found
# BLASTN 2.13.0+
# Query: ycnL
# Database: B._mycoides_NZ_CP035997.1.fasta
# 0 hits found
# BLASTN 2.13.0+
# Query: ycsA
# Database: B._mycoides_NZ_CP035997.1.fasta
# 0 hits found
# BLASTN 2.13.0+
# Query: ycsD
# Database: B._mycoides_NZ_CP035997.1.fasta
# 0 hits found
# BLASTN 2.13.0+
# Query: gsiB
# Database: B._mycoides_NZ_CP035997.1.fasta
# 0 hits found
# BLASTN 2.13.0+
# Query: phoB,ydhF
# Database: B._mycoides_NZ_CP035997.1.fasta
# 0 hits found
# BLASTN 2.13.0+
# Query: ydiO,ydiP
# Database: B._mycoides_NZ_CP035997.1.fasta
# 0 hits found
# BLASTN 2.13.0+
# Query: yfnB
# Database: B._mycoides_NZ_CP035997.1.fasta
# 0 hits found
# BLASTN 2.13.0+
# Query: yfmQ
# Database: B._mycoides_NZ_CP035997.1.fasta
# 0 hits found
# BLASTN 2.13.0+
# Query: yfmK
# Database: B._mycoides_NZ_CP035997.1.fasta
# 0 hits found
# BLASTN 2.13.0+
# Query: yfmI,yfmJ
# Database: B._mycoides_NZ_CP035997.1.fasta
# 0 hits found
# BLASTN 2.13.0+
# Query: yfjQ
# Database: B._mycoides_NZ_CP035997.1.fasta
# 0 hits found
# BLASTN 2.13.0+
# Query: yfjP,yfjO
# Database: B._mycoides_NZ_CP035997.1.fasta
# 0 hits found
# BLASTN 2.13.0+
# Query: yfjA,yfjB,yfjC,yfjD,yfjE,yfjF
# Database: B._mycoides_NZ_CP035997.1.fasta
# 0 hits found
# BLASTN 2.13.0+
# Query: lipB
# Database: B._mycoides_NZ_CP035997.1.fasta
# 0 hits found
# BLASTN 2.13.0+
# Query: yfiZ,yfhA
# Database: B._mycoides_NZ_CP035997.1.fasta
# Fields: query acc.ver, subject acc.ver, % identity, alignment length, mismatches, gap opens, q. start, q. end, s. start, s. end, evalue, bit score
# 1 hits found
yfiZ,yfhA	NZ_CP035997.1	90.000	30	1	2	56	84	3581306	3581334	0.002	38.1
# BLASTN 2.13.0+
# Query: yfhQ,fabL,sspE
# Database: B._mycoides_NZ_CP035997.1.fasta
# 0 hits found
# BLASTN 2.13.0+
# Query: yfhS
# Database: B._mycoides_NZ_CP035997.1.fasta
# 0 hits found
# BLASTN 2.13.0+
# Query: yhdG
# Database: B._mycoides_NZ_CP035997.1.fasta
# 0 hits found
# BLASTN 2.13.0+
# Query: sigM,yhdL,yhdK
# Database: B._mycoides_NZ_CP035997.1.fasta
# Fields: query acc.ver, subject acc.ver, % identity, alignment length, mismatches, gap opens, q. start, q. end, s. start, s. end, evalue, bit score
# 1 hits found
sigM,yhdL,yhdK	NZ_CP035997.1	90.625	32	1	1	48	79	1788368	1788397	1.39e-04	41.7
# BLASTN 2.13.0+
# Query: sspB
# Database: B._mycoides_NZ_CP035997.1.fasta
# 0 hits found
# BLASTN 2.13.0+
# Query: oppA,oppB,oppC,oppD,oppF
# Database: B._mycoides_NZ_CP035997.1.fasta
# Fields: query acc.ver, subject acc.ver, % identity, alignment length, mismatches, gap opens, q. start, q. end, s. start, s. end, evalue, bit score
# 1 hits found
oppA,oppB,oppC,oppD,oppF	NZ_CP035997.1	89.286	28	3	0	69	96	4841276	4841303	0.007	36.2
# BLASTN 2.13.0+
# Query: yjbC,yjbD
# Database: B._mycoides_NZ_CP035997.1.fasta
# 0 hits found
# BLASTN 2.13.0+
# Query: cotY,cotZ
# Database: B._mycoides_NZ_CP035997.1.fasta
# 0 hits found
# BLASTN 2.13.0+
# Query: yjcI,yjcJ
# Database: B._mycoides_NZ_CP035997.1.fasta
# 0 hits found
# BLASTN 2.13.0+
# Query: yjfB
# Database: B._mycoides_NZ_CP035997.1.fasta
# 0 hits found
# BLASTN 2.13.0+
# Query: dppA,dppB,dppC,dppD,dppE
# Database: B._mycoides_NZ_CP035997.1.fasta
# 0 hits found
# BLASTN 2.13.0+
# Query: sspD
# Database: B._mycoides_NZ_CP035997.1.fasta
# 0 hits found
# BLASTN 2.13.0+
# Query: splA,splB
# Database: B._mycoides_NZ_CP035997.1.fasta
# 0 hits found
# BLASTN 2.13.0+
# Query: ykuD
# Database: B._mycoides_NZ_CP035997.1.fasta
# Fields: query acc.ver, subject acc.ver, % identity, alignment length, mismatches, gap opens, q. start, q. end, s. start, s. end, evalue, bit score
# 1 hits found
ykuD	NZ_CP035997.1	100.000	19	0	0	42	60	4836852	4836870	0.006	36.2
# BLASTN 2.13.0+
# Query: pdhA,pdhB,pdhC,pdhD
# Database: B._mycoides_NZ_CP035997.1.fasta
# 0 hits found
# BLASTN 2.13.0+
# Query: ctaA
# Database: B._mycoides_NZ_CP035997.1.fasta
# 0 hits found
# BLASTN 2.13.0+
# Query: spoIIGA,sigE,sigG
# Database: B._mycoides_NZ_CP035997.1.fasta
# 0 hits found
# BLASTN 2.13.0+
# Query: pyrR,pyrP,pyrB,pyrC,pyrAA,pyrAB,pyrK,pyrD,pyrF,pyrE
# Database: B._mycoides_NZ_CP035997.1.fasta
# Fields: query acc.ver, subject acc.ver, % identity, alignment length, mismatches, gap opens, q. start, q. end, s. start, s. end, evalue, bit score
# 1 hits found
pyrR,pyrP,pyrB,pyrC,pyrAA,pyrAB,pyrK,pyrD,pyrF,pyrE	NZ_CP035997.1	89.655	29	1	2	1	29	1095229	1095203	0.008	36.2
# BLASTN 2.13.0+
# Query: ylqB
# Database: B._mycoides_NZ_CP035997.1.fasta
# Fields: query acc.ver, subject acc.ver, % identity, alignment length, mismatches, gap opens, q. start, q. end, s. start, s. end, evalue, bit score
# 1 hits found
ylqB	NZ_CP035997.1	92.000	25	2	0	71	95	628987	629011	0.007	36.2
# BLASTN 2.13.0+
# Query: yneA,yneB,ynzC
# Database: B._mycoides_NZ_CP035997.1.fasta
# 0 hits found
# BLASTN 2.13.0+
# Query: ccdA,yneI,yneJ
# Database: B._mycoides_NZ_CP035997.1.fasta
# 0 hits found
# BLASTN 2.13.0+
# Query: yoxA,dacC
# Database: B._mycoides_NZ_CP035997.1.fasta
# 0 hits found
# BLASTN 2.13.0+
# Query: yoaW
# Database: B._mycoides_NZ_CP035997.1.fasta
# 0 hits found
# BLASTN 2.13.0+
# Query: phrK
# Database: B._mycoides_NZ_CP035997.1.fasta
# 0 hits found
# BLASTN 2.13.0+
# Query: yocF,yocG
# Database: B._mycoides_NZ_CP035997.1.fasta
# 0 hits found
# BLASTN 2.13.0+
# Query: cgeC,cgeD,cgeE
# Database: B._mycoides_NZ_CP035997.1.fasta
# Fields: query acc.ver, subject acc.ver, % identity, alignment length, mismatches, gap opens, q. start, q. end, s. start, s. end, evalue, bit score
# 1 hits found
cgeC,cgeD,cgeE	NZ_CP035997.1	85.366	41	3	2	45	82	1198719	1198759	5.59e-04	39.9
# BLASTN 2.13.0+
# Query: sspC
# Database: B._mycoides_NZ_CP035997.1.fasta
# 0 hits found
# BLASTN 2.13.0+
# Query: ilvA,ypmP
# Database: B._mycoides_NZ_CP035997.1.fasta
# 0 hits found
# BLASTN 2.13.0+
# Query: ilvD
# Database: B._mycoides_NZ_CP035997.1.fasta
# Fields: query acc.ver, subject acc.ver, % identity, alignment length, mismatches, gap opens, q. start, q. end, s. start, s. end, evalue, bit score
# 1 hits found
ilvD	NZ_CP035997.1	87.500	32	4	0	17	48	673513	673544	0.003	38.1
# BLASTN 2.13.0+
# Query: kdgR,kdgK,kdgA,kdgT
# Database: B._mycoides_NZ_CP035997.1.fasta
# 0 hits found
# BLASTN 2.13.0+
# Query: recU,ponA
# Database: B._mycoides_NZ_CP035997.1.fasta
# 0 hits found
# BLASTN 2.13.0+
# Query: spoIVA
# Database: B._mycoides_NZ_CP035997.1.fasta
# 0 hits found
# BLASTN 2.13.0+
# Query: sigX,rsiX
# Database: B._mycoides_NZ_CP035997.1.fasta
# 0 hits found
# BLASTN 2.13.0+
# Query: ypuD
# Database: B._mycoides_NZ_CP035997.1.fasta
# 0 hits found
# BLASTN 2.13.0+
# Query: drm,punA
# Database: B._mycoides_NZ_CP035997.1.fasta
# 0 hits found
# BLASTN 2.13.0+
# Query: yqjP,yqjQ,dsdA,coaA,yqjT
# Database: B._mycoides_NZ_CP035997.1.fasta
# Fields: query acc.ver, subject acc.ver, % identity, alignment length, mismatches, gap opens, q. start, q. end, s. start, s. end, evalue, bit score
# 1 hits found
yqjP,yqjQ,dsdA,coaA,yqjT	NZ_CP035997.1	89.655	29	2	1	34	62	835358	835385	0.007	36.2
# BLASTN 2.13.0+
# Query: yqjM
# Database: B._mycoides_NZ_CP035997.1.fasta
# 0 hits found
# BLASTN 2.13.0+
# Query: yqjH,yqjI
# Database: B._mycoides_NZ_CP035997.1.fasta
# 0 hits found
# BLASTN 2.13.0+
# Query: bmrU,bmr,bmrR
# Database: B._mycoides_NZ_CP035997.1.fasta
# Fields: query acc.ver, subject acc.ver, % identity, alignment length, mismatches, gap opens, q. start, q. end, s. start, s. end, evalue, bit score
# 1 hits found
bmrU,bmr,bmrR	NZ_CP035997.1	77.381	84	8	8	6	85	4862330	4862406	5.85e-04	39.9
# BLASTN 2.13.0+
# Query: spo0A
# Database: B._mycoides_NZ_CP035997.1.fasta
# 0 hits found
# BLASTN 2.13.0+
# Query: yqhV,spoIIIAA,spoIIIAB,spoIIIAC,spoIIIAD,spoIIIAE,spoIIIAF,spoIIIAG,spoIIIAH
# Database: B._mycoides_NZ_CP035997.1.fasta
# 0 hits found
# BLASTN 2.13.0+
# Query: yqxD,dnaG,sigA
# Database: B._mycoides_NZ_CP035997.1.fasta
# 0 hits found
# BLASTN 2.13.0+
# Query: antE
# Database: B._mycoides_NZ_CP035997.1.fasta
# 0 hits found
# BLASTN 2.13.0+
# Query: comER
# Database: B._mycoides_NZ_CP035997.1.fasta
# 0 hits found
# BLASTN 2.13.0+
# Query: levD,levE,levF,levG,sacC
# Database: B._mycoides_NZ_CP035997.1.fasta
# 0 hits found
# BLASTN 2.13.0+
# Query: glnQ,glnH,glnM,glnP
# Database: B._mycoides_NZ_CP035997.1.fasta
# 0 hits found
# BLASTN 2.13.0+
# Query: yrbD
# Database: B._mycoides_NZ_CP035997.1.fasta
# 0 hits found
# BLASTN 2.13.0+
# Query: safA,coxA
# Database: B._mycoides_NZ_CP035997.1.fasta
# 0 hits found
# BLASTN 2.13.0+
# Query: spoVID,ysxE
# Database: B._mycoides_NZ_CP035997.1.fasta
# Fields: query acc.ver, subject acc.ver, % identity, alignment length, mismatches, gap opens, q. start, q. end, s. start, s. end, evalue, bit score
# 1 hits found
spoVID,ysxE	NZ_CP035997.1	81.034	58	6	4	50	104	4278284	4278229	1.61e-04	41.7
# BLASTN 2.13.0+
# Query: hemA,hemX,hemC,hemD,hemB,hemL
# Database: B._mycoides_NZ_CP035997.1.fasta
# 0 hits found
# BLASTN 2.13.0+
# Query: clpX
# Database: B._mycoides_NZ_CP035997.1.fasta
# 0 hits found
# BLASTN 2.13.0+
# Query: araA,araB,araD,araL,araM,araN,araP,araQ,abfA
# Database: B._mycoides_NZ_CP035997.1.fasta
# 0 hits found
# BLASTN 2.13.0+
# Query: gapB,speD
# Database: B._mycoides_NZ_CP035997.1.fasta
# 0 hits found
# BLASTN 2.13.0+
# Query: phoP,phoR
# Database: B._mycoides_NZ_CP035997.1.fasta
# Fields: query acc.ver, subject acc.ver, % identity, alignment length, mismatches, gap opens, q. start, q. end, s. start, s. end, evalue, bit score
# 1 hits found
phoP,phoR	NZ_CP035997.1	90.625	32	1	2	82	112	3643618	3643588	1.51e-04	41.7
# BLASTN 2.13.0+
# Query: pfkA,pyk,ytzA
# Database: B._mycoides_NZ_CP035997.1.fasta
# 0 hits found
# BLASTN 2.13.0+
# Query: bioW,bioA,bioF,bioD,bioB,bioI,ytbQ
# Database: B._mycoides_NZ_CP035997.1.fasta
# 0 hits found
# BLASTN 2.13.0+
# Query: ytrA,ytrB,ytrC,ytrD,ytrE,ytrF
# Database: B._mycoides_NZ_CP035997.1.fasta
# 0 hits found
# BLASTN 2.13.0+
# Query: asnB,ytnA
# Database: B._mycoides_NZ_CP035997.1.fasta
# 0 hits found
# BLASTN 2.13.0+
# Query: yufN
# Database: B._mycoides_NZ_CP035997.1.fasta
# 0 hits found
# BLASTN 2.13.0+
# Query: yunB
# Database: B._mycoides_NZ_CP035997.1.fasta
# 0 hits found
# BLASTN 2.13.0+
# Query: pucR,pucJ,pucK,pucL,pucM
# Database: B._mycoides_NZ_CP035997.1.fasta
# 0 hits found
# BLASTN 2.13.0+
# Query: yvgR,yvgQ
# Database: B._mycoides_NZ_CP035997.1.fasta
# Fields: query acc.ver, subject acc.ver, % identity, alignment length, mismatches, gap opens, q. start, q. end, s. start, s. end, evalue, bit score
# 1 hits found
yvgR,yvgQ	NZ_CP035997.1	85.714	35	5	0	85	119	4592909	4592875	0.002	38.1
# BLASTN 2.13.0+
# Query: cggR,gapA,pgk,tpiA,pgm,eno
# Database: B._mycoides_NZ_CP035997.1.fasta
# Fields: query acc.ver, subject acc.ver, % identity, alignment length, mismatches, gap opens, q. start, q. end, s. start, s. end, evalue, bit score
# 1 hits found
cggR,gapA,pgk,tpiA,pgm,eno	NZ_CP035997.1	85.714	35	3	2	87	120	3176636	3176603	0.007	36.2
# BLASTN 2.13.0+
# Query: yvfG
# Database: B._mycoides_NZ_CP035997.1.fasta
# 0 hits found
# BLASTN 2.13.0+
# Query: pbpE,racX
# Database: B._mycoides_NZ_CP035997.1.fasta
# 0 hits found
# BLASTN 2.13.0+
# Query: sacB,yveB,yveA
# Database: B._mycoides_NZ_CP035997.1.fasta
# 0 hits found
# BLASTN 2.13.0+
# Query: clpP
# Database: B._mycoides_NZ_CP035997.1.fasta
# 0 hits found
# BLASTN 2.13.0+
# Query: yvzB
# Database: B._mycoides_NZ_CP035997.1.fasta
# 0 hits found
# BLASTN 2.13.0+
# Query: csbA
# Database: B._mycoides_NZ_CP035997.1.fasta
# 0 hits found
# BLASTN 2.13.0+
# Query: hag
# Database: B._mycoides_NZ_CP035997.1.fasta
# 0 hits found
# BLASTN 2.13.0+
# Query: degS,degU
# Database: B._mycoides_NZ_CP035997.1.fasta
# 0 hits found
# BLASTN 2.13.0+
# Query: spoIID
# Database: B._mycoides_NZ_CP035997.1.fasta
# Fields: query acc.ver, subject acc.ver, % identity, alignment length, mismatches, gap opens, q. start, q. end, s. start, s. end, evalue, bit score
# 1 hits found
spoIID	NZ_CP035997.1	100.000	20	0	0	79	98	2931730	2931749	0.002	38.1
# BLASTN 2.13.0+
# Query: ywlF,ywlG
# Database: B._mycoides_NZ_CP035997.1.fasta
# 0 hits found
# BLASTN 2.13.0+
# Query: fbaA,ywjH
# Database: B._mycoides_NZ_CP035997.1.fasta
# 0 hits found
# BLASTN 2.13.0+
# Query: sigY,yxlC,yxlD,yxlE,yxlF,yxlG
# Database: B._mycoides_NZ_CP035997.1.fasta
# 0 hits found
# BLASTN 2.13.0+
# Query: yxiT
# Database: B._mycoides_NZ_CP035997.1.fasta
# 0 hits found
# BLASTN 2.13.0+
# Query: licT,bglS
# Database: B._mycoides_NZ_CP035997.1.fasta
# 0 hits found
# BLASTN 2.13.0+
# Query: wapA,yxxG
# Database: B._mycoides_NZ_CP035997.1.fasta
# 0 hits found
# BLASTN 2.13.0+
# Query: deoR,dra,nupC,pdp
# Database: B._mycoides_NZ_CP035997.1.fasta
# 0 hits found
# BLASTN 2.13.0+
# Query: yxeF,yxeG,yxeH
# Database: B._mycoides_NZ_CP035997.1.fasta
# 0 hits found
# BLASTN 2.13.0+
# Query: yxeE
# Database: B._mycoides_NZ_CP035997.1.fasta
# 0 hits found
# BLASTN 2.13.0+
# Query: htpG
# Database: B._mycoides_NZ_CP035997.1.fasta
# 0 hits found
# BLASTN 2.13.0+
# Query: yxbB,yxbA,yxnB,asnH,yxaM
# Database: B._mycoides_NZ_CP035997.1.fasta
# 0 hits found
# BLASTN 2.13.0+
# Query: yxaG,yxaH
# Database: B._mycoides_NZ_CP035997.1.fasta
# 0 hits found
# BLASTN 2.13.0+
# Query: gntR,gntK,gntP,gntZ
# Database: B._mycoides_NZ_CP035997.1.fasta
# 0 hits found
# BLASTN 2.13.0+
# Query: ahpC,ahpF
# Database: B._mycoides_NZ_CP035997.1.fasta
# Fields: query acc.ver, subject acc.ver, % identity, alignment length, mismatches, gap opens, q. start, q. end, s. start, s. end, evalue, bit score
# 1 hits found
ahpC,ahpF	NZ_CP035997.1	87.179	39	3	2	7	43	2408478	2408516	4.44e-05	43.6
# BLASTN 2.13.0+
# Query: yyzE,bglA
# Database: B._mycoides_NZ_CP035997.1.fasta
# 0 hits found
# BLASTN 2.13.0+
# Query: rapG,phrG
# Database: B._mycoides_NZ_CP035997.1.fasta
# 0 hits found
# BLASTN 2.13.0+
# Query: purA
# Database: B._mycoides_NZ_CP035997.1.fasta
# 0 hits found
# BLASTN 2.13.0+
# Query: yyaO
# Database: B._mycoides_NZ_CP035997.1.fasta
# Fields: query acc.ver, subject acc.ver, % identity, alignment length, mismatches, gap opens, q. start, q. end, s. start, s. end, evalue, bit score
# 1 hits found
yyaO	NZ_CP035997.1	90.323	31	1	2	78	108	4861034	4861006	5.54e-04	39.9
# BLASTN 2.13.0+
# Query: soj,spo0J
# Database: B._mycoides_NZ_CP035997.1.fasta
# 0 hits found
# BLAST processed 130 queries
