# BLASTN 2.13.0+
# Query: dnaA,dnaN
# Database: B._tequilensis_NZ_CP048852.1.fasta
# Fields: query acc.ver, subject acc.ver, % identity, alignment length, mismatches, gap opens, q. start, q. end, s. start, s. end, evalue, bit score
# 1 hits found
dnaA,dnaN	NZ_CP048852.1	97.521	121	2	1	1	120	2634	2754	3.64e-54	206
# BLASTN 2.13.0+
# Query: guaB
# Database: B._tequilensis_NZ_CP048852.1.fasta
# Fields: query acc.ver, subject acc.ver, % identity, alignment length, mismatches, gap opens, q. start, q. end, s. start, s. end, evalue, bit score
# 1 hits found
guaB	NZ_CP048852.1	99.180	122	1	0	2	123	17028	17149	1.34e-58	220
# BLASTN 2.13.0+
# Query: yaaH
# Database: B._tequilensis_NZ_CP048852.1.fasta
# Fields: query acc.ver, subject acc.ver, % identity, alignment length, mismatches, gap opens, q. start, q. end, s. start, s. end, evalue, bit score
# 1 hits found
yaaH	NZ_CP048852.1	97.581	124	2	1	1	124	23466	23588	8.22e-56	211
# BLASTN 2.13.0+
# Query: metS
# Database: B._tequilensis_NZ_CP048852.1.fasta
# Fields: query acc.ver, subject acc.ver, % identity, alignment length, mismatches, gap opens, q. start, q. end, s. start, s. end, evalue, bit score
# 1 hits found
metS	NZ_CP048852.1	95.420	131	6	0	1	131	47272	47402	3.16e-55	209
# BLASTN 2.13.0+
# Query: yabG
# Database: B._tequilensis_NZ_CP048852.1.fasta
# Fields: query acc.ver, subject acc.ver, % identity, alignment length, mismatches, gap opens, q. start, q. end, s. start, s. end, evalue, bit score
# 1 hits found
yabG	NZ_CP048852.1	93.388	121	8	0	3	123	52397	52517	2.28e-46	180
# BLASTN 2.13.0+
# Query: veg
# Database: B._tequilensis_NZ_CP048852.1.fasta
# Fields: query acc.ver, subject acc.ver, % identity, alignment length, mismatches, gap opens, q. start, q. end, s. start, s. end, evalue, bit score
# 1 hits found
veg	NZ_CP048852.1	93.496	123	7	1	1	123	52859	52980	6.33e-47	182
# BLASTN 2.13.0+
# Query: sspF
# Database: B._tequilensis_NZ_CP048852.1.fasta
# Fields: query acc.ver, subject acc.ver, % identity, alignment length, mismatches, gap opens, q. start, q. end, s. start, s. end, evalue, bit score
# 1 hits found
sspF	NZ_CP048852.1	92.742	124	7	2	1	123	53210	53332	8.18e-46	178
# BLASTN 2.13.0+
# Query: spoVG
# Database: B._tequilensis_NZ_CP048852.1.fasta
# Fields: query acc.ver, subject acc.ver, % identity, alignment length, mismatches, gap opens, q. start, q. end, s. start, s. end, evalue, bit score
# 1 hits found
spoVG	NZ_CP048852.1	94.406	143	7	1	1	142	56012	56154	5.71e-58	219
# BLASTN 2.13.0+
# Query: pabB,pabA,pabC,sul,folB,folK,yazB,yacF,lysS
# Database: B._tequilensis_NZ_CP048852.1.fasta
# Fields: query acc.ver, subject acc.ver, % identity, alignment length, mismatches, gap opens, q. start, q. end, s. start, s. end, evalue, bit score
# 1 hits found
pabB,pabA,pabC,sul,folB,folK,yazB,yacF,lysS	NZ_CP048852.1	86.567	134	18	0	1	134	90064	90197	7.10e-37	148
# BLASTN 2.13.0+
# Query: adaA,adaB
# Database: B._tequilensis_NZ_CP048852.1.fasta
# Fields: query acc.ver, subject acc.ver, % identity, alignment length, mismatches, gap opens, q. start, q. end, s. start, s. end, evalue, bit score
# 1 hits found
adaA,adaB	NZ_CP048852.1	90.244	123	8	4	1	121	201394	201514	1.45e-39	158
# BLASTN 2.13.0+
# Query: ybcL
# Database: B._tequilensis_NZ_CP048852.1.fasta
# Fields: query acc.ver, subject acc.ver, % identity, alignment length, mismatches, gap opens, q. start, q. end, s. start, s. end, evalue, bit score
# 1 hits found
ybcL	NZ_CP048852.1	89.583	48	5	0	30	77	208962	209009	8.76e-11	62.1
# BLASTN 2.13.0+
# Query: ybdO
# Database: B._tequilensis_NZ_CP048852.1.fasta
# Fields: query acc.ver, subject acc.ver, % identity, alignment length, mismatches, gap opens, q. start, q. end, s. start, s. end, evalue, bit score
# 1 hits found
ybdO	NZ_CP048852.1	89.474	76	8	0	1	76	220325	220400	2.40e-21	97.1
# BLASTN 2.13.0+
# Query: csgA,ybxH
# Database: B._tequilensis_NZ_CP048852.1.fasta
# Fields: query acc.ver, subject acc.ver, % identity, alignment length, mismatches, gap opens, q. start, q. end, s. start, s. end, evalue, bit score
# 1 hits found
csgA,ybxH	NZ_CP048852.1	90.110	91	5	3	1	88	222574	222663	6.38e-27	115
# BLASTN 2.13.0+
# Query: glpT,glpQ
# Database: B._tequilensis_NZ_CP048852.1.fasta
# Fields: query acc.ver, subject acc.ver, % identity, alignment length, mismatches, gap opens, q. start, q. end, s. start, s. end, evalue, bit score
# 1 hits found
glpT,glpQ	NZ_CP048852.1	82.143	112	9	7	12	122	226268	226369	5.05e-18	86.1
# BLASTN 2.13.0+
# Query: ybgE
# Database: B._tequilensis_NZ_CP048852.1.fasta
# Fields: query acc.ver, subject acc.ver, % identity, alignment length, mismatches, gap opens, q. start, q. end, s. start, s. end, evalue, bit score
# 1 hits found
ybgE	NZ_CP048852.1	88.889	117	12	1	2	118	251781	251896	2.96e-35	143
# BLASTN 2.13.0+
# Query: ycbC,ycbD,ycbE,ycbF,ycbG,ycbH,ycbJ
# Database: B._tequilensis_NZ_CP048852.1.fasta
# Fields: query acc.ver, subject acc.ver, % identity, alignment length, mismatches, gap opens, q. start, q. end, s. start, s. end, evalue, bit score
# 1 hits found
ycbC,ycbD,ycbE,ycbF,ycbG,ycbH,ycbJ	NZ_CP048852.1	96.748	123	3	1	1	123	260890	261011	1.39e-53	204
# BLASTN 2.13.0+
# Query: cwlJ
# Database: B._tequilensis_NZ_CP048852.1.fasta
# Fields: query acc.ver, subject acc.ver, % identity, alignment length, mismatches, gap opens, q. start, q. end, s. start, s. end, evalue, bit score
# 1 hits found
cwlJ	NZ_CP048852.1	92.500	80	6	0	1	80	266927	267006	6.38e-27	115
# BLASTN 2.13.0+
# Query: natA,natB
# Database: B._tequilensis_NZ_CP048852.1.fasta
# Fields: query acc.ver, subject acc.ver, % identity, alignment length, mismatches, gap opens, q. start, q. end, s. start, s. end, evalue, bit score
# 1 hits found
natA,natB	NZ_CP048852.1	97.500	120	2	1	1	119	282337	282456	1.30e-53	204
# BLASTN 2.13.0+
# Query: mdr
# Database: B._tequilensis_NZ_CP048852.1.fasta
# Fields: query acc.ver, subject acc.ver, % identity, alignment length, mismatches, gap opens, q. start, q. end, s. start, s. end, evalue, bit score
# 1 hits found
mdr	NZ_CP048852.1	90.400	125	8	3	1	125	316141	316261	8.40e-41	161
# BLASTN 2.13.0+
# Query: nasB,nasC,nasD,nasE,nasF
# Database: B._tequilensis_NZ_CP048852.1.fasta
# Fields: query acc.ver, subject acc.ver, % identity, alignment length, mismatches, gap opens, q. start, q. end, s. start, s. end, evalue, bit score
# 1 hits found
nasB,nasC,nasD,nasE,nasF	NZ_CP048852.1	87.500	120	13	2	1	120	338219	338336	1.38e-33	137
# BLASTN 2.13.0+
# Query: srfAA,srfAB,comS,srfAC,srfAD
# Database: B._tequilensis_NZ_CP048852.1.fasta
# Fields: query acc.ver, subject acc.ver, % identity, alignment length, mismatches, gap opens, q. start, q. end, s. start, s. end, evalue, bit score
# 1 hits found
srfAA,srfAB,comS,srfAC,srfAD	NZ_CP048852.1	89.516	124	11	2	1	122	386025	386148	3.83e-39	156
# BLASTN 2.13.0+
# Query: ycxC,ycxB
# Database: B._tequilensis_NZ_CP048852.1.fasta
# 0 hits found
# BLASTN 2.13.0+
# Query: yclE
# Database: B._tequilensis_NZ_CP048852.1.fasta
# Fields: query acc.ver, subject acc.ver, % identity, alignment length, mismatches, gap opens, q. start, q. end, s. start, s. end, evalue, bit score
# 1 hits found
yclE	NZ_CP048852.1	78.740	127	18	6	6	128	396487	396608	3.22e-15	76.8
# BLASTN 2.13.0+
# Query: ycnC,ycnB
# Database: B._tequilensis_NZ_CP048852.1.fasta
# Fields: query acc.ver, subject acc.ver, % identity, alignment length, mismatches, gap opens, q. start, q. end, s. start, s. end, evalue, bit score
# 1 hits found
ycnC,ycnB	NZ_CP048852.1	93.651	126	6	2	1	125	412033	412157	1.39e-48	187
# BLASTN 2.13.0+
# Query: ycnL
# Database: B._tequilensis_NZ_CP048852.1.fasta
# Fields: query acc.ver, subject acc.ver, % identity, alignment length, mismatches, gap opens, q. start, q. end, s. start, s. end, evalue, bit score
# 1 hits found
ycnL	NZ_CP048852.1	95.000	120	6	0	1	120	425585	425704	3.67e-49	189
# BLASTN 2.13.0+
# Query: ycsA
# Database: B._tequilensis_NZ_CP048852.1.fasta
# Fields: query acc.ver, subject acc.ver, % identity, alignment length, mismatches, gap opens, q. start, q. end, s. start, s. end, evalue, bit score
# 1 hits found
ycsA	NZ_CP048852.1	80.000	90	17	1	1	90	429902	429990	7.74e-12	65.8
# BLASTN 2.13.0+
# Query: ycsD
# Database: B._tequilensis_NZ_CP048852.1.fasta
# Fields: query acc.ver, subject acc.ver, % identity, alignment length, mismatches, gap opens, q. start, q. end, s. start, s. end, evalue, bit score
# 1 hits found
ycsD	NZ_CP048852.1	90.299	134	10	2	1	131	431736	431869	4.10e-44	172
# BLASTN 2.13.0+
# Query: gsiB
# Database: B._tequilensis_NZ_CP048852.1.fasta
# Fields: query acc.ver, subject acc.ver, % identity, alignment length, mismatches, gap opens, q. start, q. end, s. start, s. end, evalue, bit score
# 1 hits found
gsiB	NZ_CP048852.1	85.156	128	16	2	1	126	470986	471112	8.60e-31	128
# BLASTN 2.13.0+
# Query: phoB,ydhF
# Database: B._tequilensis_NZ_CP048852.1.fasta
# Fields: query acc.ver, subject acc.ver, % identity, alignment length, mismatches, gap opens, q. start, q. end, s. start, s. end, evalue, bit score
# 1 hits found
phoB,ydhF	NZ_CP048852.1	88.636	132	9	3	1	127	594880	595010	3.98e-39	156
# BLASTN 2.13.0+
# Query: ydiO,ydiP
# Database: B._tequilensis_NZ_CP048852.1.fasta
# 0 hits found
# BLASTN 2.13.0+
# Query: yfnB
# Database: B._tequilensis_NZ_CP048852.1.fasta
# Fields: query acc.ver, subject acc.ver, % identity, alignment length, mismatches, gap opens, q. start, q. end, s. start, s. end, evalue, bit score
# 1 hits found
yfnB	NZ_CP048852.1	90.840	131	10	2	1	130	742045	742174	1.13e-44	174
# BLASTN 2.13.0+
# Query: yfmQ
# Database: B._tequilensis_NZ_CP048852.1.fasta
# Fields: query acc.ver, subject acc.ver, % identity, alignment length, mismatches, gap opens, q. start, q. end, s. start, s. end, evalue, bit score
# 1 hits found
yfmQ	NZ_CP048852.1	91.935	124	10	0	1	124	749627	749750	1.07e-44	174
# BLASTN 2.13.0+
# Query: yfmK
# Database: B._tequilensis_NZ_CP048852.1.fasta
# Fields: query acc.ver, subject acc.ver, % identity, alignment length, mismatches, gap opens, q. start, q. end, s. start, s. end, evalue, bit score
# 1 hits found
yfmK	NZ_CP048852.1	85.556	90	8	4	36	121	755659	755747	3.87e-19	89.8
# BLASTN 2.13.0+
# Query: yfmI,yfmJ
# Database: B._tequilensis_NZ_CP048852.1.fasta
# Fields: query acc.ver, subject acc.ver, % identity, alignment length, mismatches, gap opens, q. start, q. end, s. start, s. end, evalue, bit score
# 1 hits found
yfmI,yfmJ	NZ_CP048852.1	77.236	123	23	4	1	119	755614	755735	1.78e-12	67.6
# BLASTN 2.13.0+
# Query: yfjQ
# Database: B._tequilensis_NZ_CP048852.1.fasta
# Fields: query acc.ver, subject acc.ver, % identity, alignment length, mismatches, gap opens, q. start, q. end, s. start, s. end, evalue, bit score
# 1 hits found
yfjQ	NZ_CP048852.1	86.066	122	13	4	1	119	807465	807585	8.03e-31	128
# BLASTN 2.13.0+
# Query: yfjP,yfjO
# Database: B._tequilensis_NZ_CP048852.1.fasta
# Fields: query acc.ver, subject acc.ver, % identity, alignment length, mismatches, gap opens, q. start, q. end, s. start, s. end, evalue, bit score
# 1 hits found
yfjP,yfjO	NZ_CP048852.1	84.848	66	10	0	36	101	812111	812176	2.19e-12	67.6
# BLASTN 2.13.0+
# Query: yfjA,yfjB,yfjC,yfjD,yfjE,yfjF
# Database: B._tequilensis_NZ_CP048852.1.fasta
# Fields: query acc.ver, subject acc.ver, % identity, alignment length, mismatches, gap opens, q. start, q. end, s. start, s. end, evalue, bit score
# 1 hits found
yfjA,yfjB,yfjC,yfjD,yfjE,yfjF	NZ_CP048852.1	92.742	124	8	1	1	123	821842	821965	8.18e-46	178
# BLASTN 2.13.0+
# Query: lipB
# Database: B._tequilensis_NZ_CP048852.1.fasta
# Fields: query acc.ver, subject acc.ver, % identity, alignment length, mismatches, gap opens, q. start, q. end, s. start, s. end, evalue, bit score
# 1 hits found
lipB	NZ_CP048852.1	84.211	38	4	2	38	74	844900	844936	0.005	36.2
# BLASTN 2.13.0+
# Query: yfiZ,yfhA
# Database: B._tequilensis_NZ_CP048852.1.fasta
# Fields: query acc.ver, subject acc.ver, % identity, alignment length, mismatches, gap opens, q. start, q. end, s. start, s. end, evalue, bit score
# 1 hits found
yfiZ,yfhA	NZ_CP048852.1	84.252	127	16	2	1	126	856723	856846	1.44e-28	121
# BLASTN 2.13.0+
# Query: yfhQ,fabL,sspE
# Database: B._tequilensis_NZ_CP048852.1.fasta
# Fields: query acc.ver, subject acc.ver, % identity, alignment length, mismatches, gap opens, q. start, q. end, s. start, s. end, evalue, bit score
# 1 hits found
yfhQ,fabL,sspE	NZ_CP048852.1	96.800	125	3	1	1	125	872395	872518	1.06e-54	207
# BLASTN 2.13.0+
# Query: yfhS
# Database: B._tequilensis_NZ_CP048852.1.fasta
# Fields: query acc.ver, subject acc.ver, % identity, alignment length, mismatches, gap opens, q. start, q. end, s. start, s. end, evalue, bit score
# 1 hits found
yfhS	NZ_CP048852.1	93.220	118	8	0	1	118	870706	870823	1.01e-44	174
# BLASTN 2.13.0+
# Query: yhdG
# Database: B._tequilensis_NZ_CP048852.1.fasta
# Fields: query acc.ver, subject acc.ver, % identity, alignment length, mismatches, gap opens, q. start, q. end, s. start, s. end, evalue, bit score
# 1 hits found
yhdG	NZ_CP048852.1	89.600	125	11	2	1	124	955644	955767	1.08e-39	158
# BLASTN 2.13.0+
# Query: sigM,yhdL,yhdK
# Database: B._tequilensis_NZ_CP048852.1.fasta
# Fields: query acc.ver, subject acc.ver, % identity, alignment length, mismatches, gap opens, q. start, q. end, s. start, s. end, evalue, bit score
# 1 hits found
sigM,yhdL,yhdK	NZ_CP048852.1	91.525	118	10	0	1	118	959085	959202	2.18e-41	163
# BLASTN 2.13.0+
# Query: sspB
# Database: B._tequilensis_NZ_CP048852.1.fasta
# Fields: query acc.ver, subject acc.ver, % identity, alignment length, mismatches, gap opens, q. start, q. end, s. start, s. end, evalue, bit score
# 1 hits found
sspB	NZ_CP048852.1	95.946	74	1	2	52	123	982324	982397	5.03e-28	119
# BLASTN 2.13.0+
# Query: oppA,oppB,oppC,oppD,oppF
# Database: B._tequilensis_NZ_CP048852.1.fasta
# Fields: query acc.ver, subject acc.ver, % identity, alignment length, mismatches, gap opens, q. start, q. end, s. start, s. end, evalue, bit score
# 1 hits found
oppA,oppB,oppC,oppD,oppF	NZ_CP048852.1	81.250	128	19	4	1	126	1151722	1151846	6.74e-22	99.0
# BLASTN 2.13.0+
# Query: yjbC,yjbD
# Database: B._tequilensis_NZ_CP048852.1.fasta
# Fields: query acc.ver, subject acc.ver, % identity, alignment length, mismatches, gap opens, q. start, q. end, s. start, s. end, evalue, bit score
# 1 hits found
yjbC,yjbD	NZ_CP048852.1	92.500	80	3	3	46	122	1154544	1154623	8.34e-26	111
# BLASTN 2.13.0+
# Query: cotY,cotZ
# Database: B._tequilensis_NZ_CP048852.1.fasta
# Fields: query acc.ver, subject acc.ver, % identity, alignment length, mismatches, gap opens, q. start, q. end, s. start, s. end, evalue, bit score
# 1 hits found
cotY,cotZ	NZ_CP048852.1	86.207	116	9	6	5	115	1175786	1175899	4.79e-28	119
# BLASTN 2.13.0+
# Query: yjcI,yjcJ
# Database: B._tequilensis_NZ_CP048852.1.fasta
# Fields: query acc.ver, subject acc.ver, % identity, alignment length, mismatches, gap opens, q. start, q. end, s. start, s. end, evalue, bit score
# 1 hits found
yjcI,yjcJ	NZ_CP048852.1	92.683	123	9	0	1	123	1187794	1187916	8.18e-46	178
# BLASTN 2.13.0+
# Query: yjfB
# Database: B._tequilensis_NZ_CP048852.1.fasta
# Fields: query acc.ver, subject acc.ver, % identity, alignment length, mismatches, gap opens, q. start, q. end, s. start, s. end, evalue, bit score
# 1 hits found
yjfB	NZ_CP048852.1	90.625	128	12	0	1	128	1212715	1212842	1.48e-43	171
# BLASTN 2.13.0+
# Query: dppA,dppB,dppC,dppD,dppE
# Database: B._tequilensis_NZ_CP048852.1.fasta
# Fields: query acc.ver, subject acc.ver, % identity, alignment length, mismatches, gap opens, q. start, q. end, s. start, s. end, evalue, bit score
# 1 hits found
dppA,dppB,dppC,dppD,dppE	NZ_CP048852.1	94.444	126	7	0	1	126	1279457	1279582	8.52e-51	195
# BLASTN 2.13.0+
# Query: sspD
# Database: B._tequilensis_NZ_CP048852.1.fasta
# Fields: query acc.ver, subject acc.ver, % identity, alignment length, mismatches, gap opens, q. start, q. end, s. start, s. end, evalue, bit score
# 1 hits found
sspD	NZ_CP048852.1	95.918	98	3	1	26	122	1325818	1325915	1.09e-39	158
# BLASTN 2.13.0+
# Query: splA,splB
# Database: B._tequilensis_NZ_CP048852.1.fasta
# Fields: query acc.ver, subject acc.ver, % identity, alignment length, mismatches, gap opens, q. start, q. end, s. start, s. end, evalue, bit score
# 1 hits found
splA,splB	NZ_CP048852.1	88.800	125	11	1	1	125	1371592	1371713	1.82e-37	150
# BLASTN 2.13.0+
# Query: ykuD
# Database: B._tequilensis_NZ_CP048852.1.fasta
# Fields: query acc.ver, subject acc.ver, % identity, alignment length, mismatches, gap opens, q. start, q. end, s. start, s. end, evalue, bit score
# 1 hits found
ykuD	NZ_CP048852.1	97.368	114	3	0	1	114	1385115	1385228	7.41e-51	195
# BLASTN 2.13.0+
# Query: pdhA,pdhB,pdhC,pdhD
# Database: B._tequilensis_NZ_CP048852.1.fasta
# Fields: query acc.ver, subject acc.ver, % identity, alignment length, mismatches, gap opens, q. start, q. end, s. start, s. end, evalue, bit score
# 1 hits found
pdhA,pdhB,pdhC,pdhD	NZ_CP048852.1	91.200	125	9	2	1	124	1438553	1438676	4.97e-43	169
# BLASTN 2.13.0+
# Query: ctaA
# Database: B._tequilensis_NZ_CP048852.1.fasta
# Fields: query acc.ver, subject acc.ver, % identity, alignment length, mismatches, gap opens, q. start, q. end, s. start, s. end, evalue, bit score
# 1 hits found
ctaA	NZ_CP048852.1	86.000	100	12	2	36	134	1465430	1465528	4.33e-24	106
# BLASTN 2.13.0+
# Query: spoIIGA,sigE,sigG
# Database: B._tequilensis_NZ_CP048852.1.fasta
# Fields: query acc.ver, subject acc.ver, % identity, alignment length, mismatches, gap opens, q. start, q. end, s. start, s. end, evalue, bit score
# 1 hits found
spoIIGA,sigE,sigG	NZ_CP048852.1	90.476	126	12	0	1	126	1513778	1513903	1.86e-42	167
# BLASTN 2.13.0+
# Query: pyrR,pyrP,pyrB,pyrC,pyrAA,pyrAB,pyrK,pyrD,pyrF,pyrE
# Database: B._tequilensis_NZ_CP048852.1.fasta
# Fields: query acc.ver, subject acc.ver, % identity, alignment length, mismatches, gap opens, q. start, q. end, s. start, s. end, evalue, bit score
# 1 hits found
pyrR,pyrP,pyrB,pyrC,pyrAA,pyrAB,pyrK,pyrD,pyrF,pyrE	NZ_CP048852.1	88.966	145	16	0	1	145	1537355	1537499	2.76e-46	180
# BLASTN 2.13.0+
# Query: ylqB
# Database: B._tequilensis_NZ_CP048852.1.fasta
# Fields: query acc.ver, subject acc.ver, % identity, alignment length, mismatches, gap opens, q. start, q. end, s. start, s. end, evalue, bit score
# 1 hits found
ylqB	NZ_CP048852.1	91.071	56	3	2	2	55	1578478	1578533	1.07e-14	75.0
# BLASTN 2.13.0+
# Query: yneA,yneB,ynzC
# Database: B._tequilensis_NZ_CP048852.1.fasta
# Fields: query acc.ver, subject acc.ver, % identity, alignment length, mismatches, gap opens, q. start, q. end, s. start, s. end, evalue, bit score
# 1 hits found
yneA,yneB,ynzC	NZ_CP048852.1	93.701	127	8	0	1	127	1881735	1881861	1.09e-49	191
# BLASTN 2.13.0+
# Query: ccdA,yneI,yneJ
# Database: B._tequilensis_NZ_CP048852.1.fasta
# Fields: query acc.ver, subject acc.ver, % identity, alignment length, mismatches, gap opens, q. start, q. end, s. start, s. end, evalue, bit score
# 1 hits found
ccdA,yneI,yneJ	NZ_CP048852.1	94.262	122	7	0	1	122	1887004	1887125	1.35e-48	187
# BLASTN 2.13.0+
# Query: yoxA,dacC
# Database: B._tequilensis_NZ_CP048852.1.fasta
# Fields: query acc.ver, subject acc.ver, % identity, alignment length, mismatches, gap opens, q. start, q. end, s. start, s. end, evalue, bit score
# 1 hits found
yoxA,dacC	NZ_CP048852.1	87.912	91	9	2	34	123	2007349	2007438	3.92e-24	106
# BLASTN 2.13.0+
# Query: yoaW
# Database: B._tequilensis_NZ_CP048852.1.fasta
# Fields: query acc.ver, subject acc.ver, % identity, alignment length, mismatches, gap opens, q. start, q. end, s. start, s. end, evalue, bit score
# 1 hits found
yoaW	NZ_CP048852.1	93.939	33	1	1	52	83	2060951	2060983	6.89e-07	49.1
# BLASTN 2.13.0+
# Query: phrK
# Database: B._tequilensis_NZ_CP048852.1.fasta
# Fields: query acc.ver, subject acc.ver, % identity, alignment length, mismatches, gap opens, q. start, q. end, s. start, s. end, evalue, bit score
# 1 hits found
phrK	NZ_CP048852.1	90.476	42	4	0	84	125	1724617	1724576	4.08e-09	56.5
# BLASTN 2.13.0+
# Query: yocF,yocG
# Database: B._tequilensis_NZ_CP048852.1.fasta
# Fields: query acc.ver, subject acc.ver, % identity, alignment length, mismatches, gap opens, q. start, q. end, s. start, s. end, evalue, bit score
# 1 hits found
yocF,yocG	NZ_CP048852.1	90.000	90	7	2	1	90	2107535	2107622	6.57e-27	115
# BLASTN 2.13.0+
# Query: cgeC,cgeD,cgeE
# Database: B._tequilensis_NZ_CP048852.1.fasta
# Fields: query acc.ver, subject acc.ver, % identity, alignment length, mismatches, gap opens, q. start, q. end, s. start, s. end, evalue, bit score
# 1 hits found
cgeC,cgeD,cgeE	NZ_CP048852.1	87.023	131	12	5	1	128	2158532	2158660	3.19e-35	143
# BLASTN 2.13.0+
# Query: sspC
# Database: B._tequilensis_NZ_CP048852.1.fasta
# Fields: query acc.ver, subject acc.ver, % identity, alignment length, mismatches, gap opens, q. start, q. end, s. start, s. end, evalue, bit score
# 1 hits found
sspC	NZ_CP048852.1	88.060	67	4	3	1	65	1838765	1838701	3.01e-15	76.8
# BLASTN 2.13.0+
# Query: ilvA,ypmP
# Database: B._tequilensis_NZ_CP048852.1.fasta
# Fields: query acc.ver, subject acc.ver, % identity, alignment length, mismatches, gap opens, q. start, q. end, s. start, s. end, evalue, bit score
# 1 hits found
ilvA,ypmP	NZ_CP048852.1	86.290	124	14	3	23	145	2169453	2169574	7.84e-32	132
# BLASTN 2.13.0+
# Query: ilvD
# Database: B._tequilensis_NZ_CP048852.1.fasta
# Fields: query acc.ver, subject acc.ver, % identity, alignment length, mismatches, gap opens, q. start, q. end, s. start, s. end, evalue, bit score
# 1 hits found
ilvD	NZ_CP048852.1	94.366	142	8	0	1	142	2177732	2177873	6.65e-58	219
# BLASTN 2.13.0+
# Query: kdgR,kdgK,kdgA,kdgT
# Database: B._tequilensis_NZ_CP048852.1.fasta
# Fields: query acc.ver, subject acc.ver, % identity, alignment length, mismatches, gap opens, q. start, q. end, s. start, s. end, evalue, bit score
# 1 hits found
kdgR,kdgK,kdgA,kdgT	NZ_CP048852.1	88.189	127	9	4	1	125	2198948	2199070	2.37e-36	147
# BLASTN 2.13.0+
# Query: recU,ponA
# Database: B._tequilensis_NZ_CP048852.1.fasta
# Fields: query acc.ver, subject acc.ver, % identity, alignment length, mismatches, gap opens, q. start, q. end, s. start, s. end, evalue, bit score
# 1 hits found
recU,ponA	NZ_CP048852.1	79.688	128	18	5	1	123	2216245	2216369	5.10e-18	86.1
# BLASTN 2.13.0+
# Query: spoIVA
# Database: B._tequilensis_NZ_CP048852.1.fasta
# Fields: query acc.ver, subject acc.ver, % identity, alignment length, mismatches, gap opens, q. start, q. end, s. start, s. end, evalue, bit score
# 1 hits found
spoIVA	NZ_CP048852.1	95.935	123	5	0	1	123	2258205	2258327	1.76e-52	200
# BLASTN 2.13.0+
# Query: sigX,rsiX
# Database: B._tequilensis_NZ_CP048852.1.fasta
# Fields: query acc.ver, subject acc.ver, % identity, alignment length, mismatches, gap opens, q. start, q. end, s. start, s. end, evalue, bit score
# 1 hits found
sigX,rsiX	NZ_CP048852.1	85.714	105	15	0	12	116	2285708	2285812	7.85e-26	111
# BLASTN 2.13.0+
# Query: ypuD
# Database: B._tequilensis_NZ_CP048852.1.fasta
# Fields: query acc.ver, subject acc.ver, % identity, alignment length, mismatches, gap opens, q. start, q. end, s. start, s. end, evalue, bit score
# 1 hits found
ypuD	NZ_CP048852.1	92.188	128	9	1	1	127	2303853	2303980	2.36e-46	180
# BLASTN 2.13.0+
# Query: drm,punA
# Database: B._tequilensis_NZ_CP048852.1.fasta
# Fields: query acc.ver, subject acc.ver, % identity, alignment length, mismatches, gap opens, q. start, q. end, s. start, s. end, evalue, bit score
# 1 hits found
drm,punA	NZ_CP048852.1	90.226	133	7	3	2	129	2319232	2319363	5.26e-43	169
# BLASTN 2.13.0+
# Query: yqjP,yqjQ,dsdA,coaA,yqjT
# Database: B._tequilensis_NZ_CP048852.1.fasta
# Fields: query acc.ver, subject acc.ver, % identity, alignment length, mismatches, gap opens, q. start, q. end, s. start, s. end, evalue, bit score
# 1 hits found
yqjP,yqjQ,dsdA,coaA,yqjT	NZ_CP048852.1	82.418	91	15	1	12	101	2340927	2341017	8.54e-16	78.7
# BLASTN 2.13.0+
# Query: yqjM
# Database: B._tequilensis_NZ_CP048852.1.fasta
# Fields: query acc.ver, subject acc.ver, % identity, alignment length, mismatches, gap opens, q. start, q. end, s. start, s. end, evalue, bit score
# 1 hits found
yqjM	NZ_CP048852.1	88.800	125	12	2	1	124	2349755	2349878	5.01e-38	152
# BLASTN 2.13.0+
# Query: yqjH,yqjI
# Database: B._tequilensis_NZ_CP048852.1.fasta
# Fields: query acc.ver, subject acc.ver, % identity, alignment length, mismatches, gap opens, q. start, q. end, s. start, s. end, evalue, bit score
# 1 hits found
yqjH,yqjI	NZ_CP048852.1	89.286	84	7	2	44	126	2353605	2353687	1.45e-23	104
# BLASTN 2.13.0+
# Query: bmrU,bmr,bmrR
# Database: B._tequilensis_NZ_CP048852.1.fasta
# Fields: query acc.ver, subject acc.ver, % identity, alignment length, mismatches, gap opens, q. start, q. end, s. start, s. end, evalue, bit score
# 1 hits found
bmrU,bmr,bmrR	NZ_CP048852.1	85.926	135	17	2	1	135	2369582	2369714	3.33e-35	143
# BLASTN 2.13.0+
# Query: spo0A
# Database: B._tequilensis_NZ_CP048852.1.fasta
# Fields: query acc.ver, subject acc.ver, % identity, alignment length, mismatches, gap opens, q. start, q. end, s. start, s. end, evalue, bit score
# 1 hits found
spo0A	NZ_CP048852.1	89.474	114	11	1	36	148	2390891	2391004	3.74e-35	143
# BLASTN 2.13.0+
# Query: yqhV,spoIIIAA,spoIIIAB,spoIIIAC,spoIIIAD,spoIIIAE,spoIIIAF,spoIIIAG,spoIIIAH
# Database: B._tequilensis_NZ_CP048852.1.fasta
# Fields: query acc.ver, subject acc.ver, % identity, alignment length, mismatches, gap opens, q. start, q. end, s. start, s. end, evalue, bit score
# 1 hits found
yqhV,spoIIIAA,spoIIIAB,spoIIIAC,spoIIIAD,spoIIIAE,spoIIIAF,spoIIIAG,spoIIIAH	NZ_CP048852.1	84.167	120	15	3	2	119	2405218	2405335	2.25e-26	113
# BLASTN 2.13.0+
# Query: yqxD,dnaG,sigA
# Database: B._tequilensis_NZ_CP048852.1.fasta
# Fields: query acc.ver, subject acc.ver, % identity, alignment length, mismatches, gap opens, q. start, q. end, s. start, s. end, evalue, bit score
# 1 hits found
yqxD,dnaG,sigA	NZ_CP048852.1	95.349	129	4	1	1	127	2472227	2472355	1.40e-53	204
# BLASTN 2.13.0+
# Query: antE
# Database: B._tequilensis_NZ_CP048852.1.fasta
# Fields: query acc.ver, subject acc.ver, % identity, alignment length, mismatches, gap opens, q. start, q. end, s. start, s. end, evalue, bit score
# 1 hits found
antE	NZ_CP048852.1	97.674	129	3	0	1	129	2475431	2475559	3.94e-59	222
# BLASTN 2.13.0+
# Query: comER
# Database: B._tequilensis_NZ_CP048852.1.fasta
# Fields: query acc.ver, subject acc.ver, % identity, alignment length, mismatches, gap opens, q. start, q. end, s. start, s. end, evalue, bit score
# 1 hits found
comER	NZ_CP048852.1	93.277	119	8	0	1	119	2514144	2514262	2.91e-45	176
# BLASTN 2.13.0+
# Query: levD,levE,levF,levG,sacC
# Database: B._tequilensis_NZ_CP048852.1.fasta
# Fields: query acc.ver, subject acc.ver, % identity, alignment length, mismatches, gap opens, q. start, q. end, s. start, s. end, evalue, bit score
# 1 hits found
levD,levE,levF,levG,sacC	NZ_CP048852.1	87.805	123	15	0	1	123	2574546	2574668	8.46e-36	145
# BLASTN 2.13.0+
# Query: glnQ,glnH,glnM,glnP
# Database: B._tequilensis_NZ_CP048852.1.fasta
# Fields: query acc.ver, subject acc.ver, % identity, alignment length, mismatches, gap opens, q. start, q. end, s. start, s. end, evalue, bit score
# 1 hits found
glnQ,glnH,glnM,glnP	NZ_CP048852.1	89.888	89	6	3	35	122	2620553	2620639	8.34e-26	111
# BLASTN 2.13.0+
# Query: yrbD
# Database: B._tequilensis_NZ_CP048852.1.fasta
# Fields: query acc.ver, subject acc.ver, % identity, alignment length, mismatches, gap opens, q. start, q. end, s. start, s. end, evalue, bit score
# 1 hits found
yrbD	NZ_CP048852.1	86.486	111	14	1	15	125	2658333	2658442	1.43e-28	121
# BLASTN 2.13.0+
# Query: safA,coxA
# Database: B._tequilensis_NZ_CP048852.1.fasta
# Fields: query acc.ver, subject acc.ver, % identity, alignment length, mismatches, gap opens, q. start, q. end, s. start, s. end, evalue, bit score
# 1 hits found
safA,coxA	NZ_CP048852.1	86.614	127	17	0	1	127	2659127	2659253	1.12e-34	141
# BLASTN 2.13.0+
# Query: spoVID,ysxE
# Database: B._tequilensis_NZ_CP048852.1.fasta
# Fields: query acc.ver, subject acc.ver, % identity, alignment length, mismatches, gap opens, q. start, q. end, s. start, s. end, evalue, bit score
# 1 hits found
spoVID,ysxE	NZ_CP048852.1	98.507	134	2	0	1	134	2684548	2684681	1.47e-63	237
# BLASTN 2.13.0+
# Query: hemA,hemX,hemC,hemD,hemB,hemL
# Database: B._tequilensis_NZ_CP048852.1.fasta
# Fields: query acc.ver, subject acc.ver, % identity, alignment length, mismatches, gap opens, q. start, q. end, s. start, s. end, evalue, bit score
# 1 hits found
hemA,hemX,hemC,hemD,hemB,hemL	NZ_CP048852.1	88.372	129	12	3	1	126	2688067	2688195	5.10e-38	152
# BLASTN 2.13.0+
# Query: clpX
# Database: B._tequilensis_NZ_CP048852.1.fasta
# Fields: query acc.ver, subject acc.ver, % identity, alignment length, mismatches, gap opens, q. start, q. end, s. start, s. end, evalue, bit score
# 1 hits found
clpX	NZ_CP048852.1	88.976	127	13	1	1	126	2699971	2700097	3.95e-39	156
# BLASTN 2.13.0+
# Query: araA,araB,araD,araL,araM,araN,araP,araQ,abfA
# Database: B._tequilensis_NZ_CP048852.1.fasta
# Fields: query acc.ver, subject acc.ver, % identity, alignment length, mismatches, gap opens, q. start, q. end, s. start, s. end, evalue, bit score
# 1 hits found
araA,araB,araD,araL,araM,araN,araP,araQ,abfA	NZ_CP048852.1	85.600	125	12	5	1	120	2755230	2755353	2.92e-30	126
# BLASTN 2.13.0+
# Query: gapB,speD
# Database: B._tequilensis_NZ_CP048852.1.fasta
# Fields: query acc.ver, subject acc.ver, % identity, alignment length, mismatches, gap opens, q. start, q. end, s. start, s. end, evalue, bit score
# 1 hits found
gapB,speD	NZ_CP048852.1	92.517	147	7	3	1	146	2783470	2783613	1.28e-54	207
# BLASTN 2.13.0+
# Query: phoP,phoR
# Database: B._tequilensis_NZ_CP048852.1.fasta
# Fields: query acc.ver, subject acc.ver, % identity, alignment length, mismatches, gap opens, q. start, q. end, s. start, s. end, evalue, bit score
# 1 hits found
phoP,phoR	NZ_CP048852.1	96.063	127	4	1	1	127	2793059	2793184	3.90e-54	206
# BLASTN 2.13.0+
# Query: pfkA,pyk,ytzA
# Database: B._tequilensis_NZ_CP048852.1.fasta
# Fields: query acc.ver, subject acc.ver, % identity, alignment length, mismatches, gap opens, q. start, q. end, s. start, s. end, evalue, bit score
# 1 hits found
pfkA,pyk,ytzA	NZ_CP048852.1	89.683	126	12	1	1	126	2801391	2801515	3.05e-40	159
# BLASTN 2.13.0+
# Query: bioW,bioA,bioF,bioD,bioB,bioI,ytbQ
# Database: B._tequilensis_NZ_CP048852.1.fasta
# 0 hits found
# BLASTN 2.13.0+
# Query: ytrA,ytrB,ytrC,ytrD,ytrE,ytrF
# Database: B._tequilensis_NZ_CP048852.1.fasta
# Fields: query acc.ver, subject acc.ver, % identity, alignment length, mismatches, gap opens, q. start, q. end, s. start, s. end, evalue, bit score
# 1 hits found
ytrA,ytrB,ytrC,ytrD,ytrE,ytrF	NZ_CP048852.1	91.597	119	10	0	1	119	2915720	2915838	6.12e-42	165
# BLASTN 2.13.0+
# Query: asnB,ytnA
# Database: B._tequilensis_NZ_CP048852.1.fasta
# Fields: query acc.ver, subject acc.ver, % identity, alignment length, mismatches, gap opens, q. start, q. end, s. start, s. end, evalue, bit score
# 1 hits found
asnB,ytnA	NZ_CP048852.1	89.744	117	12	0	1	117	2929469	2929585	1.68e-37	150
# BLASTN 2.13.0+
# Query: yufN
# Database: B._tequilensis_NZ_CP048852.1.fasta
# 0 hits found
# BLASTN 2.13.0+
# Query: yunB
# Database: B._tequilensis_NZ_CP048852.1.fasta
# Fields: query acc.ver, subject acc.ver, % identity, alignment length, mismatches, gap opens, q. start, q. end, s. start, s. end, evalue, bit score
# 1 hits found
yunB	NZ_CP048852.1	93.636	110	6	1	1	109	3117240	3117349	2.25e-41	163
# BLASTN 2.13.0+
# Query: pucR,pucJ,pucK,pucL,pucM
# Database: B._tequilensis_NZ_CP048852.1.fasta
# Fields: query acc.ver, subject acc.ver, % identity, alignment length, mismatches, gap opens, q. start, q. end, s. start, s. end, evalue, bit score
# 1 hits found
pucR,pucJ,pucK,pucL,pucM	NZ_CP048852.1	91.176	68	6	0	1	68	3129817	3129884	2.93e-20	93.5
# BLASTN 2.13.0+
# Query: yvgR,yvgQ
# Database: B._tequilensis_NZ_CP048852.1.fasta
# Fields: query acc.ver, subject acc.ver, % identity, alignment length, mismatches, gap opens, q. start, q. end, s. start, s. end, evalue, bit score
# 1 hits found
yvgR,yvgQ	NZ_CP048852.1	88.000	125	15	0	1	125	3243436	3243560	6.54e-37	148
# BLASTN 2.13.0+
# Query: cggR,gapA,pgk,tpiA,pgm,eno
# Database: B._tequilensis_NZ_CP048852.1.fasta
# Fields: query acc.ver, subject acc.ver, % identity, alignment length, mismatches, gap opens, q. start, q. end, s. start, s. end, evalue, bit score
# 1 hits found
cggR,gapA,pgk,tpiA,pgm,eno	NZ_CP048852.1	88.608	79	7	1	46	124	3297832	3297908	8.56e-21	95.3
# BLASTN 2.13.0+
# Query: yvfG
# Database: B._tequilensis_NZ_CP048852.1.fasta
# Fields: query acc.ver, subject acc.ver, % identity, alignment length, mismatches, gap opens, q. start, q. end, s. start, s. end, evalue, bit score
# 1 hits found
yvfG	NZ_CP048852.1	94.488	127	7	0	1	127	3335537	3335663	2.35e-51	196
# BLASTN 2.13.0+
# Query: pbpE,racX
# Database: B._tequilensis_NZ_CP048852.1.fasta
# Fields: query acc.ver, subject acc.ver, % identity, alignment length, mismatches, gap opens, q. start, q. end, s. start, s. end, evalue, bit score
# 1 hits found
pbpE,racX	NZ_CP048852.1	83.465	127	11	5	1	126	3354792	3354909	3.12e-25	110
# BLASTN 2.13.0+
# Query: sacB,yveB,yveA
# Database: B._tequilensis_NZ_CP048852.1.fasta
# Fields: query acc.ver, subject acc.ver, % identity, alignment length, mismatches, gap opens, q. start, q. end, s. start, s. end, evalue, bit score
# 1 hits found
sacB,yveB,yveA	NZ_CP048852.1	91.057	123	11	0	1	123	3361188	3361310	1.77e-42	167
# BLASTN 2.13.0+
# Query: clpP
# Database: B._tequilensis_NZ_CP048852.1.fasta
# Fields: query acc.ver, subject acc.ver, % identity, alignment length, mismatches, gap opens, q. start, q. end, s. start, s. end, evalue, bit score
# 1 hits found
clpP	NZ_CP048852.1	85.714	126	15	2	1	124	3367301	3367425	2.39e-31	130
# BLASTN 2.13.0+
# Query: yvzB
# Database: B._tequilensis_NZ_CP048852.1.fasta
# Fields: query acc.ver, subject acc.ver, % identity, alignment length, mismatches, gap opens, q. start, q. end, s. start, s. end, evalue, bit score
# 1 hits found
yvzB	NZ_CP048852.1	82.517	143	20	4	1	140	3428264	3428404	1.63e-28	121
# BLASTN 2.13.0+
# Query: csbA
# Database: B._tequilensis_NZ_CP048852.1.fasta
# Fields: query acc.ver, subject acc.ver, % identity, alignment length, mismatches, gap opens, q. start, q. end, s. start, s. end, evalue, bit score
# 1 hits found
csbA	NZ_CP048852.1	95.238	126	4	2	1	125	3434544	3434668	6.40e-52	198
# BLASTN 2.13.0+
# Query: hag
# Database: B._tequilensis_NZ_CP048852.1.fasta
# Fields: query acc.ver, subject acc.ver, % identity, alignment length, mismatches, gap opens, q. start, q. end, s. start, s. end, evalue, bit score
# 1 hits found
hag	NZ_CP048852.1	89.256	121	12	1	1	121	3456199	3456318	1.75e-37	150
# BLASTN 2.13.0+
# Query: degS,degU
# Database: B._tequilensis_NZ_CP048852.1.fasta
# Fields: query acc.ver, subject acc.ver, % identity, alignment length, mismatches, gap opens, q. start, q. end, s. start, s. end, evalue, bit score
# 1 hits found
degS,degU	NZ_CP048852.1	91.129	124	11	0	1	124	3465814	3465937	4.97e-43	169
# BLASTN 2.13.0+
# Query: spoIID
# Database: B._tequilensis_NZ_CP048852.1.fasta
# Fields: query acc.ver, subject acc.ver, % identity, alignment length, mismatches, gap opens, q. start, q. end, s. start, s. end, evalue, bit score
# 1 hits found
spoIID	NZ_CP048852.1	85.577	104	13	2	14	116	3609364	3609466	1.03e-24	108
# BLASTN 2.13.0+
# Query: ywlF,ywlG
# Database: B._tequilensis_NZ_CP048852.1.fasta
# Fields: query acc.ver, subject acc.ver, % identity, alignment length, mismatches, gap opens, q. start, q. end, s. start, s. end, evalue, bit score
# 1 hits found
ywlF,ywlG	NZ_CP048852.1	88.793	116	13	0	1	116	3623267	3623382	2.78e-35	143
# BLASTN 2.13.0+
# Query: fbaA,ywjH
# Database: B._tequilensis_NZ_CP048852.1.fasta
# Fields: query acc.ver, subject acc.ver, % identity, alignment length, mismatches, gap opens, q. start, q. end, s. start, s. end, evalue, bit score
# 1 hits found
fbaA,ywjH	NZ_CP048852.1	90.625	96	7	2	45	139	3640390	3640484	3.47e-30	126
# BLASTN 2.13.0+
# Query: sigY,yxlC,yxlD,yxlE,yxlF,yxlG
# Database: B._tequilensis_NZ_CP048852.1.fasta
# 0 hits found
# BLASTN 2.13.0+
# Query: yxiT
# Database: B._tequilensis_NZ_CP048852.1.fasta
# Fields: query acc.ver, subject acc.ver, % identity, alignment length, mismatches, gap opens, q. start, q. end, s. start, s. end, evalue, bit score
# 1 hits found
yxiT	NZ_CP048852.1	88.406	138	15	1	1	137	3826932	3827069	7.24e-42	165
# BLASTN 2.13.0+
# Query: licT,bglS
# Database: B._tequilensis_NZ_CP048852.1.fasta
# Fields: query acc.ver, subject acc.ver, % identity, alignment length, mismatches, gap opens, q. start, q. end, s. start, s. end, evalue, bit score
# 1 hits found
licT,bglS	NZ_CP048852.1	87.000	100	7	4	31	125	548086	548184	1.11e-24	108
# BLASTN 2.13.0+
# Query: wapA,yxxG
# Database: B._tequilensis_NZ_CP048852.1.fasta
# 0 hits found
# BLASTN 2.13.0+
# Query: deoR,dra,nupC,pdp
# Database: B._tequilensis_NZ_CP048852.1.fasta
# Fields: query acc.ver, subject acc.ver, % identity, alignment length, mismatches, gap opens, q. start, q. end, s. start, s. end, evalue, bit score
# 1 hits found
deoR,dra,nupC,pdp	NZ_CP048852.1	86.170	94	11	2	34	127	3873443	3873534	1.89e-22	100
# BLASTN 2.13.0+
# Query: yxeF,yxeG,yxeH
# Database: B._tequilensis_NZ_CP048852.1.fasta
# Fields: query acc.ver, subject acc.ver, % identity, alignment length, mismatches, gap opens, q. start, q. end, s. start, s. end, evalue, bit score
# 1 hits found
yxeF,yxeG,yxeH	NZ_CP048852.1	83.824	68	8	2	49	115	3885782	3885847	8.68e-11	62.1
# BLASTN 2.13.0+
# Query: yxeE
# Database: B._tequilensis_NZ_CP048852.1.fasta
# Fields: query acc.ver, subject acc.ver, % identity, alignment length, mismatches, gap opens, q. start, q. end, s. start, s. end, evalue, bit score
# 1 hits found
yxeE	NZ_CP048852.1	86.726	113	12	3	6	116	3888244	3888355	3.62e-29	122
# BLASTN 2.13.0+
# Query: htpG
# Database: B._tequilensis_NZ_CP048852.1.fasta
# Fields: query acc.ver, subject acc.ver, % identity, alignment length, mismatches, gap opens, q. start, q. end, s. start, s. end, evalue, bit score
# 1 hits found
htpG	NZ_CP048852.1	86.822	129	10	5	1	127	3898157	3898280	1.44e-33	137
# BLASTN 2.13.0+
# Query: yxbB,yxbA,yxnB,asnH,yxaM
# Database: B._tequilensis_NZ_CP048852.1.fasta
# Fields: query acc.ver, subject acc.ver, % identity, alignment length, mismatches, gap opens, q. start, q. end, s. start, s. end, evalue, bit score
# 1 hits found
yxbB,yxbA,yxnB,asnH,yxaM	NZ_CP048852.1	97.778	45	1	0	95	139	3905501	3905545	9.86e-16	78.7
# BLASTN 2.13.0+
# Query: yxaG,yxaH
# Database: B._tequilensis_NZ_CP048852.1.fasta
# Fields: query acc.ver, subject acc.ver, % identity, alignment length, mismatches, gap opens, q. start, q. end, s. start, s. end, evalue, bit score
# 1 hits found
yxaG,yxaH	NZ_CP048852.1	96.032	126	4	1	1	126	3907923	3908047	1.39e-53	204
# BLASTN 2.13.0+
# Query: gntR,gntK,gntP,gntZ
# Database: B._tequilensis_NZ_CP048852.1.fasta
# Fields: query acc.ver, subject acc.ver, % identity, alignment length, mismatches, gap opens, q. start, q. end, s. start, s. end, evalue, bit score
# 1 hits found
gntR,gntK,gntP,gntZ	NZ_CP048852.1	89.655	87	7	2	1	85	3922967	3923053	3.09e-25	110
# BLASTN 2.13.0+
# Query: ahpC,ahpF
# Database: B._tequilensis_NZ_CP048852.1.fasta
# Fields: query acc.ver, subject acc.ver, % identity, alignment length, mismatches, gap opens, q. start, q. end, s. start, s. end, evalue, bit score
# 1 hits found
ahpC,ahpF	NZ_CP048852.1	89.773	88	9	0	1	88	3925522	3925609	2.57e-26	113
# BLASTN 2.13.0+
# Query: yyzE,bglA
# Database: B._tequilensis_NZ_CP048852.1.fasta
# Fields: query acc.ver, subject acc.ver, % identity, alignment length, mismatches, gap opens, q. start, q. end, s. start, s. end, evalue, bit score
# 1 hits found
yyzE,bglA	NZ_CP048852.1	80.822	73	12	2	74	145	3925621	3925692	5.20e-09	56.5
# BLASTN 2.13.0+
# Query: rapG,phrG
# Database: B._tequilensis_NZ_CP048852.1.fasta
# Fields: query acc.ver, subject acc.ver, % identity, alignment length, mismatches, gap opens, q. start, q. end, s. start, s. end, evalue, bit score
# 1 hits found
rapG,phrG	NZ_CP048852.1	91.566	83	6	1	44	126	702778	702859	2.41e-26	113
# BLASTN 2.13.0+
# Query: purA
# Database: B._tequilensis_NZ_CP048852.1.fasta
# Fields: query acc.ver, subject acc.ver, % identity, alignment length, mismatches, gap opens, q. start, q. end, s. start, s. end, evalue, bit score
# 1 hits found
purA	NZ_CP048852.1	88.618	123	12	2	1	123	3952046	3952166	6.42e-37	148
# BLASTN 2.13.0+
# Query: yyaO
# Database: B._tequilensis_NZ_CP048852.1.fasta
# 0 hits found
# BLASTN 2.13.0+
# Query: soj,spo0J
# Database: B._tequilensis_NZ_CP048852.1.fasta
# Fields: query acc.ver, subject acc.ver, % identity, alignment length, mismatches, gap opens, q. start, q. end, s. start, s. end, evalue, bit score
# 1 hits found
soj,spo0J	NZ_CP048852.1	90.909	121	11	0	1	121	4001823	4001943	2.25e-41	163
# BLAST processed 130 queries
