# BLASTN 2.13.0+
# Query: dnaA,dnaN
# Database: B._toyonensis_NZ_CP064875.1.fasta
# 0 hits found
# BLASTN 2.13.0+
# Query: guaB
# Database: B._toyonensis_NZ_CP064875.1.fasta
# Fields: query acc.ver, subject acc.ver, % identity, alignment length, mismatches, gap opens, q. start, q. end, s. start, s. end, evalue, bit score
# 1 hits found
guaB	NZ_CP064875.1	100.000	19	0	0	10	28	3307802	3307820	0.007	36.2
# BLASTN 2.13.0+
# Query: yaaH
# Database: B._toyonensis_NZ_CP064875.1.fasta
# 0 hits found
# BLASTN 2.13.0+
# Query: metS
# Database: B._toyonensis_NZ_CP064875.1.fasta
# 0 hits found
# BLASTN 2.13.0+
# Query: yabG
# Database: B._toyonensis_NZ_CP064875.1.fasta
# 0 hits found
# BLASTN 2.13.0+
# Query: veg
# Database: B._toyonensis_NZ_CP064875.1.fasta
# 0 hits found
# BLASTN 2.13.0+
# Query: sspF
# Database: B._toyonensis_NZ_CP064875.1.fasta
# 0 hits found
# BLASTN 2.13.0+
# Query: spoVG
# Database: B._toyonensis_NZ_CP064875.1.fasta
# 0 hits found
# BLASTN 2.13.0+
# Query: pabB,pabA,pabC,sul,folB,folK,yazB,yacF,lysS
# Database: B._toyonensis_NZ_CP064875.1.fasta
# 0 hits found
# BLASTN 2.13.0+
# Query: adaA,adaB
# Database: B._toyonensis_NZ_CP064875.1.fasta
# Fields: query acc.ver, subject acc.ver, % identity, alignment length, mismatches, gap opens, q. start, q. end, s. start, s. end, evalue, bit score
# 1 hits found
adaA,adaB	NZ_CP064875.1	83.761	117	17	2	7	122	2970014	2969899	5.35e-25	110
# BLASTN 2.13.0+
# Query: ybcL
# Database: B._toyonensis_NZ_CP064875.1.fasta
# 0 hits found
# BLASTN 2.13.0+
# Query: ybdO
# Database: B._toyonensis_NZ_CP064875.1.fasta
# 0 hits found
# BLASTN 2.13.0+
# Query: csgA,ybxH
# Database: B._toyonensis_NZ_CP064875.1.fasta
# Fields: query acc.ver, subject acc.ver, % identity, alignment length, mismatches, gap opens, q. start, q. end, s. start, s. end, evalue, bit score
# 1 hits found
csgA,ybxH	NZ_CP064875.1	85.366	41	2	4	42	79	2072199	2072160	5.17e-04	39.9
# BLASTN 2.13.0+
# Query: glpT,glpQ
# Database: B._toyonensis_NZ_CP064875.1.fasta
# 0 hits found
# BLASTN 2.13.0+
# Query: ybgE
# Database: B._toyonensis_NZ_CP064875.1.fasta
# 0 hits found
# BLASTN 2.13.0+
# Query: ycbC,ycbD,ycbE,ycbF,ycbG,ycbH,ycbJ
# Database: B._toyonensis_NZ_CP064875.1.fasta
# Fields: query acc.ver, subject acc.ver, % identity, alignment length, mismatches, gap opens, q. start, q. end, s. start, s. end, evalue, bit score
# 1 hits found
ycbC,ycbD,ycbE,ycbF,ycbG,ycbH,ycbJ	NZ_CP064875.1	92.105	38	2	1	21	57	4301341	4301304	6.97e-08	52.8
# BLASTN 2.13.0+
# Query: cwlJ
# Database: B._toyonensis_NZ_CP064875.1.fasta
# Fields: query acc.ver, subject acc.ver, % identity, alignment length, mismatches, gap opens, q. start, q. end, s. start, s. end, evalue, bit score
# 1 hits found
cwlJ	NZ_CP064875.1	89.286	28	3	0	76	103	4995536	4995509	0.007	36.2
# BLASTN 2.13.0+
# Query: natA,natB
# Database: B._toyonensis_NZ_CP064875.1.fasta
# 0 hits found
# BLASTN 2.13.0+
# Query: mdr
# Database: B._toyonensis_NZ_CP064875.1.fasta
# 0 hits found
# BLASTN 2.13.0+
# Query: nasB,nasC,nasD,nasE,nasF
# Database: B._toyonensis_NZ_CP064875.1.fasta
# 0 hits found
# BLASTN 2.13.0+
# Query: srfAA,srfAB,comS,srfAC,srfAD
# Database: B._toyonensis_NZ_CP064875.1.fasta
# 0 hits found
# BLASTN 2.13.0+
# Query: ycxC,ycxB
# Database: B._toyonensis_NZ_CP064875.1.fasta
# 0 hits found
# BLASTN 2.13.0+
# Query: yclE
# Database: B._toyonensis_NZ_CP064875.1.fasta
# 0 hits found
# BLASTN 2.13.0+
# Query: ycnC,ycnB
# Database: B._toyonensis_NZ_CP064875.1.fasta
# 0 hits found
# BLASTN 2.13.0+
# Query: ycnL
# Database: B._toyonensis_NZ_CP064875.1.fasta
# 0 hits found
# BLASTN 2.13.0+
# Query: ycsA
# Database: B._toyonensis_NZ_CP064875.1.fasta
# 0 hits found
# BLASTN 2.13.0+
# Query: ycsD
# Database: B._toyonensis_NZ_CP064875.1.fasta
# 0 hits found
# BLASTN 2.13.0+
# Query: gsiB
# Database: B._toyonensis_NZ_CP064875.1.fasta
# 0 hits found
# BLASTN 2.13.0+
# Query: phoB,ydhF
# Database: B._toyonensis_NZ_CP064875.1.fasta
# 0 hits found
# BLASTN 2.13.0+
# Query: ydiO,ydiP
# Database: B._toyonensis_NZ_CP064875.1.fasta
# 0 hits found
# BLASTN 2.13.0+
# Query: yfnB
# Database: B._toyonensis_NZ_CP064875.1.fasta
# Fields: query acc.ver, subject acc.ver, % identity, alignment length, mismatches, gap opens, q. start, q. end, s. start, s. end, evalue, bit score
# 1 hits found
yfnB	NZ_CP064875.1	95.455	22	1	0	27	48	3410643	3410622	0.007	36.2
# BLASTN 2.13.0+
# Query: yfmQ
# Database: B._toyonensis_NZ_CP064875.1.fasta
# 0 hits found
# BLASTN 2.13.0+
# Query: yfmK
# Database: B._toyonensis_NZ_CP064875.1.fasta
# 0 hits found
# BLASTN 2.13.0+
# Query: yfmI,yfmJ
# Database: B._toyonensis_NZ_CP064875.1.fasta
# 0 hits found
# BLASTN 2.13.0+
# Query: yfjQ
# Database: B._toyonensis_NZ_CP064875.1.fasta
# 0 hits found
# BLASTN 2.13.0+
# Query: yfjP,yfjO
# Database: B._toyonensis_NZ_CP064875.1.fasta
# Fields: query acc.ver, subject acc.ver, % identity, alignment length, mismatches, gap opens, q. start, q. end, s. start, s. end, evalue, bit score
# 1 hits found
yfjP,yfjO	NZ_CP064875.1	95.455	22	1	0	51	72	4788493	4788472	0.008	36.2
# BLASTN 2.13.0+
# Query: yfjA,yfjB,yfjC,yfjD,yfjE,yfjF
# Database: B._toyonensis_NZ_CP064875.1.fasta
# 0 hits found
# BLASTN 2.13.0+
# Query: lipB
# Database: B._toyonensis_NZ_CP064875.1.fasta
# 0 hits found
# BLASTN 2.13.0+
# Query: yfiZ,yfhA
# Database: B._toyonensis_NZ_CP064875.1.fasta
# 0 hits found
# BLASTN 2.13.0+
# Query: yfhQ,fabL,sspE
# Database: B._toyonensis_NZ_CP064875.1.fasta
# 0 hits found
# BLASTN 2.13.0+
# Query: yfhS
# Database: B._toyonensis_NZ_CP064875.1.fasta
# 0 hits found
# BLASTN 2.13.0+
# Query: yhdG
# Database: B._toyonensis_NZ_CP064875.1.fasta
# Fields: query acc.ver, subject acc.ver, % identity, alignment length, mismatches, gap opens, q. start, q. end, s. start, s. end, evalue, bit score
# 1 hits found
yhdG	NZ_CP064875.1	87.500	32	3	1	1	32	1473697	1473667	0.007	36.2
# BLASTN 2.13.0+
# Query: sigM,yhdL,yhdK
# Database: B._toyonensis_NZ_CP064875.1.fasta
# 0 hits found
# BLASTN 2.13.0+
# Query: sspB
# Database: B._toyonensis_NZ_CP064875.1.fasta
# 0 hits found
# BLASTN 2.13.0+
# Query: oppA,oppB,oppC,oppD,oppF
# Database: B._toyonensis_NZ_CP064875.1.fasta
# 0 hits found
# BLASTN 2.13.0+
# Query: yjbC,yjbD
# Database: B._toyonensis_NZ_CP064875.1.fasta
# 0 hits found
# BLASTN 2.13.0+
# Query: cotY,cotZ
# Database: B._toyonensis_NZ_CP064875.1.fasta
# 0 hits found
# BLASTN 2.13.0+
# Query: yjcI,yjcJ
# Database: B._toyonensis_NZ_CP064875.1.fasta
# 0 hits found
# BLASTN 2.13.0+
# Query: yjfB
# Database: B._toyonensis_NZ_CP064875.1.fasta
# 0 hits found
# BLASTN 2.13.0+
# Query: dppA,dppB,dppC,dppD,dppE
# Database: B._toyonensis_NZ_CP064875.1.fasta
# 0 hits found
# BLASTN 2.13.0+
# Query: sspD
# Database: B._toyonensis_NZ_CP064875.1.fasta
# 0 hits found
# BLASTN 2.13.0+
# Query: splA,splB
# Database: B._toyonensis_NZ_CP064875.1.fasta
# Fields: query acc.ver, subject acc.ver, % identity, alignment length, mismatches, gap opens, q. start, q. end, s. start, s. end, evalue, bit score
# 1 hits found
splA,splB	NZ_CP064875.1	87.879	33	4	0	8	40	4073432	4073400	5.37e-04	39.9
# BLASTN 2.13.0+
# Query: ykuD
# Database: B._toyonensis_NZ_CP064875.1.fasta
# Fields: query acc.ver, subject acc.ver, % identity, alignment length, mismatches, gap opens, q. start, q. end, s. start, s. end, evalue, bit score
# 1 hits found
ykuD	NZ_CP064875.1	100.000	19	0	0	42	60	3153552	3153534	0.006	36.2
# BLASTN 2.13.0+
# Query: pdhA,pdhB,pdhC,pdhD
# Database: B._toyonensis_NZ_CP064875.1.fasta
# 0 hits found
# BLASTN 2.13.0+
# Query: ctaA
# Database: B._toyonensis_NZ_CP064875.1.fasta
# 0 hits found
# BLASTN 2.13.0+
# Query: spoIIGA,sigE,sigG
# Database: B._toyonensis_NZ_CP064875.1.fasta
# Fields: query acc.ver, subject acc.ver, % identity, alignment length, mismatches, gap opens, q. start, q. end, s. start, s. end, evalue, bit score
# 1 hits found
spoIIGA,sigE,sigG	NZ_CP064875.1	90.323	31	3	0	2	32	3790325	3790295	1.54e-04	41.7
# BLASTN 2.13.0+
# Query: pyrR,pyrP,pyrB,pyrC,pyrAA,pyrAB,pyrK,pyrD,pyrF,pyrE
# Database: B._toyonensis_NZ_CP064875.1.fasta
# 0 hits found
# BLASTN 2.13.0+
# Query: ylqB
# Database: B._toyonensis_NZ_CP064875.1.fasta
# Fields: query acc.ver, subject acc.ver, % identity, alignment length, mismatches, gap opens, q. start, q. end, s. start, s. end, evalue, bit score
# 1 hits found
ylqB	NZ_CP064875.1	92.000	25	2	0	71	95	2129308	2129284	0.007	36.2
# BLASTN 2.13.0+
# Query: yneA,yneB,ynzC
# Database: B._toyonensis_NZ_CP064875.1.fasta
# 0 hits found
# BLASTN 2.13.0+
# Query: ccdA,yneI,yneJ
# Database: B._toyonensis_NZ_CP064875.1.fasta
# Fields: query acc.ver, subject acc.ver, % identity, alignment length, mismatches, gap opens, q. start, q. end, s. start, s. end, evalue, bit score
# 1 hits found
ccdA,yneI,yneJ	NZ_CP064875.1	84.444	45	2	5	40	79	3969853	3969809	5.22e-04	39.9
# BLASTN 2.13.0+
# Query: yoxA,dacC
# Database: B._toyonensis_NZ_CP064875.1.fasta
# 0 hits found
# BLASTN 2.13.0+
# Query: yoaW
# Database: B._toyonensis_NZ_CP064875.1.fasta
# 0 hits found
# BLASTN 2.13.0+
# Query: phrK
# Database: B._toyonensis_NZ_CP064875.1.fasta
# 0 hits found
# BLASTN 2.13.0+
# Query: yocF,yocG
# Database: B._toyonensis_NZ_CP064875.1.fasta
# 0 hits found
# BLASTN 2.13.0+
# Query: cgeC,cgeD,cgeE
# Database: B._toyonensis_NZ_CP064875.1.fasta
# 0 hits found
# BLASTN 2.13.0+
# Query: sspC
# Database: B._toyonensis_NZ_CP064875.1.fasta
# Fields: query acc.ver, subject acc.ver, % identity, alignment length, mismatches, gap opens, q. start, q. end, s. start, s. end, evalue, bit score
# 1 hits found
sspC	NZ_CP064875.1	88.235	34	2	2	46	79	3007801	3007770	5.17e-04	39.9
# BLASTN 2.13.0+
# Query: ilvA,ypmP
# Database: B._toyonensis_NZ_CP064875.1.fasta
# 0 hits found
# BLASTN 2.13.0+
# Query: ilvD
# Database: B._toyonensis_NZ_CP064875.1.fasta
# Fields: query acc.ver, subject acc.ver, % identity, alignment length, mismatches, gap opens, q. start, q. end, s. start, s. end, evalue, bit score
# 1 hits found
ilvD	NZ_CP064875.1	93.750	32	2	0	17	48	2092432	2092401	1.20e-06	49.1
# BLASTN 2.13.0+
# Query: kdgR,kdgK,kdgA,kdgT
# Database: B._toyonensis_NZ_CP064875.1.fasta
# 0 hits found
# BLASTN 2.13.0+
# Query: recU,ponA
# Database: B._toyonensis_NZ_CP064875.1.fasta
# 0 hits found
# BLASTN 2.13.0+
# Query: spoIVA
# Database: B._toyonensis_NZ_CP064875.1.fasta
# Fields: query acc.ver, subject acc.ver, % identity, alignment length, mismatches, gap opens, q. start, q. end, s. start, s. end, evalue, bit score
# 1 hits found
spoIVA	NZ_CP064875.1	92.000	25	2	0	33	57	4281125	4281101	0.007	36.2
# BLASTN 2.13.0+
# Query: sigX,rsiX
# Database: B._toyonensis_NZ_CP064875.1.fasta
# 0 hits found
# BLASTN 2.13.0+
# Query: ypuD
# Database: B._toyonensis_NZ_CP064875.1.fasta
# 0 hits found
# BLASTN 2.13.0+
# Query: drm,punA
# Database: B._toyonensis_NZ_CP064875.1.fasta
# 0 hits found
# BLASTN 2.13.0+
# Query: yqjP,yqjQ,dsdA,coaA,yqjT
# Database: B._toyonensis_NZ_CP064875.1.fasta
# Fields: query acc.ver, subject acc.ver, % identity, alignment length, mismatches, gap opens, q. start, q. end, s. start, s. end, evalue, bit score
# 1 hits found
yqjP,yqjQ,dsdA,coaA,yqjT	NZ_CP064875.1	95.455	22	1	0	85	106	5222829	5222808	0.007	36.2
# BLASTN 2.13.0+
# Query: yqjM
# Database: B._toyonensis_NZ_CP064875.1.fasta
# 0 hits found
# BLASTN 2.13.0+
# Query: yqjH,yqjI
# Database: B._toyonensis_NZ_CP064875.1.fasta
# 0 hits found
# BLASTN 2.13.0+
# Query: bmrU,bmr,bmrR
# Database: B._toyonensis_NZ_CP064875.1.fasta
# Fields: query acc.ver, subject acc.ver, % identity, alignment length, mismatches, gap opens, q. start, q. end, s. start, s. end, evalue, bit score
# 1 hits found
bmrU,bmr,bmrR	NZ_CP064875.1	85.714	35	4	1	55	88	1104577	1104543	0.008	36.2
# BLASTN 2.13.0+
# Query: spo0A
# Database: B._toyonensis_NZ_CP064875.1.fasta
# 0 hits found
# BLASTN 2.13.0+
# Query: yqhV,spoIIIAA,spoIIIAB,spoIIIAC,spoIIIAD,spoIIIAE,spoIIIAF,spoIIIAG,spoIIIAH
# Database: B._toyonensis_NZ_CP064875.1.fasta
# 0 hits found
# BLASTN 2.13.0+
# Query: yqxD,dnaG,sigA
# Database: B._toyonensis_NZ_CP064875.1.fasta
# 0 hits found
# BLASTN 2.13.0+
# Query: antE
# Database: B._toyonensis_NZ_CP064875.1.fasta
# 0 hits found
# BLASTN 2.13.0+
# Query: comER
# Database: B._toyonensis_NZ_CP064875.1.fasta
# 0 hits found
# BLASTN 2.13.0+
# Query: levD,levE,levF,levG,sacC
# Database: B._toyonensis_NZ_CP064875.1.fasta
# 0 hits found
# BLASTN 2.13.0+
# Query: glnQ,glnH,glnM,glnP
# Database: B._toyonensis_NZ_CP064875.1.fasta
# 0 hits found
# BLASTN 2.13.0+
# Query: yrbD
# Database: B._toyonensis_NZ_CP064875.1.fasta
# 0 hits found
# BLASTN 2.13.0+
# Query: safA,coxA
# Database: B._toyonensis_NZ_CP064875.1.fasta
# 0 hits found
# BLASTN 2.13.0+
# Query: spoVID,ysxE
# Database: B._toyonensis_NZ_CP064875.1.fasta
# Fields: query acc.ver, subject acc.ver, % identity, alignment length, mismatches, gap opens, q. start, q. end, s. start, s. end, evalue, bit score
# 1 hits found
spoVID,ysxE	NZ_CP064875.1	81.034	58	6	4	51	107	3141960	3142013	1.62e-04	41.7
# BLASTN 2.13.0+
# Query: hemA,hemX,hemC,hemD,hemB,hemL
# Database: B._toyonensis_NZ_CP064875.1.fasta
# 0 hits found
# BLASTN 2.13.0+
# Query: clpX
# Database: B._toyonensis_NZ_CP064875.1.fasta
# 0 hits found
# BLASTN 2.13.0+
# Query: araA,araB,araD,araL,araM,araN,araP,araQ,abfA
# Database: B._toyonensis_NZ_CP064875.1.fasta
# 0 hits found
# BLASTN 2.13.0+
# Query: gapB,speD
# Database: B._toyonensis_NZ_CP064875.1.fasta
# 0 hits found
# BLASTN 2.13.0+
# Query: phoP,phoR
# Database: B._toyonensis_NZ_CP064875.1.fasta
# Fields: query acc.ver, subject acc.ver, % identity, alignment length, mismatches, gap opens, q. start, q. end, s. start, s. end, evalue, bit score
# 1 hits found
phoP,phoR	NZ_CP064875.1	90.625	32	1	2	82	112	4418970	4419000	1.52e-04	41.7
# BLASTN 2.13.0+
# Query: pfkA,pyk,ytzA
# Database: B._toyonensis_NZ_CP064875.1.fasta
# 0 hits found
# BLASTN 2.13.0+
# Query: bioW,bioA,bioF,bioD,bioB,bioI,ytbQ
# Database: B._toyonensis_NZ_CP064875.1.fasta
# 0 hits found
# BLASTN 2.13.0+
# Query: ytrA,ytrB,ytrC,ytrD,ytrE,ytrF
# Database: B._toyonensis_NZ_CP064875.1.fasta
# 0 hits found
# BLASTN 2.13.0+
# Query: asnB,ytnA
# Database: B._toyonensis_NZ_CP064875.1.fasta
# 0 hits found
# BLASTN 2.13.0+
# Query: yufN
# Database: B._toyonensis_NZ_CP064875.1.fasta
# 0 hits found
# BLASTN 2.13.0+
# Query: yunB
# Database: B._toyonensis_NZ_CP064875.1.fasta
# Fields: query acc.ver, subject acc.ver, % identity, alignment length, mismatches, gap opens, q. start, q. end, s. start, s. end, evalue, bit score
# 1 hits found
yunB	NZ_CP064875.1	85.714	35	5	0	67	101	4446790	4446824	0.002	38.1
# BLASTN 2.13.0+
# Query: pucR,pucJ,pucK,pucL,pucM
# Database: B._toyonensis_NZ_CP064875.1.fasta
# 0 hits found
# BLASTN 2.13.0+
# Query: yvgR,yvgQ
# Database: B._toyonensis_NZ_CP064875.1.fasta
# 0 hits found
# BLASTN 2.13.0+
# Query: cggR,gapA,pgk,tpiA,pgm,eno
# Database: B._toyonensis_NZ_CP064875.1.fasta
# 0 hits found
# BLASTN 2.13.0+
# Query: yvfG
# Database: B._toyonensis_NZ_CP064875.1.fasta
# 0 hits found
# BLASTN 2.13.0+
# Query: pbpE,racX
# Database: B._toyonensis_NZ_CP064875.1.fasta
# 0 hits found
# BLASTN 2.13.0+
# Query: sacB,yveB,yveA
# Database: B._toyonensis_NZ_CP064875.1.fasta
# 0 hits found
# BLASTN 2.13.0+
# Query: clpP
# Database: B._toyonensis_NZ_CP064875.1.fasta
# 0 hits found
# BLASTN 2.13.0+
# Query: yvzB
# Database: B._toyonensis_NZ_CP064875.1.fasta
# 0 hits found
# BLASTN 2.13.0+
# Query: csbA
# Database: B._toyonensis_NZ_CP064875.1.fasta
# 0 hits found
# BLASTN 2.13.0+
# Query: hag
# Database: B._toyonensis_NZ_CP064875.1.fasta
# Fields: query acc.ver, subject acc.ver, % identity, alignment length, mismatches, gap opens, q. start, q. end, s. start, s. end, evalue, bit score
# 1 hits found
hag	NZ_CP064875.1	95.652	23	0	1	82	104	923279	923258	0.007	36.2
# BLASTN 2.13.0+
# Query: degS,degU
# Database: B._toyonensis_NZ_CP064875.1.fasta
# 0 hits found
# BLASTN 2.13.0+
# Query: spoIID
# Database: B._toyonensis_NZ_CP064875.1.fasta
# 0 hits found
# BLASTN 2.13.0+
# Query: ywlF,ywlG
# Database: B._toyonensis_NZ_CP064875.1.fasta
# 0 hits found
# BLASTN 2.13.0+
# Query: fbaA,ywjH
# Database: B._toyonensis_NZ_CP064875.1.fasta
# 0 hits found
# BLASTN 2.13.0+
# Query: sigY,yxlC,yxlD,yxlE,yxlF,yxlG
# Database: B._toyonensis_NZ_CP064875.1.fasta
# 0 hits found
# BLASTN 2.13.0+
# Query: yxiT
# Database: B._toyonensis_NZ_CP064875.1.fasta
# Fields: query acc.ver, subject acc.ver, % identity, alignment length, mismatches, gap opens, q. start, q. end, s. start, s. end, evalue, bit score
# 1 hits found
yxiT	NZ_CP064875.1	96.000	25	1	0	79	103	1141335	1141311	1.67e-04	41.7
# BLASTN 2.13.0+
# Query: licT,bglS
# Database: B._toyonensis_NZ_CP064875.1.fasta
# 0 hits found
# BLASTN 2.13.0+
# Query: wapA,yxxG
# Database: B._toyonensis_NZ_CP064875.1.fasta
# 0 hits found
# BLASTN 2.13.0+
# Query: deoR,dra,nupC,pdp
# Database: B._toyonensis_NZ_CP064875.1.fasta
# 0 hits found
# BLASTN 2.13.0+
# Query: yxeF,yxeG,yxeH
# Database: B._toyonensis_NZ_CP064875.1.fasta
# 0 hits found
# BLASTN 2.13.0+
# Query: yxeE
# Database: B._toyonensis_NZ_CP064875.1.fasta
# 0 hits found
# BLASTN 2.13.0+
# Query: htpG
# Database: B._toyonensis_NZ_CP064875.1.fasta
# 0 hits found
# BLASTN 2.13.0+
# Query: yxbB,yxbA,yxnB,asnH,yxaM
# Database: B._toyonensis_NZ_CP064875.1.fasta
# 0 hits found
# BLASTN 2.13.0+
# Query: yxaG,yxaH
# Database: B._toyonensis_NZ_CP064875.1.fasta
# 0 hits found
# BLASTN 2.13.0+
# Query: gntR,gntK,gntP,gntZ
# Database: B._toyonensis_NZ_CP064875.1.fasta
# 0 hits found
# BLASTN 2.13.0+
# Query: ahpC,ahpF
# Database: B._toyonensis_NZ_CP064875.1.fasta
# Fields: query acc.ver, subject acc.ver, % identity, alignment length, mismatches, gap opens, q. start, q. end, s. start, s. end, evalue, bit score
# 1 hits found
ahpC,ahpF	NZ_CP064875.1	89.744	39	3	1	7	45	370755	370718	9.61e-07	49.1
# BLASTN 2.13.0+
# Query: yyzE,bglA
# Database: B._toyonensis_NZ_CP064875.1.fasta
# Fields: query acc.ver, subject acc.ver, % identity, alignment length, mismatches, gap opens, q. start, q. end, s. start, s. end, evalue, bit score
# 1 hits found
yyzE,bglA	NZ_CP064875.1	92.000	25	2	0	116	140	3588996	3589020	0.009	36.2
# BLASTN 2.13.0+
# Query: rapG,phrG
# Database: B._toyonensis_NZ_CP064875.1.fasta
# 0 hits found
# BLASTN 2.13.0+
# Query: purA
# Database: B._toyonensis_NZ_CP064875.1.fasta
# 0 hits found
# BLASTN 2.13.0+
# Query: yyaO
# Database: B._toyonensis_NZ_CP064875.1.fasta
# Fields: query acc.ver, subject acc.ver, % identity, alignment length, mismatches, gap opens, q. start, q. end, s. start, s. end, evalue, bit score
# 1 hits found
yyaO	NZ_CP064875.1	87.879	33	1	1	78	107	4508857	4508825	0.007	36.2
# BLASTN 2.13.0+
# Query: soj,spo0J
# Database: B._toyonensis_NZ_CP064875.1.fasta
# Fields: query acc.ver, subject acc.ver, % identity, alignment length, mismatches, gap opens, q. start, q. end, s. start, s. end, evalue, bit score
# 1 hits found
soj,spo0J	NZ_CP064875.1	87.500	32	2	2	66	97	3884895	3884866	0.007	36.2
# BLAST processed 130 queries
