# BLASTN 2.13.0+
# Query: dnaA,dnaN
# Database: B._wiedmannii_NZ_CP032365.1.fasta
# 0 hits found
# BLASTN 2.13.0+
# Query: guaB
# Database: B._wiedmannii_NZ_CP032365.1.fasta
# 0 hits found
# BLASTN 2.13.0+
# Query: yaaH
# Database: B._wiedmannii_NZ_CP032365.1.fasta
# 0 hits found
# BLASTN 2.13.0+
# Query: metS
# Database: B._wiedmannii_NZ_CP032365.1.fasta
# Fields: query acc.ver, subject acc.ver, % identity, alignment length, mismatches, gap opens, q. start, q. end, s. start, s. end, evalue, bit score
# 1 hits found
metS	NZ_CP032365.1	80.000	60	8	4	8	63	43194	43253	1.65e-04	41.7
# BLASTN 2.13.0+
# Query: yabG
# Database: B._wiedmannii_NZ_CP032365.1.fasta
# 0 hits found
# BLASTN 2.13.0+
# Query: veg
# Database: B._wiedmannii_NZ_CP032365.1.fasta
# 0 hits found
# BLASTN 2.13.0+
# Query: sspF
# Database: B._wiedmannii_NZ_CP032365.1.fasta
# 0 hits found
# BLASTN 2.13.0+
# Query: spoVG
# Database: B._wiedmannii_NZ_CP032365.1.fasta
# 0 hits found
# BLASTN 2.13.0+
# Query: pabB,pabA,pabC,sul,folB,folK,yazB,yacF,lysS
# Database: B._wiedmannii_NZ_CP032365.1.fasta
# 0 hits found
# BLASTN 2.13.0+
# Query: adaA,adaB
# Database: B._wiedmannii_NZ_CP032365.1.fasta
# Fields: query acc.ver, subject acc.ver, % identity, alignment length, mismatches, gap opens, q. start, q. end, s. start, s. end, evalue, bit score
# 1 hits found
adaA,adaB	NZ_CP032365.1	83.051	118	18	2	7	123	3056859	3056743	7.18e-24	106
# BLASTN 2.13.0+
# Query: ybcL
# Database: B._wiedmannii_NZ_CP032365.1.fasta
# 0 hits found
# BLASTN 2.13.0+
# Query: ybdO
# Database: B._wiedmannii_NZ_CP032365.1.fasta
# 0 hits found
# BLASTN 2.13.0+
# Query: csgA,ybxH
# Database: B._wiedmannii_NZ_CP032365.1.fasta
# 0 hits found
# BLASTN 2.13.0+
# Query: glpT,glpQ
# Database: B._wiedmannii_NZ_CP032365.1.fasta
# 0 hits found
# BLASTN 2.13.0+
# Query: ybgE
# Database: B._wiedmannii_NZ_CP032365.1.fasta
# Fields: query acc.ver, subject acc.ver, % identity, alignment length, mismatches, gap opens, q. start, q. end, s. start, s. end, evalue, bit score
# 1 hits found
ybgE	NZ_CP032365.1	88.235	34	1	2	42	72	3495099	3495066	0.002	38.1
# BLASTN 2.13.0+
# Query: ycbC,ycbD,ycbE,ycbF,ycbG,ycbH,ycbJ
# Database: B._wiedmannii_NZ_CP032365.1.fasta
# Fields: query acc.ver, subject acc.ver, % identity, alignment length, mismatches, gap opens, q. start, q. end, s. start, s. end, evalue, bit score
# 1 hits found
ycbC,ycbD,ycbE,ycbF,ycbG,ycbH,ycbJ	NZ_CP032365.1	92.105	38	2	1	21	57	4474687	4474650	7.23e-08	52.8
# BLASTN 2.13.0+
# Query: cwlJ
# Database: B._wiedmannii_NZ_CP032365.1.fasta
# Fields: query acc.ver, subject acc.ver, % identity, alignment length, mismatches, gap opens, q. start, q. end, s. start, s. end, evalue, bit score
# 1 hits found
cwlJ	NZ_CP032365.1	89.655	29	2	1	48	76	3960714	3960687	0.007	36.2
# BLASTN 2.13.0+
# Query: natA,natB
# Database: B._wiedmannii_NZ_CP032365.1.fasta
# 0 hits found
# BLASTN 2.13.0+
# Query: mdr
# Database: B._wiedmannii_NZ_CP032365.1.fasta
# Fields: query acc.ver, subject acc.ver, % identity, alignment length, mismatches, gap opens, q. start, q. end, s. start, s. end, evalue, bit score
# 1 hits found
mdr	NZ_CP032365.1	95.652	23	0	1	87	109	1087572	1087551	0.007	36.2
# BLASTN 2.13.0+
# Query: nasB,nasC,nasD,nasE,nasF
# Database: B._wiedmannii_NZ_CP032365.1.fasta
# 0 hits found
# BLASTN 2.13.0+
# Query: srfAA,srfAB,comS,srfAC,srfAD
# Database: B._wiedmannii_NZ_CP032365.1.fasta
# 0 hits found
# BLASTN 2.13.0+
# Query: ycxC,ycxB
# Database: B._wiedmannii_NZ_CP032365.1.fasta
# 0 hits found
# BLASTN 2.13.0+
# Query: yclE
# Database: B._wiedmannii_NZ_CP032365.1.fasta
# 0 hits found
# BLASTN 2.13.0+
# Query: ycnC,ycnB
# Database: B._wiedmannii_NZ_CP032365.1.fasta
# Fields: query acc.ver, subject acc.ver, % identity, alignment length, mismatches, gap opens, q. start, q. end, s. start, s. end, evalue, bit score
# 1 hits found
ycnC,ycnB	NZ_CP032365.1	92.000	25	2	0	9	33	4281574	4281550	0.007	36.2
# BLASTN 2.13.0+
# Query: ycnL
# Database: B._wiedmannii_NZ_CP032365.1.fasta
# 0 hits found
# BLASTN 2.13.0+
# Query: ycsA
# Database: B._wiedmannii_NZ_CP032365.1.fasta
# 0 hits found
# BLASTN 2.13.0+
# Query: ycsD
# Database: B._wiedmannii_NZ_CP032365.1.fasta
# 0 hits found
# BLASTN 2.13.0+
# Query: gsiB
# Database: B._wiedmannii_NZ_CP032365.1.fasta
# 0 hits found
# BLASTN 2.13.0+
# Query: phoB,ydhF
# Database: B._wiedmannii_NZ_CP032365.1.fasta
# 0 hits found
# BLASTN 2.13.0+
# Query: ydiO,ydiP
# Database: B._wiedmannii_NZ_CP032365.1.fasta
# 0 hits found
# BLASTN 2.13.0+
# Query: yfnB
# Database: B._wiedmannii_NZ_CP032365.1.fasta
# Fields: query acc.ver, subject acc.ver, % identity, alignment length, mismatches, gap opens, q. start, q. end, s. start, s. end, evalue, bit score
# 1 hits found
yfnB	NZ_CP032365.1	95.455	22	1	0	27	48	3535877	3535856	0.008	36.2
# BLASTN 2.13.0+
# Query: yfmQ
# Database: B._wiedmannii_NZ_CP032365.1.fasta
# 0 hits found
# BLASTN 2.13.0+
# Query: yfmK
# Database: B._wiedmannii_NZ_CP032365.1.fasta
# 0 hits found
# BLASTN 2.13.0+
# Query: yfmI,yfmJ
# Database: B._wiedmannii_NZ_CP032365.1.fasta
# 0 hits found
# BLASTN 2.13.0+
# Query: yfjQ
# Database: B._wiedmannii_NZ_CP032365.1.fasta
# 0 hits found
# BLASTN 2.13.0+
# Query: yfjP,yfjO
# Database: B._wiedmannii_NZ_CP032365.1.fasta
# 0 hits found
# BLASTN 2.13.0+
# Query: yfjA,yfjB,yfjC,yfjD,yfjE,yfjF
# Database: B._wiedmannii_NZ_CP032365.1.fasta
# 0 hits found
# BLASTN 2.13.0+
# Query: lipB
# Database: B._wiedmannii_NZ_CP032365.1.fasta
# Fields: query acc.ver, subject acc.ver, % identity, alignment length, mismatches, gap opens, q. start, q. end, s. start, s. end, evalue, bit score
# 1 hits found
lipB	NZ_CP032365.1	89.286	28	3	0	15	42	5322949	5322976	0.007	36.2
# BLASTN 2.13.0+
# Query: yfiZ,yfhA
# Database: B._wiedmannii_NZ_CP032365.1.fasta
# 0 hits found
# BLASTN 2.13.0+
# Query: yfhQ,fabL,sspE
# Database: B._wiedmannii_NZ_CP032365.1.fasta
# 0 hits found
# BLASTN 2.13.0+
# Query: yfhS
# Database: B._wiedmannii_NZ_CP032365.1.fasta
# 0 hits found
# BLASTN 2.13.0+
# Query: yhdG
# Database: B._wiedmannii_NZ_CP032365.1.fasta
# 0 hits found
# BLASTN 2.13.0+
# Query: sigM,yhdL,yhdK
# Database: B._wiedmannii_NZ_CP032365.1.fasta
# Fields: query acc.ver, subject acc.ver, % identity, alignment length, mismatches, gap opens, q. start, q. end, s. start, s. end, evalue, bit score
# 1 hits found
sigM,yhdL,yhdK	NZ_CP032365.1	92.308	26	1	1	7	32	2917477	2917501	0.007	36.2
# BLASTN 2.13.0+
# Query: sspB
# Database: B._wiedmannii_NZ_CP032365.1.fasta
# 0 hits found
# BLASTN 2.13.0+
# Query: oppA,oppB,oppC,oppD,oppF
# Database: B._wiedmannii_NZ_CP032365.1.fasta
# 0 hits found
# BLASTN 2.13.0+
# Query: yjbC,yjbD
# Database: B._wiedmannii_NZ_CP032365.1.fasta
# 0 hits found
# BLASTN 2.13.0+
# Query: cotY,cotZ
# Database: B._wiedmannii_NZ_CP032365.1.fasta
# 0 hits found
# BLASTN 2.13.0+
# Query: yjcI,yjcJ
# Database: B._wiedmannii_NZ_CP032365.1.fasta
# 0 hits found
# BLASTN 2.13.0+
# Query: yjfB
# Database: B._wiedmannii_NZ_CP032365.1.fasta
# 0 hits found
# BLASTN 2.13.0+
# Query: dppA,dppB,dppC,dppD,dppE
# Database: B._wiedmannii_NZ_CP032365.1.fasta
# 0 hits found
# BLASTN 2.13.0+
# Query: sspD
# Database: B._wiedmannii_NZ_CP032365.1.fasta
# 0 hits found
# BLASTN 2.13.0+
# Query: splA,splB
# Database: B._wiedmannii_NZ_CP032365.1.fasta
# Fields: query acc.ver, subject acc.ver, % identity, alignment length, mismatches, gap opens, q. start, q. end, s. start, s. end, evalue, bit score
# 1 hits found
splA,splB	NZ_CP032365.1	87.879	33	4	0	8	40	4205782	4205750	5.58e-04	39.9
# BLASTN 2.13.0+
# Query: ykuD
# Database: B._wiedmannii_NZ_CP032365.1.fasta
# Fields: query acc.ver, subject acc.ver, % identity, alignment length, mismatches, gap opens, q. start, q. end, s. start, s. end, evalue, bit score
# 1 hits found
ykuD	NZ_CP032365.1	100.000	20	0	0	41	60	3307369	3307350	0.002	38.1
# BLASTN 2.13.0+
# Query: pdhA,pdhB,pdhC,pdhD
# Database: B._wiedmannii_NZ_CP032365.1.fasta
# 0 hits found
# BLASTN 2.13.0+
# Query: ctaA
# Database: B._wiedmannii_NZ_CP032365.1.fasta
# 0 hits found
# BLASTN 2.13.0+
# Query: spoIIGA,sigE,sigG
# Database: B._wiedmannii_NZ_CP032365.1.fasta
# Fields: query acc.ver, subject acc.ver, % identity, alignment length, mismatches, gap opens, q. start, q. end, s. start, s. end, evalue, bit score
# 1 hits found
spoIIGA,sigE,sigG	NZ_CP032365.1	92.308	26	2	0	74	99	2328112	2328137	0.002	38.1
# BLASTN 2.13.0+
# Query: pyrR,pyrP,pyrB,pyrC,pyrAA,pyrAB,pyrK,pyrD,pyrF,pyrE
# Database: B._wiedmannii_NZ_CP032365.1.fasta
# 0 hits found
# BLASTN 2.13.0+
# Query: ylqB
# Database: B._wiedmannii_NZ_CP032365.1.fasta
# 0 hits found
# BLASTN 2.13.0+
# Query: yneA,yneB,ynzC
# Database: B._wiedmannii_NZ_CP032365.1.fasta
# 0 hits found
# BLASTN 2.13.0+
# Query: ccdA,yneI,yneJ
# Database: B._wiedmannii_NZ_CP032365.1.fasta
# Fields: query acc.ver, subject acc.ver, % identity, alignment length, mismatches, gap opens, q. start, q. end, s. start, s. end, evalue, bit score
# 1 hits found
ccdA,yneI,yneJ	NZ_CP032365.1	84.444	45	2	5	40	79	4109199	4109155	5.42e-04	39.9
# BLASTN 2.13.0+
# Query: yoxA,dacC
# Database: B._wiedmannii_NZ_CP032365.1.fasta
# 0 hits found
# BLASTN 2.13.0+
# Query: yoaW
# Database: B._wiedmannii_NZ_CP032365.1.fasta
# 0 hits found
# BLASTN 2.13.0+
# Query: phrK
# Database: B._wiedmannii_NZ_CP032365.1.fasta
# 0 hits found
# BLASTN 2.13.0+
# Query: yocF,yocG
# Database: B._wiedmannii_NZ_CP032365.1.fasta
# Fields: query acc.ver, subject acc.ver, % identity, alignment length, mismatches, gap opens, q. start, q. end, s. start, s. end, evalue, bit score
# 1 hits found
yocF,yocG	NZ_CP032365.1	100.000	20	0	0	34	53	3631494	3631513	0.002	38.1
# BLASTN 2.13.0+
# Query: cgeC,cgeD,cgeE
# Database: B._wiedmannii_NZ_CP032365.1.fasta
# 0 hits found
# BLASTN 2.13.0+
# Query: sspC
# Database: B._wiedmannii_NZ_CP032365.1.fasta
# 0 hits found
# BLASTN 2.13.0+
# Query: ilvA,ypmP
# Database: B._wiedmannii_NZ_CP032365.1.fasta
# 0 hits found
# BLASTN 2.13.0+
# Query: ilvD
# Database: B._wiedmannii_NZ_CP032365.1.fasta
# Fields: query acc.ver, subject acc.ver, % identity, alignment length, mismatches, gap opens, q. start, q. end, s. start, s. end, evalue, bit score
# 1 hits found
ilvD	NZ_CP032365.1	93.750	32	2	0	17	48	2112721	2112690	1.24e-06	49.1
# BLASTN 2.13.0+
# Query: kdgR,kdgK,kdgA,kdgT
# Database: B._wiedmannii_NZ_CP032365.1.fasta
# Fields: query acc.ver, subject acc.ver, % identity, alignment length, mismatches, gap opens, q. start, q. end, s. start, s. end, evalue, bit score
# 1 hits found
kdgR,kdgK,kdgA,kdgT	NZ_CP032365.1	82.609	46	2	5	76	119	657767	657808	0.007	36.2
# BLASTN 2.13.0+
# Query: recU,ponA
# Database: B._wiedmannii_NZ_CP032365.1.fasta
# Fields: query acc.ver, subject acc.ver, % identity, alignment length, mismatches, gap opens, q. start, q. end, s. start, s. end, evalue, bit score
# 1 hits found
recU,ponA	NZ_CP032365.1	84.211	38	4	2	7	44	2621584	2621549	0.007	36.2
# BLASTN 2.13.0+
# Query: spoIVA
# Database: B._wiedmannii_NZ_CP032365.1.fasta
# 0 hits found
# BLASTN 2.13.0+
# Query: sigX,rsiX
# Database: B._wiedmannii_NZ_CP032365.1.fasta
# Fields: query acc.ver, subject acc.ver, % identity, alignment length, mismatches, gap opens, q. start, q. end, s. start, s. end, evalue, bit score
# 1 hits found
sigX,rsiX	NZ_CP032365.1	95.455	22	1	0	66	87	3295123	3295102	0.007	36.2
# BLASTN 2.13.0+
# Query: ypuD
# Database: B._wiedmannii_NZ_CP032365.1.fasta
# 0 hits found
# BLASTN 2.13.0+
# Query: drm,punA
# Database: B._wiedmannii_NZ_CP032365.1.fasta
# 0 hits found
# BLASTN 2.13.0+
# Query: yqjP,yqjQ,dsdA,coaA,yqjT
# Database: B._wiedmannii_NZ_CP032365.1.fasta
# 0 hits found
# BLASTN 2.13.0+
# Query: yqjM
# Database: B._wiedmannii_NZ_CP032365.1.fasta
# 0 hits found
# BLASTN 2.13.0+
# Query: yqjH,yqjI
# Database: B._wiedmannii_NZ_CP032365.1.fasta
# 0 hits found
# BLASTN 2.13.0+
# Query: bmrU,bmr,bmrR
# Database: B._wiedmannii_NZ_CP032365.1.fasta
# 0 hits found
# BLASTN 2.13.0+
# Query: spo0A
# Database: B._wiedmannii_NZ_CP032365.1.fasta
# 0 hits found
# BLASTN 2.13.0+
# Query: yqhV,spoIIIAA,spoIIIAB,spoIIIAC,spoIIIAD,spoIIIAE,spoIIIAF,spoIIIAG,spoIIIAH
# Database: B._wiedmannii_NZ_CP032365.1.fasta
# 0 hits found
# BLASTN 2.13.0+
# Query: yqxD,dnaG,sigA
# Database: B._wiedmannii_NZ_CP032365.1.fasta
# 0 hits found
# BLASTN 2.13.0+
# Query: antE
# Database: B._wiedmannii_NZ_CP032365.1.fasta
# 0 hits found
# BLASTN 2.13.0+
# Query: comER
# Database: B._wiedmannii_NZ_CP032365.1.fasta
# 0 hits found
# BLASTN 2.13.0+
# Query: levD,levE,levF,levG,sacC
# Database: B._wiedmannii_NZ_CP032365.1.fasta
# 0 hits found
# BLASTN 2.13.0+
# Query: glnQ,glnH,glnM,glnP
# Database: B._wiedmannii_NZ_CP032365.1.fasta
# 0 hits found
# BLASTN 2.13.0+
# Query: yrbD
# Database: B._wiedmannii_NZ_CP032365.1.fasta
# Fields: query acc.ver, subject acc.ver, % identity, alignment length, mismatches, gap opens, q. start, q. end, s. start, s. end, evalue, bit score
# 1 hits found
yrbD	NZ_CP032365.1	90.000	30	2	1	86	114	100953	100924	0.002	38.1
# BLASTN 2.13.0+
# Query: safA,coxA
# Database: B._wiedmannii_NZ_CP032365.1.fasta
# 0 hits found
# BLASTN 2.13.0+
# Query: spoVID,ysxE
# Database: B._wiedmannii_NZ_CP032365.1.fasta
# Fields: query acc.ver, subject acc.ver, % identity, alignment length, mismatches, gap opens, q. start, q. end, s. start, s. end, evalue, bit score
# 1 hits found
spoVID,ysxE	NZ_CP032365.1	80.702	57	7	4	51	106	3295113	3295166	1.68e-04	41.7
# BLASTN 2.13.0+
# Query: hemA,hemX,hemC,hemD,hemB,hemL
# Database: B._wiedmannii_NZ_CP032365.1.fasta
# 0 hits found
# BLASTN 2.13.0+
# Query: clpX
# Database: B._wiedmannii_NZ_CP032365.1.fasta
# 0 hits found
# BLASTN 2.13.0+
# Query: araA,araB,araD,araL,araM,araN,araP,araQ,abfA
# Database: B._wiedmannii_NZ_CP032365.1.fasta
# 0 hits found
# BLASTN 2.13.0+
# Query: gapB,speD
# Database: B._wiedmannii_NZ_CP032365.1.fasta
# 0 hits found
# BLASTN 2.13.0+
# Query: phoP,phoR
# Database: B._wiedmannii_NZ_CP032365.1.fasta
# Fields: query acc.ver, subject acc.ver, % identity, alignment length, mismatches, gap opens, q. start, q. end, s. start, s. end, evalue, bit score
# 1 hits found
phoP,phoR	NZ_CP032365.1	90.625	32	1	2	82	112	4589375	4589405	1.58e-04	41.7
# BLASTN 2.13.0+
# Query: pfkA,pyk,ytzA
# Database: B._wiedmannii_NZ_CP032365.1.fasta
# 0 hits found
# BLASTN 2.13.0+
# Query: bioW,bioA,bioF,bioD,bioB,bioI,ytbQ
# Database: B._wiedmannii_NZ_CP032365.1.fasta
# 0 hits found
# BLASTN 2.13.0+
# Query: ytrA,ytrB,ytrC,ytrD,ytrE,ytrF
# Database: B._wiedmannii_NZ_CP032365.1.fasta
# 0 hits found
# BLASTN 2.13.0+
# Query: asnB,ytnA
# Database: B._wiedmannii_NZ_CP032365.1.fasta
# 0 hits found
# BLASTN 2.13.0+
# Query: yufN
# Database: B._wiedmannii_NZ_CP032365.1.fasta
# 0 hits found
# BLASTN 2.13.0+
# Query: yunB
# Database: B._wiedmannii_NZ_CP032365.1.fasta
# 0 hits found
# BLASTN 2.13.0+
# Query: pucR,pucJ,pucK,pucL,pucM
# Database: B._wiedmannii_NZ_CP032365.1.fasta
# 0 hits found
# BLASTN 2.13.0+
# Query: yvgR,yvgQ
# Database: B._wiedmannii_NZ_CP032365.1.fasta
# 0 hits found
# BLASTN 2.13.0+
# Query: cggR,gapA,pgk,tpiA,pgm,eno
# Database: B._wiedmannii_NZ_CP032365.1.fasta
# 0 hits found
# BLASTN 2.13.0+
# Query: yvfG
# Database: B._wiedmannii_NZ_CP032365.1.fasta
# 0 hits found
# BLASTN 2.13.0+
# Query: pbpE,racX
# Database: B._wiedmannii_NZ_CP032365.1.fasta
# 0 hits found
# BLASTN 2.13.0+
# Query: sacB,yveB,yveA
# Database: B._wiedmannii_NZ_CP032365.1.fasta
# 0 hits found
# BLASTN 2.13.0+
# Query: clpP
# Database: B._wiedmannii_NZ_CP032365.1.fasta
# Fields: query acc.ver, subject acc.ver, % identity, alignment length, mismatches, gap opens, q. start, q. end, s. start, s. end, evalue, bit score
# 1 hits found
clpP	NZ_CP032365.1	87.500	32	2	2	23	53	1495693	1495723	0.007	36.2
# BLASTN 2.13.0+
# Query: yvzB
# Database: B._wiedmannii_NZ_CP032365.1.fasta
# 0 hits found
# BLASTN 2.13.0+
# Query: csbA
# Database: B._wiedmannii_NZ_CP032365.1.fasta
# 0 hits found
# BLASTN 2.13.0+
# Query: hag
# Database: B._wiedmannii_NZ_CP032365.1.fasta
# 0 hits found
# BLASTN 2.13.0+
# Query: degS,degU
# Database: B._wiedmannii_NZ_CP032365.1.fasta
# 0 hits found
# BLASTN 2.13.0+
# Query: spoIID
# Database: B._wiedmannii_NZ_CP032365.1.fasta
# 0 hits found
# BLASTN 2.13.0+
# Query: ywlF,ywlG
# Database: B._wiedmannii_NZ_CP032365.1.fasta
# 0 hits found
# BLASTN 2.13.0+
# Query: fbaA,ywjH
# Database: B._wiedmannii_NZ_CP032365.1.fasta
# 0 hits found
# BLASTN 2.13.0+
# Query: sigY,yxlC,yxlD,yxlE,yxlF,yxlG
# Database: B._wiedmannii_NZ_CP032365.1.fasta
# 0 hits found
# BLASTN 2.13.0+
# Query: yxiT
# Database: B._wiedmannii_NZ_CP032365.1.fasta
# Fields: query acc.ver, subject acc.ver, % identity, alignment length, mismatches, gap opens, q. start, q. end, s. start, s. end, evalue, bit score
# 1 hits found
yxiT	NZ_CP032365.1	86.842	38	3	2	59	96	554415	554380	1.73e-04	41.7
# BLASTN 2.13.0+
# Query: licT,bglS
# Database: B._wiedmannii_NZ_CP032365.1.fasta
# 0 hits found
# BLASTN 2.13.0+
# Query: wapA,yxxG
# Database: B._wiedmannii_NZ_CP032365.1.fasta
# 0 hits found
# BLASTN 2.13.0+
# Query: deoR,dra,nupC,pdp
# Database: B._wiedmannii_NZ_CP032365.1.fasta
# 0 hits found
# BLASTN 2.13.0+
# Query: yxeF,yxeG,yxeH
# Database: B._wiedmannii_NZ_CP032365.1.fasta
# 0 hits found
# BLASTN 2.13.0+
# Query: yxeE
# Database: B._wiedmannii_NZ_CP032365.1.fasta
# 0 hits found
# BLASTN 2.13.0+
# Query: htpG
# Database: B._wiedmannii_NZ_CP032365.1.fasta
# 0 hits found
# BLASTN 2.13.0+
# Query: yxbB,yxbA,yxnB,asnH,yxaM
# Database: B._wiedmannii_NZ_CP032365.1.fasta
# 0 hits found
# BLASTN 2.13.0+
# Query: yxaG,yxaH
# Database: B._wiedmannii_NZ_CP032365.1.fasta
# 0 hits found
# BLASTN 2.13.0+
# Query: gntR,gntK,gntP,gntZ
# Database: B._wiedmannii_NZ_CP032365.1.fasta
# 0 hits found
# BLASTN 2.13.0+
# Query: ahpC,ahpF
# Database: B._wiedmannii_NZ_CP032365.1.fasta
# Fields: query acc.ver, subject acc.ver, % identity, alignment length, mismatches, gap opens, q. start, q. end, s. start, s. end, evalue, bit score
# 1 hits found
ahpC,ahpF	NZ_CP032365.1	90.625	32	2	1	13	43	369282	369251	1.67e-04	41.7
# BLASTN 2.13.0+
# Query: yyzE,bglA
# Database: B._wiedmannii_NZ_CP032365.1.fasta
# 0 hits found
# BLASTN 2.13.0+
# Query: rapG,phrG
# Database: B._wiedmannii_NZ_CP032365.1.fasta
# 0 hits found
# BLASTN 2.13.0+
# Query: purA
# Database: B._wiedmannii_NZ_CP032365.1.fasta
# 0 hits found
# BLASTN 2.13.0+
# Query: yyaO
# Database: B._wiedmannii_NZ_CP032365.1.fasta
# 0 hits found
# BLASTN 2.13.0+
# Query: soj,spo0J
# Database: B._wiedmannii_NZ_CP032365.1.fasta
# 0 hits found
# BLAST processed 130 queries
